<?xml version="1.0" encoding="UTF-8" ?>
<testsuite failures="3" time="0.158" errors="0" skipped="0" tests="8" name="com.baxter.cdtradesupervisor.TestUserSession">
  <properties>
    <property name="java.runtime.name" value="Java(TM) SE Runtime Environment"/>
    <property name="sun.boot.library.path" value="/opt/jdk1.6.0_25/jre/lib/i386"/>
    <property name="java.vm.version" value="20.0-b11"/>
    <property name="java.vm.vendor" value="Sun Microsystems Inc."/>
    <property name="java.vendor.url" value="http://java.sun.com/"/>
    <property name="path.separator" value=":"/>
    <property name="java.vm.name" value="Java HotSpot(TM) Client VM"/>
    <property name="file.encoding.pkg" value="sun.io"/>
    <property name="user.country" value="US"/>
    <property name="sun.java.launcher" value="SUN_STANDARD"/>
    <property name="sun.os.patch.level" value="unknown"/>
    <property name="java.vm.specification.name" value="Java Virtual Machine Specification"/>
    <property name="user.dir" value="/store/jenkins/jobs/currency-dealing/workspace"/>
    <property name="java.runtime.version" value="1.6.0_25-b06"/>
    <property name="java.awt.graphicsenv" value="sun.awt.X11GraphicsEnvironment"/>
    <property name="basedir" value="/store/jenkins/jobs/currency-dealing/workspace"/>
    <property name="java.endorsed.dirs" value="/opt/jdk1.6.0_25/jre/lib/endorsed"/>
    <property name="os.arch" value="i386"/>
    <property name="java.io.tmpdir" value="/tmp"/>
    <property name="line.separator" value="
"/>
    <property name="java.vm.specification.vendor" value="Sun Microsystems Inc."/>
    <property name="os.name" value="Linux"/>
    <property name="sun.jnu.encoding" value="UTF-8"/>
    <property name="java.library.path" value="/opt/jdk1.6.0_25/jre/lib/i386/client:/opt/jdk1.6.0_25/jre/lib/i386:/opt/jdk1.6.0_25/jre/../lib/i386:/usr/java/packages/lib/i386:/lib:/usr/lib"/>
    <property name="surefire.test.class.path" value="/store/jenkins/jobs/currency-dealing/workspace/target/test-classes:/store/jenkins/jobs/currency-dealing/workspace/target/classes:/root/.m2/repository/org/jgroups/jgroups/2.6.20.Final/jgroups-2.6.20.Final.jar:/root/.m2/repository/com/adobe/blazeds/blazeds-core/3.2.0.3978/blazeds-core-3.2.0.3978.jar:/root/.m2/repository/backport-util-concurrent/backport-util-concurrent/3.1/backport-util-concurrent-3.1.jar:/root/.m2/repository/com/adobe/blazeds/blazeds-common/3.2.0.3978/blazeds-common-3.2.0.3978.jar:/root/.m2/repository/com/anchorage/abos-client-proxy/2.2.8.0/abos-client-proxy-2.2.8.0.jar:/root/.m2/repository/com/anchorage/abos-client-stubs/2.2.8.0/abos-client-stubs-2.2.8.0.jar:/root/.m2/repository/com/anchorage/abos-common-stubs/2.2.8.0/abos-common-stubs-2.2.8.0.jar:/root/.m2/repository/com/anchorage/abos-model/2.2.8.0/abos-model-2.2.8.0.jar:/root/.m2/repository/com/anchorage/abos-model-stubs/2.2.8.0/abos-model-stubs-2.2.8.0.jar:/root/.m2/repository/com/anchorage/abos-notification-dto/2.2.8.0/abos-notification-dto-2.2.8.0.jar:/root/.m2/repository/com/anchorage/abos-notification-manager/2.2.8.0/abos-notification-manager-2.2.8.0.jar:/root/.m2/repository/com/anchorage/abos-notification-manager-spi/2.2.8.0/abos-notification-manager-spi-2.2.8.0.jar:/root/.m2/repository/com/anchorage/abos-portfolio-stubs/2.2.8.0/abos-portfolio-stubs-2.2.8.0.jar:/root/.m2/repository/com/anchorage/abos-rate-sanitiser/2.2.8.0/abos-rate-sanitiser-2.2.8.0.jar:/root/.m2/repository/com/anchorage/abos-utilities/2.2.8.0/abos-utilities-2.2.8.0.jar:/root/.m2/repository/org/apache/mina/mina-core/1.1.7/mina-core-1.1.7.jar:/root/.m2/repository/org/slf4j/slf4j-api/1.6.1/slf4j-api-1.6.1.jar:/root/.m2/repository/org/slf4j/slf4j-log4j12/1.6.1/slf4j-log4j12-1.6.1.jar:/root/.m2/repository/org/quickfixj/quickfixj-all/1.4.0/quickfixj-all-1.4.0.jar:/root/.m2/repository/com/baxter/algoEngine/1.13/algoEngine-1.13.jar:/root/.m2/repository/org/apache/ant/ant-jsch/1.7.1/ant-jsch-1.7.1.jar:/root/.m2/repository/org/apache/ant/ant/1.7.1/ant-1.7.1.jar:/root/.m2/repository/org/apache/ant/ant-launcher/1.7.1/ant-launcher-1.7.1.jar:/root/.m2/repository/com/jcraft/jsch/0.1.29/jsch-0.1.29.jar:/root/.m2/repository/com/baxter/toAnt/1.0/toAnt-1.0.jar:/root/.m2/repository/org/apache/ivy/ivy/2.1.0/ivy-2.1.0.jar:/root/.m2/repository/org/hibernate/hibernate-core/3.6.0.Final/hibernate-core-3.6.0.Final.jar:/root/.m2/repository/antlr/antlr/2.7.6/antlr-2.7.6.jar:/root/.m2/repository/commons-collections/commons-collections/3.1/commons-collections-3.1.jar:/root/.m2/repository/dom4j/dom4j/1.6.1/dom4j-1.6.1.jar:/root/.m2/repository/org/hibernate/hibernate-commons-annotations/3.2.0.Final/hibernate-commons-annotations-3.2.0.Final.jar:/root/.m2/repository/org/hibernate/javax/persistence/hibernate-jpa-2.0-api/1.0.0.Final/hibernate-jpa-2.0-api-1.0.0.Final.jar:/root/.m2/repository/org/hibernate/hibernate-annotations/3.5.6-Final/hibernate-annotations-3.5.6-Final.jar:/root/.m2/repository/org/hibernate/hibernate-validator/3.1.0.GA/hibernate-validator-3.1.0.GA.jar:/root/.m2/repository/org/jboss/spec/javax/servlet/jboss-servlet-api_3.0_spec/1.0.0.Final/jboss-servlet-api_3.0_spec-1.0.0.Final.jar:/root/.m2/repository/org/jboss/jbossas/jboss-as-server/6.0.0.Final/jboss-as-server-6.0.0.Final.jar:/root/.m2/repository/jboss/jboss-serialization/1.0.3.GA/jboss-serialization-1.0.3.GA.jar:/root/.m2/repository/org/jboss/jbossas/jboss-as-deployment/6.0.0.Final/jboss-as-deployment-6.0.0.Final.jar:/root/.m2/repository/org/jboss/spec/javax/enterprise/deploy/jboss-jad-api_1.2_spec/1.0.0.Final/jboss-jad-api_1.2_spec-1.0.0.Final.jar:/root/.m2/repository/org/picketbox/jboss-security-spi/3.0.0.CR2/jboss-security-spi-3.0.0.CR2.jar:/root/.m2/repository/org/jboss/bootstrap/jboss-bootstrap-spi-as/2.1.0-alpha-5/jboss-bootstrap-spi-as-2.1.0-alpha-5.jar:/root/.m2/repository/org/jboss/bootstrap/jboss-bootstrap-spi-mc/2.1.0-alpha-5/jboss-bootstrap-spi-mc-2.1.0-alpha-5.jar:/root/.m2/repository/org/jboss/bootstrap/jboss-bootstrap-spi/2.1.0-alpha-5/jboss-bootstrap-spi-2.1.0-alpha-5.jar:/root/.m2/repository/org/jboss/bootstrap/jboss-bootstrap-api-mc/2.1.0-alpha-5/jboss-bootstrap-api-mc-2.1.0-alpha-5.jar:/root/.m2/repository/org/jboss/bootstrap/jboss-bootstrap-api-as/2.1.0-alpha-5/jboss-bootstrap-api-as-2.1.0-alpha-5.jar:/root/.m2/repository/org/jboss/bootstrap/jboss-bootstrap-api/2.1.0-alpha-5/jboss-bootstrap-api-2.1.0-alpha-5.jar:/root/.m2/repository/org/jboss/ejb3/ejbref/resolver/ejbref-resolver-spi/1.0.0-alpha-4/ejbref-resolver-spi-1.0.0-alpha-4.jar:/root/.m2/repository/org/jboss/integration/jboss-deployment-spi/6.0.0.CR1/jboss-deployment-spi-6.0.0.CR1.jar:/root/.m2/repository/org/jboss/jpa/jboss-jpa-deployers/1.0.2-alpha-3/jboss-jpa-deployers-1.0.2-alpha-3.jar:/root/.m2/repository/org/hibernate/hibernate-entitymanager/3.4.0.GA/hibernate-entitymanager-3.4.0.GA.jar:/root/.m2/repository/org/jboss/deployers/jboss-deployers-vfs/2.0.5.GA/jboss-deployers-vfs-2.0.5.GA.jar:/root/.m2/repository/org/jboss/microcontainer/jboss-kernel/2.0.4.GA/jboss-kernel-2.0.4.GA.jar:/root/.m2/repository/org/jboss/microcontainer/jboss-dependency/2.0.4.GA/jboss-dependency-2.0.4.GA.jar:/root/.m2/repository/org/jboss/cl/jboss-classloading-vfs/2.0.3.GA/jboss-classloading-vfs-2.0.3.GA.jar:/root/.m2/repository/org/jboss/deployers/jboss-deployers-core/2.0.5.GA/jboss-deployers-core-2.0.5.GA.jar:/root/.m2/repository/org/jboss/deployers/jboss-deployers-client/2.0.5.GA/jboss-deployers-client-2.0.5.GA.jar:/root/.m2/repository/org/jboss/deployers/jboss-deployers-vfs-spi/2.0.5.GA/jboss-deployers-vfs-spi-2.0.5.GA.jar:/root/.m2/repository/org/jboss/cl/jboss-classloading/2.0.3.GA/jboss-classloading-2.0.3.GA.jar:/root/.m2/repository/org/jboss/cl/jboss-classloader/2.0.3.GA/jboss-classloader-2.0.3.GA.jar:/root/.m2/repository/org/jboss/jpa/jboss-jpa-impl/1.0.0/jboss-jpa-impl-1.0.0.jar:/root/.m2/repository/org/jboss/jpa/jboss-jpa-spi/1.0.0/jboss-jpa-spi-1.0.0.jar:/root/.m2/repository/org/jboss/microcontainer/jboss-aop-mc-int/2.0.4.GA/jboss-aop-mc-int-2.0.4.GA.jar:/root/.m2/repository/org/jboss/jpa/jboss-jpa-vfs3/1.0.2-alpha-2/jboss-jpa-vfs3-1.0.2-alpha-2.jar:/root/.m2/repository/org/jboss/jboss-vfs/3.0.0.CR1/jboss-vfs-3.0.0.CR1.jar:/root/.m2/repository/org/jboss/reloaded/naming/jboss-reloaded-naming-impl/0.3.0/jboss-reloaded-naming-impl-0.3.0.jar:/root/.m2/repository/org/jboss/reloaded/naming/jboss-reloaded-naming-spi/0.3.0/jboss-reloaded-naming-spi-0.3.0.jar:/root/.m2/repository/org/jboss/reloaded/naming/jboss-reloaded-naming-deployers/0.3.0/jboss-reloaded-naming-deployers-0.3.0.jar:/root/.m2/repository/org/jboss/deployers/jboss-deployers-spi/2.2.0.Alpha1/jboss-deployers-spi-2.2.0.Alpha1.jar:/root/.m2/repository/org/jboss/mcann/mcann-core/1.0.0.Alpha1/mcann-core-1.0.0.Alpha1.jar:/root/.m2/repository/org/jboss/kernel/jboss-kernel/2.2.0.Alpha2/jboss-kernel-2.2.0.Alpha2.jar:/root/.m2/repository/javax/inject/javax.inject/1/javax.inject-1.jar:/root/.m2/repository/org/jboss/injection/jboss-injection/0.1.0-alpha-2/jboss-injection-0.1.0-alpha-2.jar:/root/.m2/repository/org/jboss/deployers/jboss-deployers-structure-spi/2.2.0.Alpha3/jboss-deployers-structure-spi-2.2.0.Alpha3.jar:/root/.m2/repository/org/jboss/jboss-mdr/2.2.0.Alpha2/jboss-mdr-2.2.0.Alpha2.jar:/root/.m2/repository/org/jboss/injection/jboss-resolver-spi/0.1.0-alpha-2/jboss-resolver-spi-0.1.0-alpha-2.jar:/root/.m2/repository/org/jboss/injection/jboss-resolver-impl/0.1.0-alpha-2/jboss-resolver-impl-0.1.0-alpha-2.jar:/root/.m2/repository/org/jboss/injection/jboss-injection-switchboard-deployer/0.1.0-alpha-2/jboss-injection-switchboard-deployer-0.1.0-alpha-2.jar:/root/.m2/repository/org/jboss/injection/jboss-switchboard-metadata/0.1.0-alpha-2/jboss-switchboard-metadata-0.1.0-alpha-2.jar:/root/.m2/repository/org/jboss/injection/jboss-injection-mc-impl/1.0.0-alpha-6/jboss-injection-mc-impl-1.0.0-alpha-6.jar:/root/.m2/repository/org/jboss/injection/jboss-injection-manager/1.0.0-alpha-6/jboss-injection-manager-1.0.0-alpha-6.jar:/root/.m2/repository/org/jboss/injection/jboss-injection-injector/1.0.0-alpha-6/jboss-injection-injector-1.0.0-alpha-6.jar:/root/.m2/repository/org/picketbox/jbosssx/3.0.0.CR2/jbosssx-3.0.0.CR2.jar:/root/.m2/repository/org/jboss/jboss-common-core/2.2.17.GA/jboss-common-core-2.2.17.GA.jar:/root/.m2/repository/org/jboss/metadata/jboss-metadata-common/2.0.0.Alpha24/jboss-metadata-common-2.0.0.Alpha24.jar:/root/.m2/repository/org/jboss/logging/jboss-logging-spi/2.2.0.CR1/jboss-logging-spi-2.2.0.CR1.jar:/root/.m2/repository/org/hibernate/ejb3-persistence/1.0.2.GA/ejb3-persistence-1.0.2.GA.jar:/root/.m2/repository/org/jboss/ws/jbossws-spi/1.4.1.CR2/jbossws-spi-1.4.1.CR2.jar:/root/.m2/repository/sun-jaxb/jaxb-api/2.1.4/jaxb-api-2.1.4.jar:/root/.m2/repository/apache-xerces/xml-apis/2.9.1/xml-apis-2.9.1.jar:/root/.m2/repository/org/jboss/metadata/jboss-metadata-client/2.0.0.Alpha2/jboss-metadata-client-2.0.0.Alpha2.jar:/root/.m2/repository/org/jboss/metadata/jboss-metadata-ear/2.0.0.Alpha4/jboss-metadata-ear-2.0.0.Alpha4.jar:/root/.m2/repository/org/jboss/metadata/jboss-metadata-ejb/2.0.0-alpha-27/jboss-metadata-ejb-2.0.0-alpha-27.jar:/root/.m2/repository/org/jboss/ejb3/jboss-ejb3-ext-api/1.1.0/jboss-ejb3-ext-api-1.1.0.jar:/root/.m2/repository/org/jboss/metadata/jboss-metadata-rar/2.0.0.Alpha/jboss-metadata-rar-2.0.0.Alpha.jar:/root/.m2/repository/org/jboss/metadata/jboss-metadata-war/2.0.0.CR1/jboss-metadata-war-2.0.0.CR1.jar:/root/.m2/repository/org/jboss/jbossas/jboss-as-system-jmx/6.0.0.Final/jboss-as-system-jmx-6.0.0.Final.jar:/root/.m2/repository/org/jboss/logging/jboss-logging/3.0.0.Beta4/jboss-logging-3.0.0.Beta4.jar:/root/.m2/repository/org/jboss/deployers/jboss-deployers-core-spi/2.2.0.GA/jboss-deployers-core-spi-2.2.0.GA.jar:/root/.m2/repository/org/jboss/deployers/jboss-deployers-impl/2.2.0.GA/jboss-deployers-impl-2.2.0.GA.jar:/root/.m2/repository/org/jboss/mx/jboss-jmx/6.0.0.GA/jboss-jmx-6.0.0.GA.jar:/root/.m2/repository/org/jboss/mx/jboss-mbeans/6.0.0.GA/jboss-mbeans-6.0.0.GA.jar:/root/.m2/repository/org/jboss/mx/jboss-jmx-annotations/6.0.0.GA/jboss-jmx-annotations-6.0.0.GA.jar:/root/.m2/repository/org/jboss/kernel/jboss-dependency/2.2.0.GA/jboss-dependency-2.2.0.GA.jar:/root/.m2/repository/org/jboss/kernel/jboss-jmx-mc-int/2.2.0.GA/jboss-jmx-mc-int-2.2.0.GA.jar:/root/.m2/repository/org/jboss/mx/jboss-mbeanserver/6.0.0.GA/jboss-mbeanserver-6.0.0.GA.jar:/root/.m2/repository/org/jboss/deployers/jboss-deployers-jmx/2.2.0.GA/jboss-deployers-jmx-2.2.0.GA.jar:/root/.m2/repository/org/jboss/jbossas/jboss-as-system/6.0.0.Final/jboss-as-system-6.0.0.Final.jar:/root/.m2/repository/org/jboss/aop/jboss-aop/2.2.1.GA/jboss-aop-2.2.1.GA.jar:/root/.m2/repository/org/jboss/classpool/jboss-classpool-scoped/1.0.0.Alpha6/jboss-classpool-scoped-1.0.0.Alpha6.jar:/root/.m2/repository/org/jboss/classpool/jboss-classpool/1.0.0.Alpha6/jboss-classpool-1.0.0.Alpha6.jar:/root/.m2/repository/qdox/qdox/1.6.1/qdox-1.6.1.jar:/root/.m2/repository/trove/trove/1.0.2/trove-1.0.2.jar:/root/.m2/repository/org/jboss/aop/jboss-aop-deployers/2.2.1.GA/jboss-aop-deployers-2.2.1.GA.jar:/root/.m2/repository/org/jboss/aop/jboss-aop-asintegration-mc/2.2.1.GA/jboss-aop-asintegration-mc-2.2.1.GA.jar:/root/.m2/repository/org/jboss/classpool/jboss-classpool-jbosscl/1.0.0.Alpha6/jboss-classpool-jbosscl-1.0.0.Alpha6.jar:/root/.m2/repository/org/jboss/aop/pluggable-instrumentor/2.2.1.GA/pluggable-instrumentor-2.2.1.GA.jar:/root/.m2/repository/org/jboss/aop/jboss-aop-asintegration-core/2.2.1.GA/jboss-aop-asintegration-core-2.2.1.GA.jar:/root/.m2/repository/org/jboss/test/jboss-test/1.1.7.CR2/jboss-test-1.1.7.CR2.jar:/root/.m2/repository/org/jboss/logging/jboss-logging-log4j/2.1.0.GA/jboss-logging-log4j-2.1.0.GA.jar:/root/.m2/repository/jboss/profiler/jvmti/jboss-profiler-jvmti/1.0.0.CR5/jboss-profiler-jvmti-1.0.0.CR5.jar:/root/.m2/repository/org/jboss/jbossas/jboss-server-manager/1.0.3.GA/jboss-server-manager-1.0.3.GA.jar:/root/.m2/repository/org/jboss/security/jbosssx-client/2.0.4.SP2/jbosssx-client-2.0.4.SP2.jar:/root/.m2/repository/org/jboss/security/jboss-security-spi/2.0.4.SP2/jboss-security-spi-2.0.4.SP2.jar:/root/.m2/repository/org/jboss/man/jboss-managed/2.1.1.SP2/jboss-managed-2.1.1.SP2.jar:/root/.m2/repository/org/jboss/man/jboss-metatype/2.1.1.SP2/jboss-metatype-2.1.1.SP2.jar:/root/.m2/repository/org/jboss/deployers/jboss-deployers-client-spi/2.2.0.GA/jboss-deployers-client-spi-2.2.0.GA.jar:/root/.m2/repository/org/jboss/kernel/jboss-aop-mc-int/2.2.0.GA/jboss-aop-mc-int-2.2.0.GA.jar:/root/.m2/repository/org/jboss/profileservice/jboss-profileservice-core/0.2.2/jboss-profileservice-core-0.2.2.jar:/root/.m2/repository/org/jboss/profileservice/jboss-profileservice-domain/0.2.2/jboss-profileservice-domain-0.2.2.jar:/root/.m2/repository/org/jboss/profileservice/jboss-profileservice-persistence/0.2.2/jboss-profileservice-persistence-0.2.2.jar:/root/.m2/repository/org/jboss/profileservice/jboss-profileservice-spi/0.2.2/jboss-profileservice-spi-0.2.2.jar:/root/.m2/repository/org/picketbox/picketbox-bare/3.0.0.CR2/picketbox-bare-3.0.0.CR2.jar:/root/.m2/repository/org/picketbox/identity-spi/3.0.0.CR2/identity-spi-3.0.0.CR2.jar:/root/.m2/repository/org/picketbox/authorization-spi/3.0.0.CR2/authorization-spi-3.0.0.CR2.jar:/root/.m2/repository/org/picketbox/acl-spi/3.0.0.CR2/acl-spi-3.0.0.CR2.jar:/root/.m2/repository/org/picketbox/jbosssx-bare/3.0.0.CR2/jbosssx-bare-3.0.0.CR2.jar:/root/.m2/repository/org/picketbox/picketbox-acl-impl/3.0.0.CR2/picketbox-acl-impl-3.0.0.CR2.jar:/root/.m2/repository/org/picketbox/picketbox-identity-impl/3.0.0.CR2/picketbox-identity-impl-3.0.0.CR2.jar:/root/.m2/repository/org/picketbox/picketbox-spi-bare/3.0.0.CR2/picketbox-spi-bare-3.0.0.CR2.jar:/root/.m2/repository/org/jboss/spec/javax/ejb/jboss-ejb-api_3.1_spec/1.0.0.Final/jboss-ejb-api_3.1_spec-1.0.0.Final.jar:/root/.m2/repository/org/jboss/spec/javax/transaction/jboss-transaction-api_1.1_spec/1.0.0.Beta1/jboss-transaction-api_1.1_spec-1.0.0.Beta1.jar:/root/.m2/repository/javax/xml/jaxrpc-api/1.1/jaxrpc-api-1.1.jar:/root/.m2/repository/javax/xml/soap/saaj-api/1.3/saaj-api-1.3.jar:/root/.m2/repository/org/jboss/spec/javax/interceptor/jboss-interceptors-api_1.1_spec/1.0.0.Final/jboss-interceptors-api_1.1_spec-1.0.0.Final.jar:/root/.m2/repository/org/jboss/spec/javax/servlet/jsp/jboss-jsp-api_2.2_spec/1.0.0.Final/jboss-jsp-api_2.2_spec-1.0.0.Final.jar:/root/.m2/repository/org/jboss/spec/javax/el/jboss-el-api_2.2_spec/1.0.0.Final/jboss-el-api_2.2_spec-1.0.0.Final.jar:/root/.m2/repository/org/jboss/spec/javax/annotation/jboss-annotations-api_1.1_spec/1.0.0.Final/jboss-annotations-api_1.1_spec-1.0.0.Final.jar:/root/.m2/repository/org/jboss/switchboard/jboss-switchboard-spi/1.0.0-alpha-15/jboss-switchboard-spi-1.0.0-alpha-15.jar:/root/.m2/repository/org/jboss/switchboard/jboss-switchboard-mc-spi/1.0.0-alpha-15/jboss-switchboard-mc-spi-1.0.0-alpha-15.jar:/root/.m2/repository/org/jboss/switchboard/jboss-switchboard-javaee/1.0.0-alpha-15/jboss-switchboard-javaee-1.0.0-alpha-15.jar:/root/.m2/repository/org/jboss/switchboard/jboss-switchboard-impl/1.0.0-alpha-15/jboss-switchboard-impl-1.0.0-alpha-15.jar:/root/.m2/repository/org/jboss/mx/jboss-j2se/6.0.0.GA/jboss-j2se-6.0.0.GA.jar:/root/.m2/repository/org/jboss/integration/jboss-classloading-spi/6.0.0.CR1/jboss-classloading-spi-6.0.0.CR1.jar:/root/.m2/repository/org/jboss/jbossas/jboss-as-security/6.0.0.Final/jboss-as-security-6.0.0.Final.jar:/root/.m2/repository/javassist/javassist/3.12.1.GA/javassist-3.12.1.GA.jar:/root/.m2/repository/org/jboss/spec/javax/security/auth/message/jboss-jaspi-api_1.0_spec/1.0.0.Final/jboss-jaspi-api_1.0_spec-1.0.0.Final.jar:/root/.m2/repository/org/jboss/security/jbossxacml/2.0.5.CR1/jbossxacml-2.0.5.CR1.jar:/root/.m2/repository/org/apache/xmlsec/1.4.3/xmlsec-1.4.3.jar:/root/.m2/repository/org/jboss/integration/jboss-transaction-spi/6.0.0.CR1/jboss-transaction-spi-6.0.0.CR1.jar:/root/.m2/repository/org/jboss/spec/javax/security/jacc/jboss-jacc-api_1.4_spec/1.0.0.Final/jboss-jacc-api_1.4_spec-1.0.0.Final.jar:/root/.m2/repository/org/jboss/spec/javax/jms/jboss-jms-api_1.1_spec/1.0.0.Final/jboss-jms-api_1.1_spec-1.0.0.Final.jar:/root/.m2/repository/org/jboss/spec/javax/xml/soap/jboss-saaj-api_1.3_spec/1.0.0.Final/jboss-saaj-api_1.3_spec-1.0.0.Final.jar:/root/.m2/repository/org/jboss/spec/javax/xml/bind/jboss-jaxb-api_2.2_spec/1.0.0.Final/jboss-jaxb-api_2.2_spec-1.0.0.Final.jar:/root/.m2/repository/org/jboss/spec/javax/xml/ws/jboss-jaxws-api_2.2_spec/1.0.0.Final/jboss-jaxws-api_2.2_spec-1.0.0.Final.jar:/root/.m2/repository/org/jboss/spec/javax/xml/rpc/jboss-jaxrpc-api_1.1_spec/1.0.0.Final/jboss-jaxrpc-api_1.1_spec-1.0.0.Final.jar:/root/.m2/repository/org/jboss/naming/jnp-client/5.0.5.Final/jnp-client-5.0.5.Final.jar:/root/.m2/repository/org/jboss/spec/javax/resource/jboss-connector-api_1.5_spec/1.0.0.Final/jboss-connector-api_1.5_spec-1.0.0.Final.jar:/root/.m2/repository/org/picketbox/jbosssx-client/3.0.0.CR2/jbosssx-client-3.0.0.CR2.jar:/root/.m2/repository/bcel/bcel/5.1/bcel-5.1.jar:/root/.m2/repository/regexp/regexp/1.2/regexp-1.2.jar:/root/.m2/repository/oswego-concurrent/concurrent/1.3.4-jboss-update1/concurrent-1.3.4-jboss-update1.jar:/root/.m2/repository/org/jboss/remoting/jboss-remoting/2.5.3/jboss-remoting-2.5.3.jar:/root/.m2/repository/org/jboss/jbossxb/2.0.3.GA/jbossxb-2.0.3.GA.jar:/root/.m2/repository/org/jboss/jboss-reflect/2.0.2.GA/jboss-reflect-2.0.2.GA.jar:/root/.m2/repository/com/wutka/dtdparser/1.21/dtdparser-1.21.jar:/root/.m2/repository/javax/activation/activation/1.1.1/activation-1.1.1.jar:/root/.m2/repository/org/jboss/naming/jnpserver/5.0.5.Final/jnpserver-5.0.5.Final.jar:/root/.m2/repository/gnu-getopt/getopt/1.0.12-brew/getopt-1.0.12-brew.jar:/root/.m2/repository/org/jboss/service/binding/jboss-service-binding-core/1.2.0.Final/jboss-service-binding-core-1.2.0.Final.jar:/root/.m2/repository/org/jboss/service/binding/jboss-service-binding-mgmt/1.2.0.Final/jboss-service-binding-mgmt-1.2.0.Final.jar:/root/.m2/repository/org/jboss/scanning/scanning-plugins/1.0.0.GA/scanning-plugins-1.0.0.GA.jar:/root/.m2/repository/org/jboss/scanning/scanning-spi/1.0.0.GA/scanning-spi-1.0.0.GA.jar:/root/.m2/repository/org/jboss/scanning/scanning-impl/1.0.0.GA/scanning-impl-1.0.0.GA.jar:/root/.m2/repository/org/jboss/scanning/scanning-deployers/1.0.0.GA/scanning-deployers-1.0.0.GA.jar:/root/.m2/repository/org/jboss/netty/netty/3.2.1.Final/netty-3.2.1.Final.jar:/root/.m2/repository/org/hornetq/hornetq-core/2.1.2.Final/hornetq-core-2.1.2.Final.jar:/root/.m2/repository/org/hornetq/hornetq-jms/2.1.2.Final/hornetq-jms-2.1.2.Final.jar:/root/.m2/repository/log4j/log4j/1.2.16/log4j-1.2.16.jar:/root/.m2/repository/org/apache/xmlbeans/xmlbeans/2.5.0/xmlbeans-2.5.0.jar:/root/.m2/repository/postgresql/postgresql/8.4-701.jdbc4/postgresql-8.4-701.jdbc4.jar:/root/.m2/repository/commons-net/commons-net/2.0/commons-net-2.0.jar:/root/.m2/repository/junit/junit/4.8.2/junit-4.8.2.jar:/root/.m2/repository/com/baxter/common/2.0.9-SNAPSHOT/common-2.0.9-SNAPSHOT.jar:/root/.m2/repository/altovaEBS/altovaEBS/1.0/altovaEBS-1.0.jar:/root/.m2/repository/javax/mail/mail/1.4/mail-1.4.jar:/root/.m2/repository/ice/ice/1/ice-1.jar:/root/.m2/repository/ibm/decimal/1/decimal-1.jar:/root/.m2/repository/org/apache/ws/commons/axiom/axiom-api/1.2.5/axiom-api-1.2.5.jar:/root/.m2/repository/commons-logging/commons-logging/1.0.4/commons-logging-1.0.4.jar:/root/.m2/repository/jaxen/jaxen/1.1-beta-9/jaxen-1.1-beta-9.jar:/root/.m2/repository/xml-apis/xml-apis/1.3.03/xml-apis-1.3.03.jar:/root/.m2/repository/stax/stax-api/1.0.1/stax-api-1.0.1.jar:/root/.m2/repository/org/jdom/jdom/1.1/jdom-1.1.jar:/root/.m2/repository/genius/genius/2009.10.02/genius-2009.10.02.jar:/root/.m2/repository/grizzly/grizzly/1.0/grizzly-1.0.jar:/root/.m2/repository/javax/persistence/persistence-api/1.0/persistence-api-1.0.jar:/root/.m2/repository/ejb3/api/ejb-3_0-api/1/ejb-3_0-api-1.jar:/root/.m2/repository/hit/tplus/1/tplus-1.jar:/root/.m2/repository/hit/tplus-common/1/tplus-common-1.jar:/root/.m2/repository/hit/fxplus/1/fxplus-1.jar:/root/.m2/repository/hit/apiconfig/1/apiconfig-1.jar:/root/.m2/repository/avalon/avalon-framework/4.1.4/avalon-framework-4.1.4.jar:/root/.m2/repository/hit/ratesapi/2008.05.30/ratesapi-2008.05.30.jar:/root/.m2/repository/com/baxter/anchorage/anchorageStp/2009.03.19/anchorageStp-2009.03.19.jar:/root/.m2/repository/tibco/tibrvj/1/tibrvj-1.jar:/root/.m2/repository/openamq/openamq-jms-1.2c1/1.2c1/openamq-jms-1.2c1-1.2c1.jar:/root/.m2/repository/axis/axis/1.4/axis-1.4.jar:/root/.m2/repository/org/apache/axis/axis-jaxrpc/1.4/axis-jaxrpc-1.4.jar:/root/.m2/repository/org/apache/axis/axis-saaj/1.4/axis-saaj-1.4.jar:/root/.m2/repository/axis/axis-wsdl4j/1.5.1/axis-wsdl4j-1.5.1.jar:/root/.m2/repository/commons-discovery/commons-discovery/0.2/commons-discovery-0.2.jar:/root/.m2/repository/org/apache/axis2/axis2-adb/1.3/axis2-adb-1.3.jar:/root/.m2/repository/org/apache/axis2/axis2-kernel/1.3/axis2-kernel-1.3.jar:/root/.m2/repository/javax/servlet/servlet-api/2.3/servlet-api-2.3.jar:/root/.m2/repository/commons-httpclient/commons-httpclient/3.0.1/commons-httpclient-3.0.1.jar:/root/.m2/repository/commons-codec/commons-codec/1.2/commons-codec-1.2.jar:/root/.m2/repository/commons-fileupload/commons-fileupload/1.1.1/commons-fileupload-1.1.1.jar:/root/.m2/repository/org/apache/httpcomponents/httpcore/4.0-alpha5/httpcore-4.0-alpha5.jar:/root/.m2/repository/org/apache/httpcomponents/httpcore-nio/4.0-alpha5/httpcore-nio-4.0-alpha5.jar:/root/.m2/repository/wsdl4j/wsdl4j/1.6.2/wsdl4j-1.6.2.jar:/root/.m2/repository/org/apache/ws/commons/schema/XmlSchema/1.3.2/XmlSchema-1.3.2.jar:/root/.m2/repository/org/apache/neethi/neethi/2.0.2/neethi-2.0.2.jar:/root/.m2/repository/org/apache/woden/woden/1.0-incubating-M7b/woden-1.0-incubating-M7b.jar:/root/.m2/repository/xerces/xmlParserAPIs/2.6.0/xmlParserAPIs-2.6.0.jar:/root/.m2/repository/annogen/annogen/0.1.0/annogen-0.1.0.jar:/root/.m2/repository/org/apache/geronimo/specs/geronimo-jms_1.1_spec/1.1/geronimo-jms_1.1_spec-1.1.jar:/root/.m2/repository/org/apache/httpcomponents/httpcore-niossl/4.0-alpha5/httpcore-niossl-4.0-alpha5.jar:/root/.m2/repository/org/apache/geronimo/specs/geronimo-activation_1.1_spec/1.0-M1/geronimo-activation_1.1_spec-1.0-M1.jar:/root/.m2/repository/org/apache/ws/commons/axiom/axiom-impl/1.2.5/axiom-impl-1.2.5.jar:/root/.m2/repository/org/apache/ws/commons/axiom/axiom-dom/1.2.5/axiom-dom-1.2.5.jar:/root/.m2/repository/xalan/xalan/2.7.0/xalan-2.7.0.jar:/root/.m2/repository/org/codehaus/woodstox/wstx-asl/3.2.1/wstx-asl-3.2.1.jar:/root/.m2/repository/xerces/xercesImpl/2.8.1/xercesImpl-2.8.1.jar:/root/.m2/repository/commons-io/commons-io/1.2/commons-io-1.2.jar:/root/.m2/repository/tbc/core/jpmfxapi-core-if-1.13.9/1/jpmfxapi-core-if-1.13.9-1.jar:/root/.m2/repository/org/apache/excalibur/excalibur-bzip2-1.0a/1/excalibur-bzip2-1.0a-1.jar:/root/.m2/repository/oracle/jdbc/ojdbc14/1.4/ojdbc14-1.4.jar:/root/.m2/repository/swiftmq/swiftmq/2/swiftmq-2.jar:/root/.m2/repository/com/baxter/anchorage/abos-client-stubs/1/abos-client-stubs-1.jar:/root/.m2/repository/dcpk/dcpk/1/dcpk-1.jar:/root/.m2/repository/hotspot/hotspot/1/hotspot-1.jar:/root/.m2/repository/hit/b2bspot/b2b_spot_classes/1/b2b_spot_classes-1.jar:/root/.m2/repository/phillip/phillip/1/phillip-1.jar:/root/.m2/repository/fxall/FXAllSTP/1/FXAllSTP-1.jar:/root/.m2/repository/fxall/rtm/fxallrtm_Client/1/fxallrtm_Client-1.jar:/root/.m2/repository/doc/fx-client/1/fx-client-1.jar:/root/.m2/repository/doc/client/client/1/client-1.jar:/root/.m2/repository/doc/core/core/1/core-1.jar:/root/.m2/repository/doc/model/client-model/1/client-model-1.jar:/root/.m2/repository/ostermiller/utils/ostermillerutils_1_07_00/1.07/ostermillerutils_1_07_00-1.07.jar:/root/.m2/repository/currenex/CurrenexStp/1/CurrenexStp-1.jar:/root/.m2/repository/com/toedter/jcalendar/1.1.4/jcalendar-1.1.4.jar:/root/.m2/repository/borland/jbcl/jbcl/1/jbcl-1.jar:/root/.m2/repository/sugar/sugarSoap/1/sugarSoap-1.jar:/root/.m2/repository/jfreechart/jfreechart-1.0.13/1.0.13/jfreechart-1.0.13-1.0.13.jar:/root/.m2/repository/ich/ClientSDK/1/ClientSDK-1.jar:/root/.m2/repository/argon/argonclient/1/argonclient-1.jar:/root/.m2/repository/traiana/traiana/1/traiana-1.jar:/root/.m2/repository/drools/drools-api-5.0.1/5.0.1/drools-api-5.0.1-5.0.1.jar:/root/.m2/repository/drools/drools-core-5.0.1/5.0.1/drools-core-5.0.1-5.0.1.jar:/root/.m2/repository/jfree/jcommon/1.0.15/jcommon-1.0.15.jar:/root/.m2/repository/com/incors/kunstoff-laf/2.0.2/kunstoff-laf-2.0.2.jar:/root/.m2/repository/org/hibernate/hibernate/3.1.3/hibernate-3.1.3.jar:/root/.m2/repository/ehcache/ehcache/1.1/ehcache-1.1.jar:/root/.m2/repository/cglib/cglib/2.1_3/cglib-2.1_3.jar:/root/.m2/repository/asm/asm/1.5.3/asm-1.5.3.jar:/root/.m2/repository/asm/asm-attrs/1.5.3/asm-attrs-1.5.3.jar:/root/.m2/repository/javax/transaction/jta/1.1/jta-1.1.jar:"/>
    <property name="java.specification.name" value="Java Platform API Specification"/>
    <property name="java.class.version" value="50.0"/>
    <property name="sun.management.compiler" value="HotSpot Client Compiler"/>
    <property name="os.version" value="2.6.32-31-generic"/>
    <property name="user.home" value="/root"/>
    <property name="user.timezone" value="Europe/Budapest"/>
    <property name="java.awt.printerjob" value="sun.print.PSPrinterJob"/>
    <property name="file.encoding" value="UTF-8"/>
    <property name="java.specification.version" value="1.6"/>
    <property name="user.name" value="root"/>
    <property name="java.class.path" value="/store/jenkins/jobs/currency-dealing/workspace/target/surefire/surefirebooter4464391984162118889.jar"/>
    <property name="java.vm.specification.version" value="1.0"/>
    <property name="sun.arch.data.model" value="32"/>
    <property name="java.home" value="/opt/jdk1.6.0_25/jre"/>
    <property name="sun.java.command" value="/store/jenkins/jobs/currency-dealing/workspace/target/surefire/surefirebooter4464391984162118889.jar /store/jenkins/jobs/currency-dealing/workspace/target/surefire/surefire737418299019900973tmp /store/jenkins/jobs/currency-dealing/workspace/target/surefire/surefire8600840369062016828tmp"/>
    <property name="java.specification.vendor" value="Sun Microsystems Inc."/>
    <property name="user.language" value="en"/>
    <property name="java.vm.info" value="mixed mode, sharing"/>
    <property name="java.version" value="1.6.0_25"/>
    <property name="java.ext.dirs" value="/opt/jdk1.6.0_25/jre/lib/ext:/usr/java/packages/lib/ext"/>
    <property name="sun.boot.class.path" value="/opt/jdk1.6.0_25/jre/lib/resources.jar:/opt/jdk1.6.0_25/jre/lib/rt.jar:/opt/jdk1.6.0_25/jre/lib/sunrsasign.jar:/opt/jdk1.6.0_25/jre/lib/jsse.jar:/opt/jdk1.6.0_25/jre/lib/jce.jar:/opt/jdk1.6.0_25/jre/lib/charsets.jar:/opt/jdk1.6.0_25/jre/lib/modules/jdk.boot.jar:/opt/jdk1.6.0_25/jre/classes"/>
    <property name="java.vendor" value="Sun Microsystems Inc."/>
    <property name="java.awt.headless" value="true"/>
    <property name="localRepository" value="/root/.m2/repository"/>
    <property name="file.separator" value="/"/>
    <property name="java.vendor.url.bug" value="http://java.sun.com/cgi-bin/bugreport.cgi"/>
    <property name="sun.cpu.endian" value="little"/>
    <property name="sun.io.unicode.encoding" value="UnicodeLittle"/>
    <property name="sun.cpu.isalist" value=""/>
  </properties>
  <testcase time="0.006" classname="com.baxter.cdtradesupervisor.TestUserSession" name="testprocessReceiveGapFill"/>
  <testcase time="0.002" classname="com.baxter.cdtradesupervisor.TestUserSession" name="testprocessReceivedGapFillResponse"/>
  <testcase time="0.003" classname="com.baxter.cdtradesupervisor.TestUserSession" name="testcheckAndSetSeqNumber"/>
  <testcase time="0.012" classname="com.baxter.cdtradesupervisor.TestUserSession" name="testCheckStatus4Client"/>
  <testcase time="0.054" classname="com.baxter.cdtradesupervisor.TestUserSession" name="testClientServerSession">
    <failure message="null" type="junit.framework.AssertionFailedError">junit.framework.AssertionFailedError: null
	at junit.framework.Assert.fail(Assert.java:47)
	at junit.framework.Assert.assertTrue(Assert.java:20)
	at junit.framework.Assert.assertNotNull(Assert.java:214)
	at junit.framework.Assert.assertNotNull(Assert.java:207)
	at com.baxter.cdtradesupervisor.TestUserSession.testClientServerSession(TestUserSession.java:453)
	at sun.reflect.NativeMethodAccessorImpl.invoke0(Native Method)
	at sun.reflect.NativeMethodAccessorImpl.invoke(NativeMethodAccessorImpl.java:39)
	at sun.reflect.DelegatingMethodAccessorImpl.invoke(DelegatingMethodAccessorImpl.java:25)
	at java.lang.reflect.Method.invoke(Method.java:597)
	at junit.framework.TestCase.runTest(TestCase.java:168)
	at junit.framework.TestCase.runBare(TestCase.java:134)
	at junit.framework.TestResult$1.protect(TestResult.java:110)
	at junit.framework.TestResult.runProtected(TestResult.java:128)
	at junit.framework.TestResult.run(TestResult.java:113)
	at junit.framework.TestCase.run(TestCase.java:124)
	at junit.framework.TestSuite.runTest(TestSuite.java:243)
	at junit.framework.TestSuite.run(TestSuite.java:238)
	at org.junit.internal.runners.JUnit38ClassRunner.run(JUnit38ClassRunner.java:83)
	at org.junit.runners.Suite.runChild(Suite.java:128)
	at org.junit.runners.Suite.runChild(Suite.java:24)
	at org.junit.runners.ParentRunner$3.run(ParentRunner.java:193)
	at org.junit.runners.ParentRunner$1.schedule(ParentRunner.java:52)
	at org.junit.runners.ParentRunner.runChildren(ParentRunner.java:191)
	at org.junit.runners.ParentRunner.access$000(ParentRunner.java:42)
	at org.junit.runners.ParentRunner$2.evaluate(ParentRunner.java:184)
	at org.junit.runners.ParentRunner.run(ParentRunner.java:236)
	at org.junit.runner.JUnitCore.run(JUnitCore.java:157)
	at org.junit.runner.JUnitCore.run(JUnitCore.java:136)
	at org.junit.runner.JUnitCore.run(JUnitCore.java:127)
	at org.apache.maven.surefire.junitcore.JUnitCoreWrapper.execute(JUnitCoreWrapper.java:52)
	at org.apache.maven.surefire.junitcore.JUnitCoreProvider.invoke(JUnitCoreProvider.java:109)
	at sun.reflect.NativeMethodAccessorImpl.invoke0(Native Method)
	at sun.reflect.NativeMethodAccessorImpl.invoke(NativeMethodAccessorImpl.java:39)
	at sun.reflect.DelegatingMethodAccessorImpl.invoke(DelegatingMethodAccessorImpl.java:25)
	at java.lang.reflect.Method.invoke(Method.java:597)
	at org.apache.maven.surefire.booter.ProviderFactory$ClassLoaderProxy.invoke(ProviderFactory.java:103)
	at $Proxy0.invoke(Unknown Source)
	at org.apache.maven.surefire.booter.SurefireStarter.invokeProvider(SurefireStarter.java:150)
	at org.apache.maven.surefire.booter.SurefireStarter.runSuitesInProcess(SurefireStarter.java:74)
	at org.apache.maven.surefire.booter.ForkedBooter.main(ForkedBooter.java:69)
</failure>
    <system-out>UserSession.UserSession() - hbSender: Thread[HeartBeatSender,5,main]MyUserSession: UserSession: userId:thbSender: Thread[HeartBeatSender,5,main][2011-06-01 13:12:06,110][DEBUG] - UserSession(): session is creating. userId: t General session
2341 [main] DEBUG com.baxter.junit.BaxterTestCase  - UserSession(): session is creating. userId: t General session
2341 [main] DEBUG com.baxter.junit.BaxterTestCase  - UserSession(): session is creating. userId: t General session
[2011-06-01 13:12:06,111][TRACE] - UserSession.UserSession(): MAX_ENTRIES_OF_MESSAGEHISTORY=100 JMS_HEARTBEAT_DELAY=5000 MAX_JMS_SESSION_STARTUP_DELAY=500 MAX_HEARTBEAT_TOLERANCE=5000 MAX_SIZE_OF_HOLD_UP_LIST=100 userId: t General session
2342 [main] TRACE com.baxter.junit.BaxterTestCase  - UserSession.UserSession(): MAX_ENTRIES_OF_MESSAGEHISTORY=100 JMS_HEARTBEAT_DELAY=5000 MAX_JMS_SESSION_STARTUP_DELAY=500 MAX_HEARTBEAT_TOLERANCE=5000 MAX_SIZE_OF_HOLD_UP_LIST=100 userId: t General session
2342 [main] TRACE com.baxter.junit.BaxterTestCase  - UserSession.UserSession(): MAX_ENTRIES_OF_MESSAGEHISTORY=100 JMS_HEARTBEAT_DELAY=5000 MAX_JMS_SESSION_STARTUP_DELAY=500 MAX_HEARTBEAT_TOLERANCE=5000 MAX_SIZE_OF_HOLD_UP_LIST=100 userId: t General session
[2011-06-01 13:12:06,111][TRACE] - UserSession.UserSession(): userListForSelector=[t] userId: t General session
2342 [main] TRACE com.baxter.junit.BaxterTestCase  - UserSession.UserSession(): userListForSelector=[t] userId: t General session
2342 [main] TRACE com.baxter.junit.BaxterTestCase  - UserSession.UserSession(): userListForSelector=[t] userId: t General session
[2011-06-01 13:12:06,111][DEBUG] - GeneralClientUserSession.setupJMS() is invoked. userId: t General session
2342 [main] DEBUG com.baxter.junit.BaxterTestCase  - GeneralClientUserSession.setupJMS() is invoked. userId: t General session
2342 [main] DEBUG com.baxter.junit.BaxterTestCase  - GeneralClientUserSession.setupJMS() is invoked. userId: t General session
[2011-06-01 13:12:06,112][DEBUG] - GeneralClientUserSession.setupJMS() providerURL: jnp://192.168.9.33:1099
		contextFactory: org.jnp.interfaces.NamingContextFactory
		queueFactoryName: /ConnectionFactory
		JMS_ServerToClientQueue: t_JMS_ServerToClientQueue@router1
		JMS_ClientToServerQueue: t_JMS_ClientToServerQueue@router1
		timeToLive: 30000
		queueAliasForSending: t_client_JMS_QueueAliasCTS
		qqueueAliasForReceiving: t_client_JMS_QueueAliasSTC userId: t General session
2343 [main] DEBUG com.baxter.junit.BaxterTestCase  - GeneralClientUserSession.setupJMS() providerURL: jnp://192.168.9.33:1099
		contextFactory: org.jnp.interfaces.NamingContextFactory
		queueFactoryName: /ConnectionFactory
		JMS_ServerToClientQueue: t_JMS_ServerToClientQueue@router1
		JMS_ClientToServerQueue: t_JMS_ClientToServerQueue@router1
		timeToLive: 30000
		queueAliasForSending: t_client_JMS_QueueAliasCTS
		qqueueAliasForReceiving: t_client_JMS_QueueAliasSTC userId: t General session
2343 [main] DEBUG com.baxter.junit.BaxterTestCase  - GeneralClientUserSession.setupJMS() providerURL: jnp://192.168.9.33:1099
		contextFactory: org.jnp.interfaces.NamingContextFactory
		queueFactoryName: /ConnectionFactory
		JMS_ServerToClientQueue: t_JMS_ServerToClientQueue@router1
		JMS_ClientToServerQueue: t_JMS_ClientToServerQueue@router1
		timeToLive: 30000
		queueAliasForSending: t_client_JMS_QueueAliasCTS
		qqueueAliasForReceiving: t_client_JMS_QueueAliasSTC userId: t General session
[2011-06-01 13:12:06,115][DEBUG] - JMSManager VERSION: 2010.04.28.
2346 [main] DEBUG com.baxter.junit.BaxterTestCase  - JMSManager VERSION: 2010.04.28.
2346 [main] DEBUG com.baxter.junit.BaxterTestCase  - JMSManager VERSION: 2010.04.28.
[2011-06-01 13:12:06,125][TRACE] - getInitialContext(): providerURL: jnp://192.168.9.33:1099 INITIAL_CONTEXT_FACTORY: org.jnp.interfaces.NamingContextFactory
2356 [main] TRACE com.baxter.junit.BaxterTestCase  - getInitialContext(): providerURL: jnp://192.168.9.33:1099 INITIAL_CONTEXT_FACTORY: org.jnp.interfaces.NamingContextFactory
2356 [main] TRACE com.baxter.junit.BaxterTestCase  - getInitialContext(): providerURL: jnp://192.168.9.33:1099 INITIAL_CONTEXT_FACTORY: org.jnp.interfaces.NamingContextFactory
[2011-06-01 13:12:06,154][TRACE] - connectToJMS(): channelName: t_JMS_ServerToClientQueue@router1, lookup QUEUE_CONNECTION_FACTORY: /ConnectionFactory
2385 [main] TRACE com.baxter.junit.BaxterTestCase  - connectToJMS(): channelName: t_JMS_ServerToClientQueue@router1, lookup QUEUE_CONNECTION_FACTORY: /ConnectionFactory
2385 [main] TRACE com.baxter.junit.BaxterTestCase  - connectToJMS(): channelName: t_JMS_ServerToClientQueue@router1, lookup QUEUE_CONNECTION_FACTORY: /ConnectionFactory
[2011-06-01 13:12:06,154][TRACE] - ContextWatchThread.run(): initialContext OK...
2385 [Thread-21] TRACE com.baxter.junit.BaxterTestCase  - ContextWatchThread.run(): initialContext OK...
2385 [Thread-21] TRACE com.baxter.junit.BaxterTestCase  - ContextWatchThread.run(): initialContext OK...
[2011-06-01 13:12:06,293][TRACE] - connectToJMS(): channelName: t_JMS_ServerToClientQueue@router1, createQueueConnection()
2524 [main] TRACE com.baxter.junit.BaxterTestCase  - connectToJMS(): channelName: t_JMS_ServerToClientQueue@router1, createQueueConnection()
2524 [main] TRACE com.baxter.junit.BaxterTestCase  - connectToJMS(): channelName: t_JMS_ServerToClientQueue@router1, createQueueConnection()
[2011-06-01 13:12:06,293][TRACE] - connectToJMS(): channelName: t_JMS_ServerToClientQueue@router1, createTopicConnection()
2524 [main] TRACE com.baxter.junit.BaxterTestCase  - connectToJMS(): channelName: t_JMS_ServerToClientQueue@router1, createTopicConnection()
2524 [main] TRACE com.baxter.junit.BaxterTestCase  - connectToJMS(): channelName: t_JMS_ServerToClientQueue@router1, createTopicConnection()
[2011-06-01 13:12:06,498][TRACE] - connectToJMS(): channelName: t_JMS_ServerToClientQueue@router1, setExceptionListener()
2729 [main] TRACE com.baxter.junit.BaxterTestCase  - connectToJMS(): channelName: t_JMS_ServerToClientQueue@router1, setExceptionListener()
2729 [main] TRACE com.baxter.junit.BaxterTestCase  - connectToJMS(): channelName: t_JMS_ServerToClientQueue@router1, setExceptionListener()
[2011-06-01 13:12:06,499][TRACE] - connectToJMS(): channelName: t_JMS_ServerToClientQueue@router1, createQueueSession()
2730 [main] TRACE com.baxter.junit.BaxterTestCase  - connectToJMS(): channelName: t_JMS_ServerToClientQueue@router1, createQueueSession()
2730 [main] TRACE com.baxter.junit.BaxterTestCase  - connectToJMS(): channelName: t_JMS_ServerToClientQueue@router1, createQueueSession()
[2011-06-01 13:12:06,513][TRACE] - connectToJMS(): channelName: t_JMS_ServerToClientQueue@router1, lookup channelName: t_JMS_ServerToClientQueue@router1
2744 [main] TRACE com.baxter.junit.BaxterTestCase  - connectToJMS(): channelName: t_JMS_ServerToClientQueue@router1, lookup channelName: t_JMS_ServerToClientQueue@router1
2744 [main] TRACE com.baxter.junit.BaxterTestCase  - connectToJMS(): channelName: t_JMS_ServerToClientQueue@router1, lookup channelName: t_JMS_ServerToClientQueue@router1
[2011-06-01 13:12:06,521][TRACE] - connectToJMS(): channelName: t_JMS_ServerToClientQueue@router1, initialContext.close()
2752 [main] TRACE com.baxter.junit.BaxterTestCase  - connectToJMS(): channelName: t_JMS_ServerToClientQueue@router1, initialContext.close()
2752 [main] TRACE com.baxter.junit.BaxterTestCase  - connectToJMS(): channelName: t_JMS_ServerToClientQueue@router1, initialContext.close()
[2011-06-01 13:12:06,521][TRACE] - connectToJMS(): channelName: t_JMS_ServerToClientQueue@router1, createReceiver()
2752 [main] TRACE com.baxter.junit.BaxterTestCase  - connectToJMS(): channelName: t_JMS_ServerToClientQueue@router1, createReceiver()
2752 [main] TRACE com.baxter.junit.BaxterTestCase  - connectToJMS(): channelName: t_JMS_ServerToClientQueue@router1, createReceiver()
[2011-06-01 13:12:06,541][TRACE] - connectToJMS(): successfully connected...  alias: t_client_JMS_QueueAliasSTC providerURL: jnp://192.168.9.33:1099 channelName: t_JMS_ServerToClientQueue@router1 ackMode: 1 messageTimeToLive: 30000 deliveryMode: 1 isSender: false messageListener: null userName: null password: null
2772 [main] TRACE com.baxter.junit.BaxterTestCase  - connectToJMS(): successfully connected...  alias: t_client_JMS_QueueAliasSTC providerURL: jnp://192.168.9.33:1099 channelName: t_JMS_ServerToClientQueue@router1 ackMode: 1 messageTimeToLive: 30000 deliveryMode: 1 isSender: false messageListener: null userName: null password: null
2772 [main] TRACE com.baxter.junit.BaxterTestCase  - connectToJMS(): successfully connected...  alias: t_client_JMS_QueueAliasSTC providerURL: jnp://192.168.9.33:1099 channelName: t_JMS_ServerToClientQueue@router1 ackMode: 1 messageTimeToLive: 30000 deliveryMode: 1 isSender: false messageListener: null userName: null password: null
[2011-06-01 13:12:06,541][TRACE] - getInitialContext(): providerURL: jnp://192.168.9.33:1099 INITIAL_CONTEXT_FACTORY: org.jnp.interfaces.NamingContextFactory
2772 [main] TRACE com.baxter.junit.BaxterTestCase  - getInitialContext(): providerURL: jnp://192.168.9.33:1099 INITIAL_CONTEXT_FACTORY: org.jnp.interfaces.NamingContextFactory
2772 [main] TRACE com.baxter.junit.BaxterTestCase  - getInitialContext(): providerURL: jnp://192.168.9.33:1099 INITIAL_CONTEXT_FACTORY: org.jnp.interfaces.NamingContextFactory
[2011-06-01 13:12:06,542][TRACE] - connectToJMS(): channelName: t_JMS_ClientToServerQueue@router1, lookup QUEUE_CONNECTION_FACTORY: /ConnectionFactory
2773 [main] TRACE com.baxter.junit.BaxterTestCase  - connectToJMS(): channelName: t_JMS_ClientToServerQueue@router1, lookup QUEUE_CONNECTION_FACTORY: /ConnectionFactory
2773 [main] TRACE com.baxter.junit.BaxterTestCase  - connectToJMS(): channelName: t_JMS_ClientToServerQueue@router1, lookup QUEUE_CONNECTION_FACTORY: /ConnectionFactory
[2011-06-01 13:12:06,542][TRACE] - ContextWatchThread.run(): initialContext OK...
2773 [Thread-22] TRACE com.baxter.junit.BaxterTestCase  - ContextWatchThread.run(): initialContext OK...
2773 [Thread-22] TRACE com.baxter.junit.BaxterTestCase  - ContextWatchThread.run(): initialContext OK...
[2011-06-01 13:12:06,547][TRACE] - connectToJMS(): channelName: t_JMS_ClientToServerQueue@router1, createQueueConnection()
2778 [main] TRACE com.baxter.junit.BaxterTestCase  - connectToJMS(): channelName: t_JMS_ClientToServerQueue@router1, createQueueConnection()
2778 [main] TRACE com.baxter.junit.BaxterTestCase  - connectToJMS(): channelName: t_JMS_ClientToServerQueue@router1, createQueueConnection()
[2011-06-01 13:12:06,548][TRACE] - connectToJMS(): channelName: t_JMS_ClientToServerQueue@router1, createTopicConnection()
2779 [main] TRACE com.baxter.junit.BaxterTestCase  - connectToJMS(): channelName: t_JMS_ClientToServerQueue@router1, createTopicConnection()
2779 [main] TRACE com.baxter.junit.BaxterTestCase  - connectToJMS(): channelName: t_JMS_ClientToServerQueue@router1, createTopicConnection()
[2011-06-01 13:12:06,552][TRACE] - connectToJMS(): channelName: t_JMS_ClientToServerQueue@router1, setExceptionListener()
2783 [main] TRACE com.baxter.junit.BaxterTestCase  - connectToJMS(): channelName: t_JMS_ClientToServerQueue@router1, setExceptionListener()
2783 [main] TRACE com.baxter.junit.BaxterTestCase  - connectToJMS(): channelName: t_JMS_ClientToServerQueue@router1, setExceptionListener()
[2011-06-01 13:12:06,552][TRACE] - connectToJMS(): channelName: t_JMS_ClientToServerQueue@router1, createQueueSession()
2783 [main] TRACE com.baxter.junit.BaxterTestCase  - connectToJMS(): channelName: t_JMS_ClientToServerQueue@router1, createQueueSession()
2783 [main] TRACE com.baxter.junit.BaxterTestCase  - connectToJMS(): channelName: t_JMS_ClientToServerQueue@router1, createQueueSession()
[2011-06-01 13:12:06,553][TRACE] - connectToJMS(): channelName: t_JMS_ClientToServerQueue@router1, lookup channelName: t_JMS_ClientToServerQueue@router1
2784 [main] TRACE com.baxter.junit.BaxterTestCase  - connectToJMS(): channelName: t_JMS_ClientToServerQueue@router1, lookup channelName: t_JMS_ClientToServerQueue@router1
2784 [main] TRACE com.baxter.junit.BaxterTestCase  - connectToJMS(): channelName: t_JMS_ClientToServerQueue@router1, lookup channelName: t_JMS_ClientToServerQueue@router1
[2011-06-01 13:12:06,558][TRACE] - connectToJMS(): channelName: t_JMS_ClientToServerQueue@router1, initialContext.close()
2789 [main] TRACE com.baxter.junit.BaxterTestCase  - connectToJMS(): channelName: t_JMS_ClientToServerQueue@router1, initialContext.close()
2789 [main] TRACE com.baxter.junit.BaxterTestCase  - connectToJMS(): channelName: t_JMS_ClientToServerQueue@router1, initialContext.close()
[2011-06-01 13:12:06,558][TRACE] - connectToJMS(): channelName: t_JMS_ClientToServerQueue@router1, createSender()
2789 [main] TRACE com.baxter.junit.BaxterTestCase  - connectToJMS(): channelName: t_JMS_ClientToServerQueue@router1, createSender()
2789 [main] TRACE com.baxter.junit.BaxterTestCase  - connectToJMS(): channelName: t_JMS_ClientToServerQueue@router1, createSender()
[2011-06-01 13:12:06,575][TRACE] - connectToJMS(): successfully connected...  alias: t_client_JMS_QueueAliasCTS providerURL: jnp://192.168.9.33:1099 channelName: t_JMS_ClientToServerQueue@router1 ackMode: 1 messageTimeToLive: 30000 deliveryMode: 1 isSender: true messageListener: null userName: null password: null
2806 [main] TRACE com.baxter.junit.BaxterTestCase  - connectToJMS(): successfully connected...  alias: t_client_JMS_QueueAliasCTS providerURL: jnp://192.168.9.33:1099 channelName: t_JMS_ClientToServerQueue@router1 ackMode: 1 messageTimeToLive: 30000 deliveryMode: 1 isSender: true messageListener: null userName: null password: null
2806 [main] TRACE com.baxter.junit.BaxterTestCase  - connectToJMS(): successfully connected...  alias: t_client_JMS_QueueAliasCTS providerURL: jnp://192.168.9.33:1099 channelName: t_JMS_ClientToServerQueue@router1 ackMode: 1 messageTimeToLive: 30000 deliveryMode: 1 isSender: true messageListener: null userName: null password: null
[2011-06-01 13:12:06,604][TRACE] - UserSession.UserSession(String, String, Logger, boolean):
messageSender: com.baxter.cdtradesupervisor.UserSession$MessageSenderObjectUpdaterThread@16acdd1 userId: t General session
2835 [main] TRACE com.baxter.junit.BaxterTestCase  - UserSession.UserSession(String, String, Logger, boolean):
messageSender: com.baxter.cdtradesupervisor.UserSession$MessageSenderObjectUpdaterThread@16acdd1 userId: t General session
2835 [main] TRACE com.baxter.junit.BaxterTestCase  - UserSession.UserSession(String, String, Logger, boolean):
messageSender: com.baxter.cdtradesupervisor.UserSession$MessageSenderObjectUpdaterThread@16acdd1 userId: t General session
[2011-06-01 13:12:06,604][TRACE] - ObjectUpdaterThread.run() threadName: MessageSender Start waiting... ListUpdated: false
2835 [MessageSender] TRACE com.baxter.junit.BaxterTestCase  - ObjectUpdaterThread.run() threadName: MessageSender Start waiting... ListUpdated: false
2835 [MessageSender] TRACE com.baxter.junit.BaxterTestCase  - ObjectUpdaterThread.run() threadName: MessageSender Start waiting... ListUpdated: false
[2011-06-01 13:12:06,604][TRACE] - ObjectUpdaterThread.run() threadName: MessageReceiver Start waiting... ListUpdated: false
2835 [MessageReceiver] TRACE com.baxter.junit.BaxterTestCase  - ObjectUpdaterThread.run() threadName: MessageReceiver Start waiting... ListUpdated: false
2835 [MessageReceiver] TRACE com.baxter.junit.BaxterTestCase  - ObjectUpdaterThread.run() threadName: MessageReceiver Start waiting... ListUpdated: false
[2011-06-01 13:12:06,604][TRACE] - parameter read from /store/jenkins/jobs/currency-dealing/workspace/target/test-classes/conf/JUnit.ini: HEARTBEAT_MISSEDTHRESHOLD_RED_MSG: Network connection is unstable.
2835 [main] TRACE com.baxter.junit.BaxterTestCase  - parameter read from /store/jenkins/jobs/currency-dealing/workspace/target/test-classes/conf/JUnit.ini: HEARTBEAT_MISSEDTHRESHOLD_RED_MSG: Network connection is unstable.
2835 [main] TRACE com.baxter.junit.BaxterTestCase  - parameter read from /store/jenkins/jobs/currency-dealing/workspace/target/test-classes/conf/JUnit.ini: HEARTBEAT_MISSEDTHRESHOLD_RED_MSG: Network connection is unstable.
[2011-06-01 13:12:06,604][DEBUG] - setupUDPMessageHandler()  UDP_BUFFER_LENGTH: 4096 UDP_PRICE_RECEIVER_MAX_LIST_SIZE: 100 IS_LOGGING_UDP_MESSAGES: false userId: t General session
2835 [main] DEBUG com.baxter.junit.BaxterTestCase  - setupUDPMessageHandler()  UDP_BUFFER_LENGTH: 4096 UDP_PRICE_RECEIVER_MAX_LIST_SIZE: 100 IS_LOGGING_UDP_MESSAGES: false userId: t General session
2835 [main] DEBUG com.baxter.junit.BaxterTestCase  - setupUDPMessageHandler()  UDP_BUFFER_LENGTH: 4096 UDP_PRICE_RECEIVER_MAX_LIST_SIZE: 100 IS_LOGGING_UDP_MESSAGES: false userId: t General session
[2011-06-01 13:12:06,605][TRACE] - ObjectUpdaterThread.run() threadName: UDPMessageReceiverObjectUpdaterThread Start waiting... ListUpdated: false
2836 [UDPMessageReceiverObjectUpdaterThread] TRACE com.baxter.junit.BaxterTestCase  - ObjectUpdaterThread.run() threadName: UDPMessageReceiverObjectUpdaterThread Start waiting... ListUpdated: false
2836 [UDPMessageReceiverObjectUpdaterThread] TRACE com.baxter.junit.BaxterTestCase  - ObjectUpdaterThread.run() threadName: UDPMessageReceiverObjectUpdaterThread Start waiting... ListUpdated: false
[2011-06-01 13:12:06,606][DEBUG] - UserSession(): session is creating. userId: t General session
2837 [main] DEBUG com.baxter.junit.BaxterTestCase  - UserSession(): session is creating. userId: t General session
2837 [main] DEBUG com.baxter.junit.BaxterTestCase  - UserSession(): session is creating. userId: t General session
[2011-06-01 13:12:06,607][TRACE] - UserSession.UserSession(): MAX_ENTRIES_OF_MESSAGEHISTORY=100 JMS_HEARTBEAT_DELAY=5000 MAX_JMS_SESSION_STARTUP_DELAY=500 MAX_HEARTBEAT_TOLERANCE=5000 MAX_SIZE_OF_HOLD_UP_LIST=100 userId: t General session
2838 [main] TRACE com.baxter.junit.BaxterTestCase  - UserSession.UserSession(): MAX_ENTRIES_OF_MESSAGEHISTORY=100 JMS_HEARTBEAT_DELAY=5000 MAX_JMS_SESSION_STARTUP_DELAY=500 MAX_HEARTBEAT_TOLERANCE=5000 MAX_SIZE_OF_HOLD_UP_LIST=100 userId: t General session
2838 [main] TRACE com.baxter.junit.BaxterTestCase  - UserSession.UserSession(): MAX_ENTRIES_OF_MESSAGEHISTORY=100 JMS_HEARTBEAT_DELAY=5000 MAX_JMS_SESSION_STARTUP_DELAY=500 MAX_HEARTBEAT_TOLERANCE=5000 MAX_SIZE_OF_HOLD_UP_LIST=100 userId: t General session
[2011-06-01 13:12:06,607][TRACE] - UserSession.UserSession(): userListForSelector=[t, t1] userId: t General session
2838 [main] TRACE com.baxter.junit.BaxterTestCase  - UserSession.UserSession(): userListForSelector=[t, t1] userId: t General session
2838 [main] TRACE com.baxter.junit.BaxterTestCase  - UserSession.UserSession(): userListForSelector=[t, t1] userId: t General session
[2011-06-01 13:12:06,607][TRACE] - GeneralServerUserSession.setupJMS() is invoked. userId: t General session
2838 [main] TRACE com.baxter.junit.BaxterTestCase  - GeneralServerUserSession.setupJMS() is invoked. userId: t General session
2838 [main] TRACE com.baxter.junit.BaxterTestCase  - GeneralServerUserSession.setupJMS() is invoked. userId: t General session
[2011-06-01 13:12:06,608][TRACE] - GeneralServerUserSession.setupJMS() providerURL: jnp://192.168.9.33:1099
		contextFactory: org.jnp.interfaces.NamingContextFactory
		queueFactoryName: /ConnectionFactory
		JMS_ServerToClientQueue: t_JMS_ServerToClientQueue@router1
		JMS_ClientToServerQueue: t_JMS_ClientToServerQueue@router1
		timeToLive: 30000
		queueAliasForSending: t_JMS_QueueAliasSTC
		qqueueAliasForReceiving: t_JMS_QueueAliasCTS userId: t General session
2839 [main] TRACE com.baxter.junit.BaxterTestCase  - GeneralServerUserSession.setupJMS() providerURL: jnp://192.168.9.33:1099
		contextFactory: org.jnp.interfaces.NamingContextFactory
		queueFactoryName: /ConnectionFactory
		JMS_ServerToClientQueue: t_JMS_ServerToClientQueue@router1
		JMS_ClientToServerQueue: t_JMS_ClientToServerQueue@router1
		timeToLive: 30000
		queueAliasForSending: t_JMS_QueueAliasSTC
		qqueueAliasForReceiving: t_JMS_QueueAliasCTS userId: t General session
2839 [main] TRACE com.baxter.junit.BaxterTestCase  - GeneralServerUserSession.setupJMS() providerURL: jnp://192.168.9.33:1099
		contextFactory: org.jnp.interfaces.NamingContextFactory
		queueFactoryName: /ConnectionFactory
		JMS_ServerToClientQueue: t_JMS_ServerToClientQueue@router1
		JMS_ClientToServerQueue: t_JMS_ClientToServerQueue@router1
		timeToLive: 30000
		queueAliasForSending: t_JMS_QueueAliasSTC
		qqueueAliasForReceiving: t_JMS_QueueAliasCTS userId: t General session
[2011-06-01 13:12:06,608][TRACE] - getInitialContext(): providerURL: jnp://192.168.9.33:1099 INITIAL_CONTEXT_FACTORY: org.jnp.interfaces.NamingContextFactory
2839 [main] TRACE com.baxter.junit.BaxterTestCase  - getInitialContext(): providerURL: jnp://192.168.9.33:1099 INITIAL_CONTEXT_FACTORY: org.jnp.interfaces.NamingContextFactory
2839 [main] TRACE com.baxter.junit.BaxterTestCase  - getInitialContext(): providerURL: jnp://192.168.9.33:1099 INITIAL_CONTEXT_FACTORY: org.jnp.interfaces.NamingContextFactory
[2011-06-01 13:12:06,608][TRACE] - connectToJMS(): channelName: t_JMS_ServerToClientQueue@router1, lookup QUEUE_CONNECTION_FACTORY: /ConnectionFactory
2839 [main] TRACE com.baxter.junit.BaxterTestCase  - connectToJMS(): channelName: t_JMS_ServerToClientQueue@router1, lookup QUEUE_CONNECTION_FACTORY: /ConnectionFactory
2839 [main] TRACE com.baxter.junit.BaxterTestCase  - connectToJMS(): channelName: t_JMS_ServerToClientQueue@router1, lookup QUEUE_CONNECTION_FACTORY: /ConnectionFactory
[2011-06-01 13:12:06,608][TRACE] - ContextWatchThread.run(): initialContext OK...
2839 [Thread-28] TRACE com.baxter.junit.BaxterTestCase  - ContextWatchThread.run(): initialContext OK...
2839 [Thread-28] TRACE com.baxter.junit.BaxterTestCase  - ContextWatchThread.run(): initialContext OK...
[2011-06-01 13:12:06,615][TRACE] - connectToJMS(): channelName: t_JMS_ServerToClientQueue@router1, createQueueConnection()
2846 [main] TRACE com.baxter.junit.BaxterTestCase  - connectToJMS(): channelName: t_JMS_ServerToClientQueue@router1, createQueueConnection()
2846 [main] TRACE com.baxter.junit.BaxterTestCase  - connectToJMS(): channelName: t_JMS_ServerToClientQueue@router1, createQueueConnection()
[2011-06-01 13:12:06,615][TRACE] - connectToJMS(): channelName: t_JMS_ServerToClientQueue@router1, createTopicConnection()
2846 [main] TRACE com.baxter.junit.BaxterTestCase  - connectToJMS(): channelName: t_JMS_ServerToClientQueue@router1, createTopicConnection()
2846 [main] TRACE com.baxter.junit.BaxterTestCase  - connectToJMS(): channelName: t_JMS_ServerToClientQueue@router1, createTopicConnection()
[2011-06-01 13:12:06,619][TRACE] - connectToJMS(): channelName: t_JMS_ServerToClientQueue@router1, setExceptionListener()
2850 [main] TRACE com.baxter.junit.BaxterTestCase  - connectToJMS(): channelName: t_JMS_ServerToClientQueue@router1, setExceptionListener()
2850 [main] TRACE com.baxter.junit.BaxterTestCase  - connectToJMS(): channelName: t_JMS_ServerToClientQueue@router1, setExceptionListener()
[2011-06-01 13:12:06,619][TRACE] - connectToJMS(): channelName: t_JMS_ServerToClientQueue@router1, createQueueSession()
2850 [main] TRACE com.baxter.junit.BaxterTestCase  - connectToJMS(): channelName: t_JMS_ServerToClientQueue@router1, createQueueSession()
2850 [main] TRACE com.baxter.junit.BaxterTestCase  - connectToJMS(): channelName: t_JMS_ServerToClientQueue@router1, createQueueSession()
[2011-06-01 13:12:06,620][TRACE] - connectToJMS(): channelName: t_JMS_ServerToClientQueue@router1, lookup channelName: t_JMS_ServerToClientQueue@router1
2851 [main] TRACE com.baxter.junit.BaxterTestCase  - connectToJMS(): channelName: t_JMS_ServerToClientQueue@router1, lookup channelName: t_JMS_ServerToClientQueue@router1
2851 [main] TRACE com.baxter.junit.BaxterTestCase  - connectToJMS(): channelName: t_JMS_ServerToClientQueue@router1, lookup channelName: t_JMS_ServerToClientQueue@router1
[2011-06-01 13:12:06,625][TRACE] - connectToJMS(): channelName: t_JMS_ServerToClientQueue@router1, initialContext.close()
2856 [main] TRACE com.baxter.junit.BaxterTestCase  - connectToJMS(): channelName: t_JMS_ServerToClientQueue@router1, initialContext.close()
2856 [main] TRACE com.baxter.junit.BaxterTestCase  - connectToJMS(): channelName: t_JMS_ServerToClientQueue@router1, initialContext.close()
[2011-06-01 13:12:06,625][TRACE] - connectToJMS(): channelName: t_JMS_ServerToClientQueue@router1, createSender()
2856 [main] TRACE com.baxter.junit.BaxterTestCase  - connectToJMS(): channelName: t_JMS_ServerToClientQueue@router1, createSender()
2856 [main] TRACE com.baxter.junit.BaxterTestCase  - connectToJMS(): channelName: t_JMS_ServerToClientQueue@router1, createSender()
[2011-06-01 13:12:06,627][TRACE] - connectToJMS(): successfully connected...  alias: t_JMS_QueueAliasSTC providerURL: jnp://192.168.9.33:1099 channelName: t_JMS_ServerToClientQueue@router1 ackMode: 1 messageTimeToLive: 30000 deliveryMode: 1 isSender: true messageListener: null userName: null password: null
2858 [main] TRACE com.baxter.junit.BaxterTestCase  - connectToJMS(): successfully connected...  alias: t_JMS_QueueAliasSTC providerURL: jnp://192.168.9.33:1099 channelName: t_JMS_ServerToClientQueue@router1 ackMode: 1 messageTimeToLive: 30000 deliveryMode: 1 isSender: true messageListener: null userName: null password: null
2858 [main] TRACE com.baxter.junit.BaxterTestCase  - connectToJMS(): successfully connected...  alias: t_JMS_QueueAliasSTC providerURL: jnp://192.168.9.33:1099 channelName: t_JMS_ServerToClientQueue@router1 ackMode: 1 messageTimeToLive: 30000 deliveryMode: 1 isSender: true messageListener: null userName: null password: null
[2011-06-01 13:12:06,627][TRACE] - getInitialContext(): providerURL: jnp://192.168.9.33:1099 INITIAL_CONTEXT_FACTORY: org.jnp.interfaces.NamingContextFactory
2858 [main] TRACE com.baxter.junit.BaxterTestCase  - getInitialContext(): providerURL: jnp://192.168.9.33:1099 INITIAL_CONTEXT_FACTORY: org.jnp.interfaces.NamingContextFactory
2858 [main] TRACE com.baxter.junit.BaxterTestCase  - getInitialContext(): providerURL: jnp://192.168.9.33:1099 INITIAL_CONTEXT_FACTORY: org.jnp.interfaces.NamingContextFactory
[2011-06-01 13:12:06,628][TRACE] - connectToJMS(): channelName: t_JMS_ClientToServerQueue@router1, lookup QUEUE_CONNECTION_FACTORY: /ConnectionFactory
2859 [main] TRACE com.baxter.junit.BaxterTestCase  - connectToJMS(): channelName: t_JMS_ClientToServerQueue@router1, lookup QUEUE_CONNECTION_FACTORY: /ConnectionFactory
2859 [main] TRACE com.baxter.junit.BaxterTestCase  - connectToJMS(): channelName: t_JMS_ClientToServerQueue@router1, lookup QUEUE_CONNECTION_FACTORY: /ConnectionFactory
[2011-06-01 13:12:06,628][TRACE] - ContextWatchThread.run(): initialContext OK...
2859 [Thread-29] TRACE com.baxter.junit.BaxterTestCase  - ContextWatchThread.run(): initialContext OK...
2859 [Thread-29] TRACE com.baxter.junit.BaxterTestCase  - ContextWatchThread.run(): initialContext OK...
[2011-06-01 13:12:06,636][TRACE] - connectToJMS(): channelName: t_JMS_ClientToServerQueue@router1, createQueueConnection()
2867 [main] TRACE com.baxter.junit.BaxterTestCase  - connectToJMS(): channelName: t_JMS_ClientToServerQueue@router1, createQueueConnection()
2867 [main] TRACE com.baxter.junit.BaxterTestCase  - connectToJMS(): channelName: t_JMS_ClientToServerQueue@router1, createQueueConnection()
[2011-06-01 13:12:06,636][TRACE] - connectToJMS(): channelName: t_JMS_ClientToServerQueue@router1, createTopicConnection()
2867 [main] TRACE com.baxter.junit.BaxterTestCase  - connectToJMS(): channelName: t_JMS_ClientToServerQueue@router1, createTopicConnection()
2867 [main] TRACE com.baxter.junit.BaxterTestCase  - connectToJMS(): channelName: t_JMS_ClientToServerQueue@router1, createTopicConnection()
[2011-06-01 13:12:06,640][TRACE] - connectToJMS(): channelName: t_JMS_ClientToServerQueue@router1, setExceptionListener()
2871 [main] TRACE com.baxter.junit.BaxterTestCase  - connectToJMS(): channelName: t_JMS_ClientToServerQueue@router1, setExceptionListener()
2871 [main] TRACE com.baxter.junit.BaxterTestCase  - connectToJMS(): channelName: t_JMS_ClientToServerQueue@router1, setExceptionListener()
[2011-06-01 13:12:06,640][TRACE] - connectToJMS(): channelName: t_JMS_ClientToServerQueue@router1, createQueueSession()
2871 [main] TRACE com.baxter.junit.BaxterTestCase  - connectToJMS(): channelName: t_JMS_ClientToServerQueue@router1, createQueueSession()
2871 [main] TRACE com.baxter.junit.BaxterTestCase  - connectToJMS(): channelName: t_JMS_ClientToServerQueue@router1, createQueueSession()
[2011-06-01 13:12:06,642][TRACE] - connectToJMS(): channelName: t_JMS_ClientToServerQueue@router1, lookup channelName: t_JMS_ClientToServerQueue@router1
2873 [main] TRACE com.baxter.junit.BaxterTestCase  - connectToJMS(): channelName: t_JMS_ClientToServerQueue@router1, lookup channelName: t_JMS_ClientToServerQueue@router1
2873 [main] TRACE com.baxter.junit.BaxterTestCase  - connectToJMS(): channelName: t_JMS_ClientToServerQueue@router1, lookup channelName: t_JMS_ClientToServerQueue@router1
[2011-06-01 13:12:06,646][TRACE] - connectToJMS(): channelName: t_JMS_ClientToServerQueue@router1, initialContext.close()
2877 [main] TRACE com.baxter.junit.BaxterTestCase  - connectToJMS(): channelName: t_JMS_ClientToServerQueue@router1, initialContext.close()
2877 [main] TRACE com.baxter.junit.BaxterTestCase  - connectToJMS(): channelName: t_JMS_ClientToServerQueue@router1, initialContext.close()
[2011-06-01 13:12:06,646][TRACE] - connectToJMS(): channelName: t_JMS_ClientToServerQueue@router1, createReceiver()
2877 [main] TRACE com.baxter.junit.BaxterTestCase  - connectToJMS(): channelName: t_JMS_ClientToServerQueue@router1, createReceiver()
2877 [main] TRACE com.baxter.junit.BaxterTestCase  - connectToJMS(): channelName: t_JMS_ClientToServerQueue@router1, createReceiver()
[2011-06-01 13:12:06,649][TRACE] - connectToJMS(): successfully connected...  alias: t_JMS_QueueAliasCTS providerURL: jnp://192.168.9.33:1099 channelName: t_JMS_ClientToServerQueue@router1 ackMode: 1 messageTimeToLive: 30000 deliveryMode: 1 isSender: false messageListener: null userName: null password: null
2880 [main] TRACE com.baxter.junit.BaxterTestCase  - connectToJMS(): successfully connected...  alias: t_JMS_QueueAliasCTS providerURL: jnp://192.168.9.33:1099 channelName: t_JMS_ClientToServerQueue@router1 ackMode: 1 messageTimeToLive: 30000 deliveryMode: 1 isSender: false messageListener: null userName: null password: null
2880 [main] TRACE com.baxter.junit.BaxterTestCase  - connectToJMS(): successfully connected...  alias: t_JMS_QueueAliasCTS providerURL: jnp://192.168.9.33:1099 channelName: t_JMS_ClientToServerQueue@router1 ackMode: 1 messageTimeToLive: 30000 deliveryMode: 1 isSender: false messageListener: null userName: null password: null
[2011-06-01 13:12:06,651][TRACE] - UserSession.UserSession(String, String, Logger, boolean):
messageSender: com.baxter.cdtradesupervisor.UserSession$MessageSenderObjectUpdaterThread@1a001ff userId: t General session
2882 [main] TRACE com.baxter.junit.BaxterTestCase  - UserSession.UserSession(String, String, Logger, boolean):
messageSender: com.baxter.cdtradesupervisor.UserSession$MessageSenderObjectUpdaterThread@1a001ff userId: t General session
2882 [main] TRACE com.baxter.junit.BaxterTestCase  - UserSession.UserSession(String, String, Logger, boolean):
messageSender: com.baxter.cdtradesupervisor.UserSession$MessageSenderObjectUpdaterThread@1a001ff userId: t General session
[2011-06-01 13:12:06,651][TRACE] - ObjectUpdaterThread.run() threadName: MessageSender Start waiting... ListUpdated: false
2882 [MessageSender] TRACE com.baxter.junit.BaxterTestCase  - ObjectUpdaterThread.run() threadName: MessageSender Start waiting... ListUpdated: false
2882 [MessageSender] TRACE com.baxter.junit.BaxterTestCase  - ObjectUpdaterThread.run() threadName: MessageSender Start waiting... ListUpdated: false
[2011-06-01 13:12:06,652][TRACE] - ObjectUpdaterThread.run() threadName: MessageReceiver Start waiting... ListUpdated: false
2883 [MessageReceiver] TRACE com.baxter.junit.BaxterTestCase  - ObjectUpdaterThread.run() threadName: MessageReceiver Start waiting... ListUpdated: false
2883 [MessageReceiver] TRACE com.baxter.junit.BaxterTestCase  - ObjectUpdaterThread.run() threadName: MessageReceiver Start waiting... ListUpdated: false
[2011-06-01 13:12:06,653][DEBUG] - UserSession.sendMessage(): messageSender: com.baxter.cdtradesupervisor.UserSession$MessageSenderObjectUpdaterThread@1a001ff userId: t General session
2884 [main] DEBUG com.baxter.junit.BaxterTestCase  - UserSession.sendMessage(): messageSender: com.baxter.cdtradesupervisor.UserSession$MessageSenderObjectUpdaterThread@1a001ff userId: t General session
2884 [main] DEBUG com.baxter.junit.BaxterTestCase  - UserSession.sendMessage(): messageSender: com.baxter.cdtradesupervisor.UserSession$MessageSenderObjectUpdaterThread@1a001ff userId: t General session
[2011-06-01 13:12:06,653][TRACE] - ObjectUpdaterThread.addNewObjectToList() is invoked... threadName: MessageSender userId: t General session isClearingList: false isWaiting: true
2884 [main] TRACE com.baxter.junit.BaxterTestCase  - ObjectUpdaterThread.addNewObjectToList() is invoked... threadName: MessageSender userId: t General session isClearingList: false isWaiting: true
2884 [main] TRACE com.baxter.junit.BaxterTestCase  - ObjectUpdaterThread.addNewObjectToList() is invoked... threadName: MessageSender userId: t General session isClearingList: false isWaiting: true
[2011-06-01 13:12:06,653][TRACE] - ObjectUpdaterThread.addNewObjectToList(): notify invoked! listUpdated: true
2884 [main] TRACE com.baxter.junit.BaxterTestCase  - ObjectUpdaterThread.addNewObjectToList(): notify invoked! listUpdated: true
2884 [main] TRACE com.baxter.junit.BaxterTestCase  - ObjectUpdaterThread.addNewObjectToList(): notify invoked! listUpdated: true
[2011-06-01 13:12:06,653][TRACE] - ObjectUpdaterThread.run() threadName: MessageSender userId: t General session objectUpdates.size: 0
2884 [MessageSender userId: t General session] TRACE com.baxter.junit.BaxterTestCase  - ObjectUpdaterThread.run() threadName: MessageSender userId: t General session objectUpdates.size: 0
2884 [MessageSender userId: t General session] TRACE com.baxter.junit.BaxterTestCase  - ObjectUpdaterThread.run() threadName: MessageSender userId: t General session objectUpdates.size: 0
[2011-06-01 13:12:06,653][TRACE] - ObjectUpdaterThread.addNewObjectToList() finished... threadName: MessageSender userId: t General session isClearingList: false isWaiting: false processTime: 0
2884 [main] TRACE com.baxter.junit.BaxterTestCase  - ObjectUpdaterThread.addNewObjectToList() finished... threadName: MessageSender userId: t General session isClearingList: false isWaiting: false processTime: 0
2884 [main] TRACE com.baxter.junit.BaxterTestCase  - ObjectUpdaterThread.addNewObjectToList() finished... threadName: MessageSender userId: t General session isClearingList: false isWaiting: false processTime: 0
[2011-06-01 13:12:06,664][TRACE] - UserSession.MessageSenderObjectUpdaterThread.processObject() message sent: Heartbeat message: TimeStamp: 1306926726653 SeqNumber: 1  userId: t General session
2895 [MessageSender userId: t General session] TRACE com.baxter.junit.BaxterTestCase  - UserSession.MessageSenderObjectUpdaterThread.processObject() message sent: Heartbeat message: TimeStamp: 1306926726653 SeqNumber: 1  userId: t General session
2895 [MessageSender userId: t General session] TRACE com.baxter.junit.BaxterTestCase  - UserSession.MessageSenderObjectUpdaterThread.processObject() message sent: Heartbeat message: TimeStamp: 1306926726653 SeqNumber: 1  userId: t General session
[2011-06-01 13:12:06,664][TRACE] - ObjectUpdaterThread.run() threadName: MessageSender userId: t General session Start waiting... ListUpdated: false
2895 [MessageSender userId: t General session] TRACE com.baxter.junit.BaxterTestCase  - ObjectUpdaterThread.run() threadName: MessageSender userId: t General session Start waiting... ListUpdated: false
2895 [MessageSender userId: t General session] TRACE com.baxter.junit.BaxterTestCase  - ObjectUpdaterThread.run() threadName: MessageSender userId: t General session Start waiting... ListUpdated: false
[2011-06-01 13:12:08,654][DEBUG] - UserSession.shutdown(): shutdown invoked. userId: t General session
4885 [main] DEBUG com.baxter.junit.BaxterTestCase  - UserSession.shutdown(): shutdown invoked. userId: t General session
4885 [main] DEBUG com.baxter.junit.BaxterTestCase  - UserSession.shutdown(): shutdown invoked. userId: t General session
[2011-06-01 13:12:08,654][DEBUG] - ObjectUpdaterThread.stopService() is invoked... threadName: MessageReceiver userId: t General session
4885 [main] DEBUG com.baxter.junit.BaxterTestCase  - ObjectUpdaterThread.stopService() is invoked... threadName: MessageReceiver userId: t General session
4885 [main] DEBUG com.baxter.junit.BaxterTestCase  - ObjectUpdaterThread.stopService() is invoked... threadName: MessageReceiver userId: t General session
[2011-06-01 13:12:08,655][INFO] - ObjectUpdaterThread.run(): threadName: MessageReceiver userId: t General session method run ended...
4886 [MessageReceiver userId: t General session] INFO com.baxter.junit.BaxterTestCase  - ObjectUpdaterThread.run(): threadName: MessageReceiver userId: t General session method run ended...
4886 [MessageReceiver userId: t General session] INFO com.baxter.junit.BaxterTestCase  - ObjectUpdaterThread.run(): threadName: MessageReceiver userId: t General session method run ended...
[2011-06-01 13:12:08,655][DEBUG] - ObjectUpdaterThread.stopService() is invoked... threadName: MessageSender userId: t General session
4886 [main] DEBUG com.baxter.junit.BaxterTestCase  - ObjectUpdaterThread.stopService() is invoked... threadName: MessageSender userId: t General session
4886 [main] DEBUG com.baxter.junit.BaxterTestCase  - ObjectUpdaterThread.stopService() is invoked... threadName: MessageSender userId: t General session
[2011-06-01 13:12:08,655][INFO] - ObjectUpdaterThread.run(): threadName: MessageSender userId: t General session method run ended...
4886 [MessageSender userId: t General session] INFO com.baxter.junit.BaxterTestCase  - ObjectUpdaterThread.run(): threadName: MessageSender userId: t General session method run ended...
4886 [MessageSender userId: t General session] INFO com.baxter.junit.BaxterTestCase  - ObjectUpdaterThread.run(): threadName: MessageSender userId: t General session method run ended...
[2011-06-01 13:12:08,655][TRACE] - removeChannel(): alias: t_client_JMS_QueueAliasSTC
4886 [main] TRACE com.baxter.junit.BaxterTestCase  - removeChannel(): alias: t_client_JMS_QueueAliasSTC
4886 [main] TRACE com.baxter.junit.BaxterTestCase  - removeChannel(): alias: t_client_JMS_QueueAliasSTC
[2011-06-01 13:12:08,663][DEBUG] - disconnectFromJMS(): receiver closed. alias: t_client_JMS_QueueAliasSTC
4894 [main] DEBUG com.baxter.junit.BaxterTestCase  - disconnectFromJMS(): receiver closed. alias: t_client_JMS_QueueAliasSTC
4894 [main] DEBUG com.baxter.junit.BaxterTestCase  - disconnectFromJMS(): receiver closed. alias: t_client_JMS_QueueAliasSTC
[2011-06-01 13:12:08,666][DEBUG] - disconnectFromJMS(): session closed. alias: t_client_JMS_QueueAliasSTC
4897 [main] DEBUG com.baxter.junit.BaxterTestCase  - disconnectFromJMS(): session closed. alias: t_client_JMS_QueueAliasSTC
4897 [main] DEBUG com.baxter.junit.BaxterTestCase  - disconnectFromJMS(): session closed. alias: t_client_JMS_QueueAliasSTC
[2011-06-01 13:12:08,684][DEBUG] - disconnectFromJMS(): connection closed. alias: t_client_JMS_QueueAliasSTC
4915 [main] DEBUG com.baxter.junit.BaxterTestCase  - disconnectFromJMS(): connection closed. alias: t_client_JMS_QueueAliasSTC
4915 [main] DEBUG com.baxter.junit.BaxterTestCase  - disconnectFromJMS(): connection closed. alias: t_client_JMS_QueueAliasSTC
[2011-06-01 13:12:08,684][TRACE] - removeChannel(): alias: t_client_JMS_QueueAliasCTS
4915 [main] TRACE com.baxter.junit.BaxterTestCase  - removeChannel(): alias: t_client_JMS_QueueAliasCTS
4915 [main] TRACE com.baxter.junit.BaxterTestCase  - removeChannel(): alias: t_client_JMS_QueueAliasCTS
[2011-06-01 13:12:08,685][DEBUG] - disconnectFromJMS(): session closed. alias: t_client_JMS_QueueAliasCTS
4916 [main] DEBUG com.baxter.junit.BaxterTestCase  - disconnectFromJMS(): session closed. alias: t_client_JMS_QueueAliasCTS
4916 [main] DEBUG com.baxter.junit.BaxterTestCase  - disconnectFromJMS(): session closed. alias: t_client_JMS_QueueAliasCTS
[2011-06-01 13:12:08,688][DEBUG] - disconnectFromJMS(): connection closed. alias: t_client_JMS_QueueAliasCTS
4919 [main] DEBUG com.baxter.junit.BaxterTestCase  - disconnectFromJMS(): connection closed. alias: t_client_JMS_QueueAliasCTS
4919 [main] DEBUG com.baxter.junit.BaxterTestCase  - disconnectFromJMS(): connection closed. alias: t_client_JMS_QueueAliasCTS
[2011-06-01 13:12:08,690][DEBUG] - GeneralServerUserSession.shutdown() udpMessageSender is shutting down. userId: t General session
4921 [main] DEBUG com.baxter.junit.BaxterTestCase  - GeneralServerUserSession.shutdown() udpMessageSender is shutting down. userId: t General session
4921 [main] DEBUG com.baxter.junit.BaxterTestCase  - GeneralServerUserSession.shutdown() udpMessageSender is shutting down. userId: t General session
[2011-06-01 13:12:08,691][DEBUG] - UserSession.shutdown(): shutdown invoked. userId: t General session
4922 [main] DEBUG com.baxter.junit.BaxterTestCase  - UserSession.shutdown(): shutdown invoked. userId: t General session
4922 [main] DEBUG com.baxter.junit.BaxterTestCase  - UserSession.shutdown(): shutdown invoked. userId: t General session
[2011-06-01 13:12:08,691][DEBUG] - ObjectUpdaterThread.stopService() is invoked... threadName: MessageReceiver userId: t General session
4922 [main] DEBUG com.baxter.junit.BaxterTestCase  - ObjectUpdaterThread.stopService() is invoked... threadName: MessageReceiver userId: t General session
4922 [main] DEBUG com.baxter.junit.BaxterTestCase  - ObjectUpdaterThread.stopService() is invoked... threadName: MessageReceiver userId: t General session
[2011-06-01 13:12:08,691][INFO] - ObjectUpdaterThread.run(): threadName: MessageReceiver userId: t General session method run ended...
4922 [MessageReceiver userId: t General session] INFO com.baxter.junit.BaxterTestCase  - ObjectUpdaterThread.run(): threadName: MessageReceiver userId: t General session method run ended...
4922 [MessageReceiver userId: t General session] INFO com.baxter.junit.BaxterTestCase  - ObjectUpdaterThread.run(): threadName: MessageReceiver userId: t General session method run ended...
[2011-06-01 13:12:08,691][DEBUG] - ObjectUpdaterThread.stopService() is invoked... threadName: MessageSender userId: t General session
4922 [main] DEBUG com.baxter.junit.BaxterTestCase  - ObjectUpdaterThread.stopService() is invoked... threadName: MessageSender userId: t General session
4922 [main] DEBUG com.baxter.junit.BaxterTestCase  - ObjectUpdaterThread.stopService() is invoked... threadName: MessageSender userId: t General session
[2011-06-01 13:12:08,692][INFO] - ObjectUpdaterThread.run(): threadName: MessageSender userId: t General session method run ended...
4923 [MessageSender userId: t General session] INFO com.baxter.junit.BaxterTestCase  - ObjectUpdaterThread.run(): threadName: MessageSender userId: t General session method run ended...
4923 [MessageSender userId: t General session] INFO com.baxter.junit.BaxterTestCase  - ObjectUpdaterThread.run(): threadName: MessageSender userId: t General session method run ended...
[2011-06-01 13:12:08,692][TRACE] - removeChannel(): alias: t_JMS_QueueAliasCTS
4923 [main] TRACE com.baxter.junit.BaxterTestCase  - removeChannel(): alias: t_JMS_QueueAliasCTS
4923 [main] TRACE com.baxter.junit.BaxterTestCase  - removeChannel(): alias: t_JMS_QueueAliasCTS
[2011-06-01 13:12:08,694][DEBUG] - disconnectFromJMS(): receiver closed. alias: t_JMS_QueueAliasCTS
4925 [main] DEBUG com.baxter.junit.BaxterTestCase  - disconnectFromJMS(): receiver closed. alias: t_JMS_QueueAliasCTS
4925 [main] DEBUG com.baxter.junit.BaxterTestCase  - disconnectFromJMS(): receiver closed. alias: t_JMS_QueueAliasCTS
[2011-06-01 13:12:08,695][DEBUG] - disconnectFromJMS(): session closed. alias: t_JMS_QueueAliasCTS
4926 [main] DEBUG com.baxter.junit.BaxterTestCase  - disconnectFromJMS(): session closed. alias: t_JMS_QueueAliasCTS
4926 [main] DEBUG com.baxter.junit.BaxterTestCase  - disconnectFromJMS(): session closed. alias: t_JMS_QueueAliasCTS
[2011-06-01 13:12:08,698][DEBUG] - disconnectFromJMS(): connection closed. alias: t_JMS_QueueAliasCTS
4929 [main] DEBUG com.baxter.junit.BaxterTestCase  - disconnectFromJMS(): connection closed. alias: t_JMS_QueueAliasCTS
4929 [main] DEBUG com.baxter.junit.BaxterTestCase  - disconnectFromJMS(): connection closed. alias: t_JMS_QueueAliasCTS
[2011-06-01 13:12:08,698][TRACE] - removeChannel(): alias: t_JMS_QueueAliasSTC
4929 [main] TRACE com.baxter.junit.BaxterTestCase  - removeChannel(): alias: t_JMS_QueueAliasSTC
4929 [main] TRACE com.baxter.junit.BaxterTestCase  - removeChannel(): alias: t_JMS_QueueAliasSTC
[2011-06-01 13:12:08,700][DEBUG] - disconnectFromJMS(): session closed. alias: t_JMS_QueueAliasSTC
4931 [main] DEBUG com.baxter.junit.BaxterTestCase  - disconnectFromJMS(): session closed. alias: t_JMS_QueueAliasSTC
4931 [main] DEBUG com.baxter.junit.BaxterTestCase  - disconnectFromJMS(): session closed. alias: t_JMS_QueueAliasSTC
[2011-06-01 13:12:08,703][DEBUG] - disconnectFromJMS(): connection closed. alias: t_JMS_QueueAliasSTC
4934 [main] DEBUG com.baxter.junit.BaxterTestCase  - disconnectFromJMS(): connection closed. alias: t_JMS_QueueAliasSTC
4934 [main] DEBUG com.baxter.junit.BaxterTestCase  - disconnectFromJMS(): connection closed. alias: t_JMS_QueueAliasSTC
[2011-06-01 13:12:08,703][DEBUG] - ObjectUpdaterThread.stopService() is invoked... threadName: com.baxter.cdtradesupervisor.UserSession$MessageReceiverObjectUpdaterThread
4934 [main] DEBUG com.baxter.junit.BaxterTestCase  - ObjectUpdaterThread.stopService() is invoked... threadName: com.baxter.cdtradesupervisor.UserSession$MessageReceiverObjectUpdaterThread
4934 [main] DEBUG com.baxter.junit.BaxterTestCase  - ObjectUpdaterThread.stopService() is invoked... threadName: com.baxter.cdtradesupervisor.UserSession$MessageReceiverObjectUpdaterThread
[2011-06-01 13:12:08,703][DEBUG] - ObjectUpdaterThread.stopService() is invoked... threadName: com.baxter.cdtradesupervisor.UserSession$MessageSenderObjectUpdaterThread
4934 [main] DEBUG com.baxter.junit.BaxterTestCase  - ObjectUpdaterThread.stopService() is invoked... threadName: com.baxter.cdtradesupervisor.UserSession$MessageSenderObjectUpdaterThread
4934 [main] DEBUG com.baxter.junit.BaxterTestCase  - ObjectUpdaterThread.stopService() is invoked... threadName: com.baxter.cdtradesupervisor.UserSession$MessageSenderObjectUpdaterThread
</system-out>
    <system-err>Converted relativePath: /conf/jms_JUnit.ini to: /store/jenkins/jobs/currency-dealing/workspace/target/test-classes/conf/jms_JUnit.iniConverted relativePath: /conf/jms_JUnit.ini to: /store/jenkins/jobs/currency-dealing/workspace/target/test-classes/conf/jms_JUnit.iniFailed to initalize plugin: org.jboss.logging.log4j.Log4jLoggerPlugin@e1d5ea, cause: java.lang.AbstractMethodError: org.jboss.logging.log4j.Log4jLoggerPlugin.getInstance(Ljava/lang/String;Ljava/lang/String;)Lorg/jboss/logging/LoggerPluginInstance;Failed to initalize plugin: org.jboss.logging.log4j.Log4jLoggerPlugin@698403, cause: java.lang.AbstractMethodError: org.jboss.logging.log4j.Log4jLoggerPlugin.getInstance(Ljava/lang/String;Ljava/lang/String;)Lorg/jboss/logging/LoggerPluginInstance;Converted relativePath: /conf/jms_JUnit.ini to: /store/jenkins/jobs/currency-dealing/workspace/target/test-classes/conf/jms_JUnit.ini</system-err>
  </testcase>
  <testcase time="0.035" classname="com.baxter.cdtradesupervisor.TestUserSession" name="testClientServerSessionGapFill">
    <failure message="expected:&lt;5&gt; but was:&lt;0&gt;" type="junit.framework.AssertionFailedError">junit.framework.AssertionFailedError: expected:&lt;5&gt; but was:&lt;0&gt;
	at junit.framework.Assert.fail(Assert.java:47)
	at junit.framework.Assert.failNotEquals(Assert.java:283)
	at junit.framework.Assert.assertEquals(Assert.java:64)
	at junit.framework.Assert.assertEquals(Assert.java:130)
	at junit.framework.Assert.assertEquals(Assert.java:136)
	at com.baxter.cdtradesupervisor.TestUserSession.testClientServerSessionGapFill(TestUserSession.java:584)
	at sun.reflect.NativeMethodAccessorImpl.invoke0(Native Method)
	at sun.reflect.NativeMethodAccessorImpl.invoke(NativeMethodAccessorImpl.java:39)
	at sun.reflect.DelegatingMethodAccessorImpl.invoke(DelegatingMethodAccessorImpl.java:25)
	at java.lang.reflect.Method.invoke(Method.java:597)
	at junit.framework.TestCase.runTest(TestCase.java:168)
	at junit.framework.TestCase.runBare(TestCase.java:134)
	at junit.framework.TestResult$1.protect(TestResult.java:110)
	at junit.framework.TestResult.runProtected(TestResult.java:128)
	at junit.framework.TestResult.run(TestResult.java:113)
	at junit.framework.TestCase.run(TestCase.java:124)
	at junit.framework.TestSuite.runTest(TestSuite.java:243)
	at junit.framework.TestSuite.run(TestSuite.java:238)
	at org.junit.internal.runners.JUnit38ClassRunner.run(JUnit38ClassRunner.java:83)
	at org.junit.runners.Suite.runChild(Suite.java:128)
	at org.junit.runners.Suite.runChild(Suite.java:24)
	at org.junit.runners.ParentRunner$3.run(ParentRunner.java:193)
	at org.junit.runners.ParentRunner$1.schedule(ParentRunner.java:52)
	at org.junit.runners.ParentRunner.runChildren(ParentRunner.java:191)
	at org.junit.runners.ParentRunner.access$000(ParentRunner.java:42)
	at org.junit.runners.ParentRunner$2.evaluate(ParentRunner.java:184)
	at org.junit.runners.ParentRunner.run(ParentRunner.java:236)
	at org.junit.runner.JUnitCore.run(JUnitCore.java:157)
	at org.junit.runner.JUnitCore.run(JUnitCore.java:136)
	at org.junit.runner.JUnitCore.run(JUnitCore.java:127)
	at org.apache.maven.surefire.junitcore.JUnitCoreWrapper.execute(JUnitCoreWrapper.java:52)
	at org.apache.maven.surefire.junitcore.JUnitCoreProvider.invoke(JUnitCoreProvider.java:109)
	at sun.reflect.NativeMethodAccessorImpl.invoke0(Native Method)
	at sun.reflect.NativeMethodAccessorImpl.invoke(NativeMethodAccessorImpl.java:39)
	at sun.reflect.DelegatingMethodAccessorImpl.invoke(DelegatingMethodAccessorImpl.java:25)
	at java.lang.reflect.Method.invoke(Method.java:597)
	at org.apache.maven.surefire.booter.ProviderFactory$ClassLoaderProxy.invoke(ProviderFactory.java:103)
	at $Proxy0.invoke(Unknown Source)
	at org.apache.maven.surefire.booter.SurefireStarter.invokeProvider(SurefireStarter.java:150)
	at org.apache.maven.surefire.booter.SurefireStarter.runSuitesInProcess(SurefireStarter.java:74)
	at org.apache.maven.surefire.booter.ForkedBooter.main(ForkedBooter.java:69)
</failure>
    <system-out>UserSession.UserSession() - hbSender: Thread[HeartBeatSender,5,main]MyUserSession: UserSession: userId:thbSender: Thread[HeartBeatSender,5,main][2011-06-01 13:12:08,728][DEBUG] - UserSession(): session is creating. userId: t General session
4959 [main] DEBUG com.baxter.junit.BaxterTestCase  - UserSession(): session is creating. userId: t General session
4959 [main] DEBUG com.baxter.junit.BaxterTestCase  - UserSession(): session is creating. userId: t General session
4959 [main] DEBUG com.baxter.junit.BaxterTestCase  - UserSession(): session is creating. userId: t General session
[2011-06-01 13:12:08,729][TRACE] - UserSession.UserSession(): MAX_ENTRIES_OF_MESSAGEHISTORY=100 JMS_HEARTBEAT_DELAY=5000 MAX_JMS_SESSION_STARTUP_DELAY=500 MAX_HEARTBEAT_TOLERANCE=5000 MAX_SIZE_OF_HOLD_UP_LIST=100 userId: t General session
4960 [main] TRACE com.baxter.junit.BaxterTestCase  - UserSession.UserSession(): MAX_ENTRIES_OF_MESSAGEHISTORY=100 JMS_HEARTBEAT_DELAY=5000 MAX_JMS_SESSION_STARTUP_DELAY=500 MAX_HEARTBEAT_TOLERANCE=5000 MAX_SIZE_OF_HOLD_UP_LIST=100 userId: t General session
4960 [main] TRACE com.baxter.junit.BaxterTestCase  - UserSession.UserSession(): MAX_ENTRIES_OF_MESSAGEHISTORY=100 JMS_HEARTBEAT_DELAY=5000 MAX_JMS_SESSION_STARTUP_DELAY=500 MAX_HEARTBEAT_TOLERANCE=5000 MAX_SIZE_OF_HOLD_UP_LIST=100 userId: t General session
4960 [main] TRACE com.baxter.junit.BaxterTestCase  - UserSession.UserSession(): MAX_ENTRIES_OF_MESSAGEHISTORY=100 JMS_HEARTBEAT_DELAY=5000 MAX_JMS_SESSION_STARTUP_DELAY=500 MAX_HEARTBEAT_TOLERANCE=5000 MAX_SIZE_OF_HOLD_UP_LIST=100 userId: t General session
[2011-06-01 13:12:08,729][TRACE] - UserSession.UserSession(): userListForSelector=[t] userId: t General session
4960 [main] TRACE com.baxter.junit.BaxterTestCase  - UserSession.UserSession(): userListForSelector=[t] userId: t General session
4960 [main] TRACE com.baxter.junit.BaxterTestCase  - UserSession.UserSession(): userListForSelector=[t] userId: t General session
4960 [main] TRACE com.baxter.junit.BaxterTestCase  - UserSession.UserSession(): userListForSelector=[t] userId: t General session
[2011-06-01 13:12:08,729][DEBUG] - GeneralClientUserSession.setupJMS() is invoked. userId: t General session
4960 [main] DEBUG com.baxter.junit.BaxterTestCase  - GeneralClientUserSession.setupJMS() is invoked. userId: t General session
4960 [main] DEBUG com.baxter.junit.BaxterTestCase  - GeneralClientUserSession.setupJMS() is invoked. userId: t General session
4960 [main] DEBUG com.baxter.junit.BaxterTestCase  - GeneralClientUserSession.setupJMS() is invoked. userId: t General session
[2011-06-01 13:12:08,731][DEBUG] - GeneralClientUserSession.setupJMS() providerURL: jnp://192.168.9.33:1099
		contextFactory: org.jnp.interfaces.NamingContextFactory
		queueFactoryName: /ConnectionFactory
		JMS_ServerToClientQueue: t_JMS_ServerToClientQueue@router1
		JMS_ClientToServerQueue: t_JMS_ClientToServerQueue@router1
		timeToLive: 30000
		queueAliasForSending: t_client_JMS_QueueAliasCTS
		qqueueAliasForReceiving: t_client_JMS_QueueAliasSTC userId: t General session
4962 [main] DEBUG com.baxter.junit.BaxterTestCase  - GeneralClientUserSession.setupJMS() providerURL: jnp://192.168.9.33:1099
		contextFactory: org.jnp.interfaces.NamingContextFactory
		queueFactoryName: /ConnectionFactory
		JMS_ServerToClientQueue: t_JMS_ServerToClientQueue@router1
		JMS_ClientToServerQueue: t_JMS_ClientToServerQueue@router1
		timeToLive: 30000
		queueAliasForSending: t_client_JMS_QueueAliasCTS
		qqueueAliasForReceiving: t_client_JMS_QueueAliasSTC userId: t General session
4962 [main] DEBUG com.baxter.junit.BaxterTestCase  - GeneralClientUserSession.setupJMS() providerURL: jnp://192.168.9.33:1099
		contextFactory: org.jnp.interfaces.NamingContextFactory
		queueFactoryName: /ConnectionFactory
		JMS_ServerToClientQueue: t_JMS_ServerToClientQueue@router1
		JMS_ClientToServerQueue: t_JMS_ClientToServerQueue@router1
		timeToLive: 30000
		queueAliasForSending: t_client_JMS_QueueAliasCTS
		qqueueAliasForReceiving: t_client_JMS_QueueAliasSTC userId: t General session
4962 [main] DEBUG com.baxter.junit.BaxterTestCase  - GeneralClientUserSession.setupJMS() providerURL: jnp://192.168.9.33:1099
		contextFactory: org.jnp.interfaces.NamingContextFactory
		queueFactoryName: /ConnectionFactory
		JMS_ServerToClientQueue: t_JMS_ServerToClientQueue@router1
		JMS_ClientToServerQueue: t_JMS_ClientToServerQueue@router1
		timeToLive: 30000
		queueAliasForSending: t_client_JMS_QueueAliasCTS
		qqueueAliasForReceiving: t_client_JMS_QueueAliasSTC userId: t General session
[2011-06-01 13:12:08,731][TRACE] - getInitialContext(): providerURL: jnp://192.168.9.33:1099 INITIAL_CONTEXT_FACTORY: org.jnp.interfaces.NamingContextFactory
4962 [main] TRACE com.baxter.junit.BaxterTestCase  - getInitialContext(): providerURL: jnp://192.168.9.33:1099 INITIAL_CONTEXT_FACTORY: org.jnp.interfaces.NamingContextFactory
4962 [main] TRACE com.baxter.junit.BaxterTestCase  - getInitialContext(): providerURL: jnp://192.168.9.33:1099 INITIAL_CONTEXT_FACTORY: org.jnp.interfaces.NamingContextFactory
4962 [main] TRACE com.baxter.junit.BaxterTestCase  - getInitialContext(): providerURL: jnp://192.168.9.33:1099 INITIAL_CONTEXT_FACTORY: org.jnp.interfaces.NamingContextFactory
[2011-06-01 13:12:08,732][TRACE] - connectToJMS(): channelName: t_JMS_ServerToClientQueue@router1, lookup QUEUE_CONNECTION_FACTORY: /ConnectionFactory
4963 [main] TRACE com.baxter.junit.BaxterTestCase  - connectToJMS(): channelName: t_JMS_ServerToClientQueue@router1, lookup QUEUE_CONNECTION_FACTORY: /ConnectionFactory
4963 [main] TRACE com.baxter.junit.BaxterTestCase  - connectToJMS(): channelName: t_JMS_ServerToClientQueue@router1, lookup QUEUE_CONNECTION_FACTORY: /ConnectionFactory
4963 [main] TRACE com.baxter.junit.BaxterTestCase  - connectToJMS(): channelName: t_JMS_ServerToClientQueue@router1, lookup QUEUE_CONNECTION_FACTORY: /ConnectionFactory
[2011-06-01 13:12:08,739][TRACE] - connectToJMS(): channelName: t_JMS_ServerToClientQueue@router1, createQueueConnection()
4970 [main] TRACE com.baxter.junit.BaxterTestCase  - connectToJMS(): channelName: t_JMS_ServerToClientQueue@router1, createQueueConnection()
4970 [main] TRACE com.baxter.junit.BaxterTestCase  - connectToJMS(): channelName: t_JMS_ServerToClientQueue@router1, createQueueConnection()
4970 [main] TRACE com.baxter.junit.BaxterTestCase  - connectToJMS(): channelName: t_JMS_ServerToClientQueue@router1, createQueueConnection()
[2011-06-01 13:12:08,739][TRACE] - connectToJMS(): channelName: t_JMS_ServerToClientQueue@router1, createTopicConnection()
4970 [main] TRACE com.baxter.junit.BaxterTestCase  - connectToJMS(): channelName: t_JMS_ServerToClientQueue@router1, createTopicConnection()
4970 [main] TRACE com.baxter.junit.BaxterTestCase  - connectToJMS(): channelName: t_JMS_ServerToClientQueue@router1, createTopicConnection()
4970 [main] TRACE com.baxter.junit.BaxterTestCase  - connectToJMS(): channelName: t_JMS_ServerToClientQueue@router1, createTopicConnection()
[2011-06-01 13:12:08,753][TRACE] - connectToJMS(): channelName: t_JMS_ServerToClientQueue@router1, setExceptionListener()
4984 [main] TRACE com.baxter.junit.BaxterTestCase  - connectToJMS(): channelName: t_JMS_ServerToClientQueue@router1, setExceptionListener()
4984 [main] TRACE com.baxter.junit.BaxterTestCase  - connectToJMS(): channelName: t_JMS_ServerToClientQueue@router1, setExceptionListener()
4984 [main] TRACE com.baxter.junit.BaxterTestCase  - connectToJMS(): channelName: t_JMS_ServerToClientQueue@router1, setExceptionListener()
[2011-06-01 13:12:08,753][TRACE] - connectToJMS(): channelName: t_JMS_ServerToClientQueue@router1, createQueueSession()
4984 [main] TRACE com.baxter.junit.BaxterTestCase  - connectToJMS(): channelName: t_JMS_ServerToClientQueue@router1, createQueueSession()
4984 [main] TRACE com.baxter.junit.BaxterTestCase  - connectToJMS(): channelName: t_JMS_ServerToClientQueue@router1, createQueueSession()
4984 [main] TRACE com.baxter.junit.BaxterTestCase  - connectToJMS(): channelName: t_JMS_ServerToClientQueue@router1, createQueueSession()
[2011-06-01 13:12:08,755][TRACE] - connectToJMS(): channelName: t_JMS_ServerToClientQueue@router1, lookup channelName: t_JMS_ServerToClientQueue@router1
4986 [main] TRACE com.baxter.junit.BaxterTestCase  - connectToJMS(): channelName: t_JMS_ServerToClientQueue@router1, lookup channelName: t_JMS_ServerToClientQueue@router1
4986 [main] TRACE com.baxter.junit.BaxterTestCase  - connectToJMS(): channelName: t_JMS_ServerToClientQueue@router1, lookup channelName: t_JMS_ServerToClientQueue@router1
4986 [main] TRACE com.baxter.junit.BaxterTestCase  - connectToJMS(): channelName: t_JMS_ServerToClientQueue@router1, lookup channelName: t_JMS_ServerToClientQueue@router1
[2011-06-01 13:12:08,760][TRACE] - connectToJMS(): channelName: t_JMS_ServerToClientQueue@router1, initialContext.close()
4991 [main] TRACE com.baxter.junit.BaxterTestCase  - connectToJMS(): channelName: t_JMS_ServerToClientQueue@router1, initialContext.close()
4991 [main] TRACE com.baxter.junit.BaxterTestCase  - connectToJMS(): channelName: t_JMS_ServerToClientQueue@router1, initialContext.close()
4991 [main] TRACE com.baxter.junit.BaxterTestCase  - connectToJMS(): channelName: t_JMS_ServerToClientQueue@router1, initialContext.close()
[2011-06-01 13:12:08,761][TRACE] - connectToJMS(): channelName: t_JMS_ServerToClientQueue@router1, createReceiver()
4992 [main] TRACE com.baxter.junit.BaxterTestCase  - connectToJMS(): channelName: t_JMS_ServerToClientQueue@router1, createReceiver()
4992 [main] TRACE com.baxter.junit.BaxterTestCase  - connectToJMS(): channelName: t_JMS_ServerToClientQueue@router1, createReceiver()
4992 [main] TRACE com.baxter.junit.BaxterTestCase  - connectToJMS(): channelName: t_JMS_ServerToClientQueue@router1, createReceiver()
[2011-06-01 13:12:08,764][TRACE] - connectToJMS(): successfully connected...  alias: t_client_JMS_QueueAliasSTC providerURL: jnp://192.168.9.33:1099 channelName: t_JMS_ServerToClientQueue@router1 ackMode: 1 messageTimeToLive: 30000 deliveryMode: 1 isSender: false messageListener: null userName: null password: null
4995 [main] TRACE com.baxter.junit.BaxterTestCase  - connectToJMS(): successfully connected...  alias: t_client_JMS_QueueAliasSTC providerURL: jnp://192.168.9.33:1099 channelName: t_JMS_ServerToClientQueue@router1 ackMode: 1 messageTimeToLive: 30000 deliveryMode: 1 isSender: false messageListener: null userName: null password: null
4995 [main] TRACE com.baxter.junit.BaxterTestCase  - connectToJMS(): successfully connected...  alias: t_client_JMS_QueueAliasSTC providerURL: jnp://192.168.9.33:1099 channelName: t_JMS_ServerToClientQueue@router1 ackMode: 1 messageTimeToLive: 30000 deliveryMode: 1 isSender: false messageListener: null userName: null password: null
4995 [main] TRACE com.baxter.junit.BaxterTestCase  - connectToJMS(): successfully connected...  alias: t_client_JMS_QueueAliasSTC providerURL: jnp://192.168.9.33:1099 channelName: t_JMS_ServerToClientQueue@router1 ackMode: 1 messageTimeToLive: 30000 deliveryMode: 1 isSender: false messageListener: null userName: null password: null
[2011-06-01 13:12:08,764][TRACE] - getInitialContext(): providerURL: jnp://192.168.9.33:1099 INITIAL_CONTEXT_FACTORY: org.jnp.interfaces.NamingContextFactory
4995 [main] TRACE com.baxter.junit.BaxterTestCase  - getInitialContext(): providerURL: jnp://192.168.9.33:1099 INITIAL_CONTEXT_FACTORY: org.jnp.interfaces.NamingContextFactory
4995 [main] TRACE com.baxter.junit.BaxterTestCase  - getInitialContext(): providerURL: jnp://192.168.9.33:1099 INITIAL_CONTEXT_FACTORY: org.jnp.interfaces.NamingContextFactory
4995 [main] TRACE com.baxter.junit.BaxterTestCase  - getInitialContext(): providerURL: jnp://192.168.9.33:1099 INITIAL_CONTEXT_FACTORY: org.jnp.interfaces.NamingContextFactory
[2011-06-01 13:12:08,765][TRACE] - connectToJMS(): channelName: t_JMS_ClientToServerQueue@router1, lookup QUEUE_CONNECTION_FACTORY: /ConnectionFactory
4996 [main] TRACE com.baxter.junit.BaxterTestCase  - connectToJMS(): channelName: t_JMS_ClientToServerQueue@router1, lookup QUEUE_CONNECTION_FACTORY: /ConnectionFactory
4996 [main] TRACE com.baxter.junit.BaxterTestCase  - connectToJMS(): channelName: t_JMS_ClientToServerQueue@router1, lookup QUEUE_CONNECTION_FACTORY: /ConnectionFactory
4996 [main] TRACE com.baxter.junit.BaxterTestCase  - connectToJMS(): channelName: t_JMS_ClientToServerQueue@router1, lookup QUEUE_CONNECTION_FACTORY: /ConnectionFactory
[2011-06-01 13:12:08,765][TRACE] - ContextWatchThread.run(): initialContext OK...
4996 [Thread-37] TRACE com.baxter.junit.BaxterTestCase  - ContextWatchThread.run(): initialContext OK...
4996 [Thread-37] TRACE com.baxter.junit.BaxterTestCase  - ContextWatchThread.run(): initialContext OK...
4996 [Thread-37] TRACE com.baxter.junit.BaxterTestCase  - ContextWatchThread.run(): initialContext OK...
[2011-06-01 13:12:08,774][TRACE] - connectToJMS(): channelName: t_JMS_ClientToServerQueue@router1, createQueueConnection()
5005 [main] TRACE com.baxter.junit.BaxterTestCase  - connectToJMS(): channelName: t_JMS_ClientToServerQueue@router1, createQueueConnection()
5005 [main] TRACE com.baxter.junit.BaxterTestCase  - connectToJMS(): channelName: t_JMS_ClientToServerQueue@router1, createQueueConnection()
5005 [main] TRACE com.baxter.junit.BaxterTestCase  - connectToJMS(): channelName: t_JMS_ClientToServerQueue@router1, createQueueConnection()
[2011-06-01 13:12:08,774][TRACE] - connectToJMS(): channelName: t_JMS_ClientToServerQueue@router1, createTopicConnection()
5005 [main] TRACE com.baxter.junit.BaxterTestCase  - connectToJMS(): channelName: t_JMS_ClientToServerQueue@router1, createTopicConnection()
5005 [main] TRACE com.baxter.junit.BaxterTestCase  - connectToJMS(): channelName: t_JMS_ClientToServerQueue@router1, createTopicConnection()
5005 [main] TRACE com.baxter.junit.BaxterTestCase  - connectToJMS(): channelName: t_JMS_ClientToServerQueue@router1, createTopicConnection()
[2011-06-01 13:12:08,786][TRACE] - connectToJMS(): channelName: t_JMS_ClientToServerQueue@router1, setExceptionListener()
5017 [main] TRACE com.baxter.junit.BaxterTestCase  - connectToJMS(): channelName: t_JMS_ClientToServerQueue@router1, setExceptionListener()
5017 [main] TRACE com.baxter.junit.BaxterTestCase  - connectToJMS(): channelName: t_JMS_ClientToServerQueue@router1, setExceptionListener()
5017 [main] TRACE com.baxter.junit.BaxterTestCase  - connectToJMS(): channelName: t_JMS_ClientToServerQueue@router1, setExceptionListener()
[2011-06-01 13:12:08,786][TRACE] - connectToJMS(): channelName: t_JMS_ClientToServerQueue@router1, createQueueSession()
5017 [main] TRACE com.baxter.junit.BaxterTestCase  - connectToJMS(): channelName: t_JMS_ClientToServerQueue@router1, createQueueSession()
5017 [main] TRACE com.baxter.junit.BaxterTestCase  - connectToJMS(): channelName: t_JMS_ClientToServerQueue@router1, createQueueSession()
5017 [main] TRACE com.baxter.junit.BaxterTestCase  - connectToJMS(): channelName: t_JMS_ClientToServerQueue@router1, createQueueSession()
[2011-06-01 13:12:08,788][TRACE] - connectToJMS(): channelName: t_JMS_ClientToServerQueue@router1, lookup channelName: t_JMS_ClientToServerQueue@router1
5019 [main] TRACE com.baxter.junit.BaxterTestCase  - connectToJMS(): channelName: t_JMS_ClientToServerQueue@router1, lookup channelName: t_JMS_ClientToServerQueue@router1
5019 [main] TRACE com.baxter.junit.BaxterTestCase  - connectToJMS(): channelName: t_JMS_ClientToServerQueue@router1, lookup channelName: t_JMS_ClientToServerQueue@router1
5019 [main] TRACE com.baxter.junit.BaxterTestCase  - connectToJMS(): channelName: t_JMS_ClientToServerQueue@router1, lookup channelName: t_JMS_ClientToServerQueue@router1
[2011-06-01 13:12:08,792][TRACE] - connectToJMS(): channelName: t_JMS_ClientToServerQueue@router1, initialContext.close()
5023 [main] TRACE com.baxter.junit.BaxterTestCase  - connectToJMS(): channelName: t_JMS_ClientToServerQueue@router1, initialContext.close()
5023 [main] TRACE com.baxter.junit.BaxterTestCase  - connectToJMS(): channelName: t_JMS_ClientToServerQueue@router1, initialContext.close()
5023 [main] TRACE com.baxter.junit.BaxterTestCase  - connectToJMS(): channelName: t_JMS_ClientToServerQueue@router1, initialContext.close()
[2011-06-01 13:12:08,793][TRACE] - connectToJMS(): channelName: t_JMS_ClientToServerQueue@router1, createSender()
5024 [main] TRACE com.baxter.junit.BaxterTestCase  - connectToJMS(): channelName: t_JMS_ClientToServerQueue@router1, createSender()
5024 [main] TRACE com.baxter.junit.BaxterTestCase  - connectToJMS(): channelName: t_JMS_ClientToServerQueue@router1, createSender()
5024 [main] TRACE com.baxter.junit.BaxterTestCase  - connectToJMS(): channelName: t_JMS_ClientToServerQueue@router1, createSender()
[2011-06-01 13:12:08,794][TRACE] - connectToJMS(): successfully connected...  alias: t_client_JMS_QueueAliasCTS providerURL: jnp://192.168.9.33:1099 channelName: t_JMS_ClientToServerQueue@router1 ackMode: 1 messageTimeToLive: 30000 deliveryMode: 1 isSender: true messageListener: null userName: null password: null
5025 [main] TRACE com.baxter.junit.BaxterTestCase  - connectToJMS(): successfully connected...  alias: t_client_JMS_QueueAliasCTS providerURL: jnp://192.168.9.33:1099 channelName: t_JMS_ClientToServerQueue@router1 ackMode: 1 messageTimeToLive: 30000 deliveryMode: 1 isSender: true messageListener: null userName: null password: null
5025 [main] TRACE com.baxter.junit.BaxterTestCase  - connectToJMS(): successfully connected...  alias: t_client_JMS_QueueAliasCTS providerURL: jnp://192.168.9.33:1099 channelName: t_JMS_ClientToServerQueue@router1 ackMode: 1 messageTimeToLive: 30000 deliveryMode: 1 isSender: true messageListener: null userName: null password: null
5025 [main] TRACE com.baxter.junit.BaxterTestCase  - connectToJMS(): successfully connected...  alias: t_client_JMS_QueueAliasCTS providerURL: jnp://192.168.9.33:1099 channelName: t_JMS_ClientToServerQueue@router1 ackMode: 1 messageTimeToLive: 30000 deliveryMode: 1 isSender: true messageListener: null userName: null password: null
[2011-06-01 13:12:08,798][TRACE] - UserSession.UserSession(String, String, Logger, boolean):
messageSender: com.baxter.cdtradesupervisor.UserSession$MessageSenderObjectUpdaterThread@56860b userId: t General session
5029 [main] TRACE com.baxter.junit.BaxterTestCase  - UserSession.UserSession(String, String, Logger, boolean):
messageSender: com.baxter.cdtradesupervisor.UserSession$MessageSenderObjectUpdaterThread@56860b userId: t General session
5029 [main] TRACE com.baxter.junit.BaxterTestCase  - UserSession.UserSession(String, String, Logger, boolean):
messageSender: com.baxter.cdtradesupervisor.UserSession$MessageSenderObjectUpdaterThread@56860b userId: t General session
5029 [main] TRACE com.baxter.junit.BaxterTestCase  - UserSession.UserSession(String, String, Logger, boolean):
messageSender: com.baxter.cdtradesupervisor.UserSession$MessageSenderObjectUpdaterThread@56860b userId: t General session
[2011-06-01 13:12:08,798][TRACE] - ObjectUpdaterThread.run() threadName: MessageSender Start waiting... ListUpdated: false
5029 [MessageSender] TRACE com.baxter.junit.BaxterTestCase  - ObjectUpdaterThread.run() threadName: MessageSender Start waiting... ListUpdated: false
5029 [MessageSender] TRACE com.baxter.junit.BaxterTestCase  - ObjectUpdaterThread.run() threadName: MessageSender Start waiting... ListUpdated: false
5029 [MessageSender] TRACE com.baxter.junit.BaxterTestCase  - ObjectUpdaterThread.run() threadName: MessageSender Start waiting... ListUpdated: false
[2011-06-01 13:12:08,804][TRACE] - parameter read from /store/jenkins/jobs/currency-dealing/workspace/target/test-classes/conf/JUnit.ini: HEARTBEAT_MISSEDTHRESHOLD_RED_MSG: Network connection is unstable.
5035 [main] TRACE com.baxter.junit.BaxterTestCase  - parameter read from /store/jenkins/jobs/currency-dealing/workspace/target/test-classes/conf/JUnit.ini: HEARTBEAT_MISSEDTHRESHOLD_RED_MSG: Network connection is unstable.
5035 [main] TRACE com.baxter.junit.BaxterTestCase  - parameter read from /store/jenkins/jobs/currency-dealing/workspace/target/test-classes/conf/JUnit.ini: HEARTBEAT_MISSEDTHRESHOLD_RED_MSG: Network connection is unstable.
5035 [main] TRACE com.baxter.junit.BaxterTestCase  - parameter read from /store/jenkins/jobs/currency-dealing/workspace/target/test-classes/conf/JUnit.ini: HEARTBEAT_MISSEDTHRESHOLD_RED_MSG: Network connection is unstable.
[2011-06-01 13:12:08,804][TRACE] - ObjectUpdaterThread.run() threadName: MessageReceiver Start waiting... ListUpdated: false
5035 [MessageReceiver] TRACE com.baxter.junit.BaxterTestCase  - ObjectUpdaterThread.run() threadName: MessageReceiver Start waiting... ListUpdated: false
5035 [MessageReceiver] TRACE com.baxter.junit.BaxterTestCase  - ObjectUpdaterThread.run() threadName: MessageReceiver Start waiting... ListUpdated: false
5035 [MessageReceiver] TRACE com.baxter.junit.BaxterTestCase  - ObjectUpdaterThread.run() threadName: MessageReceiver Start waiting... ListUpdated: false
[2011-06-01 13:12:08,804][DEBUG] - setupUDPMessageHandler()  UDP_BUFFER_LENGTH: 4096 UDP_PRICE_RECEIVER_MAX_LIST_SIZE: 100 IS_LOGGING_UDP_MESSAGES: false userId: t General session
5035 [main] DEBUG com.baxter.junit.BaxterTestCase  - setupUDPMessageHandler()  UDP_BUFFER_LENGTH: 4096 UDP_PRICE_RECEIVER_MAX_LIST_SIZE: 100 IS_LOGGING_UDP_MESSAGES: false userId: t General session
5035 [main] DEBUG com.baxter.junit.BaxterTestCase  - setupUDPMessageHandler()  UDP_BUFFER_LENGTH: 4096 UDP_PRICE_RECEIVER_MAX_LIST_SIZE: 100 IS_LOGGING_UDP_MESSAGES: false userId: t General session
5035 [main] DEBUG com.baxter.junit.BaxterTestCase  - setupUDPMessageHandler()  UDP_BUFFER_LENGTH: 4096 UDP_PRICE_RECEIVER_MAX_LIST_SIZE: 100 IS_LOGGING_UDP_MESSAGES: false userId: t General session
[2011-06-01 13:12:08,807][TRACE] - ObjectUpdaterThread.run() threadName: UDPMessageReceiverObjectUpdaterThread Start waiting... ListUpdated: false
5038 [UDPMessageReceiverObjectUpdaterThread] TRACE com.baxter.junit.BaxterTestCase  - ObjectUpdaterThread.run() threadName: UDPMessageReceiverObjectUpdaterThread Start waiting... ListUpdated: false
5038 [UDPMessageReceiverObjectUpdaterThread] TRACE com.baxter.junit.BaxterTestCase  - ObjectUpdaterThread.run() threadName: UDPMessageReceiverObjectUpdaterThread Start waiting... ListUpdated: false
5038 [UDPMessageReceiverObjectUpdaterThread] TRACE com.baxter.junit.BaxterTestCase  - ObjectUpdaterThread.run() threadName: UDPMessageReceiverObjectUpdaterThread Start waiting... ListUpdated: false
[2011-06-01 13:12:08,807][DEBUG] - UserSession(): session is creating. userId: t General session
5038 [main] DEBUG com.baxter.junit.BaxterTestCase  - UserSession(): session is creating. userId: t General session
5038 [main] DEBUG com.baxter.junit.BaxterTestCase  - UserSession(): session is creating. userId: t General session
5038 [main] DEBUG com.baxter.junit.BaxterTestCase  - UserSession(): session is creating. userId: t General session
[2011-06-01 13:12:08,810][TRACE] - UserSession.UserSession(): MAX_ENTRIES_OF_MESSAGEHISTORY=100 JMS_HEARTBEAT_DELAY=5000 MAX_JMS_SESSION_STARTUP_DELAY=500 MAX_HEARTBEAT_TOLERANCE=5000 MAX_SIZE_OF_HOLD_UP_LIST=100 userId: t General session
5041 [main] TRACE com.baxter.junit.BaxterTestCase  - UserSession.UserSession(): MAX_ENTRIES_OF_MESSAGEHISTORY=100 JMS_HEARTBEAT_DELAY=5000 MAX_JMS_SESSION_STARTUP_DELAY=500 MAX_HEARTBEAT_TOLERANCE=5000 MAX_SIZE_OF_HOLD_UP_LIST=100 userId: t General session
5041 [main] TRACE com.baxter.junit.BaxterTestCase  - UserSession.UserSession(): MAX_ENTRIES_OF_MESSAGEHISTORY=100 JMS_HEARTBEAT_DELAY=5000 MAX_JMS_SESSION_STARTUP_DELAY=500 MAX_HEARTBEAT_TOLERANCE=5000 MAX_SIZE_OF_HOLD_UP_LIST=100 userId: t General session
5041 [main] TRACE com.baxter.junit.BaxterTestCase  - UserSession.UserSession(): MAX_ENTRIES_OF_MESSAGEHISTORY=100 JMS_HEARTBEAT_DELAY=5000 MAX_JMS_SESSION_STARTUP_DELAY=500 MAX_HEARTBEAT_TOLERANCE=5000 MAX_SIZE_OF_HOLD_UP_LIST=100 userId: t General session
[2011-06-01 13:12:08,810][TRACE] - UserSession.UserSession(): userListForSelector=[t, t1] userId: t General session
5041 [main] TRACE com.baxter.junit.BaxterTestCase  - UserSession.UserSession(): userListForSelector=[t, t1] userId: t General session
5041 [main] TRACE com.baxter.junit.BaxterTestCase  - UserSession.UserSession(): userListForSelector=[t, t1] userId: t General session
5041 [main] TRACE com.baxter.junit.BaxterTestCase  - UserSession.UserSession(): userListForSelector=[t, t1] userId: t General session
[2011-06-01 13:12:08,810][TRACE] - GeneralServerUserSession.setupJMS() is invoked. userId: t General session
5041 [main] TRACE com.baxter.junit.BaxterTestCase  - GeneralServerUserSession.setupJMS() is invoked. userId: t General session
5041 [main] TRACE com.baxter.junit.BaxterTestCase  - GeneralServerUserSession.setupJMS() is invoked. userId: t General session
5041 [main] TRACE com.baxter.junit.BaxterTestCase  - GeneralServerUserSession.setupJMS() is invoked. userId: t General session
[2011-06-01 13:12:08,811][TRACE] - GeneralServerUserSession.setupJMS() providerURL: jnp://192.168.9.33:1099
		contextFactory: org.jnp.interfaces.NamingContextFactory
		queueFactoryName: /ConnectionFactory
		JMS_ServerToClientQueue: t_JMS_ServerToClientQueue@router1
		JMS_ClientToServerQueue: t_JMS_ClientToServerQueue@router1
		timeToLive: 30000
		queueAliasForSending: t_JMS_QueueAliasSTC
		qqueueAliasForReceiving: t_JMS_QueueAliasCTS userId: t General session
5042 [main] TRACE com.baxter.junit.BaxterTestCase  - GeneralServerUserSession.setupJMS() providerURL: jnp://192.168.9.33:1099
		contextFactory: org.jnp.interfaces.NamingContextFactory
		queueFactoryName: /ConnectionFactory
		JMS_ServerToClientQueue: t_JMS_ServerToClientQueue@router1
		JMS_ClientToServerQueue: t_JMS_ClientToServerQueue@router1
		timeToLive: 30000
		queueAliasForSending: t_JMS_QueueAliasSTC
		qqueueAliasForReceiving: t_JMS_QueueAliasCTS userId: t General session
5042 [main] TRACE com.baxter.junit.BaxterTestCase  - GeneralServerUserSession.setupJMS() providerURL: jnp://192.168.9.33:1099
		contextFactory: org.jnp.interfaces.NamingContextFactory
		queueFactoryName: /ConnectionFactory
		JMS_ServerToClientQueue: t_JMS_ServerToClientQueue@router1
		JMS_ClientToServerQueue: t_JMS_ClientToServerQueue@router1
		timeToLive: 30000
		queueAliasForSending: t_JMS_QueueAliasSTC
		qqueueAliasForReceiving: t_JMS_QueueAliasCTS userId: t General session
5042 [main] TRACE com.baxter.junit.BaxterTestCase  - GeneralServerUserSession.setupJMS() providerURL: jnp://192.168.9.33:1099
		contextFactory: org.jnp.interfaces.NamingContextFactory
		queueFactoryName: /ConnectionFactory
		JMS_ServerToClientQueue: t_JMS_ServerToClientQueue@router1
		JMS_ClientToServerQueue: t_JMS_ClientToServerQueue@router1
		timeToLive: 30000
		queueAliasForSending: t_JMS_QueueAliasSTC
		qqueueAliasForReceiving: t_JMS_QueueAliasCTS userId: t General session
[2011-06-01 13:12:08,811][TRACE] - getInitialContext(): providerURL: jnp://192.168.9.33:1099 INITIAL_CONTEXT_FACTORY: org.jnp.interfaces.NamingContextFactory
5042 [main] TRACE com.baxter.junit.BaxterTestCase  - getInitialContext(): providerURL: jnp://192.168.9.33:1099 INITIAL_CONTEXT_FACTORY: org.jnp.interfaces.NamingContextFactory
5042 [main] TRACE com.baxter.junit.BaxterTestCase  - getInitialContext(): providerURL: jnp://192.168.9.33:1099 INITIAL_CONTEXT_FACTORY: org.jnp.interfaces.NamingContextFactory
5042 [main] TRACE com.baxter.junit.BaxterTestCase  - getInitialContext(): providerURL: jnp://192.168.9.33:1099 INITIAL_CONTEXT_FACTORY: org.jnp.interfaces.NamingContextFactory
[2011-06-01 13:12:08,812][TRACE] - connectToJMS(): channelName: t_JMS_ServerToClientQueue@router1, lookup QUEUE_CONNECTION_FACTORY: /ConnectionFactory
5043 [main] TRACE com.baxter.junit.BaxterTestCase  - connectToJMS(): channelName: t_JMS_ServerToClientQueue@router1, lookup QUEUE_CONNECTION_FACTORY: /ConnectionFactory
5043 [main] TRACE com.baxter.junit.BaxterTestCase  - connectToJMS(): channelName: t_JMS_ServerToClientQueue@router1, lookup QUEUE_CONNECTION_FACTORY: /ConnectionFactory
5043 [main] TRACE com.baxter.junit.BaxterTestCase  - connectToJMS(): channelName: t_JMS_ServerToClientQueue@router1, lookup QUEUE_CONNECTION_FACTORY: /ConnectionFactory
[2011-06-01 13:12:08,812][TRACE] - ContextWatchThread.run(): initialContext OK...
5043 [Thread-43] TRACE com.baxter.junit.BaxterTestCase  - ContextWatchThread.run(): initialContext OK...
5043 [Thread-43] TRACE com.baxter.junit.BaxterTestCase  - ContextWatchThread.run(): initialContext OK...
5043 [Thread-43] TRACE com.baxter.junit.BaxterTestCase  - ContextWatchThread.run(): initialContext OK...
[2011-06-01 13:12:08,817][TRACE] - connectToJMS(): channelName: t_JMS_ServerToClientQueue@router1, createQueueConnection()
5048 [main] TRACE com.baxter.junit.BaxterTestCase  - connectToJMS(): channelName: t_JMS_ServerToClientQueue@router1, createQueueConnection()
5048 [main] TRACE com.baxter.junit.BaxterTestCase  - connectToJMS(): channelName: t_JMS_ServerToClientQueue@router1, createQueueConnection()
5048 [main] TRACE com.baxter.junit.BaxterTestCase  - connectToJMS(): channelName: t_JMS_ServerToClientQueue@router1, createQueueConnection()
[2011-06-01 13:12:08,817][TRACE] - connectToJMS(): channelName: t_JMS_ServerToClientQueue@router1, createTopicConnection()
5048 [main] TRACE com.baxter.junit.BaxterTestCase  - connectToJMS(): channelName: t_JMS_ServerToClientQueue@router1, createTopicConnection()
5048 [main] TRACE com.baxter.junit.BaxterTestCase  - connectToJMS(): channelName: t_JMS_ServerToClientQueue@router1, createTopicConnection()
5048 [main] TRACE com.baxter.junit.BaxterTestCase  - connectToJMS(): channelName: t_JMS_ServerToClientQueue@router1, createTopicConnection()
[2011-06-01 13:12:08,822][TRACE] - connectToJMS(): channelName: t_JMS_ServerToClientQueue@router1, setExceptionListener()
5053 [main] TRACE com.baxter.junit.BaxterTestCase  - connectToJMS(): channelName: t_JMS_ServerToClientQueue@router1, setExceptionListener()
5053 [main] TRACE com.baxter.junit.BaxterTestCase  - connectToJMS(): channelName: t_JMS_ServerToClientQueue@router1, setExceptionListener()
5053 [main] TRACE com.baxter.junit.BaxterTestCase  - connectToJMS(): channelName: t_JMS_ServerToClientQueue@router1, setExceptionListener()
[2011-06-01 13:12:08,822][TRACE] - connectToJMS(): channelName: t_JMS_ServerToClientQueue@router1, createQueueSession()
5053 [main] TRACE com.baxter.junit.BaxterTestCase  - connectToJMS(): channelName: t_JMS_ServerToClientQueue@router1, createQueueSession()
5053 [main] TRACE com.baxter.junit.BaxterTestCase  - connectToJMS(): channelName: t_JMS_ServerToClientQueue@router1, createQueueSession()
5053 [main] TRACE com.baxter.junit.BaxterTestCase  - connectToJMS(): channelName: t_JMS_ServerToClientQueue@router1, createQueueSession()
[2011-06-01 13:12:08,824][TRACE] - connectToJMS(): channelName: t_JMS_ServerToClientQueue@router1, lookup channelName: t_JMS_ServerToClientQueue@router1
5055 [main] TRACE com.baxter.junit.BaxterTestCase  - connectToJMS(): channelName: t_JMS_ServerToClientQueue@router1, lookup channelName: t_JMS_ServerToClientQueue@router1
5055 [main] TRACE com.baxter.junit.BaxterTestCase  - connectToJMS(): channelName: t_JMS_ServerToClientQueue@router1, lookup channelName: t_JMS_ServerToClientQueue@router1
5055 [main] TRACE com.baxter.junit.BaxterTestCase  - connectToJMS(): channelName: t_JMS_ServerToClientQueue@router1, lookup channelName: t_JMS_ServerToClientQueue@router1
[2011-06-01 13:12:08,829][TRACE] - connectToJMS(): channelName: t_JMS_ServerToClientQueue@router1, initialContext.close()
5060 [main] TRACE com.baxter.junit.BaxterTestCase  - connectToJMS(): channelName: t_JMS_ServerToClientQueue@router1, initialContext.close()
5060 [main] TRACE com.baxter.junit.BaxterTestCase  - connectToJMS(): channelName: t_JMS_ServerToClientQueue@router1, initialContext.close()
5060 [main] TRACE com.baxter.junit.BaxterTestCase  - connectToJMS(): channelName: t_JMS_ServerToClientQueue@router1, initialContext.close()
[2011-06-01 13:12:08,829][TRACE] - connectToJMS(): channelName: t_JMS_ServerToClientQueue@router1, createSender()
5060 [main] TRACE com.baxter.junit.BaxterTestCase  - connectToJMS(): channelName: t_JMS_ServerToClientQueue@router1, createSender()
5060 [main] TRACE com.baxter.junit.BaxterTestCase  - connectToJMS(): channelName: t_JMS_ServerToClientQueue@router1, createSender()
5060 [main] TRACE com.baxter.junit.BaxterTestCase  - connectToJMS(): channelName: t_JMS_ServerToClientQueue@router1, createSender()
[2011-06-01 13:12:08,830][TRACE] - connectToJMS(): successfully connected...  alias: t_JMS_QueueAliasSTC providerURL: jnp://192.168.9.33:1099 channelName: t_JMS_ServerToClientQueue@router1 ackMode: 1 messageTimeToLive: 30000 deliveryMode: 1 isSender: true messageListener: null userName: null password: null
5061 [main] TRACE com.baxter.junit.BaxterTestCase  - connectToJMS(): successfully connected...  alias: t_JMS_QueueAliasSTC providerURL: jnp://192.168.9.33:1099 channelName: t_JMS_ServerToClientQueue@router1 ackMode: 1 messageTimeToLive: 30000 deliveryMode: 1 isSender: true messageListener: null userName: null password: null
5061 [main] TRACE com.baxter.junit.BaxterTestCase  - connectToJMS(): successfully connected...  alias: t_JMS_QueueAliasSTC providerURL: jnp://192.168.9.33:1099 channelName: t_JMS_ServerToClientQueue@router1 ackMode: 1 messageTimeToLive: 30000 deliveryMode: 1 isSender: true messageListener: null userName: null password: null
5061 [main] TRACE com.baxter.junit.BaxterTestCase  - connectToJMS(): successfully connected...  alias: t_JMS_QueueAliasSTC providerURL: jnp://192.168.9.33:1099 channelName: t_JMS_ServerToClientQueue@router1 ackMode: 1 messageTimeToLive: 30000 deliveryMode: 1 isSender: true messageListener: null userName: null password: null
[2011-06-01 13:12:08,830][TRACE] - getInitialContext(): providerURL: jnp://192.168.9.33:1099 INITIAL_CONTEXT_FACTORY: org.jnp.interfaces.NamingContextFactory
5061 [main] TRACE com.baxter.junit.BaxterTestCase  - getInitialContext(): providerURL: jnp://192.168.9.33:1099 INITIAL_CONTEXT_FACTORY: org.jnp.interfaces.NamingContextFactory
5061 [main] TRACE com.baxter.junit.BaxterTestCase  - getInitialContext(): providerURL: jnp://192.168.9.33:1099 INITIAL_CONTEXT_FACTORY: org.jnp.interfaces.NamingContextFactory
5061 [main] TRACE com.baxter.junit.BaxterTestCase  - getInitialContext(): providerURL: jnp://192.168.9.33:1099 INITIAL_CONTEXT_FACTORY: org.jnp.interfaces.NamingContextFactory
[2011-06-01 13:12:08,831][TRACE] - connectToJMS(): channelName: t_JMS_ClientToServerQueue@router1, lookup QUEUE_CONNECTION_FACTORY: /ConnectionFactory
5062 [main] TRACE com.baxter.junit.BaxterTestCase  - connectToJMS(): channelName: t_JMS_ClientToServerQueue@router1, lookup QUEUE_CONNECTION_FACTORY: /ConnectionFactory
5062 [main] TRACE com.baxter.junit.BaxterTestCase  - connectToJMS(): channelName: t_JMS_ClientToServerQueue@router1, lookup QUEUE_CONNECTION_FACTORY: /ConnectionFactory
5062 [main] TRACE com.baxter.junit.BaxterTestCase  - connectToJMS(): channelName: t_JMS_ClientToServerQueue@router1, lookup QUEUE_CONNECTION_FACTORY: /ConnectionFactory
[2011-06-01 13:12:08,831][TRACE] - ContextWatchThread.run(): initialContext OK...
5062 [Thread-44] TRACE com.baxter.junit.BaxterTestCase  - ContextWatchThread.run(): initialContext OK...
5062 [Thread-44] TRACE com.baxter.junit.BaxterTestCase  - ContextWatchThread.run(): initialContext OK...
5062 [Thread-44] TRACE com.baxter.junit.BaxterTestCase  - ContextWatchThread.run(): initialContext OK...
[2011-06-01 13:12:08,838][TRACE] - connectToJMS(): channelName: t_JMS_ClientToServerQueue@router1, createQueueConnection()
5069 [main] TRACE com.baxter.junit.BaxterTestCase  - connectToJMS(): channelName: t_JMS_ClientToServerQueue@router1, createQueueConnection()
5069 [main] TRACE com.baxter.junit.BaxterTestCase  - connectToJMS(): channelName: t_JMS_ClientToServerQueue@router1, createQueueConnection()
5069 [main] TRACE com.baxter.junit.BaxterTestCase  - connectToJMS(): channelName: t_JMS_ClientToServerQueue@router1, createQueueConnection()
[2011-06-01 13:12:08,838][TRACE] - connectToJMS(): channelName: t_JMS_ClientToServerQueue@router1, createTopicConnection()
5069 [main] TRACE com.baxter.junit.BaxterTestCase  - connectToJMS(): channelName: t_JMS_ClientToServerQueue@router1, createTopicConnection()
5069 [main] TRACE com.baxter.junit.BaxterTestCase  - connectToJMS(): channelName: t_JMS_ClientToServerQueue@router1, createTopicConnection()
5069 [main] TRACE com.baxter.junit.BaxterTestCase  - connectToJMS(): channelName: t_JMS_ClientToServerQueue@router1, createTopicConnection()
[2011-06-01 13:12:08,842][TRACE] - connectToJMS(): channelName: t_JMS_ClientToServerQueue@router1, setExceptionListener()
5073 [main] TRACE com.baxter.junit.BaxterTestCase  - connectToJMS(): channelName: t_JMS_ClientToServerQueue@router1, setExceptionListener()
5073 [main] TRACE com.baxter.junit.BaxterTestCase  - connectToJMS(): channelName: t_JMS_ClientToServerQueue@router1, setExceptionListener()
5073 [main] TRACE com.baxter.junit.BaxterTestCase  - connectToJMS(): channelName: t_JMS_ClientToServerQueue@router1, setExceptionListener()
[2011-06-01 13:12:08,842][TRACE] - connectToJMS(): channelName: t_JMS_ClientToServerQueue@router1, createQueueSession()
5073 [main] TRACE com.baxter.junit.BaxterTestCase  - connectToJMS(): channelName: t_JMS_ClientToServerQueue@router1, createQueueSession()
5073 [main] TRACE com.baxter.junit.BaxterTestCase  - connectToJMS(): channelName: t_JMS_ClientToServerQueue@router1, createQueueSession()
5073 [main] TRACE com.baxter.junit.BaxterTestCase  - connectToJMS(): channelName: t_JMS_ClientToServerQueue@router1, createQueueSession()
[2011-06-01 13:12:08,843][TRACE] - connectToJMS(): channelName: t_JMS_ClientToServerQueue@router1, lookup channelName: t_JMS_ClientToServerQueue@router1
5074 [main] TRACE com.baxter.junit.BaxterTestCase  - connectToJMS(): channelName: t_JMS_ClientToServerQueue@router1, lookup channelName: t_JMS_ClientToServerQueue@router1
5074 [main] TRACE com.baxter.junit.BaxterTestCase  - connectToJMS(): channelName: t_JMS_ClientToServerQueue@router1, lookup channelName: t_JMS_ClientToServerQueue@router1
5074 [main] TRACE com.baxter.junit.BaxterTestCase  - connectToJMS(): channelName: t_JMS_ClientToServerQueue@router1, lookup channelName: t_JMS_ClientToServerQueue@router1
[2011-06-01 13:12:08,848][TRACE] - connectToJMS(): channelName: t_JMS_ClientToServerQueue@router1, initialContext.close()
5079 [main] TRACE com.baxter.junit.BaxterTestCase  - connectToJMS(): channelName: t_JMS_ClientToServerQueue@router1, initialContext.close()
5079 [main] TRACE com.baxter.junit.BaxterTestCase  - connectToJMS(): channelName: t_JMS_ClientToServerQueue@router1, initialContext.close()
5079 [main] TRACE com.baxter.junit.BaxterTestCase  - connectToJMS(): channelName: t_JMS_ClientToServerQueue@router1, initialContext.close()
[2011-06-01 13:12:08,848][TRACE] - connectToJMS(): channelName: t_JMS_ClientToServerQueue@router1, createReceiver()
5079 [main] TRACE com.baxter.junit.BaxterTestCase  - connectToJMS(): channelName: t_JMS_ClientToServerQueue@router1, createReceiver()
5079 [main] TRACE com.baxter.junit.BaxterTestCase  - connectToJMS(): channelName: t_JMS_ClientToServerQueue@router1, createReceiver()
5079 [main] TRACE com.baxter.junit.BaxterTestCase  - connectToJMS(): channelName: t_JMS_ClientToServerQueue@router1, createReceiver()
[2011-06-01 13:12:08,851][TRACE] - connectToJMS(): successfully connected...  alias: t_JMS_QueueAliasCTS providerURL: jnp://192.168.9.33:1099 channelName: t_JMS_ClientToServerQueue@router1 ackMode: 1 messageTimeToLive: 30000 deliveryMode: 1 isSender: false messageListener: null userName: null password: null
5082 [main] TRACE com.baxter.junit.BaxterTestCase  - connectToJMS(): successfully connected...  alias: t_JMS_QueueAliasCTS providerURL: jnp://192.168.9.33:1099 channelName: t_JMS_ClientToServerQueue@router1 ackMode: 1 messageTimeToLive: 30000 deliveryMode: 1 isSender: false messageListener: null userName: null password: null
5082 [main] TRACE com.baxter.junit.BaxterTestCase  - connectToJMS(): successfully connected...  alias: t_JMS_QueueAliasCTS providerURL: jnp://192.168.9.33:1099 channelName: t_JMS_ClientToServerQueue@router1 ackMode: 1 messageTimeToLive: 30000 deliveryMode: 1 isSender: false messageListener: null userName: null password: null
5082 [main] TRACE com.baxter.junit.BaxterTestCase  - connectToJMS(): successfully connected...  alias: t_JMS_QueueAliasCTS providerURL: jnp://192.168.9.33:1099 channelName: t_JMS_ClientToServerQueue@router1 ackMode: 1 messageTimeToLive: 30000 deliveryMode: 1 isSender: false messageListener: null userName: null password: null
[2011-06-01 13:12:08,853][TRACE] - UserSession.UserSession(String, String, Logger, boolean):
messageSender: com.baxter.cdtradesupervisor.UserSession$MessageSenderObjectUpdaterThread@542529 userId: t General session
5084 [main] TRACE com.baxter.junit.BaxterTestCase  - UserSession.UserSession(String, String, Logger, boolean):
messageSender: com.baxter.cdtradesupervisor.UserSession$MessageSenderObjectUpdaterThread@542529 userId: t General session
5084 [main] TRACE com.baxter.junit.BaxterTestCase  - UserSession.UserSession(String, String, Logger, boolean):
messageSender: com.baxter.cdtradesupervisor.UserSession$MessageSenderObjectUpdaterThread@542529 userId: t General session
5084 [main] TRACE com.baxter.junit.BaxterTestCase  - UserSession.UserSession(String, String, Logger, boolean):
messageSender: com.baxter.cdtradesupervisor.UserSession$MessageSenderObjectUpdaterThread@542529 userId: t General session
[2011-06-01 13:12:08,853][TRACE] - ObjectUpdaterThread.run() threadName: MessageSender Start waiting... ListUpdated: false
5084 [MessageSender] TRACE com.baxter.junit.BaxterTestCase  - ObjectUpdaterThread.run() threadName: MessageSender Start waiting... ListUpdated: false
5084 [MessageSender] TRACE com.baxter.junit.BaxterTestCase  - ObjectUpdaterThread.run() threadName: MessageSender Start waiting... ListUpdated: false
5084 [MessageSender] TRACE com.baxter.junit.BaxterTestCase  - ObjectUpdaterThread.run() threadName: MessageSender Start waiting... ListUpdated: false
[2011-06-01 13:12:08,859][DEBUG] - UserSession.sendMessage(): messageSender: com.baxter.cdtradesupervisor.UserSession$MessageSenderObjectUpdaterThread@542529 userId: t General session
5090 [main] DEBUG com.baxter.junit.BaxterTestCase  - UserSession.sendMessage(): messageSender: com.baxter.cdtradesupervisor.UserSession$MessageSenderObjectUpdaterThread@542529 userId: t General session
5090 [main] DEBUG com.baxter.junit.BaxterTestCase  - UserSession.sendMessage(): messageSender: com.baxter.cdtradesupervisor.UserSession$MessageSenderObjectUpdaterThread@542529 userId: t General session
5090 [main] DEBUG com.baxter.junit.BaxterTestCase  - UserSession.sendMessage(): messageSender: com.baxter.cdtradesupervisor.UserSession$MessageSenderObjectUpdaterThread@542529 userId: t General session
[2011-06-01 13:12:08,859][TRACE] - ObjectUpdaterThread.run() threadName: MessageReceiver userId: t General session Start waiting... ListUpdated: false
5090 [MessageReceiver userId: t General session] TRACE com.baxter.junit.BaxterTestCase  - ObjectUpdaterThread.run() threadName: MessageReceiver userId: t General session Start waiting... ListUpdated: false
5090 [MessageReceiver userId: t General session] TRACE com.baxter.junit.BaxterTestCase  - ObjectUpdaterThread.run() threadName: MessageReceiver userId: t General session Start waiting... ListUpdated: false
5090 [MessageReceiver userId: t General session] TRACE com.baxter.junit.BaxterTestCase  - ObjectUpdaterThread.run() threadName: MessageReceiver userId: t General session Start waiting... ListUpdated: false
[2011-06-01 13:12:08,859][TRACE] - ObjectUpdaterThread.addNewObjectToList() is invoked... threadName: MessageSender userId: t General session isClearingList: false isWaiting: true
5090 [main] TRACE com.baxter.junit.BaxterTestCase  - ObjectUpdaterThread.addNewObjectToList() is invoked... threadName: MessageSender userId: t General session isClearingList: false isWaiting: true
5090 [main] TRACE com.baxter.junit.BaxterTestCase  - ObjectUpdaterThread.addNewObjectToList() is invoked... threadName: MessageSender userId: t General session isClearingList: false isWaiting: true
5090 [main] TRACE com.baxter.junit.BaxterTestCase  - ObjectUpdaterThread.addNewObjectToList() is invoked... threadName: MessageSender userId: t General session isClearingList: false isWaiting: true
[2011-06-01 13:12:08,860][TRACE] - ObjectUpdaterThread.addNewObjectToList(): notify invoked! listUpdated: true
5091 [main] TRACE com.baxter.junit.BaxterTestCase  - ObjectUpdaterThread.addNewObjectToList(): notify invoked! listUpdated: true
5091 [main] TRACE com.baxter.junit.BaxterTestCase  - ObjectUpdaterThread.addNewObjectToList(): notify invoked! listUpdated: true
5091 [main] TRACE com.baxter.junit.BaxterTestCase  - ObjectUpdaterThread.addNewObjectToList(): notify invoked! listUpdated: true
[2011-06-01 13:12:08,860][TRACE] - ObjectUpdaterThread.run() threadName: MessageSender userId: t General session objectUpdates.size: 0
5091 [MessageSender userId: t General session] TRACE com.baxter.junit.BaxterTestCase  - ObjectUpdaterThread.run() threadName: MessageSender userId: t General session objectUpdates.size: 0
5091 [MessageSender userId: t General session] TRACE com.baxter.junit.BaxterTestCase  - ObjectUpdaterThread.run() threadName: MessageSender userId: t General session objectUpdates.size: 0
5091 [MessageSender userId: t General session] TRACE com.baxter.junit.BaxterTestCase  - ObjectUpdaterThread.run() threadName: MessageSender userId: t General session objectUpdates.size: 0
[2011-06-01 13:12:08,860][TRACE] - ObjectUpdaterThread.addNewObjectToList() finished... threadName: MessageSender userId: t General session isClearingList: false isWaiting: false processTime: 1
5091 [main] TRACE com.baxter.junit.BaxterTestCase  - ObjectUpdaterThread.addNewObjectToList() finished... threadName: MessageSender userId: t General session isClearingList: false isWaiting: false processTime: 1
5091 [main] TRACE com.baxter.junit.BaxterTestCase  - ObjectUpdaterThread.addNewObjectToList() finished... threadName: MessageSender userId: t General session isClearingList: false isWaiting: false processTime: 1
5091 [main] TRACE com.baxter.junit.BaxterTestCase  - ObjectUpdaterThread.addNewObjectToList() finished... threadName: MessageSender userId: t General session isClearingList: false isWaiting: false processTime: 1
[2011-06-01 13:12:08,860][TRACE] - UserSession.MessageSenderObjectUpdaterThread.processObject() message sent: Heartbeat message: TimeStamp: 1306926728859 SeqNumber: 1  userId: t General session
5091 [MessageSender userId: t General session] TRACE com.baxter.junit.BaxterTestCase  - UserSession.MessageSenderObjectUpdaterThread.processObject() message sent: Heartbeat message: TimeStamp: 1306926728859 SeqNumber: 1  userId: t General session
5091 [MessageSender userId: t General session] TRACE com.baxter.junit.BaxterTestCase  - UserSession.MessageSenderObjectUpdaterThread.processObject() message sent: Heartbeat message: TimeStamp: 1306926728859 SeqNumber: 1  userId: t General session
5091 [MessageSender userId: t General session] TRACE com.baxter.junit.BaxterTestCase  - UserSession.MessageSenderObjectUpdaterThread.processObject() message sent: Heartbeat message: TimeStamp: 1306926728859 SeqNumber: 1  userId: t General session
[2011-06-01 13:12:08,860][TRACE] - ObjectUpdaterThread.run() threadName: MessageSender userId: t General session Start waiting... ListUpdated: false
5091 [MessageSender userId: t General session] TRACE com.baxter.junit.BaxterTestCase  - ObjectUpdaterThread.run() threadName: MessageSender userId: t General session Start waiting... ListUpdated: false
5091 [MessageSender userId: t General session] TRACE com.baxter.junit.BaxterTestCase  - ObjectUpdaterThread.run() threadName: MessageSender userId: t General session Start waiting... ListUpdated: false
5091 [MessageSender userId: t General session] TRACE com.baxter.junit.BaxterTestCase  - ObjectUpdaterThread.run() threadName: MessageSender userId: t General session Start waiting... ListUpdated: false
[2011-06-01 13:12:10,861][DEBUG] - UserSession.sendMessage(): messageSender: com.baxter.cdtradesupervisor.UserSession$MessageSenderObjectUpdaterThread@542529 userId: t General session
7092 [main] DEBUG com.baxter.junit.BaxterTestCase  - UserSession.sendMessage(): messageSender: com.baxter.cdtradesupervisor.UserSession$MessageSenderObjectUpdaterThread@542529 userId: t General session
7092 [main] DEBUG com.baxter.junit.BaxterTestCase  - UserSession.sendMessage(): messageSender: com.baxter.cdtradesupervisor.UserSession$MessageSenderObjectUpdaterThread@542529 userId: t General session
7092 [main] DEBUG com.baxter.junit.BaxterTestCase  - UserSession.sendMessage(): messageSender: com.baxter.cdtradesupervisor.UserSession$MessageSenderObjectUpdaterThread@542529 userId: t General session
[2011-06-01 13:12:10,861][TRACE] - ObjectUpdaterThread.addNewObjectToList() is invoked... threadName: MessageSender userId: t General session isClearingList: false isWaiting: true
7092 [main] TRACE com.baxter.junit.BaxterTestCase  - ObjectUpdaterThread.addNewObjectToList() is invoked... threadName: MessageSender userId: t General session isClearingList: false isWaiting: true
7092 [main] TRACE com.baxter.junit.BaxterTestCase  - ObjectUpdaterThread.addNewObjectToList() is invoked... threadName: MessageSender userId: t General session isClearingList: false isWaiting: true
7092 [main] TRACE com.baxter.junit.BaxterTestCase  - ObjectUpdaterThread.addNewObjectToList() is invoked... threadName: MessageSender userId: t General session isClearingList: false isWaiting: true
[2011-06-01 13:12:10,861][TRACE] - ObjectUpdaterThread.addNewObjectToList(): notify invoked! listUpdated: true
7092 [main] TRACE com.baxter.junit.BaxterTestCase  - ObjectUpdaterThread.addNewObjectToList(): notify invoked! listUpdated: true
7092 [main] TRACE com.baxter.junit.BaxterTestCase  - ObjectUpdaterThread.addNewObjectToList(): notify invoked! listUpdated: true
7092 [main] TRACE com.baxter.junit.BaxterTestCase  - ObjectUpdaterThread.addNewObjectToList(): notify invoked! listUpdated: true
[2011-06-01 13:12:10,861][TRACE] - ObjectUpdaterThread.run() threadName: MessageSender userId: t General session objectUpdates.size: 0
7092 [MessageSender userId: t General session] TRACE com.baxter.junit.BaxterTestCase  - ObjectUpdaterThread.run() threadName: MessageSender userId: t General session objectUpdates.size: 0
7092 [MessageSender userId: t General session] TRACE com.baxter.junit.BaxterTestCase  - ObjectUpdaterThread.run() threadName: MessageSender userId: t General session objectUpdates.size: 0
7092 [MessageSender userId: t General session] TRACE com.baxter.junit.BaxterTestCase  - ObjectUpdaterThread.run() threadName: MessageSender userId: t General session objectUpdates.size: 0
[2011-06-01 13:12:10,861][TRACE] - ObjectUpdaterThread.addNewObjectToList() finished... threadName: MessageSender userId: t General session isClearingList: false isWaiting: false processTime: 0
7092 [main] TRACE com.baxter.junit.BaxterTestCase  - ObjectUpdaterThread.addNewObjectToList() finished... threadName: MessageSender userId: t General session isClearingList: false isWaiting: false processTime: 0
7092 [main] TRACE com.baxter.junit.BaxterTestCase  - ObjectUpdaterThread.addNewObjectToList() finished... threadName: MessageSender userId: t General session isClearingList: false isWaiting: false processTime: 0
7092 [main] TRACE com.baxter.junit.BaxterTestCase  - ObjectUpdaterThread.addNewObjectToList() finished... threadName: MessageSender userId: t General session isClearingList: false isWaiting: false processTime: 0
[2011-06-01 13:12:10,862][TRACE] - UserSession.MessageSenderObjectUpdaterThread.processObject() message sent: Heartbeat message: TimeStamp: 1306926728859 SeqNumber: 4  userId: t General session
7093 [MessageSender userId: t General session] TRACE com.baxter.junit.BaxterTestCase  - UserSession.MessageSenderObjectUpdaterThread.processObject() message sent: Heartbeat message: TimeStamp: 1306926728859 SeqNumber: 4  userId: t General session
7093 [MessageSender userId: t General session] TRACE com.baxter.junit.BaxterTestCase  - UserSession.MessageSenderObjectUpdaterThread.processObject() message sent: Heartbeat message: TimeStamp: 1306926728859 SeqNumber: 4  userId: t General session
7093 [MessageSender userId: t General session] TRACE com.baxter.junit.BaxterTestCase  - UserSession.MessageSenderObjectUpdaterThread.processObject() message sent: Heartbeat message: TimeStamp: 1306926728859 SeqNumber: 4  userId: t General session
[2011-06-01 13:12:10,862][TRACE] - ObjectUpdaterThread.run() threadName: MessageSender userId: t General session Start waiting... ListUpdated: false
7093 [MessageSender userId: t General session] TRACE com.baxter.junit.BaxterTestCase  - ObjectUpdaterThread.run() threadName: MessageSender userId: t General session Start waiting... ListUpdated: false
7093 [MessageSender userId: t General session] TRACE com.baxter.junit.BaxterTestCase  - ObjectUpdaterThread.run() threadName: MessageSender userId: t General session Start waiting... ListUpdated: false
7093 [MessageSender userId: t General session] TRACE com.baxter.junit.BaxterTestCase  - ObjectUpdaterThread.run() threadName: MessageSender userId: t General session Start waiting... ListUpdated: false
[2011-06-01 13:12:12,863][DEBUG] - ObjectUpdaterThread.stopService() is invoked... threadName: com.baxter.cdtradesupervisor.UserSession$MessageReceiverObjectUpdaterThread
9094 [main] DEBUG com.baxter.junit.BaxterTestCase  - ObjectUpdaterThread.stopService() is invoked... threadName: com.baxter.cdtradesupervisor.UserSession$MessageReceiverObjectUpdaterThread
9094 [main] DEBUG com.baxter.junit.BaxterTestCase  - ObjectUpdaterThread.stopService() is invoked... threadName: com.baxter.cdtradesupervisor.UserSession$MessageReceiverObjectUpdaterThread
9094 [main] DEBUG com.baxter.junit.BaxterTestCase  - ObjectUpdaterThread.stopService() is invoked... threadName: com.baxter.cdtradesupervisor.UserSession$MessageReceiverObjectUpdaterThread
[2011-06-01 13:12:12,863][DEBUG] - ObjectUpdaterThread.stopService() is invoked... threadName: com.baxter.cdtradesupervisor.UserSession$MessageSenderObjectUpdaterThread
9094 [main] DEBUG com.baxter.junit.BaxterTestCase  - ObjectUpdaterThread.stopService() is invoked... threadName: com.baxter.cdtradesupervisor.UserSession$MessageSenderObjectUpdaterThread
9094 [main] DEBUG com.baxter.junit.BaxterTestCase  - ObjectUpdaterThread.stopService() is invoked... threadName: com.baxter.cdtradesupervisor.UserSession$MessageSenderObjectUpdaterThread
9094 [main] DEBUG com.baxter.junit.BaxterTestCase  - ObjectUpdaterThread.stopService() is invoked... threadName: com.baxter.cdtradesupervisor.UserSession$MessageSenderObjectUpdaterThread
[2011-06-01 13:12:13,807][DEBUG] - UserSession.sendMessage(): messageSender: com.baxter.cdtradesupervisor.UserSession$MessageSenderObjectUpdaterThread@56860b userId: t General session
10038 [HeartBeatSender] DEBUG com.baxter.junit.BaxterTestCase  - UserSession.sendMessage(): messageSender: com.baxter.cdtradesupervisor.UserSession$MessageSenderObjectUpdaterThread@56860b userId: t General session
10038 [HeartBeatSender] DEBUG com.baxter.junit.BaxterTestCase  - UserSession.sendMessage(): messageSender: com.baxter.cdtradesupervisor.UserSession$MessageSenderObjectUpdaterThread@56860b userId: t General session
10038 [HeartBeatSender] DEBUG com.baxter.junit.BaxterTestCase  - UserSession.sendMessage(): messageSender: com.baxter.cdtradesupervisor.UserSession$MessageSenderObjectUpdaterThread@56860b userId: t General session
10038 [HeartBeatSender] DEBUG com.baxter.junit.BaxterTestCase  - UserSession.sendMessage(): messageSender: com.baxter.cdtradesupervisor.UserSession$MessageSenderObjectUpdaterThread@56860b userId: t General session
[2011-06-01 13:12:13,810][TRACE] - ObjectUpdaterThread.addNewObjectToList() is invoked... threadName: MessageSender userId: t General session isClearingList: false isWaiting: true
10041 [HeartBeatSender] TRACE com.baxter.junit.BaxterTestCase  - ObjectUpdaterThread.addNewObjectToList() is invoked... threadName: MessageSender userId: t General session isClearingList: false isWaiting: true
10041 [HeartBeatSender] TRACE com.baxter.junit.BaxterTestCase  - ObjectUpdaterThread.addNewObjectToList() is invoked... threadName: MessageSender userId: t General session isClearingList: false isWaiting: true
10041 [HeartBeatSender] TRACE com.baxter.junit.BaxterTestCase  - ObjectUpdaterThread.addNewObjectToList() is invoked... threadName: MessageSender userId: t General session isClearingList: false isWaiting: true
10041 [HeartBeatSender] TRACE com.baxter.junit.BaxterTestCase  - ObjectUpdaterThread.addNewObjectToList() is invoked... threadName: MessageSender userId: t General session isClearingList: false isWaiting: true
[2011-06-01 13:12:13,810][TRACE] - ObjectUpdaterThread.addNewObjectToList(): notify invoked! listUpdated: true
10041 [HeartBeatSender] TRACE com.baxter.junit.BaxterTestCase  - ObjectUpdaterThread.addNewObjectToList(): notify invoked! listUpdated: true
10041 [HeartBeatSender] TRACE com.baxter.junit.BaxterTestCase  - ObjectUpdaterThread.addNewObjectToList(): notify invoked! listUpdated: true
10041 [HeartBeatSender] TRACE com.baxter.junit.BaxterTestCase  - ObjectUpdaterThread.addNewObjectToList(): notify invoked! listUpdated: true
10041 [HeartBeatSender] TRACE com.baxter.junit.BaxterTestCase  - ObjectUpdaterThread.addNewObjectToList(): notify invoked! listUpdated: true
[2011-06-01 13:12:13,810][TRACE] - ObjectUpdaterThread.run() threadName: MessageSender userId: t General session objectUpdates.size: 0
10041 [MessageSender userId: t General session] TRACE com.baxter.junit.BaxterTestCase  - ObjectUpdaterThread.run() threadName: MessageSender userId: t General session objectUpdates.size: 0
10041 [MessageSender userId: t General session] TRACE com.baxter.junit.BaxterTestCase  - ObjectUpdaterThread.run() threadName: MessageSender userId: t General session objectUpdates.size: 0
10041 [MessageSender userId: t General session] TRACE com.baxter.junit.BaxterTestCase  - ObjectUpdaterThread.run() threadName: MessageSender userId: t General session objectUpdates.size: 0
10041 [MessageSender userId: t General session] TRACE com.baxter.junit.BaxterTestCase  - ObjectUpdaterThread.run() threadName: MessageSender userId: t General session objectUpdates.size: 0
[2011-06-01 13:12:13,810][TRACE] - ObjectUpdaterThread.addNewObjectToList() finished... threadName: MessageSender userId: t General session isClearingList: false isWaiting: false processTime: 0
10041 [HeartBeatSender] TRACE com.baxter.junit.BaxterTestCase  - ObjectUpdaterThread.addNewObjectToList() finished... threadName: MessageSender userId: t General session isClearingList: false isWaiting: false processTime: 0
10041 [HeartBeatSender] TRACE com.baxter.junit.BaxterTestCase  - ObjectUpdaterThread.addNewObjectToList() finished... threadName: MessageSender userId: t General session isClearingList: false isWaiting: false processTime: 0
10041 [HeartBeatSender] TRACE com.baxter.junit.BaxterTestCase  - ObjectUpdaterThread.addNewObjectToList() finished... threadName: MessageSender userId: t General session isClearingList: false isWaiting: false processTime: 0
10041 [HeartBeatSender] TRACE com.baxter.junit.BaxterTestCase  - ObjectUpdaterThread.addNewObjectToList() finished... threadName: MessageSender userId: t General session isClearingList: false isWaiting: false processTime: 0
[2011-06-01 13:12:13,811][TRACE] - UserSession.MessageSenderObjectUpdaterThread.processObject() message sent: Heartbeat message: TimeStamp: 1306926733807 SeqNumber: 1  userId: t General session
10042 [MessageSender userId: t General session] TRACE com.baxter.junit.BaxterTestCase  - UserSession.MessageSenderObjectUpdaterThread.processObject() message sent: Heartbeat message: TimeStamp: 1306926733807 SeqNumber: 1  userId: t General session
10042 [MessageSender userId: t General session] TRACE com.baxter.junit.BaxterTestCase  - UserSession.MessageSenderObjectUpdaterThread.processObject() message sent: Heartbeat message: TimeStamp: 1306926733807 SeqNumber: 1  userId: t General session
10042 [MessageSender userId: t General session] TRACE com.baxter.junit.BaxterTestCase  - UserSession.MessageSenderObjectUpdaterThread.processObject() message sent: Heartbeat message: TimeStamp: 1306926733807 SeqNumber: 1  userId: t General session
10042 [MessageSender userId: t General session] TRACE com.baxter.junit.BaxterTestCase  - UserSession.MessageSenderObjectUpdaterThread.processObject() message sent: Heartbeat message: TimeStamp: 1306926733807 SeqNumber: 1  userId: t General session
[2011-06-01 13:12:13,811][TRACE] - ObjectUpdaterThread.run() threadName: MessageSender userId: t General session Start waiting... ListUpdated: false
10042 [MessageSender userId: t General session] TRACE com.baxter.junit.BaxterTestCase  - ObjectUpdaterThread.run() threadName: MessageSender userId: t General session Start waiting... ListUpdated: false
10042 [MessageSender userId: t General session] TRACE com.baxter.junit.BaxterTestCase  - ObjectUpdaterThread.run() threadName: MessageSender userId: t General session Start waiting... ListUpdated: false
10042 [MessageSender userId: t General session] TRACE com.baxter.junit.BaxterTestCase  - ObjectUpdaterThread.run() threadName: MessageSender userId: t General session Start waiting... ListUpdated: false
10042 [MessageSender userId: t General session] TRACE com.baxter.junit.BaxterTestCase  - ObjectUpdaterThread.run() threadName: MessageSender userId: t General session Start waiting... ListUpdated: false
[2011-06-01 13:12:13,860][DEBUG] - UserSession.sendMessage(): messageSender: com.baxter.cdtradesupervisor.UserSession$MessageSenderObjectUpdaterThread@542529 userId: t General session
10091 [HeartBeatSender] DEBUG com.baxter.junit.BaxterTestCase  - UserSession.sendMessage(): messageSender: com.baxter.cdtradesupervisor.UserSession$MessageSenderObjectUpdaterThread@542529 userId: t General session
10091 [HeartBeatSender] DEBUG com.baxter.junit.BaxterTestCase  - UserSession.sendMessage(): messageSender: com.baxter.cdtradesupervisor.UserSession$MessageSenderObjectUpdaterThread@542529 userId: t General session
10091 [HeartBeatSender] DEBUG com.baxter.junit.BaxterTestCase  - UserSession.sendMessage(): messageSender: com.baxter.cdtradesupervisor.UserSession$MessageSenderObjectUpdaterThread@542529 userId: t General session
10091 [HeartBeatSender] DEBUG com.baxter.junit.BaxterTestCase  - UserSession.sendMessage(): messageSender: com.baxter.cdtradesupervisor.UserSession$MessageSenderObjectUpdaterThread@542529 userId: t General session
[2011-06-01 13:12:13,860][TRACE] - ObjectUpdaterThread.addNewObjectToList() is invoked... threadName: MessageSender userId: t General session isClearingList: false isWaiting: true
10091 [HeartBeatSender] TRACE com.baxter.junit.BaxterTestCase  - ObjectUpdaterThread.addNewObjectToList() is invoked... threadName: MessageSender userId: t General session isClearingList: false isWaiting: true
10091 [HeartBeatSender] TRACE com.baxter.junit.BaxterTestCase  - ObjectUpdaterThread.addNewObjectToList() is invoked... threadName: MessageSender userId: t General session isClearingList: false isWaiting: true
10091 [HeartBeatSender] TRACE com.baxter.junit.BaxterTestCase  - ObjectUpdaterThread.addNewObjectToList() is invoked... threadName: MessageSender userId: t General session isClearingList: false isWaiting: true
10091 [HeartBeatSender] TRACE com.baxter.junit.BaxterTestCase  - ObjectUpdaterThread.addNewObjectToList() is invoked... threadName: MessageSender userId: t General session isClearingList: false isWaiting: true
[2011-06-01 13:12:13,861][TRACE] - ObjectUpdaterThread.addNewObjectToList(): notify invoked! listUpdated: true
10092 [HeartBeatSender] TRACE com.baxter.junit.BaxterTestCase  - ObjectUpdaterThread.addNewObjectToList(): notify invoked! listUpdated: true
10092 [HeartBeatSender] TRACE com.baxter.junit.BaxterTestCase  - ObjectUpdaterThread.addNewObjectToList(): notify invoked! listUpdated: true
10092 [HeartBeatSender] TRACE com.baxter.junit.BaxterTestCase  - ObjectUpdaterThread.addNewObjectToList(): notify invoked! listUpdated: true
10092 [HeartBeatSender] TRACE com.baxter.junit.BaxterTestCase  - ObjectUpdaterThread.addNewObjectToList(): notify invoked! listUpdated: true
[2011-06-01 13:12:13,861][TRACE] - ObjectUpdaterThread.run() threadName: MessageSender userId: t General session objectUpdates.size: 0
10092 [MessageSender userId: t General session] TRACE com.baxter.junit.BaxterTestCase  - ObjectUpdaterThread.run() threadName: MessageSender userId: t General session objectUpdates.size: 0
10092 [MessageSender userId: t General session] TRACE com.baxter.junit.BaxterTestCase  - ObjectUpdaterThread.run() threadName: MessageSender userId: t General session objectUpdates.size: 0
10092 [MessageSender userId: t General session] TRACE com.baxter.junit.BaxterTestCase  - ObjectUpdaterThread.run() threadName: MessageSender userId: t General session objectUpdates.size: 0
10092 [MessageSender userId: t General session] TRACE com.baxter.junit.BaxterTestCase  - ObjectUpdaterThread.run() threadName: MessageSender userId: t General session objectUpdates.size: 0
[2011-06-01 13:12:13,861][TRACE] - ObjectUpdaterThread.addNewObjectToList() finished... threadName: MessageSender userId: t General session isClearingList: false isWaiting: false processTime: 1
10092 [HeartBeatSender] TRACE com.baxter.junit.BaxterTestCase  - ObjectUpdaterThread.addNewObjectToList() finished... threadName: MessageSender userId: t General session isClearingList: false isWaiting: false processTime: 1
10092 [HeartBeatSender] TRACE com.baxter.junit.BaxterTestCase  - ObjectUpdaterThread.addNewObjectToList() finished... threadName: MessageSender userId: t General session isClearingList: false isWaiting: false processTime: 1
10092 [HeartBeatSender] TRACE com.baxter.junit.BaxterTestCase  - ObjectUpdaterThread.addNewObjectToList() finished... threadName: MessageSender userId: t General session isClearingList: false isWaiting: false processTime: 1
10092 [HeartBeatSender] TRACE com.baxter.junit.BaxterTestCase  - ObjectUpdaterThread.addNewObjectToList() finished... threadName: MessageSender userId: t General session isClearingList: false isWaiting: false processTime: 1
[2011-06-01 13:12:13,861][TRACE] - UserSession.MessageSenderObjectUpdaterThread.processObject() message sent: Heartbeat message: TimeStamp: 1306926733860 SeqNumber: 5  userId: t General session
10092 [MessageSender userId: t General session] TRACE com.baxter.junit.BaxterTestCase  - UserSession.MessageSenderObjectUpdaterThread.processObject() message sent: Heartbeat message: TimeStamp: 1306926733860 SeqNumber: 5  userId: t General session
10092 [MessageSender userId: t General session] TRACE com.baxter.junit.BaxterTestCase  - UserSession.MessageSenderObjectUpdaterThread.processObject() message sent: Heartbeat message: TimeStamp: 1306926733860 SeqNumber: 5  userId: t General session
10092 [MessageSender userId: t General session] TRACE com.baxter.junit.BaxterTestCase  - UserSession.MessageSenderObjectUpdaterThread.processObject() message sent: Heartbeat message: TimeStamp: 1306926733860 SeqNumber: 5  userId: t General session
10092 [MessageSender userId: t General session] TRACE com.baxter.junit.BaxterTestCase  - UserSession.MessageSenderObjectUpdaterThread.processObject() message sent: Heartbeat message: TimeStamp: 1306926733860 SeqNumber: 5  userId: t General session
[2011-06-01 13:12:13,861][TRACE] - ObjectUpdaterThread.run() threadName: MessageSender userId: t General session Start waiting... ListUpdated: false
10092 [MessageSender userId: t General session] TRACE com.baxter.junit.BaxterTestCase  - ObjectUpdaterThread.run() threadName: MessageSender userId: t General session Start waiting... ListUpdated: false
10092 [MessageSender userId: t General session] TRACE com.baxter.junit.BaxterTestCase  - ObjectUpdaterThread.run() threadName: MessageSender userId: t General session Start waiting... ListUpdated: false
10092 [MessageSender userId: t General session] TRACE com.baxter.junit.BaxterTestCase  - ObjectUpdaterThread.run() threadName: MessageSender userId: t General session Start waiting... ListUpdated: false
10092 [MessageSender userId: t General session] TRACE com.baxter.junit.BaxterTestCase  - ObjectUpdaterThread.run() threadName: MessageSender userId: t General session Start waiting... ListUpdated: false
</system-out>
    <system-err>Converted relativePath: /conf/jms_JUnit.ini to: /store/jenkins/jobs/currency-dealing/workspace/target/test-classes/conf/jms_JUnit.iniConverted relativePath: /conf/jms_JUnit.ini to: /store/jenkins/jobs/currency-dealing/workspace/target/test-classes/conf/jms_JUnit.iniConverted relativePath: /conf/jms_JUnit.ini to: /store/jenkins/jobs/currency-dealing/workspace/target/test-classes/conf/jms_JUnit.ini</system-err>
  </testcase>
  <testcase time="0.024" classname="com.baxter.cdtradesupervisor.TestUserSession" name="testClientServerFailedTradesSession">
    <failure message="null" type="junit.framework.AssertionFailedError">junit.framework.AssertionFailedError: null
	at junit.framework.Assert.fail(Assert.java:47)
	at junit.framework.Assert.assertTrue(Assert.java:20)
	at junit.framework.Assert.assertNotNull(Assert.java:214)
	at junit.framework.Assert.assertNotNull(Assert.java:207)
	at com.baxter.cdtradesupervisor.TestUserSession.testClientServerFailedTradesSession(TestUserSession.java:645)
	at sun.reflect.NativeMethodAccessorImpl.invoke0(Native Method)
	at sun.reflect.NativeMethodAccessorImpl.invoke(NativeMethodAccessorImpl.java:39)
	at sun.reflect.DelegatingMethodAccessorImpl.invoke(DelegatingMethodAccessorImpl.java:25)
	at java.lang.reflect.Method.invoke(Method.java:597)
	at junit.framework.TestCase.runTest(TestCase.java:168)
	at junit.framework.TestCase.runBare(TestCase.java:134)
	at junit.framework.TestResult$1.protect(TestResult.java:110)
	at junit.framework.TestResult.runProtected(TestResult.java:128)
	at junit.framework.TestResult.run(TestResult.java:113)
	at junit.framework.TestCase.run(TestCase.java:124)
	at junit.framework.TestSuite.runTest(TestSuite.java:243)
	at junit.framework.TestSuite.run(TestSuite.java:238)
	at org.junit.internal.runners.JUnit38ClassRunner.run(JUnit38ClassRunner.java:83)
	at org.junit.runners.Suite.runChild(Suite.java:128)
	at org.junit.runners.Suite.runChild(Suite.java:24)
	at org.junit.runners.ParentRunner$3.run(ParentRunner.java:193)
	at org.junit.runners.ParentRunner$1.schedule(ParentRunner.java:52)
	at org.junit.runners.ParentRunner.runChildren(ParentRunner.java:191)
	at org.junit.runners.ParentRunner.access$000(ParentRunner.java:42)
	at org.junit.runners.ParentRunner$2.evaluate(ParentRunner.java:184)
	at org.junit.runners.ParentRunner.run(ParentRunner.java:236)
	at org.junit.runner.JUnitCore.run(JUnitCore.java:157)
	at org.junit.runner.JUnitCore.run(JUnitCore.java:136)
	at org.junit.runner.JUnitCore.run(JUnitCore.java:127)
	at org.apache.maven.surefire.junitcore.JUnitCoreWrapper.execute(JUnitCoreWrapper.java:52)
	at org.apache.maven.surefire.junitcore.JUnitCoreProvider.invoke(JUnitCoreProvider.java:109)
	at sun.reflect.NativeMethodAccessorImpl.invoke0(Native Method)
	at sun.reflect.NativeMethodAccessorImpl.invoke(NativeMethodAccessorImpl.java:39)
	at sun.reflect.DelegatingMethodAccessorImpl.invoke(DelegatingMethodAccessorImpl.java:25)
	at java.lang.reflect.Method.invoke(Method.java:597)
	at org.apache.maven.surefire.booter.ProviderFactory$ClassLoaderProxy.invoke(ProviderFactory.java:103)
	at $Proxy0.invoke(Unknown Source)
	at org.apache.maven.surefire.booter.SurefireStarter.invokeProvider(SurefireStarter.java:150)
	at org.apache.maven.surefire.booter.SurefireStarter.runSuitesInProcess(SurefireStarter.java:74)
	at org.apache.maven.surefire.booter.ForkedBooter.main(ForkedBooter.java:69)
</failure>
    <system-out>UserSession.UserSession() - hbSender: Thread[HeartBeatSender,5,main]MyUserSession: UserSession: userId:thbSender: Thread[HeartBeatSender,5,main][2011-06-01 13:12:12,876][DEBUG] - UserSession(): session is creating. userId: t FailedTrade session
9107 [main] DEBUG com.baxter.junit.BaxterTestCase  - UserSession(): session is creating. userId: t FailedTrade session
9107 [main] DEBUG com.baxter.junit.BaxterTestCase  - UserSession(): session is creating. userId: t FailedTrade session
9107 [main] DEBUG com.baxter.junit.BaxterTestCase  - UserSession(): session is creating. userId: t FailedTrade session
9107 [main] DEBUG com.baxter.junit.BaxterTestCase  - UserSession(): session is creating. userId: t FailedTrade session
[2011-06-01 13:12:12,876][TRACE] - UserSession.UserSession(): MAX_ENTRIES_OF_MESSAGEHISTORY=100 JMS_HEARTBEAT_DELAY=5000 MAX_JMS_SESSION_STARTUP_DELAY=500 MAX_HEARTBEAT_TOLERANCE=5000 MAX_SIZE_OF_HOLD_UP_LIST=100 userId: t FailedTrade session
9107 [main] TRACE com.baxter.junit.BaxterTestCase  - UserSession.UserSession(): MAX_ENTRIES_OF_MESSAGEHISTORY=100 JMS_HEARTBEAT_DELAY=5000 MAX_JMS_SESSION_STARTUP_DELAY=500 MAX_HEARTBEAT_TOLERANCE=5000 MAX_SIZE_OF_HOLD_UP_LIST=100 userId: t FailedTrade session
9107 [main] TRACE com.baxter.junit.BaxterTestCase  - UserSession.UserSession(): MAX_ENTRIES_OF_MESSAGEHISTORY=100 JMS_HEARTBEAT_DELAY=5000 MAX_JMS_SESSION_STARTUP_DELAY=500 MAX_HEARTBEAT_TOLERANCE=5000 MAX_SIZE_OF_HOLD_UP_LIST=100 userId: t FailedTrade session
9107 [main] TRACE com.baxter.junit.BaxterTestCase  - UserSession.UserSession(): MAX_ENTRIES_OF_MESSAGEHISTORY=100 JMS_HEARTBEAT_DELAY=5000 MAX_JMS_SESSION_STARTUP_DELAY=500 MAX_HEARTBEAT_TOLERANCE=5000 MAX_SIZE_OF_HOLD_UP_LIST=100 userId: t FailedTrade session
9107 [main] TRACE com.baxter.junit.BaxterTestCase  - UserSession.UserSession(): MAX_ENTRIES_OF_MESSAGEHISTORY=100 JMS_HEARTBEAT_DELAY=5000 MAX_JMS_SESSION_STARTUP_DELAY=500 MAX_HEARTBEAT_TOLERANCE=5000 MAX_SIZE_OF_HOLD_UP_LIST=100 userId: t FailedTrade session
[2011-06-01 13:12:12,877][TRACE] - UserSession.UserSession(): userListForSelector=[t] userId: t FailedTrade session
9108 [main] TRACE com.baxter.junit.BaxterTestCase  - UserSession.UserSession(): userListForSelector=[t] userId: t FailedTrade session
9108 [main] TRACE com.baxter.junit.BaxterTestCase  - UserSession.UserSession(): userListForSelector=[t] userId: t FailedTrade session
9108 [main] TRACE com.baxter.junit.BaxterTestCase  - UserSession.UserSession(): userListForSelector=[t] userId: t FailedTrade session
9108 [main] TRACE com.baxter.junit.BaxterTestCase  - UserSession.UserSession(): userListForSelector=[t] userId: t FailedTrade session
[2011-06-01 13:12:12,877][DEBUG] - FailedTradeClientUserSession.setupJMS() is invoked. userId: t FailedTrade session
9108 [main] DEBUG com.baxter.junit.BaxterTestCase  - FailedTradeClientUserSession.setupJMS() is invoked. userId: t FailedTrade session
9108 [main] DEBUG com.baxter.junit.BaxterTestCase  - FailedTradeClientUserSession.setupJMS() is invoked. userId: t FailedTrade session
9108 [main] DEBUG com.baxter.junit.BaxterTestCase  - FailedTradeClientUserSession.setupJMS() is invoked. userId: t FailedTrade session
9108 [main] DEBUG com.baxter.junit.BaxterTestCase  - FailedTradeClientUserSession.setupJMS() is invoked. userId: t FailedTrade session
[2011-06-01 13:12:12,878][DEBUG] - FailedTradeClientUserSession.setupJMS() providerURL: jnp://192.168.9.33:1099
		contextFactory: org.jnp.interfaces.NamingContextFactory
		queueFactoryName: /ConnectionFactory
		JMS_ServerToClientQueue: t_JMS_ServerToClientQueueForFailedTrades@router1
		JMS_ClientToServerQueue: t_JMS_ClientToServerQueueForFailedTrades@router1
		timeToLive: 30000 userId: t FailedTrade session
9109 [main] DEBUG com.baxter.junit.BaxterTestCase  - FailedTradeClientUserSession.setupJMS() providerURL: jnp://192.168.9.33:1099
		contextFactory: org.jnp.interfaces.NamingContextFactory
		queueFactoryName: /ConnectionFactory
		JMS_ServerToClientQueue: t_JMS_ServerToClientQueueForFailedTrades@router1
		JMS_ClientToServerQueue: t_JMS_ClientToServerQueueForFailedTrades@router1
		timeToLive: 30000 userId: t FailedTrade session
9109 [main] DEBUG com.baxter.junit.BaxterTestCase  - FailedTradeClientUserSession.setupJMS() providerURL: jnp://192.168.9.33:1099
		contextFactory: org.jnp.interfaces.NamingContextFactory
		queueFactoryName: /ConnectionFactory
		JMS_ServerToClientQueue: t_JMS_ServerToClientQueueForFailedTrades@router1
		JMS_ClientToServerQueue: t_JMS_ClientToServerQueueForFailedTrades@router1
		timeToLive: 30000 userId: t FailedTrade session
9109 [main] DEBUG com.baxter.junit.BaxterTestCase  - FailedTradeClientUserSession.setupJMS() providerURL: jnp://192.168.9.33:1099
		contextFactory: org.jnp.interfaces.NamingContextFactory
		queueFactoryName: /ConnectionFactory
		JMS_ServerToClientQueue: t_JMS_ServerToClientQueueForFailedTrades@router1
		JMS_ClientToServerQueue: t_JMS_ClientToServerQueueForFailedTrades@router1
		timeToLive: 30000 userId: t FailedTrade session
9109 [main] DEBUG com.baxter.junit.BaxterTestCase  - FailedTradeClientUserSession.setupJMS() providerURL: jnp://192.168.9.33:1099
		contextFactory: org.jnp.interfaces.NamingContextFactory
		queueFactoryName: /ConnectionFactory
		JMS_ServerToClientQueue: t_JMS_ServerToClientQueueForFailedTrades@router1
		JMS_ClientToServerQueue: t_JMS_ClientToServerQueueForFailedTrades@router1
		timeToLive: 30000 userId: t FailedTrade session
[2011-06-01 13:12:12,894][TRACE] - getInitialContext(): providerURL: jnp://192.168.9.33:1099 INITIAL_CONTEXT_FACTORY: org.jnp.interfaces.NamingContextFactory
9125 [main] TRACE com.baxter.junit.BaxterTestCase  - getInitialContext(): providerURL: jnp://192.168.9.33:1099 INITIAL_CONTEXT_FACTORY: org.jnp.interfaces.NamingContextFactory
9125 [main] TRACE com.baxter.junit.BaxterTestCase  - getInitialContext(): providerURL: jnp://192.168.9.33:1099 INITIAL_CONTEXT_FACTORY: org.jnp.interfaces.NamingContextFactory
9125 [main] TRACE com.baxter.junit.BaxterTestCase  - getInitialContext(): providerURL: jnp://192.168.9.33:1099 INITIAL_CONTEXT_FACTORY: org.jnp.interfaces.NamingContextFactory
9125 [main] TRACE com.baxter.junit.BaxterTestCase  - getInitialContext(): providerURL: jnp://192.168.9.33:1099 INITIAL_CONTEXT_FACTORY: org.jnp.interfaces.NamingContextFactory
[2011-06-01 13:12:12,902][TRACE] - connectToJMS(): channelName: t_JMS_ServerToClientQueueForFailedTrades@router1, lookup QUEUE_CONNECTION_FACTORY: /ConnectionFactory
9133 [main] TRACE com.baxter.junit.BaxterTestCase  - connectToJMS(): channelName: t_JMS_ServerToClientQueueForFailedTrades@router1, lookup QUEUE_CONNECTION_FACTORY: /ConnectionFactory
9133 [main] TRACE com.baxter.junit.BaxterTestCase  - connectToJMS(): channelName: t_JMS_ServerToClientQueueForFailedTrades@router1, lookup QUEUE_CONNECTION_FACTORY: /ConnectionFactory
9133 [main] TRACE com.baxter.junit.BaxterTestCase  - connectToJMS(): channelName: t_JMS_ServerToClientQueueForFailedTrades@router1, lookup QUEUE_CONNECTION_FACTORY: /ConnectionFactory
9133 [main] TRACE com.baxter.junit.BaxterTestCase  - connectToJMS(): channelName: t_JMS_ServerToClientQueueForFailedTrades@router1, lookup QUEUE_CONNECTION_FACTORY: /ConnectionFactory
[2011-06-01 13:12:12,902][TRACE] - ContextWatchThread.run(): initialContext OK...
9133 [Thread-51] TRACE com.baxter.junit.BaxterTestCase  - ContextWatchThread.run(): initialContext OK...
9133 [Thread-51] TRACE com.baxter.junit.BaxterTestCase  - ContextWatchThread.run(): initialContext OK...
9133 [Thread-51] TRACE com.baxter.junit.BaxterTestCase  - ContextWatchThread.run(): initialContext OK...
9133 [Thread-51] TRACE com.baxter.junit.BaxterTestCase  - ContextWatchThread.run(): initialContext OK...
[2011-06-01 13:12:12,912][TRACE] - connectToJMS(): channelName: t_JMS_ServerToClientQueueForFailedTrades@router1, createQueueConnection()
9143 [main] TRACE com.baxter.junit.BaxterTestCase  - connectToJMS(): channelName: t_JMS_ServerToClientQueueForFailedTrades@router1, createQueueConnection()
9143 [main] TRACE com.baxter.junit.BaxterTestCase  - connectToJMS(): channelName: t_JMS_ServerToClientQueueForFailedTrades@router1, createQueueConnection()
9143 [main] TRACE com.baxter.junit.BaxterTestCase  - connectToJMS(): channelName: t_JMS_ServerToClientQueueForFailedTrades@router1, createQueueConnection()
9143 [main] TRACE com.baxter.junit.BaxterTestCase  - connectToJMS(): channelName: t_JMS_ServerToClientQueueForFailedTrades@router1, createQueueConnection()
[2011-06-01 13:12:12,913][TRACE] - connectToJMS(): channelName: t_JMS_ServerToClientQueueForFailedTrades@router1, createTopicConnection()
9144 [main] TRACE com.baxter.junit.BaxterTestCase  - connectToJMS(): channelName: t_JMS_ServerToClientQueueForFailedTrades@router1, createTopicConnection()
9144 [main] TRACE com.baxter.junit.BaxterTestCase  - connectToJMS(): channelName: t_JMS_ServerToClientQueueForFailedTrades@router1, createTopicConnection()
9144 [main] TRACE com.baxter.junit.BaxterTestCase  - connectToJMS(): channelName: t_JMS_ServerToClientQueueForFailedTrades@router1, createTopicConnection()
9144 [main] TRACE com.baxter.junit.BaxterTestCase  - connectToJMS(): channelName: t_JMS_ServerToClientQueueForFailedTrades@router1, createTopicConnection()
[2011-06-01 13:12:12,923][TRACE] - connectToJMS(): channelName: t_JMS_ServerToClientQueueForFailedTrades@router1, setExceptionListener()
9154 [main] TRACE com.baxter.junit.BaxterTestCase  - connectToJMS(): channelName: t_JMS_ServerToClientQueueForFailedTrades@router1, setExceptionListener()
9154 [main] TRACE com.baxter.junit.BaxterTestCase  - connectToJMS(): channelName: t_JMS_ServerToClientQueueForFailedTrades@router1, setExceptionListener()
9154 [main] TRACE com.baxter.junit.BaxterTestCase  - connectToJMS(): channelName: t_JMS_ServerToClientQueueForFailedTrades@router1, setExceptionListener()
9154 [main] TRACE com.baxter.junit.BaxterTestCase  - connectToJMS(): channelName: t_JMS_ServerToClientQueueForFailedTrades@router1, setExceptionListener()
[2011-06-01 13:12:12,924][TRACE] - connectToJMS(): channelName: t_JMS_ServerToClientQueueForFailedTrades@router1, createQueueSession()
9155 [main] TRACE com.baxter.junit.BaxterTestCase  - connectToJMS(): channelName: t_JMS_ServerToClientQueueForFailedTrades@router1, createQueueSession()
9155 [main] TRACE com.baxter.junit.BaxterTestCase  - connectToJMS(): channelName: t_JMS_ServerToClientQueueForFailedTrades@router1, createQueueSession()
9155 [main] TRACE com.baxter.junit.BaxterTestCase  - connectToJMS(): channelName: t_JMS_ServerToClientQueueForFailedTrades@router1, createQueueSession()
9155 [main] TRACE com.baxter.junit.BaxterTestCase  - connectToJMS(): channelName: t_JMS_ServerToClientQueueForFailedTrades@router1, createQueueSession()
[2011-06-01 13:12:12,926][TRACE] - connectToJMS(): channelName: t_JMS_ServerToClientQueueForFailedTrades@router1, lookup channelName: t_JMS_ServerToClientQueueForFailedTrades@router1
9157 [main] TRACE com.baxter.junit.BaxterTestCase  - connectToJMS(): channelName: t_JMS_ServerToClientQueueForFailedTrades@router1, lookup channelName: t_JMS_ServerToClientQueueForFailedTrades@router1
9157 [main] TRACE com.baxter.junit.BaxterTestCase  - connectToJMS(): channelName: t_JMS_ServerToClientQueueForFailedTrades@router1, lookup channelName: t_JMS_ServerToClientQueueForFailedTrades@router1
9157 [main] TRACE com.baxter.junit.BaxterTestCase  - connectToJMS(): channelName: t_JMS_ServerToClientQueueForFailedTrades@router1, lookup channelName: t_JMS_ServerToClientQueueForFailedTrades@router1
9157 [main] TRACE com.baxter.junit.BaxterTestCase  - connectToJMS(): channelName: t_JMS_ServerToClientQueueForFailedTrades@router1, lookup channelName: t_JMS_ServerToClientQueueForFailedTrades@router1
[2011-06-01 13:12:12,932][TRACE] - connectToJMS(): channelName: t_JMS_ServerToClientQueueForFailedTrades@router1, initialContext.close()
9163 [main] TRACE com.baxter.junit.BaxterTestCase  - connectToJMS(): channelName: t_JMS_ServerToClientQueueForFailedTrades@router1, initialContext.close()
9163 [main] TRACE com.baxter.junit.BaxterTestCase  - connectToJMS(): channelName: t_JMS_ServerToClientQueueForFailedTrades@router1, initialContext.close()
9163 [main] TRACE com.baxter.junit.BaxterTestCase  - connectToJMS(): channelName: t_JMS_ServerToClientQueueForFailedTrades@router1, initialContext.close()
9163 [main] TRACE com.baxter.junit.BaxterTestCase  - connectToJMS(): channelName: t_JMS_ServerToClientQueueForFailedTrades@router1, initialContext.close()
[2011-06-01 13:12:12,932][TRACE] - connectToJMS(): channelName: t_JMS_ServerToClientQueueForFailedTrades@router1, createReceiver()
9163 [main] TRACE com.baxter.junit.BaxterTestCase  - connectToJMS(): channelName: t_JMS_ServerToClientQueueForFailedTrades@router1, createReceiver()
9163 [main] TRACE com.baxter.junit.BaxterTestCase  - connectToJMS(): channelName: t_JMS_ServerToClientQueueForFailedTrades@router1, createReceiver()
9163 [main] TRACE com.baxter.junit.BaxterTestCase  - connectToJMS(): channelName: t_JMS_ServerToClientQueueForFailedTrades@router1, createReceiver()
9163 [main] TRACE com.baxter.junit.BaxterTestCase  - connectToJMS(): channelName: t_JMS_ServerToClientQueueForFailedTrades@router1, createReceiver()
[2011-06-01 13:12:12,935][TRACE] - connectToJMS(): successfully connected...  alias: t_client_JMS_QueueAliasSTCForFailedTrades providerURL: jnp://192.168.9.33:1099 channelName: t_JMS_ServerToClientQueueForFailedTrades@router1 ackMode: 1 messageTimeToLive: 30000 deliveryMode: 1 isSender: false messageListener: null userName: null password: null
9166 [main] TRACE com.baxter.junit.BaxterTestCase  - connectToJMS(): successfully connected...  alias: t_client_JMS_QueueAliasSTCForFailedTrades providerURL: jnp://192.168.9.33:1099 channelName: t_JMS_ServerToClientQueueForFailedTrades@router1 ackMode: 1 messageTimeToLive: 30000 deliveryMode: 1 isSender: false messageListener: null userName: null password: null
9166 [main] TRACE com.baxter.junit.BaxterTestCase  - connectToJMS(): successfully connected...  alias: t_client_JMS_QueueAliasSTCForFailedTrades providerURL: jnp://192.168.9.33:1099 channelName: t_JMS_ServerToClientQueueForFailedTrades@router1 ackMode: 1 messageTimeToLive: 30000 deliveryMode: 1 isSender: false messageListener: null userName: null password: null
9166 [main] TRACE com.baxter.junit.BaxterTestCase  - connectToJMS(): successfully connected...  alias: t_client_JMS_QueueAliasSTCForFailedTrades providerURL: jnp://192.168.9.33:1099 channelName: t_JMS_ServerToClientQueueForFailedTrades@router1 ackMode: 1 messageTimeToLive: 30000 deliveryMode: 1 isSender: false messageListener: null userName: null password: null
9166 [main] TRACE com.baxter.junit.BaxterTestCase  - connectToJMS(): successfully connected...  alias: t_client_JMS_QueueAliasSTCForFailedTrades providerURL: jnp://192.168.9.33:1099 channelName: t_JMS_ServerToClientQueueForFailedTrades@router1 ackMode: 1 messageTimeToLive: 30000 deliveryMode: 1 isSender: false messageListener: null userName: null password: null
[2011-06-01 13:12:12,936][TRACE] - getInitialContext(): providerURL: jnp://192.168.9.33:1099 INITIAL_CONTEXT_FACTORY: org.jnp.interfaces.NamingContextFactory
9167 [main] TRACE com.baxter.junit.BaxterTestCase  - getInitialContext(): providerURL: jnp://192.168.9.33:1099 INITIAL_CONTEXT_FACTORY: org.jnp.interfaces.NamingContextFactory
9167 [main] TRACE com.baxter.junit.BaxterTestCase  - getInitialContext(): providerURL: jnp://192.168.9.33:1099 INITIAL_CONTEXT_FACTORY: org.jnp.interfaces.NamingContextFactory
9167 [main] TRACE com.baxter.junit.BaxterTestCase  - getInitialContext(): providerURL: jnp://192.168.9.33:1099 INITIAL_CONTEXT_FACTORY: org.jnp.interfaces.NamingContextFactory
9167 [main] TRACE com.baxter.junit.BaxterTestCase  - getInitialContext(): providerURL: jnp://192.168.9.33:1099 INITIAL_CONTEXT_FACTORY: org.jnp.interfaces.NamingContextFactory
[2011-06-01 13:12:12,936][TRACE] - connectToJMS(): channelName: t_JMS_ClientToServerQueueForFailedTrades@router1, lookup QUEUE_CONNECTION_FACTORY: /ConnectionFactory
9167 [main] TRACE com.baxter.junit.BaxterTestCase  - connectToJMS(): channelName: t_JMS_ClientToServerQueueForFailedTrades@router1, lookup QUEUE_CONNECTION_FACTORY: /ConnectionFactory
9167 [main] TRACE com.baxter.junit.BaxterTestCase  - connectToJMS(): channelName: t_JMS_ClientToServerQueueForFailedTrades@router1, lookup QUEUE_CONNECTION_FACTORY: /ConnectionFactory
9167 [main] TRACE com.baxter.junit.BaxterTestCase  - connectToJMS(): channelName: t_JMS_ClientToServerQueueForFailedTrades@router1, lookup QUEUE_CONNECTION_FACTORY: /ConnectionFactory
9167 [main] TRACE com.baxter.junit.BaxterTestCase  - connectToJMS(): channelName: t_JMS_ClientToServerQueueForFailedTrades@router1, lookup QUEUE_CONNECTION_FACTORY: /ConnectionFactory
[2011-06-01 13:12:12,937][TRACE] - ContextWatchThread.run(): initialContext OK...
9168 [Thread-52] TRACE com.baxter.junit.BaxterTestCase  - ContextWatchThread.run(): initialContext OK...
9168 [Thread-52] TRACE com.baxter.junit.BaxterTestCase  - ContextWatchThread.run(): initialContext OK...
9168 [Thread-52] TRACE com.baxter.junit.BaxterTestCase  - ContextWatchThread.run(): initialContext OK...
9168 [Thread-52] TRACE com.baxter.junit.BaxterTestCase  - ContextWatchThread.run(): initialContext OK...
[2011-06-01 13:12:12,943][TRACE] - connectToJMS(): channelName: t_JMS_ClientToServerQueueForFailedTrades@router1, createQueueConnection()
9174 [main] TRACE com.baxter.junit.BaxterTestCase  - connectToJMS(): channelName: t_JMS_ClientToServerQueueForFailedTrades@router1, createQueueConnection()
9174 [main] TRACE com.baxter.junit.BaxterTestCase  - connectToJMS(): channelName: t_JMS_ClientToServerQueueForFailedTrades@router1, createQueueConnection()
9174 [main] TRACE com.baxter.junit.BaxterTestCase  - connectToJMS(): channelName: t_JMS_ClientToServerQueueForFailedTrades@router1, createQueueConnection()
9174 [main] TRACE com.baxter.junit.BaxterTestCase  - connectToJMS(): channelName: t_JMS_ClientToServerQueueForFailedTrades@router1, createQueueConnection()
[2011-06-01 13:12:12,944][TRACE] - connectToJMS(): channelName: t_JMS_ClientToServerQueueForFailedTrades@router1, createTopicConnection()
9175 [main] TRACE com.baxter.junit.BaxterTestCase  - connectToJMS(): channelName: t_JMS_ClientToServerQueueForFailedTrades@router1, createTopicConnection()
9175 [main] TRACE com.baxter.junit.BaxterTestCase  - connectToJMS(): channelName: t_JMS_ClientToServerQueueForFailedTrades@router1, createTopicConnection()
9175 [main] TRACE com.baxter.junit.BaxterTestCase  - connectToJMS(): channelName: t_JMS_ClientToServerQueueForFailedTrades@router1, createTopicConnection()
9175 [main] TRACE com.baxter.junit.BaxterTestCase  - connectToJMS(): channelName: t_JMS_ClientToServerQueueForFailedTrades@router1, createTopicConnection()
[2011-06-01 13:12:12,953][TRACE] - connectToJMS(): channelName: t_JMS_ClientToServerQueueForFailedTrades@router1, setExceptionListener()
9184 [main] TRACE com.baxter.junit.BaxterTestCase  - connectToJMS(): channelName: t_JMS_ClientToServerQueueForFailedTrades@router1, setExceptionListener()
9184 [main] TRACE com.baxter.junit.BaxterTestCase  - connectToJMS(): channelName: t_JMS_ClientToServerQueueForFailedTrades@router1, setExceptionListener()
9184 [main] TRACE com.baxter.junit.BaxterTestCase  - connectToJMS(): channelName: t_JMS_ClientToServerQueueForFailedTrades@router1, setExceptionListener()
9184 [main] TRACE com.baxter.junit.BaxterTestCase  - connectToJMS(): channelName: t_JMS_ClientToServerQueueForFailedTrades@router1, setExceptionListener()
[2011-06-01 13:12:12,954][TRACE] - connectToJMS(): channelName: t_JMS_ClientToServerQueueForFailedTrades@router1, createQueueSession()
9185 [main] TRACE com.baxter.junit.BaxterTestCase  - connectToJMS(): channelName: t_JMS_ClientToServerQueueForFailedTrades@router1, createQueueSession()
9185 [main] TRACE com.baxter.junit.BaxterTestCase  - connectToJMS(): channelName: t_JMS_ClientToServerQueueForFailedTrades@router1, createQueueSession()
9185 [main] TRACE com.baxter.junit.BaxterTestCase  - connectToJMS(): channelName: t_JMS_ClientToServerQueueForFailedTrades@router1, createQueueSession()
9185 [main] TRACE com.baxter.junit.BaxterTestCase  - connectToJMS(): channelName: t_JMS_ClientToServerQueueForFailedTrades@router1, createQueueSession()
[2011-06-01 13:12:12,955][TRACE] - connectToJMS(): channelName: t_JMS_ClientToServerQueueForFailedTrades@router1, lookup channelName: t_JMS_ClientToServerQueueForFailedTrades@router1
9186 [main] TRACE com.baxter.junit.BaxterTestCase  - connectToJMS(): channelName: t_JMS_ClientToServerQueueForFailedTrades@router1, lookup channelName: t_JMS_ClientToServerQueueForFailedTrades@router1
9186 [main] TRACE com.baxter.junit.BaxterTestCase  - connectToJMS(): channelName: t_JMS_ClientToServerQueueForFailedTrades@router1, lookup channelName: t_JMS_ClientToServerQueueForFailedTrades@router1
9186 [main] TRACE com.baxter.junit.BaxterTestCase  - connectToJMS(): channelName: t_JMS_ClientToServerQueueForFailedTrades@router1, lookup channelName: t_JMS_ClientToServerQueueForFailedTrades@router1
9186 [main] TRACE com.baxter.junit.BaxterTestCase  - connectToJMS(): channelName: t_JMS_ClientToServerQueueForFailedTrades@router1, lookup channelName: t_JMS_ClientToServerQueueForFailedTrades@router1
[2011-06-01 13:12:12,961][TRACE] - connectToJMS(): channelName: t_JMS_ClientToServerQueueForFailedTrades@router1, initialContext.close()
9192 [main] TRACE com.baxter.junit.BaxterTestCase  - connectToJMS(): channelName: t_JMS_ClientToServerQueueForFailedTrades@router1, initialContext.close()
9192 [main] TRACE com.baxter.junit.BaxterTestCase  - connectToJMS(): channelName: t_JMS_ClientToServerQueueForFailedTrades@router1, initialContext.close()
9192 [main] TRACE com.baxter.junit.BaxterTestCase  - connectToJMS(): channelName: t_JMS_ClientToServerQueueForFailedTrades@router1, initialContext.close()
9192 [main] TRACE com.baxter.junit.BaxterTestCase  - connectToJMS(): channelName: t_JMS_ClientToServerQueueForFailedTrades@router1, initialContext.close()
[2011-06-01 13:12:12,961][TRACE] - connectToJMS(): channelName: t_JMS_ClientToServerQueueForFailedTrades@router1, createSender()
9192 [main] TRACE com.baxter.junit.BaxterTestCase  - connectToJMS(): channelName: t_JMS_ClientToServerQueueForFailedTrades@router1, createSender()
9192 [main] TRACE com.baxter.junit.BaxterTestCase  - connectToJMS(): channelName: t_JMS_ClientToServerQueueForFailedTrades@router1, createSender()
9192 [main] TRACE com.baxter.junit.BaxterTestCase  - connectToJMS(): channelName: t_JMS_ClientToServerQueueForFailedTrades@router1, createSender()
9192 [main] TRACE com.baxter.junit.BaxterTestCase  - connectToJMS(): channelName: t_JMS_ClientToServerQueueForFailedTrades@router1, createSender()
[2011-06-01 13:12:12,963][TRACE] - connectToJMS(): successfully connected...  alias: t_client_JMS_QueueAliasCTSForFailedTrades providerURL: jnp://192.168.9.33:1099 channelName: t_JMS_ClientToServerQueueForFailedTrades@router1 ackMode: 1 messageTimeToLive: 30000 deliveryMode: 1 isSender: true messageListener: null userName: null password: null
9194 [main] TRACE com.baxter.junit.BaxterTestCase  - connectToJMS(): successfully connected...  alias: t_client_JMS_QueueAliasCTSForFailedTrades providerURL: jnp://192.168.9.33:1099 channelName: t_JMS_ClientToServerQueueForFailedTrades@router1 ackMode: 1 messageTimeToLive: 30000 deliveryMode: 1 isSender: true messageListener: null userName: null password: null
9194 [main] TRACE com.baxter.junit.BaxterTestCase  - connectToJMS(): successfully connected...  alias: t_client_JMS_QueueAliasCTSForFailedTrades providerURL: jnp://192.168.9.33:1099 channelName: t_JMS_ClientToServerQueueForFailedTrades@router1 ackMode: 1 messageTimeToLive: 30000 deliveryMode: 1 isSender: true messageListener: null userName: null password: null
9194 [main] TRACE com.baxter.junit.BaxterTestCase  - connectToJMS(): successfully connected...  alias: t_client_JMS_QueueAliasCTSForFailedTrades providerURL: jnp://192.168.9.33:1099 channelName: t_JMS_ClientToServerQueueForFailedTrades@router1 ackMode: 1 messageTimeToLive: 30000 deliveryMode: 1 isSender: true messageListener: null userName: null password: null
9194 [main] TRACE com.baxter.junit.BaxterTestCase  - connectToJMS(): successfully connected...  alias: t_client_JMS_QueueAliasCTSForFailedTrades providerURL: jnp://192.168.9.33:1099 channelName: t_JMS_ClientToServerQueueForFailedTrades@router1 ackMode: 1 messageTimeToLive: 30000 deliveryMode: 1 isSender: true messageListener: null userName: null password: null
[2011-06-01 13:12:12,966][TRACE] - UserSession.UserSession(String, String, Logger, boolean):
messageSender: com.baxter.cdtradesupervisor.UserSession$MessageSenderObjectUpdaterThread@edf389 userId: t FailedTrade session
9197 [main] TRACE com.baxter.junit.BaxterTestCase  - UserSession.UserSession(String, String, Logger, boolean):
messageSender: com.baxter.cdtradesupervisor.UserSession$MessageSenderObjectUpdaterThread@edf389 userId: t FailedTrade session
9197 [main] TRACE com.baxter.junit.BaxterTestCase  - UserSession.UserSession(String, String, Logger, boolean):
messageSender: com.baxter.cdtradesupervisor.UserSession$MessageSenderObjectUpdaterThread@edf389 userId: t FailedTrade session
9197 [main] TRACE com.baxter.junit.BaxterTestCase  - UserSession.UserSession(String, String, Logger, boolean):
messageSender: com.baxter.cdtradesupervisor.UserSession$MessageSenderObjectUpdaterThread@edf389 userId: t FailedTrade session
9197 [main] TRACE com.baxter.junit.BaxterTestCase  - UserSession.UserSession(String, String, Logger, boolean):
messageSender: com.baxter.cdtradesupervisor.UserSession$MessageSenderObjectUpdaterThread@edf389 userId: t FailedTrade session
[2011-06-01 13:12:12,966][TRACE] - ObjectUpdaterThread.run() threadName: MessageSender Start waiting... ListUpdated: false
9197 [MessageSender] TRACE com.baxter.junit.BaxterTestCase  - ObjectUpdaterThread.run() threadName: MessageSender Start waiting... ListUpdated: false
9197 [MessageSender] TRACE com.baxter.junit.BaxterTestCase  - ObjectUpdaterThread.run() threadName: MessageSender Start waiting... ListUpdated: false
9197 [MessageSender] TRACE com.baxter.junit.BaxterTestCase  - ObjectUpdaterThread.run() threadName: MessageSender Start waiting... ListUpdated: false
9197 [MessageSender] TRACE com.baxter.junit.BaxterTestCase  - ObjectUpdaterThread.run() threadName: MessageSender Start waiting... ListUpdated: false
[2011-06-01 13:12:12,968][TRACE] - parameter read from /store/jenkins/jobs/currency-dealing/workspace/target/test-classes/conf/JUnit.ini: HEARTBEAT_MISSEDTHRESHOLD_RED_MSG: Network connection is unstable.
9199 [main] TRACE com.baxter.junit.BaxterTestCase  - parameter read from /store/jenkins/jobs/currency-dealing/workspace/target/test-classes/conf/JUnit.ini: HEARTBEAT_MISSEDTHRESHOLD_RED_MSG: Network connection is unstable.
9199 [main] TRACE com.baxter.junit.BaxterTestCase  - parameter read from /store/jenkins/jobs/currency-dealing/workspace/target/test-classes/conf/JUnit.ini: HEARTBEAT_MISSEDTHRESHOLD_RED_MSG: Network connection is unstable.
9199 [main] TRACE com.baxter.junit.BaxterTestCase  - parameter read from /store/jenkins/jobs/currency-dealing/workspace/target/test-classes/conf/JUnit.ini: HEARTBEAT_MISSEDTHRESHOLD_RED_MSG: Network connection is unstable.
9199 [main] TRACE com.baxter.junit.BaxterTestCase  - parameter read from /store/jenkins/jobs/currency-dealing/workspace/target/test-classes/conf/JUnit.ini: HEARTBEAT_MISSEDTHRESHOLD_RED_MSG: Network connection is unstable.
[2011-06-01 13:12:12,969][DEBUG] - UserSession(): session is creating. userId: t FailedTrade session
9200 [main] DEBUG com.baxter.junit.BaxterTestCase  - UserSession(): session is creating. userId: t FailedTrade session
9200 [main] DEBUG com.baxter.junit.BaxterTestCase  - UserSession(): session is creating. userId: t FailedTrade session
9200 [main] DEBUG com.baxter.junit.BaxterTestCase  - UserSession(): session is creating. userId: t FailedTrade session
9200 [main] DEBUG com.baxter.junit.BaxterTestCase  - UserSession(): session is creating. userId: t FailedTrade session
[2011-06-01 13:12:12,970][TRACE] - UserSession.UserSession(): MAX_ENTRIES_OF_MESSAGEHISTORY=100 JMS_HEARTBEAT_DELAY=5000 MAX_JMS_SESSION_STARTUP_DELAY=500 MAX_HEARTBEAT_TOLERANCE=5000 MAX_SIZE_OF_HOLD_UP_LIST=100 userId: t FailedTrade session
9201 [main] TRACE com.baxter.junit.BaxterTestCase  - UserSession.UserSession(): MAX_ENTRIES_OF_MESSAGEHISTORY=100 JMS_HEARTBEAT_DELAY=5000 MAX_JMS_SESSION_STARTUP_DELAY=500 MAX_HEARTBEAT_TOLERANCE=5000 MAX_SIZE_OF_HOLD_UP_LIST=100 userId: t FailedTrade session
9201 [main] TRACE com.baxter.junit.BaxterTestCase  - UserSession.UserSession(): MAX_ENTRIES_OF_MESSAGEHISTORY=100 JMS_HEARTBEAT_DELAY=5000 MAX_JMS_SESSION_STARTUP_DELAY=500 MAX_HEARTBEAT_TOLERANCE=5000 MAX_SIZE_OF_HOLD_UP_LIST=100 userId: t FailedTrade session
9201 [main] TRACE com.baxter.junit.BaxterTestCase  - UserSession.UserSession(): MAX_ENTRIES_OF_MESSAGEHISTORY=100 JMS_HEARTBEAT_DELAY=5000 MAX_JMS_SESSION_STARTUP_DELAY=500 MAX_HEARTBEAT_TOLERANCE=5000 MAX_SIZE_OF_HOLD_UP_LIST=100 userId: t FailedTrade session
9201 [main] TRACE com.baxter.junit.BaxterTestCase  - UserSession.UserSession(): MAX_ENTRIES_OF_MESSAGEHISTORY=100 JMS_HEARTBEAT_DELAY=5000 MAX_JMS_SESSION_STARTUP_DELAY=500 MAX_HEARTBEAT_TOLERANCE=5000 MAX_SIZE_OF_HOLD_UP_LIST=100 userId: t FailedTrade session
[2011-06-01 13:12:12,970][TRACE] - UserSession.UserSession(): userListForSelector=[t, t1] userId: t FailedTrade session
9201 [main] TRACE com.baxter.junit.BaxterTestCase  - UserSession.UserSession(): userListForSelector=[t, t1] userId: t FailedTrade session
9201 [main] TRACE com.baxter.junit.BaxterTestCase  - UserSession.UserSession(): userListForSelector=[t, t1] userId: t FailedTrade session
9201 [main] TRACE com.baxter.junit.BaxterTestCase  - UserSession.UserSession(): userListForSelector=[t, t1] userId: t FailedTrade session
9201 [main] TRACE com.baxter.junit.BaxterTestCase  - UserSession.UserSession(): userListForSelector=[t, t1] userId: t FailedTrade session
[2011-06-01 13:12:12,970][DEBUG] - FailedTradeServerUserSession.setupJMS() is invoked. userId: t FailedTrade session
9201 [main] DEBUG com.baxter.junit.BaxterTestCase  - FailedTradeServerUserSession.setupJMS() is invoked. userId: t FailedTrade session
9201 [main] DEBUG com.baxter.junit.BaxterTestCase  - FailedTradeServerUserSession.setupJMS() is invoked. userId: t FailedTrade session
9201 [main] DEBUG com.baxter.junit.BaxterTestCase  - FailedTradeServerUserSession.setupJMS() is invoked. userId: t FailedTrade session
9201 [main] DEBUG com.baxter.junit.BaxterTestCase  - FailedTradeServerUserSession.setupJMS() is invoked. userId: t FailedTrade session
[2011-06-01 13:12:12,971][DEBUG] - FailedTradeServerUserSession.setupJMS() providerURL: jnp://192.168.9.33:1099
		contextFactory: org.jnp.interfaces.NamingContextFactory
		queueFactoryName: /ConnectionFactory
		JMS_ServerToClientQueue: t_JMS_ServerToClientQueueForFailedTrades@router1
		JMS_ClientToServerQueue: t_JMS_ClientToServerQueueForFailedTrades@router1
		timeToLive: 30000 userId: t FailedTrade session
9202 [main] DEBUG com.baxter.junit.BaxterTestCase  - FailedTradeServerUserSession.setupJMS() providerURL: jnp://192.168.9.33:1099
		contextFactory: org.jnp.interfaces.NamingContextFactory
		queueFactoryName: /ConnectionFactory
		JMS_ServerToClientQueue: t_JMS_ServerToClientQueueForFailedTrades@router1
		JMS_ClientToServerQueue: t_JMS_ClientToServerQueueForFailedTrades@router1
		timeToLive: 30000 userId: t FailedTrade session
9202 [main] DEBUG com.baxter.junit.BaxterTestCase  - FailedTradeServerUserSession.setupJMS() providerURL: jnp://192.168.9.33:1099
		contextFactory: org.jnp.interfaces.NamingContextFactory
		queueFactoryName: /ConnectionFactory
		JMS_ServerToClientQueue: t_JMS_ServerToClientQueueForFailedTrades@router1
		JMS_ClientToServerQueue: t_JMS_ClientToServerQueueForFailedTrades@router1
		timeToLive: 30000 userId: t FailedTrade session
9202 [main] DEBUG com.baxter.junit.BaxterTestCase  - FailedTradeServerUserSession.setupJMS() providerURL: jnp://192.168.9.33:1099
		contextFactory: org.jnp.interfaces.NamingContextFactory
		queueFactoryName: /ConnectionFactory
		JMS_ServerToClientQueue: t_JMS_ServerToClientQueueForFailedTrades@router1
		JMS_ClientToServerQueue: t_JMS_ClientToServerQueueForFailedTrades@router1
		timeToLive: 30000 userId: t FailedTrade session
9202 [main] DEBUG com.baxter.junit.BaxterTestCase  - FailedTradeServerUserSession.setupJMS() providerURL: jnp://192.168.9.33:1099
		contextFactory: org.jnp.interfaces.NamingContextFactory
		queueFactoryName: /ConnectionFactory
		JMS_ServerToClientQueue: t_JMS_ServerToClientQueueForFailedTrades@router1
		JMS_ClientToServerQueue: t_JMS_ClientToServerQueueForFailedTrades@router1
		timeToLive: 30000 userId: t FailedTrade session
[2011-06-01 13:12:12,972][TRACE] - getInitialContext(): providerURL: jnp://192.168.9.33:1099 INITIAL_CONTEXT_FACTORY: org.jnp.interfaces.NamingContextFactory
9203 [main] TRACE com.baxter.junit.BaxterTestCase  - getInitialContext(): providerURL: jnp://192.168.9.33:1099 INITIAL_CONTEXT_FACTORY: org.jnp.interfaces.NamingContextFactory
9203 [main] TRACE com.baxter.junit.BaxterTestCase  - getInitialContext(): providerURL: jnp://192.168.9.33:1099 INITIAL_CONTEXT_FACTORY: org.jnp.interfaces.NamingContextFactory
9203 [main] TRACE com.baxter.junit.BaxterTestCase  - getInitialContext(): providerURL: jnp://192.168.9.33:1099 INITIAL_CONTEXT_FACTORY: org.jnp.interfaces.NamingContextFactory
9203 [main] TRACE com.baxter.junit.BaxterTestCase  - getInitialContext(): providerURL: jnp://192.168.9.33:1099 INITIAL_CONTEXT_FACTORY: org.jnp.interfaces.NamingContextFactory
[2011-06-01 13:12:12,973][TRACE] - connectToJMS(): channelName: t_JMS_ServerToClientQueueForFailedTrades@router1, lookup QUEUE_CONNECTION_FACTORY: /ConnectionFactory
9204 [main] TRACE com.baxter.junit.BaxterTestCase  - connectToJMS(): channelName: t_JMS_ServerToClientQueueForFailedTrades@router1, lookup QUEUE_CONNECTION_FACTORY: /ConnectionFactory
9204 [main] TRACE com.baxter.junit.BaxterTestCase  - connectToJMS(): channelName: t_JMS_ServerToClientQueueForFailedTrades@router1, lookup QUEUE_CONNECTION_FACTORY: /ConnectionFactory
9204 [main] TRACE com.baxter.junit.BaxterTestCase  - connectToJMS(): channelName: t_JMS_ServerToClientQueueForFailedTrades@router1, lookup QUEUE_CONNECTION_FACTORY: /ConnectionFactory
9204 [main] TRACE com.baxter.junit.BaxterTestCase  - connectToJMS(): channelName: t_JMS_ServerToClientQueueForFailedTrades@router1, lookup QUEUE_CONNECTION_FACTORY: /ConnectionFactory
[2011-06-01 13:12:12,973][TRACE] - ObjectUpdaterThread.run() threadName: MessageReceiver userId: t FailedTrade session Start waiting... ListUpdated: false
9204 [MessageReceiver userId: t FailedTrade session] TRACE com.baxter.junit.BaxterTestCase  - ObjectUpdaterThread.run() threadName: MessageReceiver userId: t FailedTrade session Start waiting... ListUpdated: false
9204 [MessageReceiver userId: t FailedTrade session] TRACE com.baxter.junit.BaxterTestCase  - ObjectUpdaterThread.run() threadName: MessageReceiver userId: t FailedTrade session Start waiting... ListUpdated: false
9204 [MessageReceiver userId: t FailedTrade session] TRACE com.baxter.junit.BaxterTestCase  - ObjectUpdaterThread.run() threadName: MessageReceiver userId: t FailedTrade session Start waiting... ListUpdated: false
9204 [MessageReceiver userId: t FailedTrade session] TRACE com.baxter.junit.BaxterTestCase  - ObjectUpdaterThread.run() threadName: MessageReceiver userId: t FailedTrade session Start waiting... ListUpdated: false
[2011-06-01 13:12:12,981][TRACE] - connectToJMS(): channelName: t_JMS_ServerToClientQueueForFailedTrades@router1, createQueueConnection()
9212 [main] TRACE com.baxter.junit.BaxterTestCase  - connectToJMS(): channelName: t_JMS_ServerToClientQueueForFailedTrades@router1, createQueueConnection()
9212 [main] TRACE com.baxter.junit.BaxterTestCase  - connectToJMS(): channelName: t_JMS_ServerToClientQueueForFailedTrades@router1, createQueueConnection()
9212 [main] TRACE com.baxter.junit.BaxterTestCase  - connectToJMS(): channelName: t_JMS_ServerToClientQueueForFailedTrades@router1, createQueueConnection()
9212 [main] TRACE com.baxter.junit.BaxterTestCase  - connectToJMS(): channelName: t_JMS_ServerToClientQueueForFailedTrades@router1, createQueueConnection()
[2011-06-01 13:12:12,981][TRACE] - connectToJMS(): channelName: t_JMS_ServerToClientQueueForFailedTrades@router1, createTopicConnection()
9212 [main] TRACE com.baxter.junit.BaxterTestCase  - connectToJMS(): channelName: t_JMS_ServerToClientQueueForFailedTrades@router1, createTopicConnection()
9212 [main] TRACE com.baxter.junit.BaxterTestCase  - connectToJMS(): channelName: t_JMS_ServerToClientQueueForFailedTrades@router1, createTopicConnection()
9212 [main] TRACE com.baxter.junit.BaxterTestCase  - connectToJMS(): channelName: t_JMS_ServerToClientQueueForFailedTrades@router1, createTopicConnection()
9212 [main] TRACE com.baxter.junit.BaxterTestCase  - connectToJMS(): channelName: t_JMS_ServerToClientQueueForFailedTrades@router1, createTopicConnection()
[2011-06-01 13:12:12,990][TRACE] - connectToJMS(): channelName: t_JMS_ServerToClientQueueForFailedTrades@router1, setExceptionListener()
9221 [main] TRACE com.baxter.junit.BaxterTestCase  - connectToJMS(): channelName: t_JMS_ServerToClientQueueForFailedTrades@router1, setExceptionListener()
9221 [main] TRACE com.baxter.junit.BaxterTestCase  - connectToJMS(): channelName: t_JMS_ServerToClientQueueForFailedTrades@router1, setExceptionListener()
9221 [main] TRACE com.baxter.junit.BaxterTestCase  - connectToJMS(): channelName: t_JMS_ServerToClientQueueForFailedTrades@router1, setExceptionListener()
9221 [main] TRACE com.baxter.junit.BaxterTestCase  - connectToJMS(): channelName: t_JMS_ServerToClientQueueForFailedTrades@router1, setExceptionListener()
[2011-06-01 13:12:12,990][TRACE] - connectToJMS(): channelName: t_JMS_ServerToClientQueueForFailedTrades@router1, createQueueSession()
9221 [main] TRACE com.baxter.junit.BaxterTestCase  - connectToJMS(): channelName: t_JMS_ServerToClientQueueForFailedTrades@router1, createQueueSession()
9221 [main] TRACE com.baxter.junit.BaxterTestCase  - connectToJMS(): channelName: t_JMS_ServerToClientQueueForFailedTrades@router1, createQueueSession()
9221 [main] TRACE com.baxter.junit.BaxterTestCase  - connectToJMS(): channelName: t_JMS_ServerToClientQueueForFailedTrades@router1, createQueueSession()
9221 [main] TRACE com.baxter.junit.BaxterTestCase  - connectToJMS(): channelName: t_JMS_ServerToClientQueueForFailedTrades@router1, createQueueSession()
[2011-06-01 13:12:12,991][TRACE] - connectToJMS(): channelName: t_JMS_ServerToClientQueueForFailedTrades@router1, lookup channelName: t_JMS_ServerToClientQueueForFailedTrades@router1
9222 [main] TRACE com.baxter.junit.BaxterTestCase  - connectToJMS(): channelName: t_JMS_ServerToClientQueueForFailedTrades@router1, lookup channelName: t_JMS_ServerToClientQueueForFailedTrades@router1
9222 [main] TRACE com.baxter.junit.BaxterTestCase  - connectToJMS(): channelName: t_JMS_ServerToClientQueueForFailedTrades@router1, lookup channelName: t_JMS_ServerToClientQueueForFailedTrades@router1
9222 [main] TRACE com.baxter.junit.BaxterTestCase  - connectToJMS(): channelName: t_JMS_ServerToClientQueueForFailedTrades@router1, lookup channelName: t_JMS_ServerToClientQueueForFailedTrades@router1
9222 [main] TRACE com.baxter.junit.BaxterTestCase  - connectToJMS(): channelName: t_JMS_ServerToClientQueueForFailedTrades@router1, lookup channelName: t_JMS_ServerToClientQueueForFailedTrades@router1
[2011-06-01 13:12:12,996][TRACE] - connectToJMS(): channelName: t_JMS_ServerToClientQueueForFailedTrades@router1, initialContext.close()
9227 [main] TRACE com.baxter.junit.BaxterTestCase  - connectToJMS(): channelName: t_JMS_ServerToClientQueueForFailedTrades@router1, initialContext.close()
9227 [main] TRACE com.baxter.junit.BaxterTestCase  - connectToJMS(): channelName: t_JMS_ServerToClientQueueForFailedTrades@router1, initialContext.close()
9227 [main] TRACE com.baxter.junit.BaxterTestCase  - connectToJMS(): channelName: t_JMS_ServerToClientQueueForFailedTrades@router1, initialContext.close()
9227 [main] TRACE com.baxter.junit.BaxterTestCase  - connectToJMS(): channelName: t_JMS_ServerToClientQueueForFailedTrades@router1, initialContext.close()
[2011-06-01 13:12:12,996][TRACE] - connectToJMS(): channelName: t_JMS_ServerToClientQueueForFailedTrades@router1, createSender()
9227 [main] TRACE com.baxter.junit.BaxterTestCase  - connectToJMS(): channelName: t_JMS_ServerToClientQueueForFailedTrades@router1, createSender()
9227 [main] TRACE com.baxter.junit.BaxterTestCase  - connectToJMS(): channelName: t_JMS_ServerToClientQueueForFailedTrades@router1, createSender()
9227 [main] TRACE com.baxter.junit.BaxterTestCase  - connectToJMS(): channelName: t_JMS_ServerToClientQueueForFailedTrades@router1, createSender()
9227 [main] TRACE com.baxter.junit.BaxterTestCase  - connectToJMS(): channelName: t_JMS_ServerToClientQueueForFailedTrades@router1, createSender()
[2011-06-01 13:12:13,000][TRACE] - connectToJMS(): successfully connected...  alias: t_JMS_QueueAliasSTCForFailedTrades providerURL: jnp://192.168.9.33:1099 channelName: t_JMS_ServerToClientQueueForFailedTrades@router1 ackMode: 1 messageTimeToLive: 30000 deliveryMode: 1 isSender: true messageListener: null userName: null password: null
9231 [main] TRACE com.baxter.junit.BaxterTestCase  - connectToJMS(): successfully connected...  alias: t_JMS_QueueAliasSTCForFailedTrades providerURL: jnp://192.168.9.33:1099 channelName: t_JMS_ServerToClientQueueForFailedTrades@router1 ackMode: 1 messageTimeToLive: 30000 deliveryMode: 1 isSender: true messageListener: null userName: null password: null
9231 [main] TRACE com.baxter.junit.BaxterTestCase  - connectToJMS(): successfully connected...  alias: t_JMS_QueueAliasSTCForFailedTrades providerURL: jnp://192.168.9.33:1099 channelName: t_JMS_ServerToClientQueueForFailedTrades@router1 ackMode: 1 messageTimeToLive: 30000 deliveryMode: 1 isSender: true messageListener: null userName: null password: null
9231 [main] TRACE com.baxter.junit.BaxterTestCase  - connectToJMS(): successfully connected...  alias: t_JMS_QueueAliasSTCForFailedTrades providerURL: jnp://192.168.9.33:1099 channelName: t_JMS_ServerToClientQueueForFailedTrades@router1 ackMode: 1 messageTimeToLive: 30000 deliveryMode: 1 isSender: true messageListener: null userName: null password: null
9231 [main] TRACE com.baxter.junit.BaxterTestCase  - connectToJMS(): successfully connected...  alias: t_JMS_QueueAliasSTCForFailedTrades providerURL: jnp://192.168.9.33:1099 channelName: t_JMS_ServerToClientQueueForFailedTrades@router1 ackMode: 1 messageTimeToLive: 30000 deliveryMode: 1 isSender: true messageListener: null userName: null password: null
[2011-06-01 13:12:13,000][TRACE] - getInitialContext(): providerURL: jnp://192.168.9.33:1099 INITIAL_CONTEXT_FACTORY: org.jnp.interfaces.NamingContextFactory
9231 [main] TRACE com.baxter.junit.BaxterTestCase  - getInitialContext(): providerURL: jnp://192.168.9.33:1099 INITIAL_CONTEXT_FACTORY: org.jnp.interfaces.NamingContextFactory
9231 [main] TRACE com.baxter.junit.BaxterTestCase  - getInitialContext(): providerURL: jnp://192.168.9.33:1099 INITIAL_CONTEXT_FACTORY: org.jnp.interfaces.NamingContextFactory
9231 [main] TRACE com.baxter.junit.BaxterTestCase  - getInitialContext(): providerURL: jnp://192.168.9.33:1099 INITIAL_CONTEXT_FACTORY: org.jnp.interfaces.NamingContextFactory
9231 [main] TRACE com.baxter.junit.BaxterTestCase  - getInitialContext(): providerURL: jnp://192.168.9.33:1099 INITIAL_CONTEXT_FACTORY: org.jnp.interfaces.NamingContextFactory
[2011-06-01 13:12:13,005][TRACE] - connectToJMS(): channelName: t_JMS_ClientToServerQueueForFailedTrades@router1, lookup QUEUE_CONNECTION_FACTORY: /ConnectionFactory
9236 [main] TRACE com.baxter.junit.BaxterTestCase  - connectToJMS(): channelName: t_JMS_ClientToServerQueueForFailedTrades@router1, lookup QUEUE_CONNECTION_FACTORY: /ConnectionFactory
9236 [main] TRACE com.baxter.junit.BaxterTestCase  - connectToJMS(): channelName: t_JMS_ClientToServerQueueForFailedTrades@router1, lookup QUEUE_CONNECTION_FACTORY: /ConnectionFactory
9236 [main] TRACE com.baxter.junit.BaxterTestCase  - connectToJMS(): channelName: t_JMS_ClientToServerQueueForFailedTrades@router1, lookup QUEUE_CONNECTION_FACTORY: /ConnectionFactory
9236 [main] TRACE com.baxter.junit.BaxterTestCase  - connectToJMS(): channelName: t_JMS_ClientToServerQueueForFailedTrades@router1, lookup QUEUE_CONNECTION_FACTORY: /ConnectionFactory
[2011-06-01 13:12:13,005][TRACE] - ContextWatchThread.run(): initialContext OK...
9236 [Thread-57] TRACE com.baxter.junit.BaxterTestCase  - ContextWatchThread.run(): initialContext OK...
9236 [Thread-57] TRACE com.baxter.junit.BaxterTestCase  - ContextWatchThread.run(): initialContext OK...
9236 [Thread-57] TRACE com.baxter.junit.BaxterTestCase  - ContextWatchThread.run(): initialContext OK...
9236 [Thread-57] TRACE com.baxter.junit.BaxterTestCase  - ContextWatchThread.run(): initialContext OK...
[2011-06-01 13:12:13,012][TRACE] - connectToJMS(): channelName: t_JMS_ClientToServerQueueForFailedTrades@router1, createQueueConnection()
9243 [main] TRACE com.baxter.junit.BaxterTestCase  - connectToJMS(): channelName: t_JMS_ClientToServerQueueForFailedTrades@router1, createQueueConnection()
9243 [main] TRACE com.baxter.junit.BaxterTestCase  - connectToJMS(): channelName: t_JMS_ClientToServerQueueForFailedTrades@router1, createQueueConnection()
9243 [main] TRACE com.baxter.junit.BaxterTestCase  - connectToJMS(): channelName: t_JMS_ClientToServerQueueForFailedTrades@router1, createQueueConnection()
9243 [main] TRACE com.baxter.junit.BaxterTestCase  - connectToJMS(): channelName: t_JMS_ClientToServerQueueForFailedTrades@router1, createQueueConnection()
[2011-06-01 13:12:13,012][TRACE] - connectToJMS(): channelName: t_JMS_ClientToServerQueueForFailedTrades@router1, createTopicConnection()
9243 [main] TRACE com.baxter.junit.BaxterTestCase  - connectToJMS(): channelName: t_JMS_ClientToServerQueueForFailedTrades@router1, createTopicConnection()
9243 [main] TRACE com.baxter.junit.BaxterTestCase  - connectToJMS(): channelName: t_JMS_ClientToServerQueueForFailedTrades@router1, createTopicConnection()
9243 [main] TRACE com.baxter.junit.BaxterTestCase  - connectToJMS(): channelName: t_JMS_ClientToServerQueueForFailedTrades@router1, createTopicConnection()
9243 [main] TRACE com.baxter.junit.BaxterTestCase  - connectToJMS(): channelName: t_JMS_ClientToServerQueueForFailedTrades@router1, createTopicConnection()
[2011-06-01 13:12:13,028][TRACE] - connectToJMS(): channelName: t_JMS_ClientToServerQueueForFailedTrades@router1, setExceptionListener()
9259 [main] TRACE com.baxter.junit.BaxterTestCase  - connectToJMS(): channelName: t_JMS_ClientToServerQueueForFailedTrades@router1, setExceptionListener()
9259 [main] TRACE com.baxter.junit.BaxterTestCase  - connectToJMS(): channelName: t_JMS_ClientToServerQueueForFailedTrades@router1, setExceptionListener()
9259 [main] TRACE com.baxter.junit.BaxterTestCase  - connectToJMS(): channelName: t_JMS_ClientToServerQueueForFailedTrades@router1, setExceptionListener()
9259 [main] TRACE com.baxter.junit.BaxterTestCase  - connectToJMS(): channelName: t_JMS_ClientToServerQueueForFailedTrades@router1, setExceptionListener()
[2011-06-01 13:12:13,028][TRACE] - connectToJMS(): channelName: t_JMS_ClientToServerQueueForFailedTrades@router1, createQueueSession()
9259 [main] TRACE com.baxter.junit.BaxterTestCase  - connectToJMS(): channelName: t_JMS_ClientToServerQueueForFailedTrades@router1, createQueueSession()
9259 [main] TRACE com.baxter.junit.BaxterTestCase  - connectToJMS(): channelName: t_JMS_ClientToServerQueueForFailedTrades@router1, createQueueSession()
9259 [main] TRACE com.baxter.junit.BaxterTestCase  - connectToJMS(): channelName: t_JMS_ClientToServerQueueForFailedTrades@router1, createQueueSession()
9259 [main] TRACE com.baxter.junit.BaxterTestCase  - connectToJMS(): channelName: t_JMS_ClientToServerQueueForFailedTrades@router1, createQueueSession()
[2011-06-01 13:12:13,030][TRACE] - connectToJMS(): channelName: t_JMS_ClientToServerQueueForFailedTrades@router1, lookup channelName: t_JMS_ClientToServerQueueForFailedTrades@router1
9261 [main] TRACE com.baxter.junit.BaxterTestCase  - connectToJMS(): channelName: t_JMS_ClientToServerQueueForFailedTrades@router1, lookup channelName: t_JMS_ClientToServerQueueForFailedTrades@router1
9261 [main] TRACE com.baxter.junit.BaxterTestCase  - connectToJMS(): channelName: t_JMS_ClientToServerQueueForFailedTrades@router1, lookup channelName: t_JMS_ClientToServerQueueForFailedTrades@router1
9261 [main] TRACE com.baxter.junit.BaxterTestCase  - connectToJMS(): channelName: t_JMS_ClientToServerQueueForFailedTrades@router1, lookup channelName: t_JMS_ClientToServerQueueForFailedTrades@router1
9261 [main] TRACE com.baxter.junit.BaxterTestCase  - connectToJMS(): channelName: t_JMS_ClientToServerQueueForFailedTrades@router1, lookup channelName: t_JMS_ClientToServerQueueForFailedTrades@router1
[2011-06-01 13:12:13,035][TRACE] - connectToJMS(): channelName: t_JMS_ClientToServerQueueForFailedTrades@router1, initialContext.close()
9266 [main] TRACE com.baxter.junit.BaxterTestCase  - connectToJMS(): channelName: t_JMS_ClientToServerQueueForFailedTrades@router1, initialContext.close()
9266 [main] TRACE com.baxter.junit.BaxterTestCase  - connectToJMS(): channelName: t_JMS_ClientToServerQueueForFailedTrades@router1, initialContext.close()
9266 [main] TRACE com.baxter.junit.BaxterTestCase  - connectToJMS(): channelName: t_JMS_ClientToServerQueueForFailedTrades@router1, initialContext.close()
9266 [main] TRACE com.baxter.junit.BaxterTestCase  - connectToJMS(): channelName: t_JMS_ClientToServerQueueForFailedTrades@router1, initialContext.close()
[2011-06-01 13:12:13,035][TRACE] - connectToJMS(): channelName: t_JMS_ClientToServerQueueForFailedTrades@router1, createReceiver()
9266 [main] TRACE com.baxter.junit.BaxterTestCase  - connectToJMS(): channelName: t_JMS_ClientToServerQueueForFailedTrades@router1, createReceiver()
9266 [main] TRACE com.baxter.junit.BaxterTestCase  - connectToJMS(): channelName: t_JMS_ClientToServerQueueForFailedTrades@router1, createReceiver()
9266 [main] TRACE com.baxter.junit.BaxterTestCase  - connectToJMS(): channelName: t_JMS_ClientToServerQueueForFailedTrades@router1, createReceiver()
9266 [main] TRACE com.baxter.junit.BaxterTestCase  - connectToJMS(): channelName: t_JMS_ClientToServerQueueForFailedTrades@router1, createReceiver()
[2011-06-01 13:12:13,038][TRACE] - connectToJMS(): successfully connected...  alias: t_JMS_QueueAliasCTSForFailedTrades providerURL: jnp://192.168.9.33:1099 channelName: t_JMS_ClientToServerQueueForFailedTrades@router1 ackMode: 1 messageTimeToLive: 30000 deliveryMode: 1 isSender: false messageListener: null userName: null password: null
9269 [main] TRACE com.baxter.junit.BaxterTestCase  - connectToJMS(): successfully connected...  alias: t_JMS_QueueAliasCTSForFailedTrades providerURL: jnp://192.168.9.33:1099 channelName: t_JMS_ClientToServerQueueForFailedTrades@router1 ackMode: 1 messageTimeToLive: 30000 deliveryMode: 1 isSender: false messageListener: null userName: null password: null
9269 [main] TRACE com.baxter.junit.BaxterTestCase  - connectToJMS(): successfully connected...  alias: t_JMS_QueueAliasCTSForFailedTrades providerURL: jnp://192.168.9.33:1099 channelName: t_JMS_ClientToServerQueueForFailedTrades@router1 ackMode: 1 messageTimeToLive: 30000 deliveryMode: 1 isSender: false messageListener: null userName: null password: null
9269 [main] TRACE com.baxter.junit.BaxterTestCase  - connectToJMS(): successfully connected...  alias: t_JMS_QueueAliasCTSForFailedTrades providerURL: jnp://192.168.9.33:1099 channelName: t_JMS_ClientToServerQueueForFailedTrades@router1 ackMode: 1 messageTimeToLive: 30000 deliveryMode: 1 isSender: false messageListener: null userName: null password: null
9269 [main] TRACE com.baxter.junit.BaxterTestCase  - connectToJMS(): successfully connected...  alias: t_JMS_QueueAliasCTSForFailedTrades providerURL: jnp://192.168.9.33:1099 channelName: t_JMS_ClientToServerQueueForFailedTrades@router1 ackMode: 1 messageTimeToLive: 30000 deliveryMode: 1 isSender: false messageListener: null userName: null password: null
[2011-06-01 13:12:13,044][TRACE] - UserSession.UserSession(String, String, Logger, boolean):
messageSender: com.baxter.cdtradesupervisor.UserSession$MessageSenderObjectUpdaterThread@1e2befa userId: t FailedTrade session
9275 [main] TRACE com.baxter.junit.BaxterTestCase  - UserSession.UserSession(String, String, Logger, boolean):
messageSender: com.baxter.cdtradesupervisor.UserSession$MessageSenderObjectUpdaterThread@1e2befa userId: t FailedTrade session
9275 [main] TRACE com.baxter.junit.BaxterTestCase  - UserSession.UserSession(String, String, Logger, boolean):
messageSender: com.baxter.cdtradesupervisor.UserSession$MessageSenderObjectUpdaterThread@1e2befa userId: t FailedTrade session
9275 [main] TRACE com.baxter.junit.BaxterTestCase  - UserSession.UserSession(String, String, Logger, boolean):
messageSender: com.baxter.cdtradesupervisor.UserSession$MessageSenderObjectUpdaterThread@1e2befa userId: t FailedTrade session
9275 [main] TRACE com.baxter.junit.BaxterTestCase  - UserSession.UserSession(String, String, Logger, boolean):
messageSender: com.baxter.cdtradesupervisor.UserSession$MessageSenderObjectUpdaterThread@1e2befa userId: t FailedTrade session
[2011-06-01 13:12:13,044][TRACE] - ObjectUpdaterThread.run() threadName: MessageSender Start waiting... ListUpdated: false
9275 [MessageSender] TRACE com.baxter.junit.BaxterTestCase  - ObjectUpdaterThread.run() threadName: MessageSender Start waiting... ListUpdated: false
9275 [MessageSender] TRACE com.baxter.junit.BaxterTestCase  - ObjectUpdaterThread.run() threadName: MessageSender Start waiting... ListUpdated: false
9275 [MessageSender] TRACE com.baxter.junit.BaxterTestCase  - ObjectUpdaterThread.run() threadName: MessageSender Start waiting... ListUpdated: false
9275 [MessageSender] TRACE com.baxter.junit.BaxterTestCase  - ObjectUpdaterThread.run() threadName: MessageSender Start waiting... ListUpdated: false
[2011-06-01 13:12:13,047][TRACE] - ObjectUpdaterThread.run() threadName: MessageReceiver userId: t FailedTrade session Start waiting... ListUpdated: false
9278 [MessageReceiver userId: t FailedTrade session] TRACE com.baxter.junit.BaxterTestCase  - ObjectUpdaterThread.run() threadName: MessageReceiver userId: t FailedTrade session Start waiting... ListUpdated: false
9278 [MessageReceiver userId: t FailedTrade session] TRACE com.baxter.junit.BaxterTestCase  - ObjectUpdaterThread.run() threadName: MessageReceiver userId: t FailedTrade session Start waiting... ListUpdated: false
9278 [MessageReceiver userId: t FailedTrade session] TRACE com.baxter.junit.BaxterTestCase  - ObjectUpdaterThread.run() threadName: MessageReceiver userId: t FailedTrade session Start waiting... ListUpdated: false
9278 [MessageReceiver userId: t FailedTrade session] TRACE com.baxter.junit.BaxterTestCase  - ObjectUpdaterThread.run() threadName: MessageReceiver userId: t FailedTrade session Start waiting... ListUpdated: false
[2011-06-01 13:12:13,052][DEBUG] - UserSession.sendMessage(): messageSender: com.baxter.cdtradesupervisor.UserSession$MessageSenderObjectUpdaterThread@1e2befa userId: t FailedTrade session
9283 [main] DEBUG com.baxter.junit.BaxterTestCase  - UserSession.sendMessage(): messageSender: com.baxter.cdtradesupervisor.UserSession$MessageSenderObjectUpdaterThread@1e2befa userId: t FailedTrade session
9283 [main] DEBUG com.baxter.junit.BaxterTestCase  - UserSession.sendMessage(): messageSender: com.baxter.cdtradesupervisor.UserSession$MessageSenderObjectUpdaterThread@1e2befa userId: t FailedTrade session
9283 [main] DEBUG com.baxter.junit.BaxterTestCase  - UserSession.sendMessage(): messageSender: com.baxter.cdtradesupervisor.UserSession$MessageSenderObjectUpdaterThread@1e2befa userId: t FailedTrade session
9283 [main] DEBUG com.baxter.junit.BaxterTestCase  - UserSession.sendMessage(): messageSender: com.baxter.cdtradesupervisor.UserSession$MessageSenderObjectUpdaterThread@1e2befa userId: t FailedTrade session
[2011-06-01 13:12:13,053][TRACE] - ObjectUpdaterThread.addNewObjectToList() is invoked... threadName: MessageSender userId: t FailedTrade session isClearingList: false isWaiting: true
9284 [main] TRACE com.baxter.junit.BaxterTestCase  - ObjectUpdaterThread.addNewObjectToList() is invoked... threadName: MessageSender userId: t FailedTrade session isClearingList: false isWaiting: true
9284 [main] TRACE com.baxter.junit.BaxterTestCase  - ObjectUpdaterThread.addNewObjectToList() is invoked... threadName: MessageSender userId: t FailedTrade session isClearingList: false isWaiting: true
9284 [main] TRACE com.baxter.junit.BaxterTestCase  - ObjectUpdaterThread.addNewObjectToList() is invoked... threadName: MessageSender userId: t FailedTrade session isClearingList: false isWaiting: true
9284 [main] TRACE com.baxter.junit.BaxterTestCase  - ObjectUpdaterThread.addNewObjectToList() is invoked... threadName: MessageSender userId: t FailedTrade session isClearingList: false isWaiting: true
[2011-06-01 13:12:13,053][TRACE] - ObjectUpdaterThread.addNewObjectToList(): notify invoked! listUpdated: true
9284 [main] TRACE com.baxter.junit.BaxterTestCase  - ObjectUpdaterThread.addNewObjectToList(): notify invoked! listUpdated: true
9284 [main] TRACE com.baxter.junit.BaxterTestCase  - ObjectUpdaterThread.addNewObjectToList(): notify invoked! listUpdated: true
9284 [main] TRACE com.baxter.junit.BaxterTestCase  - ObjectUpdaterThread.addNewObjectToList(): notify invoked! listUpdated: true
9284 [main] TRACE com.baxter.junit.BaxterTestCase  - ObjectUpdaterThread.addNewObjectToList(): notify invoked! listUpdated: true
[2011-06-01 13:12:13,054][TRACE] - ObjectUpdaterThread.addNewObjectToList() finished... threadName: MessageSender userId: t FailedTrade session isClearingList: false isWaiting: false processTime: 1
9285 [main] TRACE com.baxter.junit.BaxterTestCase  - ObjectUpdaterThread.addNewObjectToList() finished... threadName: MessageSender userId: t FailedTrade session isClearingList: false isWaiting: false processTime: 1
9285 [main] TRACE com.baxter.junit.BaxterTestCase  - ObjectUpdaterThread.addNewObjectToList() finished... threadName: MessageSender userId: t FailedTrade session isClearingList: false isWaiting: false processTime: 1
9285 [main] TRACE com.baxter.junit.BaxterTestCase  - ObjectUpdaterThread.addNewObjectToList() finished... threadName: MessageSender userId: t FailedTrade session isClearingList: false isWaiting: false processTime: 1
9285 [main] TRACE com.baxter.junit.BaxterTestCase  - ObjectUpdaterThread.addNewObjectToList() finished... threadName: MessageSender userId: t FailedTrade session isClearingList: false isWaiting: false processTime: 1
[2011-06-01 13:12:13,053][TRACE] - ObjectUpdaterThread.run() threadName: MessageSender userId: t FailedTrade session objectUpdates.size: 0
9284 [MessageSender userId: t FailedTrade session] TRACE com.baxter.junit.BaxterTestCase  - ObjectUpdaterThread.run() threadName: MessageSender userId: t FailedTrade session objectUpdates.size: 0
9284 [MessageSender userId: t FailedTrade session] TRACE com.baxter.junit.BaxterTestCase  - ObjectUpdaterThread.run() threadName: MessageSender userId: t FailedTrade session objectUpdates.size: 0
9284 [MessageSender userId: t FailedTrade session] TRACE com.baxter.junit.BaxterTestCase  - ObjectUpdaterThread.run() threadName: MessageSender userId: t FailedTrade session objectUpdates.size: 0
9284 [MessageSender userId: t FailedTrade session] TRACE com.baxter.junit.BaxterTestCase  - ObjectUpdaterThread.run() threadName: MessageSender userId: t FailedTrade session objectUpdates.size: 0
[2011-06-01 13:12:13,066][TRACE] - UserSession.MessageSenderObjectUpdaterThread.processObject() message sent: FailedTrades message: failedTrade:  userID: t orderID: 0 arrivedAt: 0 reutersCode:  deliveryCode:  direction:  tradablePrice: 0.0 originalQuantity: 0 referencePrice: 0.0 validity: 0 allOrNone: false marketTypeProduct: nullnullnull referenceID: null tradeID: 1234 mmID:  timeToLive: 0 filledPrice: 0.0 filledQuantity: 0 bankPriceObject: null bankPriceID:  filledAt: 0 userQuantity: 0 bank_trade_id: null bridge_mm_id: null status: 0 bank_ack: null fcmCode: null valueDate: null SeqNumber: 1  userId: t FailedTrade session
9297 [MessageSender userId: t FailedTrade session] TRACE com.baxter.junit.BaxterTestCase  - UserSession.MessageSenderObjectUpdaterThread.processObject() message sent: FailedTrades message: failedTrade:  userID: t orderID: 0 arrivedAt: 0 reutersCode:  deliveryCode:  direction:  tradablePrice: 0.0 originalQuantity: 0 referencePrice: 0.0 validity: 0 allOrNone: false marketTypeProduct: nullnullnull referenceID: null tradeID: 1234 mmID:  timeToLive: 0 filledPrice: 0.0 filledQuantity: 0 bankPriceObject: null bankPriceID:  filledAt: 0 userQuantity: 0 bank_trade_id: null bridge_mm_id: null status: 0 bank_ack: null fcmCode: null valueDate: null SeqNumber: 1  userId: t FailedTrade session
9297 [MessageSender userId: t FailedTrade session] TRACE com.baxter.junit.BaxterTestCase  - UserSession.MessageSenderObjectUpdaterThread.processObject() message sent: FailedTrades message: failedTrade:  userID: t orderID: 0 arrivedAt: 0 reutersCode:  deliveryCode:  direction:  tradablePrice: 0.0 originalQuantity: 0 referencePrice: 0.0 validity: 0 allOrNone: false marketTypeProduct: nullnullnull referenceID: null tradeID: 1234 mmID:  timeToLive: 0 filledPrice: 0.0 filledQuantity: 0 bankPriceObject: null bankPriceID:  filledAt: 0 userQuantity: 0 bank_trade_id: null bridge_mm_id: null status: 0 bank_ack: null fcmCode: null valueDate: null SeqNumber: 1  userId: t FailedTrade session
9297 [MessageSender userId: t FailedTrade session] TRACE com.baxter.junit.BaxterTestCase  - UserSession.MessageSenderObjectUpdaterThread.processObject() message sent: FailedTrades message: failedTrade:  userID: t orderID: 0 arrivedAt: 0 reutersCode:  deliveryCode:  direction:  tradablePrice: 0.0 originalQuantity: 0 referencePrice: 0.0 validity: 0 allOrNone: false marketTypeProduct: nullnullnull referenceID: null tradeID: 1234 mmID:  timeToLive: 0 filledPrice: 0.0 filledQuantity: 0 bankPriceObject: null bankPriceID:  filledAt: 0 userQuantity: 0 bank_trade_id: null bridge_mm_id: null status: 0 bank_ack: null fcmCode: null valueDate: null SeqNumber: 1  userId: t FailedTrade session
9297 [MessageSender userId: t FailedTrade session] TRACE com.baxter.junit.BaxterTestCase  - UserSession.MessageSenderObjectUpdaterThread.processObject() message sent: FailedTrades message: failedTrade:  userID: t orderID: 0 arrivedAt: 0 reutersCode:  deliveryCode:  direction:  tradablePrice: 0.0 originalQuantity: 0 referencePrice: 0.0 validity: 0 allOrNone: false marketTypeProduct: nullnullnull referenceID: null tradeID: 1234 mmID:  timeToLive: 0 filledPrice: 0.0 filledQuantity: 0 bankPriceObject: null bankPriceID:  filledAt: 0 userQuantity: 0 bank_trade_id: null bridge_mm_id: null status: 0 bank_ack: null fcmCode: null valueDate: null SeqNumber: 1  userId: t FailedTrade session
[2011-06-01 13:12:13,067][TRACE] - ObjectUpdaterThread.run() threadName: MessageSender userId: t FailedTrade session Start waiting... ListUpdated: false
9298 [MessageSender userId: t FailedTrade session] TRACE com.baxter.junit.BaxterTestCase  - ObjectUpdaterThread.run() threadName: MessageSender userId: t FailedTrade session Start waiting... ListUpdated: false
9298 [MessageSender userId: t FailedTrade session] TRACE com.baxter.junit.BaxterTestCase  - ObjectUpdaterThread.run() threadName: MessageSender userId: t FailedTrade session Start waiting... ListUpdated: false
9298 [MessageSender userId: t FailedTrade session] TRACE com.baxter.junit.BaxterTestCase  - ObjectUpdaterThread.run() threadName: MessageSender userId: t FailedTrade session Start waiting... ListUpdated: false
9298 [MessageSender userId: t FailedTrade session] TRACE com.baxter.junit.BaxterTestCase  - ObjectUpdaterThread.run() threadName: MessageSender userId: t FailedTrade session Start waiting... ListUpdated: false
[2011-06-01 13:12:15,057][DEBUG] - test end.
11288 [main] DEBUG com.baxter.junit.BaxterTestCase  - test end.
11288 [main] DEBUG com.baxter.junit.BaxterTestCase  - test end.
11288 [main] DEBUG com.baxter.junit.BaxterTestCase  - test end.
11288 [main] DEBUG com.baxter.junit.BaxterTestCase  - test end.
[2011-06-01 13:12:15,057][DEBUG] - ObjectUpdaterThread.stopService() is invoked... threadName: com.baxter.cdtradesupervisor.UserSession$MessageReceiverObjectUpdaterThread
11288 [main] DEBUG com.baxter.junit.BaxterTestCase  - ObjectUpdaterThread.stopService() is invoked... threadName: com.baxter.cdtradesupervisor.UserSession$MessageReceiverObjectUpdaterThread
11288 [main] DEBUG com.baxter.junit.BaxterTestCase  - ObjectUpdaterThread.stopService() is invoked... threadName: com.baxter.cdtradesupervisor.UserSession$MessageReceiverObjectUpdaterThread
11288 [main] DEBUG com.baxter.junit.BaxterTestCase  - ObjectUpdaterThread.stopService() is invoked... threadName: com.baxter.cdtradesupervisor.UserSession$MessageReceiverObjectUpdaterThread
11288 [main] DEBUG com.baxter.junit.BaxterTestCase  - ObjectUpdaterThread.stopService() is invoked... threadName: com.baxter.cdtradesupervisor.UserSession$MessageReceiverObjectUpdaterThread
[2011-06-01 13:12:15,057][DEBUG] - ObjectUpdaterThread.stopService() is invoked... threadName: com.baxter.cdtradesupervisor.UserSession$MessageSenderObjectUpdaterThread
11288 [main] DEBUG com.baxter.junit.BaxterTestCase  - ObjectUpdaterThread.stopService() is invoked... threadName: com.baxter.cdtradesupervisor.UserSession$MessageSenderObjectUpdaterThread
11288 [main] DEBUG com.baxter.junit.BaxterTestCase  - ObjectUpdaterThread.stopService() is invoked... threadName: com.baxter.cdtradesupervisor.UserSession$MessageSenderObjectUpdaterThread
11288 [main] DEBUG com.baxter.junit.BaxterTestCase  - ObjectUpdaterThread.stopService() is invoked... threadName: com.baxter.cdtradesupervisor.UserSession$MessageSenderObjectUpdaterThread
11288 [main] DEBUG com.baxter.junit.BaxterTestCase  - ObjectUpdaterThread.stopService() is invoked... threadName: com.baxter.cdtradesupervisor.UserSession$MessageSenderObjectUpdaterThread
</system-out>
    <system-err>Converted relativePath: /conf/jms_JUnit.ini to: /store/jenkins/jobs/currency-dealing/workspace/target/test-classes/conf/jms_JUnit.iniConverted relativePath: /conf/jms_JUnit.ini to: /store/jenkins/jobs/currency-dealing/workspace/target/test-classes/conf/jms_JUnit.iniConverted relativePath: /conf/jms_JUnit.ini to: /store/jenkins/jobs/currency-dealing/workspace/target/test-classes/conf/jms_JUnit.ini</system-err>
  </testcase>
  <testcase time="0.013" classname="com.baxter.cdtradesupervisor.TestUserSession" name="testbelongsToThisSession"/>
</testsuite>