<?xml version="1.0" encoding="UTF-8" ?>
<testsuite failures="0" time="1.805" errors="1" skipped="0" tests="1" name="com.baxter.cdv2.dao.user.TestUserDAO">
  <properties>
    <property name="java.runtime.name" value="Java(TM) SE Runtime Environment"/>
    <property name="sun.boot.library.path" value="/opt/jdk1.6.0_25/jre/lib/i386"/>
    <property name="java.vm.version" value="20.0-b11"/>
    <property name="java.vm.vendor" value="Sun Microsystems Inc."/>
    <property name="java.vendor.url" value="http://java.sun.com/"/>
    <property name="path.separator" value=":"/>
    <property name="java.vm.name" value="Java HotSpot(TM) Client VM"/>
    <property name="file.encoding.pkg" value="sun.io"/>
    <property name="user.country" value="US"/>
    <property name="sun.java.launcher" value="SUN_STANDARD"/>
    <property name="sun.os.patch.level" value="unknown"/>
    <property name="java.vm.specification.name" value="Java Virtual Machine Specification"/>
    <property name="user.dir" value="/home/mnyeste/workspaces/cd/cdv2"/>
    <property name="java.runtime.version" value="1.6.0_25-b06"/>
    <property name="java.awt.graphicsenv" value="sun.awt.X11GraphicsEnvironment"/>
    <property name="basedir" value="/home/mnyeste/workspaces/cd/cdv2"/>
    <property name="java.endorsed.dirs" value="/opt/jdk1.6.0_25/jre/lib/endorsed"/>
    <property name="os.arch" value="i386"/>
    <property name="java.io.tmpdir" value="/tmp"/>
    <property name="line.separator" value="
"/>
    <property name="java.vm.specification.vendor" value="Sun Microsystems Inc."/>
    <property name="os.name" value="Linux"/>
    <property name="sun.jnu.encoding" value="UTF-8"/>
    <property name="java.library.path" value="/opt/jdk1.6.0_25/jre/lib/i386/client:/opt/jdk1.6.0_25/jre/lib/i386:/opt/jdk1.6.0_25/jre/../lib/i386:/usr/java/packages/lib/i386:/lib:/usr/lib"/>
    <property name="surefire.test.class.path" value="/home/mnyeste/workspaces/cd/cdv2/target/test-classes:/home/mnyeste/workspaces/cd/cdv2/target/classes:/home/mnyeste/.m2/repository/org/apache/mina/mina-core/1.1.7/mina-core-1.1.7.jar:/home/mnyeste/.m2/repository/org/slf4j/slf4j-api/1.6.1/slf4j-api-1.6.1.jar:/home/mnyeste/.m2/repository/org/slf4j/slf4j-log4j12/1.6.1/slf4j-log4j12-1.6.1.jar:/home/mnyeste/.m2/repository/org/quickfixj/quickfixj-all/1.4.0/quickfixj-all-1.4.0.jar:/home/mnyeste/.m2/repository/com/baxter/algoEngine/1.13/algoEngine-1.13.jar:/home/mnyeste/.m2/repository/org/apache/ant/ant-jsch/1.7.1/ant-jsch-1.7.1.jar:/home/mnyeste/.m2/repository/org/apache/ant/ant/1.7.1/ant-1.7.1.jar:/home/mnyeste/.m2/repository/org/apache/ant/ant-launcher/1.7.1/ant-launcher-1.7.1.jar:/home/mnyeste/.m2/repository/com/jcraft/jsch/0.1.29/jsch-0.1.29.jar:/home/mnyeste/.m2/repository/com/baxter/toAnt/1.0/toAnt-1.0.jar:/home/mnyeste/.m2/repository/org/apache/ivy/ivy/2.1.0/ivy-2.1.0.jar:/home/mnyeste/.m2/repository/org/hibernate/hibernate-core/3.6.0.Final/hibernate-core-3.6.0.Final.jar:/home/mnyeste/.m2/repository/antlr/antlr/2.7.6/antlr-2.7.6.jar:/home/mnyeste/.m2/repository/commons-collections/commons-collections/3.1/commons-collections-3.1.jar:/home/mnyeste/.m2/repository/dom4j/dom4j/1.6.1/dom4j-1.6.1.jar:/home/mnyeste/.m2/repository/org/hibernate/hibernate-commons-annotations/3.2.0.Final/hibernate-commons-annotations-3.2.0.Final.jar:/home/mnyeste/.m2/repository/org/hibernate/javax/persistence/hibernate-jpa-2.0-api/1.0.0.Final/hibernate-jpa-2.0-api-1.0.0.Final.jar:/home/mnyeste/.m2/repository/org/hibernate/hibernate-annotations/3.5.6-Final/hibernate-annotations-3.5.6-Final.jar:/home/mnyeste/.m2/repository/org/hibernate/hibernate-validator/3.1.0.GA/hibernate-validator-3.1.0.GA.jar:/home/mnyeste/.m2/repository/org/jboss/spec/javax/servlet/jboss-servlet-api_3.0_spec/1.0.0.Final/jboss-servlet-api_3.0_spec-1.0.0.Final.jar:/home/mnyeste/.m2/repository/org/jboss/jbossas/jboss-as-server/6.0.0.Final/jboss-as-server-6.0.0.Final.jar:/home/mnyeste/.m2/repository/jboss/jboss-serialization/1.0.3.GA/jboss-serialization-1.0.3.GA.jar:/home/mnyeste/.m2/repository/org/jboss/jbossas/jboss-as-deployment/6.0.0.Final/jboss-as-deployment-6.0.0.Final.jar:/home/mnyeste/.m2/repository/org/jboss/spec/javax/enterprise/deploy/jboss-jad-api_1.2_spec/1.0.0.Final/jboss-jad-api_1.2_spec-1.0.0.Final.jar:/home/mnyeste/.m2/repository/org/picketbox/jboss-security-spi/3.0.0.CR2/jboss-security-spi-3.0.0.CR2.jar:/home/mnyeste/.m2/repository/org/jboss/bootstrap/jboss-bootstrap-spi-as/2.1.0-alpha-5/jboss-bootstrap-spi-as-2.1.0-alpha-5.jar:/home/mnyeste/.m2/repository/org/jboss/bootstrap/jboss-bootstrap-spi-mc/2.1.0-alpha-5/jboss-bootstrap-spi-mc-2.1.0-alpha-5.jar:/home/mnyeste/.m2/repository/org/jboss/bootstrap/jboss-bootstrap-spi/2.1.0-alpha-5/jboss-bootstrap-spi-2.1.0-alpha-5.jar:/home/mnyeste/.m2/repository/org/jboss/bootstrap/jboss-bootstrap-api-mc/2.1.0-alpha-5/jboss-bootstrap-api-mc-2.1.0-alpha-5.jar:/home/mnyeste/.m2/repository/org/jboss/bootstrap/jboss-bootstrap-api-as/2.1.0-alpha-5/jboss-bootstrap-api-as-2.1.0-alpha-5.jar:/home/mnyeste/.m2/repository/org/jboss/bootstrap/jboss-bootstrap-api/2.1.0-alpha-5/jboss-bootstrap-api-2.1.0-alpha-5.jar:/home/mnyeste/.m2/repository/org/jboss/ejb3/ejbref/resolver/ejbref-resolver-spi/1.0.0-alpha-4/ejbref-resolver-spi-1.0.0-alpha-4.jar:/home/mnyeste/.m2/repository/org/jboss/integration/jboss-deployment-spi/6.0.0.CR1/jboss-deployment-spi-6.0.0.CR1.jar:/home/mnyeste/.m2/repository/org/jboss/jpa/jboss-jpa-deployers/1.0.2-alpha-3/jboss-jpa-deployers-1.0.2-alpha-3.jar:/home/mnyeste/.m2/repository/org/hibernate/hibernate-entitymanager/3.4.0.GA/hibernate-entitymanager-3.4.0.GA.jar:/home/mnyeste/.m2/repository/org/jboss/deployers/jboss-deployers-vfs/2.0.5.GA/jboss-deployers-vfs-2.0.5.GA.jar:/home/mnyeste/.m2/repository/org/jboss/microcontainer/jboss-kernel/2.0.4.GA/jboss-kernel-2.0.4.GA.jar:/home/mnyeste/.m2/repository/org/jboss/microcontainer/jboss-dependency/2.0.4.GA/jboss-dependency-2.0.4.GA.jar:/home/mnyeste/.m2/repository/org/jboss/cl/jboss-classloading-vfs/2.0.3.GA/jboss-classloading-vfs-2.0.3.GA.jar:/home/mnyeste/.m2/repository/org/jboss/deployers/jboss-deployers-core/2.0.5.GA/jboss-deployers-core-2.0.5.GA.jar:/home/mnyeste/.m2/repository/org/jboss/deployers/jboss-deployers-client/2.0.5.GA/jboss-deployers-client-2.0.5.GA.jar:/home/mnyeste/.m2/repository/org/jboss/deployers/jboss-deployers-vfs-spi/2.0.5.GA/jboss-deployers-vfs-spi-2.0.5.GA.jar:/home/mnyeste/.m2/repository/org/jboss/cl/jboss-classloading/2.0.3.GA/jboss-classloading-2.0.3.GA.jar:/home/mnyeste/.m2/repository/org/jboss/cl/jboss-classloader/2.0.3.GA/jboss-classloader-2.0.3.GA.jar:/home/mnyeste/.m2/repository/org/jboss/jpa/jboss-jpa-impl/1.0.0/jboss-jpa-impl-1.0.0.jar:/home/mnyeste/.m2/repository/org/jboss/jpa/jboss-jpa-spi/1.0.0/jboss-jpa-spi-1.0.0.jar:/home/mnyeste/.m2/repository/org/jboss/microcontainer/jboss-aop-mc-int/2.0.4.GA/jboss-aop-mc-int-2.0.4.GA.jar:/home/mnyeste/.m2/repository/org/jboss/jpa/jboss-jpa-vfs3/1.0.2-alpha-2/jboss-jpa-vfs3-1.0.2-alpha-2.jar:/home/mnyeste/.m2/repository/org/jboss/jboss-vfs/3.0.0.CR1/jboss-vfs-3.0.0.CR1.jar:/home/mnyeste/.m2/repository/org/jboss/reloaded/naming/jboss-reloaded-naming-impl/0.3.0/jboss-reloaded-naming-impl-0.3.0.jar:/home/mnyeste/.m2/repository/org/jboss/reloaded/naming/jboss-reloaded-naming-spi/0.3.0/jboss-reloaded-naming-spi-0.3.0.jar:/home/mnyeste/.m2/repository/org/jboss/reloaded/naming/jboss-reloaded-naming-deployers/0.3.0/jboss-reloaded-naming-deployers-0.3.0.jar:/home/mnyeste/.m2/repository/org/jboss/deployers/jboss-deployers-spi/2.2.0.Alpha1/jboss-deployers-spi-2.2.0.Alpha1.jar:/home/mnyeste/.m2/repository/org/jboss/mcann/mcann-core/1.0.0.Alpha1/mcann-core-1.0.0.Alpha1.jar:/home/mnyeste/.m2/repository/org/jboss/kernel/jboss-kernel/2.2.0.Alpha2/jboss-kernel-2.2.0.Alpha2.jar:/home/mnyeste/.m2/repository/javax/inject/javax.inject/1/javax.inject-1.jar:/home/mnyeste/.m2/repository/org/jboss/injection/jboss-injection/0.1.0-alpha-2/jboss-injection-0.1.0-alpha-2.jar:/home/mnyeste/.m2/repository/org/jboss/deployers/jboss-deployers-structure-spi/2.2.0.Alpha3/jboss-deployers-structure-spi-2.2.0.Alpha3.jar:/home/mnyeste/.m2/repository/org/jboss/jboss-mdr/2.2.0.Alpha2/jboss-mdr-2.2.0.Alpha2.jar:/home/mnyeste/.m2/repository/org/jboss/injection/jboss-resolver-spi/0.1.0-alpha-2/jboss-resolver-spi-0.1.0-alpha-2.jar:/home/mnyeste/.m2/repository/org/jboss/injection/jboss-resolver-impl/0.1.0-alpha-2/jboss-resolver-impl-0.1.0-alpha-2.jar:/home/mnyeste/.m2/repository/org/jboss/injection/jboss-injection-switchboard-deployer/0.1.0-alpha-2/jboss-injection-switchboard-deployer-0.1.0-alpha-2.jar:/home/mnyeste/.m2/repository/org/jboss/injection/jboss-switchboard-metadata/0.1.0-alpha-2/jboss-switchboard-metadata-0.1.0-alpha-2.jar:/home/mnyeste/.m2/repository/org/jboss/injection/jboss-injection-mc-impl/1.0.0-alpha-6/jboss-injection-mc-impl-1.0.0-alpha-6.jar:/home/mnyeste/.m2/repository/org/jboss/injection/jboss-injection-manager/1.0.0-alpha-6/jboss-injection-manager-1.0.0-alpha-6.jar:/home/mnyeste/.m2/repository/org/jboss/injection/jboss-injection-injector/1.0.0-alpha-6/jboss-injection-injector-1.0.0-alpha-6.jar:/home/mnyeste/.m2/repository/org/picketbox/jbosssx/3.0.0.CR2/jbosssx-3.0.0.CR2.jar:/home/mnyeste/.m2/repository/org/jboss/jboss-common-core/2.2.17.GA/jboss-common-core-2.2.17.GA.jar:/home/mnyeste/.m2/repository/org/jboss/metadata/jboss-metadata-common/2.0.0.Alpha24/jboss-metadata-common-2.0.0.Alpha24.jar:/home/mnyeste/.m2/repository/org/jboss/logging/jboss-logging-spi/2.2.0.CR1/jboss-logging-spi-2.2.0.CR1.jar:/home/mnyeste/.m2/repository/org/hibernate/ejb3-persistence/1.0.2.GA/ejb3-persistence-1.0.2.GA.jar:/home/mnyeste/.m2/repository/org/jboss/ws/jbossws-spi/1.4.1.CR2/jbossws-spi-1.4.1.CR2.jar:/home/mnyeste/.m2/repository/sun-jaxb/jaxb-api/2.1.4/jaxb-api-2.1.4.jar:/home/mnyeste/.m2/repository/apache-xerces/xml-apis/2.9.1/xml-apis-2.9.1.jar:/home/mnyeste/.m2/repository/org/jboss/metadata/jboss-metadata-client/2.0.0.Alpha2/jboss-metadata-client-2.0.0.Alpha2.jar:/home/mnyeste/.m2/repository/org/jboss/metadata/jboss-metadata-ear/2.0.0.Alpha4/jboss-metadata-ear-2.0.0.Alpha4.jar:/home/mnyeste/.m2/repository/org/jboss/metadata/jboss-metadata-ejb/2.0.0-alpha-27/jboss-metadata-ejb-2.0.0-alpha-27.jar:/home/mnyeste/.m2/repository/org/jboss/ejb3/jboss-ejb3-ext-api/1.1.0/jboss-ejb3-ext-api-1.1.0.jar:/home/mnyeste/.m2/repository/org/jboss/metadata/jboss-metadata-rar/2.0.0.Alpha/jboss-metadata-rar-2.0.0.Alpha.jar:/home/mnyeste/.m2/repository/org/jboss/metadata/jboss-metadata-war/2.0.0.CR1/jboss-metadata-war-2.0.0.CR1.jar:/home/mnyeste/.m2/repository/org/jboss/jbossas/jboss-as-system-jmx/6.0.0.Final/jboss-as-system-jmx-6.0.0.Final.jar:/home/mnyeste/.m2/repository/org/jboss/logging/jboss-logging/3.0.0.Beta4/jboss-logging-3.0.0.Beta4.jar:/home/mnyeste/.m2/repository/org/jboss/deployers/jboss-deployers-core-spi/2.2.0.GA/jboss-deployers-core-spi-2.2.0.GA.jar:/home/mnyeste/.m2/repository/org/jboss/deployers/jboss-deployers-impl/2.2.0.GA/jboss-deployers-impl-2.2.0.GA.jar:/home/mnyeste/.m2/repository/org/jboss/mx/jboss-jmx/6.0.0.GA/jboss-jmx-6.0.0.GA.jar:/home/mnyeste/.m2/repository/org/jboss/mx/jboss-mbeans/6.0.0.GA/jboss-mbeans-6.0.0.GA.jar:/home/mnyeste/.m2/repository/org/jboss/mx/jboss-jmx-annotations/6.0.0.GA/jboss-jmx-annotations-6.0.0.GA.jar:/home/mnyeste/.m2/repository/org/jboss/kernel/jboss-dependency/2.2.0.GA/jboss-dependency-2.2.0.GA.jar:/home/mnyeste/.m2/repository/org/jboss/kernel/jboss-jmx-mc-int/2.2.0.GA/jboss-jmx-mc-int-2.2.0.GA.jar:/home/mnyeste/.m2/repository/org/jboss/mx/jboss-mbeanserver/6.0.0.GA/jboss-mbeanserver-6.0.0.GA.jar:/home/mnyeste/.m2/repository/org/jboss/deployers/jboss-deployers-jmx/2.2.0.GA/jboss-deployers-jmx-2.2.0.GA.jar:/home/mnyeste/.m2/repository/org/jboss/jbossas/jboss-as-system/6.0.0.Final/jboss-as-system-6.0.0.Final.jar:/home/mnyeste/.m2/repository/org/jboss/aop/jboss-aop/2.2.1.GA/jboss-aop-2.2.1.GA.jar:/home/mnyeste/.m2/repository/org/jboss/classpool/jboss-classpool-scoped/1.0.0.Alpha6/jboss-classpool-scoped-1.0.0.Alpha6.jar:/home/mnyeste/.m2/repository/org/jboss/classpool/jboss-classpool/1.0.0.Alpha6/jboss-classpool-1.0.0.Alpha6.jar:/home/mnyeste/.m2/repository/qdox/qdox/1.6.1/qdox-1.6.1.jar:/home/mnyeste/.m2/repository/trove/trove/1.0.2/trove-1.0.2.jar:/home/mnyeste/.m2/repository/org/jboss/aop/jboss-aop-deployers/2.2.1.GA/jboss-aop-deployers-2.2.1.GA.jar:/home/mnyeste/.m2/repository/org/jboss/aop/jboss-aop-asintegration-mc/2.2.1.GA/jboss-aop-asintegration-mc-2.2.1.GA.jar:/home/mnyeste/.m2/repository/org/jboss/classpool/jboss-classpool-jbosscl/1.0.0.Alpha6/jboss-classpool-jbosscl-1.0.0.Alpha6.jar:/home/mnyeste/.m2/repository/org/jboss/aop/pluggable-instrumentor/2.2.1.GA/pluggable-instrumentor-2.2.1.GA.jar:/home/mnyeste/.m2/repository/org/jboss/aop/jboss-aop-asintegration-core/2.2.1.GA/jboss-aop-asintegration-core-2.2.1.GA.jar:/home/mnyeste/.m2/repository/org/jboss/test/jboss-test/1.1.7.CR2/jboss-test-1.1.7.CR2.jar:/home/mnyeste/.m2/repository/org/jboss/logging/jboss-logging-log4j/2.1.0.GA/jboss-logging-log4j-2.1.0.GA.jar:/home/mnyeste/.m2/repository/jboss/profiler/jvmti/jboss-profiler-jvmti/1.0.0.CR5/jboss-profiler-jvmti-1.0.0.CR5.jar:/home/mnyeste/.m2/repository/org/jboss/jbossas/jboss-server-manager/1.0.3.GA/jboss-server-manager-1.0.3.GA.jar:/home/mnyeste/.m2/repository/org/jboss/security/jbosssx-client/2.0.4.SP2/jbosssx-client-2.0.4.SP2.jar:/home/mnyeste/.m2/repository/org/jboss/security/jboss-security-spi/2.0.4.SP2/jboss-security-spi-2.0.4.SP2.jar:/home/mnyeste/.m2/repository/org/jboss/man/jboss-managed/2.1.1.SP2/jboss-managed-2.1.1.SP2.jar:/home/mnyeste/.m2/repository/org/jboss/man/jboss-metatype/2.1.1.SP2/jboss-metatype-2.1.1.SP2.jar:/home/mnyeste/.m2/repository/org/jboss/deployers/jboss-deployers-client-spi/2.2.0.GA/jboss-deployers-client-spi-2.2.0.GA.jar:/home/mnyeste/.m2/repository/org/jboss/kernel/jboss-aop-mc-int/2.2.0.GA/jboss-aop-mc-int-2.2.0.GA.jar:/home/mnyeste/.m2/repository/org/jboss/profileservice/jboss-profileservice-core/0.2.2/jboss-profileservice-core-0.2.2.jar:/home/mnyeste/.m2/repository/org/jboss/profileservice/jboss-profileservice-domain/0.2.2/jboss-profileservice-domain-0.2.2.jar:/home/mnyeste/.m2/repository/org/jboss/profileservice/jboss-profileservice-persistence/0.2.2/jboss-profileservice-persistence-0.2.2.jar:/home/mnyeste/.m2/repository/org/jboss/profileservice/jboss-profileservice-spi/0.2.2/jboss-profileservice-spi-0.2.2.jar:/home/mnyeste/.m2/repository/org/picketbox/picketbox-bare/3.0.0.CR2/picketbox-bare-3.0.0.CR2.jar:/home/mnyeste/.m2/repository/org/picketbox/identity-spi/3.0.0.CR2/identity-spi-3.0.0.CR2.jar:/home/mnyeste/.m2/repository/org/picketbox/authorization-spi/3.0.0.CR2/authorization-spi-3.0.0.CR2.jar:/home/mnyeste/.m2/repository/org/picketbox/acl-spi/3.0.0.CR2/acl-spi-3.0.0.CR2.jar:/home/mnyeste/.m2/repository/org/picketbox/jbosssx-bare/3.0.0.CR2/jbosssx-bare-3.0.0.CR2.jar:/home/mnyeste/.m2/repository/org/picketbox/picketbox-acl-impl/3.0.0.CR2/picketbox-acl-impl-3.0.0.CR2.jar:/home/mnyeste/.m2/repository/org/picketbox/picketbox-identity-impl/3.0.0.CR2/picketbox-identity-impl-3.0.0.CR2.jar:/home/mnyeste/.m2/repository/org/picketbox/picketbox-spi-bare/3.0.0.CR2/picketbox-spi-bare-3.0.0.CR2.jar:/home/mnyeste/.m2/repository/org/jboss/spec/javax/ejb/jboss-ejb-api_3.1_spec/1.0.0.Final/jboss-ejb-api_3.1_spec-1.0.0.Final.jar:/home/mnyeste/.m2/repository/org/jboss/spec/javax/transaction/jboss-transaction-api_1.1_spec/1.0.0.Beta1/jboss-transaction-api_1.1_spec-1.0.0.Beta1.jar:/home/mnyeste/.m2/repository/javax/xml/jaxrpc-api/1.1/jaxrpc-api-1.1.jar:/home/mnyeste/.m2/repository/javax/xml/soap/saaj-api/1.3/saaj-api-1.3.jar:/home/mnyeste/.m2/repository/org/jboss/spec/javax/interceptor/jboss-interceptors-api_1.1_spec/1.0.0.Final/jboss-interceptors-api_1.1_spec-1.0.0.Final.jar:/home/mnyeste/.m2/repository/org/jboss/spec/javax/servlet/jsp/jboss-jsp-api_2.2_spec/1.0.0.Final/jboss-jsp-api_2.2_spec-1.0.0.Final.jar:/home/mnyeste/.m2/repository/org/jboss/spec/javax/el/jboss-el-api_2.2_spec/1.0.0.Final/jboss-el-api_2.2_spec-1.0.0.Final.jar:/home/mnyeste/.m2/repository/org/jboss/spec/javax/annotation/jboss-annotations-api_1.1_spec/1.0.0.Final/jboss-annotations-api_1.1_spec-1.0.0.Final.jar:/home/mnyeste/.m2/repository/org/jboss/switchboard/jboss-switchboard-spi/1.0.0-alpha-15/jboss-switchboard-spi-1.0.0-alpha-15.jar:/home/mnyeste/.m2/repository/org/jboss/switchboard/jboss-switchboard-mc-spi/1.0.0-alpha-15/jboss-switchboard-mc-spi-1.0.0-alpha-15.jar:/home/mnyeste/.m2/repository/org/jboss/switchboard/jboss-switchboard-javaee/1.0.0-alpha-15/jboss-switchboard-javaee-1.0.0-alpha-15.jar:/home/mnyeste/.m2/repository/org/jboss/switchboard/jboss-switchboard-impl/1.0.0-alpha-15/jboss-switchboard-impl-1.0.0-alpha-15.jar:/home/mnyeste/.m2/repository/org/jboss/mx/jboss-j2se/6.0.0.GA/jboss-j2se-6.0.0.GA.jar:/home/mnyeste/.m2/repository/org/jboss/integration/jboss-classloading-spi/6.0.0.CR1/jboss-classloading-spi-6.0.0.CR1.jar:/home/mnyeste/.m2/repository/org/jboss/jbossas/jboss-as-security/6.0.0.Final/jboss-as-security-6.0.0.Final.jar:/home/mnyeste/.m2/repository/javassist/javassist/3.12.1.GA/javassist-3.12.1.GA.jar:/home/mnyeste/.m2/repository/org/jboss/spec/javax/security/auth/message/jboss-jaspi-api_1.0_spec/1.0.0.Final/jboss-jaspi-api_1.0_spec-1.0.0.Final.jar:/home/mnyeste/.m2/repository/org/jboss/security/jbossxacml/2.0.5.CR1/jbossxacml-2.0.5.CR1.jar:/home/mnyeste/.m2/repository/org/apache/xmlsec/1.4.3/xmlsec-1.4.3.jar:/home/mnyeste/.m2/repository/org/jboss/integration/jboss-transaction-spi/6.0.0.CR1/jboss-transaction-spi-6.0.0.CR1.jar:/home/mnyeste/.m2/repository/org/jboss/spec/javax/security/jacc/jboss-jacc-api_1.4_spec/1.0.0.Final/jboss-jacc-api_1.4_spec-1.0.0.Final.jar:/home/mnyeste/.m2/repository/org/jboss/spec/javax/jms/jboss-jms-api_1.1_spec/1.0.0.Final/jboss-jms-api_1.1_spec-1.0.0.Final.jar:/home/mnyeste/.m2/repository/org/jboss/spec/javax/xml/soap/jboss-saaj-api_1.3_spec/1.0.0.Final/jboss-saaj-api_1.3_spec-1.0.0.Final.jar:/home/mnyeste/.m2/repository/org/jboss/spec/javax/xml/bind/jboss-jaxb-api_2.2_spec/1.0.0.Final/jboss-jaxb-api_2.2_spec-1.0.0.Final.jar:/home/mnyeste/.m2/repository/org/jboss/spec/javax/xml/ws/jboss-jaxws-api_2.2_spec/1.0.0.Final/jboss-jaxws-api_2.2_spec-1.0.0.Final.jar:/home/mnyeste/.m2/repository/org/jboss/spec/javax/xml/rpc/jboss-jaxrpc-api_1.1_spec/1.0.0.Final/jboss-jaxrpc-api_1.1_spec-1.0.0.Final.jar:/home/mnyeste/.m2/repository/org/jboss/naming/jnp-client/5.0.5.Final/jnp-client-5.0.5.Final.jar:/home/mnyeste/.m2/repository/org/jboss/spec/javax/resource/jboss-connector-api_1.5_spec/1.0.0.Final/jboss-connector-api_1.5_spec-1.0.0.Final.jar:/home/mnyeste/.m2/repository/org/picketbox/jbosssx-client/3.0.0.CR2/jbosssx-client-3.0.0.CR2.jar:/home/mnyeste/.m2/repository/bcel/bcel/5.1/bcel-5.1.jar:/home/mnyeste/.m2/repository/regexp/regexp/1.2/regexp-1.2.jar:/home/mnyeste/.m2/repository/oswego-concurrent/concurrent/1.3.4-jboss-update1/concurrent-1.3.4-jboss-update1.jar:/home/mnyeste/.m2/repository/org/jboss/remoting/jboss-remoting/2.5.3/jboss-remoting-2.5.3.jar:/home/mnyeste/.m2/repository/org/jboss/jbossxb/2.0.3.GA/jbossxb-2.0.3.GA.jar:/home/mnyeste/.m2/repository/org/jboss/jboss-reflect/2.0.2.GA/jboss-reflect-2.0.2.GA.jar:/home/mnyeste/.m2/repository/com/wutka/dtdparser/1.21/dtdparser-1.21.jar:/home/mnyeste/.m2/repository/javax/activation/activation/1.1.1/activation-1.1.1.jar:/home/mnyeste/.m2/repository/org/jboss/naming/jnpserver/5.0.5.Final/jnpserver-5.0.5.Final.jar:/home/mnyeste/.m2/repository/gnu-getopt/getopt/1.0.12-brew/getopt-1.0.12-brew.jar:/home/mnyeste/.m2/repository/org/jboss/service/binding/jboss-service-binding-core/1.2.0.Final/jboss-service-binding-core-1.2.0.Final.jar:/home/mnyeste/.m2/repository/org/jboss/service/binding/jboss-service-binding-mgmt/1.2.0.Final/jboss-service-binding-mgmt-1.2.0.Final.jar:/home/mnyeste/.m2/repository/org/jboss/scanning/scanning-plugins/1.0.0.GA/scanning-plugins-1.0.0.GA.jar:/home/mnyeste/.m2/repository/org/jboss/scanning/scanning-spi/1.0.0.GA/scanning-spi-1.0.0.GA.jar:/home/mnyeste/.m2/repository/org/jboss/scanning/scanning-impl/1.0.0.GA/scanning-impl-1.0.0.GA.jar:/home/mnyeste/.m2/repository/org/jboss/scanning/scanning-deployers/1.0.0.GA/scanning-deployers-1.0.0.GA.jar:/home/mnyeste/.m2/repository/org/jboss/netty/netty/3.2.1.Final/netty-3.2.1.Final.jar:/home/mnyeste/.m2/repository/org/hornetq/hornetq-core/2.1.2.Final/hornetq-core-2.1.2.Final.jar:/home/mnyeste/.m2/repository/org/hornetq/hornetq-jms/2.1.2.Final/hornetq-jms-2.1.2.Final.jar:/home/mnyeste/.m2/repository/log4j/log4j/1.2.16/log4j-1.2.16.jar:/home/mnyeste/.m2/repository/org/apache/xmlbeans/xmlbeans/2.5.0/xmlbeans-2.5.0.jar:/home/mnyeste/.m2/repository/postgresql/postgresql/8.4-701.jdbc4/postgresql-8.4-701.jdbc4.jar:/home/mnyeste/.m2/repository/commons-net/commons-net/2.0/commons-net-2.0.jar:/home/mnyeste/.m2/repository/junit/junit/4.8.2/junit-4.8.2.jar:/home/mnyeste/.m2/repository/com/baxter/common/2.0.8/common-2.0.8.jar:/home/mnyeste/.m2/repository/altovaEBS/altovaEBS/1.0/altovaEBS-1.0.jar:/home/mnyeste/.m2/repository/javax/mail/mail/1.4/mail-1.4.jar:/home/mnyeste/.m2/repository/ice/ice/1/ice-1.jar:/home/mnyeste/.m2/repository/ibm/decimal/1/decimal-1.jar:/home/mnyeste/.m2/repository/org/apache/ws/commons/axiom/axiom-api/1.2.5/axiom-api-1.2.5.jar:/home/mnyeste/.m2/repository/commons-logging/commons-logging/1.0.4/commons-logging-1.0.4.jar:/home/mnyeste/.m2/repository/jaxen/jaxen/1.1-beta-9/jaxen-1.1-beta-9.jar:/home/mnyeste/.m2/repository/xml-apis/xml-apis/1.3.03/xml-apis-1.3.03.jar:/home/mnyeste/.m2/repository/stax/stax-api/1.0.1/stax-api-1.0.1.jar:/home/mnyeste/.m2/repository/org/jdom/jdom/1.1/jdom-1.1.jar:/home/mnyeste/.m2/repository/genius/genius/2009.10.02/genius-2009.10.02.jar:/home/mnyeste/.m2/repository/grizzly/grizzly/1.0/grizzly-1.0.jar:/home/mnyeste/.m2/repository/javax/persistence/persistence-api/1.0/persistence-api-1.0.jar:/home/mnyeste/.m2/repository/ejb3/api/ejb-3_0-api/1/ejb-3_0-api-1.jar:/home/mnyeste/.m2/repository/hit/tplus/1/tplus-1.jar:/home/mnyeste/.m2/repository/hit/tplus-common/1/tplus-common-1.jar:/home/mnyeste/.m2/repository/hit/fxplus/1/fxplus-1.jar:/home/mnyeste/.m2/repository/hit/apiconfig/1/apiconfig-1.jar:/home/mnyeste/.m2/repository/avalon/avalon-framework/4.1.4/avalon-framework-4.1.4.jar:/home/mnyeste/.m2/repository/hit/ratesapi/2008.05.30/ratesapi-2008.05.30.jar:/home/mnyeste/.m2/repository/com/baxter/anchorage/anchorageStp/2009.03.19/anchorageStp-2009.03.19.jar:/home/mnyeste/.m2/repository/tibco/tibrvj/1/tibrvj-1.jar:/home/mnyeste/.m2/repository/openamq/openamq-jms-1.2c1/1.2c1/openamq-jms-1.2c1-1.2c1.jar:/home/mnyeste/.m2/repository/axis/axis/1.4/axis-1.4.jar:/home/mnyeste/.m2/repository/org/apache/axis/axis-jaxrpc/1.4/axis-jaxrpc-1.4.jar:/home/mnyeste/.m2/repository/org/apache/axis/axis-saaj/1.4/axis-saaj-1.4.jar:/home/mnyeste/.m2/repository/axis/axis-wsdl4j/1.5.1/axis-wsdl4j-1.5.1.jar:/home/mnyeste/.m2/repository/commons-discovery/commons-discovery/0.2/commons-discovery-0.2.jar:/home/mnyeste/.m2/repository/org/apache/axis2/axis2-adb/1.3/axis2-adb-1.3.jar:/home/mnyeste/.m2/repository/org/apache/axis2/axis2-kernel/1.3/axis2-kernel-1.3.jar:/home/mnyeste/.m2/repository/javax/servlet/servlet-api/2.3/servlet-api-2.3.jar:/home/mnyeste/.m2/repository/commons-httpclient/commons-httpclient/3.0.1/commons-httpclient-3.0.1.jar:/home/mnyeste/.m2/repository/commons-codec/commons-codec/1.2/commons-codec-1.2.jar:/home/mnyeste/.m2/repository/commons-fileupload/commons-fileupload/1.1.1/commons-fileupload-1.1.1.jar:/home/mnyeste/.m2/repository/org/apache/httpcomponents/httpcore/4.0-alpha5/httpcore-4.0-alpha5.jar:/home/mnyeste/.m2/repository/org/apache/httpcomponents/httpcore-nio/4.0-alpha5/httpcore-nio-4.0-alpha5.jar:/home/mnyeste/.m2/repository/wsdl4j/wsdl4j/1.6.2/wsdl4j-1.6.2.jar:/home/mnyeste/.m2/repository/backport-util-concurrent/backport-util-concurrent/2.2/backport-util-concurrent-2.2.jar:/home/mnyeste/.m2/repository/org/apache/ws/commons/schema/XmlSchema/1.3.2/XmlSchema-1.3.2.jar:/home/mnyeste/.m2/repository/org/apache/neethi/neethi/2.0.2/neethi-2.0.2.jar:/home/mnyeste/.m2/repository/org/apache/woden/woden/1.0-incubating-M7b/woden-1.0-incubating-M7b.jar:/home/mnyeste/.m2/repository/xerces/xmlParserAPIs/2.6.0/xmlParserAPIs-2.6.0.jar:/home/mnyeste/.m2/repository/annogen/annogen/0.1.0/annogen-0.1.0.jar:/home/mnyeste/.m2/repository/org/apache/geronimo/specs/geronimo-jms_1.1_spec/1.1/geronimo-jms_1.1_spec-1.1.jar:/home/mnyeste/.m2/repository/org/apache/httpcomponents/httpcore-niossl/4.0-alpha5/httpcore-niossl-4.0-alpha5.jar:/home/mnyeste/.m2/repository/org/apache/geronimo/specs/geronimo-activation_1.1_spec/1.0-M1/geronimo-activation_1.1_spec-1.0-M1.jar:/home/mnyeste/.m2/repository/org/apache/ws/commons/axiom/axiom-impl/1.2.5/axiom-impl-1.2.5.jar:/home/mnyeste/.m2/repository/org/apache/ws/commons/axiom/axiom-dom/1.2.5/axiom-dom-1.2.5.jar:/home/mnyeste/.m2/repository/xalan/xalan/2.7.0/xalan-2.7.0.jar:/home/mnyeste/.m2/repository/org/codehaus/woodstox/wstx-asl/3.2.1/wstx-asl-3.2.1.jar:/home/mnyeste/.m2/repository/xerces/xercesImpl/2.8.1/xercesImpl-2.8.1.jar:/home/mnyeste/.m2/repository/commons-io/commons-io/1.2/commons-io-1.2.jar:/home/mnyeste/.m2/repository/tbc/core/jpmfxapi-core-if-1.13.9/1/jpmfxapi-core-if-1.13.9-1.jar:/home/mnyeste/.m2/repository/org/apache/excalibur/excalibur-bzip2-1.0a/1/excalibur-bzip2-1.0a-1.jar:/home/mnyeste/.m2/repository/oracle/jdbc/ojdbc14/1.4/ojdbc14-1.4.jar:/home/mnyeste/.m2/repository/swiftmq/swiftmq/2/swiftmq-2.jar:/home/mnyeste/.m2/repository/com/baxter/anchorage/abos-client-stubs/1/abos-client-stubs-1.jar:/home/mnyeste/.m2/repository/dcpk/dcpk/1/dcpk-1.jar:/home/mnyeste/.m2/repository/hotspot/hotspot/1/hotspot-1.jar:/home/mnyeste/.m2/repository/hit/b2bspot/b2b_spot_classes/1/b2b_spot_classes-1.jar:/home/mnyeste/.m2/repository/phillip/phillip/1/phillip-1.jar:/home/mnyeste/.m2/repository/fxall/FXAllSTP/1/FXAllSTP-1.jar:/home/mnyeste/.m2/repository/fxall/rtm/fxallrtm_Client/1/fxallrtm_Client-1.jar:/home/mnyeste/.m2/repository/doc/fx-client/1/fx-client-1.jar:/home/mnyeste/.m2/repository/doc/client/client/1/client-1.jar:/home/mnyeste/.m2/repository/doc/core/core/1/core-1.jar:/home/mnyeste/.m2/repository/doc/model/client-model/1/client-model-1.jar:/home/mnyeste/.m2/repository/ostermiller/utils/ostermillerutils_1_07_00/1.07/ostermillerutils_1_07_00-1.07.jar:/home/mnyeste/.m2/repository/currenex/CurrenexStp/1/CurrenexStp-1.jar:/home/mnyeste/.m2/repository/com/toedter/jcalendar/1.1.4/jcalendar-1.1.4.jar:/home/mnyeste/.m2/repository/borland/jbcl/jbcl/1/jbcl-1.jar:/home/mnyeste/.m2/repository/sugar/sugarSoap/1/sugarSoap-1.jar:/home/mnyeste/.m2/repository/jfreechart/jfreechart-1.0.13/1.0.13/jfreechart-1.0.13-1.0.13.jar:/home/mnyeste/.m2/repository/ich/ClientSDK/1/ClientSDK-1.jar:/home/mnyeste/.m2/repository/argon/argonclient/1/argonclient-1.jar:/home/mnyeste/.m2/repository/traiana/traiana/1/traiana-1.jar:/home/mnyeste/.m2/repository/drools/drools-api-5.0.1/5.0.1/drools-api-5.0.1-5.0.1.jar:/home/mnyeste/.m2/repository/drools/drools-core-5.0.1/5.0.1/drools-core-5.0.1-5.0.1.jar:/home/mnyeste/.m2/repository/jfree/jcommon/1.0.15/jcommon-1.0.15.jar:/home/mnyeste/.m2/repository/com/incors/kunstoff-laf/2.0.2/kunstoff-laf-2.0.2.jar:/home/mnyeste/.m2/repository/org/hibernate/hibernate/3.1.3/hibernate-3.1.3.jar:/home/mnyeste/.m2/repository/ehcache/ehcache/1.1/ehcache-1.1.jar:/home/mnyeste/.m2/repository/cglib/cglib/2.1_3/cglib-2.1_3.jar:/home/mnyeste/.m2/repository/asm/asm/1.5.3/asm-1.5.3.jar:/home/mnyeste/.m2/repository/asm/asm-attrs/1.5.3/asm-attrs-1.5.3.jar:/home/mnyeste/.m2/repository/javax/transaction/jta/1.1/jta-1.1.jar:"/>
    <property name="java.specification.name" value="Java Platform API Specification"/>
    <property name="java.class.version" value="50.0"/>
    <property name="sun.management.compiler" value="HotSpot Client Compiler"/>
    <property name="os.version" value="2.6.35-28-generic-pae"/>
    <property name="user.home" value="/home/mnyeste"/>
    <property name="user.timezone" value="Europe/Budapest"/>
    <property name="java.awt.printerjob" value="sun.print.PSPrinterJob"/>
    <property name="file.encoding" value="UTF-8"/>
    <property name="java.specification.version" value="1.6"/>
    <property name="user.name" value="mnyeste"/>
    <property name="java.class.path" value="/home/mnyeste/workspaces/cd/cdv2/target/surefire/surefirebooter6054853663729533078.jar"/>
    <property name="java.vm.specification.version" value="1.0"/>
    <property name="sun.arch.data.model" value="32"/>
    <property name="java.home" value="/opt/jdk1.6.0_25/jre"/>
    <property name="sun.java.command" value="/home/mnyeste/workspaces/cd/cdv2/target/surefire/surefirebooter6054853663729533078.jar /home/mnyeste/workspaces/cd/cdv2/target/surefire/surefire4920379780313602867tmp /home/mnyeste/workspaces/cd/cdv2/target/surefire/surefire5958291654090650494tmp"/>
    <property name="java.specification.vendor" value="Sun Microsystems Inc."/>
    <property name="user.language" value="en"/>
    <property name="java.vm.info" value="mixed mode, sharing"/>
    <property name="java.version" value="1.6.0_25"/>
    <property name="java.ext.dirs" value="/opt/jdk1.6.0_25/jre/lib/ext:/usr/java/packages/lib/ext"/>
    <property name="sun.boot.class.path" value="/opt/jdk1.6.0_25/jre/lib/resources.jar:/opt/jdk1.6.0_25/jre/lib/rt.jar:/opt/jdk1.6.0_25/jre/lib/sunrsasign.jar:/opt/jdk1.6.0_25/jre/lib/jsse.jar:/opt/jdk1.6.0_25/jre/lib/jce.jar:/opt/jdk1.6.0_25/jre/lib/charsets.jar:/opt/jdk1.6.0_25/jre/lib/modules/jdk.boot.jar:/opt/jdk1.6.0_25/jre/classes"/>
    <property name="java.vendor" value="Sun Microsystems Inc."/>
    <property name="localRepository" value="/home/mnyeste/.m2/repository"/>
    <property name="file.separator" value="/"/>
    <property name="java.vendor.url.bug" value="http://java.sun.com/cgi-bin/bugreport.cgi"/>
    <property name="sun.cpu.endian" value="little"/>
    <property name="sun.io.unicode.encoding" value="UnicodeLittle"/>
    <property name="sun.desktop" value="gnome"/>
    <property name="sun.cpu.isalist" value=""/>
  </properties>
  <testcase time="0.989" classname="com.baxter.cdv2.dao.user.TestUserDAO" name="testGetUser">
    <error type="java.lang.ExceptionInInitializerError">java.lang.ExceptionInInitializerError
	at com.baxter.cdv2.util.HibernateUtil.&lt;clinit&gt;(HibernateUtil.java:18)
	at com.baxter.cdv2.dao.user.UserDAO.getUser(UserDAO.java:28)
	at com.baxter.cdv2.dao.user.TestUserDAO.testGetUser(TestUserDAO.java:12)
	at sun.reflect.NativeMethodAccessorImpl.invoke0(Native Method)
	at sun.reflect.NativeMethodAccessorImpl.invoke(NativeMethodAccessorImpl.java:39)
	at sun.reflect.DelegatingMethodAccessorImpl.invoke(DelegatingMethodAccessorImpl.java:25)
	at java.lang.reflect.Method.invoke(Method.java:597)
	at junit.framework.TestCase.runTest(TestCase.java:168)
	at junit.framework.TestCase.runBare(TestCase.java:134)
	at junit.framework.TestResult$1.protect(TestResult.java:110)
	at junit.framework.TestResult.runProtected(TestResult.java:128)
	at junit.framework.TestResult.run(TestResult.java:113)
	at junit.framework.TestCase.run(TestCase.java:124)
	at junit.framework.TestSuite.runTest(TestSuite.java:243)
	at junit.framework.TestSuite.run(TestSuite.java:238)
	at org.junit.internal.runners.JUnit38ClassRunner.run(JUnit38ClassRunner.java:83)
	at org.apache.maven.surefire.junit4.JUnit4TestSet.execute(JUnit4TestSet.java:35)
	at org.apache.maven.surefire.junit4.JUnit4Provider.executeTestSet(JUnit4Provider.java:115)
	at org.apache.maven.surefire.junit4.JUnit4Provider.invoke(JUnit4Provider.java:97)
	at sun.reflect.NativeMethodAccessorImpl.invoke0(Native Method)
	at sun.reflect.NativeMethodAccessorImpl.invoke(NativeMethodAccessorImpl.java:39)
	at sun.reflect.DelegatingMethodAccessorImpl.invoke(DelegatingMethodAccessorImpl.java:25)
	at java.lang.reflect.Method.invoke(Method.java:597)
	at org.apache.maven.surefire.booter.ProviderFactory$ClassLoaderProxy.invoke(ProviderFactory.java:103)
	at $Proxy0.invoke(Unknown Source)
	at org.apache.maven.surefire.booter.SurefireStarter.invokeProvider(SurefireStarter.java:150)
	at org.apache.maven.surefire.booter.SurefireStarter.runSuitesInProcess(SurefireStarter.java:74)
	at org.apache.maven.surefire.booter.ForkedBooter.main(ForkedBooter.java:69)
Caused by: org.hibernate.AnnotationException: An entity cannot be annotated with both @Entity and @MappedSuperclass: com.baxter.cdv2.datatype.UserLiveOrder
	at org.hibernate.cfg.AnnotationBinder.bindClass(AnnotationBinder.java:513)
	at org.hibernate.cfg.Configuration$MetadataSourceQueue.processAnnotatedClassesQueue(Configuration.java:3977)
	at org.hibernate.cfg.Configuration$MetadataSourceQueue.processMetadata(Configuration.java:3931)
	at org.hibernate.cfg.Configuration.secondPassCompile(Configuration.java:1368)
	at org.hibernate.cfg.Configuration.buildSessionFactory(Configuration.java:1826)
	at com.baxter.cdv2.util.HibernateUtil.&lt;clinit&gt;(HibernateUtil.java:14)
	... 27 more
</error>
    <system-out>@HL
@HL-------------------------------------------------------
@HL T E S T S
@HL-------------------------------------------------------
@SLRunning com.baxter.cdv2.dao.user.TestUserDAO
[2011-05-31 10:16:03,986][TRACE] - parameter read from /home/mnyeste/workspaces/cd/cdv2/target/test-classes/conf/JUnit.ini: DB_INIFILE: /conf/dbJunit.ini
[2011-05-31 10:16:03,998][DEBUG] - DBConnectionHandler.loadConnection() is invoked. Number of connections, Free (in the cache) : 0, Used : 0
[2011-05-31 10:16:04,096][DEBUG] - DBConnectionHandler.loadConnection() is invoked. Number of connections, Free (in the cache) : 1, Used : 0
[2011-05-31 10:16:04,101][DEBUG] - DBConnectionHandler.init() Number of connections, Free (in the cache) : 2, Used : 0
[2011-05-31 10:16:04,101][DEBUG] - DBConnectionHandler(jdbc:postgresql://192.168.9.221:5432/cdv2_junit_bax, cdv2, cdv2, 2, logger) is invoked.
[2011-05-31 10:16:04,101][TRACE] - DBConnectionHandler.pop() Number of connections: Free: 1, Used : 1 processTime: 0
&gt;&gt;&gt; 116
[2011-05-31 10:16:04,299][DEBUG] - Adding type registration boolean -&gt; org.hibernate.type.BooleanType@b61fd1
[2011-05-31 10:16:04,299][DEBUG] - Adding type registration boolean -&gt; org.hibernate.type.BooleanType@b61fd1
[2011-05-31 10:16:04,299][DEBUG] - Adding type registration java.lang.Boolean -&gt; org.hibernate.type.BooleanType@b61fd1
[2011-05-31 10:16:04,301][DEBUG] - Adding type registration numeric_boolean -&gt; org.hibernate.type.NumericBooleanType@1ce2dd4
[2011-05-31 10:16:04,304][DEBUG] - Adding type registration true_false -&gt; org.hibernate.type.TrueFalseType@11f2ee1
[2011-05-31 10:16:04,305][DEBUG] - Adding type registration yes_no -&gt; org.hibernate.type.YesNoType@1c99159
[2011-05-31 10:16:04,309][DEBUG] - Adding type registration byte -&gt; org.hibernate.type.ByteType@bfc8e0
[2011-05-31 10:16:04,309][DEBUG] - Adding type registration byte -&gt; org.hibernate.type.ByteType@bfc8e0
[2011-05-31 10:16:04,309][DEBUG] - Adding type registration java.lang.Byte -&gt; org.hibernate.type.ByteType@bfc8e0
[2011-05-31 10:16:04,314][DEBUG] - Adding type registration character -&gt; org.hibernate.type.CharacterType@111a775
[2011-05-31 10:16:04,314][DEBUG] - Adding type registration char -&gt; org.hibernate.type.CharacterType@111a775
[2011-05-31 10:16:04,314][DEBUG] - Adding type registration java.lang.Character -&gt; org.hibernate.type.CharacterType@111a775
[2011-05-31 10:16:04,318][DEBUG] - Adding type registration short -&gt; org.hibernate.type.ShortType@9173ef
[2011-05-31 10:16:04,318][DEBUG] - Adding type registration short -&gt; org.hibernate.type.ShortType@9173ef
[2011-05-31 10:16:04,318][DEBUG] - Adding type registration java.lang.Short -&gt; org.hibernate.type.ShortType@9173ef
[2011-05-31 10:16:04,321][DEBUG] - Adding type registration integer -&gt; org.hibernate.type.IntegerType@f99ff5
[2011-05-31 10:16:04,321][DEBUG] - Adding type registration int -&gt; org.hibernate.type.IntegerType@f99ff5
[2011-05-31 10:16:04,321][DEBUG] - Adding type registration java.lang.Integer -&gt; org.hibernate.type.IntegerType@f99ff5
[2011-05-31 10:16:04,327][DEBUG] - Adding type registration long -&gt; org.hibernate.type.LongType@d251a3
[2011-05-31 10:16:04,327][DEBUG] - Adding type registration long -&gt; org.hibernate.type.LongType@d251a3
[2011-05-31 10:16:04,327][DEBUG] - Adding type registration java.lang.Long -&gt; org.hibernate.type.LongType@d251a3
[2011-05-31 10:16:04,332][DEBUG] - Adding type registration float -&gt; org.hibernate.type.FloatType@910040
[2011-05-31 10:16:04,332][DEBUG] - Adding type registration float -&gt; org.hibernate.type.FloatType@910040
[2011-05-31 10:16:04,333][DEBUG] - Adding type registration java.lang.Float -&gt; org.hibernate.type.FloatType@910040
[2011-05-31 10:16:04,337][DEBUG] - Adding type registration double -&gt; org.hibernate.type.DoubleType@fec107
[2011-05-31 10:16:04,337][DEBUG] - Adding type registration double -&gt; org.hibernate.type.DoubleType@fec107
[2011-05-31 10:16:04,338][DEBUG] - Adding type registration java.lang.Double -&gt; org.hibernate.type.DoubleType@fec107
[2011-05-31 10:16:04,345][DEBUG] - Adding type registration big_decimal -&gt; org.hibernate.type.BigDecimalType@2bb514
[2011-05-31 10:16:04,345][DEBUG] - Adding type registration java.math.BigDecimal -&gt; org.hibernate.type.BigDecimalType@2bb514
[2011-05-31 10:16:04,349][DEBUG] - Adding type registration big_integer -&gt; org.hibernate.type.BigIntegerType@95c083
[2011-05-31 10:16:04,349][DEBUG] - Adding type registration java.math.BigInteger -&gt; org.hibernate.type.BigIntegerType@95c083
[2011-05-31 10:16:04,353][DEBUG] - Adding type registration string -&gt; org.hibernate.type.StringType@5e5a50
[2011-05-31 10:16:04,353][DEBUG] - Adding type registration java.lang.String -&gt; org.hibernate.type.StringType@5e5a50
[2011-05-31 10:16:04,355][DEBUG] - Adding type registration url -&gt; org.hibernate.type.UrlType@20be79
[2011-05-31 10:16:04,355][DEBUG] - Adding type registration java.net.URL -&gt; org.hibernate.type.UrlType@20be79
[2011-05-31 10:16:04,359][DEBUG] - Adding type registration date -&gt; org.hibernate.type.DateType@1b383e9
[2011-05-31 10:16:04,359][DEBUG] - Adding type registration java.sql.Date -&gt; org.hibernate.type.DateType@1b383e9
[2011-05-31 10:16:04,363][DEBUG] - Adding type registration time -&gt; org.hibernate.type.TimeType@2f1921
[2011-05-31 10:16:04,363][DEBUG] - Adding type registration java.sql.Time -&gt; org.hibernate.type.TimeType@2f1921
[2011-05-31 10:16:04,366][DEBUG] - Adding type registration timestamp -&gt; org.hibernate.type.TimestampType@1808199
[2011-05-31 10:16:04,367][DEBUG] - Adding type registration java.sql.Timestamp -&gt; org.hibernate.type.TimestampType@1808199
[2011-05-31 10:16:04,367][DEBUG] - Adding type registration java.util.Date -&gt; org.hibernate.type.TimestampType@1808199
[2011-05-31 10:16:04,368][DEBUG] - Adding type registration dbtimestamp -&gt; org.hibernate.type.DbTimestampType@a46701
[2011-05-31 10:16:04,371][DEBUG] - Adding type registration calendar -&gt; org.hibernate.type.CalendarType@47393f
[2011-05-31 10:16:04,371][DEBUG] - Adding type registration java.util.Calendar -&gt; org.hibernate.type.CalendarType@47393f
[2011-05-31 10:16:04,371][DEBUG] - Adding type registration java.util.GregorianCalendar -&gt; org.hibernate.type.CalendarType@47393f
[2011-05-31 10:16:04,373][DEBUG] - Adding type registration calendar_date -&gt; org.hibernate.type.CalendarDateType@1aa57fb
[2011-05-31 10:16:04,376][DEBUG] - Adding type registration locale -&gt; org.hibernate.type.LocaleType@186768e
[2011-05-31 10:16:04,376][DEBUG] - Adding type registration java.util.Locale -&gt; org.hibernate.type.LocaleType@186768e
[2011-05-31 10:16:04,379][DEBUG] - Adding type registration currency -&gt; org.hibernate.type.CurrencyType@1630ab9
[2011-05-31 10:16:04,379][DEBUG] - Adding type registration java.util.Currency -&gt; org.hibernate.type.CurrencyType@1630ab9
[2011-05-31 10:16:04,384][DEBUG] - Adding type registration timezone -&gt; org.hibernate.type.TimeZoneType@e0b6f5
[2011-05-31 10:16:04,384][DEBUG] - Adding type registration java.util.TimeZone -&gt; org.hibernate.type.TimeZoneType@e0b6f5
[2011-05-31 10:16:04,387][DEBUG] - Adding type registration class -&gt; org.hibernate.type.ClassType@1c9b9ca
[2011-05-31 10:16:04,387][DEBUG] - Adding type registration java.lang.Class -&gt; org.hibernate.type.ClassType@1c9b9ca
[2011-05-31 10:16:04,393][DEBUG] - Adding type registration uuid-binary -&gt; org.hibernate.type.UUIDBinaryType@341960
[2011-05-31 10:16:04,393][DEBUG] - Adding type registration java.util.UUID -&gt; org.hibernate.type.UUIDBinaryType@341960
[2011-05-31 10:16:04,394][DEBUG] - Adding type registration uuid-char -&gt; org.hibernate.type.UUIDCharType@54a328
[2011-05-31 10:16:04,397][DEBUG] - Adding type registration pg-uuid -&gt; org.hibernate.type.PostgresUUIDType@1e152c5
[2011-05-31 10:16:04,403][DEBUG] - Adding type registration binary -&gt; org.hibernate.type.BinaryType@587c94
[2011-05-31 10:16:04,403][DEBUG] - Adding type registration byte[] -&gt; org.hibernate.type.BinaryType@587c94
[2011-05-31 10:16:04,403][DEBUG] - Adding type registration [B -&gt; org.hibernate.type.BinaryType@587c94
[2011-05-31 10:16:04,408][DEBUG] - Adding type registration wrapper-binary -&gt; org.hibernate.type.WrapperBinaryType@d08633
[2011-05-31 10:16:04,409][DEBUG] - Adding type registration Byte[] -&gt; org.hibernate.type.WrapperBinaryType@d08633
[2011-05-31 10:16:04,409][DEBUG] - Adding type registration [Ljava.lang.Byte; -&gt; org.hibernate.type.WrapperBinaryType@d08633
[2011-05-31 10:16:04,411][DEBUG] - Adding type registration image -&gt; org.hibernate.type.ImageType@37fb1e
[2011-05-31 10:16:04,415][DEBUG] - Adding type registration characters -&gt; org.hibernate.type.CharArrayType@15212bc
[2011-05-31 10:16:04,416][DEBUG] - Adding type registration char[] -&gt; org.hibernate.type.CharArrayType@15212bc
[2011-05-31 10:16:04,416][DEBUG] - Adding type registration [C -&gt; org.hibernate.type.CharArrayType@15212bc
[2011-05-31 10:16:04,420][DEBUG] - Adding type registration wrapper-characters -&gt; org.hibernate.type.CharacterArrayType@1592174
[2011-05-31 10:16:04,420][DEBUG] - Adding type registration [Ljava.lang.Character; -&gt; org.hibernate.type.CharacterArrayType@1592174
[2011-05-31 10:16:04,420][DEBUG] - Adding type registration Character[] -&gt; org.hibernate.type.CharacterArrayType@1592174
[2011-05-31 10:16:04,423][DEBUG] - Adding type registration text -&gt; org.hibernate.type.TextType@97a560
[2011-05-31 10:16:04,428][DEBUG] - Adding type registration blob -&gt; org.hibernate.type.BlobType@139eeda
[2011-05-31 10:16:04,429][DEBUG] - Adding type registration java.sql.Blob -&gt; org.hibernate.type.BlobType@139eeda
[2011-05-31 10:16:04,430][DEBUG] - Adding type registration materialized_blob -&gt; org.hibernate.type.MaterializedBlobType@77a7f9
[2011-05-31 10:16:04,442][DEBUG] - Adding type registration clob -&gt; org.hibernate.type.ClobType@b2002f
[2011-05-31 10:16:04,443][DEBUG] - Adding type registration java.sql.Clob -&gt; org.hibernate.type.ClobType@b2002f
[2011-05-31 10:16:04,444][DEBUG] - Adding type registration materialized_clob -&gt; org.hibernate.type.MaterializedClobType@406199
[2011-05-31 10:16:04,448][DEBUG] - Adding type registration serializable -&gt; org.hibernate.type.SerializableType@1b09468
[2011-05-31 10:16:04,468][DEBUG] - Adding type registration object -&gt; org.hibernate.type.ObjectType@861f24
[2011-05-31 10:16:04,468][DEBUG] - Adding type registration java.lang.Object -&gt; org.hibernate.type.ObjectType@861f24
[2011-05-31 10:16:04,469][DEBUG] - Adding type registration imm_date -&gt; org.hibernate.type.AdaptedImmutableType@1292d26
[2011-05-31 10:16:04,469][DEBUG] - Adding type registration imm_time -&gt; org.hibernate.type.AdaptedImmutableType@5329c5
[2011-05-31 10:16:04,469][DEBUG] - Adding type registration imm_timestamp -&gt; org.hibernate.type.AdaptedImmutableType@1db699b
[2011-05-31 10:16:04,470][DEBUG] - Adding type registration imm_dbtimestamp -&gt; org.hibernate.type.AdaptedImmutableType@1f26605
[2011-05-31 10:16:04,470][DEBUG] - Adding type registration imm_calendar -&gt; org.hibernate.type.AdaptedImmutableType@107ebe1
[2011-05-31 10:16:04,470][DEBUG] - Adding type registration imm_calendar_date -&gt; org.hibernate.type.AdaptedImmutableType@10f11b8
[2011-05-31 10:16:04,470][DEBUG] - Adding type registration imm_binary -&gt; org.hibernate.type.AdaptedImmutableType@544ec1
[2011-05-31 10:16:04,470][DEBUG] - Adding type registration imm_serializable -&gt; org.hibernate.type.AdaptedImmutableType@fe748f
[2011-05-31 10:16:04,518][INFO] - Hibernate Commons Annotations 3.2.0.Final
[2011-05-31 10:16:04,563][INFO] - Hibernate 3.6.0.Final
[2011-05-31 10:16:04,566][INFO] - hibernate.properties not found
[2011-05-31 10:16:04,572][INFO] - Bytecode provider name : javassist
[2011-05-31 10:16:04,583][INFO] - using JDK 1.4 java.sql.Timestamp handling
[2011-05-31 10:16:04,726][DEBUG] - Registering IdentifierGenerator strategy [uuid2] -&gt; [class org.hibernate.id.UUIDGenerator]
[2011-05-31 10:16:04,727][DEBUG] - Registering IdentifierGenerator strategy [guid] -&gt; [class org.hibernate.id.GUIDGenerator]
[2011-05-31 10:16:04,728][DEBUG] - Registering IdentifierGenerator strategy [uuid] -&gt; [class org.hibernate.id.UUIDHexGenerator]
[2011-05-31 10:16:04,728][DEBUG] - Registering IdentifierGenerator strategy [uuid.hex] -&gt; [class org.hibernate.id.UUIDHexGenerator]
[2011-05-31 10:16:04,731][DEBUG] - Registering IdentifierGenerator strategy [hilo] -&gt; [class org.hibernate.id.TableHiLoGenerator]
[2011-05-31 10:16:04,732][DEBUG] - Registering IdentifierGenerator strategy [assigned] -&gt; [class org.hibernate.id.Assigned]
[2011-05-31 10:16:04,733][DEBUG] - Registering IdentifierGenerator strategy [identity] -&gt; [class org.hibernate.id.IdentityGenerator]
[2011-05-31 10:16:04,734][DEBUG] - Registering IdentifierGenerator strategy [select] -&gt; [class org.hibernate.id.SelectGenerator]
[2011-05-31 10:16:04,735][DEBUG] - Registering IdentifierGenerator strategy [sequence] -&gt; [class org.hibernate.id.SequenceGenerator]
[2011-05-31 10:16:04,736][DEBUG] - Registering IdentifierGenerator strategy [seqhilo] -&gt; [class org.hibernate.id.SequenceHiLoGenerator]
[2011-05-31 10:16:04,737][DEBUG] - Registering IdentifierGenerator strategy [increment] -&gt; [class org.hibernate.id.IncrementGenerator]
[2011-05-31 10:16:04,738][DEBUG] - Registering IdentifierGenerator strategy [foreign] -&gt; [class org.hibernate.id.ForeignGenerator]
[2011-05-31 10:16:04,743][DEBUG] - Registering IdentifierGenerator strategy [sequence-identity] -&gt; [class org.hibernate.id.SequenceIdentityGenerator]
[2011-05-31 10:16:04,745][DEBUG] - Registering IdentifierGenerator strategy [enhanced-sequence] -&gt; [class org.hibernate.id.enhanced.SequenceStyleGenerator]
[2011-05-31 10:16:04,747][DEBUG] - Registering IdentifierGenerator strategy [enhanced-table] -&gt; [class org.hibernate.id.enhanced.TableGenerator]
[2011-05-31 10:16:04,757][INFO] - configuring from resource: /hibernate.cfg.xml
[2011-05-31 10:16:04,758][INFO] - Configuration resource: /hibernate.cfg.xml
[2011-05-31 10:16:04,848][TRACE] - Resolving XML entity -//Hibernate/Hibernate Configuration DTD 3.0//EN : http://hibernate.sourceforge.net/hibernate-configuration-3.0.dtd
[2011-05-31 10:16:04,848][DEBUG] - trying to resolve system-id [http://hibernate.sourceforge.net/hibernate-configuration-3.0.dtd]
[2011-05-31 10:16:04,848][WARN] - recognized obsolete hibernate namespace http://hibernate.sourceforge.net/. Use namespace http://www.hibernate.org/dtd/ instead. Refer to Hibernate 3.6 Migration Guide!
[2011-05-31 10:16:04,848][DEBUG] - attempting to resolve on classpath under org/hibernate/
[2011-05-31 10:16:04,849][DEBUG] - located [http://hibernate.sourceforge.net/hibernate-configuration-3.0.dtd] in classpath
[2011-05-31 10:16:04,900][DEBUG] - connection.driver_class=org.postgresql.Driver
[2011-05-31 10:16:04,900][DEBUG] - connection.url=jdbc:postgresql://192.168.9.221:5432/cdv2_junit_bax
[2011-05-31 10:16:04,900][DEBUG] - connection.username=cdv2
[2011-05-31 10:16:04,900][DEBUG] - connection.password=cdv2
[2011-05-31 10:16:04,901][DEBUG] - hibernate.c3p0.min_size=1
[2011-05-31 10:16:04,901][DEBUG] - hibernate.c3p0.max_size=1
[2011-05-31 10:16:04,901][DEBUG] - hibernate.c3p0.timeout=60
[2011-05-31 10:16:04,901][DEBUG] - hibernate.c3p0.max_statements=5
[2011-05-31 10:16:04,901][DEBUG] - dialect=org.hibernate.dialect.PostgreSQLDialect
[2011-05-31 10:16:04,901][DEBUG] - current_session_context_class=thread
[2011-05-31 10:16:04,901][DEBUG] - cache.provider_class=org.hibernate.cache.NoCacheProvider
[2011-05-31 10:16:04,901][DEBUG] - show_sql=false
[2011-05-31 10:16:04,901][DEBUG] - session-factory config [null] named class [com.baxter.cdv2.datatype.UserLiveOrder] for mapping
[2011-05-31 10:16:04,942][DEBUG] - session-factory config [null] named class [com.baxter.cdv2.dao.user.TestOrderBase] for mapping
[2011-05-31 10:16:04,942][DEBUG] - session-factory config [null] named class [com.baxter.cdv2.datatype.UserDTO] for mapping
[2011-05-31 10:16:04,943][INFO] - Configured SessionFactory: null
[2011-05-31 10:16:04,944][DEBUG] - properties: {show_sql=false, java.vendor=Sun Microsystems Inc., localRepository=/home/mnyeste/.m2/repository, sun.java.launcher=SUN_STANDARD, hibernate.connection.url=jdbc:postgresql://192.168.9.221:5432/cdv2_junit_bax, sun.management.compiler=HotSpot Client Compiler, os.name=Linux, sun.boot.class.path=/opt/jdk1.6.0_25/jre/lib/resources.jar:/opt/jdk1.6.0_25/jre/lib/rt.jar:/opt/jdk1.6.0_25/jre/lib/sunrsasign.jar:/opt/jdk1.6.0_25/jre/lib/jsse.jar:/opt/jdk1.6.0_25/jre/lib/jce.jar:/opt/jdk1.6.0_25/jre/lib/charsets.jar:/opt/jdk1.6.0_25/jre/lib/modules/jdk.boot.jar:/opt/jdk1.6.0_25/jre/classes, hibernate.current_session_context_class=thread, sun.desktop=gnome, hibernate.c3p0.max_size=1, java.vm.specification.vendor=Sun Microsystems Inc., java.runtime.version=1.6.0_25-b06, hibernate.c3p0.min_size=1, hibernate.cache.provider_class=org.hibernate.cache.NoCacheProvider, user.name=mnyeste, connection.driver_class=org.postgresql.Driver, current_session_context_class=thread, hibernate.c3p0.timeout=60, user.language=en, sun.boot.library.path=/opt/jdk1.6.0_25/jre/lib/i386, dialect=org.hibernate.dialect.PostgreSQLDialect, java.version=1.6.0_25, user.timezone=Europe/Budapest, sun.arch.data.model=32, java.endorsed.dirs=/opt/jdk1.6.0_25/jre/lib/endorsed, sun.cpu.isalist=, sun.jnu.encoding=UTF-8, file.encoding.pkg=sun.io, file.separator=/, java.specification.name=Java Platform API Specification, java.class.version=50.0, user.country=US, connection.url=jdbc:postgresql://192.168.9.221:5432/cdv2_junit_bax, java.home=/opt/jdk1.6.0_25/jre, java.vm.info=mixed mode, sharing, os.version=2.6.35-28-generic-pae, path.separator=:, connection.password=cdv2, java.vm.version=20.0-b11, hibernate.connection.password=cdv2, java.awt.printerjob=sun.print.PSPrinterJob, sun.io.unicode.encoding=UnicodeLittle, hibernate.connection.username=cdv2, user.home=/home/mnyeste, java.specification.vendor=Sun Microsystems Inc., java.library.path=/opt/jdk1.6.0_25/jre/lib/i386/client:/opt/jdk1.6.0_25/jre/lib/i386:/opt/jdk1.6.0_25/jre/../lib/i386:/usr/java/packages/lib/i386:/lib:/usr/lib, java.vendor.url=http://java.sun.com/, hibernate.connection.driver_class=org.postgresql.Driver, connection.username=cdv2, java.vm.vendor=Sun Microsystems Inc., hibernate.dialect=org.hibernate.dialect.PostgreSQLDialect, java.runtime.name=Java(TM) SE Runtime Environment, sun.java.command=/home/mnyeste/workspaces/cd/cdv2/target/surefire/surefirebooter6054853663729533078.jar /home/mnyeste/workspaces/cd/cdv2/target/surefire/surefire4920379780313602867tmp /home/mnyeste/workspaces/cd/cdv2/target/surefire/surefire5958291654090650494tmp, java.class.path=/home/mnyeste/workspaces/cd/cdv2/target/surefire/surefirebooter6054853663729533078.jar, hibernate.bytecode.use_reflection_optimizer=false, java.vm.specification.name=Java Virtual Machine Specification, java.vm.specification.version=1.0, sun.cpu.endian=little, sun.os.patch.level=unknown, surefire.test.class.path=/home/mnyeste/workspaces/cd/cdv2/target/test-classes:/home/mnyeste/workspaces/cd/cdv2/target/classes:/home/mnyeste/.m2/repository/org/apache/mina/mina-core/1.1.7/mina-core-1.1.7.jar:/home/mnyeste/.m2/repository/org/slf4j/slf4j-api/1.6.1/slf4j-api-1.6.1.jar:/home/mnyeste/.m2/repository/org/slf4j/slf4j-log4j12/1.6.1/slf4j-log4j12-1.6.1.jar:/home/mnyeste/.m2/repository/org/quickfixj/quickfixj-all/1.4.0/quickfixj-all-1.4.0.jar:/home/mnyeste/.m2/repository/com/baxter/algoEngine/1.13/algoEngine-1.13.jar:/home/mnyeste/.m2/repository/org/apache/ant/ant-jsch/1.7.1/ant-jsch-1.7.1.jar:/home/mnyeste/.m2/repository/org/apache/ant/ant/1.7.1/ant-1.7.1.jar:/home/mnyeste/.m2/repository/org/apache/ant/ant-launcher/1.7.1/ant-launcher-1.7.1.jar:/home/mnyeste/.m2/repository/com/jcraft/jsch/0.1.29/jsch-0.1.29.jar:/home/mnyeste/.m2/repository/com/baxter/toAnt/1.0/toAnt-1.0.jar:/home/mnyeste/.m2/repository/org/apache/ivy/ivy/2.1.0/ivy-2.1.0.jar:/home/mnyeste/.m2/repository/org/hibernate/hibernate-core/3.6.0.Final/hibernate-core-3.6.0.Final.jar:/home/mnyeste/.m2/repository/antlr/antlr/2.7.6/antlr-2.7.6.jar:/home/mnyeste/.m2/repository/commons-collections/commons-collections/3.1/commons-collections-3.1.jar:/home/mnyeste/.m2/repository/dom4j/dom4j/1.6.1/dom4j-1.6.1.jar:/home/mnyeste/.m2/repository/org/hibernate/hibernate-commons-annotations/3.2.0.Final/hibernate-commons-annotations-3.2.0.Final.jar:/home/mnyeste/.m2/repository/org/hibernate/javax/persistence/hibernate-jpa-2.0-api/1.0.0.Final/hibernate-jpa-2.0-api-1.0.0.Final.jar:/home/mnyeste/.m2/repository/org/hibernate/hibernate-annotations/3.5.6-Final/hibernate-annotations-3.5.6-Final.jar:/home/mnyeste/.m2/repository/org/hibernate/hibernate-validator/3.1.0.GA/hibernate-validator-3.1.0.GA.jar:/home/mnyeste/.m2/repository/org/jboss/spec/javax/servlet/jboss-servlet-api_3.0_spec/1.0.0.Final/jboss-servlet-api_3.0_spec-1.0.0.Final.jar:/home/mnyeste/.m2/repository/org/jboss/jbossas/jboss-as-server/6.0.0.Final/jboss-as-server-6.0.0.Final.jar:/home/mnyeste/.m2/repository/jboss/jboss-serialization/1.0.3.GA/jboss-serialization-1.0.3.GA.jar:/home/mnyeste/.m2/repository/org/jboss/jbossas/jboss-as-deployment/6.0.0.Final/jboss-as-deployment-6.0.0.Final.jar:/home/mnyeste/.m2/repository/org/jboss/spec/javax/enterprise/deploy/jboss-jad-api_1.2_spec/1.0.0.Final/jboss-jad-api_1.2_spec-1.0.0.Final.jar:/home/mnyeste/.m2/repository/org/picketbox/jboss-security-spi/3.0.0.CR2/jboss-security-spi-3.0.0.CR2.jar:/home/mnyeste/.m2/repository/org/jboss/bootstrap/jboss-bootstrap-spi-as/2.1.0-alpha-5/jboss-bootstrap-spi-as-2.1.0-alpha-5.jar:/home/mnyeste/.m2/repository/org/jboss/bootstrap/jboss-bootstrap-spi-mc/2.1.0-alpha-5/jboss-bootstrap-spi-mc-2.1.0-alpha-5.jar:/home/mnyeste/.m2/repository/org/jboss/bootstrap/jboss-bootstrap-spi/2.1.0-alpha-5/jboss-bootstrap-spi-2.1.0-alpha-5.jar:/home/mnyeste/.m2/repository/org/jboss/bootstrap/jboss-bootstrap-api-mc/2.1.0-alpha-5/jboss-bootstrap-api-mc-2.1.0-alpha-5.jar:/home/mnyeste/.m2/repository/org/jboss/bootstrap/jboss-bootstrap-api-as/2.1.0-alpha-5/jboss-bootstrap-api-as-2.1.0-alpha-5.jar:/home/mnyeste/.m2/repository/org/jboss/bootstrap/jboss-bootstrap-api/2.1.0-alpha-5/jboss-bootstrap-api-2.1.0-alpha-5.jar:/home/mnyeste/.m2/repository/org/jboss/ejb3/ejbref/resolver/ejbref-resolver-spi/1.0.0-alpha-4/ejbref-resolver-spi-1.0.0-alpha-4.jar:/home/mnyeste/.m2/repository/org/jboss/integration/jboss-deployment-spi/6.0.0.CR1/jboss-deployment-spi-6.0.0.CR1.jar:/home/mnyeste/.m2/repository/org/jboss/jpa/jboss-jpa-deployers/1.0.2-alpha-3/jboss-jpa-deployers-1.0.2-alpha-3.jar:/home/mnyeste/.m2/repository/org/hibernate/hibernate-entitymanager/3.4.0.GA/hibernate-entitymanager-3.4.0.GA.jar:/home/mnyeste/.m2/repository/org/jboss/deployers/jboss-deployers-vfs/2.0.5.GA/jboss-deployers-vfs-2.0.5.GA.jar:/home/mnyeste/.m2/repository/org/jboss/microcontainer/jboss-kernel/2.0.4.GA/jboss-kernel-2.0.4.GA.jar:/home/mnyeste/.m2/repository/org/jboss/microcontainer/jboss-dependency/2.0.4.GA/jboss-dependency-2.0.4.GA.jar:/home/mnyeste/.m2/repository/org/jboss/cl/jboss-classloading-vfs/2.0.3.GA/jboss-classloading-vfs-2.0.3.GA.jar:/home/mnyeste/.m2/repository/org/jboss/deployers/jboss-deployers-core/2.0.5.GA/jboss-deployers-core-2.0.5.GA.jar:/home/mnyeste/.m2/repository/org/jboss/deployers/jboss-deployers-client/2.0.5.GA/jboss-deployers-client-2.0.5.GA.jar:/home/mnyeste/.m2/repository/org/jboss/deployers/jboss-deployers-vfs-spi/2.0.5.GA/jboss-deployers-vfs-spi-2.0.5.GA.jar:/home/mnyeste/.m2/repository/org/jboss/cl/jboss-classloading/2.0.3.GA/jboss-classloading-2.0.3.GA.jar:/home/mnyeste/.m2/repository/org/jboss/cl/jboss-classloader/2.0.3.GA/jboss-classloader-2.0.3.GA.jar:/home/mnyeste/.m2/repository/org/jboss/jpa/jboss-jpa-impl/1.0.0/jboss-jpa-impl-1.0.0.jar:/home/mnyeste/.m2/repository/org/jboss/jpa/jboss-jpa-spi/1.0.0/jboss-jpa-spi-1.0.0.jar:/home/mnyeste/.m2/repository/org/jboss/microcontainer/jboss-aop-mc-int/2.0.4.GA/jboss-aop-mc-int-2.0.4.GA.jar:/home/mnyeste/.m2/repository/org/jboss/jpa/jboss-jpa-vfs3/1.0.2-alpha-2/jboss-jpa-vfs3-1.0.2-alpha-2.jar:/home/mnyeste/.m2/repository/org/jboss/jboss-vfs/3.0.0.CR1/jboss-vfs-3.0.0.CR1.jar:/home/mnyeste/.m2/repository/org/jboss/reloaded/naming/jboss-reloaded-naming-impl/0.3.0/jboss-reloaded-naming-impl-0.3.0.jar:/home/mnyeste/.m2/repository/org/jboss/reloaded/naming/jboss-reloaded-naming-spi/0.3.0/jboss-reloaded-naming-spi-0.3.0.jar:/home/mnyeste/.m2/repository/org/jboss/reloaded/naming/jboss-reloaded-naming-deployers/0.3.0/jboss-reloaded-naming-deployers-0.3.0.jar:/home/mnyeste/.m2/repository/org/jboss/deployers/jboss-deployers-spi/2.2.0.Alpha1/jboss-deployers-spi-2.2.0.Alpha1.jar:/home/mnyeste/.m2/repository/org/jboss/mcann/mcann-core/1.0.0.Alpha1/mcann-core-1.0.0.Alpha1.jar:/home/mnyeste/.m2/repository/org/jboss/kernel/jboss-kernel/2.2.0.Alpha2/jboss-kernel-2.2.0.Alpha2.jar:/home/mnyeste/.m2/repository/javax/inject/javax.inject/1/javax.inject-1.jar:/home/mnyeste/.m2/repository/org/jboss/injection/jboss-injection/0.1.0-alpha-2/jboss-injection-0.1.0-alpha-2.jar:/home/mnyeste/.m2/repository/org/jboss/deployers/jboss-deployers-structure-spi/2.2.0.Alpha3/jboss-deployers-structure-spi-2.2.0.Alpha3.jar:/home/mnyeste/.m2/repository/org/jboss/jboss-mdr/2.2.0.Alpha2/jboss-mdr-2.2.0.Alpha2.jar:/home/mnyeste/.m2/repository/org/jboss/injection/jboss-resolver-spi/0.1.0-alpha-2/jboss-resolver-spi-0.1.0-alpha-2.jar:/home/mnyeste/.m2/repository/org/jboss/injection/jboss-resolver-impl/0.1.0-alpha-2/jboss-resolver-impl-0.1.0-alpha-2.jar:/home/mnyeste/.m2/repository/org/jboss/injection/jboss-injection-switchboard-deployer/0.1.0-alpha-2/jboss-injection-switchboard-deployer-0.1.0-alpha-2.jar:/home/mnyeste/.m2/repository/org/jboss/injection/jboss-switchboard-metadata/0.1.0-alpha-2/jboss-switchboard-metadata-0.1.0-alpha-2.jar:/home/mnyeste/.m2/repository/org/jboss/injection/jboss-injection-mc-impl/1.0.0-alpha-6/jboss-injection-mc-impl-1.0.0-alpha-6.jar:/home/mnyeste/.m2/repository/org/jboss/injection/jboss-injection-manager/1.0.0-alpha-6/jboss-injection-manager-1.0.0-alpha-6.jar:/home/mnyeste/.m2/repository/org/jboss/injection/jboss-injection-injector/1.0.0-alpha-6/jboss-injection-injector-1.0.0-alpha-6.jar:/home/mnyeste/.m2/repository/org/picketbox/jbosssx/3.0.0.CR2/jbosssx-3.0.0.CR2.jar:/home/mnyeste/.m2/repository/org/jboss/jboss-common-core/2.2.17.GA/jboss-common-core-2.2.17.GA.jar:/home/mnyeste/.m2/repository/org/jboss/metadata/jboss-metadata-common/2.0.0.Alpha24/jboss-metadata-common-2.0.0.Alpha24.jar:/home/mnyeste/.m2/repository/org/jboss/logging/jboss-logging-spi/2.2.0.CR1/jboss-logging-spi-2.2.0.CR1.jar:/home/mnyeste/.m2/repository/org/hibernate/ejb3-persistence/1.0.2.GA/ejb3-persistence-1.0.2.GA.jar:/home/mnyeste/.m2/repository/org/jboss/ws/jbossws-spi/1.4.1.CR2/jbossws-spi-1.4.1.CR2.jar:/home/mnyeste/.m2/repository/sun-jaxb/jaxb-api/2.1.4/jaxb-api-2.1.4.jar:/home/mnyeste/.m2/repository/apache-xerces/xml-apis/2.9.1/xml-apis-2.9.1.jar:/home/mnyeste/.m2/repository/org/jboss/metadata/jboss-metadata-client/2.0.0.Alpha2/jboss-metadata-client-2.0.0.Alpha2.jar:/home/mnyeste/.m2/repository/org/jboss/metadata/jboss-metadata-ear/2.0.0.Alpha4/jboss-metadata-ear-2.0.0.Alpha4.jar:/home/mnyeste/.m2/repository/org/jboss/metadata/jboss-metadata-ejb/2.0.0-alpha-27/jboss-metadata-ejb-2.0.0-alpha-27.jar:/home/mnyeste/.m2/repository/org/jboss/ejb3/jboss-ejb3-ext-api/1.1.0/jboss-ejb3-ext-api-1.1.0.jar:/home/mnyeste/.m2/repository/org/jboss/metadata/jboss-metadata-rar/2.0.0.Alpha/jboss-metadata-rar-2.0.0.Alpha.jar:/home/mnyeste/.m2/repository/org/jboss/metadata/jboss-metadata-war/2.0.0.CR1/jboss-metadata-war-2.0.0.CR1.jar:/home/mnyeste/.m2/repository/org/jboss/jbossas/jboss-as-system-jmx/6.0.0.Final/jboss-as-system-jmx-6.0.0.Final.jar:/home/mnyeste/.m2/repository/org/jboss/logging/jboss-logging/3.0.0.Beta4/jboss-logging-3.0.0.Beta4.jar:/home/mnyeste/.m2/repository/org/jboss/deployers/jboss-deployers-core-spi/2.2.0.GA/jboss-deployers-core-spi-2.2.0.GA.jar:/home/mnyeste/.m2/repository/org/jboss/deployers/jboss-deployers-impl/2.2.0.GA/jboss-deployers-impl-2.2.0.GA.jar:/home/mnyeste/.m2/repository/org/jboss/mx/jboss-jmx/6.0.0.GA/jboss-jmx-6.0.0.GA.jar:/home/mnyeste/.m2/repository/org/jboss/mx/jboss-mbeans/6.0.0.GA/jboss-mbeans-6.0.0.GA.jar:/home/mnyeste/.m2/repository/org/jboss/mx/jboss-jmx-annotations/6.0.0.GA/jboss-jmx-annotations-6.0.0.GA.jar:/home/mnyeste/.m2/repository/org/jboss/kernel/jboss-dependency/2.2.0.GA/jboss-dependency-2.2.0.GA.jar:/home/mnyeste/.m2/repository/org/jboss/kernel/jboss-jmx-mc-int/2.2.0.GA/jboss-jmx-mc-int-2.2.0.GA.jar:/home/mnyeste/.m2/repository/org/jboss/mx/jboss-mbeanserver/6.0.0.GA/jboss-mbeanserver-6.0.0.GA.jar:/home/mnyeste/.m2/repository/org/jboss/deployers/jboss-deployers-jmx/2.2.0.GA/jboss-deployers-jmx-2.2.0.GA.jar:/home/mnyeste/.m2/repository/org/jboss/jbossas/jboss-as-system/6.0.0.Final/jboss-as-system-6.0.0.Final.jar:/home/mnyeste/.m2/repository/org/jboss/aop/jboss-aop/2.2.1.GA/jboss-aop-2.2.1.GA.jar:/home/mnyeste/.m2/repository/org/jboss/classpool/jboss-classpool-scoped/1.0.0.Alpha6/jboss-classpool-scoped-1.0.0.Alpha6.jar:/home/mnyeste/.m2/repository/org/jboss/classpool/jboss-classpool/1.0.0.Alpha6/jboss-classpool-1.0.0.Alpha6.jar:/home/mnyeste/.m2/repository/qdox/qdox/1.6.1/qdox-1.6.1.jar:/home/mnyeste/.m2/repository/trove/trove/1.0.2/trove-1.0.2.jar:/home/mnyeste/.m2/repository/org/jboss/aop/jboss-aop-deployers/2.2.1.GA/jboss-aop-deployers-2.2.1.GA.jar:/home/mnyeste/.m2/repository/org/jboss/aop/jboss-aop-asintegration-mc/2.2.1.GA/jboss-aop-asintegration-mc-2.2.1.GA.jar:/home/mnyeste/.m2/repository/org/jboss/classpool/jboss-classpool-jbosscl/1.0.0.Alpha6/jboss-classpool-jbosscl-1.0.0.Alpha6.jar:/home/mnyeste/.m2/repository/org/jboss/aop/pluggable-instrumentor/2.2.1.GA/pluggable-instrumentor-2.2.1.GA.jar:/home/mnyeste/.m2/repository/org/jboss/aop/jboss-aop-asintegration-core/2.2.1.GA/jboss-aop-asintegration-core-2.2.1.GA.jar:/home/mnyeste/.m2/repository/org/jboss/test/jboss-test/1.1.7.CR2/jboss-test-1.1.7.CR2.jar:/home/mnyeste/.m2/repository/org/jboss/logging/jboss-logging-log4j/2.1.0.GA/jboss-logging-log4j-2.1.0.GA.jar:/home/mnyeste/.m2/repository/jboss/profiler/jvmti/jboss-profiler-jvmti/1.0.0.CR5/jboss-profiler-jvmti-1.0.0.CR5.jar:/home/mnyeste/.m2/repository/org/jboss/jbossas/jboss-server-manager/1.0.3.GA/jboss-server-manager-1.0.3.GA.jar:/home/mnyeste/.m2/repository/org/jboss/security/jbosssx-client/2.0.4.SP2/jbosssx-client-2.0.4.SP2.jar:/home/mnyeste/.m2/repository/org/jboss/security/jboss-security-spi/2.0.4.SP2/jboss-security-spi-2.0.4.SP2.jar:/home/mnyeste/.m2/repository/org/jboss/man/jboss-managed/2.1.1.SP2/jboss-managed-2.1.1.SP2.jar:/home/mnyeste/.m2/repository/org/jboss/man/jboss-metatype/2.1.1.SP2/jboss-metatype-2.1.1.SP2.jar:/home/mnyeste/.m2/repository/org/jboss/deployers/jboss-deployers-client-spi/2.2.0.GA/jboss-deployers-client-spi-2.2.0.GA.jar:/home/mnyeste/.m2/repository/org/jboss/kernel/jboss-aop-mc-int/2.2.0.GA/jboss-aop-mc-int-2.2.0.GA.jar:/home/mnyeste/.m2/repository/org/jboss/profileservice/jboss-profileservice-core/0.2.2/jboss-profileservice-core-0.2.2.jar:/home/mnyeste/.m2/repository/org/jboss/profileservice/jboss-profileservice-domain/0.2.2/jboss-profileservice-domain-0.2.2.jar:/home/mnyeste/.m2/repository/org/jboss/profileservice/jboss-profileservice-persistence/0.2.2/jboss-profileservice-persistence-0.2.2.jar:/home/mnyeste/.m2/repository/org/jboss/profileservice/jboss-profileservice-spi/0.2.2/jboss-profileservice-spi-0.2.2.jar:/home/mnyeste/.m2/repository/org/picketbox/picketbox-bare/3.0.0.CR2/picketbox-bare-3.0.0.CR2.jar:/home/mnyeste/.m2/repository/org/picketbox/identity-spi/3.0.0.CR2/identity-spi-3.0.0.CR2.jar:/home/mnyeste/.m2/repository/org/picketbox/authorization-spi/3.0.0.CR2/authorization-spi-3.0.0.CR2.jar:/home/mnyeste/.m2/repository/org/picketbox/acl-spi/3.0.0.CR2/acl-spi-3.0.0.CR2.jar:/home/mnyeste/.m2/repository/org/picketbox/jbosssx-bare/3.0.0.CR2/jbosssx-bare-3.0.0.CR2.jar:/home/mnyeste/.m2/repository/org/picketbox/picketbox-acl-impl/3.0.0.CR2/picketbox-acl-impl-3.0.0.CR2.jar:/home/mnyeste/.m2/repository/org/picketbox/picketbox-identity-impl/3.0.0.CR2/picketbox-identity-impl-3.0.0.CR2.jar:/home/mnyeste/.m2/repository/org/picketbox/picketbox-spi-bare/3.0.0.CR2/picketbox-spi-bare-3.0.0.CR2.jar:/home/mnyeste/.m2/repository/org/jboss/spec/javax/ejb/jboss-ejb-api_3.1_spec/1.0.0.Final/jboss-ejb-api_3.1_spec-1.0.0.Final.jar:/home/mnyeste/.m2/repository/org/jboss/spec/javax/transaction/jboss-transaction-api_1.1_spec/1.0.0.Beta1/jboss-transaction-api_1.1_spec-1.0.0.Beta1.jar:/home/mnyeste/.m2/repository/javax/xml/jaxrpc-api/1.1/jaxrpc-api-1.1.jar:/home/mnyeste/.m2/repository/javax/xml/soap/saaj-api/1.3/saaj-api-1.3.jar:/home/mnyeste/.m2/repository/org/jboss/spec/javax/interceptor/jboss-interceptors-api_1.1_spec/1.0.0.Final/jboss-interceptors-api_1.1_spec-1.0.0.Final.jar:/home/mnyeste/.m2/repository/org/jboss/spec/javax/servlet/jsp/jboss-jsp-api_2.2_spec/1.0.0.Final/jboss-jsp-api_2.2_spec-1.0.0.Final.jar:/home/mnyeste/.m2/repository/org/jboss/spec/javax/el/jboss-el-api_2.2_spec/1.0.0.Final/jboss-el-api_2.2_spec-1.0.0.Final.jar:/home/mnyeste/.m2/repository/org/jboss/spec/javax/annotation/jboss-annotations-api_1.1_spec/1.0.0.Final/jboss-annotations-api_1.1_spec-1.0.0.Final.jar:/home/mnyeste/.m2/repository/org/jboss/switchboard/jboss-switchboard-spi/1.0.0-alpha-15/jboss-switchboard-spi-1.0.0-alpha-15.jar:/home/mnyeste/.m2/repository/org/jboss/switchboard/jboss-switchboard-mc-spi/1.0.0-alpha-15/jboss-switchboard-mc-spi-1.0.0-alpha-15.jar:/home/mnyeste/.m2/repository/org/jboss/switchboard/jboss-switchboard-javaee/1.0.0-alpha-15/jboss-switchboard-javaee-1.0.0-alpha-15.jar:/home/mnyeste/.m2/repository/org/jboss/switchboard/jboss-switchboard-impl/1.0.0-alpha-15/jboss-switchboard-impl-1.0.0-alpha-15.jar:/home/mnyeste/.m2/repository/org/jboss/mx/jboss-j2se/6.0.0.GA/jboss-j2se-6.0.0.GA.jar:/home/mnyeste/.m2/repository/org/jboss/integration/jboss-classloading-spi/6.0.0.CR1/jboss-classloading-spi-6.0.0.CR1.jar:/home/mnyeste/.m2/repository/org/jboss/jbossas/jboss-as-security/6.0.0.Final/jboss-as-security-6.0.0.Final.jar:/home/mnyeste/.m2/repository/javassist/javassist/3.12.1.GA/javassist-3.12.1.GA.jar:/home/mnyeste/.m2/repository/org/jboss/spec/javax/security/auth/message/jboss-jaspi-api_1.0_spec/1.0.0.Final/jboss-jaspi-api_1.0_spec-1.0.0.Final.jar:/home/mnyeste/.m2/repository/org/jboss/security/jbossxacml/2.0.5.CR1/jbossxacml-2.0.5.CR1.jar:/home/mnyeste/.m2/repository/org/apache/xmlsec/1.4.3/xmlsec-1.4.3.jar:/home/mnyeste/.m2/repository/org/jboss/integration/jboss-transaction-spi/6.0.0.CR1/jboss-transaction-spi-6.0.0.CR1.jar:/home/mnyeste/.m2/repository/org/jboss/spec/javax/security/jacc/jboss-jacc-api_1.4_spec/1.0.0.Final/jboss-jacc-api_1.4_spec-1.0.0.Final.jar:/home/mnyeste/.m2/repository/org/jboss/spec/javax/jms/jboss-jms-api_1.1_spec/1.0.0.Final/jboss-jms-api_1.1_spec-1.0.0.Final.jar:/home/mnyeste/.m2/repository/org/jboss/spec/javax/xml/soap/jboss-saaj-api_1.3_spec/1.0.0.Final/jboss-saaj-api_1.3_spec-1.0.0.Final.jar:/home/mnyeste/.m2/repository/org/jboss/spec/javax/xml/bind/jboss-jaxb-api_2.2_spec/1.0.0.Final/jboss-jaxb-api_2.2_spec-1.0.0.Final.jar:/home/mnyeste/.m2/repository/org/jboss/spec/javax/xml/ws/jboss-jaxws-api_2.2_spec/1.0.0.Final/jboss-jaxws-api_2.2_spec-1.0.0.Final.jar:/home/mnyeste/.m2/repository/org/jboss/spec/javax/xml/rpc/jboss-jaxrpc-api_1.1_spec/1.0.0.Final/jboss-jaxrpc-api_1.1_spec-1.0.0.Final.jar:/home/mnyeste/.m2/repository/org/jboss/naming/jnp-client/5.0.5.Final/jnp-client-5.0.5.Final.jar:/home/mnyeste/.m2/repository/org/jboss/spec/javax/resource/jboss-connector-api_1.5_spec/1.0.0.Final/jboss-connector-api_1.5_spec-1.0.0.Final.jar:/home/mnyeste/.m2/repository/org/picketbox/jbosssx-client/3.0.0.CR2/jbosssx-client-3.0.0.CR2.jar:/home/mnyeste/.m2/repository/bcel/bcel/5.1/bcel-5.1.jar:/home/mnyeste/.m2/repository/regexp/regexp/1.2/regexp-1.2.jar:/home/mnyeste/.m2/repository/oswego-concurrent/concurrent/1.3.4-jboss-update1/concurrent-1.3.4-jboss-update1.jar:/home/mnyeste/.m2/repository/org/jboss/remoting/jboss-remoting/2.5.3/jboss-remoting-2.5.3.jar:/home/mnyeste/.m2/repository/org/jboss/jbossxb/2.0.3.GA/jbossxb-2.0.3.GA.jar:/home/mnyeste/.m2/repository/org/jboss/jboss-reflect/2.0.2.GA/jboss-reflect-2.0.2.GA.jar:/home/mnyeste/.m2/repository/com/wutka/dtdparser/1.21/dtdparser-1.21.jar:/home/mnyeste/.m2/repository/javax/activation/activation/1.1.1/activation-1.1.1.jar:/home/mnyeste/.m2/repository/org/jboss/naming/jnpserver/5.0.5.Final/jnpserver-5.0.5.Final.jar:/home/mnyeste/.m2/repository/gnu-getopt/getopt/1.0.12-brew/getopt-1.0.12-brew.jar:/home/mnyeste/.m2/repository/org/jboss/service/binding/jboss-service-binding-core/1.2.0.Final/jboss-service-binding-core-1.2.0.Final.jar:/home/mnyeste/.m2/repository/org/jboss/service/binding/jboss-service-binding-mgmt/1.2.0.Final/jboss-service-binding-mgmt-1.2.0.Final.jar:/home/mnyeste/.m2/repository/org/jboss/scanning/scanning-plugins/1.0.0.GA/scanning-plugins-1.0.0.GA.jar:/home/mnyeste/.m2/repository/org/jboss/scanning/scanning-spi/1.0.0.GA/scanning-spi-1.0.0.GA.jar:/home/mnyeste/.m2/repository/org/jboss/scanning/scanning-impl/1.0.0.GA/scanning-impl-1.0.0.GA.jar:/home/mnyeste/.m2/repository/org/jboss/scanning/scanning-deployers/1.0.0.GA/scanning-deployers-1.0.0.GA.jar:/home/mnyeste/.m2/repository/org/jboss/netty/netty/3.2.1.Final/netty-3.2.1.Final.jar:/home/mnyeste/.m2/repository/org/hornetq/hornetq-core/2.1.2.Final/hornetq-core-2.1.2.Final.jar:/home/mnyeste/.m2/repository/org/hornetq/hornetq-jms/2.1.2.Final/hornetq-jms-2.1.2.Final.jar:/home/mnyeste/.m2/repository/log4j/log4j/1.2.16/log4j-1.2.16.jar:/home/mnyeste/.m2/repository/org/apache/xmlbeans/xmlbeans/2.5.0/xmlbeans-2.5.0.jar:/home/mnyeste/.m2/repository/postgresql/postgresql/8.4-701.jdbc4/postgresql-8.4-701.jdbc4.jar:/home/mnyeste/.m2/repository/commons-net/commons-net/2.0/commons-net-2.0.jar:/home/mnyeste/.m2/repository/junit/junit/4.8.2/junit-4.8.2.jar:/home/mnyeste/.m2/repository/com/baxter/common/2.0.8/common-2.0.8.jar:/home/mnyeste/.m2/repository/altovaEBS/altovaEBS/1.0/altovaEBS-1.0.jar:/home/mnyeste/.m2/repository/javax/mail/mail/1.4/mail-1.4.jar:/home/mnyeste/.m2/repository/ice/ice/1/ice-1.jar:/home/mnyeste/.m2/repository/ibm/decimal/1/decimal-1.jar:/home/mnyeste/.m2/repository/org/apache/ws/commons/axiom/axiom-api/1.2.5/axiom-api-1.2.5.jar:/home/mnyeste/.m2/repository/commons-logging/commons-logging/1.0.4/commons-logging-1.0.4.jar:/home/mnyeste/.m2/repository/jaxen/jaxen/1.1-beta-9/jaxen-1.1-beta-9.jar:/home/mnyeste/.m2/repository/xml-apis/xml-apis/1.3.03/xml-apis-1.3.03.jar:/home/mnyeste/.m2/repository/stax/stax-api/1.0.1/stax-api-1.0.1.jar:/home/mnyeste/.m2/repository/org/jdom/jdom/1.1/jdom-1.1.jar:/home/mnyeste/.m2/repository/genius/genius/2009.10.02/genius-2009.10.02.jar:/home/mnyeste/.m2/repository/grizzly/grizzly/1.0/grizzly-1.0.jar:/home/mnyeste/.m2/repository/javax/persistence/persistence-api/1.0/persistence-api-1.0.jar:/home/mnyeste/.m2/repository/ejb3/api/ejb-3_0-api/1/ejb-3_0-api-1.jar:/home/mnyeste/.m2/repository/hit/tplus/1/tplus-1.jar:/home/mnyeste/.m2/repository/hit/tplus-common/1/tplus-common-1.jar:/home/mnyeste/.m2/repository/hit/fxplus/1/fxplus-1.jar:/home/mnyeste/.m2/repository/hit/apiconfig/1/apiconfig-1.jar:/home/mnyeste/.m2/repository/avalon/avalon-framework/4.1.4/avalon-framework-4.1.4.jar:/home/mnyeste/.m2/repository/hit/ratesapi/2008.05.30/ratesapi-2008.05.30.jar:/home/mnyeste/.m2/repository/com/baxter/anchorage/anchorageStp/2009.03.19/anchorageStp-2009.03.19.jar:/home/mnyeste/.m2/repository/tibco/tibrvj/1/tibrvj-1.jar:/home/mnyeste/.m2/repository/openamq/openamq-jms-1.2c1/1.2c1/openamq-jms-1.2c1-1.2c1.jar:/home/mnyeste/.m2/repository/axis/axis/1.4/axis-1.4.jar:/home/mnyeste/.m2/repository/org/apache/axis/axis-jaxrpc/1.4/axis-jaxrpc-1.4.jar:/home/mnyeste/.m2/repository/org/apache/axis/axis-saaj/1.4/axis-saaj-1.4.jar:/home/mnyeste/.m2/repository/axis/axis-wsdl4j/1.5.1/axis-wsdl4j-1.5.1.jar:/home/mnyeste/.m2/repository/commons-discovery/commons-discovery/0.2/commons-discovery-0.2.jar:/home/mnyeste/.m2/repository/org/apache/axis2/axis2-adb/1.3/axis2-adb-1.3.jar:/home/mnyeste/.m2/repository/org/apache/axis2/axis2-kernel/1.3/axis2-kernel-1.3.jar:/home/mnyeste/.m2/repository/javax/servlet/servlet-api/2.3/servlet-api-2.3.jar:/home/mnyeste/.m2/repository/commons-httpclient/commons-httpclient/3.0.1/commons-httpclient-3.0.1.jar:/home/mnyeste/.m2/repository/commons-codec/commons-codec/1.2/commons-codec-1.2.jar:/home/mnyeste/.m2/repository/commons-fileupload/commons-fileupload/1.1.1/commons-fileupload-1.1.1.jar:/home/mnyeste/.m2/repository/org/apache/httpcomponents/httpcore/4.0-alpha5/httpcore-4.0-alpha5.jar:/home/mnyeste/.m2/repository/org/apache/httpcomponents/httpcore-nio/4.0-alpha5/httpcore-nio-4.0-alpha5.jar:/home/mnyeste/.m2/repository/wsdl4j/wsdl4j/1.6.2/wsdl4j-1.6.2.jar:/home/mnyeste/.m2/repository/backport-util-concurrent/backport-util-concurrent/2.2/backport-util-concurrent-2.2.jar:/home/mnyeste/.m2/repository/org/apache/ws/commons/schema/XmlSchema/1.3.2/XmlSchema-1.3.2.jar:/home/mnyeste/.m2/repository/org/apache/neethi/neethi/2.0.2/neethi-2.0.2.jar:/home/mnyeste/.m2/repository/org/apache/woden/woden/1.0-incubating-M7b/woden-1.0-incubating-M7b.jar:/home/mnyeste/.m2/repository/xerces/xmlParserAPIs/2.6.0/xmlParserAPIs-2.6.0.jar:/home/mnyeste/.m2/repository/annogen/annogen/0.1.0/annogen-0.1.0.jar:/home/mnyeste/.m2/repository/org/apache/geronimo/specs/geronimo-jms_1.1_spec/1.1/geronimo-jms_1.1_spec-1.1.jar:/home/mnyeste/.m2/repository/org/apache/httpcomponents/httpcore-niossl/4.0-alpha5/httpcore-niossl-4.0-alpha5.jar:/home/mnyeste/.m2/repository/org/apache/geronimo/specs/geronimo-activation_1.1_spec/1.0-M1/geronimo-activation_1.1_spec-1.0-M1.jar:/home/mnyeste/.m2/repository/org/apache/ws/commons/axiom/axiom-impl/1.2.5/axiom-impl-1.2.5.jar:/home/mnyeste/.m2/repository/org/apache/ws/commons/axiom/axiom-dom/1.2.5/axiom-dom-1.2.5.jar:/home/mnyeste/.m2/repository/xalan/xalan/2.7.0/xalan-2.7.0.jar:/home/mnyeste/.m2/repository/org/codehaus/woodstox/wstx-asl/3.2.1/wstx-asl-3.2.1.jar:/home/mnyeste/.m2/repository/xerces/xercesImpl/2.8.1/xercesImpl-2.8.1.jar:/home/mnyeste/.m2/repository/commons-io/commons-io/1.2/commons-io-1.2.jar:/home/mnyeste/.m2/repository/tbc/core/jpmfxapi-core-if-1.13.9/1/jpmfxapi-core-if-1.13.9-1.jar:/home/mnyeste/.m2/repository/org/apache/excalibur/excalibur-bzip2-1.0a/1/excalibur-bzip2-1.0a-1.jar:/home/mnyeste/.m2/repository/oracle/jdbc/ojdbc14/1.4/ojdbc14-1.4.jar:/home/mnyeste/.m2/repository/swiftmq/swiftmq/2/swiftmq-2.jar:/home/mnyeste/.m2/repository/com/baxter/anchorage/abos-client-stubs/1/abos-client-stubs-1.jar:/home/mnyeste/.m2/repository/dcpk/dcpk/1/dcpk-1.jar:/home/mnyeste/.m2/repository/hotspot/hotspot/1/hotspot-1.jar:/home/mnyeste/.m2/repository/hit/b2bspot/b2b_spot_classes/1/b2b_spot_classes-1.jar:/home/mnyeste/.m2/repository/phillip/phillip/1/phillip-1.jar:/home/mnyeste/.m2/repository/fxall/FXAllSTP/1/FXAllSTP-1.jar:/home/mnyeste/.m2/repository/fxall/rtm/fxallrtm_Client/1/fxallrtm_Client-1.jar:/home/mnyeste/.m2/repository/doc/fx-client/1/fx-client-1.jar:/home/mnyeste/.m2/repository/doc/client/client/1/client-1.jar:/home/mnyeste/.m2/repository/doc/core/core/1/core-1.jar:/home/mnyeste/.m2/repository/doc/model/client-model/1/client-model-1.jar:/home/mnyeste/.m2/repository/ostermiller/utils/ostermillerutils_1_07_00/1.07/ostermillerutils_1_07_00-1.07.jar:/home/mnyeste/.m2/repository/currenex/CurrenexStp/1/CurrenexStp-1.jar:/home/mnyeste/.m2/repository/com/toedter/jcalendar/1.1.4/jcalendar-1.1.4.jar:/home/mnyeste/.m2/repository/borland/jbcl/jbcl/1/jbcl-1.jar:/home/mnyeste/.m2/repository/sugar/sugarSoap/1/sugarSoap-1.jar:/home/mnyeste/.m2/repository/jfreechart/jfreechart-1.0.13/1.0.13/jfreechart-1.0.13-1.0.13.jar:/home/mnyeste/.m2/repository/ich/ClientSDK/1/ClientSDK-1.jar:/home/mnyeste/.m2/repository/argon/argonclient/1/argonclient-1.jar:/home/mnyeste/.m2/repository/traiana/traiana/1/traiana-1.jar:/home/mnyeste/.m2/repository/drools/drools-api-5.0.1/5.0.1/drools-api-5.0.1-5.0.1.jar:/home/mnyeste/.m2/repository/drools/drools-core-5.0.1/5.0.1/drools-core-5.0.1-5.0.1.jar:/home/mnyeste/.m2/repository/jfree/jcommon/1.0.15/jcommon-1.0.15.jar:/home/mnyeste/.m2/repository/com/incors/kunstoff-laf/2.0.2/kunstoff-laf-2.0.2.jar:/home/mnyeste/.m2/repository/org/hibernate/hibernate/3.1.3/hibernate-3.1.3.jar:/home/mnyeste/.m2/repository/ehcache/ehcache/1.1/ehcache-1.1.jar:/home/mnyeste/.m2/repository/cglib/cglib/2.1_3/cglib-2.1_3.jar:/home/mnyeste/.m2/repository/asm/asm/1.5.3/asm-1.5.3.jar:/home/mnyeste/.m2/repository/asm/asm-attrs/1.5.3/asm-attrs-1.5.3.jar:/home/mnyeste/.m2/repository/javax/transaction/jta/1.1/jta-1.1.jar:, java.io.tmpdir=/tmp, java.vendor.url.bug=http://java.sun.com/cgi-bin/bugreport.cgi, os.arch=i386, java.awt.graphicsenv=sun.awt.X11GraphicsEnvironment, java.ext.dirs=/opt/jdk1.6.0_25/jre/lib/ext:/usr/java/packages/lib/ext, user.dir=/home/mnyeste/workspaces/cd/cdv2, line.separator=
, java.vm.name=Java HotSpot(TM) Client VM, basedir=/home/mnyeste/workspaces/cd/cdv2, cache.provider_class=org.hibernate.cache.NoCacheProvider, file.encoding=UTF-8, java.specification.version=1.6, hibernate.show_sql=false, hibernate.c3p0.max_statements=5}
[2011-05-31 10:16:04,945][DEBUG] - Preparing to build session factory with filters : {}
[2011-05-31 10:16:04,945][TRACE] - Starting secondPassCompile() processing
[2011-05-31 10:16:05,063][DEBUG] - Processing hbm.xml files
[2011-05-31 10:16:05,063][DEBUG] - Process annotated classes
</system-out>
    <system-err>Converted relativePath: /conf/JUnit.ini to: /home/mnyeste/workspaces/cd/cdv2/target/test-classes/conf/JUnit.ini
cinitInifile: /home/mnyeste/workspaces/cd/cdv2/target/test-classes/conf/JUnit.ini
Converted relativePath: /conf/log4j.xml to: /home/mnyeste/workspaces/cd/cdv2/target/test-classes/conf/log4j.xml
Converted relativePath: /conf/dbJunit.ini to: /home/mnyeste/workspaces/cd/cdv2/target/test-classes/conf/dbJunit.ini
dbIniFile: /home/mnyeste/workspaces/cd/cdv2/target/test-classes/conf/dbJunit.ini
</system-err>
  </testcase>
</testsuite>