<?xml version="1.0" encoding="UTF-8" ?>
<testsuite failures="3" time="0.104" errors="0" skipped="0" tests="8" name="com.baxter.cdtradesupervisor.TestUserSession">
  <properties>
    <property name="java.runtime.name" value="Java(TM) SE Runtime Environment"/>
    <property name="sun.boot.library.path" value="/home/cddev/.qa/jdk1.6.0_24/jre/lib/amd64"/>
    <property name="java.vm.version" value="19.1-b02"/>
    <property name="java.vm.vendor" value="Sun Microsystems Inc."/>
    <property name="java.vendor.url" value="http://java.sun.com/"/>
    <property name="path.separator" value=":"/>
    <property name="java.vm.name" value="Java HotSpot(TM) 64-Bit Server VM"/>
    <property name="file.encoding.pkg" value="sun.io"/>
    <property name="user.country" value="US"/>
    <property name="sun.java.launcher" value="SUN_STANDARD"/>
    <property name="sun.os.patch.level" value="unknown"/>
    <property name="java.vm.specification.name" value="Java Virtual Machine Specification"/>
    <property name="user.dir" value="/home/cddev/.qa/jenkins/workspace/currency-dealing"/>
    <property name="java.runtime.version" value="1.6.0_24-b07"/>
    <property name="java.awt.graphicsenv" value="sun.awt.X11GraphicsEnvironment"/>
    <property name="basedir" value="/home/cddev/.qa/jenkins/workspace/currency-dealing"/>
    <property name="java.endorsed.dirs" value="/home/cddev/.qa/jdk1.6.0_24/jre/lib/endorsed"/>
    <property name="os.arch" value="amd64"/>
    <property name="java.io.tmpdir" value="/tmp"/>
    <property name="line.separator" value="
"/>
    <property name="java.vm.specification.vendor" value="Sun Microsystems Inc."/>
    <property name="os.name" value="Linux"/>
    <property name="sun.jnu.encoding" value="UTF-8"/>
    <property name="java.library.path" value="/home/cddev/.qa/jdk1.6.0_24/jre/lib/amd64/server:/home/cddev/.qa/jdk1.6.0_24/jre/lib/amd64:/home/cddev/.qa/jdk1.6.0_24/jre/../lib/amd64:/home/cddev/.qa/jenkins/jdk/jre/lib/amd64/server:/home/cddev/.qa/jenkins/jdk/jre/lib/amd64:/home/cddev/.qa/jenkins/jdk/jre/../lib/amd64:/usr/java/packages/lib/amd64:/usr/lib64:/lib64:/lib:/usr/lib"/>
    <property name="surefire.test.class.path" value="/home/cddev/.qa/jenkins/workspace/currency-dealing/target/test-classes:/home/cddev/.qa/jenkins/workspace/currency-dealing/target/classes:/home/cddev/.m2/repository/org/jgroups/jgroups/2.6.20.Final/jgroups-2.6.20.Final.jar:/home/cddev/.m2/repository/com/adobe/blazeds/blazeds-core/3.2.0.3978/blazeds-core-3.2.0.3978.jar:/home/cddev/.m2/repository/backport-util-concurrent/backport-util-concurrent/3.1/backport-util-concurrent-3.1.jar:/home/cddev/.m2/repository/com/adobe/blazeds/blazeds-common/3.2.0.3978/blazeds-common-3.2.0.3978.jar:/home/cddev/.m2/repository/com/anchorage/abos-client-proxy/2.2.8.0/abos-client-proxy-2.2.8.0.jar:/home/cddev/.m2/repository/com/anchorage/abos-client-stubs/2.2.8.0/abos-client-stubs-2.2.8.0.jar:/home/cddev/.m2/repository/com/anchorage/abos-common-stubs/2.2.8.0/abos-common-stubs-2.2.8.0.jar:/home/cddev/.m2/repository/com/anchorage/abos-model/2.2.8.0/abos-model-2.2.8.0.jar:/home/cddev/.m2/repository/com/anchorage/abos-model-stubs/2.2.8.0/abos-model-stubs-2.2.8.0.jar:/home/cddev/.m2/repository/com/anchorage/abos-notification-dto/2.2.8.0/abos-notification-dto-2.2.8.0.jar:/home/cddev/.m2/repository/com/anchorage/abos-notification-manager/2.2.8.0/abos-notification-manager-2.2.8.0.jar:/home/cddev/.m2/repository/com/anchorage/abos-notification-manager-spi/2.2.8.0/abos-notification-manager-spi-2.2.8.0.jar:/home/cddev/.m2/repository/com/anchorage/abos-portfolio-stubs/2.2.8.0/abos-portfolio-stubs-2.2.8.0.jar:/home/cddev/.m2/repository/com/anchorage/abos-rate-sanitiser/2.2.8.0/abos-rate-sanitiser-2.2.8.0.jar:/home/cddev/.m2/repository/com/anchorage/abos-utilities/2.2.8.0/abos-utilities-2.2.8.0.jar:/home/cddev/.m2/repository/org/apache/mina/mina-core/1.1.7/mina-core-1.1.7.jar:/home/cddev/.m2/repository/org/slf4j/slf4j-api/1.6.1/slf4j-api-1.6.1.jar:/home/cddev/.m2/repository/org/slf4j/slf4j-log4j12/1.6.1/slf4j-log4j12-1.6.1.jar:/home/cddev/.m2/repository/org/quickfixj/quickfixj-all/1.4.0/quickfixj-all-1.4.0.jar:/home/cddev/.m2/repository/com/baxter/algoEngine/1.13/algoEngine-1.13.jar:/home/cddev/.m2/repository/org/apache/ant/ant-jsch/1.7.1/ant-jsch-1.7.1.jar:/home/cddev/.m2/repository/org/apache/ant/ant/1.7.1/ant-1.7.1.jar:/home/cddev/.m2/repository/org/apache/ant/ant-launcher/1.7.1/ant-launcher-1.7.1.jar:/home/cddev/.m2/repository/com/jcraft/jsch/0.1.29/jsch-0.1.29.jar:/home/cddev/.m2/repository/com/baxter/toAnt/1.0/toAnt-1.0.jar:/home/cddev/.m2/repository/org/apache/ivy/ivy/2.1.0/ivy-2.1.0.jar:/home/cddev/.m2/repository/org/hibernate/hibernate-core/3.6.0.Final/hibernate-core-3.6.0.Final.jar:/home/cddev/.m2/repository/antlr/antlr/2.7.6/antlr-2.7.6.jar:/home/cddev/.m2/repository/commons-collections/commons-collections/3.1/commons-collections-3.1.jar:/home/cddev/.m2/repository/dom4j/dom4j/1.6.1/dom4j-1.6.1.jar:/home/cddev/.m2/repository/org/hibernate/hibernate-commons-annotations/3.2.0.Final/hibernate-commons-annotations-3.2.0.Final.jar:/home/cddev/.m2/repository/org/hibernate/javax/persistence/hibernate-jpa-2.0-api/1.0.0.Final/hibernate-jpa-2.0-api-1.0.0.Final.jar:/home/cddev/.m2/repository/org/hibernate/hibernate-annotations/3.5.6-Final/hibernate-annotations-3.5.6-Final.jar:/home/cddev/.m2/repository/org/hibernate/hibernate-validator/3.1.0.GA/hibernate-validator-3.1.0.GA.jar:/home/cddev/.m2/repository/org/jboss/spec/javax/servlet/jboss-servlet-api_3.0_spec/1.0.0.Final/jboss-servlet-api_3.0_spec-1.0.0.Final.jar:/home/cddev/.m2/repository/org/jboss/jbossas/jboss-as-server/6.0.0.Final/jboss-as-server-6.0.0.Final.jar:/home/cddev/.m2/repository/jboss/jboss-serialization/1.0.3.GA/jboss-serialization-1.0.3.GA.jar:/home/cddev/.m2/repository/org/jboss/jbossas/jboss-as-deployment/6.0.0.Final/jboss-as-deployment-6.0.0.Final.jar:/home/cddev/.m2/repository/org/jboss/spec/javax/enterprise/deploy/jboss-jad-api_1.2_spec/1.0.0.Final/jboss-jad-api_1.2_spec-1.0.0.Final.jar:/home/cddev/.m2/repository/org/picketbox/jboss-security-spi/3.0.0.CR2/jboss-security-spi-3.0.0.CR2.jar:/home/cddev/.m2/repository/org/jboss/bootstrap/jboss-bootstrap-spi-as/2.1.0-alpha-5/jboss-bootstrap-spi-as-2.1.0-alpha-5.jar:/home/cddev/.m2/repository/org/jboss/bootstrap/jboss-bootstrap-spi-mc/2.1.0-alpha-5/jboss-bootstrap-spi-mc-2.1.0-alpha-5.jar:/home/cddev/.m2/repository/org/jboss/bootstrap/jboss-bootstrap-spi/2.1.0-alpha-5/jboss-bootstrap-spi-2.1.0-alpha-5.jar:/home/cddev/.m2/repository/org/jboss/bootstrap/jboss-bootstrap-api-mc/2.1.0-alpha-5/jboss-bootstrap-api-mc-2.1.0-alpha-5.jar:/home/cddev/.m2/repository/org/jboss/bootstrap/jboss-bootstrap-api-as/2.1.0-alpha-5/jboss-bootstrap-api-as-2.1.0-alpha-5.jar:/home/cddev/.m2/repository/org/jboss/bootstrap/jboss-bootstrap-api/2.1.0-alpha-5/jboss-bootstrap-api-2.1.0-alpha-5.jar:/home/cddev/.m2/repository/org/jboss/ejb3/ejbref/resolver/ejbref-resolver-spi/1.0.0-alpha-4/ejbref-resolver-spi-1.0.0-alpha-4.jar:/home/cddev/.m2/repository/org/jboss/integration/jboss-deployment-spi/6.0.0.CR1/jboss-deployment-spi-6.0.0.CR1.jar:/home/cddev/.m2/repository/org/jboss/jpa/jboss-jpa-deployers/1.0.2-alpha-3/jboss-jpa-deployers-1.0.2-alpha-3.jar:/home/cddev/.m2/repository/org/hibernate/hibernate-entitymanager/3.4.0.GA/hibernate-entitymanager-3.4.0.GA.jar:/home/cddev/.m2/repository/org/jboss/deployers/jboss-deployers-vfs/2.0.5.GA/jboss-deployers-vfs-2.0.5.GA.jar:/home/cddev/.m2/repository/org/jboss/microcontainer/jboss-kernel/2.0.4.GA/jboss-kernel-2.0.4.GA.jar:/home/cddev/.m2/repository/org/jboss/microcontainer/jboss-dependency/2.0.4.GA/jboss-dependency-2.0.4.GA.jar:/home/cddev/.m2/repository/org/jboss/cl/jboss-classloading-vfs/2.0.3.GA/jboss-classloading-vfs-2.0.3.GA.jar:/home/cddev/.m2/repository/org/jboss/deployers/jboss-deployers-core/2.0.5.GA/jboss-deployers-core-2.0.5.GA.jar:/home/cddev/.m2/repository/org/jboss/deployers/jboss-deployers-client/2.0.5.GA/jboss-deployers-client-2.0.5.GA.jar:/home/cddev/.m2/repository/org/jboss/deployers/jboss-deployers-vfs-spi/2.0.5.GA/jboss-deployers-vfs-spi-2.0.5.GA.jar:/home/cddev/.m2/repository/org/jboss/cl/jboss-classloading/2.0.3.GA/jboss-classloading-2.0.3.GA.jar:/home/cddev/.m2/repository/org/jboss/cl/jboss-classloader/2.0.3.GA/jboss-classloader-2.0.3.GA.jar:/home/cddev/.m2/repository/org/jboss/jpa/jboss-jpa-impl/1.0.0/jboss-jpa-impl-1.0.0.jar:/home/cddev/.m2/repository/org/jboss/jpa/jboss-jpa-spi/1.0.0/jboss-jpa-spi-1.0.0.jar:/home/cddev/.m2/repository/org/jboss/microcontainer/jboss-aop-mc-int/2.0.4.GA/jboss-aop-mc-int-2.0.4.GA.jar:/home/cddev/.m2/repository/org/jboss/jpa/jboss-jpa-vfs3/1.0.2-alpha-2/jboss-jpa-vfs3-1.0.2-alpha-2.jar:/home/cddev/.m2/repository/org/jboss/jboss-vfs/3.0.0.CR1/jboss-vfs-3.0.0.CR1.jar:/home/cddev/.m2/repository/org/jboss/reloaded/naming/jboss-reloaded-naming-impl/0.3.0/jboss-reloaded-naming-impl-0.3.0.jar:/home/cddev/.m2/repository/org/jboss/reloaded/naming/jboss-reloaded-naming-spi/0.3.0/jboss-reloaded-naming-spi-0.3.0.jar:/home/cddev/.m2/repository/org/jboss/reloaded/naming/jboss-reloaded-naming-deployers/0.3.0/jboss-reloaded-naming-deployers-0.3.0.jar:/home/cddev/.m2/repository/org/jboss/deployers/jboss-deployers-spi/2.2.0.Alpha1/jboss-deployers-spi-2.2.0.Alpha1.jar:/home/cddev/.m2/repository/org/jboss/mcann/mcann-core/1.0.0.Alpha1/mcann-core-1.0.0.Alpha1.jar:/home/cddev/.m2/repository/org/jboss/kernel/jboss-kernel/2.2.0.Alpha2/jboss-kernel-2.2.0.Alpha2.jar:/home/cddev/.m2/repository/javax/inject/javax.inject/1/javax.inject-1.jar:/home/cddev/.m2/repository/org/jboss/injection/jboss-injection/0.1.0-alpha-2/jboss-injection-0.1.0-alpha-2.jar:/home/cddev/.m2/repository/org/jboss/deployers/jboss-deployers-structure-spi/2.2.0.Alpha3/jboss-deployers-structure-spi-2.2.0.Alpha3.jar:/home/cddev/.m2/repository/org/jboss/jboss-mdr/2.2.0.Alpha2/jboss-mdr-2.2.0.Alpha2.jar:/home/cddev/.m2/repository/org/jboss/injection/jboss-resolver-spi/0.1.0-alpha-2/jboss-resolver-spi-0.1.0-alpha-2.jar:/home/cddev/.m2/repository/org/jboss/injection/jboss-resolver-impl/0.1.0-alpha-2/jboss-resolver-impl-0.1.0-alpha-2.jar:/home/cddev/.m2/repository/org/jboss/injection/jboss-injection-switchboard-deployer/0.1.0-alpha-2/jboss-injection-switchboard-deployer-0.1.0-alpha-2.jar:/home/cddev/.m2/repository/org/jboss/injection/jboss-switchboard-metadata/0.1.0-alpha-2/jboss-switchboard-metadata-0.1.0-alpha-2.jar:/home/cddev/.m2/repository/org/jboss/injection/jboss-injection-mc-impl/1.0.0-alpha-6/jboss-injection-mc-impl-1.0.0-alpha-6.jar:/home/cddev/.m2/repository/org/jboss/injection/jboss-injection-manager/1.0.0-alpha-6/jboss-injection-manager-1.0.0-alpha-6.jar:/home/cddev/.m2/repository/org/jboss/injection/jboss-injection-injector/1.0.0-alpha-6/jboss-injection-injector-1.0.0-alpha-6.jar:/home/cddev/.m2/repository/org/picketbox/jbosssx/3.0.0.CR2/jbosssx-3.0.0.CR2.jar:/home/cddev/.m2/repository/org/jboss/jboss-common-core/2.2.17.GA/jboss-common-core-2.2.17.GA.jar:/home/cddev/.m2/repository/org/jboss/metadata/jboss-metadata-common/2.0.0.Alpha24/jboss-metadata-common-2.0.0.Alpha24.jar:/home/cddev/.m2/repository/org/jboss/logging/jboss-logging-spi/2.2.0.CR1/jboss-logging-spi-2.2.0.CR1.jar:/home/cddev/.m2/repository/org/hibernate/ejb3-persistence/1.0.2.GA/ejb3-persistence-1.0.2.GA.jar:/home/cddev/.m2/repository/org/jboss/ws/jbossws-spi/1.4.1.CR2/jbossws-spi-1.4.1.CR2.jar:/home/cddev/.m2/repository/sun-jaxb/jaxb-api/2.1.4/jaxb-api-2.1.4.jar:/home/cddev/.m2/repository/apache-xerces/xml-apis/2.9.1/xml-apis-2.9.1.jar:/home/cddev/.m2/repository/org/jboss/metadata/jboss-metadata-client/2.0.0.Alpha2/jboss-metadata-client-2.0.0.Alpha2.jar:/home/cddev/.m2/repository/org/jboss/metadata/jboss-metadata-ear/2.0.0.Alpha4/jboss-metadata-ear-2.0.0.Alpha4.jar:/home/cddev/.m2/repository/org/jboss/metadata/jboss-metadata-ejb/2.0.0-alpha-27/jboss-metadata-ejb-2.0.0-alpha-27.jar:/home/cddev/.m2/repository/org/jboss/ejb3/jboss-ejb3-ext-api/1.1.0/jboss-ejb3-ext-api-1.1.0.jar:/home/cddev/.m2/repository/org/jboss/metadata/jboss-metadata-rar/2.0.0.Alpha/jboss-metadata-rar-2.0.0.Alpha.jar:/home/cddev/.m2/repository/org/jboss/metadata/jboss-metadata-war/2.0.0.CR1/jboss-metadata-war-2.0.0.CR1.jar:/home/cddev/.m2/repository/org/jboss/jbossas/jboss-as-system-jmx/6.0.0.Final/jboss-as-system-jmx-6.0.0.Final.jar:/home/cddev/.m2/repository/org/jboss/logging/jboss-logging/3.0.0.Beta4/jboss-logging-3.0.0.Beta4.jar:/home/cddev/.m2/repository/org/jboss/deployers/jboss-deployers-core-spi/2.2.0.GA/jboss-deployers-core-spi-2.2.0.GA.jar:/home/cddev/.m2/repository/org/jboss/deployers/jboss-deployers-impl/2.2.0.GA/jboss-deployers-impl-2.2.0.GA.jar:/home/cddev/.m2/repository/org/jboss/mx/jboss-jmx/6.0.0.GA/jboss-jmx-6.0.0.GA.jar:/home/cddev/.m2/repository/org/jboss/mx/jboss-mbeans/6.0.0.GA/jboss-mbeans-6.0.0.GA.jar:/home/cddev/.m2/repository/org/jboss/mx/jboss-jmx-annotations/6.0.0.GA/jboss-jmx-annotations-6.0.0.GA.jar:/home/cddev/.m2/repository/org/jboss/kernel/jboss-dependency/2.2.0.GA/jboss-dependency-2.2.0.GA.jar:/home/cddev/.m2/repository/org/jboss/kernel/jboss-jmx-mc-int/2.2.0.GA/jboss-jmx-mc-int-2.2.0.GA.jar:/home/cddev/.m2/repository/org/jboss/mx/jboss-mbeanserver/6.0.0.GA/jboss-mbeanserver-6.0.0.GA.jar:/home/cddev/.m2/repository/org/jboss/deployers/jboss-deployers-jmx/2.2.0.GA/jboss-deployers-jmx-2.2.0.GA.jar:/home/cddev/.m2/repository/org/jboss/jbossas/jboss-as-system/6.0.0.Final/jboss-as-system-6.0.0.Final.jar:/home/cddev/.m2/repository/org/jboss/aop/jboss-aop/2.2.1.GA/jboss-aop-2.2.1.GA.jar:/home/cddev/.m2/repository/org/jboss/classpool/jboss-classpool-scoped/1.0.0.Alpha6/jboss-classpool-scoped-1.0.0.Alpha6.jar:/home/cddev/.m2/repository/org/jboss/classpool/jboss-classpool/1.0.0.Alpha6/jboss-classpool-1.0.0.Alpha6.jar:/home/cddev/.m2/repository/qdox/qdox/1.6.1/qdox-1.6.1.jar:/home/cddev/.m2/repository/trove/trove/1.0.2/trove-1.0.2.jar:/home/cddev/.m2/repository/org/jboss/aop/jboss-aop-deployers/2.2.1.GA/jboss-aop-deployers-2.2.1.GA.jar:/home/cddev/.m2/repository/org/jboss/aop/jboss-aop-asintegration-mc/2.2.1.GA/jboss-aop-asintegration-mc-2.2.1.GA.jar:/home/cddev/.m2/repository/org/jboss/classpool/jboss-classpool-jbosscl/1.0.0.Alpha6/jboss-classpool-jbosscl-1.0.0.Alpha6.jar:/home/cddev/.m2/repository/org/jboss/aop/pluggable-instrumentor/2.2.1.GA/pluggable-instrumentor-2.2.1.GA.jar:/home/cddev/.m2/repository/org/jboss/aop/jboss-aop-asintegration-core/2.2.1.GA/jboss-aop-asintegration-core-2.2.1.GA.jar:/home/cddev/.m2/repository/org/jboss/test/jboss-test/1.1.7.CR2/jboss-test-1.1.7.CR2.jar:/home/cddev/.m2/repository/org/jboss/logging/jboss-logging-log4j/2.1.0.GA/jboss-logging-log4j-2.1.0.GA.jar:/home/cddev/.m2/repository/jboss/profiler/jvmti/jboss-profiler-jvmti/1.0.0.CR5/jboss-profiler-jvmti-1.0.0.CR5.jar:/home/cddev/.m2/repository/org/jboss/jbossas/jboss-server-manager/1.0.3.GA/jboss-server-manager-1.0.3.GA.jar:/home/cddev/.m2/repository/org/jboss/security/jbosssx-client/2.0.4.SP2/jbosssx-client-2.0.4.SP2.jar:/home/cddev/.m2/repository/org/jboss/security/jboss-security-spi/2.0.4.SP2/jboss-security-spi-2.0.4.SP2.jar:/home/cddev/.m2/repository/org/jboss/man/jboss-managed/2.1.1.SP2/jboss-managed-2.1.1.SP2.jar:/home/cddev/.m2/repository/org/jboss/man/jboss-metatype/2.1.1.SP2/jboss-metatype-2.1.1.SP2.jar:/home/cddev/.m2/repository/org/jboss/deployers/jboss-deployers-client-spi/2.2.0.GA/jboss-deployers-client-spi-2.2.0.GA.jar:/home/cddev/.m2/repository/org/jboss/kernel/jboss-aop-mc-int/2.2.0.GA/jboss-aop-mc-int-2.2.0.GA.jar:/home/cddev/.m2/repository/org/jboss/profileservice/jboss-profileservice-core/0.2.2/jboss-profileservice-core-0.2.2.jar:/home/cddev/.m2/repository/org/jboss/profileservice/jboss-profileservice-domain/0.2.2/jboss-profileservice-domain-0.2.2.jar:/home/cddev/.m2/repository/org/jboss/profileservice/jboss-profileservice-persistence/0.2.2/jboss-profileservice-persistence-0.2.2.jar:/home/cddev/.m2/repository/org/jboss/profileservice/jboss-profileservice-spi/0.2.2/jboss-profileservice-spi-0.2.2.jar:/home/cddev/.m2/repository/org/picketbox/picketbox-bare/3.0.0.CR2/picketbox-bare-3.0.0.CR2.jar:/home/cddev/.m2/repository/org/picketbox/identity-spi/3.0.0.CR2/identity-spi-3.0.0.CR2.jar:/home/cddev/.m2/repository/org/picketbox/authorization-spi/3.0.0.CR2/authorization-spi-3.0.0.CR2.jar:/home/cddev/.m2/repository/org/picketbox/acl-spi/3.0.0.CR2/acl-spi-3.0.0.CR2.jar:/home/cddev/.m2/repository/org/picketbox/jbosssx-bare/3.0.0.CR2/jbosssx-bare-3.0.0.CR2.jar:/home/cddev/.m2/repository/org/picketbox/picketbox-acl-impl/3.0.0.CR2/picketbox-acl-impl-3.0.0.CR2.jar:/home/cddev/.m2/repository/org/picketbox/picketbox-identity-impl/3.0.0.CR2/picketbox-identity-impl-3.0.0.CR2.jar:/home/cddev/.m2/repository/org/picketbox/picketbox-spi-bare/3.0.0.CR2/picketbox-spi-bare-3.0.0.CR2.jar:/home/cddev/.m2/repository/org/jboss/spec/javax/ejb/jboss-ejb-api_3.1_spec/1.0.0.Final/jboss-ejb-api_3.1_spec-1.0.0.Final.jar:/home/cddev/.m2/repository/org/jboss/spec/javax/transaction/jboss-transaction-api_1.1_spec/1.0.0.Beta1/jboss-transaction-api_1.1_spec-1.0.0.Beta1.jar:/home/cddev/.m2/repository/javax/xml/jaxrpc-api/1.1/jaxrpc-api-1.1.jar:/home/cddev/.m2/repository/javax/xml/soap/saaj-api/1.3/saaj-api-1.3.jar:/home/cddev/.m2/repository/org/jboss/spec/javax/interceptor/jboss-interceptors-api_1.1_spec/1.0.0.Final/jboss-interceptors-api_1.1_spec-1.0.0.Final.jar:/home/cddev/.m2/repository/org/jboss/spec/javax/servlet/jsp/jboss-jsp-api_2.2_spec/1.0.0.Final/jboss-jsp-api_2.2_spec-1.0.0.Final.jar:/home/cddev/.m2/repository/org/jboss/spec/javax/el/jboss-el-api_2.2_spec/1.0.0.Final/jboss-el-api_2.2_spec-1.0.0.Final.jar:/home/cddev/.m2/repository/org/jboss/spec/javax/annotation/jboss-annotations-api_1.1_spec/1.0.0.Final/jboss-annotations-api_1.1_spec-1.0.0.Final.jar:/home/cddev/.m2/repository/org/jboss/switchboard/jboss-switchboard-spi/1.0.0-alpha-15/jboss-switchboard-spi-1.0.0-alpha-15.jar:/home/cddev/.m2/repository/org/jboss/switchboard/jboss-switchboard-mc-spi/1.0.0-alpha-15/jboss-switchboard-mc-spi-1.0.0-alpha-15.jar:/home/cddev/.m2/repository/org/jboss/switchboard/jboss-switchboard-javaee/1.0.0-alpha-15/jboss-switchboard-javaee-1.0.0-alpha-15.jar:/home/cddev/.m2/repository/org/jboss/switchboard/jboss-switchboard-impl/1.0.0-alpha-15/jboss-switchboard-impl-1.0.0-alpha-15.jar:/home/cddev/.m2/repository/org/jboss/mx/jboss-j2se/6.0.0.GA/jboss-j2se-6.0.0.GA.jar:/home/cddev/.m2/repository/org/jboss/integration/jboss-classloading-spi/6.0.0.CR1/jboss-classloading-spi-6.0.0.CR1.jar:/home/cddev/.m2/repository/org/jboss/jbossas/jboss-as-security/6.0.0.Final/jboss-as-security-6.0.0.Final.jar:/home/cddev/.m2/repository/javassist/javassist/3.12.1.GA/javassist-3.12.1.GA.jar:/home/cddev/.m2/repository/org/jboss/spec/javax/security/auth/message/jboss-jaspi-api_1.0_spec/1.0.0.Final/jboss-jaspi-api_1.0_spec-1.0.0.Final.jar:/home/cddev/.m2/repository/org/jboss/security/jbossxacml/2.0.5.CR1/jbossxacml-2.0.5.CR1.jar:/home/cddev/.m2/repository/org/apache/xmlsec/1.4.3/xmlsec-1.4.3.jar:/home/cddev/.m2/repository/org/jboss/integration/jboss-transaction-spi/6.0.0.CR1/jboss-transaction-spi-6.0.0.CR1.jar:/home/cddev/.m2/repository/org/jboss/spec/javax/security/jacc/jboss-jacc-api_1.4_spec/1.0.0.Final/jboss-jacc-api_1.4_spec-1.0.0.Final.jar:/home/cddev/.m2/repository/org/jboss/spec/javax/jms/jboss-jms-api_1.1_spec/1.0.0.Final/jboss-jms-api_1.1_spec-1.0.0.Final.jar:/home/cddev/.m2/repository/org/jboss/spec/javax/xml/soap/jboss-saaj-api_1.3_spec/1.0.0.Final/jboss-saaj-api_1.3_spec-1.0.0.Final.jar:/home/cddev/.m2/repository/org/jboss/spec/javax/xml/bind/jboss-jaxb-api_2.2_spec/1.0.0.Final/jboss-jaxb-api_2.2_spec-1.0.0.Final.jar:/home/cddev/.m2/repository/org/jboss/spec/javax/xml/ws/jboss-jaxws-api_2.2_spec/1.0.0.Final/jboss-jaxws-api_2.2_spec-1.0.0.Final.jar:/home/cddev/.m2/repository/org/jboss/spec/javax/xml/rpc/jboss-jaxrpc-api_1.1_spec/1.0.0.Final/jboss-jaxrpc-api_1.1_spec-1.0.0.Final.jar:/home/cddev/.m2/repository/org/jboss/naming/jnp-client/5.0.5.Final/jnp-client-5.0.5.Final.jar:/home/cddev/.m2/repository/org/jboss/spec/javax/resource/jboss-connector-api_1.5_spec/1.0.0.Final/jboss-connector-api_1.5_spec-1.0.0.Final.jar:/home/cddev/.m2/repository/org/picketbox/jbosssx-client/3.0.0.CR2/jbosssx-client-3.0.0.CR2.jar:/home/cddev/.m2/repository/bcel/bcel/5.1/bcel-5.1.jar:/home/cddev/.m2/repository/regexp/regexp/1.2/regexp-1.2.jar:/home/cddev/.m2/repository/oswego-concurrent/concurrent/1.3.4-jboss-update1/concurrent-1.3.4-jboss-update1.jar:/home/cddev/.m2/repository/org/jboss/remoting/jboss-remoting/2.5.3/jboss-remoting-2.5.3.jar:/home/cddev/.m2/repository/org/jboss/jbossxb/2.0.3.GA/jbossxb-2.0.3.GA.jar:/home/cddev/.m2/repository/org/jboss/jboss-reflect/2.0.2.GA/jboss-reflect-2.0.2.GA.jar:/home/cddev/.m2/repository/com/wutka/dtdparser/1.21/dtdparser-1.21.jar:/home/cddev/.m2/repository/javax/activation/activation/1.1.1/activation-1.1.1.jar:/home/cddev/.m2/repository/org/jboss/naming/jnpserver/5.0.5.Final/jnpserver-5.0.5.Final.jar:/home/cddev/.m2/repository/gnu-getopt/getopt/1.0.12-brew/getopt-1.0.12-brew.jar:/home/cddev/.m2/repository/org/jboss/service/binding/jboss-service-binding-core/1.2.0.Final/jboss-service-binding-core-1.2.0.Final.jar:/home/cddev/.m2/repository/org/jboss/service/binding/jboss-service-binding-mgmt/1.2.0.Final/jboss-service-binding-mgmt-1.2.0.Final.jar:/home/cddev/.m2/repository/org/jboss/scanning/scanning-plugins/1.0.0.GA/scanning-plugins-1.0.0.GA.jar:/home/cddev/.m2/repository/org/jboss/scanning/scanning-spi/1.0.0.GA/scanning-spi-1.0.0.GA.jar:/home/cddev/.m2/repository/org/jboss/scanning/scanning-impl/1.0.0.GA/scanning-impl-1.0.0.GA.jar:/home/cddev/.m2/repository/org/jboss/scanning/scanning-deployers/1.0.0.GA/scanning-deployers-1.0.0.GA.jar:/home/cddev/.m2/repository/org/jboss/netty/netty/3.2.1.Final/netty-3.2.1.Final.jar:/home/cddev/.m2/repository/org/hornetq/hornetq-core/2.1.2.Final/hornetq-core-2.1.2.Final.jar:/home/cddev/.m2/repository/org/hornetq/hornetq-jms/2.1.2.Final/hornetq-jms-2.1.2.Final.jar:/home/cddev/.m2/repository/log4j/log4j/1.2.16/log4j-1.2.16.jar:/home/cddev/.m2/repository/org/apache/xmlbeans/xmlbeans/2.5.0/xmlbeans-2.5.0.jar:/home/cddev/.m2/repository/postgresql/postgresql/8.4-701.jdbc4/postgresql-8.4-701.jdbc4.jar:/home/cddev/.m2/repository/commons-net/commons-net/2.0/commons-net-2.0.jar:/home/cddev/.m2/repository/junit/junit/4.8.2/junit-4.8.2.jar:/home/cddev/.m2/repository/com/baxter/common/2.0.8/common-2.0.8.jar:/home/cddev/.m2/repository/altovaEBS/altovaEBS/1.0/altovaEBS-1.0.jar:/home/cddev/.m2/repository/javax/mail/mail/1.4/mail-1.4.jar:/home/cddev/.m2/repository/ice/ice/1/ice-1.jar:/home/cddev/.m2/repository/ibm/decimal/1/decimal-1.jar:/home/cddev/.m2/repository/org/apache/ws/commons/axiom/axiom-api/1.2.5/axiom-api-1.2.5.jar:/home/cddev/.m2/repository/commons-logging/commons-logging/1.0.4/commons-logging-1.0.4.jar:/home/cddev/.m2/repository/jaxen/jaxen/1.1-beta-9/jaxen-1.1-beta-9.jar:/home/cddev/.m2/repository/xml-apis/xml-apis/1.3.03/xml-apis-1.3.03.jar:/home/cddev/.m2/repository/stax/stax-api/1.0.1/stax-api-1.0.1.jar:/home/cddev/.m2/repository/org/jdom/jdom/1.1/jdom-1.1.jar:/home/cddev/.m2/repository/genius/genius/2009.10.02/genius-2009.10.02.jar:/home/cddev/.m2/repository/grizzly/grizzly/1.0/grizzly-1.0.jar:/home/cddev/.m2/repository/javax/persistence/persistence-api/1.0/persistence-api-1.0.jar:/home/cddev/.m2/repository/ejb3/api/ejb-3_0-api/1/ejb-3_0-api-1.jar:/home/cddev/.m2/repository/hit/tplus/1/tplus-1.jar:/home/cddev/.m2/repository/hit/tplus-common/1/tplus-common-1.jar:/home/cddev/.m2/repository/hit/fxplus/1/fxplus-1.jar:/home/cddev/.m2/repository/hit/apiconfig/1/apiconfig-1.jar:/home/cddev/.m2/repository/avalon/avalon-framework/4.1.4/avalon-framework-4.1.4.jar:/home/cddev/.m2/repository/hit/ratesapi/2008.05.30/ratesapi-2008.05.30.jar:/home/cddev/.m2/repository/com/baxter/anchorage/anchorageStp/2009.03.19/anchorageStp-2009.03.19.jar:/home/cddev/.m2/repository/tibco/tibrvj/1/tibrvj-1.jar:/home/cddev/.m2/repository/openamq/openamq-jms-1.2c1/1.2c1/openamq-jms-1.2c1-1.2c1.jar:/home/cddev/.m2/repository/axis/axis/1.4/axis-1.4.jar:/home/cddev/.m2/repository/org/apache/axis/axis-jaxrpc/1.4/axis-jaxrpc-1.4.jar:/home/cddev/.m2/repository/org/apache/axis/axis-saaj/1.4/axis-saaj-1.4.jar:/home/cddev/.m2/repository/axis/axis-wsdl4j/1.5.1/axis-wsdl4j-1.5.1.jar:/home/cddev/.m2/repository/commons-discovery/commons-discovery/0.2/commons-discovery-0.2.jar:/home/cddev/.m2/repository/org/apache/axis2/axis2-adb/1.3/axis2-adb-1.3.jar:/home/cddev/.m2/repository/org/apache/axis2/axis2-kernel/1.3/axis2-kernel-1.3.jar:/home/cddev/.m2/repository/javax/servlet/servlet-api/2.3/servlet-api-2.3.jar:/home/cddev/.m2/repository/commons-httpclient/commons-httpclient/3.0.1/commons-httpclient-3.0.1.jar:/home/cddev/.m2/repository/commons-codec/commons-codec/1.2/commons-codec-1.2.jar:/home/cddev/.m2/repository/commons-fileupload/commons-fileupload/1.1.1/commons-fileupload-1.1.1.jar:/home/cddev/.m2/repository/org/apache/httpcomponents/httpcore/4.0-alpha5/httpcore-4.0-alpha5.jar:/home/cddev/.m2/repository/org/apache/httpcomponents/httpcore-nio/4.0-alpha5/httpcore-nio-4.0-alpha5.jar:/home/cddev/.m2/repository/wsdl4j/wsdl4j/1.6.2/wsdl4j-1.6.2.jar:/home/cddev/.m2/repository/org/apache/ws/commons/schema/XmlSchema/1.3.2/XmlSchema-1.3.2.jar:/home/cddev/.m2/repository/org/apache/neethi/neethi/2.0.2/neethi-2.0.2.jar:/home/cddev/.m2/repository/org/apache/woden/woden/1.0-incubating-M7b/woden-1.0-incubating-M7b.jar:/home/cddev/.m2/repository/xerces/xmlParserAPIs/2.6.0/xmlParserAPIs-2.6.0.jar:/home/cddev/.m2/repository/annogen/annogen/0.1.0/annogen-0.1.0.jar:/home/cddev/.m2/repository/org/apache/geronimo/specs/geronimo-jms_1.1_spec/1.1/geronimo-jms_1.1_spec-1.1.jar:/home/cddev/.m2/repository/org/apache/httpcomponents/httpcore-niossl/4.0-alpha5/httpcore-niossl-4.0-alpha5.jar:/home/cddev/.m2/repository/org/apache/geronimo/specs/geronimo-activation_1.1_spec/1.0-M1/geronimo-activation_1.1_spec-1.0-M1.jar:/home/cddev/.m2/repository/org/apache/ws/commons/axiom/axiom-impl/1.2.5/axiom-impl-1.2.5.jar:/home/cddev/.m2/repository/org/apache/ws/commons/axiom/axiom-dom/1.2.5/axiom-dom-1.2.5.jar:/home/cddev/.m2/repository/xalan/xalan/2.7.0/xalan-2.7.0.jar:/home/cddev/.m2/repository/org/codehaus/woodstox/wstx-asl/3.2.1/wstx-asl-3.2.1.jar:/home/cddev/.m2/repository/xerces/xercesImpl/2.8.1/xercesImpl-2.8.1.jar:/home/cddev/.m2/repository/commons-io/commons-io/1.2/commons-io-1.2.jar:/home/cddev/.m2/repository/tbc/core/jpmfxapi-core-if-1.13.9/1/jpmfxapi-core-if-1.13.9-1.jar:/home/cddev/.m2/repository/org/apache/excalibur/excalibur-bzip2-1.0a/1/excalibur-bzip2-1.0a-1.jar:/home/cddev/.m2/repository/oracle/jdbc/ojdbc14/1.4/ojdbc14-1.4.jar:/home/cddev/.m2/repository/swiftmq/swiftmq/2/swiftmq-2.jar:/home/cddev/.m2/repository/com/baxter/anchorage/abos-client-stubs/1/abos-client-stubs-1.jar:/home/cddev/.m2/repository/dcpk/dcpk/1/dcpk-1.jar:/home/cddev/.m2/repository/hotspot/hotspot/1/hotspot-1.jar:/home/cddev/.m2/repository/hit/b2bspot/b2b_spot_classes/1/b2b_spot_classes-1.jar:/home/cddev/.m2/repository/phillip/phillip/1/phillip-1.jar:/home/cddev/.m2/repository/fxall/FXAllSTP/1/FXAllSTP-1.jar:/home/cddev/.m2/repository/fxall/rtm/fxallrtm_Client/1/fxallrtm_Client-1.jar:/home/cddev/.m2/repository/doc/fx-client/1/fx-client-1.jar:/home/cddev/.m2/repository/doc/client/client/1/client-1.jar:/home/cddev/.m2/repository/doc/core/core/1/core-1.jar:/home/cddev/.m2/repository/doc/model/client-model/1/client-model-1.jar:/home/cddev/.m2/repository/ostermiller/utils/ostermillerutils_1_07_00/1.07/ostermillerutils_1_07_00-1.07.jar:/home/cddev/.m2/repository/currenex/CurrenexStp/1/CurrenexStp-1.jar:/home/cddev/.m2/repository/com/toedter/jcalendar/1.1.4/jcalendar-1.1.4.jar:/home/cddev/.m2/repository/borland/jbcl/jbcl/1/jbcl-1.jar:/home/cddev/.m2/repository/sugar/sugarSoap/1/sugarSoap-1.jar:/home/cddev/.m2/repository/jfreechart/jfreechart-1.0.13/1.0.13/jfreechart-1.0.13-1.0.13.jar:/home/cddev/.m2/repository/ich/ClientSDK/1/ClientSDK-1.jar:/home/cddev/.m2/repository/argon/argonclient/1/argonclient-1.jar:/home/cddev/.m2/repository/traiana/traiana/1/traiana-1.jar:/home/cddev/.m2/repository/drools/drools-api-5.0.1/5.0.1/drools-api-5.0.1-5.0.1.jar:/home/cddev/.m2/repository/drools/drools-core-5.0.1/5.0.1/drools-core-5.0.1-5.0.1.jar:/home/cddev/.m2/repository/jfree/jcommon/1.0.15/jcommon-1.0.15.jar:/home/cddev/.m2/repository/com/incors/kunstoff-laf/2.0.2/kunstoff-laf-2.0.2.jar:/home/cddev/.m2/repository/org/hibernate/hibernate/3.1.3/hibernate-3.1.3.jar:/home/cddev/.m2/repository/ehcache/ehcache/1.1/ehcache-1.1.jar:/home/cddev/.m2/repository/cglib/cglib/2.1_3/cglib-2.1_3.jar:/home/cddev/.m2/repository/asm/asm/1.5.3/asm-1.5.3.jar:/home/cddev/.m2/repository/asm/asm-attrs/1.5.3/asm-attrs-1.5.3.jar:/home/cddev/.m2/repository/javax/transaction/jta/1.1/jta-1.1.jar:"/>
    <property name="java.specification.name" value="Java Platform API Specification"/>
    <property name="java.class.version" value="50.0"/>
    <property name="sun.management.compiler" value="HotSpot 64-Bit Server Compiler"/>
    <property name="os.version" value="2.6.26-2-amd64"/>
    <property name="user.home" value="/home/cddev"/>
    <property name="user.timezone" value="Europe/Budapest"/>
    <property name="java.awt.printerjob" value="sun.print.PSPrinterJob"/>
    <property name="file.encoding" value="UTF-8"/>
    <property name="java.specification.version" value="1.6"/>
    <property name="user.name" value="cddev"/>
    <property name="java.class.path" value="/home/cddev/.qa/jenkins/workspace/currency-dealing/target/surefire/surefirebooter458598859263772049.jar"/>
    <property name="java.vm.specification.version" value="1.0"/>
    <property name="sun.arch.data.model" value="64"/>
    <property name="java.home" value="/home/cddev/.qa/jdk1.6.0_24/jre"/>
    <property name="java.specification.vendor" value="Sun Microsystems Inc."/>
    <property name="user.language" value="en"/>
    <property name="java.vm.info" value="mixed mode"/>
    <property name="java.version" value="1.6.0_24"/>
    <property name="java.ext.dirs" value="/home/cddev/.qa/jdk1.6.0_24/jre/lib/ext:/usr/java/packages/lib/ext"/>
    <property name="sun.boot.class.path" value="/home/cddev/.qa/jdk1.6.0_24/jre/lib/resources.jar:/home/cddev/.qa/jdk1.6.0_24/jre/lib/rt.jar:/home/cddev/.qa/jdk1.6.0_24/jre/lib/sunrsasign.jar:/home/cddev/.qa/jdk1.6.0_24/jre/lib/jsse.jar:/home/cddev/.qa/jdk1.6.0_24/jre/lib/jce.jar:/home/cddev/.qa/jdk1.6.0_24/jre/lib/charsets.jar:/home/cddev/.qa/jdk1.6.0_24/jre/lib/modules/jdk.boot.jar:/home/cddev/.qa/jdk1.6.0_24/jre/classes"/>
    <property name="java.vendor" value="Sun Microsystems Inc."/>
    <property name="java.awt.headless" value="true"/>
    <property name="localRepository" value="/home/cddev/.m2/repository"/>
    <property name="file.separator" value="/"/>
    <property name="java.vendor.url.bug" value="http://java.sun.com/cgi-bin/bugreport.cgi"/>
    <property name="sun.cpu.endian" value="little"/>
    <property name="sun.io.unicode.encoding" value="UnicodeLittle"/>
    <property name="sun.cpu.isalist" value=""/>
  </properties>
  <testcase time="0.002" classname="com.baxter.cdtradesupervisor.TestUserSession" name="testprocessReceiveGapFill"/>
  <testcase time="0" classname="com.baxter.cdtradesupervisor.TestUserSession" name="testprocessReceivedGapFillResponse"/>
  <testcase time="0.002" classname="com.baxter.cdtradesupervisor.TestUserSession" name="testcheckAndSetSeqNumber"/>
  <testcase time="0.004" classname="com.baxter.cdtradesupervisor.TestUserSession" name="testCheckStatus4Client"/>
  <testcase time="0.027" classname="com.baxter.cdtradesupervisor.TestUserSession" name="testClientServerSession">
    <failure message="null" type="junit.framework.AssertionFailedError">junit.framework.AssertionFailedError: null
	at junit.framework.Assert.fail(Assert.java:47)
	at junit.framework.Assert.assertTrue(Assert.java:20)
	at junit.framework.Assert.assertNotNull(Assert.java:214)
	at junit.framework.Assert.assertNotNull(Assert.java:207)
	at com.baxter.cdtradesupervisor.TestUserSession.testClientServerSession(TestUserSession.java:453)
	at sun.reflect.NativeMethodAccessorImpl.invoke0(Native Method)
	at sun.reflect.NativeMethodAccessorImpl.invoke(NativeMethodAccessorImpl.java:39)
	at sun.reflect.DelegatingMethodAccessorImpl.invoke(DelegatingMethodAccessorImpl.java:25)
	at java.lang.reflect.Method.invoke(Method.java:597)
	at junit.framework.TestCase.runTest(TestCase.java:168)
	at junit.framework.TestCase.runBare(TestCase.java:134)
	at junit.framework.TestResult$1.protect(TestResult.java:110)
	at junit.framework.TestResult.runProtected(TestResult.java:128)
	at junit.framework.TestResult.run(TestResult.java:113)
	at junit.framework.TestCase.run(TestCase.java:124)
	at junit.framework.TestSuite.runTest(TestSuite.java:243)
	at junit.framework.TestSuite.run(TestSuite.java:238)
	at org.junit.internal.runners.JUnit38ClassRunner.run(JUnit38ClassRunner.java:83)
	at org.junit.runners.Suite.runChild(Suite.java:128)
	at org.junit.runners.Suite.runChild(Suite.java:24)
	at org.junit.runners.ParentRunner$3.run(ParentRunner.java:193)
	at org.junit.runners.ParentRunner$1.schedule(ParentRunner.java:52)
	at org.junit.runners.ParentRunner.runChildren(ParentRunner.java:191)
	at org.junit.runners.ParentRunner.access$000(ParentRunner.java:42)
	at org.junit.runners.ParentRunner$2.evaluate(ParentRunner.java:184)
	at org.junit.runners.ParentRunner.run(ParentRunner.java:236)
	at org.junit.runner.JUnitCore.run(JUnitCore.java:157)
	at org.junit.runner.JUnitCore.run(JUnitCore.java:136)
	at org.junit.runner.JUnitCore.run(JUnitCore.java:127)
	at org.apache.maven.surefire.junitcore.JUnitCoreWrapper.execute(JUnitCoreWrapper.java:52)
	at org.apache.maven.surefire.junitcore.JUnitCoreProvider.invoke(JUnitCoreProvider.java:109)
	at sun.reflect.NativeMethodAccessorImpl.invoke0(Native Method)
	at sun.reflect.NativeMethodAccessorImpl.invoke(NativeMethodAccessorImpl.java:39)
	at sun.reflect.DelegatingMethodAccessorImpl.invoke(DelegatingMethodAccessorImpl.java:25)
	at java.lang.reflect.Method.invoke(Method.java:597)
	at org.apache.maven.surefire.booter.ProviderFactory$ClassLoaderProxy.invoke(ProviderFactory.java:103)
	at $Proxy0.invoke(Unknown Source)
	at org.apache.maven.surefire.booter.SurefireStarter.invokeProvider(SurefireStarter.java:150)
	at org.apache.maven.surefire.booter.SurefireStarter.runSuitesInProcess(SurefireStarter.java:74)
	at org.apache.maven.surefire.booter.ForkedBooter.main(ForkedBooter.java:69)
</failure>
    <system-out>UserSession.UserSession() - hbSender: Thread[HeartBeatSender,5,main]MyUserSession: UserSession: userId:thbSender: Thread[HeartBeatSender,5,main][2011-05-31 15:14:44,878][DEBUG] - UserSession(): session is creating. userId: t General session
2326 [main] DEBUG com.baxter.junit.BaxterTestCase  - UserSession(): session is creating. userId: t General session
2326 [main] DEBUG com.baxter.junit.BaxterTestCase  - UserSession(): session is creating. userId: t General session
[2011-05-31 15:14:44,879][TRACE] - UserSession.UserSession(): MAX_ENTRIES_OF_MESSAGEHISTORY=100 JMS_HEARTBEAT_DELAY=5000 MAX_JMS_SESSION_STARTUP_DELAY=500 MAX_HEARTBEAT_TOLERANCE=5000 MAX_SIZE_OF_HOLD_UP_LIST=100 userId: t General session
2327 [main] TRACE com.baxter.junit.BaxterTestCase  - UserSession.UserSession(): MAX_ENTRIES_OF_MESSAGEHISTORY=100 JMS_HEARTBEAT_DELAY=5000 MAX_JMS_SESSION_STARTUP_DELAY=500 MAX_HEARTBEAT_TOLERANCE=5000 MAX_SIZE_OF_HOLD_UP_LIST=100 userId: t General session
2327 [main] TRACE com.baxter.junit.BaxterTestCase  - UserSession.UserSession(): MAX_ENTRIES_OF_MESSAGEHISTORY=100 JMS_HEARTBEAT_DELAY=5000 MAX_JMS_SESSION_STARTUP_DELAY=500 MAX_HEARTBEAT_TOLERANCE=5000 MAX_SIZE_OF_HOLD_UP_LIST=100 userId: t General session
[2011-05-31 15:14:44,880][TRACE] - UserSession.UserSession(): userListForSelector=[t] userId: t General session
2328 [main] TRACE com.baxter.junit.BaxterTestCase  - UserSession.UserSession(): userListForSelector=[t] userId: t General session
2328 [main] TRACE com.baxter.junit.BaxterTestCase  - UserSession.UserSession(): userListForSelector=[t] userId: t General session
[2011-05-31 15:14:44,880][DEBUG] - GeneralClientUserSession.setupJMS() is invoked. userId: t General session
2328 [main] DEBUG com.baxter.junit.BaxterTestCase  - GeneralClientUserSession.setupJMS() is invoked. userId: t General session
2328 [main] DEBUG com.baxter.junit.BaxterTestCase  - GeneralClientUserSession.setupJMS() is invoked. userId: t General session
[2011-05-31 15:14:44,881][DEBUG] - GeneralClientUserSession.setupJMS() providerURL: jnp://192.168.9.33:1099
		contextFactory: org.jnp.interfaces.NamingContextFactory
		queueFactoryName: /ConnectionFactory
		JMS_ServerToClientQueue: t_JMS_ServerToClientQueue@router1
		JMS_ClientToServerQueue: t_JMS_ClientToServerQueue@router1
		timeToLive: 30000
		queueAliasForSending: t_client_JMS_QueueAliasCTS
		qqueueAliasForReceiving: t_client_JMS_QueueAliasSTC userId: t General session
2329 [main] DEBUG com.baxter.junit.BaxterTestCase  - GeneralClientUserSession.setupJMS() providerURL: jnp://192.168.9.33:1099
		contextFactory: org.jnp.interfaces.NamingContextFactory
		queueFactoryName: /ConnectionFactory
		JMS_ServerToClientQueue: t_JMS_ServerToClientQueue@router1
		JMS_ClientToServerQueue: t_JMS_ClientToServerQueue@router1
		timeToLive: 30000
		queueAliasForSending: t_client_JMS_QueueAliasCTS
		qqueueAliasForReceiving: t_client_JMS_QueueAliasSTC userId: t General session
2329 [main] DEBUG com.baxter.junit.BaxterTestCase  - GeneralClientUserSession.setupJMS() providerURL: jnp://192.168.9.33:1099
		contextFactory: org.jnp.interfaces.NamingContextFactory
		queueFactoryName: /ConnectionFactory
		JMS_ServerToClientQueue: t_JMS_ServerToClientQueue@router1
		JMS_ClientToServerQueue: t_JMS_ClientToServerQueue@router1
		timeToLive: 30000
		queueAliasForSending: t_client_JMS_QueueAliasCTS
		qqueueAliasForReceiving: t_client_JMS_QueueAliasSTC userId: t General session
[2011-05-31 15:14:44,885][DEBUG] - JMSManager VERSION: 2010.04.28.
2333 [main] DEBUG com.baxter.junit.BaxterTestCase  - JMSManager VERSION: 2010.04.28.
2333 [main] DEBUG com.baxter.junit.BaxterTestCase  - JMSManager VERSION: 2010.04.28.
[2011-05-31 15:14:44,895][TRACE] - getInitialContext(): providerURL: jnp://192.168.9.33:1099 INITIAL_CONTEXT_FACTORY: org.jnp.interfaces.NamingContextFactory
2343 [main] TRACE com.baxter.junit.BaxterTestCase  - getInitialContext(): providerURL: jnp://192.168.9.33:1099 INITIAL_CONTEXT_FACTORY: org.jnp.interfaces.NamingContextFactory
2343 [main] TRACE com.baxter.junit.BaxterTestCase  - getInitialContext(): providerURL: jnp://192.168.9.33:1099 INITIAL_CONTEXT_FACTORY: org.jnp.interfaces.NamingContextFactory
[2011-05-31 15:14:44,922][TRACE] - ContextWatchThread.run(): initialContext OK...
2370 [Thread-21] TRACE com.baxter.junit.BaxterTestCase  - ContextWatchThread.run(): initialContext OK...
2370 [Thread-21] TRACE com.baxter.junit.BaxterTestCase  - ContextWatchThread.run(): initialContext OK...
[2011-05-31 15:14:44,922][TRACE] - connectToJMS(): channelName: t_JMS_ServerToClientQueue@router1, lookup QUEUE_CONNECTION_FACTORY: /ConnectionFactory
2370 [main] TRACE com.baxter.junit.BaxterTestCase  - connectToJMS(): channelName: t_JMS_ServerToClientQueue@router1, lookup QUEUE_CONNECTION_FACTORY: /ConnectionFactory
2370 [main] TRACE com.baxter.junit.BaxterTestCase  - connectToJMS(): channelName: t_JMS_ServerToClientQueue@router1, lookup QUEUE_CONNECTION_FACTORY: /ConnectionFactory
[2011-05-31 15:14:45,111][TRACE] - connectToJMS(): channelName: t_JMS_ServerToClientQueue@router1, createQueueConnection()
2559 [main] TRACE com.baxter.junit.BaxterTestCase  - connectToJMS(): channelName: t_JMS_ServerToClientQueue@router1, createQueueConnection()
2559 [main] TRACE com.baxter.junit.BaxterTestCase  - connectToJMS(): channelName: t_JMS_ServerToClientQueue@router1, createQueueConnection()
[2011-05-31 15:14:45,111][TRACE] - connectToJMS(): channelName: t_JMS_ServerToClientQueue@router1, createTopicConnection()
2559 [main] TRACE com.baxter.junit.BaxterTestCase  - connectToJMS(): channelName: t_JMS_ServerToClientQueue@router1, createTopicConnection()
2559 [main] TRACE com.baxter.junit.BaxterTestCase  - connectToJMS(): channelName: t_JMS_ServerToClientQueue@router1, createTopicConnection()
[2011-05-31 15:14:45,271][TRACE] - connectToJMS(): channelName: t_JMS_ServerToClientQueue@router1, setExceptionListener()
2719 [main] TRACE com.baxter.junit.BaxterTestCase  - connectToJMS(): channelName: t_JMS_ServerToClientQueue@router1, setExceptionListener()
2719 [main] TRACE com.baxter.junit.BaxterTestCase  - connectToJMS(): channelName: t_JMS_ServerToClientQueue@router1, setExceptionListener()
[2011-05-31 15:14:45,271][TRACE] - connectToJMS(): channelName: t_JMS_ServerToClientQueue@router1, createQueueSession()
2719 [main] TRACE com.baxter.junit.BaxterTestCase  - connectToJMS(): channelName: t_JMS_ServerToClientQueue@router1, createQueueSession()
2719 [main] TRACE com.baxter.junit.BaxterTestCase  - connectToJMS(): channelName: t_JMS_ServerToClientQueue@router1, createQueueSession()
[2011-05-31 15:14:45,284][TRACE] - connectToJMS(): channelName: t_JMS_ServerToClientQueue@router1, lookup channelName: t_JMS_ServerToClientQueue@router1
2732 [main] TRACE com.baxter.junit.BaxterTestCase  - connectToJMS(): channelName: t_JMS_ServerToClientQueue@router1, lookup channelName: t_JMS_ServerToClientQueue@router1
2732 [main] TRACE com.baxter.junit.BaxterTestCase  - connectToJMS(): channelName: t_JMS_ServerToClientQueue@router1, lookup channelName: t_JMS_ServerToClientQueue@router1
[2011-05-31 15:14:45,291][TRACE] - connectToJMS(): channelName: t_JMS_ServerToClientQueue@router1, initialContext.close()
2739 [main] TRACE com.baxter.junit.BaxterTestCase  - connectToJMS(): channelName: t_JMS_ServerToClientQueue@router1, initialContext.close()
2739 [main] TRACE com.baxter.junit.BaxterTestCase  - connectToJMS(): channelName: t_JMS_ServerToClientQueue@router1, initialContext.close()
[2011-05-31 15:14:45,291][TRACE] - connectToJMS(): channelName: t_JMS_ServerToClientQueue@router1, createReceiver()
2739 [main] TRACE com.baxter.junit.BaxterTestCase  - connectToJMS(): channelName: t_JMS_ServerToClientQueue@router1, createReceiver()
2739 [main] TRACE com.baxter.junit.BaxterTestCase  - connectToJMS(): channelName: t_JMS_ServerToClientQueue@router1, createReceiver()
[2011-05-31 15:14:45,308][TRACE] - connectToJMS(): successfully connected...  alias: t_client_JMS_QueueAliasSTC providerURL: jnp://192.168.9.33:1099 channelName: t_JMS_ServerToClientQueue@router1 ackMode: 1 messageTimeToLive: 30000 deliveryMode: 1 isSender: false messageListener: null userName: null password: null
2756 [main] TRACE com.baxter.junit.BaxterTestCase  - connectToJMS(): successfully connected...  alias: t_client_JMS_QueueAliasSTC providerURL: jnp://192.168.9.33:1099 channelName: t_JMS_ServerToClientQueue@router1 ackMode: 1 messageTimeToLive: 30000 deliveryMode: 1 isSender: false messageListener: null userName: null password: null
2756 [main] TRACE com.baxter.junit.BaxterTestCase  - connectToJMS(): successfully connected...  alias: t_client_JMS_QueueAliasSTC providerURL: jnp://192.168.9.33:1099 channelName: t_JMS_ServerToClientQueue@router1 ackMode: 1 messageTimeToLive: 30000 deliveryMode: 1 isSender: false messageListener: null userName: null password: null
[2011-05-31 15:14:45,308][TRACE] - getInitialContext(): providerURL: jnp://192.168.9.33:1099 INITIAL_CONTEXT_FACTORY: org.jnp.interfaces.NamingContextFactory
2756 [main] TRACE com.baxter.junit.BaxterTestCase  - getInitialContext(): providerURL: jnp://192.168.9.33:1099 INITIAL_CONTEXT_FACTORY: org.jnp.interfaces.NamingContextFactory
2756 [main] TRACE com.baxter.junit.BaxterTestCase  - getInitialContext(): providerURL: jnp://192.168.9.33:1099 INITIAL_CONTEXT_FACTORY: org.jnp.interfaces.NamingContextFactory
[2011-05-31 15:14:45,308][TRACE] - connectToJMS(): channelName: t_JMS_ClientToServerQueue@router1, lookup QUEUE_CONNECTION_FACTORY: /ConnectionFactory
2756 [main] TRACE com.baxter.junit.BaxterTestCase  - connectToJMS(): channelName: t_JMS_ClientToServerQueue@router1, lookup QUEUE_CONNECTION_FACTORY: /ConnectionFactory
2756 [main] TRACE com.baxter.junit.BaxterTestCase  - connectToJMS(): channelName: t_JMS_ClientToServerQueue@router1, lookup QUEUE_CONNECTION_FACTORY: /ConnectionFactory
[2011-05-31 15:14:45,314][TRACE] - connectToJMS(): channelName: t_JMS_ClientToServerQueue@router1, createQueueConnection()
2762 [main] TRACE com.baxter.junit.BaxterTestCase  - connectToJMS(): channelName: t_JMS_ClientToServerQueue@router1, createQueueConnection()
2762 [main] TRACE com.baxter.junit.BaxterTestCase  - connectToJMS(): channelName: t_JMS_ClientToServerQueue@router1, createQueueConnection()
[2011-05-31 15:14:45,314][TRACE] - connectToJMS(): channelName: t_JMS_ClientToServerQueue@router1, createTopicConnection()
2762 [main] TRACE com.baxter.junit.BaxterTestCase  - connectToJMS(): channelName: t_JMS_ClientToServerQueue@router1, createTopicConnection()
2762 [main] TRACE com.baxter.junit.BaxterTestCase  - connectToJMS(): channelName: t_JMS_ClientToServerQueue@router1, createTopicConnection()
[2011-05-31 15:14:45,318][TRACE] - connectToJMS(): channelName: t_JMS_ClientToServerQueue@router1, setExceptionListener()
2766 [main] TRACE com.baxter.junit.BaxterTestCase  - connectToJMS(): channelName: t_JMS_ClientToServerQueue@router1, setExceptionListener()
2766 [main] TRACE com.baxter.junit.BaxterTestCase  - connectToJMS(): channelName: t_JMS_ClientToServerQueue@router1, setExceptionListener()
[2011-05-31 15:14:45,318][TRACE] - connectToJMS(): channelName: t_JMS_ClientToServerQueue@router1, createQueueSession()
2766 [main] TRACE com.baxter.junit.BaxterTestCase  - connectToJMS(): channelName: t_JMS_ClientToServerQueue@router1, createQueueSession()
2766 [main] TRACE com.baxter.junit.BaxterTestCase  - connectToJMS(): channelName: t_JMS_ClientToServerQueue@router1, createQueueSession()
[2011-05-31 15:14:45,319][TRACE] - connectToJMS(): channelName: t_JMS_ClientToServerQueue@router1, lookup channelName: t_JMS_ClientToServerQueue@router1
2767 [main] TRACE com.baxter.junit.BaxterTestCase  - connectToJMS(): channelName: t_JMS_ClientToServerQueue@router1, lookup channelName: t_JMS_ClientToServerQueue@router1
2767 [main] TRACE com.baxter.junit.BaxterTestCase  - connectToJMS(): channelName: t_JMS_ClientToServerQueue@router1, lookup channelName: t_JMS_ClientToServerQueue@router1
[2011-05-31 15:14:45,323][TRACE] - connectToJMS(): channelName: t_JMS_ClientToServerQueue@router1, initialContext.close()
2771 [main] TRACE com.baxter.junit.BaxterTestCase  - connectToJMS(): channelName: t_JMS_ClientToServerQueue@router1, initialContext.close()
2771 [main] TRACE com.baxter.junit.BaxterTestCase  - connectToJMS(): channelName: t_JMS_ClientToServerQueue@router1, initialContext.close()
[2011-05-31 15:14:45,324][TRACE] - connectToJMS(): channelName: t_JMS_ClientToServerQueue@router1, createSender()
2772 [main] TRACE com.baxter.junit.BaxterTestCase  - connectToJMS(): channelName: t_JMS_ClientToServerQueue@router1, createSender()
2772 [main] TRACE com.baxter.junit.BaxterTestCase  - connectToJMS(): channelName: t_JMS_ClientToServerQueue@router1, createSender()
[2011-05-31 15:14:45,337][TRACE] - connectToJMS(): successfully connected...  alias: t_client_JMS_QueueAliasCTS providerURL: jnp://192.168.9.33:1099 channelName: t_JMS_ClientToServerQueue@router1 ackMode: 1 messageTimeToLive: 30000 deliveryMode: 1 isSender: true messageListener: null userName: null password: null
2785 [main] TRACE com.baxter.junit.BaxterTestCase  - connectToJMS(): successfully connected...  alias: t_client_JMS_QueueAliasCTS providerURL: jnp://192.168.9.33:1099 channelName: t_JMS_ClientToServerQueue@router1 ackMode: 1 messageTimeToLive: 30000 deliveryMode: 1 isSender: true messageListener: null userName: null password: null
2785 [main] TRACE com.baxter.junit.BaxterTestCase  - connectToJMS(): successfully connected...  alias: t_client_JMS_QueueAliasCTS providerURL: jnp://192.168.9.33:1099 channelName: t_JMS_ClientToServerQueue@router1 ackMode: 1 messageTimeToLive: 30000 deliveryMode: 1 isSender: true messageListener: null userName: null password: null
[2011-05-31 15:14:45,357][TRACE] - UserSession.UserSession(String, String, Logger, boolean):
messageSender: com.baxter.cdtradesupervisor.UserSession$MessageSenderObjectUpdaterThread@5c09624 userId: t General session
2805 [main] TRACE com.baxter.junit.BaxterTestCase  - UserSession.UserSession(String, String, Logger, boolean):
messageSender: com.baxter.cdtradesupervisor.UserSession$MessageSenderObjectUpdaterThread@5c09624 userId: t General session
2805 [main] TRACE com.baxter.junit.BaxterTestCase  - UserSession.UserSession(String, String, Logger, boolean):
messageSender: com.baxter.cdtradesupervisor.UserSession$MessageSenderObjectUpdaterThread@5c09624 userId: t General session
[2011-05-31 15:14:45,357][TRACE] - ObjectUpdaterThread.run() threadName: MessageSender Start waiting... ListUpdated: false
2805 [MessageSender] TRACE com.baxter.junit.BaxterTestCase  - ObjectUpdaterThread.run() threadName: MessageSender Start waiting... ListUpdated: false
2805 [MessageSender] TRACE com.baxter.junit.BaxterTestCase  - ObjectUpdaterThread.run() threadName: MessageSender Start waiting... ListUpdated: false
[2011-05-31 15:14:45,357][TRACE] - ObjectUpdaterThread.run() threadName: MessageReceiver Start waiting... ListUpdated: false
2805 [MessageReceiver] TRACE com.baxter.junit.BaxterTestCase  - ObjectUpdaterThread.run() threadName: MessageReceiver Start waiting... ListUpdated: false
2805 [MessageReceiver] TRACE com.baxter.junit.BaxterTestCase  - ObjectUpdaterThread.run() threadName: MessageReceiver Start waiting... ListUpdated: false
[2011-05-31 15:14:45,358][TRACE] - parameter read from /home/cddev/.qa/jenkins/workspace/currency-dealing/target/test-classes/conf/JUnit.ini: HEARTBEAT_MISSEDTHRESHOLD_RED_MSG: Network connection is unstable.
2806 [main] TRACE com.baxter.junit.BaxterTestCase  - parameter read from /home/cddev/.qa/jenkins/workspace/currency-dealing/target/test-classes/conf/JUnit.ini: HEARTBEAT_MISSEDTHRESHOLD_RED_MSG: Network connection is unstable.
2806 [main] TRACE com.baxter.junit.BaxterTestCase  - parameter read from /home/cddev/.qa/jenkins/workspace/currency-dealing/target/test-classes/conf/JUnit.ini: HEARTBEAT_MISSEDTHRESHOLD_RED_MSG: Network connection is unstable.
[2011-05-31 15:14:45,358][DEBUG] - setupUDPMessageHandler()  UDP_BUFFER_LENGTH: 4096 UDP_PRICE_RECEIVER_MAX_LIST_SIZE: 100 IS_LOGGING_UDP_MESSAGES: false userId: t General session
2806 [main] DEBUG com.baxter.junit.BaxterTestCase  - setupUDPMessageHandler()  UDP_BUFFER_LENGTH: 4096 UDP_PRICE_RECEIVER_MAX_LIST_SIZE: 100 IS_LOGGING_UDP_MESSAGES: false userId: t General session
2806 [main] DEBUG com.baxter.junit.BaxterTestCase  - setupUDPMessageHandler()  UDP_BUFFER_LENGTH: 4096 UDP_PRICE_RECEIVER_MAX_LIST_SIZE: 100 IS_LOGGING_UDP_MESSAGES: false userId: t General session
[2011-05-31 15:14:45,358][TRACE] - ObjectUpdaterThread.run() threadName: UDPMessageReceiverObjectUpdaterThread Start waiting... ListUpdated: false
2806 [UDPMessageReceiverObjectUpdaterThread] TRACE com.baxter.junit.BaxterTestCase  - ObjectUpdaterThread.run() threadName: UDPMessageReceiverObjectUpdaterThread Start waiting... ListUpdated: false
2806 [UDPMessageReceiverObjectUpdaterThread] TRACE com.baxter.junit.BaxterTestCase  - ObjectUpdaterThread.run() threadName: UDPMessageReceiverObjectUpdaterThread Start waiting... ListUpdated: false
[2011-05-31 15:14:45,359][DEBUG] - UserSession(): session is creating. userId: t General session
2807 [main] DEBUG com.baxter.junit.BaxterTestCase  - UserSession(): session is creating. userId: t General session
2807 [main] DEBUG com.baxter.junit.BaxterTestCase  - UserSession(): session is creating. userId: t General session
[2011-05-31 15:14:45,359][TRACE] - UserSession.UserSession(): MAX_ENTRIES_OF_MESSAGEHISTORY=100 JMS_HEARTBEAT_DELAY=5000 MAX_JMS_SESSION_STARTUP_DELAY=500 MAX_HEARTBEAT_TOLERANCE=5000 MAX_SIZE_OF_HOLD_UP_LIST=100 userId: t General session
2807 [main] TRACE com.baxter.junit.BaxterTestCase  - UserSession.UserSession(): MAX_ENTRIES_OF_MESSAGEHISTORY=100 JMS_HEARTBEAT_DELAY=5000 MAX_JMS_SESSION_STARTUP_DELAY=500 MAX_HEARTBEAT_TOLERANCE=5000 MAX_SIZE_OF_HOLD_UP_LIST=100 userId: t General session
2807 [main] TRACE com.baxter.junit.BaxterTestCase  - UserSession.UserSession(): MAX_ENTRIES_OF_MESSAGEHISTORY=100 JMS_HEARTBEAT_DELAY=5000 MAX_JMS_SESSION_STARTUP_DELAY=500 MAX_HEARTBEAT_TOLERANCE=5000 MAX_SIZE_OF_HOLD_UP_LIST=100 userId: t General session
[2011-05-31 15:14:45,360][TRACE] - UserSession.UserSession(): userListForSelector=[t, t1] userId: t General session
2808 [main] TRACE com.baxter.junit.BaxterTestCase  - UserSession.UserSession(): userListForSelector=[t, t1] userId: t General session
2808 [main] TRACE com.baxter.junit.BaxterTestCase  - UserSession.UserSession(): userListForSelector=[t, t1] userId: t General session
[2011-05-31 15:14:45,360][TRACE] - GeneralServerUserSession.setupJMS() is invoked. userId: t General session
2808 [main] TRACE com.baxter.junit.BaxterTestCase  - GeneralServerUserSession.setupJMS() is invoked. userId: t General session
2808 [main] TRACE com.baxter.junit.BaxterTestCase  - GeneralServerUserSession.setupJMS() is invoked. userId: t General session
[2011-05-31 15:14:45,361][TRACE] - GeneralServerUserSession.setupJMS() providerURL: jnp://192.168.9.33:1099
		contextFactory: org.jnp.interfaces.NamingContextFactory
		queueFactoryName: /ConnectionFactory
		JMS_ServerToClientQueue: t_JMS_ServerToClientQueue@router1
		JMS_ClientToServerQueue: t_JMS_ClientToServerQueue@router1
		timeToLive: 30000
		queueAliasForSending: t_JMS_QueueAliasSTC
		qqueueAliasForReceiving: t_JMS_QueueAliasCTS userId: t General session
2809 [main] TRACE com.baxter.junit.BaxterTestCase  - GeneralServerUserSession.setupJMS() providerURL: jnp://192.168.9.33:1099
		contextFactory: org.jnp.interfaces.NamingContextFactory
		queueFactoryName: /ConnectionFactory
		JMS_ServerToClientQueue: t_JMS_ServerToClientQueue@router1
		JMS_ClientToServerQueue: t_JMS_ClientToServerQueue@router1
		timeToLive: 30000
		queueAliasForSending: t_JMS_QueueAliasSTC
		qqueueAliasForReceiving: t_JMS_QueueAliasCTS userId: t General session
2809 [main] TRACE com.baxter.junit.BaxterTestCase  - GeneralServerUserSession.setupJMS() providerURL: jnp://192.168.9.33:1099
		contextFactory: org.jnp.interfaces.NamingContextFactory
		queueFactoryName: /ConnectionFactory
		JMS_ServerToClientQueue: t_JMS_ServerToClientQueue@router1
		JMS_ClientToServerQueue: t_JMS_ClientToServerQueue@router1
		timeToLive: 30000
		queueAliasForSending: t_JMS_QueueAliasSTC
		qqueueAliasForReceiving: t_JMS_QueueAliasCTS userId: t General session
[2011-05-31 15:14:45,361][TRACE] - getInitialContext(): providerURL: jnp://192.168.9.33:1099 INITIAL_CONTEXT_FACTORY: org.jnp.interfaces.NamingContextFactory
2809 [main] TRACE com.baxter.junit.BaxterTestCase  - getInitialContext(): providerURL: jnp://192.168.9.33:1099 INITIAL_CONTEXT_FACTORY: org.jnp.interfaces.NamingContextFactory
2809 [main] TRACE com.baxter.junit.BaxterTestCase  - getInitialContext(): providerURL: jnp://192.168.9.33:1099 INITIAL_CONTEXT_FACTORY: org.jnp.interfaces.NamingContextFactory
[2011-05-31 15:14:45,361][TRACE] - connectToJMS(): channelName: t_JMS_ServerToClientQueue@router1, lookup QUEUE_CONNECTION_FACTORY: /ConnectionFactory
2809 [main] TRACE com.baxter.junit.BaxterTestCase  - connectToJMS(): channelName: t_JMS_ServerToClientQueue@router1, lookup QUEUE_CONNECTION_FACTORY: /ConnectionFactory
2809 [main] TRACE com.baxter.junit.BaxterTestCase  - connectToJMS(): channelName: t_JMS_ServerToClientQueue@router1, lookup QUEUE_CONNECTION_FACTORY: /ConnectionFactory
[2011-05-31 15:14:45,361][TRACE] - ContextWatchThread.run(): initialContext OK...
2809 [Thread-28] TRACE com.baxter.junit.BaxterTestCase  - ContextWatchThread.run(): initialContext OK...
2809 [Thread-28] TRACE com.baxter.junit.BaxterTestCase  - ContextWatchThread.run(): initialContext OK...
[2011-05-31 15:14:45,366][TRACE] - connectToJMS(): channelName: t_JMS_ServerToClientQueue@router1, createQueueConnection()
2814 [main] TRACE com.baxter.junit.BaxterTestCase  - connectToJMS(): channelName: t_JMS_ServerToClientQueue@router1, createQueueConnection()
2814 [main] TRACE com.baxter.junit.BaxterTestCase  - connectToJMS(): channelName: t_JMS_ServerToClientQueue@router1, createQueueConnection()
[2011-05-31 15:14:45,366][TRACE] - connectToJMS(): channelName: t_JMS_ServerToClientQueue@router1, createTopicConnection()
2814 [main] TRACE com.baxter.junit.BaxterTestCase  - connectToJMS(): channelName: t_JMS_ServerToClientQueue@router1, createTopicConnection()
2814 [main] TRACE com.baxter.junit.BaxterTestCase  - connectToJMS(): channelName: t_JMS_ServerToClientQueue@router1, createTopicConnection()
[2011-05-31 15:14:45,369][TRACE] - connectToJMS(): channelName: t_JMS_ServerToClientQueue@router1, setExceptionListener()
2817 [main] TRACE com.baxter.junit.BaxterTestCase  - connectToJMS(): channelName: t_JMS_ServerToClientQueue@router1, setExceptionListener()
2817 [main] TRACE com.baxter.junit.BaxterTestCase  - connectToJMS(): channelName: t_JMS_ServerToClientQueue@router1, setExceptionListener()
[2011-05-31 15:14:45,370][TRACE] - connectToJMS(): channelName: t_JMS_ServerToClientQueue@router1, createQueueSession()
2818 [main] TRACE com.baxter.junit.BaxterTestCase  - connectToJMS(): channelName: t_JMS_ServerToClientQueue@router1, createQueueSession()
2818 [main] TRACE com.baxter.junit.BaxterTestCase  - connectToJMS(): channelName: t_JMS_ServerToClientQueue@router1, createQueueSession()
[2011-05-31 15:14:45,371][TRACE] - connectToJMS(): channelName: t_JMS_ServerToClientQueue@router1, lookup channelName: t_JMS_ServerToClientQueue@router1
2819 [main] TRACE com.baxter.junit.BaxterTestCase  - connectToJMS(): channelName: t_JMS_ServerToClientQueue@router1, lookup channelName: t_JMS_ServerToClientQueue@router1
2819 [main] TRACE com.baxter.junit.BaxterTestCase  - connectToJMS(): channelName: t_JMS_ServerToClientQueue@router1, lookup channelName: t_JMS_ServerToClientQueue@router1
[2011-05-31 15:14:45,375][TRACE] - connectToJMS(): channelName: t_JMS_ServerToClientQueue@router1, initialContext.close()
2823 [main] TRACE com.baxter.junit.BaxterTestCase  - connectToJMS(): channelName: t_JMS_ServerToClientQueue@router1, initialContext.close()
2823 [main] TRACE com.baxter.junit.BaxterTestCase  - connectToJMS(): channelName: t_JMS_ServerToClientQueue@router1, initialContext.close()
[2011-05-31 15:14:45,375][TRACE] - connectToJMS(): channelName: t_JMS_ServerToClientQueue@router1, createSender()
2823 [main] TRACE com.baxter.junit.BaxterTestCase  - connectToJMS(): channelName: t_JMS_ServerToClientQueue@router1, createSender()
2823 [main] TRACE com.baxter.junit.BaxterTestCase  - connectToJMS(): channelName: t_JMS_ServerToClientQueue@router1, createSender()
[2011-05-31 15:14:45,377][TRACE] - connectToJMS(): successfully connected...  alias: t_JMS_QueueAliasSTC providerURL: jnp://192.168.9.33:1099 channelName: t_JMS_ServerToClientQueue@router1 ackMode: 1 messageTimeToLive: 30000 deliveryMode: 1 isSender: true messageListener: null userName: null password: null
2825 [main] TRACE com.baxter.junit.BaxterTestCase  - connectToJMS(): successfully connected...  alias: t_JMS_QueueAliasSTC providerURL: jnp://192.168.9.33:1099 channelName: t_JMS_ServerToClientQueue@router1 ackMode: 1 messageTimeToLive: 30000 deliveryMode: 1 isSender: true messageListener: null userName: null password: null
2825 [main] TRACE com.baxter.junit.BaxterTestCase  - connectToJMS(): successfully connected...  alias: t_JMS_QueueAliasSTC providerURL: jnp://192.168.9.33:1099 channelName: t_JMS_ServerToClientQueue@router1 ackMode: 1 messageTimeToLive: 30000 deliveryMode: 1 isSender: true messageListener: null userName: null password: null
[2011-05-31 15:14:45,377][TRACE] - getInitialContext(): providerURL: jnp://192.168.9.33:1099 INITIAL_CONTEXT_FACTORY: org.jnp.interfaces.NamingContextFactory
2825 [main] TRACE com.baxter.junit.BaxterTestCase  - getInitialContext(): providerURL: jnp://192.168.9.33:1099 INITIAL_CONTEXT_FACTORY: org.jnp.interfaces.NamingContextFactory
2825 [main] TRACE com.baxter.junit.BaxterTestCase  - getInitialContext(): providerURL: jnp://192.168.9.33:1099 INITIAL_CONTEXT_FACTORY: org.jnp.interfaces.NamingContextFactory
[2011-05-31 15:14:45,377][TRACE] - connectToJMS(): channelName: t_JMS_ClientToServerQueue@router1, lookup QUEUE_CONNECTION_FACTORY: /ConnectionFactory
2825 [main] TRACE com.baxter.junit.BaxterTestCase  - connectToJMS(): channelName: t_JMS_ClientToServerQueue@router1, lookup QUEUE_CONNECTION_FACTORY: /ConnectionFactory
2825 [main] TRACE com.baxter.junit.BaxterTestCase  - connectToJMS(): channelName: t_JMS_ClientToServerQueue@router1, lookup QUEUE_CONNECTION_FACTORY: /ConnectionFactory
[2011-05-31 15:14:45,377][TRACE] - ContextWatchThread.run(): initialContext OK...
2825 [Thread-29] TRACE com.baxter.junit.BaxterTestCase  - ContextWatchThread.run(): initialContext OK...
2825 [Thread-29] TRACE com.baxter.junit.BaxterTestCase  - ContextWatchThread.run(): initialContext OK...
[2011-05-31 15:14:45,383][TRACE] - connectToJMS(): channelName: t_JMS_ClientToServerQueue@router1, createQueueConnection()
2831 [main] TRACE com.baxter.junit.BaxterTestCase  - connectToJMS(): channelName: t_JMS_ClientToServerQueue@router1, createQueueConnection()
2831 [main] TRACE com.baxter.junit.BaxterTestCase  - connectToJMS(): channelName: t_JMS_ClientToServerQueue@router1, createQueueConnection()
[2011-05-31 15:14:45,383][TRACE] - connectToJMS(): channelName: t_JMS_ClientToServerQueue@router1, createTopicConnection()
2831 [main] TRACE com.baxter.junit.BaxterTestCase  - connectToJMS(): channelName: t_JMS_ClientToServerQueue@router1, createTopicConnection()
2831 [main] TRACE com.baxter.junit.BaxterTestCase  - connectToJMS(): channelName: t_JMS_ClientToServerQueue@router1, createTopicConnection()
[2011-05-31 15:14:45,386][TRACE] - connectToJMS(): channelName: t_JMS_ClientToServerQueue@router1, setExceptionListener()
2834 [main] TRACE com.baxter.junit.BaxterTestCase  - connectToJMS(): channelName: t_JMS_ClientToServerQueue@router1, setExceptionListener()
2834 [main] TRACE com.baxter.junit.BaxterTestCase  - connectToJMS(): channelName: t_JMS_ClientToServerQueue@router1, setExceptionListener()
[2011-05-31 15:14:45,386][TRACE] - connectToJMS(): channelName: t_JMS_ClientToServerQueue@router1, createQueueSession()
2834 [main] TRACE com.baxter.junit.BaxterTestCase  - connectToJMS(): channelName: t_JMS_ClientToServerQueue@router1, createQueueSession()
2834 [main] TRACE com.baxter.junit.BaxterTestCase  - connectToJMS(): channelName: t_JMS_ClientToServerQueue@router1, createQueueSession()
[2011-05-31 15:14:45,388][TRACE] - connectToJMS(): channelName: t_JMS_ClientToServerQueue@router1, lookup channelName: t_JMS_ClientToServerQueue@router1
2836 [main] TRACE com.baxter.junit.BaxterTestCase  - connectToJMS(): channelName: t_JMS_ClientToServerQueue@router1, lookup channelName: t_JMS_ClientToServerQueue@router1
2836 [main] TRACE com.baxter.junit.BaxterTestCase  - connectToJMS(): channelName: t_JMS_ClientToServerQueue@router1, lookup channelName: t_JMS_ClientToServerQueue@router1
[2011-05-31 15:14:45,392][TRACE] - connectToJMS(): channelName: t_JMS_ClientToServerQueue@router1, initialContext.close()
2840 [main] TRACE com.baxter.junit.BaxterTestCase  - connectToJMS(): channelName: t_JMS_ClientToServerQueue@router1, initialContext.close()
2840 [main] TRACE com.baxter.junit.BaxterTestCase  - connectToJMS(): channelName: t_JMS_ClientToServerQueue@router1, initialContext.close()
[2011-05-31 15:14:45,392][TRACE] - connectToJMS(): channelName: t_JMS_ClientToServerQueue@router1, createReceiver()
2840 [main] TRACE com.baxter.junit.BaxterTestCase  - connectToJMS(): channelName: t_JMS_ClientToServerQueue@router1, createReceiver()
2840 [main] TRACE com.baxter.junit.BaxterTestCase  - connectToJMS(): channelName: t_JMS_ClientToServerQueue@router1, createReceiver()
[2011-05-31 15:14:45,396][TRACE] - connectToJMS(): successfully connected...  alias: t_JMS_QueueAliasCTS providerURL: jnp://192.168.9.33:1099 channelName: t_JMS_ClientToServerQueue@router1 ackMode: 1 messageTimeToLive: 30000 deliveryMode: 1 isSender: false messageListener: null userName: null password: null
2844 [main] TRACE com.baxter.junit.BaxterTestCase  - connectToJMS(): successfully connected...  alias: t_JMS_QueueAliasCTS providerURL: jnp://192.168.9.33:1099 channelName: t_JMS_ClientToServerQueue@router1 ackMode: 1 messageTimeToLive: 30000 deliveryMode: 1 isSender: false messageListener: null userName: null password: null
2844 [main] TRACE com.baxter.junit.BaxterTestCase  - connectToJMS(): successfully connected...  alias: t_JMS_QueueAliasCTS providerURL: jnp://192.168.9.33:1099 channelName: t_JMS_ClientToServerQueue@router1 ackMode: 1 messageTimeToLive: 30000 deliveryMode: 1 isSender: false messageListener: null userName: null password: null
[2011-05-31 15:14:45,397][TRACE] - UserSession.UserSession(String, String, Logger, boolean):
messageSender: com.baxter.cdtradesupervisor.UserSession$MessageSenderObjectUpdaterThread@6545d2 userId: t General session
2845 [main] TRACE com.baxter.junit.BaxterTestCase  - UserSession.UserSession(String, String, Logger, boolean):
messageSender: com.baxter.cdtradesupervisor.UserSession$MessageSenderObjectUpdaterThread@6545d2 userId: t General session
2845 [main] TRACE com.baxter.junit.BaxterTestCase  - UserSession.UserSession(String, String, Logger, boolean):
messageSender: com.baxter.cdtradesupervisor.UserSession$MessageSenderObjectUpdaterThread@6545d2 userId: t General session
[2011-05-31 15:14:45,397][TRACE] - ObjectUpdaterThread.run() threadName: MessageSender Start waiting... ListUpdated: false
2845 [MessageSender] TRACE com.baxter.junit.BaxterTestCase  - ObjectUpdaterThread.run() threadName: MessageSender Start waiting... ListUpdated: false
2845 [MessageSender] TRACE com.baxter.junit.BaxterTestCase  - ObjectUpdaterThread.run() threadName: MessageSender Start waiting... ListUpdated: false
[2011-05-31 15:14:45,397][TRACE] - ObjectUpdaterThread.run() threadName: MessageReceiver Start waiting... ListUpdated: false
2845 [MessageReceiver] TRACE com.baxter.junit.BaxterTestCase  - ObjectUpdaterThread.run() threadName: MessageReceiver Start waiting... ListUpdated: false
2845 [MessageReceiver] TRACE com.baxter.junit.BaxterTestCase  - ObjectUpdaterThread.run() threadName: MessageReceiver Start waiting... ListUpdated: false
[2011-05-31 15:14:45,399][DEBUG] - UserSession.sendMessage(): messageSender: com.baxter.cdtradesupervisor.UserSession$MessageSenderObjectUpdaterThread@6545d2 userId: t General session
2847 [main] DEBUG com.baxter.junit.BaxterTestCase  - UserSession.sendMessage(): messageSender: com.baxter.cdtradesupervisor.UserSession$MessageSenderObjectUpdaterThread@6545d2 userId: t General session
2847 [main] DEBUG com.baxter.junit.BaxterTestCase  - UserSession.sendMessage(): messageSender: com.baxter.cdtradesupervisor.UserSession$MessageSenderObjectUpdaterThread@6545d2 userId: t General session
[2011-05-31 15:14:45,399][TRACE] - ObjectUpdaterThread.addNewObjectToList() is invoked... threadName: MessageSender userId: t General session isClearingList: false isWaiting: true
2847 [main] TRACE com.baxter.junit.BaxterTestCase  - ObjectUpdaterThread.addNewObjectToList() is invoked... threadName: MessageSender userId: t General session isClearingList: false isWaiting: true
2847 [main] TRACE com.baxter.junit.BaxterTestCase  - ObjectUpdaterThread.addNewObjectToList() is invoked... threadName: MessageSender userId: t General session isClearingList: false isWaiting: true
[2011-05-31 15:14:45,399][TRACE] - ObjectUpdaterThread.addNewObjectToList(): notify invoked! listUpdated: true
2847 [main] TRACE com.baxter.junit.BaxterTestCase  - ObjectUpdaterThread.addNewObjectToList(): notify invoked! listUpdated: true
2847 [main] TRACE com.baxter.junit.BaxterTestCase  - ObjectUpdaterThread.addNewObjectToList(): notify invoked! listUpdated: true
[2011-05-31 15:14:45,399][TRACE] - ObjectUpdaterThread.run() threadName: MessageSender userId: t General session objectUpdates.size: 0
2847 [MessageSender userId: t General session] TRACE com.baxter.junit.BaxterTestCase  - ObjectUpdaterThread.run() threadName: MessageSender userId: t General session objectUpdates.size: 0
2847 [MessageSender userId: t General session] TRACE com.baxter.junit.BaxterTestCase  - ObjectUpdaterThread.run() threadName: MessageSender userId: t General session objectUpdates.size: 0
[2011-05-31 15:14:45,399][TRACE] - ObjectUpdaterThread.addNewObjectToList() finished... threadName: MessageSender userId: t General session isClearingList: false isWaiting: false processTime: 0
2847 [main] TRACE com.baxter.junit.BaxterTestCase  - ObjectUpdaterThread.addNewObjectToList() finished... threadName: MessageSender userId: t General session isClearingList: false isWaiting: false processTime: 0
2847 [main] TRACE com.baxter.junit.BaxterTestCase  - ObjectUpdaterThread.addNewObjectToList() finished... threadName: MessageSender userId: t General session isClearingList: false isWaiting: false processTime: 0
[2011-05-31 15:14:45,408][TRACE] - UserSession.MessageSenderObjectUpdaterThread.processObject() message sent: Heartbeat message: TimeStamp: 1306847685399 SeqNumber: 1  userId: t General session
2856 [MessageSender userId: t General session] TRACE com.baxter.junit.BaxterTestCase  - UserSession.MessageSenderObjectUpdaterThread.processObject() message sent: Heartbeat message: TimeStamp: 1306847685399 SeqNumber: 1  userId: t General session
2856 [MessageSender userId: t General session] TRACE com.baxter.junit.BaxterTestCase  - UserSession.MessageSenderObjectUpdaterThread.processObject() message sent: Heartbeat message: TimeStamp: 1306847685399 SeqNumber: 1  userId: t General session
[2011-05-31 15:14:45,408][TRACE] - ObjectUpdaterThread.run() threadName: MessageSender userId: t General session Start waiting... ListUpdated: false
2856 [MessageSender userId: t General session] TRACE com.baxter.junit.BaxterTestCase  - ObjectUpdaterThread.run() threadName: MessageSender userId: t General session Start waiting... ListUpdated: false
2856 [MessageSender userId: t General session] TRACE com.baxter.junit.BaxterTestCase  - ObjectUpdaterThread.run() threadName: MessageSender userId: t General session Start waiting... ListUpdated: false
[2011-05-31 15:14:47,399][DEBUG] - UserSession.shutdown(): shutdown invoked. userId: t General session
4847 [main] DEBUG com.baxter.junit.BaxterTestCase  - UserSession.shutdown(): shutdown invoked. userId: t General session
4847 [main] DEBUG com.baxter.junit.BaxterTestCase  - UserSession.shutdown(): shutdown invoked. userId: t General session
[2011-05-31 15:14:47,400][DEBUG] - ObjectUpdaterThread.stopService() is invoked... threadName: MessageReceiver userId: t General session
4848 [main] DEBUG com.baxter.junit.BaxterTestCase  - ObjectUpdaterThread.stopService() is invoked... threadName: MessageReceiver userId: t General session
4848 [main] DEBUG com.baxter.junit.BaxterTestCase  - ObjectUpdaterThread.stopService() is invoked... threadName: MessageReceiver userId: t General session
[2011-05-31 15:14:47,400][INFO] - ObjectUpdaterThread.run(): threadName: MessageReceiver userId: t General session method run ended...
4848 [MessageReceiver userId: t General session] INFO com.baxter.junit.BaxterTestCase  - ObjectUpdaterThread.run(): threadName: MessageReceiver userId: t General session method run ended...
4848 [MessageReceiver userId: t General session] INFO com.baxter.junit.BaxterTestCase  - ObjectUpdaterThread.run(): threadName: MessageReceiver userId: t General session method run ended...
[2011-05-31 15:14:47,400][DEBUG] - ObjectUpdaterThread.stopService() is invoked... threadName: MessageSender userId: t General session
4848 [main] DEBUG com.baxter.junit.BaxterTestCase  - ObjectUpdaterThread.stopService() is invoked... threadName: MessageSender userId: t General session
4848 [main] DEBUG com.baxter.junit.BaxterTestCase  - ObjectUpdaterThread.stopService() is invoked... threadName: MessageSender userId: t General session
[2011-05-31 15:14:47,400][INFO] - ObjectUpdaterThread.run(): threadName: MessageSender userId: t General session method run ended...
4848 [MessageSender userId: t General session] INFO com.baxter.junit.BaxterTestCase  - ObjectUpdaterThread.run(): threadName: MessageSender userId: t General session method run ended...
4848 [MessageSender userId: t General session] INFO com.baxter.junit.BaxterTestCase  - ObjectUpdaterThread.run(): threadName: MessageSender userId: t General session method run ended...
[2011-05-31 15:14:47,400][TRACE] - removeChannel(): alias: t_client_JMS_QueueAliasSTC
4848 [main] TRACE com.baxter.junit.BaxterTestCase  - removeChannel(): alias: t_client_JMS_QueueAliasSTC
4848 [main] TRACE com.baxter.junit.BaxterTestCase  - removeChannel(): alias: t_client_JMS_QueueAliasSTC
[2011-05-31 15:14:47,404][DEBUG] - disconnectFromJMS(): receiver closed. alias: t_client_JMS_QueueAliasSTC
4852 [main] DEBUG com.baxter.junit.BaxterTestCase  - disconnectFromJMS(): receiver closed. alias: t_client_JMS_QueueAliasSTC
4852 [main] DEBUG com.baxter.junit.BaxterTestCase  - disconnectFromJMS(): receiver closed. alias: t_client_JMS_QueueAliasSTC
[2011-05-31 15:14:47,406][DEBUG] - disconnectFromJMS(): session closed. alias: t_client_JMS_QueueAliasSTC
4854 [main] DEBUG com.baxter.junit.BaxterTestCase  - disconnectFromJMS(): session closed. alias: t_client_JMS_QueueAliasSTC
4854 [main] DEBUG com.baxter.junit.BaxterTestCase  - disconnectFromJMS(): session closed. alias: t_client_JMS_QueueAliasSTC
[2011-05-31 15:14:47,415][DEBUG] - disconnectFromJMS(): connection closed. alias: t_client_JMS_QueueAliasSTC
4863 [main] DEBUG com.baxter.junit.BaxterTestCase  - disconnectFromJMS(): connection closed. alias: t_client_JMS_QueueAliasSTC
4863 [main] DEBUG com.baxter.junit.BaxterTestCase  - disconnectFromJMS(): connection closed. alias: t_client_JMS_QueueAliasSTC
[2011-05-31 15:14:47,415][TRACE] - removeChannel(): alias: t_client_JMS_QueueAliasCTS
4863 [main] TRACE com.baxter.junit.BaxterTestCase  - removeChannel(): alias: t_client_JMS_QueueAliasCTS
4863 [main] TRACE com.baxter.junit.BaxterTestCase  - removeChannel(): alias: t_client_JMS_QueueAliasCTS
[2011-05-31 15:14:47,417][DEBUG] - disconnectFromJMS(): session closed. alias: t_client_JMS_QueueAliasCTS
4865 [main] DEBUG com.baxter.junit.BaxterTestCase  - disconnectFromJMS(): session closed. alias: t_client_JMS_QueueAliasCTS
4865 [main] DEBUG com.baxter.junit.BaxterTestCase  - disconnectFromJMS(): session closed. alias: t_client_JMS_QueueAliasCTS
[2011-05-31 15:14:47,419][DEBUG] - disconnectFromJMS(): connection closed. alias: t_client_JMS_QueueAliasCTS
4867 [main] DEBUG com.baxter.junit.BaxterTestCase  - disconnectFromJMS(): connection closed. alias: t_client_JMS_QueueAliasCTS
4867 [main] DEBUG com.baxter.junit.BaxterTestCase  - disconnectFromJMS(): connection closed. alias: t_client_JMS_QueueAliasCTS
[2011-05-31 15:14:47,419][DEBUG] - GeneralServerUserSession.shutdown() udpMessageSender is shutting down. userId: t General session
4867 [main] DEBUG com.baxter.junit.BaxterTestCase  - GeneralServerUserSession.shutdown() udpMessageSender is shutting down. userId: t General session
4867 [main] DEBUG com.baxter.junit.BaxterTestCase  - GeneralServerUserSession.shutdown() udpMessageSender is shutting down. userId: t General session
[2011-05-31 15:14:47,419][DEBUG] - UserSession.shutdown(): shutdown invoked. userId: t General session
4867 [main] DEBUG com.baxter.junit.BaxterTestCase  - UserSession.shutdown(): shutdown invoked. userId: t General session
4867 [main] DEBUG com.baxter.junit.BaxterTestCase  - UserSession.shutdown(): shutdown invoked. userId: t General session
[2011-05-31 15:14:47,419][DEBUG] - ObjectUpdaterThread.stopService() is invoked... threadName: MessageReceiver userId: t General session
4867 [main] DEBUG com.baxter.junit.BaxterTestCase  - ObjectUpdaterThread.stopService() is invoked... threadName: MessageReceiver userId: t General session
4867 [main] DEBUG com.baxter.junit.BaxterTestCase  - ObjectUpdaterThread.stopService() is invoked... threadName: MessageReceiver userId: t General session
[2011-05-31 15:14:47,419][INFO] - ObjectUpdaterThread.run(): threadName: MessageReceiver userId: t General session method run ended...
4867 [MessageReceiver userId: t General session] INFO com.baxter.junit.BaxterTestCase  - ObjectUpdaterThread.run(): threadName: MessageReceiver userId: t General session method run ended...
4867 [MessageReceiver userId: t General session] INFO com.baxter.junit.BaxterTestCase  - ObjectUpdaterThread.run(): threadName: MessageReceiver userId: t General session method run ended...
[2011-05-31 15:14:47,419][DEBUG] - ObjectUpdaterThread.stopService() is invoked... threadName: MessageSender userId: t General session
4867 [main] DEBUG com.baxter.junit.BaxterTestCase  - ObjectUpdaterThread.stopService() is invoked... threadName: MessageSender userId: t General session
4867 [main] DEBUG com.baxter.junit.BaxterTestCase  - ObjectUpdaterThread.stopService() is invoked... threadName: MessageSender userId: t General session
[2011-05-31 15:14:47,419][TRACE] - removeChannel(): alias: t_JMS_QueueAliasCTS
4867 [main] TRACE com.baxter.junit.BaxterTestCase  - removeChannel(): alias: t_JMS_QueueAliasCTS
4867 [main] TRACE com.baxter.junit.BaxterTestCase  - removeChannel(): alias: t_JMS_QueueAliasCTS
[2011-05-31 15:14:47,419][INFO] - ObjectUpdaterThread.run(): threadName: MessageSender userId: t General session method run ended...
4867 [MessageSender userId: t General session] INFO com.baxter.junit.BaxterTestCase  - ObjectUpdaterThread.run(): threadName: MessageSender userId: t General session method run ended...
4867 [MessageSender userId: t General session] INFO com.baxter.junit.BaxterTestCase  - ObjectUpdaterThread.run(): threadName: MessageSender userId: t General session method run ended...
[2011-05-31 15:14:47,421][DEBUG] - disconnectFromJMS(): receiver closed. alias: t_JMS_QueueAliasCTS
4869 [main] DEBUG com.baxter.junit.BaxterTestCase  - disconnectFromJMS(): receiver closed. alias: t_JMS_QueueAliasCTS
4869 [main] DEBUG com.baxter.junit.BaxterTestCase  - disconnectFromJMS(): receiver closed. alias: t_JMS_QueueAliasCTS
[2011-05-31 15:14:47,422][DEBUG] - disconnectFromJMS(): session closed. alias: t_JMS_QueueAliasCTS
4870 [main] DEBUG com.baxter.junit.BaxterTestCase  - disconnectFromJMS(): session closed. alias: t_JMS_QueueAliasCTS
4870 [main] DEBUG com.baxter.junit.BaxterTestCase  - disconnectFromJMS(): session closed. alias: t_JMS_QueueAliasCTS
[2011-05-31 15:14:47,424][DEBUG] - disconnectFromJMS(): connection closed. alias: t_JMS_QueueAliasCTS
4872 [main] DEBUG com.baxter.junit.BaxterTestCase  - disconnectFromJMS(): connection closed. alias: t_JMS_QueueAliasCTS
4872 [main] DEBUG com.baxter.junit.BaxterTestCase  - disconnectFromJMS(): connection closed. alias: t_JMS_QueueAliasCTS
[2011-05-31 15:14:47,424][TRACE] - removeChannel(): alias: t_JMS_QueueAliasSTC
4872 [main] TRACE com.baxter.junit.BaxterTestCase  - removeChannel(): alias: t_JMS_QueueAliasSTC
4872 [main] TRACE com.baxter.junit.BaxterTestCase  - removeChannel(): alias: t_JMS_QueueAliasSTC
[2011-05-31 15:14:47,426][DEBUG] - disconnectFromJMS(): session closed. alias: t_JMS_QueueAliasSTC
4874 [main] DEBUG com.baxter.junit.BaxterTestCase  - disconnectFromJMS(): session closed. alias: t_JMS_QueueAliasSTC
4874 [main] DEBUG com.baxter.junit.BaxterTestCase  - disconnectFromJMS(): session closed. alias: t_JMS_QueueAliasSTC
[2011-05-31 15:14:47,428][DEBUG] - disconnectFromJMS(): connection closed. alias: t_JMS_QueueAliasSTC
4876 [main] DEBUG com.baxter.junit.BaxterTestCase  - disconnectFromJMS(): connection closed. alias: t_JMS_QueueAliasSTC
4876 [main] DEBUG com.baxter.junit.BaxterTestCase  - disconnectFromJMS(): connection closed. alias: t_JMS_QueueAliasSTC
[2011-05-31 15:14:47,428][DEBUG] - ObjectUpdaterThread.stopService() is invoked... threadName: com.baxter.cdtradesupervisor.UserSession$MessageReceiverObjectUpdaterThread
4876 [main] DEBUG com.baxter.junit.BaxterTestCase  - ObjectUpdaterThread.stopService() is invoked... threadName: com.baxter.cdtradesupervisor.UserSession$MessageReceiverObjectUpdaterThread
4876 [main] DEBUG com.baxter.junit.BaxterTestCase  - ObjectUpdaterThread.stopService() is invoked... threadName: com.baxter.cdtradesupervisor.UserSession$MessageReceiverObjectUpdaterThread
[2011-05-31 15:14:47,428][DEBUG] - ObjectUpdaterThread.stopService() is invoked... threadName: com.baxter.cdtradesupervisor.UserSession$MessageSenderObjectUpdaterThread
4876 [main] DEBUG com.baxter.junit.BaxterTestCase  - ObjectUpdaterThread.stopService() is invoked... threadName: com.baxter.cdtradesupervisor.UserSession$MessageSenderObjectUpdaterThread
4876 [main] DEBUG com.baxter.junit.BaxterTestCase  - ObjectUpdaterThread.stopService() is invoked... threadName: com.baxter.cdtradesupervisor.UserSession$MessageSenderObjectUpdaterThread
</system-out>
    <system-err>Converted relativePath: /conf/jms_JUnit.ini to: /home/cddev/.qa/jenkins/workspace/currency-dealing/target/test-classes/conf/jms_JUnit.iniConverted relativePath: /conf/jms_JUnit.ini to: /home/cddev/.qa/jenkins/workspace/currency-dealing/target/test-classes/conf/jms_JUnit.iniFailed to initalize plugin: org.jboss.logging.log4j.Log4jLoggerPlugin@20e183e9, cause: java.lang.AbstractMethodError: org.jboss.logging.log4j.Log4jLoggerPlugin.getInstance(Ljava/lang/String;Ljava/lang/String;)Lorg/jboss/logging/LoggerPluginInstance;Failed to initalize plugin: org.jboss.logging.log4j.Log4jLoggerPlugin@1cee1ede, cause: java.lang.AbstractMethodError: org.jboss.logging.log4j.Log4jLoggerPlugin.getInstance(Ljava/lang/String;Ljava/lang/String;)Lorg/jboss/logging/LoggerPluginInstance;Converted relativePath: /conf/jms_JUnit.ini to: /home/cddev/.qa/jenkins/workspace/currency-dealing/target/test-classes/conf/jms_JUnit.ini</system-err>
  </testcase>
  <testcase time="0.032" classname="com.baxter.cdtradesupervisor.TestUserSession" name="testClientServerSessionGapFill">
    <failure message="expected:&lt;5&gt; but was:&lt;0&gt;" type="junit.framework.AssertionFailedError">junit.framework.AssertionFailedError: expected:&lt;5&gt; but was:&lt;0&gt;
	at junit.framework.Assert.fail(Assert.java:47)
	at junit.framework.Assert.failNotEquals(Assert.java:283)
	at junit.framework.Assert.assertEquals(Assert.java:64)
	at junit.framework.Assert.assertEquals(Assert.java:130)
	at junit.framework.Assert.assertEquals(Assert.java:136)
	at com.baxter.cdtradesupervisor.TestUserSession.testClientServerSessionGapFill(TestUserSession.java:584)
	at sun.reflect.NativeMethodAccessorImpl.invoke0(Native Method)
	at sun.reflect.NativeMethodAccessorImpl.invoke(NativeMethodAccessorImpl.java:39)
	at sun.reflect.DelegatingMethodAccessorImpl.invoke(DelegatingMethodAccessorImpl.java:25)
	at java.lang.reflect.Method.invoke(Method.java:597)
	at junit.framework.TestCase.runTest(TestCase.java:168)
	at junit.framework.TestCase.runBare(TestCase.java:134)
	at junit.framework.TestResult$1.protect(TestResult.java:110)
	at junit.framework.TestResult.runProtected(TestResult.java:128)
	at junit.framework.TestResult.run(TestResult.java:113)
	at junit.framework.TestCase.run(TestCase.java:124)
	at junit.framework.TestSuite.runTest(TestSuite.java:243)
	at junit.framework.TestSuite.run(TestSuite.java:238)
	at org.junit.internal.runners.JUnit38ClassRunner.run(JUnit38ClassRunner.java:83)
	at org.junit.runners.Suite.runChild(Suite.java:128)
	at org.junit.runners.Suite.runChild(Suite.java:24)
	at org.junit.runners.ParentRunner$3.run(ParentRunner.java:193)
	at org.junit.runners.ParentRunner$1.schedule(ParentRunner.java:52)
	at org.junit.runners.ParentRunner.runChildren(ParentRunner.java:191)
	at org.junit.runners.ParentRunner.access$000(ParentRunner.java:42)
	at org.junit.runners.ParentRunner$2.evaluate(ParentRunner.java:184)
	at org.junit.runners.ParentRunner.run(ParentRunner.java:236)
	at org.junit.runner.JUnitCore.run(JUnitCore.java:157)
	at org.junit.runner.JUnitCore.run(JUnitCore.java:136)
	at org.junit.runner.JUnitCore.run(JUnitCore.java:127)
	at org.apache.maven.surefire.junitcore.JUnitCoreWrapper.execute(JUnitCoreWrapper.java:52)
	at org.apache.maven.surefire.junitcore.JUnitCoreProvider.invoke(JUnitCoreProvider.java:109)
	at sun.reflect.NativeMethodAccessorImpl.invoke0(Native Method)
	at sun.reflect.NativeMethodAccessorImpl.invoke(NativeMethodAccessorImpl.java:39)
	at sun.reflect.DelegatingMethodAccessorImpl.invoke(DelegatingMethodAccessorImpl.java:25)
	at java.lang.reflect.Method.invoke(Method.java:597)
	at org.apache.maven.surefire.booter.ProviderFactory$ClassLoaderProxy.invoke(ProviderFactory.java:103)
	at $Proxy0.invoke(Unknown Source)
	at org.apache.maven.surefire.booter.SurefireStarter.invokeProvider(SurefireStarter.java:150)
	at org.apache.maven.surefire.booter.SurefireStarter.runSuitesInProcess(SurefireStarter.java:74)
	at org.apache.maven.surefire.booter.ForkedBooter.main(ForkedBooter.java:69)
</failure>
    <system-out>UserSession.UserSession() - hbSender: Thread[HeartBeatSender,5,main]MyUserSession: UserSession: userId:thbSender: Thread[HeartBeatSender,5,main][2011-05-31 15:14:47,439][DEBUG] - UserSession(): session is creating. userId: t General session
4887 [main] DEBUG com.baxter.junit.BaxterTestCase  - UserSession(): session is creating. userId: t General session
4887 [main] DEBUG com.baxter.junit.BaxterTestCase  - UserSession(): session is creating. userId: t General session
4887 [main] DEBUG com.baxter.junit.BaxterTestCase  - UserSession(): session is creating. userId: t General session
[2011-05-31 15:14:47,440][TRACE] - UserSession.UserSession(): MAX_ENTRIES_OF_MESSAGEHISTORY=100 JMS_HEARTBEAT_DELAY=5000 MAX_JMS_SESSION_STARTUP_DELAY=500 MAX_HEARTBEAT_TOLERANCE=5000 MAX_SIZE_OF_HOLD_UP_LIST=100 userId: t General session
4888 [main] TRACE com.baxter.junit.BaxterTestCase  - UserSession.UserSession(): MAX_ENTRIES_OF_MESSAGEHISTORY=100 JMS_HEARTBEAT_DELAY=5000 MAX_JMS_SESSION_STARTUP_DELAY=500 MAX_HEARTBEAT_TOLERANCE=5000 MAX_SIZE_OF_HOLD_UP_LIST=100 userId: t General session
4888 [main] TRACE com.baxter.junit.BaxterTestCase  - UserSession.UserSession(): MAX_ENTRIES_OF_MESSAGEHISTORY=100 JMS_HEARTBEAT_DELAY=5000 MAX_JMS_SESSION_STARTUP_DELAY=500 MAX_HEARTBEAT_TOLERANCE=5000 MAX_SIZE_OF_HOLD_UP_LIST=100 userId: t General session
4888 [main] TRACE com.baxter.junit.BaxterTestCase  - UserSession.UserSession(): MAX_ENTRIES_OF_MESSAGEHISTORY=100 JMS_HEARTBEAT_DELAY=5000 MAX_JMS_SESSION_STARTUP_DELAY=500 MAX_HEARTBEAT_TOLERANCE=5000 MAX_SIZE_OF_HOLD_UP_LIST=100 userId: t General session
[2011-05-31 15:14:47,440][TRACE] - UserSession.UserSession(): userListForSelector=[t] userId: t General session
4888 [main] TRACE com.baxter.junit.BaxterTestCase  - UserSession.UserSession(): userListForSelector=[t] userId: t General session
4888 [main] TRACE com.baxter.junit.BaxterTestCase  - UserSession.UserSession(): userListForSelector=[t] userId: t General session
4888 [main] TRACE com.baxter.junit.BaxterTestCase  - UserSession.UserSession(): userListForSelector=[t] userId: t General session
[2011-05-31 15:14:47,440][DEBUG] - GeneralClientUserSession.setupJMS() is invoked. userId: t General session
4888 [main] DEBUG com.baxter.junit.BaxterTestCase  - GeneralClientUserSession.setupJMS() is invoked. userId: t General session
4888 [main] DEBUG com.baxter.junit.BaxterTestCase  - GeneralClientUserSession.setupJMS() is invoked. userId: t General session
4888 [main] DEBUG com.baxter.junit.BaxterTestCase  - GeneralClientUserSession.setupJMS() is invoked. userId: t General session
[2011-05-31 15:14:47,441][DEBUG] - GeneralClientUserSession.setupJMS() providerURL: jnp://192.168.9.33:1099
		contextFactory: org.jnp.interfaces.NamingContextFactory
		queueFactoryName: /ConnectionFactory
		JMS_ServerToClientQueue: t_JMS_ServerToClientQueue@router1
		JMS_ClientToServerQueue: t_JMS_ClientToServerQueue@router1
		timeToLive: 30000
		queueAliasForSending: t_client_JMS_QueueAliasCTS
		qqueueAliasForReceiving: t_client_JMS_QueueAliasSTC userId: t General session
4889 [main] DEBUG com.baxter.junit.BaxterTestCase  - GeneralClientUserSession.setupJMS() providerURL: jnp://192.168.9.33:1099
		contextFactory: org.jnp.interfaces.NamingContextFactory
		queueFactoryName: /ConnectionFactory
		JMS_ServerToClientQueue: t_JMS_ServerToClientQueue@router1
		JMS_ClientToServerQueue: t_JMS_ClientToServerQueue@router1
		timeToLive: 30000
		queueAliasForSending: t_client_JMS_QueueAliasCTS
		qqueueAliasForReceiving: t_client_JMS_QueueAliasSTC userId: t General session
4889 [main] DEBUG com.baxter.junit.BaxterTestCase  - GeneralClientUserSession.setupJMS() providerURL: jnp://192.168.9.33:1099
		contextFactory: org.jnp.interfaces.NamingContextFactory
		queueFactoryName: /ConnectionFactory
		JMS_ServerToClientQueue: t_JMS_ServerToClientQueue@router1
		JMS_ClientToServerQueue: t_JMS_ClientToServerQueue@router1
		timeToLive: 30000
		queueAliasForSending: t_client_JMS_QueueAliasCTS
		qqueueAliasForReceiving: t_client_JMS_QueueAliasSTC userId: t General session
4889 [main] DEBUG com.baxter.junit.BaxterTestCase  - GeneralClientUserSession.setupJMS() providerURL: jnp://192.168.9.33:1099
		contextFactory: org.jnp.interfaces.NamingContextFactory
		queueFactoryName: /ConnectionFactory
		JMS_ServerToClientQueue: t_JMS_ServerToClientQueue@router1
		JMS_ClientToServerQueue: t_JMS_ClientToServerQueue@router1
		timeToLive: 30000
		queueAliasForSending: t_client_JMS_QueueAliasCTS
		qqueueAliasForReceiving: t_client_JMS_QueueAliasSTC userId: t General session
[2011-05-31 15:14:47,441][TRACE] - getInitialContext(): providerURL: jnp://192.168.9.33:1099 INITIAL_CONTEXT_FACTORY: org.jnp.interfaces.NamingContextFactory
4889 [main] TRACE com.baxter.junit.BaxterTestCase  - getInitialContext(): providerURL: jnp://192.168.9.33:1099 INITIAL_CONTEXT_FACTORY: org.jnp.interfaces.NamingContextFactory
4889 [main] TRACE com.baxter.junit.BaxterTestCase  - getInitialContext(): providerURL: jnp://192.168.9.33:1099 INITIAL_CONTEXT_FACTORY: org.jnp.interfaces.NamingContextFactory
4889 [main] TRACE com.baxter.junit.BaxterTestCase  - getInitialContext(): providerURL: jnp://192.168.9.33:1099 INITIAL_CONTEXT_FACTORY: org.jnp.interfaces.NamingContextFactory
[2011-05-31 15:14:47,441][TRACE] - connectToJMS(): channelName: t_JMS_ServerToClientQueue@router1, lookup QUEUE_CONNECTION_FACTORY: /ConnectionFactory
4889 [main] TRACE com.baxter.junit.BaxterTestCase  - connectToJMS(): channelName: t_JMS_ServerToClientQueue@router1, lookup QUEUE_CONNECTION_FACTORY: /ConnectionFactory
4889 [main] TRACE com.baxter.junit.BaxterTestCase  - connectToJMS(): channelName: t_JMS_ServerToClientQueue@router1, lookup QUEUE_CONNECTION_FACTORY: /ConnectionFactory
4889 [main] TRACE com.baxter.junit.BaxterTestCase  - connectToJMS(): channelName: t_JMS_ServerToClientQueue@router1, lookup QUEUE_CONNECTION_FACTORY: /ConnectionFactory
[2011-05-31 15:14:47,441][TRACE] - ContextWatchThread.run(): initialContext OK...
4889 [Thread-36] TRACE com.baxter.junit.BaxterTestCase  - ContextWatchThread.run(): initialContext OK...
4889 [Thread-36] TRACE com.baxter.junit.BaxterTestCase  - ContextWatchThread.run(): initialContext OK...
4889 [Thread-36] TRACE com.baxter.junit.BaxterTestCase  - ContextWatchThread.run(): initialContext OK...
[2011-05-31 15:14:47,462][TRACE] - connectToJMS(): channelName: t_JMS_ServerToClientQueue@router1, createQueueConnection()
4910 [main] TRACE com.baxter.junit.BaxterTestCase  - connectToJMS(): channelName: t_JMS_ServerToClientQueue@router1, createQueueConnection()
4910 [main] TRACE com.baxter.junit.BaxterTestCase  - connectToJMS(): channelName: t_JMS_ServerToClientQueue@router1, createQueueConnection()
4910 [main] TRACE com.baxter.junit.BaxterTestCase  - connectToJMS(): channelName: t_JMS_ServerToClientQueue@router1, createQueueConnection()
[2011-05-31 15:14:47,462][TRACE] - connectToJMS(): channelName: t_JMS_ServerToClientQueue@router1, createTopicConnection()
4910 [main] TRACE com.baxter.junit.BaxterTestCase  - connectToJMS(): channelName: t_JMS_ServerToClientQueue@router1, createTopicConnection()
4910 [main] TRACE com.baxter.junit.BaxterTestCase  - connectToJMS(): channelName: t_JMS_ServerToClientQueue@router1, createTopicConnection()
4910 [main] TRACE com.baxter.junit.BaxterTestCase  - connectToJMS(): channelName: t_JMS_ServerToClientQueue@router1, createTopicConnection()
[2011-05-31 15:14:47,466][TRACE] - connectToJMS(): channelName: t_JMS_ServerToClientQueue@router1, setExceptionListener()
4914 [main] TRACE com.baxter.junit.BaxterTestCase  - connectToJMS(): channelName: t_JMS_ServerToClientQueue@router1, setExceptionListener()
4914 [main] TRACE com.baxter.junit.BaxterTestCase  - connectToJMS(): channelName: t_JMS_ServerToClientQueue@router1, setExceptionListener()
4914 [main] TRACE com.baxter.junit.BaxterTestCase  - connectToJMS(): channelName: t_JMS_ServerToClientQueue@router1, setExceptionListener()
[2011-05-31 15:14:47,466][TRACE] - connectToJMS(): channelName: t_JMS_ServerToClientQueue@router1, createQueueSession()
4914 [main] TRACE com.baxter.junit.BaxterTestCase  - connectToJMS(): channelName: t_JMS_ServerToClientQueue@router1, createQueueSession()
4914 [main] TRACE com.baxter.junit.BaxterTestCase  - connectToJMS(): channelName: t_JMS_ServerToClientQueue@router1, createQueueSession()
4914 [main] TRACE com.baxter.junit.BaxterTestCase  - connectToJMS(): channelName: t_JMS_ServerToClientQueue@router1, createQueueSession()
[2011-05-31 15:14:47,467][TRACE] - connectToJMS(): channelName: t_JMS_ServerToClientQueue@router1, lookup channelName: t_JMS_ServerToClientQueue@router1
4915 [main] TRACE com.baxter.junit.BaxterTestCase  - connectToJMS(): channelName: t_JMS_ServerToClientQueue@router1, lookup channelName: t_JMS_ServerToClientQueue@router1
4915 [main] TRACE com.baxter.junit.BaxterTestCase  - connectToJMS(): channelName: t_JMS_ServerToClientQueue@router1, lookup channelName: t_JMS_ServerToClientQueue@router1
4915 [main] TRACE com.baxter.junit.BaxterTestCase  - connectToJMS(): channelName: t_JMS_ServerToClientQueue@router1, lookup channelName: t_JMS_ServerToClientQueue@router1
[2011-05-31 15:14:47,472][TRACE] - connectToJMS(): channelName: t_JMS_ServerToClientQueue@router1, initialContext.close()
4920 [main] TRACE com.baxter.junit.BaxterTestCase  - connectToJMS(): channelName: t_JMS_ServerToClientQueue@router1, initialContext.close()
4920 [main] TRACE com.baxter.junit.BaxterTestCase  - connectToJMS(): channelName: t_JMS_ServerToClientQueue@router1, initialContext.close()
4920 [main] TRACE com.baxter.junit.BaxterTestCase  - connectToJMS(): channelName: t_JMS_ServerToClientQueue@router1, initialContext.close()
[2011-05-31 15:14:47,472][TRACE] - connectToJMS(): channelName: t_JMS_ServerToClientQueue@router1, createReceiver()
4920 [main] TRACE com.baxter.junit.BaxterTestCase  - connectToJMS(): channelName: t_JMS_ServerToClientQueue@router1, createReceiver()
4920 [main] TRACE com.baxter.junit.BaxterTestCase  - connectToJMS(): channelName: t_JMS_ServerToClientQueue@router1, createReceiver()
4920 [main] TRACE com.baxter.junit.BaxterTestCase  - connectToJMS(): channelName: t_JMS_ServerToClientQueue@router1, createReceiver()
[2011-05-31 15:14:47,474][TRACE] - connectToJMS(): successfully connected...  alias: t_client_JMS_QueueAliasSTC providerURL: jnp://192.168.9.33:1099 channelName: t_JMS_ServerToClientQueue@router1 ackMode: 1 messageTimeToLive: 30000 deliveryMode: 1 isSender: false messageListener: null userName: null password: null
4922 [main] TRACE com.baxter.junit.BaxterTestCase  - connectToJMS(): successfully connected...  alias: t_client_JMS_QueueAliasSTC providerURL: jnp://192.168.9.33:1099 channelName: t_JMS_ServerToClientQueue@router1 ackMode: 1 messageTimeToLive: 30000 deliveryMode: 1 isSender: false messageListener: null userName: null password: null
4922 [main] TRACE com.baxter.junit.BaxterTestCase  - connectToJMS(): successfully connected...  alias: t_client_JMS_QueueAliasSTC providerURL: jnp://192.168.9.33:1099 channelName: t_JMS_ServerToClientQueue@router1 ackMode: 1 messageTimeToLive: 30000 deliveryMode: 1 isSender: false messageListener: null userName: null password: null
4922 [main] TRACE com.baxter.junit.BaxterTestCase  - connectToJMS(): successfully connected...  alias: t_client_JMS_QueueAliasSTC providerURL: jnp://192.168.9.33:1099 channelName: t_JMS_ServerToClientQueue@router1 ackMode: 1 messageTimeToLive: 30000 deliveryMode: 1 isSender: false messageListener: null userName: null password: null
[2011-05-31 15:14:47,474][TRACE] - getInitialContext(): providerURL: jnp://192.168.9.33:1099 INITIAL_CONTEXT_FACTORY: org.jnp.interfaces.NamingContextFactory
4922 [main] TRACE com.baxter.junit.BaxterTestCase  - getInitialContext(): providerURL: jnp://192.168.9.33:1099 INITIAL_CONTEXT_FACTORY: org.jnp.interfaces.NamingContextFactory
4922 [main] TRACE com.baxter.junit.BaxterTestCase  - getInitialContext(): providerURL: jnp://192.168.9.33:1099 INITIAL_CONTEXT_FACTORY: org.jnp.interfaces.NamingContextFactory
4922 [main] TRACE com.baxter.junit.BaxterTestCase  - getInitialContext(): providerURL: jnp://192.168.9.33:1099 INITIAL_CONTEXT_FACTORY: org.jnp.interfaces.NamingContextFactory
[2011-05-31 15:14:47,475][TRACE] - connectToJMS(): channelName: t_JMS_ClientToServerQueue@router1, lookup QUEUE_CONNECTION_FACTORY: /ConnectionFactory
4923 [main] TRACE com.baxter.junit.BaxterTestCase  - connectToJMS(): channelName: t_JMS_ClientToServerQueue@router1, lookup QUEUE_CONNECTION_FACTORY: /ConnectionFactory
4923 [main] TRACE com.baxter.junit.BaxterTestCase  - connectToJMS(): channelName: t_JMS_ClientToServerQueue@router1, lookup QUEUE_CONNECTION_FACTORY: /ConnectionFactory
4923 [main] TRACE com.baxter.junit.BaxterTestCase  - connectToJMS(): channelName: t_JMS_ClientToServerQueue@router1, lookup QUEUE_CONNECTION_FACTORY: /ConnectionFactory
[2011-05-31 15:14:47,475][TRACE] - ContextWatchThread.run(): initialContext OK...
4923 [Thread-37] TRACE com.baxter.junit.BaxterTestCase  - ContextWatchThread.run(): initialContext OK...
4923 [Thread-37] TRACE com.baxter.junit.BaxterTestCase  - ContextWatchThread.run(): initialContext OK...
4923 [Thread-37] TRACE com.baxter.junit.BaxterTestCase  - ContextWatchThread.run(): initialContext OK...
[2011-05-31 15:14:47,479][TRACE] - connectToJMS(): channelName: t_JMS_ClientToServerQueue@router1, createQueueConnection()
4927 [main] TRACE com.baxter.junit.BaxterTestCase  - connectToJMS(): channelName: t_JMS_ClientToServerQueue@router1, createQueueConnection()
4927 [main] TRACE com.baxter.junit.BaxterTestCase  - connectToJMS(): channelName: t_JMS_ClientToServerQueue@router1, createQueueConnection()
4927 [main] TRACE com.baxter.junit.BaxterTestCase  - connectToJMS(): channelName: t_JMS_ClientToServerQueue@router1, createQueueConnection()
[2011-05-31 15:14:47,479][TRACE] - connectToJMS(): channelName: t_JMS_ClientToServerQueue@router1, createTopicConnection()
4927 [main] TRACE com.baxter.junit.BaxterTestCase  - connectToJMS(): channelName: t_JMS_ClientToServerQueue@router1, createTopicConnection()
4927 [main] TRACE com.baxter.junit.BaxterTestCase  - connectToJMS(): channelName: t_JMS_ClientToServerQueue@router1, createTopicConnection()
4927 [main] TRACE com.baxter.junit.BaxterTestCase  - connectToJMS(): channelName: t_JMS_ClientToServerQueue@router1, createTopicConnection()
[2011-05-31 15:14:47,526][TRACE] - connectToJMS(): channelName: t_JMS_ClientToServerQueue@router1, setExceptionListener()
4974 [main] TRACE com.baxter.junit.BaxterTestCase  - connectToJMS(): channelName: t_JMS_ClientToServerQueue@router1, setExceptionListener()
4974 [main] TRACE com.baxter.junit.BaxterTestCase  - connectToJMS(): channelName: t_JMS_ClientToServerQueue@router1, setExceptionListener()
4974 [main] TRACE com.baxter.junit.BaxterTestCase  - connectToJMS(): channelName: t_JMS_ClientToServerQueue@router1, setExceptionListener()
[2011-05-31 15:14:47,526][TRACE] - connectToJMS(): channelName: t_JMS_ClientToServerQueue@router1, createQueueSession()
4974 [main] TRACE com.baxter.junit.BaxterTestCase  - connectToJMS(): channelName: t_JMS_ClientToServerQueue@router1, createQueueSession()
4974 [main] TRACE com.baxter.junit.BaxterTestCase  - connectToJMS(): channelName: t_JMS_ClientToServerQueue@router1, createQueueSession()
4974 [main] TRACE com.baxter.junit.BaxterTestCase  - connectToJMS(): channelName: t_JMS_ClientToServerQueue@router1, createQueueSession()
[2011-05-31 15:14:47,534][TRACE] - connectToJMS(): channelName: t_JMS_ClientToServerQueue@router1, lookup channelName: t_JMS_ClientToServerQueue@router1
4982 [main] TRACE com.baxter.junit.BaxterTestCase  - connectToJMS(): channelName: t_JMS_ClientToServerQueue@router1, lookup channelName: t_JMS_ClientToServerQueue@router1
4982 [main] TRACE com.baxter.junit.BaxterTestCase  - connectToJMS(): channelName: t_JMS_ClientToServerQueue@router1, lookup channelName: t_JMS_ClientToServerQueue@router1
4982 [main] TRACE com.baxter.junit.BaxterTestCase  - connectToJMS(): channelName: t_JMS_ClientToServerQueue@router1, lookup channelName: t_JMS_ClientToServerQueue@router1
[2011-05-31 15:14:47,537][TRACE] - connectToJMS(): channelName: t_JMS_ClientToServerQueue@router1, initialContext.close()
4985 [main] TRACE com.baxter.junit.BaxterTestCase  - connectToJMS(): channelName: t_JMS_ClientToServerQueue@router1, initialContext.close()
4985 [main] TRACE com.baxter.junit.BaxterTestCase  - connectToJMS(): channelName: t_JMS_ClientToServerQueue@router1, initialContext.close()
4985 [main] TRACE com.baxter.junit.BaxterTestCase  - connectToJMS(): channelName: t_JMS_ClientToServerQueue@router1, initialContext.close()
[2011-05-31 15:14:47,537][TRACE] - connectToJMS(): channelName: t_JMS_ClientToServerQueue@router1, createSender()
4985 [main] TRACE com.baxter.junit.BaxterTestCase  - connectToJMS(): channelName: t_JMS_ClientToServerQueue@router1, createSender()
4985 [main] TRACE com.baxter.junit.BaxterTestCase  - connectToJMS(): channelName: t_JMS_ClientToServerQueue@router1, createSender()
4985 [main] TRACE com.baxter.junit.BaxterTestCase  - connectToJMS(): channelName: t_JMS_ClientToServerQueue@router1, createSender()
[2011-05-31 15:14:47,539][TRACE] - connectToJMS(): successfully connected...  alias: t_client_JMS_QueueAliasCTS providerURL: jnp://192.168.9.33:1099 channelName: t_JMS_ClientToServerQueue@router1 ackMode: 1 messageTimeToLive: 30000 deliveryMode: 1 isSender: true messageListener: null userName: null password: null
4987 [main] TRACE com.baxter.junit.BaxterTestCase  - connectToJMS(): successfully connected...  alias: t_client_JMS_QueueAliasCTS providerURL: jnp://192.168.9.33:1099 channelName: t_JMS_ClientToServerQueue@router1 ackMode: 1 messageTimeToLive: 30000 deliveryMode: 1 isSender: true messageListener: null userName: null password: null
4987 [main] TRACE com.baxter.junit.BaxterTestCase  - connectToJMS(): successfully connected...  alias: t_client_JMS_QueueAliasCTS providerURL: jnp://192.168.9.33:1099 channelName: t_JMS_ClientToServerQueue@router1 ackMode: 1 messageTimeToLive: 30000 deliveryMode: 1 isSender: true messageListener: null userName: null password: null
4987 [main] TRACE com.baxter.junit.BaxterTestCase  - connectToJMS(): successfully connected...  alias: t_client_JMS_QueueAliasCTS providerURL: jnp://192.168.9.33:1099 channelName: t_JMS_ClientToServerQueue@router1 ackMode: 1 messageTimeToLive: 30000 deliveryMode: 1 isSender: true messageListener: null userName: null password: null
[2011-05-31 15:14:47,540][TRACE] - UserSession.UserSession(String, String, Logger, boolean):
messageSender: com.baxter.cdtradesupervisor.UserSession$MessageSenderObjectUpdaterThread@19f488f1 userId: t General session
4988 [main] TRACE com.baxter.junit.BaxterTestCase  - UserSession.UserSession(String, String, Logger, boolean):
messageSender: com.baxter.cdtradesupervisor.UserSession$MessageSenderObjectUpdaterThread@19f488f1 userId: t General session
4988 [main] TRACE com.baxter.junit.BaxterTestCase  - UserSession.UserSession(String, String, Logger, boolean):
messageSender: com.baxter.cdtradesupervisor.UserSession$MessageSenderObjectUpdaterThread@19f488f1 userId: t General session
4988 [main] TRACE com.baxter.junit.BaxterTestCase  - UserSession.UserSession(String, String, Logger, boolean):
messageSender: com.baxter.cdtradesupervisor.UserSession$MessageSenderObjectUpdaterThread@19f488f1 userId: t General session
[2011-05-31 15:14:47,541][TRACE] - ObjectUpdaterThread.run() threadName: MessageSender Start waiting... ListUpdated: false
4989 [MessageSender] TRACE com.baxter.junit.BaxterTestCase  - ObjectUpdaterThread.run() threadName: MessageSender Start waiting... ListUpdated: false
4989 [MessageSender] TRACE com.baxter.junit.BaxterTestCase  - ObjectUpdaterThread.run() threadName: MessageSender Start waiting... ListUpdated: false
4989 [MessageSender] TRACE com.baxter.junit.BaxterTestCase  - ObjectUpdaterThread.run() threadName: MessageSender Start waiting... ListUpdated: false
[2011-05-31 15:14:47,541][TRACE] - parameter read from /home/cddev/.qa/jenkins/workspace/currency-dealing/target/test-classes/conf/JUnit.ini: HEARTBEAT_MISSEDTHRESHOLD_RED_MSG: Network connection is unstable.
4989 [main] TRACE com.baxter.junit.BaxterTestCase  - parameter read from /home/cddev/.qa/jenkins/workspace/currency-dealing/target/test-classes/conf/JUnit.ini: HEARTBEAT_MISSEDTHRESHOLD_RED_MSG: Network connection is unstable.
4989 [main] TRACE com.baxter.junit.BaxterTestCase  - parameter read from /home/cddev/.qa/jenkins/workspace/currency-dealing/target/test-classes/conf/JUnit.ini: HEARTBEAT_MISSEDTHRESHOLD_RED_MSG: Network connection is unstable.
4989 [main] TRACE com.baxter.junit.BaxterTestCase  - parameter read from /home/cddev/.qa/jenkins/workspace/currency-dealing/target/test-classes/conf/JUnit.ini: HEARTBEAT_MISSEDTHRESHOLD_RED_MSG: Network connection is unstable.
[2011-05-31 15:14:47,541][DEBUG] - setupUDPMessageHandler()  UDP_BUFFER_LENGTH: 4096 UDP_PRICE_RECEIVER_MAX_LIST_SIZE: 100 IS_LOGGING_UDP_MESSAGES: false userId: t General session
4989 [main] DEBUG com.baxter.junit.BaxterTestCase  - setupUDPMessageHandler()  UDP_BUFFER_LENGTH: 4096 UDP_PRICE_RECEIVER_MAX_LIST_SIZE: 100 IS_LOGGING_UDP_MESSAGES: false userId: t General session
4989 [main] DEBUG com.baxter.junit.BaxterTestCase  - setupUDPMessageHandler()  UDP_BUFFER_LENGTH: 4096 UDP_PRICE_RECEIVER_MAX_LIST_SIZE: 100 IS_LOGGING_UDP_MESSAGES: false userId: t General session
4989 [main] DEBUG com.baxter.junit.BaxterTestCase  - setupUDPMessageHandler()  UDP_BUFFER_LENGTH: 4096 UDP_PRICE_RECEIVER_MAX_LIST_SIZE: 100 IS_LOGGING_UDP_MESSAGES: false userId: t General session
[2011-05-31 15:14:47,541][TRACE] - ObjectUpdaterThread.run() threadName: UDPMessageReceiverObjectUpdaterThread Start waiting... ListUpdated: false
4989 [UDPMessageReceiverObjectUpdaterThread] TRACE com.baxter.junit.BaxterTestCase  - ObjectUpdaterThread.run() threadName: UDPMessageReceiverObjectUpdaterThread Start waiting... ListUpdated: false
4989 [UDPMessageReceiverObjectUpdaterThread] TRACE com.baxter.junit.BaxterTestCase  - ObjectUpdaterThread.run() threadName: UDPMessageReceiverObjectUpdaterThread Start waiting... ListUpdated: false
4989 [UDPMessageReceiverObjectUpdaterThread] TRACE com.baxter.junit.BaxterTestCase  - ObjectUpdaterThread.run() threadName: UDPMessageReceiverObjectUpdaterThread Start waiting... ListUpdated: false
[2011-05-31 15:14:47,542][DEBUG] - UserSession(): session is creating. userId: t General session
4990 [main] DEBUG com.baxter.junit.BaxterTestCase  - UserSession(): session is creating. userId: t General session
4990 [main] DEBUG com.baxter.junit.BaxterTestCase  - UserSession(): session is creating. userId: t General session
4990 [main] DEBUG com.baxter.junit.BaxterTestCase  - UserSession(): session is creating. userId: t General session
[2011-05-31 15:14:47,543][TRACE] - UserSession.UserSession(): MAX_ENTRIES_OF_MESSAGEHISTORY=100 JMS_HEARTBEAT_DELAY=5000 MAX_JMS_SESSION_STARTUP_DELAY=500 MAX_HEARTBEAT_TOLERANCE=5000 MAX_SIZE_OF_HOLD_UP_LIST=100 userId: t General session
4991 [main] TRACE com.baxter.junit.BaxterTestCase  - UserSession.UserSession(): MAX_ENTRIES_OF_MESSAGEHISTORY=100 JMS_HEARTBEAT_DELAY=5000 MAX_JMS_SESSION_STARTUP_DELAY=500 MAX_HEARTBEAT_TOLERANCE=5000 MAX_SIZE_OF_HOLD_UP_LIST=100 userId: t General session
4991 [main] TRACE com.baxter.junit.BaxterTestCase  - UserSession.UserSession(): MAX_ENTRIES_OF_MESSAGEHISTORY=100 JMS_HEARTBEAT_DELAY=5000 MAX_JMS_SESSION_STARTUP_DELAY=500 MAX_HEARTBEAT_TOLERANCE=5000 MAX_SIZE_OF_HOLD_UP_LIST=100 userId: t General session
4991 [main] TRACE com.baxter.junit.BaxterTestCase  - UserSession.UserSession(): MAX_ENTRIES_OF_MESSAGEHISTORY=100 JMS_HEARTBEAT_DELAY=5000 MAX_JMS_SESSION_STARTUP_DELAY=500 MAX_HEARTBEAT_TOLERANCE=5000 MAX_SIZE_OF_HOLD_UP_LIST=100 userId: t General session
[2011-05-31 15:14:47,543][TRACE] - UserSession.UserSession(): userListForSelector=[t, t1] userId: t General session
4991 [main] TRACE com.baxter.junit.BaxterTestCase  - UserSession.UserSession(): userListForSelector=[t, t1] userId: t General session
4991 [main] TRACE com.baxter.junit.BaxterTestCase  - UserSession.UserSession(): userListForSelector=[t, t1] userId: t General session
4991 [main] TRACE com.baxter.junit.BaxterTestCase  - UserSession.UserSession(): userListForSelector=[t, t1] userId: t General session
[2011-05-31 15:14:47,543][TRACE] - GeneralServerUserSession.setupJMS() is invoked. userId: t General session
4991 [main] TRACE com.baxter.junit.BaxterTestCase  - GeneralServerUserSession.setupJMS() is invoked. userId: t General session
4991 [main] TRACE com.baxter.junit.BaxterTestCase  - GeneralServerUserSession.setupJMS() is invoked. userId: t General session
4991 [main] TRACE com.baxter.junit.BaxterTestCase  - GeneralServerUserSession.setupJMS() is invoked. userId: t General session
[2011-05-31 15:14:47,544][TRACE] - GeneralServerUserSession.setupJMS() providerURL: jnp://192.168.9.33:1099
		contextFactory: org.jnp.interfaces.NamingContextFactory
		queueFactoryName: /ConnectionFactory
		JMS_ServerToClientQueue: t_JMS_ServerToClientQueue@router1
		JMS_ClientToServerQueue: t_JMS_ClientToServerQueue@router1
		timeToLive: 30000
		queueAliasForSending: t_JMS_QueueAliasSTC
		qqueueAliasForReceiving: t_JMS_QueueAliasCTS userId: t General session
4992 [main] TRACE com.baxter.junit.BaxterTestCase  - GeneralServerUserSession.setupJMS() providerURL: jnp://192.168.9.33:1099
		contextFactory: org.jnp.interfaces.NamingContextFactory
		queueFactoryName: /ConnectionFactory
		JMS_ServerToClientQueue: t_JMS_ServerToClientQueue@router1
		JMS_ClientToServerQueue: t_JMS_ClientToServerQueue@router1
		timeToLive: 30000
		queueAliasForSending: t_JMS_QueueAliasSTC
		qqueueAliasForReceiving: t_JMS_QueueAliasCTS userId: t General session
4992 [main] TRACE com.baxter.junit.BaxterTestCase  - GeneralServerUserSession.setupJMS() providerURL: jnp://192.168.9.33:1099
		contextFactory: org.jnp.interfaces.NamingContextFactory
		queueFactoryName: /ConnectionFactory
		JMS_ServerToClientQueue: t_JMS_ServerToClientQueue@router1
		JMS_ClientToServerQueue: t_JMS_ClientToServerQueue@router1
		timeToLive: 30000
		queueAliasForSending: t_JMS_QueueAliasSTC
		qqueueAliasForReceiving: t_JMS_QueueAliasCTS userId: t General session
4992 [main] TRACE com.baxter.junit.BaxterTestCase  - GeneralServerUserSession.setupJMS() providerURL: jnp://192.168.9.33:1099
		contextFactory: org.jnp.interfaces.NamingContextFactory
		queueFactoryName: /ConnectionFactory
		JMS_ServerToClientQueue: t_JMS_ServerToClientQueue@router1
		JMS_ClientToServerQueue: t_JMS_ClientToServerQueue@router1
		timeToLive: 30000
		queueAliasForSending: t_JMS_QueueAliasSTC
		qqueueAliasForReceiving: t_JMS_QueueAliasCTS userId: t General session
[2011-05-31 15:14:47,544][TRACE] - getInitialContext(): providerURL: jnp://192.168.9.33:1099 INITIAL_CONTEXT_FACTORY: org.jnp.interfaces.NamingContextFactory
4992 [main] TRACE com.baxter.junit.BaxterTestCase  - getInitialContext(): providerURL: jnp://192.168.9.33:1099 INITIAL_CONTEXT_FACTORY: org.jnp.interfaces.NamingContextFactory
4992 [main] TRACE com.baxter.junit.BaxterTestCase  - getInitialContext(): providerURL: jnp://192.168.9.33:1099 INITIAL_CONTEXT_FACTORY: org.jnp.interfaces.NamingContextFactory
4992 [main] TRACE com.baxter.junit.BaxterTestCase  - getInitialContext(): providerURL: jnp://192.168.9.33:1099 INITIAL_CONTEXT_FACTORY: org.jnp.interfaces.NamingContextFactory
[2011-05-31 15:14:47,542][TRACE] - ObjectUpdaterThread.run() threadName: MessageReceiver Start waiting... ListUpdated: false
4990 [MessageReceiver userId: t General session] TRACE com.baxter.junit.BaxterTestCase  - ObjectUpdaterThread.run() threadName: MessageReceiver Start waiting... ListUpdated: false
4990 [MessageReceiver userId: t General session] TRACE com.baxter.junit.BaxterTestCase  - ObjectUpdaterThread.run() threadName: MessageReceiver Start waiting... ListUpdated: false
4990 [MessageReceiver userId: t General session] TRACE com.baxter.junit.BaxterTestCase  - ObjectUpdaterThread.run() threadName: MessageReceiver Start waiting... ListUpdated: false
[2011-05-31 15:14:47,564][TRACE] - connectToJMS(): channelName: t_JMS_ServerToClientQueue@router1, lookup QUEUE_CONNECTION_FACTORY: /ConnectionFactory
5012 [main] TRACE com.baxter.junit.BaxterTestCase  - connectToJMS(): channelName: t_JMS_ServerToClientQueue@router1, lookup QUEUE_CONNECTION_FACTORY: /ConnectionFactory
5012 [main] TRACE com.baxter.junit.BaxterTestCase  - connectToJMS(): channelName: t_JMS_ServerToClientQueue@router1, lookup QUEUE_CONNECTION_FACTORY: /ConnectionFactory
5012 [main] TRACE com.baxter.junit.BaxterTestCase  - connectToJMS(): channelName: t_JMS_ServerToClientQueue@router1, lookup QUEUE_CONNECTION_FACTORY: /ConnectionFactory
[2011-05-31 15:14:47,564][TRACE] - ContextWatchThread.run(): initialContext OK...
5012 [Thread-43] TRACE com.baxter.junit.BaxterTestCase  - ContextWatchThread.run(): initialContext OK...
5012 [Thread-43] TRACE com.baxter.junit.BaxterTestCase  - ContextWatchThread.run(): initialContext OK...
5012 [Thread-43] TRACE com.baxter.junit.BaxterTestCase  - ContextWatchThread.run(): initialContext OK...
[2011-05-31 15:14:47,569][TRACE] - connectToJMS(): channelName: t_JMS_ServerToClientQueue@router1, createQueueConnection()
5017 [main] TRACE com.baxter.junit.BaxterTestCase  - connectToJMS(): channelName: t_JMS_ServerToClientQueue@router1, createQueueConnection()
5017 [main] TRACE com.baxter.junit.BaxterTestCase  - connectToJMS(): channelName: t_JMS_ServerToClientQueue@router1, createQueueConnection()
5017 [main] TRACE com.baxter.junit.BaxterTestCase  - connectToJMS(): channelName: t_JMS_ServerToClientQueue@router1, createQueueConnection()
[2011-05-31 15:14:47,569][TRACE] - connectToJMS(): channelName: t_JMS_ServerToClientQueue@router1, createTopicConnection()
5017 [main] TRACE com.baxter.junit.BaxterTestCase  - connectToJMS(): channelName: t_JMS_ServerToClientQueue@router1, createTopicConnection()
5017 [main] TRACE com.baxter.junit.BaxterTestCase  - connectToJMS(): channelName: t_JMS_ServerToClientQueue@router1, createTopicConnection()
5017 [main] TRACE com.baxter.junit.BaxterTestCase  - connectToJMS(): channelName: t_JMS_ServerToClientQueue@router1, createTopicConnection()
[2011-05-31 15:14:47,573][TRACE] - connectToJMS(): channelName: t_JMS_ServerToClientQueue@router1, setExceptionListener()
5021 [main] TRACE com.baxter.junit.BaxterTestCase  - connectToJMS(): channelName: t_JMS_ServerToClientQueue@router1, setExceptionListener()
5021 [main] TRACE com.baxter.junit.BaxterTestCase  - connectToJMS(): channelName: t_JMS_ServerToClientQueue@router1, setExceptionListener()
5021 [main] TRACE com.baxter.junit.BaxterTestCase  - connectToJMS(): channelName: t_JMS_ServerToClientQueue@router1, setExceptionListener()
[2011-05-31 15:14:47,573][TRACE] - connectToJMS(): channelName: t_JMS_ServerToClientQueue@router1, createQueueSession()
5021 [main] TRACE com.baxter.junit.BaxterTestCase  - connectToJMS(): channelName: t_JMS_ServerToClientQueue@router1, createQueueSession()
5021 [main] TRACE com.baxter.junit.BaxterTestCase  - connectToJMS(): channelName: t_JMS_ServerToClientQueue@router1, createQueueSession()
5021 [main] TRACE com.baxter.junit.BaxterTestCase  - connectToJMS(): channelName: t_JMS_ServerToClientQueue@router1, createQueueSession()
[2011-05-31 15:14:47,576][TRACE] - connectToJMS(): channelName: t_JMS_ServerToClientQueue@router1, lookup channelName: t_JMS_ServerToClientQueue@router1
5024 [main] TRACE com.baxter.junit.BaxterTestCase  - connectToJMS(): channelName: t_JMS_ServerToClientQueue@router1, lookup channelName: t_JMS_ServerToClientQueue@router1
5024 [main] TRACE com.baxter.junit.BaxterTestCase  - connectToJMS(): channelName: t_JMS_ServerToClientQueue@router1, lookup channelName: t_JMS_ServerToClientQueue@router1
5024 [main] TRACE com.baxter.junit.BaxterTestCase  - connectToJMS(): channelName: t_JMS_ServerToClientQueue@router1, lookup channelName: t_JMS_ServerToClientQueue@router1
[2011-05-31 15:14:47,580][TRACE] - connectToJMS(): channelName: t_JMS_ServerToClientQueue@router1, initialContext.close()
5028 [main] TRACE com.baxter.junit.BaxterTestCase  - connectToJMS(): channelName: t_JMS_ServerToClientQueue@router1, initialContext.close()
5028 [main] TRACE com.baxter.junit.BaxterTestCase  - connectToJMS(): channelName: t_JMS_ServerToClientQueue@router1, initialContext.close()
5028 [main] TRACE com.baxter.junit.BaxterTestCase  - connectToJMS(): channelName: t_JMS_ServerToClientQueue@router1, initialContext.close()
[2011-05-31 15:14:47,580][TRACE] - connectToJMS(): channelName: t_JMS_ServerToClientQueue@router1, createSender()
5028 [main] TRACE com.baxter.junit.BaxterTestCase  - connectToJMS(): channelName: t_JMS_ServerToClientQueue@router1, createSender()
5028 [main] TRACE com.baxter.junit.BaxterTestCase  - connectToJMS(): channelName: t_JMS_ServerToClientQueue@router1, createSender()
5028 [main] TRACE com.baxter.junit.BaxterTestCase  - connectToJMS(): channelName: t_JMS_ServerToClientQueue@router1, createSender()
[2011-05-31 15:14:47,582][TRACE] - connectToJMS(): successfully connected...  alias: t_JMS_QueueAliasSTC providerURL: jnp://192.168.9.33:1099 channelName: t_JMS_ServerToClientQueue@router1 ackMode: 1 messageTimeToLive: 30000 deliveryMode: 1 isSender: true messageListener: null userName: null password: null
5030 [main] TRACE com.baxter.junit.BaxterTestCase  - connectToJMS(): successfully connected...  alias: t_JMS_QueueAliasSTC providerURL: jnp://192.168.9.33:1099 channelName: t_JMS_ServerToClientQueue@router1 ackMode: 1 messageTimeToLive: 30000 deliveryMode: 1 isSender: true messageListener: null userName: null password: null
5030 [main] TRACE com.baxter.junit.BaxterTestCase  - connectToJMS(): successfully connected...  alias: t_JMS_QueueAliasSTC providerURL: jnp://192.168.9.33:1099 channelName: t_JMS_ServerToClientQueue@router1 ackMode: 1 messageTimeToLive: 30000 deliveryMode: 1 isSender: true messageListener: null userName: null password: null
5030 [main] TRACE com.baxter.junit.BaxterTestCase  - connectToJMS(): successfully connected...  alias: t_JMS_QueueAliasSTC providerURL: jnp://192.168.9.33:1099 channelName: t_JMS_ServerToClientQueue@router1 ackMode: 1 messageTimeToLive: 30000 deliveryMode: 1 isSender: true messageListener: null userName: null password: null
[2011-05-31 15:14:47,582][TRACE] - getInitialContext(): providerURL: jnp://192.168.9.33:1099 INITIAL_CONTEXT_FACTORY: org.jnp.interfaces.NamingContextFactory
5030 [main] TRACE com.baxter.junit.BaxterTestCase  - getInitialContext(): providerURL: jnp://192.168.9.33:1099 INITIAL_CONTEXT_FACTORY: org.jnp.interfaces.NamingContextFactory
5030 [main] TRACE com.baxter.junit.BaxterTestCase  - getInitialContext(): providerURL: jnp://192.168.9.33:1099 INITIAL_CONTEXT_FACTORY: org.jnp.interfaces.NamingContextFactory
5030 [main] TRACE com.baxter.junit.BaxterTestCase  - getInitialContext(): providerURL: jnp://192.168.9.33:1099 INITIAL_CONTEXT_FACTORY: org.jnp.interfaces.NamingContextFactory
[2011-05-31 15:14:47,582][TRACE] - connectToJMS(): channelName: t_JMS_ClientToServerQueue@router1, lookup QUEUE_CONNECTION_FACTORY: /ConnectionFactory
5030 [main] TRACE com.baxter.junit.BaxterTestCase  - connectToJMS(): channelName: t_JMS_ClientToServerQueue@router1, lookup QUEUE_CONNECTION_FACTORY: /ConnectionFactory
5030 [main] TRACE com.baxter.junit.BaxterTestCase  - connectToJMS(): channelName: t_JMS_ClientToServerQueue@router1, lookup QUEUE_CONNECTION_FACTORY: /ConnectionFactory
5030 [main] TRACE com.baxter.junit.BaxterTestCase  - connectToJMS(): channelName: t_JMS_ClientToServerQueue@router1, lookup QUEUE_CONNECTION_FACTORY: /ConnectionFactory
[2011-05-31 15:14:47,582][TRACE] - ContextWatchThread.run(): initialContext OK...
5030 [Thread-44] TRACE com.baxter.junit.BaxterTestCase  - ContextWatchThread.run(): initialContext OK...
5030 [Thread-44] TRACE com.baxter.junit.BaxterTestCase  - ContextWatchThread.run(): initialContext OK...
5030 [Thread-44] TRACE com.baxter.junit.BaxterTestCase  - ContextWatchThread.run(): initialContext OK...
[2011-05-31 15:14:47,619][TRACE] - connectToJMS(): channelName: t_JMS_ClientToServerQueue@router1, createQueueConnection()
5067 [main] TRACE com.baxter.junit.BaxterTestCase  - connectToJMS(): channelName: t_JMS_ClientToServerQueue@router1, createQueueConnection()
5067 [main] TRACE com.baxter.junit.BaxterTestCase  - connectToJMS(): channelName: t_JMS_ClientToServerQueue@router1, createQueueConnection()
5067 [main] TRACE com.baxter.junit.BaxterTestCase  - connectToJMS(): channelName: t_JMS_ClientToServerQueue@router1, createQueueConnection()
[2011-05-31 15:14:47,619][TRACE] - connectToJMS(): channelName: t_JMS_ClientToServerQueue@router1, createTopicConnection()
5067 [main] TRACE com.baxter.junit.BaxterTestCase  - connectToJMS(): channelName: t_JMS_ClientToServerQueue@router1, createTopicConnection()
5067 [main] TRACE com.baxter.junit.BaxterTestCase  - connectToJMS(): channelName: t_JMS_ClientToServerQueue@router1, createTopicConnection()
5067 [main] TRACE com.baxter.junit.BaxterTestCase  - connectToJMS(): channelName: t_JMS_ClientToServerQueue@router1, createTopicConnection()
[2011-05-31 15:14:47,623][TRACE] - connectToJMS(): channelName: t_JMS_ClientToServerQueue@router1, setExceptionListener()
5071 [main] TRACE com.baxter.junit.BaxterTestCase  - connectToJMS(): channelName: t_JMS_ClientToServerQueue@router1, setExceptionListener()
5071 [main] TRACE com.baxter.junit.BaxterTestCase  - connectToJMS(): channelName: t_JMS_ClientToServerQueue@router1, setExceptionListener()
5071 [main] TRACE com.baxter.junit.BaxterTestCase  - connectToJMS(): channelName: t_JMS_ClientToServerQueue@router1, setExceptionListener()
[2011-05-31 15:14:47,623][TRACE] - connectToJMS(): channelName: t_JMS_ClientToServerQueue@router1, createQueueSession()
5071 [main] TRACE com.baxter.junit.BaxterTestCase  - connectToJMS(): channelName: t_JMS_ClientToServerQueue@router1, createQueueSession()
5071 [main] TRACE com.baxter.junit.BaxterTestCase  - connectToJMS(): channelName: t_JMS_ClientToServerQueue@router1, createQueueSession()
5071 [main] TRACE com.baxter.junit.BaxterTestCase  - connectToJMS(): channelName: t_JMS_ClientToServerQueue@router1, createQueueSession()
[2011-05-31 15:14:47,624][TRACE] - connectToJMS(): channelName: t_JMS_ClientToServerQueue@router1, lookup channelName: t_JMS_ClientToServerQueue@router1
5072 [main] TRACE com.baxter.junit.BaxterTestCase  - connectToJMS(): channelName: t_JMS_ClientToServerQueue@router1, lookup channelName: t_JMS_ClientToServerQueue@router1
5072 [main] TRACE com.baxter.junit.BaxterTestCase  - connectToJMS(): channelName: t_JMS_ClientToServerQueue@router1, lookup channelName: t_JMS_ClientToServerQueue@router1
5072 [main] TRACE com.baxter.junit.BaxterTestCase  - connectToJMS(): channelName: t_JMS_ClientToServerQueue@router1, lookup channelName: t_JMS_ClientToServerQueue@router1
[2011-05-31 15:14:47,629][TRACE] - connectToJMS(): channelName: t_JMS_ClientToServerQueue@router1, initialContext.close()
5077 [main] TRACE com.baxter.junit.BaxterTestCase  - connectToJMS(): channelName: t_JMS_ClientToServerQueue@router1, initialContext.close()
5077 [main] TRACE com.baxter.junit.BaxterTestCase  - connectToJMS(): channelName: t_JMS_ClientToServerQueue@router1, initialContext.close()
5077 [main] TRACE com.baxter.junit.BaxterTestCase  - connectToJMS(): channelName: t_JMS_ClientToServerQueue@router1, initialContext.close()
[2011-05-31 15:14:47,629][TRACE] - connectToJMS(): channelName: t_JMS_ClientToServerQueue@router1, createReceiver()
5077 [main] TRACE com.baxter.junit.BaxterTestCase  - connectToJMS(): channelName: t_JMS_ClientToServerQueue@router1, createReceiver()
5077 [main] TRACE com.baxter.junit.BaxterTestCase  - connectToJMS(): channelName: t_JMS_ClientToServerQueue@router1, createReceiver()
5077 [main] TRACE com.baxter.junit.BaxterTestCase  - connectToJMS(): channelName: t_JMS_ClientToServerQueue@router1, createReceiver()
[2011-05-31 15:14:47,632][TRACE] - connectToJMS(): successfully connected...  alias: t_JMS_QueueAliasCTS providerURL: jnp://192.168.9.33:1099 channelName: t_JMS_ClientToServerQueue@router1 ackMode: 1 messageTimeToLive: 30000 deliveryMode: 1 isSender: false messageListener: null userName: null password: null
5080 [main] TRACE com.baxter.junit.BaxterTestCase  - connectToJMS(): successfully connected...  alias: t_JMS_QueueAliasCTS providerURL: jnp://192.168.9.33:1099 channelName: t_JMS_ClientToServerQueue@router1 ackMode: 1 messageTimeToLive: 30000 deliveryMode: 1 isSender: false messageListener: null userName: null password: null
5080 [main] TRACE com.baxter.junit.BaxterTestCase  - connectToJMS(): successfully connected...  alias: t_JMS_QueueAliasCTS providerURL: jnp://192.168.9.33:1099 channelName: t_JMS_ClientToServerQueue@router1 ackMode: 1 messageTimeToLive: 30000 deliveryMode: 1 isSender: false messageListener: null userName: null password: null
5080 [main] TRACE com.baxter.junit.BaxterTestCase  - connectToJMS(): successfully connected...  alias: t_JMS_QueueAliasCTS providerURL: jnp://192.168.9.33:1099 channelName: t_JMS_ClientToServerQueue@router1 ackMode: 1 messageTimeToLive: 30000 deliveryMode: 1 isSender: false messageListener: null userName: null password: null
[2011-05-31 15:14:47,634][TRACE] - UserSession.UserSession(String, String, Logger, boolean):
messageSender: com.baxter.cdtradesupervisor.UserSession$MessageSenderObjectUpdaterThread@7fb6634c userId: t General session
5082 [main] TRACE com.baxter.junit.BaxterTestCase  - UserSession.UserSession(String, String, Logger, boolean):
messageSender: com.baxter.cdtradesupervisor.UserSession$MessageSenderObjectUpdaterThread@7fb6634c userId: t General session
5082 [main] TRACE com.baxter.junit.BaxterTestCase  - UserSession.UserSession(String, String, Logger, boolean):
messageSender: com.baxter.cdtradesupervisor.UserSession$MessageSenderObjectUpdaterThread@7fb6634c userId: t General session
5082 [main] TRACE com.baxter.junit.BaxterTestCase  - UserSession.UserSession(String, String, Logger, boolean):
messageSender: com.baxter.cdtradesupervisor.UserSession$MessageSenderObjectUpdaterThread@7fb6634c userId: t General session
[2011-05-31 15:14:47,634][TRACE] - ObjectUpdaterThread.run() threadName: MessageSender Start waiting... ListUpdated: false
5082 [MessageSender] TRACE com.baxter.junit.BaxterTestCase  - ObjectUpdaterThread.run() threadName: MessageSender Start waiting... ListUpdated: false
5082 [MessageSender] TRACE com.baxter.junit.BaxterTestCase  - ObjectUpdaterThread.run() threadName: MessageSender Start waiting... ListUpdated: false
5082 [MessageSender] TRACE com.baxter.junit.BaxterTestCase  - ObjectUpdaterThread.run() threadName: MessageSender Start waiting... ListUpdated: false
[2011-05-31 15:14:47,634][DEBUG] - UserSession.sendMessage(): messageSender: com.baxter.cdtradesupervisor.UserSession$MessageSenderObjectUpdaterThread@7fb6634c userId: t General session
5082 [main] DEBUG com.baxter.junit.BaxterTestCase  - UserSession.sendMessage(): messageSender: com.baxter.cdtradesupervisor.UserSession$MessageSenderObjectUpdaterThread@7fb6634c userId: t General session
5082 [main] DEBUG com.baxter.junit.BaxterTestCase  - UserSession.sendMessage(): messageSender: com.baxter.cdtradesupervisor.UserSession$MessageSenderObjectUpdaterThread@7fb6634c userId: t General session
5082 [main] DEBUG com.baxter.junit.BaxterTestCase  - UserSession.sendMessage(): messageSender: com.baxter.cdtradesupervisor.UserSession$MessageSenderObjectUpdaterThread@7fb6634c userId: t General session
[2011-05-31 15:14:47,634][TRACE] - ObjectUpdaterThread.run() threadName: MessageReceiver Start waiting... ListUpdated: false
5082 [MessageReceiver userId: t General session] TRACE com.baxter.junit.BaxterTestCase  - ObjectUpdaterThread.run() threadName: MessageReceiver Start waiting... ListUpdated: false
5082 [MessageReceiver userId: t General session] TRACE com.baxter.junit.BaxterTestCase  - ObjectUpdaterThread.run() threadName: MessageReceiver Start waiting... ListUpdated: false
5082 [MessageReceiver userId: t General session] TRACE com.baxter.junit.BaxterTestCase  - ObjectUpdaterThread.run() threadName: MessageReceiver Start waiting... ListUpdated: false
[2011-05-31 15:14:47,635][TRACE] - ObjectUpdaterThread.addNewObjectToList() is invoked... threadName: MessageSender userId: t General session isClearingList: false isWaiting: true
5083 [main] TRACE com.baxter.junit.BaxterTestCase  - ObjectUpdaterThread.addNewObjectToList() is invoked... threadName: MessageSender userId: t General session isClearingList: false isWaiting: true
5083 [main] TRACE com.baxter.junit.BaxterTestCase  - ObjectUpdaterThread.addNewObjectToList() is invoked... threadName: MessageSender userId: t General session isClearingList: false isWaiting: true
5083 [main] TRACE com.baxter.junit.BaxterTestCase  - ObjectUpdaterThread.addNewObjectToList() is invoked... threadName: MessageSender userId: t General session isClearingList: false isWaiting: true
[2011-05-31 15:14:47,635][TRACE] - ObjectUpdaterThread.addNewObjectToList(): notify invoked! listUpdated: true
5083 [main] TRACE com.baxter.junit.BaxterTestCase  - ObjectUpdaterThread.addNewObjectToList(): notify invoked! listUpdated: true
5083 [main] TRACE com.baxter.junit.BaxterTestCase  - ObjectUpdaterThread.addNewObjectToList(): notify invoked! listUpdated: true
5083 [main] TRACE com.baxter.junit.BaxterTestCase  - ObjectUpdaterThread.addNewObjectToList(): notify invoked! listUpdated: true
[2011-05-31 15:14:47,635][TRACE] - ObjectUpdaterThread.run() threadName: MessageSender userId: t General session objectUpdates.size: 0
5083 [MessageSender userId: t General session] TRACE com.baxter.junit.BaxterTestCase  - ObjectUpdaterThread.run() threadName: MessageSender userId: t General session objectUpdates.size: 0
5083 [MessageSender userId: t General session] TRACE com.baxter.junit.BaxterTestCase  - ObjectUpdaterThread.run() threadName: MessageSender userId: t General session objectUpdates.size: 0
5083 [MessageSender userId: t General session] TRACE com.baxter.junit.BaxterTestCase  - ObjectUpdaterThread.run() threadName: MessageSender userId: t General session objectUpdates.size: 0
[2011-05-31 15:14:47,635][TRACE] - ObjectUpdaterThread.addNewObjectToList() finished... threadName: MessageSender userId: t General session isClearingList: false isWaiting: false processTime: 0
5083 [main] TRACE com.baxter.junit.BaxterTestCase  - ObjectUpdaterThread.addNewObjectToList() finished... threadName: MessageSender userId: t General session isClearingList: false isWaiting: false processTime: 0
5083 [main] TRACE com.baxter.junit.BaxterTestCase  - ObjectUpdaterThread.addNewObjectToList() finished... threadName: MessageSender userId: t General session isClearingList: false isWaiting: false processTime: 0
5083 [main] TRACE com.baxter.junit.BaxterTestCase  - ObjectUpdaterThread.addNewObjectToList() finished... threadName: MessageSender userId: t General session isClearingList: false isWaiting: false processTime: 0
[2011-05-31 15:14:47,636][TRACE] - UserSession.MessageSenderObjectUpdaterThread.processObject() message sent: Heartbeat message: TimeStamp: 1306847687634 SeqNumber: 1  userId: t General session
5084 [MessageSender userId: t General session] TRACE com.baxter.junit.BaxterTestCase  - UserSession.MessageSenderObjectUpdaterThread.processObject() message sent: Heartbeat message: TimeStamp: 1306847687634 SeqNumber: 1  userId: t General session
5084 [MessageSender userId: t General session] TRACE com.baxter.junit.BaxterTestCase  - UserSession.MessageSenderObjectUpdaterThread.processObject() message sent: Heartbeat message: TimeStamp: 1306847687634 SeqNumber: 1  userId: t General session
5084 [MessageSender userId: t General session] TRACE com.baxter.junit.BaxterTestCase  - UserSession.MessageSenderObjectUpdaterThread.processObject() message sent: Heartbeat message: TimeStamp: 1306847687634 SeqNumber: 1  userId: t General session
[2011-05-31 15:14:47,636][TRACE] - ObjectUpdaterThread.run() threadName: MessageSender userId: t General session Start waiting... ListUpdated: false
5084 [MessageSender userId: t General session] TRACE com.baxter.junit.BaxterTestCase  - ObjectUpdaterThread.run() threadName: MessageSender userId: t General session Start waiting... ListUpdated: false
5084 [MessageSender userId: t General session] TRACE com.baxter.junit.BaxterTestCase  - ObjectUpdaterThread.run() threadName: MessageSender userId: t General session Start waiting... ListUpdated: false
5084 [MessageSender userId: t General session] TRACE com.baxter.junit.BaxterTestCase  - ObjectUpdaterThread.run() threadName: MessageSender userId: t General session Start waiting... ListUpdated: false
[2011-05-31 15:14:49,636][DEBUG] - UserSession.sendMessage(): messageSender: com.baxter.cdtradesupervisor.UserSession$MessageSenderObjectUpdaterThread@7fb6634c userId: t General session
7084 [main] DEBUG com.baxter.junit.BaxterTestCase  - UserSession.sendMessage(): messageSender: com.baxter.cdtradesupervisor.UserSession$MessageSenderObjectUpdaterThread@7fb6634c userId: t General session
7084 [main] DEBUG com.baxter.junit.BaxterTestCase  - UserSession.sendMessage(): messageSender: com.baxter.cdtradesupervisor.UserSession$MessageSenderObjectUpdaterThread@7fb6634c userId: t General session
7084 [main] DEBUG com.baxter.junit.BaxterTestCase  - UserSession.sendMessage(): messageSender: com.baxter.cdtradesupervisor.UserSession$MessageSenderObjectUpdaterThread@7fb6634c userId: t General session
[2011-05-31 15:14:49,636][TRACE] - ObjectUpdaterThread.addNewObjectToList() is invoked... threadName: MessageSender userId: t General session isClearingList: false isWaiting: true
7084 [main] TRACE com.baxter.junit.BaxterTestCase  - ObjectUpdaterThread.addNewObjectToList() is invoked... threadName: MessageSender userId: t General session isClearingList: false isWaiting: true
7084 [main] TRACE com.baxter.junit.BaxterTestCase  - ObjectUpdaterThread.addNewObjectToList() is invoked... threadName: MessageSender userId: t General session isClearingList: false isWaiting: true
7084 [main] TRACE com.baxter.junit.BaxterTestCase  - ObjectUpdaterThread.addNewObjectToList() is invoked... threadName: MessageSender userId: t General session isClearingList: false isWaiting: true
[2011-05-31 15:14:49,636][TRACE] - ObjectUpdaterThread.addNewObjectToList(): notify invoked! listUpdated: true
7084 [main] TRACE com.baxter.junit.BaxterTestCase  - ObjectUpdaterThread.addNewObjectToList(): notify invoked! listUpdated: true
7084 [main] TRACE com.baxter.junit.BaxterTestCase  - ObjectUpdaterThread.addNewObjectToList(): notify invoked! listUpdated: true
7084 [main] TRACE com.baxter.junit.BaxterTestCase  - ObjectUpdaterThread.addNewObjectToList(): notify invoked! listUpdated: true
[2011-05-31 15:14:49,636][TRACE] - ObjectUpdaterThread.run() threadName: MessageSender userId: t General session objectUpdates.size: 0
7084 [MessageSender userId: t General session] TRACE com.baxter.junit.BaxterTestCase  - ObjectUpdaterThread.run() threadName: MessageSender userId: t General session objectUpdates.size: 0
7084 [MessageSender userId: t General session] TRACE com.baxter.junit.BaxterTestCase  - ObjectUpdaterThread.run() threadName: MessageSender userId: t General session objectUpdates.size: 0
7084 [MessageSender userId: t General session] TRACE com.baxter.junit.BaxterTestCase  - ObjectUpdaterThread.run() threadName: MessageSender userId: t General session objectUpdates.size: 0
[2011-05-31 15:14:49,636][TRACE] - ObjectUpdaterThread.addNewObjectToList() finished... threadName: MessageSender userId: t General session isClearingList: false isWaiting: false processTime: 0
7084 [main] TRACE com.baxter.junit.BaxterTestCase  - ObjectUpdaterThread.addNewObjectToList() finished... threadName: MessageSender userId: t General session isClearingList: false isWaiting: false processTime: 0
7084 [main] TRACE com.baxter.junit.BaxterTestCase  - ObjectUpdaterThread.addNewObjectToList() finished... threadName: MessageSender userId: t General session isClearingList: false isWaiting: false processTime: 0
7084 [main] TRACE com.baxter.junit.BaxterTestCase  - ObjectUpdaterThread.addNewObjectToList() finished... threadName: MessageSender userId: t General session isClearingList: false isWaiting: false processTime: 0
[2011-05-31 15:14:49,636][TRACE] - UserSession.MessageSenderObjectUpdaterThread.processObject() message sent: Heartbeat message: TimeStamp: 1306847687634 SeqNumber: 4  userId: t General session
7084 [MessageSender userId: t General session] TRACE com.baxter.junit.BaxterTestCase  - UserSession.MessageSenderObjectUpdaterThread.processObject() message sent: Heartbeat message: TimeStamp: 1306847687634 SeqNumber: 4  userId: t General session
7084 [MessageSender userId: t General session] TRACE com.baxter.junit.BaxterTestCase  - UserSession.MessageSenderObjectUpdaterThread.processObject() message sent: Heartbeat message: TimeStamp: 1306847687634 SeqNumber: 4  userId: t General session
7084 [MessageSender userId: t General session] TRACE com.baxter.junit.BaxterTestCase  - UserSession.MessageSenderObjectUpdaterThread.processObject() message sent: Heartbeat message: TimeStamp: 1306847687634 SeqNumber: 4  userId: t General session
[2011-05-31 15:14:49,637][TRACE] - ObjectUpdaterThread.run() threadName: MessageSender userId: t General session Start waiting... ListUpdated: false
7085 [MessageSender userId: t General session] TRACE com.baxter.junit.BaxterTestCase  - ObjectUpdaterThread.run() threadName: MessageSender userId: t General session Start waiting... ListUpdated: false
7085 [MessageSender userId: t General session] TRACE com.baxter.junit.BaxterTestCase  - ObjectUpdaterThread.run() threadName: MessageSender userId: t General session Start waiting... ListUpdated: false
7085 [MessageSender userId: t General session] TRACE com.baxter.junit.BaxterTestCase  - ObjectUpdaterThread.run() threadName: MessageSender userId: t General session Start waiting... ListUpdated: false
[2011-05-31 15:14:51,637][DEBUG] - ObjectUpdaterThread.stopService() is invoked... threadName: com.baxter.cdtradesupervisor.UserSession$MessageReceiverObjectUpdaterThread
9085 [main] DEBUG com.baxter.junit.BaxterTestCase  - ObjectUpdaterThread.stopService() is invoked... threadName: com.baxter.cdtradesupervisor.UserSession$MessageReceiverObjectUpdaterThread
9085 [main] DEBUG com.baxter.junit.BaxterTestCase  - ObjectUpdaterThread.stopService() is invoked... threadName: com.baxter.cdtradesupervisor.UserSession$MessageReceiverObjectUpdaterThread
9085 [main] DEBUG com.baxter.junit.BaxterTestCase  - ObjectUpdaterThread.stopService() is invoked... threadName: com.baxter.cdtradesupervisor.UserSession$MessageReceiverObjectUpdaterThread
[2011-05-31 15:14:51,637][DEBUG] - ObjectUpdaterThread.stopService() is invoked... threadName: com.baxter.cdtradesupervisor.UserSession$MessageSenderObjectUpdaterThread
9085 [main] DEBUG com.baxter.junit.BaxterTestCase  - ObjectUpdaterThread.stopService() is invoked... threadName: com.baxter.cdtradesupervisor.UserSession$MessageSenderObjectUpdaterThread
9085 [main] DEBUG com.baxter.junit.BaxterTestCase  - ObjectUpdaterThread.stopService() is invoked... threadName: com.baxter.cdtradesupervisor.UserSession$MessageSenderObjectUpdaterThread
9085 [main] DEBUG com.baxter.junit.BaxterTestCase  - ObjectUpdaterThread.stopService() is invoked... threadName: com.baxter.cdtradesupervisor.UserSession$MessageSenderObjectUpdaterThread
[2011-05-31 15:14:52,541][DEBUG] - UserSession.sendMessage(): messageSender: com.baxter.cdtradesupervisor.UserSession$MessageSenderObjectUpdaterThread@19f488f1 userId: t General session
9989 [HeartBeatSender] DEBUG com.baxter.junit.BaxterTestCase  - UserSession.sendMessage(): messageSender: com.baxter.cdtradesupervisor.UserSession$MessageSenderObjectUpdaterThread@19f488f1 userId: t General session
9989 [HeartBeatSender] DEBUG com.baxter.junit.BaxterTestCase  - UserSession.sendMessage(): messageSender: com.baxter.cdtradesupervisor.UserSession$MessageSenderObjectUpdaterThread@19f488f1 userId: t General session
9989 [HeartBeatSender] DEBUG com.baxter.junit.BaxterTestCase  - UserSession.sendMessage(): messageSender: com.baxter.cdtradesupervisor.UserSession$MessageSenderObjectUpdaterThread@19f488f1 userId: t General session
9989 [HeartBeatSender] DEBUG com.baxter.junit.BaxterTestCase  - UserSession.sendMessage(): messageSender: com.baxter.cdtradesupervisor.UserSession$MessageSenderObjectUpdaterThread@19f488f1 userId: t General session
[2011-05-31 15:14:52,542][TRACE] - ObjectUpdaterThread.addNewObjectToList() is invoked... threadName: MessageSender userId: t General session isClearingList: false isWaiting: true
9990 [HeartBeatSender] TRACE com.baxter.junit.BaxterTestCase  - ObjectUpdaterThread.addNewObjectToList() is invoked... threadName: MessageSender userId: t General session isClearingList: false isWaiting: true
9990 [HeartBeatSender] TRACE com.baxter.junit.BaxterTestCase  - ObjectUpdaterThread.addNewObjectToList() is invoked... threadName: MessageSender userId: t General session isClearingList: false isWaiting: true
9990 [HeartBeatSender] TRACE com.baxter.junit.BaxterTestCase  - ObjectUpdaterThread.addNewObjectToList() is invoked... threadName: MessageSender userId: t General session isClearingList: false isWaiting: true
9990 [HeartBeatSender] TRACE com.baxter.junit.BaxterTestCase  - ObjectUpdaterThread.addNewObjectToList() is invoked... threadName: MessageSender userId: t General session isClearingList: false isWaiting: true
[2011-05-31 15:14:52,542][TRACE] - ObjectUpdaterThread.addNewObjectToList(): notify invoked! listUpdated: true
9990 [HeartBeatSender] TRACE com.baxter.junit.BaxterTestCase  - ObjectUpdaterThread.addNewObjectToList(): notify invoked! listUpdated: true
9990 [HeartBeatSender] TRACE com.baxter.junit.BaxterTestCase  - ObjectUpdaterThread.addNewObjectToList(): notify invoked! listUpdated: true
9990 [HeartBeatSender] TRACE com.baxter.junit.BaxterTestCase  - ObjectUpdaterThread.addNewObjectToList(): notify invoked! listUpdated: true
9990 [HeartBeatSender] TRACE com.baxter.junit.BaxterTestCase  - ObjectUpdaterThread.addNewObjectToList(): notify invoked! listUpdated: true
[2011-05-31 15:14:52,542][TRACE] - ObjectUpdaterThread.addNewObjectToList() finished... threadName: MessageSender userId: t General session isClearingList: false isWaiting: false processTime: 0
9990 [HeartBeatSender] TRACE com.baxter.junit.BaxterTestCase  - ObjectUpdaterThread.addNewObjectToList() finished... threadName: MessageSender userId: t General session isClearingList: false isWaiting: false processTime: 0
9990 [HeartBeatSender] TRACE com.baxter.junit.BaxterTestCase  - ObjectUpdaterThread.addNewObjectToList() finished... threadName: MessageSender userId: t General session isClearingList: false isWaiting: false processTime: 0
9990 [HeartBeatSender] TRACE com.baxter.junit.BaxterTestCase  - ObjectUpdaterThread.addNewObjectToList() finished... threadName: MessageSender userId: t General session isClearingList: false isWaiting: false processTime: 0
9990 [HeartBeatSender] TRACE com.baxter.junit.BaxterTestCase  - ObjectUpdaterThread.addNewObjectToList() finished... threadName: MessageSender userId: t General session isClearingList: false isWaiting: false processTime: 0
[2011-05-31 15:14:52,543][TRACE] - ObjectUpdaterThread.run() threadName: MessageSender userId: t General session objectUpdates.size: 0
9991 [MessageSender userId: t General session] TRACE com.baxter.junit.BaxterTestCase  - ObjectUpdaterThread.run() threadName: MessageSender userId: t General session objectUpdates.size: 0
9991 [MessageSender userId: t General session] TRACE com.baxter.junit.BaxterTestCase  - ObjectUpdaterThread.run() threadName: MessageSender userId: t General session objectUpdates.size: 0
9991 [MessageSender userId: t General session] TRACE com.baxter.junit.BaxterTestCase  - ObjectUpdaterThread.run() threadName: MessageSender userId: t General session objectUpdates.size: 0
9991 [MessageSender userId: t General session] TRACE com.baxter.junit.BaxterTestCase  - ObjectUpdaterThread.run() threadName: MessageSender userId: t General session objectUpdates.size: 0
[2011-05-31 15:14:52,543][TRACE] - UserSession.MessageSenderObjectUpdaterThread.processObject() message sent: Heartbeat message: TimeStamp: 1306847692541 SeqNumber: 1  userId: t General session
9991 [MessageSender userId: t General session] TRACE com.baxter.junit.BaxterTestCase  - UserSession.MessageSenderObjectUpdaterThread.processObject() message sent: Heartbeat message: TimeStamp: 1306847692541 SeqNumber: 1  userId: t General session
9991 [MessageSender userId: t General session] TRACE com.baxter.junit.BaxterTestCase  - UserSession.MessageSenderObjectUpdaterThread.processObject() message sent: Heartbeat message: TimeStamp: 1306847692541 SeqNumber: 1  userId: t General session
9991 [MessageSender userId: t General session] TRACE com.baxter.junit.BaxterTestCase  - UserSession.MessageSenderObjectUpdaterThread.processObject() message sent: Heartbeat message: TimeStamp: 1306847692541 SeqNumber: 1  userId: t General session
9991 [MessageSender userId: t General session] TRACE com.baxter.junit.BaxterTestCase  - UserSession.MessageSenderObjectUpdaterThread.processObject() message sent: Heartbeat message: TimeStamp: 1306847692541 SeqNumber: 1  userId: t General session
[2011-05-31 15:14:52,543][TRACE] - ObjectUpdaterThread.run() threadName: MessageSender userId: t General session Start waiting... ListUpdated: false
9991 [MessageSender userId: t General session] TRACE com.baxter.junit.BaxterTestCase  - ObjectUpdaterThread.run() threadName: MessageSender userId: t General session Start waiting... ListUpdated: false
9991 [MessageSender userId: t General session] TRACE com.baxter.junit.BaxterTestCase  - ObjectUpdaterThread.run() threadName: MessageSender userId: t General session Start waiting... ListUpdated: false
9991 [MessageSender userId: t General session] TRACE com.baxter.junit.BaxterTestCase  - ObjectUpdaterThread.run() threadName: MessageSender userId: t General session Start waiting... ListUpdated: false
9991 [MessageSender userId: t General session] TRACE com.baxter.junit.BaxterTestCase  - ObjectUpdaterThread.run() threadName: MessageSender userId: t General session Start waiting... ListUpdated: false
[2011-05-31 15:14:52,635][DEBUG] - UserSession.sendMessage(): messageSender: com.baxter.cdtradesupervisor.UserSession$MessageSenderObjectUpdaterThread@7fb6634c userId: t General session
10083 [HeartBeatSender] DEBUG com.baxter.junit.BaxterTestCase  - UserSession.sendMessage(): messageSender: com.baxter.cdtradesupervisor.UserSession$MessageSenderObjectUpdaterThread@7fb6634c userId: t General session
10083 [HeartBeatSender] DEBUG com.baxter.junit.BaxterTestCase  - UserSession.sendMessage(): messageSender: com.baxter.cdtradesupervisor.UserSession$MessageSenderObjectUpdaterThread@7fb6634c userId: t General session
10083 [HeartBeatSender] DEBUG com.baxter.junit.BaxterTestCase  - UserSession.sendMessage(): messageSender: com.baxter.cdtradesupervisor.UserSession$MessageSenderObjectUpdaterThread@7fb6634c userId: t General session
10083 [HeartBeatSender] DEBUG com.baxter.junit.BaxterTestCase  - UserSession.sendMessage(): messageSender: com.baxter.cdtradesupervisor.UserSession$MessageSenderObjectUpdaterThread@7fb6634c userId: t General session
[2011-05-31 15:14:52,635][TRACE] - ObjectUpdaterThread.addNewObjectToList() is invoked... threadName: MessageSender userId: t General session isClearingList: false isWaiting: true
10083 [HeartBeatSender] TRACE com.baxter.junit.BaxterTestCase  - ObjectUpdaterThread.addNewObjectToList() is invoked... threadName: MessageSender userId: t General session isClearingList: false isWaiting: true
10083 [HeartBeatSender] TRACE com.baxter.junit.BaxterTestCase  - ObjectUpdaterThread.addNewObjectToList() is invoked... threadName: MessageSender userId: t General session isClearingList: false isWaiting: true
10083 [HeartBeatSender] TRACE com.baxter.junit.BaxterTestCase  - ObjectUpdaterThread.addNewObjectToList() is invoked... threadName: MessageSender userId: t General session isClearingList: false isWaiting: true
10083 [HeartBeatSender] TRACE com.baxter.junit.BaxterTestCase  - ObjectUpdaterThread.addNewObjectToList() is invoked... threadName: MessageSender userId: t General session isClearingList: false isWaiting: true
[2011-05-31 15:14:52,635][TRACE] - ObjectUpdaterThread.addNewObjectToList(): notify invoked! listUpdated: true
10083 [HeartBeatSender] TRACE com.baxter.junit.BaxterTestCase  - ObjectUpdaterThread.addNewObjectToList(): notify invoked! listUpdated: true
10083 [HeartBeatSender] TRACE com.baxter.junit.BaxterTestCase  - ObjectUpdaterThread.addNewObjectToList(): notify invoked! listUpdated: true
10083 [HeartBeatSender] TRACE com.baxter.junit.BaxterTestCase  - ObjectUpdaterThread.addNewObjectToList(): notify invoked! listUpdated: true
10083 [HeartBeatSender] TRACE com.baxter.junit.BaxterTestCase  - ObjectUpdaterThread.addNewObjectToList(): notify invoked! listUpdated: true
[2011-05-31 15:14:52,635][TRACE] - ObjectUpdaterThread.addNewObjectToList() finished... threadName: MessageSender userId: t General session isClearingList: false isWaiting: false processTime: 0
10083 [HeartBeatSender] TRACE com.baxter.junit.BaxterTestCase  - ObjectUpdaterThread.addNewObjectToList() finished... threadName: MessageSender userId: t General session isClearingList: false isWaiting: false processTime: 0
10083 [HeartBeatSender] TRACE com.baxter.junit.BaxterTestCase  - ObjectUpdaterThread.addNewObjectToList() finished... threadName: MessageSender userId: t General session isClearingList: false isWaiting: false processTime: 0
10083 [HeartBeatSender] TRACE com.baxter.junit.BaxterTestCase  - ObjectUpdaterThread.addNewObjectToList() finished... threadName: MessageSender userId: t General session isClearingList: false isWaiting: false processTime: 0
10083 [HeartBeatSender] TRACE com.baxter.junit.BaxterTestCase  - ObjectUpdaterThread.addNewObjectToList() finished... threadName: MessageSender userId: t General session isClearingList: false isWaiting: false processTime: 0
[2011-05-31 15:14:52,635][TRACE] - ObjectUpdaterThread.run() threadName: MessageSender userId: t General session objectUpdates.size: 0
10083 [MessageSender userId: t General session] TRACE com.baxter.junit.BaxterTestCase  - ObjectUpdaterThread.run() threadName: MessageSender userId: t General session objectUpdates.size: 0
10083 [MessageSender userId: t General session] TRACE com.baxter.junit.BaxterTestCase  - ObjectUpdaterThread.run() threadName: MessageSender userId: t General session objectUpdates.size: 0
10083 [MessageSender userId: t General session] TRACE com.baxter.junit.BaxterTestCase  - ObjectUpdaterThread.run() threadName: MessageSender userId: t General session objectUpdates.size: 0
10083 [MessageSender userId: t General session] TRACE com.baxter.junit.BaxterTestCase  - ObjectUpdaterThread.run() threadName: MessageSender userId: t General session objectUpdates.size: 0
[2011-05-31 15:14:52,636][TRACE] - UserSession.MessageSenderObjectUpdaterThread.processObject() message sent: Heartbeat message: TimeStamp: 1306847692635 SeqNumber: 5  userId: t General session
10084 [MessageSender userId: t General session] TRACE com.baxter.junit.BaxterTestCase  - UserSession.MessageSenderObjectUpdaterThread.processObject() message sent: Heartbeat message: TimeStamp: 1306847692635 SeqNumber: 5  userId: t General session
10084 [MessageSender userId: t General session] TRACE com.baxter.junit.BaxterTestCase  - UserSession.MessageSenderObjectUpdaterThread.processObject() message sent: Heartbeat message: TimeStamp: 1306847692635 SeqNumber: 5  userId: t General session
10084 [MessageSender userId: t General session] TRACE com.baxter.junit.BaxterTestCase  - UserSession.MessageSenderObjectUpdaterThread.processObject() message sent: Heartbeat message: TimeStamp: 1306847692635 SeqNumber: 5  userId: t General session
10084 [MessageSender userId: t General session] TRACE com.baxter.junit.BaxterTestCase  - UserSession.MessageSenderObjectUpdaterThread.processObject() message sent: Heartbeat message: TimeStamp: 1306847692635 SeqNumber: 5  userId: t General session
[2011-05-31 15:14:52,636][TRACE] - ObjectUpdaterThread.run() threadName: MessageSender userId: t General session Start waiting... ListUpdated: false
10084 [MessageSender userId: t General session] TRACE com.baxter.junit.BaxterTestCase  - ObjectUpdaterThread.run() threadName: MessageSender userId: t General session Start waiting... ListUpdated: false
10084 [MessageSender userId: t General session] TRACE com.baxter.junit.BaxterTestCase  - ObjectUpdaterThread.run() threadName: MessageSender userId: t General session Start waiting... ListUpdated: false
10084 [MessageSender userId: t General session] TRACE com.baxter.junit.BaxterTestCase  - ObjectUpdaterThread.run() threadName: MessageSender userId: t General session Start waiting... ListUpdated: false
10084 [MessageSender userId: t General session] TRACE com.baxter.junit.BaxterTestCase  - ObjectUpdaterThread.run() threadName: MessageSender userId: t General session Start waiting... ListUpdated: false
</system-out>
    <system-err>Converted relativePath: /conf/jms_JUnit.ini to: /home/cddev/.qa/jenkins/workspace/currency-dealing/target/test-classes/conf/jms_JUnit.iniConverted relativePath: /conf/jms_JUnit.ini to: /home/cddev/.qa/jenkins/workspace/currency-dealing/target/test-classes/conf/jms_JUnit.iniConverted relativePath: /conf/jms_JUnit.ini to: /home/cddev/.qa/jenkins/workspace/currency-dealing/target/test-classes/conf/jms_JUnit.ini</system-err>
  </testcase>
  <testcase time="0.022" classname="com.baxter.cdtradesupervisor.TestUserSession" name="testClientServerFailedTradesSession">
    <failure message="null" type="junit.framework.AssertionFailedError">junit.framework.AssertionFailedError: null
	at junit.framework.Assert.fail(Assert.java:47)
	at junit.framework.Assert.assertTrue(Assert.java:20)
	at junit.framework.Assert.assertNotNull(Assert.java:214)
	at junit.framework.Assert.assertNotNull(Assert.java:207)
	at com.baxter.cdtradesupervisor.TestUserSession.testClientServerFailedTradesSession(TestUserSession.java:645)
	at sun.reflect.NativeMethodAccessorImpl.invoke0(Native Method)
	at sun.reflect.NativeMethodAccessorImpl.invoke(NativeMethodAccessorImpl.java:39)
	at sun.reflect.DelegatingMethodAccessorImpl.invoke(DelegatingMethodAccessorImpl.java:25)
	at java.lang.reflect.Method.invoke(Method.java:597)
	at junit.framework.TestCase.runTest(TestCase.java:168)
	at junit.framework.TestCase.runBare(TestCase.java:134)
	at junit.framework.TestResult$1.protect(TestResult.java:110)
	at junit.framework.TestResult.runProtected(TestResult.java:128)
	at junit.framework.TestResult.run(TestResult.java:113)
	at junit.framework.TestCase.run(TestCase.java:124)
	at junit.framework.TestSuite.runTest(TestSuite.java:243)
	at junit.framework.TestSuite.run(TestSuite.java:238)
	at org.junit.internal.runners.JUnit38ClassRunner.run(JUnit38ClassRunner.java:83)
	at org.junit.runners.Suite.runChild(Suite.java:128)
	at org.junit.runners.Suite.runChild(Suite.java:24)
	at org.junit.runners.ParentRunner$3.run(ParentRunner.java:193)
	at org.junit.runners.ParentRunner$1.schedule(ParentRunner.java:52)
	at org.junit.runners.ParentRunner.runChildren(ParentRunner.java:191)
	at org.junit.runners.ParentRunner.access$000(ParentRunner.java:42)
	at org.junit.runners.ParentRunner$2.evaluate(ParentRunner.java:184)
	at org.junit.runners.ParentRunner.run(ParentRunner.java:236)
	at org.junit.runner.JUnitCore.run(JUnitCore.java:157)
	at org.junit.runner.JUnitCore.run(JUnitCore.java:136)
	at org.junit.runner.JUnitCore.run(JUnitCore.java:127)
	at org.apache.maven.surefire.junitcore.JUnitCoreWrapper.execute(JUnitCoreWrapper.java:52)
	at org.apache.maven.surefire.junitcore.JUnitCoreProvider.invoke(JUnitCoreProvider.java:109)
	at sun.reflect.NativeMethodAccessorImpl.invoke0(Native Method)
	at sun.reflect.NativeMethodAccessorImpl.invoke(NativeMethodAccessorImpl.java:39)
	at sun.reflect.DelegatingMethodAccessorImpl.invoke(DelegatingMethodAccessorImpl.java:25)
	at java.lang.reflect.Method.invoke(Method.java:597)
	at org.apache.maven.surefire.booter.ProviderFactory$ClassLoaderProxy.invoke(ProviderFactory.java:103)
	at $Proxy0.invoke(Unknown Source)
	at org.apache.maven.surefire.booter.SurefireStarter.invokeProvider(SurefireStarter.java:150)
	at org.apache.maven.surefire.booter.SurefireStarter.runSuitesInProcess(SurefireStarter.java:74)
	at org.apache.maven.surefire.booter.ForkedBooter.main(ForkedBooter.java:69)
</failure>
    <system-out>UserSession.UserSession() - hbSender: Thread[HeartBeatSender,5,main]MyUserSession: UserSession: userId:thbSender: Thread[HeartBeatSender,5,main][2011-05-31 15:14:51,645][DEBUG] - UserSession(): session is creating. userId: t FailedTrade session
9093 [main] DEBUG com.baxter.junit.BaxterTestCase  - UserSession(): session is creating. userId: t FailedTrade session
9093 [main] DEBUG com.baxter.junit.BaxterTestCase  - UserSession(): session is creating. userId: t FailedTrade session
9093 [main] DEBUG com.baxter.junit.BaxterTestCase  - UserSession(): session is creating. userId: t FailedTrade session
9093 [main] DEBUG com.baxter.junit.BaxterTestCase  - UserSession(): session is creating. userId: t FailedTrade session
[2011-05-31 15:14:51,646][TRACE] - UserSession.UserSession(): MAX_ENTRIES_OF_MESSAGEHISTORY=100 JMS_HEARTBEAT_DELAY=5000 MAX_JMS_SESSION_STARTUP_DELAY=500 MAX_HEARTBEAT_TOLERANCE=5000 MAX_SIZE_OF_HOLD_UP_LIST=100 userId: t FailedTrade session
9094 [main] TRACE com.baxter.junit.BaxterTestCase  - UserSession.UserSession(): MAX_ENTRIES_OF_MESSAGEHISTORY=100 JMS_HEARTBEAT_DELAY=5000 MAX_JMS_SESSION_STARTUP_DELAY=500 MAX_HEARTBEAT_TOLERANCE=5000 MAX_SIZE_OF_HOLD_UP_LIST=100 userId: t FailedTrade session
9094 [main] TRACE com.baxter.junit.BaxterTestCase  - UserSession.UserSession(): MAX_ENTRIES_OF_MESSAGEHISTORY=100 JMS_HEARTBEAT_DELAY=5000 MAX_JMS_SESSION_STARTUP_DELAY=500 MAX_HEARTBEAT_TOLERANCE=5000 MAX_SIZE_OF_HOLD_UP_LIST=100 userId: t FailedTrade session
9094 [main] TRACE com.baxter.junit.BaxterTestCase  - UserSession.UserSession(): MAX_ENTRIES_OF_MESSAGEHISTORY=100 JMS_HEARTBEAT_DELAY=5000 MAX_JMS_SESSION_STARTUP_DELAY=500 MAX_HEARTBEAT_TOLERANCE=5000 MAX_SIZE_OF_HOLD_UP_LIST=100 userId: t FailedTrade session
9094 [main] TRACE com.baxter.junit.BaxterTestCase  - UserSession.UserSession(): MAX_ENTRIES_OF_MESSAGEHISTORY=100 JMS_HEARTBEAT_DELAY=5000 MAX_JMS_SESSION_STARTUP_DELAY=500 MAX_HEARTBEAT_TOLERANCE=5000 MAX_SIZE_OF_HOLD_UP_LIST=100 userId: t FailedTrade session
[2011-05-31 15:14:51,646][TRACE] - UserSession.UserSession(): userListForSelector=[t] userId: t FailedTrade session
9094 [main] TRACE com.baxter.junit.BaxterTestCase  - UserSession.UserSession(): userListForSelector=[t] userId: t FailedTrade session
9094 [main] TRACE com.baxter.junit.BaxterTestCase  - UserSession.UserSession(): userListForSelector=[t] userId: t FailedTrade session
9094 [main] TRACE com.baxter.junit.BaxterTestCase  - UserSession.UserSession(): userListForSelector=[t] userId: t FailedTrade session
9094 [main] TRACE com.baxter.junit.BaxterTestCase  - UserSession.UserSession(): userListForSelector=[t] userId: t FailedTrade session
[2011-05-31 15:14:51,646][DEBUG] - FailedTradeClientUserSession.setupJMS() is invoked. userId: t FailedTrade session
9094 [main] DEBUG com.baxter.junit.BaxterTestCase  - FailedTradeClientUserSession.setupJMS() is invoked. userId: t FailedTrade session
9094 [main] DEBUG com.baxter.junit.BaxterTestCase  - FailedTradeClientUserSession.setupJMS() is invoked. userId: t FailedTrade session
9094 [main] DEBUG com.baxter.junit.BaxterTestCase  - FailedTradeClientUserSession.setupJMS() is invoked. userId: t FailedTrade session
9094 [main] DEBUG com.baxter.junit.BaxterTestCase  - FailedTradeClientUserSession.setupJMS() is invoked. userId: t FailedTrade session
[2011-05-31 15:14:51,647][DEBUG] - FailedTradeClientUserSession.setupJMS() providerURL: jnp://192.168.9.33:1099
		contextFactory: org.jnp.interfaces.NamingContextFactory
		queueFactoryName: /ConnectionFactory
		JMS_ServerToClientQueue: t_JMS_ServerToClientQueueForFailedTrades@router1
		JMS_ClientToServerQueue: t_JMS_ClientToServerQueueForFailedTrades@router1
		timeToLive: 30000 userId: t FailedTrade session
9095 [main] DEBUG com.baxter.junit.BaxterTestCase  - FailedTradeClientUserSession.setupJMS() providerURL: jnp://192.168.9.33:1099
		contextFactory: org.jnp.interfaces.NamingContextFactory
		queueFactoryName: /ConnectionFactory
		JMS_ServerToClientQueue: t_JMS_ServerToClientQueueForFailedTrades@router1
		JMS_ClientToServerQueue: t_JMS_ClientToServerQueueForFailedTrades@router1
		timeToLive: 30000 userId: t FailedTrade session
9095 [main] DEBUG com.baxter.junit.BaxterTestCase  - FailedTradeClientUserSession.setupJMS() providerURL: jnp://192.168.9.33:1099
		contextFactory: org.jnp.interfaces.NamingContextFactory
		queueFactoryName: /ConnectionFactory
		JMS_ServerToClientQueue: t_JMS_ServerToClientQueueForFailedTrades@router1
		JMS_ClientToServerQueue: t_JMS_ClientToServerQueueForFailedTrades@router1
		timeToLive: 30000 userId: t FailedTrade session
9095 [main] DEBUG com.baxter.junit.BaxterTestCase  - FailedTradeClientUserSession.setupJMS() providerURL: jnp://192.168.9.33:1099
		contextFactory: org.jnp.interfaces.NamingContextFactory
		queueFactoryName: /ConnectionFactory
		JMS_ServerToClientQueue: t_JMS_ServerToClientQueueForFailedTrades@router1
		JMS_ClientToServerQueue: t_JMS_ClientToServerQueueForFailedTrades@router1
		timeToLive: 30000 userId: t FailedTrade session
9095 [main] DEBUG com.baxter.junit.BaxterTestCase  - FailedTradeClientUserSession.setupJMS() providerURL: jnp://192.168.9.33:1099
		contextFactory: org.jnp.interfaces.NamingContextFactory
		queueFactoryName: /ConnectionFactory
		JMS_ServerToClientQueue: t_JMS_ServerToClientQueueForFailedTrades@router1
		JMS_ClientToServerQueue: t_JMS_ClientToServerQueueForFailedTrades@router1
		timeToLive: 30000 userId: t FailedTrade session
[2011-05-31 15:14:51,647][TRACE] - getInitialContext(): providerURL: jnp://192.168.9.33:1099 INITIAL_CONTEXT_FACTORY: org.jnp.interfaces.NamingContextFactory
9095 [main] TRACE com.baxter.junit.BaxterTestCase  - getInitialContext(): providerURL: jnp://192.168.9.33:1099 INITIAL_CONTEXT_FACTORY: org.jnp.interfaces.NamingContextFactory
9095 [main] TRACE com.baxter.junit.BaxterTestCase  - getInitialContext(): providerURL: jnp://192.168.9.33:1099 INITIAL_CONTEXT_FACTORY: org.jnp.interfaces.NamingContextFactory
9095 [main] TRACE com.baxter.junit.BaxterTestCase  - getInitialContext(): providerURL: jnp://192.168.9.33:1099 INITIAL_CONTEXT_FACTORY: org.jnp.interfaces.NamingContextFactory
9095 [main] TRACE com.baxter.junit.BaxterTestCase  - getInitialContext(): providerURL: jnp://192.168.9.33:1099 INITIAL_CONTEXT_FACTORY: org.jnp.interfaces.NamingContextFactory
[2011-05-31 15:14:51,647][TRACE] - connectToJMS(): channelName: t_JMS_ServerToClientQueueForFailedTrades@router1, lookup QUEUE_CONNECTION_FACTORY: /ConnectionFactory
9095 [main] TRACE com.baxter.junit.BaxterTestCase  - connectToJMS(): channelName: t_JMS_ServerToClientQueueForFailedTrades@router1, lookup QUEUE_CONNECTION_FACTORY: /ConnectionFactory
9095 [main] TRACE com.baxter.junit.BaxterTestCase  - connectToJMS(): channelName: t_JMS_ServerToClientQueueForFailedTrades@router1, lookup QUEUE_CONNECTION_FACTORY: /ConnectionFactory
9095 [main] TRACE com.baxter.junit.BaxterTestCase  - connectToJMS(): channelName: t_JMS_ServerToClientQueueForFailedTrades@router1, lookup QUEUE_CONNECTION_FACTORY: /ConnectionFactory
9095 [main] TRACE com.baxter.junit.BaxterTestCase  - connectToJMS(): channelName: t_JMS_ServerToClientQueueForFailedTrades@router1, lookup QUEUE_CONNECTION_FACTORY: /ConnectionFactory
[2011-05-31 15:14:51,652][TRACE] - connectToJMS(): channelName: t_JMS_ServerToClientQueueForFailedTrades@router1, createQueueConnection()
9100 [main] TRACE com.baxter.junit.BaxterTestCase  - connectToJMS(): channelName: t_JMS_ServerToClientQueueForFailedTrades@router1, createQueueConnection()
9100 [main] TRACE com.baxter.junit.BaxterTestCase  - connectToJMS(): channelName: t_JMS_ServerToClientQueueForFailedTrades@router1, createQueueConnection()
9100 [main] TRACE com.baxter.junit.BaxterTestCase  - connectToJMS(): channelName: t_JMS_ServerToClientQueueForFailedTrades@router1, createQueueConnection()
9100 [main] TRACE com.baxter.junit.BaxterTestCase  - connectToJMS(): channelName: t_JMS_ServerToClientQueueForFailedTrades@router1, createQueueConnection()
[2011-05-31 15:14:51,653][TRACE] - connectToJMS(): channelName: t_JMS_ServerToClientQueueForFailedTrades@router1, createTopicConnection()
9101 [main] TRACE com.baxter.junit.BaxterTestCase  - connectToJMS(): channelName: t_JMS_ServerToClientQueueForFailedTrades@router1, createTopicConnection()
9101 [main] TRACE com.baxter.junit.BaxterTestCase  - connectToJMS(): channelName: t_JMS_ServerToClientQueueForFailedTrades@router1, createTopicConnection()
9101 [main] TRACE com.baxter.junit.BaxterTestCase  - connectToJMS(): channelName: t_JMS_ServerToClientQueueForFailedTrades@router1, createTopicConnection()
9101 [main] TRACE com.baxter.junit.BaxterTestCase  - connectToJMS(): channelName: t_JMS_ServerToClientQueueForFailedTrades@router1, createTopicConnection()
[2011-05-31 15:14:51,660][TRACE] - connectToJMS(): channelName: t_JMS_ServerToClientQueueForFailedTrades@router1, setExceptionListener()
9108 [main] TRACE com.baxter.junit.BaxterTestCase  - connectToJMS(): channelName: t_JMS_ServerToClientQueueForFailedTrades@router1, setExceptionListener()
9108 [main] TRACE com.baxter.junit.BaxterTestCase  - connectToJMS(): channelName: t_JMS_ServerToClientQueueForFailedTrades@router1, setExceptionListener()
9108 [main] TRACE com.baxter.junit.BaxterTestCase  - connectToJMS(): channelName: t_JMS_ServerToClientQueueForFailedTrades@router1, setExceptionListener()
9108 [main] TRACE com.baxter.junit.BaxterTestCase  - connectToJMS(): channelName: t_JMS_ServerToClientQueueForFailedTrades@router1, setExceptionListener()
[2011-05-31 15:14:51,660][TRACE] - connectToJMS(): channelName: t_JMS_ServerToClientQueueForFailedTrades@router1, createQueueSession()
9108 [main] TRACE com.baxter.junit.BaxterTestCase  - connectToJMS(): channelName: t_JMS_ServerToClientQueueForFailedTrades@router1, createQueueSession()
9108 [main] TRACE com.baxter.junit.BaxterTestCase  - connectToJMS(): channelName: t_JMS_ServerToClientQueueForFailedTrades@router1, createQueueSession()
9108 [main] TRACE com.baxter.junit.BaxterTestCase  - connectToJMS(): channelName: t_JMS_ServerToClientQueueForFailedTrades@router1, createQueueSession()
9108 [main] TRACE com.baxter.junit.BaxterTestCase  - connectToJMS(): channelName: t_JMS_ServerToClientQueueForFailedTrades@router1, createQueueSession()
[2011-05-31 15:14:51,661][TRACE] - connectToJMS(): channelName: t_JMS_ServerToClientQueueForFailedTrades@router1, lookup channelName: t_JMS_ServerToClientQueueForFailedTrades@router1
9109 [main] TRACE com.baxter.junit.BaxterTestCase  - connectToJMS(): channelName: t_JMS_ServerToClientQueueForFailedTrades@router1, lookup channelName: t_JMS_ServerToClientQueueForFailedTrades@router1
9109 [main] TRACE com.baxter.junit.BaxterTestCase  - connectToJMS(): channelName: t_JMS_ServerToClientQueueForFailedTrades@router1, lookup channelName: t_JMS_ServerToClientQueueForFailedTrades@router1
9109 [main] TRACE com.baxter.junit.BaxterTestCase  - connectToJMS(): channelName: t_JMS_ServerToClientQueueForFailedTrades@router1, lookup channelName: t_JMS_ServerToClientQueueForFailedTrades@router1
9109 [main] TRACE com.baxter.junit.BaxterTestCase  - connectToJMS(): channelName: t_JMS_ServerToClientQueueForFailedTrades@router1, lookup channelName: t_JMS_ServerToClientQueueForFailedTrades@router1
[2011-05-31 15:14:51,666][TRACE] - connectToJMS(): channelName: t_JMS_ServerToClientQueueForFailedTrades@router1, initialContext.close()
9114 [main] TRACE com.baxter.junit.BaxterTestCase  - connectToJMS(): channelName: t_JMS_ServerToClientQueueForFailedTrades@router1, initialContext.close()
9114 [main] TRACE com.baxter.junit.BaxterTestCase  - connectToJMS(): channelName: t_JMS_ServerToClientQueueForFailedTrades@router1, initialContext.close()
9114 [main] TRACE com.baxter.junit.BaxterTestCase  - connectToJMS(): channelName: t_JMS_ServerToClientQueueForFailedTrades@router1, initialContext.close()
9114 [main] TRACE com.baxter.junit.BaxterTestCase  - connectToJMS(): channelName: t_JMS_ServerToClientQueueForFailedTrades@router1, initialContext.close()
[2011-05-31 15:14:51,666][TRACE] - connectToJMS(): channelName: t_JMS_ServerToClientQueueForFailedTrades@router1, createReceiver()
9114 [main] TRACE com.baxter.junit.BaxterTestCase  - connectToJMS(): channelName: t_JMS_ServerToClientQueueForFailedTrades@router1, createReceiver()
9114 [main] TRACE com.baxter.junit.BaxterTestCase  - connectToJMS(): channelName: t_JMS_ServerToClientQueueForFailedTrades@router1, createReceiver()
9114 [main] TRACE com.baxter.junit.BaxterTestCase  - connectToJMS(): channelName: t_JMS_ServerToClientQueueForFailedTrades@router1, createReceiver()
9114 [main] TRACE com.baxter.junit.BaxterTestCase  - connectToJMS(): channelName: t_JMS_ServerToClientQueueForFailedTrades@router1, createReceiver()
[2011-05-31 15:14:51,669][TRACE] - connectToJMS(): successfully connected...  alias: t_client_JMS_QueueAliasSTCForFailedTrades providerURL: jnp://192.168.9.33:1099 channelName: t_JMS_ServerToClientQueueForFailedTrades@router1 ackMode: 1 messageTimeToLive: 30000 deliveryMode: 1 isSender: false messageListener: null userName: null password: null
9117 [main] TRACE com.baxter.junit.BaxterTestCase  - connectToJMS(): successfully connected...  alias: t_client_JMS_QueueAliasSTCForFailedTrades providerURL: jnp://192.168.9.33:1099 channelName: t_JMS_ServerToClientQueueForFailedTrades@router1 ackMode: 1 messageTimeToLive: 30000 deliveryMode: 1 isSender: false messageListener: null userName: null password: null
9117 [main] TRACE com.baxter.junit.BaxterTestCase  - connectToJMS(): successfully connected...  alias: t_client_JMS_QueueAliasSTCForFailedTrades providerURL: jnp://192.168.9.33:1099 channelName: t_JMS_ServerToClientQueueForFailedTrades@router1 ackMode: 1 messageTimeToLive: 30000 deliveryMode: 1 isSender: false messageListener: null userName: null password: null
9117 [main] TRACE com.baxter.junit.BaxterTestCase  - connectToJMS(): successfully connected...  alias: t_client_JMS_QueueAliasSTCForFailedTrades providerURL: jnp://192.168.9.33:1099 channelName: t_JMS_ServerToClientQueueForFailedTrades@router1 ackMode: 1 messageTimeToLive: 30000 deliveryMode: 1 isSender: false messageListener: null userName: null password: null
9117 [main] TRACE com.baxter.junit.BaxterTestCase  - connectToJMS(): successfully connected...  alias: t_client_JMS_QueueAliasSTCForFailedTrades providerURL: jnp://192.168.9.33:1099 channelName: t_JMS_ServerToClientQueueForFailedTrades@router1 ackMode: 1 messageTimeToLive: 30000 deliveryMode: 1 isSender: false messageListener: null userName: null password: null
[2011-05-31 15:14:51,669][TRACE] - getInitialContext(): providerURL: jnp://192.168.9.33:1099 INITIAL_CONTEXT_FACTORY: org.jnp.interfaces.NamingContextFactory
9117 [main] TRACE com.baxter.junit.BaxterTestCase  - getInitialContext(): providerURL: jnp://192.168.9.33:1099 INITIAL_CONTEXT_FACTORY: org.jnp.interfaces.NamingContextFactory
9117 [main] TRACE com.baxter.junit.BaxterTestCase  - getInitialContext(): providerURL: jnp://192.168.9.33:1099 INITIAL_CONTEXT_FACTORY: org.jnp.interfaces.NamingContextFactory
9117 [main] TRACE com.baxter.junit.BaxterTestCase  - getInitialContext(): providerURL: jnp://192.168.9.33:1099 INITIAL_CONTEXT_FACTORY: org.jnp.interfaces.NamingContextFactory
9117 [main] TRACE com.baxter.junit.BaxterTestCase  - getInitialContext(): providerURL: jnp://192.168.9.33:1099 INITIAL_CONTEXT_FACTORY: org.jnp.interfaces.NamingContextFactory
[2011-05-31 15:14:51,670][TRACE] - connectToJMS(): channelName: t_JMS_ClientToServerQueueForFailedTrades@router1, lookup QUEUE_CONNECTION_FACTORY: /ConnectionFactory
9118 [main] TRACE com.baxter.junit.BaxterTestCase  - connectToJMS(): channelName: t_JMS_ClientToServerQueueForFailedTrades@router1, lookup QUEUE_CONNECTION_FACTORY: /ConnectionFactory
9118 [main] TRACE com.baxter.junit.BaxterTestCase  - connectToJMS(): channelName: t_JMS_ClientToServerQueueForFailedTrades@router1, lookup QUEUE_CONNECTION_FACTORY: /ConnectionFactory
9118 [main] TRACE com.baxter.junit.BaxterTestCase  - connectToJMS(): channelName: t_JMS_ClientToServerQueueForFailedTrades@router1, lookup QUEUE_CONNECTION_FACTORY: /ConnectionFactory
9118 [main] TRACE com.baxter.junit.BaxterTestCase  - connectToJMS(): channelName: t_JMS_ClientToServerQueueForFailedTrades@router1, lookup QUEUE_CONNECTION_FACTORY: /ConnectionFactory
[2011-05-31 15:14:51,670][TRACE] - ContextWatchThread.run(): initialContext OK...
9118 [Thread-52] TRACE com.baxter.junit.BaxterTestCase  - ContextWatchThread.run(): initialContext OK...
9118 [Thread-52] TRACE com.baxter.junit.BaxterTestCase  - ContextWatchThread.run(): initialContext OK...
9118 [Thread-52] TRACE com.baxter.junit.BaxterTestCase  - ContextWatchThread.run(): initialContext OK...
9118 [Thread-52] TRACE com.baxter.junit.BaxterTestCase  - ContextWatchThread.run(): initialContext OK...
[2011-05-31 15:14:51,710][TRACE] - connectToJMS(): channelName: t_JMS_ClientToServerQueueForFailedTrades@router1, createQueueConnection()
9158 [main] TRACE com.baxter.junit.BaxterTestCase  - connectToJMS(): channelName: t_JMS_ClientToServerQueueForFailedTrades@router1, createQueueConnection()
9158 [main] TRACE com.baxter.junit.BaxterTestCase  - connectToJMS(): channelName: t_JMS_ClientToServerQueueForFailedTrades@router1, createQueueConnection()
9158 [main] TRACE com.baxter.junit.BaxterTestCase  - connectToJMS(): channelName: t_JMS_ClientToServerQueueForFailedTrades@router1, createQueueConnection()
9158 [main] TRACE com.baxter.junit.BaxterTestCase  - connectToJMS(): channelName: t_JMS_ClientToServerQueueForFailedTrades@router1, createQueueConnection()
[2011-05-31 15:14:51,710][TRACE] - connectToJMS(): channelName: t_JMS_ClientToServerQueueForFailedTrades@router1, createTopicConnection()
9158 [main] TRACE com.baxter.junit.BaxterTestCase  - connectToJMS(): channelName: t_JMS_ClientToServerQueueForFailedTrades@router1, createTopicConnection()
9158 [main] TRACE com.baxter.junit.BaxterTestCase  - connectToJMS(): channelName: t_JMS_ClientToServerQueueForFailedTrades@router1, createTopicConnection()
9158 [main] TRACE com.baxter.junit.BaxterTestCase  - connectToJMS(): channelName: t_JMS_ClientToServerQueueForFailedTrades@router1, createTopicConnection()
9158 [main] TRACE com.baxter.junit.BaxterTestCase  - connectToJMS(): channelName: t_JMS_ClientToServerQueueForFailedTrades@router1, createTopicConnection()
[2011-05-31 15:14:51,714][TRACE] - connectToJMS(): channelName: t_JMS_ClientToServerQueueForFailedTrades@router1, setExceptionListener()
9162 [main] TRACE com.baxter.junit.BaxterTestCase  - connectToJMS(): channelName: t_JMS_ClientToServerQueueForFailedTrades@router1, setExceptionListener()
9162 [main] TRACE com.baxter.junit.BaxterTestCase  - connectToJMS(): channelName: t_JMS_ClientToServerQueueForFailedTrades@router1, setExceptionListener()
9162 [main] TRACE com.baxter.junit.BaxterTestCase  - connectToJMS(): channelName: t_JMS_ClientToServerQueueForFailedTrades@router1, setExceptionListener()
9162 [main] TRACE com.baxter.junit.BaxterTestCase  - connectToJMS(): channelName: t_JMS_ClientToServerQueueForFailedTrades@router1, setExceptionListener()
[2011-05-31 15:14:51,714][TRACE] - connectToJMS(): channelName: t_JMS_ClientToServerQueueForFailedTrades@router1, createQueueSession()
9162 [main] TRACE com.baxter.junit.BaxterTestCase  - connectToJMS(): channelName: t_JMS_ClientToServerQueueForFailedTrades@router1, createQueueSession()
9162 [main] TRACE com.baxter.junit.BaxterTestCase  - connectToJMS(): channelName: t_JMS_ClientToServerQueueForFailedTrades@router1, createQueueSession()
9162 [main] TRACE com.baxter.junit.BaxterTestCase  - connectToJMS(): channelName: t_JMS_ClientToServerQueueForFailedTrades@router1, createQueueSession()
9162 [main] TRACE com.baxter.junit.BaxterTestCase  - connectToJMS(): channelName: t_JMS_ClientToServerQueueForFailedTrades@router1, createQueueSession()
[2011-05-31 15:14:51,715][TRACE] - connectToJMS(): channelName: t_JMS_ClientToServerQueueForFailedTrades@router1, lookup channelName: t_JMS_ClientToServerQueueForFailedTrades@router1
9163 [main] TRACE com.baxter.junit.BaxterTestCase  - connectToJMS(): channelName: t_JMS_ClientToServerQueueForFailedTrades@router1, lookup channelName: t_JMS_ClientToServerQueueForFailedTrades@router1
9163 [main] TRACE com.baxter.junit.BaxterTestCase  - connectToJMS(): channelName: t_JMS_ClientToServerQueueForFailedTrades@router1, lookup channelName: t_JMS_ClientToServerQueueForFailedTrades@router1
9163 [main] TRACE com.baxter.junit.BaxterTestCase  - connectToJMS(): channelName: t_JMS_ClientToServerQueueForFailedTrades@router1, lookup channelName: t_JMS_ClientToServerQueueForFailedTrades@router1
9163 [main] TRACE com.baxter.junit.BaxterTestCase  - connectToJMS(): channelName: t_JMS_ClientToServerQueueForFailedTrades@router1, lookup channelName: t_JMS_ClientToServerQueueForFailedTrades@router1
[2011-05-31 15:14:51,719][TRACE] - connectToJMS(): channelName: t_JMS_ClientToServerQueueForFailedTrades@router1, initialContext.close()
9167 [main] TRACE com.baxter.junit.BaxterTestCase  - connectToJMS(): channelName: t_JMS_ClientToServerQueueForFailedTrades@router1, initialContext.close()
9167 [main] TRACE com.baxter.junit.BaxterTestCase  - connectToJMS(): channelName: t_JMS_ClientToServerQueueForFailedTrades@router1, initialContext.close()
9167 [main] TRACE com.baxter.junit.BaxterTestCase  - connectToJMS(): channelName: t_JMS_ClientToServerQueueForFailedTrades@router1, initialContext.close()
9167 [main] TRACE com.baxter.junit.BaxterTestCase  - connectToJMS(): channelName: t_JMS_ClientToServerQueueForFailedTrades@router1, initialContext.close()
[2011-05-31 15:14:51,720][TRACE] - connectToJMS(): channelName: t_JMS_ClientToServerQueueForFailedTrades@router1, createSender()
9168 [main] TRACE com.baxter.junit.BaxterTestCase  - connectToJMS(): channelName: t_JMS_ClientToServerQueueForFailedTrades@router1, createSender()
9168 [main] TRACE com.baxter.junit.BaxterTestCase  - connectToJMS(): channelName: t_JMS_ClientToServerQueueForFailedTrades@router1, createSender()
9168 [main] TRACE com.baxter.junit.BaxterTestCase  - connectToJMS(): channelName: t_JMS_ClientToServerQueueForFailedTrades@router1, createSender()
9168 [main] TRACE com.baxter.junit.BaxterTestCase  - connectToJMS(): channelName: t_JMS_ClientToServerQueueForFailedTrades@router1, createSender()
[2011-05-31 15:14:51,721][TRACE] - connectToJMS(): successfully connected...  alias: t_client_JMS_QueueAliasCTSForFailedTrades providerURL: jnp://192.168.9.33:1099 channelName: t_JMS_ClientToServerQueueForFailedTrades@router1 ackMode: 1 messageTimeToLive: 30000 deliveryMode: 1 isSender: true messageListener: null userName: null password: null
9169 [main] TRACE com.baxter.junit.BaxterTestCase  - connectToJMS(): successfully connected...  alias: t_client_JMS_QueueAliasCTSForFailedTrades providerURL: jnp://192.168.9.33:1099 channelName: t_JMS_ClientToServerQueueForFailedTrades@router1 ackMode: 1 messageTimeToLive: 30000 deliveryMode: 1 isSender: true messageListener: null userName: null password: null
9169 [main] TRACE com.baxter.junit.BaxterTestCase  - connectToJMS(): successfully connected...  alias: t_client_JMS_QueueAliasCTSForFailedTrades providerURL: jnp://192.168.9.33:1099 channelName: t_JMS_ClientToServerQueueForFailedTrades@router1 ackMode: 1 messageTimeToLive: 30000 deliveryMode: 1 isSender: true messageListener: null userName: null password: null
9169 [main] TRACE com.baxter.junit.BaxterTestCase  - connectToJMS(): successfully connected...  alias: t_client_JMS_QueueAliasCTSForFailedTrades providerURL: jnp://192.168.9.33:1099 channelName: t_JMS_ClientToServerQueueForFailedTrades@router1 ackMode: 1 messageTimeToLive: 30000 deliveryMode: 1 isSender: true messageListener: null userName: null password: null
9169 [main] TRACE com.baxter.junit.BaxterTestCase  - connectToJMS(): successfully connected...  alias: t_client_JMS_QueueAliasCTSForFailedTrades providerURL: jnp://192.168.9.33:1099 channelName: t_JMS_ClientToServerQueueForFailedTrades@router1 ackMode: 1 messageTimeToLive: 30000 deliveryMode: 1 isSender: true messageListener: null userName: null password: null
[2011-05-31 15:14:51,723][TRACE] - UserSession.UserSession(String, String, Logger, boolean):
messageSender: com.baxter.cdtradesupervisor.UserSession$MessageSenderObjectUpdaterThread@4523a389 userId: t FailedTrade session
9171 [main] TRACE com.baxter.junit.BaxterTestCase  - UserSession.UserSession(String, String, Logger, boolean):
messageSender: com.baxter.cdtradesupervisor.UserSession$MessageSenderObjectUpdaterThread@4523a389 userId: t FailedTrade session
9171 [main] TRACE com.baxter.junit.BaxterTestCase  - UserSession.UserSession(String, String, Logger, boolean):
messageSender: com.baxter.cdtradesupervisor.UserSession$MessageSenderObjectUpdaterThread@4523a389 userId: t FailedTrade session
9171 [main] TRACE com.baxter.junit.BaxterTestCase  - UserSession.UserSession(String, String, Logger, boolean):
messageSender: com.baxter.cdtradesupervisor.UserSession$MessageSenderObjectUpdaterThread@4523a389 userId: t FailedTrade session
9171 [main] TRACE com.baxter.junit.BaxterTestCase  - UserSession.UserSession(String, String, Logger, boolean):
messageSender: com.baxter.cdtradesupervisor.UserSession$MessageSenderObjectUpdaterThread@4523a389 userId: t FailedTrade session
[2011-05-31 15:14:51,723][TRACE] - ObjectUpdaterThread.run() threadName: MessageSender Start waiting... ListUpdated: false
9171 [MessageSender] TRACE com.baxter.junit.BaxterTestCase  - ObjectUpdaterThread.run() threadName: MessageSender Start waiting... ListUpdated: false
9171 [MessageSender] TRACE com.baxter.junit.BaxterTestCase  - ObjectUpdaterThread.run() threadName: MessageSender Start waiting... ListUpdated: false
9171 [MessageSender] TRACE com.baxter.junit.BaxterTestCase  - ObjectUpdaterThread.run() threadName: MessageSender Start waiting... ListUpdated: false
9171 [MessageSender] TRACE com.baxter.junit.BaxterTestCase  - ObjectUpdaterThread.run() threadName: MessageSender Start waiting... ListUpdated: false
[2011-05-31 15:14:51,723][TRACE] - parameter read from /home/cddev/.qa/jenkins/workspace/currency-dealing/target/test-classes/conf/JUnit.ini: HEARTBEAT_MISSEDTHRESHOLD_RED_MSG: Network connection is unstable.
9171 [main] TRACE com.baxter.junit.BaxterTestCase  - parameter read from /home/cddev/.qa/jenkins/workspace/currency-dealing/target/test-classes/conf/JUnit.ini: HEARTBEAT_MISSEDTHRESHOLD_RED_MSG: Network connection is unstable.
9171 [main] TRACE com.baxter.junit.BaxterTestCase  - parameter read from /home/cddev/.qa/jenkins/workspace/currency-dealing/target/test-classes/conf/JUnit.ini: HEARTBEAT_MISSEDTHRESHOLD_RED_MSG: Network connection is unstable.
9171 [main] TRACE com.baxter.junit.BaxterTestCase  - parameter read from /home/cddev/.qa/jenkins/workspace/currency-dealing/target/test-classes/conf/JUnit.ini: HEARTBEAT_MISSEDTHRESHOLD_RED_MSG: Network connection is unstable.
9171 [main] TRACE com.baxter.junit.BaxterTestCase  - parameter read from /home/cddev/.qa/jenkins/workspace/currency-dealing/target/test-classes/conf/JUnit.ini: HEARTBEAT_MISSEDTHRESHOLD_RED_MSG: Network connection is unstable.
[2011-05-31 15:14:51,724][DEBUG] - UserSession(): session is creating. userId: t FailedTrade session
9172 [main] DEBUG com.baxter.junit.BaxterTestCase  - UserSession(): session is creating. userId: t FailedTrade session
9172 [main] DEBUG com.baxter.junit.BaxterTestCase  - UserSession(): session is creating. userId: t FailedTrade session
9172 [main] DEBUG com.baxter.junit.BaxterTestCase  - UserSession(): session is creating. userId: t FailedTrade session
9172 [main] DEBUG com.baxter.junit.BaxterTestCase  - UserSession(): session is creating. userId: t FailedTrade session
[2011-05-31 15:14:51,725][TRACE] - UserSession.UserSession(): MAX_ENTRIES_OF_MESSAGEHISTORY=100 JMS_HEARTBEAT_DELAY=5000 MAX_JMS_SESSION_STARTUP_DELAY=500 MAX_HEARTBEAT_TOLERANCE=5000 MAX_SIZE_OF_HOLD_UP_LIST=100 userId: t FailedTrade session
9173 [main] TRACE com.baxter.junit.BaxterTestCase  - UserSession.UserSession(): MAX_ENTRIES_OF_MESSAGEHISTORY=100 JMS_HEARTBEAT_DELAY=5000 MAX_JMS_SESSION_STARTUP_DELAY=500 MAX_HEARTBEAT_TOLERANCE=5000 MAX_SIZE_OF_HOLD_UP_LIST=100 userId: t FailedTrade session
9173 [main] TRACE com.baxter.junit.BaxterTestCase  - UserSession.UserSession(): MAX_ENTRIES_OF_MESSAGEHISTORY=100 JMS_HEARTBEAT_DELAY=5000 MAX_JMS_SESSION_STARTUP_DELAY=500 MAX_HEARTBEAT_TOLERANCE=5000 MAX_SIZE_OF_HOLD_UP_LIST=100 userId: t FailedTrade session
9173 [main] TRACE com.baxter.junit.BaxterTestCase  - UserSession.UserSession(): MAX_ENTRIES_OF_MESSAGEHISTORY=100 JMS_HEARTBEAT_DELAY=5000 MAX_JMS_SESSION_STARTUP_DELAY=500 MAX_HEARTBEAT_TOLERANCE=5000 MAX_SIZE_OF_HOLD_UP_LIST=100 userId: t FailedTrade session
9173 [main] TRACE com.baxter.junit.BaxterTestCase  - UserSession.UserSession(): MAX_ENTRIES_OF_MESSAGEHISTORY=100 JMS_HEARTBEAT_DELAY=5000 MAX_JMS_SESSION_STARTUP_DELAY=500 MAX_HEARTBEAT_TOLERANCE=5000 MAX_SIZE_OF_HOLD_UP_LIST=100 userId: t FailedTrade session
[2011-05-31 15:14:51,725][TRACE] - UserSession.UserSession(): userListForSelector=[t, t1] userId: t FailedTrade session
9173 [main] TRACE com.baxter.junit.BaxterTestCase  - UserSession.UserSession(): userListForSelector=[t, t1] userId: t FailedTrade session
9173 [main] TRACE com.baxter.junit.BaxterTestCase  - UserSession.UserSession(): userListForSelector=[t, t1] userId: t FailedTrade session
9173 [main] TRACE com.baxter.junit.BaxterTestCase  - UserSession.UserSession(): userListForSelector=[t, t1] userId: t FailedTrade session
9173 [main] TRACE com.baxter.junit.BaxterTestCase  - UserSession.UserSession(): userListForSelector=[t, t1] userId: t FailedTrade session
[2011-05-31 15:14:51,725][DEBUG] - FailedTradeServerUserSession.setupJMS() is invoked. userId: t FailedTrade session
9173 [main] DEBUG com.baxter.junit.BaxterTestCase  - FailedTradeServerUserSession.setupJMS() is invoked. userId: t FailedTrade session
9173 [main] DEBUG com.baxter.junit.BaxterTestCase  - FailedTradeServerUserSession.setupJMS() is invoked. userId: t FailedTrade session
9173 [main] DEBUG com.baxter.junit.BaxterTestCase  - FailedTradeServerUserSession.setupJMS() is invoked. userId: t FailedTrade session
9173 [main] DEBUG com.baxter.junit.BaxterTestCase  - FailedTradeServerUserSession.setupJMS() is invoked. userId: t FailedTrade session
[2011-05-31 15:14:51,726][DEBUG] - FailedTradeServerUserSession.setupJMS() providerURL: jnp://192.168.9.33:1099
		contextFactory: org.jnp.interfaces.NamingContextFactory
		queueFactoryName: /ConnectionFactory
		JMS_ServerToClientQueue: t_JMS_ServerToClientQueueForFailedTrades@router1
		JMS_ClientToServerQueue: t_JMS_ClientToServerQueueForFailedTrades@router1
		timeToLive: 30000 userId: t FailedTrade session
9174 [main] DEBUG com.baxter.junit.BaxterTestCase  - FailedTradeServerUserSession.setupJMS() providerURL: jnp://192.168.9.33:1099
		contextFactory: org.jnp.interfaces.NamingContextFactory
		queueFactoryName: /ConnectionFactory
		JMS_ServerToClientQueue: t_JMS_ServerToClientQueueForFailedTrades@router1
		JMS_ClientToServerQueue: t_JMS_ClientToServerQueueForFailedTrades@router1
		timeToLive: 30000 userId: t FailedTrade session
9174 [main] DEBUG com.baxter.junit.BaxterTestCase  - FailedTradeServerUserSession.setupJMS() providerURL: jnp://192.168.9.33:1099
		contextFactory: org.jnp.interfaces.NamingContextFactory
		queueFactoryName: /ConnectionFactory
		JMS_ServerToClientQueue: t_JMS_ServerToClientQueueForFailedTrades@router1
		JMS_ClientToServerQueue: t_JMS_ClientToServerQueueForFailedTrades@router1
		timeToLive: 30000 userId: t FailedTrade session
9174 [main] DEBUG com.baxter.junit.BaxterTestCase  - FailedTradeServerUserSession.setupJMS() providerURL: jnp://192.168.9.33:1099
		contextFactory: org.jnp.interfaces.NamingContextFactory
		queueFactoryName: /ConnectionFactory
		JMS_ServerToClientQueue: t_JMS_ServerToClientQueueForFailedTrades@router1
		JMS_ClientToServerQueue: t_JMS_ClientToServerQueueForFailedTrades@router1
		timeToLive: 30000 userId: t FailedTrade session
9174 [main] DEBUG com.baxter.junit.BaxterTestCase  - FailedTradeServerUserSession.setupJMS() providerURL: jnp://192.168.9.33:1099
		contextFactory: org.jnp.interfaces.NamingContextFactory
		queueFactoryName: /ConnectionFactory
		JMS_ServerToClientQueue: t_JMS_ServerToClientQueueForFailedTrades@router1
		JMS_ClientToServerQueue: t_JMS_ClientToServerQueueForFailedTrades@router1
		timeToLive: 30000 userId: t FailedTrade session
[2011-05-31 15:14:51,726][TRACE] - getInitialContext(): providerURL: jnp://192.168.9.33:1099 INITIAL_CONTEXT_FACTORY: org.jnp.interfaces.NamingContextFactory
9174 [main] TRACE com.baxter.junit.BaxterTestCase  - getInitialContext(): providerURL: jnp://192.168.9.33:1099 INITIAL_CONTEXT_FACTORY: org.jnp.interfaces.NamingContextFactory
9174 [main] TRACE com.baxter.junit.BaxterTestCase  - getInitialContext(): providerURL: jnp://192.168.9.33:1099 INITIAL_CONTEXT_FACTORY: org.jnp.interfaces.NamingContextFactory
9174 [main] TRACE com.baxter.junit.BaxterTestCase  - getInitialContext(): providerURL: jnp://192.168.9.33:1099 INITIAL_CONTEXT_FACTORY: org.jnp.interfaces.NamingContextFactory
9174 [main] TRACE com.baxter.junit.BaxterTestCase  - getInitialContext(): providerURL: jnp://192.168.9.33:1099 INITIAL_CONTEXT_FACTORY: org.jnp.interfaces.NamingContextFactory
[2011-05-31 15:14:51,723][TRACE] - ObjectUpdaterThread.run() threadName: MessageReceiver Start waiting... ListUpdated: false
9171 [MessageReceiver userId: t FailedTrade session] TRACE com.baxter.junit.BaxterTestCase  - ObjectUpdaterThread.run() threadName: MessageReceiver Start waiting... ListUpdated: false
9171 [MessageReceiver userId: t FailedTrade session] TRACE com.baxter.junit.BaxterTestCase  - ObjectUpdaterThread.run() threadName: MessageReceiver Start waiting... ListUpdated: false
9171 [MessageReceiver userId: t FailedTrade session] TRACE com.baxter.junit.BaxterTestCase  - ObjectUpdaterThread.run() threadName: MessageReceiver Start waiting... ListUpdated: false
9171 [MessageReceiver userId: t FailedTrade session] TRACE com.baxter.junit.BaxterTestCase  - ObjectUpdaterThread.run() threadName: MessageReceiver Start waiting... ListUpdated: false
[2011-05-31 15:14:51,726][TRACE] - ContextWatchThread.run(): initialContext OK...
9174 [Thread-56] TRACE com.baxter.junit.BaxterTestCase  - ContextWatchThread.run(): initialContext OK...
9174 [Thread-56] TRACE com.baxter.junit.BaxterTestCase  - ContextWatchThread.run(): initialContext OK...
9174 [Thread-56] TRACE com.baxter.junit.BaxterTestCase  - ContextWatchThread.run(): initialContext OK...
9174 [Thread-56] TRACE com.baxter.junit.BaxterTestCase  - ContextWatchThread.run(): initialContext OK...
[2011-05-31 15:14:51,726][TRACE] - connectToJMS(): channelName: t_JMS_ServerToClientQueueForFailedTrades@router1, lookup QUEUE_CONNECTION_FACTORY: /ConnectionFactory
9174 [main] TRACE com.baxter.junit.BaxterTestCase  - connectToJMS(): channelName: t_JMS_ServerToClientQueueForFailedTrades@router1, lookup QUEUE_CONNECTION_FACTORY: /ConnectionFactory
9174 [main] TRACE com.baxter.junit.BaxterTestCase  - connectToJMS(): channelName: t_JMS_ServerToClientQueueForFailedTrades@router1, lookup QUEUE_CONNECTION_FACTORY: /ConnectionFactory
9174 [main] TRACE com.baxter.junit.BaxterTestCase  - connectToJMS(): channelName: t_JMS_ServerToClientQueueForFailedTrades@router1, lookup QUEUE_CONNECTION_FACTORY: /ConnectionFactory
9174 [main] TRACE com.baxter.junit.BaxterTestCase  - connectToJMS(): channelName: t_JMS_ServerToClientQueueForFailedTrades@router1, lookup QUEUE_CONNECTION_FACTORY: /ConnectionFactory
[2011-05-31 15:14:51,731][TRACE] - connectToJMS(): channelName: t_JMS_ServerToClientQueueForFailedTrades@router1, createQueueConnection()
9179 [main] TRACE com.baxter.junit.BaxterTestCase  - connectToJMS(): channelName: t_JMS_ServerToClientQueueForFailedTrades@router1, createQueueConnection()
9179 [main] TRACE com.baxter.junit.BaxterTestCase  - connectToJMS(): channelName: t_JMS_ServerToClientQueueForFailedTrades@router1, createQueueConnection()
9179 [main] TRACE com.baxter.junit.BaxterTestCase  - connectToJMS(): channelName: t_JMS_ServerToClientQueueForFailedTrades@router1, createQueueConnection()
9179 [main] TRACE com.baxter.junit.BaxterTestCase  - connectToJMS(): channelName: t_JMS_ServerToClientQueueForFailedTrades@router1, createQueueConnection()
[2011-05-31 15:14:51,732][TRACE] - connectToJMS(): channelName: t_JMS_ServerToClientQueueForFailedTrades@router1, createTopicConnection()
9180 [main] TRACE com.baxter.junit.BaxterTestCase  - connectToJMS(): channelName: t_JMS_ServerToClientQueueForFailedTrades@router1, createTopicConnection()
9180 [main] TRACE com.baxter.junit.BaxterTestCase  - connectToJMS(): channelName: t_JMS_ServerToClientQueueForFailedTrades@router1, createTopicConnection()
9180 [main] TRACE com.baxter.junit.BaxterTestCase  - connectToJMS(): channelName: t_JMS_ServerToClientQueueForFailedTrades@router1, createTopicConnection()
9180 [main] TRACE com.baxter.junit.BaxterTestCase  - connectToJMS(): channelName: t_JMS_ServerToClientQueueForFailedTrades@router1, createTopicConnection()
[2011-05-31 15:14:51,738][TRACE] - connectToJMS(): channelName: t_JMS_ServerToClientQueueForFailedTrades@router1, setExceptionListener()
9186 [main] TRACE com.baxter.junit.BaxterTestCase  - connectToJMS(): channelName: t_JMS_ServerToClientQueueForFailedTrades@router1, setExceptionListener()
9186 [main] TRACE com.baxter.junit.BaxterTestCase  - connectToJMS(): channelName: t_JMS_ServerToClientQueueForFailedTrades@router1, setExceptionListener()
9186 [main] TRACE com.baxter.junit.BaxterTestCase  - connectToJMS(): channelName: t_JMS_ServerToClientQueueForFailedTrades@router1, setExceptionListener()
9186 [main] TRACE com.baxter.junit.BaxterTestCase  - connectToJMS(): channelName: t_JMS_ServerToClientQueueForFailedTrades@router1, setExceptionListener()
[2011-05-31 15:14:51,738][TRACE] - connectToJMS(): channelName: t_JMS_ServerToClientQueueForFailedTrades@router1, createQueueSession()
9186 [main] TRACE com.baxter.junit.BaxterTestCase  - connectToJMS(): channelName: t_JMS_ServerToClientQueueForFailedTrades@router1, createQueueSession()
9186 [main] TRACE com.baxter.junit.BaxterTestCase  - connectToJMS(): channelName: t_JMS_ServerToClientQueueForFailedTrades@router1, createQueueSession()
9186 [main] TRACE com.baxter.junit.BaxterTestCase  - connectToJMS(): channelName: t_JMS_ServerToClientQueueForFailedTrades@router1, createQueueSession()
9186 [main] TRACE com.baxter.junit.BaxterTestCase  - connectToJMS(): channelName: t_JMS_ServerToClientQueueForFailedTrades@router1, createQueueSession()
[2011-05-31 15:14:51,740][TRACE] - connectToJMS(): channelName: t_JMS_ServerToClientQueueForFailedTrades@router1, lookup channelName: t_JMS_ServerToClientQueueForFailedTrades@router1
9188 [main] TRACE com.baxter.junit.BaxterTestCase  - connectToJMS(): channelName: t_JMS_ServerToClientQueueForFailedTrades@router1, lookup channelName: t_JMS_ServerToClientQueueForFailedTrades@router1
9188 [main] TRACE com.baxter.junit.BaxterTestCase  - connectToJMS(): channelName: t_JMS_ServerToClientQueueForFailedTrades@router1, lookup channelName: t_JMS_ServerToClientQueueForFailedTrades@router1
9188 [main] TRACE com.baxter.junit.BaxterTestCase  - connectToJMS(): channelName: t_JMS_ServerToClientQueueForFailedTrades@router1, lookup channelName: t_JMS_ServerToClientQueueForFailedTrades@router1
9188 [main] TRACE com.baxter.junit.BaxterTestCase  - connectToJMS(): channelName: t_JMS_ServerToClientQueueForFailedTrades@router1, lookup channelName: t_JMS_ServerToClientQueueForFailedTrades@router1
[2011-05-31 15:14:51,744][TRACE] - connectToJMS(): channelName: t_JMS_ServerToClientQueueForFailedTrades@router1, initialContext.close()
9192 [main] TRACE com.baxter.junit.BaxterTestCase  - connectToJMS(): channelName: t_JMS_ServerToClientQueueForFailedTrades@router1, initialContext.close()
9192 [main] TRACE com.baxter.junit.BaxterTestCase  - connectToJMS(): channelName: t_JMS_ServerToClientQueueForFailedTrades@router1, initialContext.close()
9192 [main] TRACE com.baxter.junit.BaxterTestCase  - connectToJMS(): channelName: t_JMS_ServerToClientQueueForFailedTrades@router1, initialContext.close()
9192 [main] TRACE com.baxter.junit.BaxterTestCase  - connectToJMS(): channelName: t_JMS_ServerToClientQueueForFailedTrades@router1, initialContext.close()
[2011-05-31 15:14:51,745][TRACE] - connectToJMS(): channelName: t_JMS_ServerToClientQueueForFailedTrades@router1, createSender()
9193 [main] TRACE com.baxter.junit.BaxterTestCase  - connectToJMS(): channelName: t_JMS_ServerToClientQueueForFailedTrades@router1, createSender()
9193 [main] TRACE com.baxter.junit.BaxterTestCase  - connectToJMS(): channelName: t_JMS_ServerToClientQueueForFailedTrades@router1, createSender()
9193 [main] TRACE com.baxter.junit.BaxterTestCase  - connectToJMS(): channelName: t_JMS_ServerToClientQueueForFailedTrades@router1, createSender()
9193 [main] TRACE com.baxter.junit.BaxterTestCase  - connectToJMS(): channelName: t_JMS_ServerToClientQueueForFailedTrades@router1, createSender()
[2011-05-31 15:14:51,746][TRACE] - connectToJMS(): successfully connected...  alias: t_JMS_QueueAliasSTCForFailedTrades providerURL: jnp://192.168.9.33:1099 channelName: t_JMS_ServerToClientQueueForFailedTrades@router1 ackMode: 1 messageTimeToLive: 30000 deliveryMode: 1 isSender: true messageListener: null userName: null password: null
9194 [main] TRACE com.baxter.junit.BaxterTestCase  - connectToJMS(): successfully connected...  alias: t_JMS_QueueAliasSTCForFailedTrades providerURL: jnp://192.168.9.33:1099 channelName: t_JMS_ServerToClientQueueForFailedTrades@router1 ackMode: 1 messageTimeToLive: 30000 deliveryMode: 1 isSender: true messageListener: null userName: null password: null
9194 [main] TRACE com.baxter.junit.BaxterTestCase  - connectToJMS(): successfully connected...  alias: t_JMS_QueueAliasSTCForFailedTrades providerURL: jnp://192.168.9.33:1099 channelName: t_JMS_ServerToClientQueueForFailedTrades@router1 ackMode: 1 messageTimeToLive: 30000 deliveryMode: 1 isSender: true messageListener: null userName: null password: null
9194 [main] TRACE com.baxter.junit.BaxterTestCase  - connectToJMS(): successfully connected...  alias: t_JMS_QueueAliasSTCForFailedTrades providerURL: jnp://192.168.9.33:1099 channelName: t_JMS_ServerToClientQueueForFailedTrades@router1 ackMode: 1 messageTimeToLive: 30000 deliveryMode: 1 isSender: true messageListener: null userName: null password: null
9194 [main] TRACE com.baxter.junit.BaxterTestCase  - connectToJMS(): successfully connected...  alias: t_JMS_QueueAliasSTCForFailedTrades providerURL: jnp://192.168.9.33:1099 channelName: t_JMS_ServerToClientQueueForFailedTrades@router1 ackMode: 1 messageTimeToLive: 30000 deliveryMode: 1 isSender: true messageListener: null userName: null password: null
[2011-05-31 15:14:51,746][TRACE] - getInitialContext(): providerURL: jnp://192.168.9.33:1099 INITIAL_CONTEXT_FACTORY: org.jnp.interfaces.NamingContextFactory
9194 [main] TRACE com.baxter.junit.BaxterTestCase  - getInitialContext(): providerURL: jnp://192.168.9.33:1099 INITIAL_CONTEXT_FACTORY: org.jnp.interfaces.NamingContextFactory
9194 [main] TRACE com.baxter.junit.BaxterTestCase  - getInitialContext(): providerURL: jnp://192.168.9.33:1099 INITIAL_CONTEXT_FACTORY: org.jnp.interfaces.NamingContextFactory
9194 [main] TRACE com.baxter.junit.BaxterTestCase  - getInitialContext(): providerURL: jnp://192.168.9.33:1099 INITIAL_CONTEXT_FACTORY: org.jnp.interfaces.NamingContextFactory
9194 [main] TRACE com.baxter.junit.BaxterTestCase  - getInitialContext(): providerURL: jnp://192.168.9.33:1099 INITIAL_CONTEXT_FACTORY: org.jnp.interfaces.NamingContextFactory
[2011-05-31 15:14:51,747][TRACE] - connectToJMS(): channelName: t_JMS_ClientToServerQueueForFailedTrades@router1, lookup QUEUE_CONNECTION_FACTORY: /ConnectionFactory
9195 [main] TRACE com.baxter.junit.BaxterTestCase  - connectToJMS(): channelName: t_JMS_ClientToServerQueueForFailedTrades@router1, lookup QUEUE_CONNECTION_FACTORY: /ConnectionFactory
9195 [main] TRACE com.baxter.junit.BaxterTestCase  - connectToJMS(): channelName: t_JMS_ClientToServerQueueForFailedTrades@router1, lookup QUEUE_CONNECTION_FACTORY: /ConnectionFactory
9195 [main] TRACE com.baxter.junit.BaxterTestCase  - connectToJMS(): channelName: t_JMS_ClientToServerQueueForFailedTrades@router1, lookup QUEUE_CONNECTION_FACTORY: /ConnectionFactory
9195 [main] TRACE com.baxter.junit.BaxterTestCase  - connectToJMS(): channelName: t_JMS_ClientToServerQueueForFailedTrades@router1, lookup QUEUE_CONNECTION_FACTORY: /ConnectionFactory
[2011-05-31 15:14:51,752][TRACE] - connectToJMS(): channelName: t_JMS_ClientToServerQueueForFailedTrades@router1, createQueueConnection()
9200 [main] TRACE com.baxter.junit.BaxterTestCase  - connectToJMS(): channelName: t_JMS_ClientToServerQueueForFailedTrades@router1, createQueueConnection()
9200 [main] TRACE com.baxter.junit.BaxterTestCase  - connectToJMS(): channelName: t_JMS_ClientToServerQueueForFailedTrades@router1, createQueueConnection()
9200 [main] TRACE com.baxter.junit.BaxterTestCase  - connectToJMS(): channelName: t_JMS_ClientToServerQueueForFailedTrades@router1, createQueueConnection()
9200 [main] TRACE com.baxter.junit.BaxterTestCase  - connectToJMS(): channelName: t_JMS_ClientToServerQueueForFailedTrades@router1, createQueueConnection()
[2011-05-31 15:14:51,752][TRACE] - connectToJMS(): channelName: t_JMS_ClientToServerQueueForFailedTrades@router1, createTopicConnection()
9200 [main] TRACE com.baxter.junit.BaxterTestCase  - connectToJMS(): channelName: t_JMS_ClientToServerQueueForFailedTrades@router1, createTopicConnection()
9200 [main] TRACE com.baxter.junit.BaxterTestCase  - connectToJMS(): channelName: t_JMS_ClientToServerQueueForFailedTrades@router1, createTopicConnection()
9200 [main] TRACE com.baxter.junit.BaxterTestCase  - connectToJMS(): channelName: t_JMS_ClientToServerQueueForFailedTrades@router1, createTopicConnection()
9200 [main] TRACE com.baxter.junit.BaxterTestCase  - connectToJMS(): channelName: t_JMS_ClientToServerQueueForFailedTrades@router1, createTopicConnection()
[2011-05-31 15:14:51,798][TRACE] - connectToJMS(): channelName: t_JMS_ClientToServerQueueForFailedTrades@router1, setExceptionListener()
9246 [main] TRACE com.baxter.junit.BaxterTestCase  - connectToJMS(): channelName: t_JMS_ClientToServerQueueForFailedTrades@router1, setExceptionListener()
9246 [main] TRACE com.baxter.junit.BaxterTestCase  - connectToJMS(): channelName: t_JMS_ClientToServerQueueForFailedTrades@router1, setExceptionListener()
9246 [main] TRACE com.baxter.junit.BaxterTestCase  - connectToJMS(): channelName: t_JMS_ClientToServerQueueForFailedTrades@router1, setExceptionListener()
9246 [main] TRACE com.baxter.junit.BaxterTestCase  - connectToJMS(): channelName: t_JMS_ClientToServerQueueForFailedTrades@router1, setExceptionListener()
[2011-05-31 15:14:51,798][TRACE] - connectToJMS(): channelName: t_JMS_ClientToServerQueueForFailedTrades@router1, createQueueSession()
9246 [main] TRACE com.baxter.junit.BaxterTestCase  - connectToJMS(): channelName: t_JMS_ClientToServerQueueForFailedTrades@router1, createQueueSession()
9246 [main] TRACE com.baxter.junit.BaxterTestCase  - connectToJMS(): channelName: t_JMS_ClientToServerQueueForFailedTrades@router1, createQueueSession()
9246 [main] TRACE com.baxter.junit.BaxterTestCase  - connectToJMS(): channelName: t_JMS_ClientToServerQueueForFailedTrades@router1, createQueueSession()
9246 [main] TRACE com.baxter.junit.BaxterTestCase  - connectToJMS(): channelName: t_JMS_ClientToServerQueueForFailedTrades@router1, createQueueSession()
[2011-05-31 15:14:51,800][TRACE] - connectToJMS(): channelName: t_JMS_ClientToServerQueueForFailedTrades@router1, lookup channelName: t_JMS_ClientToServerQueueForFailedTrades@router1
9248 [main] TRACE com.baxter.junit.BaxterTestCase  - connectToJMS(): channelName: t_JMS_ClientToServerQueueForFailedTrades@router1, lookup channelName: t_JMS_ClientToServerQueueForFailedTrades@router1
9248 [main] TRACE com.baxter.junit.BaxterTestCase  - connectToJMS(): channelName: t_JMS_ClientToServerQueueForFailedTrades@router1, lookup channelName: t_JMS_ClientToServerQueueForFailedTrades@router1
9248 [main] TRACE com.baxter.junit.BaxterTestCase  - connectToJMS(): channelName: t_JMS_ClientToServerQueueForFailedTrades@router1, lookup channelName: t_JMS_ClientToServerQueueForFailedTrades@router1
9248 [main] TRACE com.baxter.junit.BaxterTestCase  - connectToJMS(): channelName: t_JMS_ClientToServerQueueForFailedTrades@router1, lookup channelName: t_JMS_ClientToServerQueueForFailedTrades@router1
[2011-05-31 15:14:51,804][TRACE] - connectToJMS(): channelName: t_JMS_ClientToServerQueueForFailedTrades@router1, initialContext.close()
9252 [main] TRACE com.baxter.junit.BaxterTestCase  - connectToJMS(): channelName: t_JMS_ClientToServerQueueForFailedTrades@router1, initialContext.close()
9252 [main] TRACE com.baxter.junit.BaxterTestCase  - connectToJMS(): channelName: t_JMS_ClientToServerQueueForFailedTrades@router1, initialContext.close()
9252 [main] TRACE com.baxter.junit.BaxterTestCase  - connectToJMS(): channelName: t_JMS_ClientToServerQueueForFailedTrades@router1, initialContext.close()
9252 [main] TRACE com.baxter.junit.BaxterTestCase  - connectToJMS(): channelName: t_JMS_ClientToServerQueueForFailedTrades@router1, initialContext.close()
[2011-05-31 15:14:51,805][TRACE] - connectToJMS(): channelName: t_JMS_ClientToServerQueueForFailedTrades@router1, createReceiver()
9253 [main] TRACE com.baxter.junit.BaxterTestCase  - connectToJMS(): channelName: t_JMS_ClientToServerQueueForFailedTrades@router1, createReceiver()
9253 [main] TRACE com.baxter.junit.BaxterTestCase  - connectToJMS(): channelName: t_JMS_ClientToServerQueueForFailedTrades@router1, createReceiver()
9253 [main] TRACE com.baxter.junit.BaxterTestCase  - connectToJMS(): channelName: t_JMS_ClientToServerQueueForFailedTrades@router1, createReceiver()
9253 [main] TRACE com.baxter.junit.BaxterTestCase  - connectToJMS(): channelName: t_JMS_ClientToServerQueueForFailedTrades@router1, createReceiver()
[2011-05-31 15:14:51,807][TRACE] - connectToJMS(): successfully connected...  alias: t_JMS_QueueAliasCTSForFailedTrades providerURL: jnp://192.168.9.33:1099 channelName: t_JMS_ClientToServerQueueForFailedTrades@router1 ackMode: 1 messageTimeToLive: 30000 deliveryMode: 1 isSender: false messageListener: null userName: null password: null
9255 [main] TRACE com.baxter.junit.BaxterTestCase  - connectToJMS(): successfully connected...  alias: t_JMS_QueueAliasCTSForFailedTrades providerURL: jnp://192.168.9.33:1099 channelName: t_JMS_ClientToServerQueueForFailedTrades@router1 ackMode: 1 messageTimeToLive: 30000 deliveryMode: 1 isSender: false messageListener: null userName: null password: null
9255 [main] TRACE com.baxter.junit.BaxterTestCase  - connectToJMS(): successfully connected...  alias: t_JMS_QueueAliasCTSForFailedTrades providerURL: jnp://192.168.9.33:1099 channelName: t_JMS_ClientToServerQueueForFailedTrades@router1 ackMode: 1 messageTimeToLive: 30000 deliveryMode: 1 isSender: false messageListener: null userName: null password: null
9255 [main] TRACE com.baxter.junit.BaxterTestCase  - connectToJMS(): successfully connected...  alias: t_JMS_QueueAliasCTSForFailedTrades providerURL: jnp://192.168.9.33:1099 channelName: t_JMS_ClientToServerQueueForFailedTrades@router1 ackMode: 1 messageTimeToLive: 30000 deliveryMode: 1 isSender: false messageListener: null userName: null password: null
9255 [main] TRACE com.baxter.junit.BaxterTestCase  - connectToJMS(): successfully connected...  alias: t_JMS_QueueAliasCTSForFailedTrades providerURL: jnp://192.168.9.33:1099 channelName: t_JMS_ClientToServerQueueForFailedTrades@router1 ackMode: 1 messageTimeToLive: 30000 deliveryMode: 1 isSender: false messageListener: null userName: null password: null
[2011-05-31 15:14:51,809][TRACE] - UserSession.UserSession(String, String, Logger, boolean):
messageSender: com.baxter.cdtradesupervisor.UserSession$MessageSenderObjectUpdaterThread@1f00aff5 userId: t FailedTrade session
9257 [main] TRACE com.baxter.junit.BaxterTestCase  - UserSession.UserSession(String, String, Logger, boolean):
messageSender: com.baxter.cdtradesupervisor.UserSession$MessageSenderObjectUpdaterThread@1f00aff5 userId: t FailedTrade session
9257 [main] TRACE com.baxter.junit.BaxterTestCase  - UserSession.UserSession(String, String, Logger, boolean):
messageSender: com.baxter.cdtradesupervisor.UserSession$MessageSenderObjectUpdaterThread@1f00aff5 userId: t FailedTrade session
9257 [main] TRACE com.baxter.junit.BaxterTestCase  - UserSession.UserSession(String, String, Logger, boolean):
messageSender: com.baxter.cdtradesupervisor.UserSession$MessageSenderObjectUpdaterThread@1f00aff5 userId: t FailedTrade session
9257 [main] TRACE com.baxter.junit.BaxterTestCase  - UserSession.UserSession(String, String, Logger, boolean):
messageSender: com.baxter.cdtradesupervisor.UserSession$MessageSenderObjectUpdaterThread@1f00aff5 userId: t FailedTrade session
[2011-05-31 15:14:51,809][TRACE] - ObjectUpdaterThread.run() threadName: MessageSender Start waiting... ListUpdated: false
9257 [MessageSender] TRACE com.baxter.junit.BaxterTestCase  - ObjectUpdaterThread.run() threadName: MessageSender Start waiting... ListUpdated: false
9257 [MessageSender] TRACE com.baxter.junit.BaxterTestCase  - ObjectUpdaterThread.run() threadName: MessageSender Start waiting... ListUpdated: false
9257 [MessageSender] TRACE com.baxter.junit.BaxterTestCase  - ObjectUpdaterThread.run() threadName: MessageSender Start waiting... ListUpdated: false
9257 [MessageSender] TRACE com.baxter.junit.BaxterTestCase  - ObjectUpdaterThread.run() threadName: MessageSender Start waiting... ListUpdated: false
[2011-05-31 15:14:51,835][TRACE] - ObjectUpdaterThread.run() threadName: MessageReceiver userId: t FailedTrade session Start waiting... ListUpdated: false
9283 [MessageReceiver userId: t FailedTrade session] TRACE com.baxter.junit.BaxterTestCase  - ObjectUpdaterThread.run() threadName: MessageReceiver userId: t FailedTrade session Start waiting... ListUpdated: false
9283 [MessageReceiver userId: t FailedTrade session] TRACE com.baxter.junit.BaxterTestCase  - ObjectUpdaterThread.run() threadName: MessageReceiver userId: t FailedTrade session Start waiting... ListUpdated: false
9283 [MessageReceiver userId: t FailedTrade session] TRACE com.baxter.junit.BaxterTestCase  - ObjectUpdaterThread.run() threadName: MessageReceiver userId: t FailedTrade session Start waiting... ListUpdated: false
9283 [MessageReceiver userId: t FailedTrade session] TRACE com.baxter.junit.BaxterTestCase  - ObjectUpdaterThread.run() threadName: MessageReceiver userId: t FailedTrade session Start waiting... ListUpdated: false
[2011-05-31 15:14:51,838][DEBUG] - UserSession.sendMessage(): messageSender: com.baxter.cdtradesupervisor.UserSession$MessageSenderObjectUpdaterThread@1f00aff5 userId: t FailedTrade session
9286 [main] DEBUG com.baxter.junit.BaxterTestCase  - UserSession.sendMessage(): messageSender: com.baxter.cdtradesupervisor.UserSession$MessageSenderObjectUpdaterThread@1f00aff5 userId: t FailedTrade session
9286 [main] DEBUG com.baxter.junit.BaxterTestCase  - UserSession.sendMessage(): messageSender: com.baxter.cdtradesupervisor.UserSession$MessageSenderObjectUpdaterThread@1f00aff5 userId: t FailedTrade session
9286 [main] DEBUG com.baxter.junit.BaxterTestCase  - UserSession.sendMessage(): messageSender: com.baxter.cdtradesupervisor.UserSession$MessageSenderObjectUpdaterThread@1f00aff5 userId: t FailedTrade session
9286 [main] DEBUG com.baxter.junit.BaxterTestCase  - UserSession.sendMessage(): messageSender: com.baxter.cdtradesupervisor.UserSession$MessageSenderObjectUpdaterThread@1f00aff5 userId: t FailedTrade session
[2011-05-31 15:14:51,838][TRACE] - ObjectUpdaterThread.addNewObjectToList() is invoked... threadName: MessageSender userId: t FailedTrade session isClearingList: false isWaiting: true
9286 [main] TRACE com.baxter.junit.BaxterTestCase  - ObjectUpdaterThread.addNewObjectToList() is invoked... threadName: MessageSender userId: t FailedTrade session isClearingList: false isWaiting: true
9286 [main] TRACE com.baxter.junit.BaxterTestCase  - ObjectUpdaterThread.addNewObjectToList() is invoked... threadName: MessageSender userId: t FailedTrade session isClearingList: false isWaiting: true
9286 [main] TRACE com.baxter.junit.BaxterTestCase  - ObjectUpdaterThread.addNewObjectToList() is invoked... threadName: MessageSender userId: t FailedTrade session isClearingList: false isWaiting: true
9286 [main] TRACE com.baxter.junit.BaxterTestCase  - ObjectUpdaterThread.addNewObjectToList() is invoked... threadName: MessageSender userId: t FailedTrade session isClearingList: false isWaiting: true
[2011-05-31 15:14:51,838][TRACE] - ObjectUpdaterThread.addNewObjectToList(): notify invoked! listUpdated: true
9286 [main] TRACE com.baxter.junit.BaxterTestCase  - ObjectUpdaterThread.addNewObjectToList(): notify invoked! listUpdated: true
9286 [main] TRACE com.baxter.junit.BaxterTestCase  - ObjectUpdaterThread.addNewObjectToList(): notify invoked! listUpdated: true
9286 [main] TRACE com.baxter.junit.BaxterTestCase  - ObjectUpdaterThread.addNewObjectToList(): notify invoked! listUpdated: true
9286 [main] TRACE com.baxter.junit.BaxterTestCase  - ObjectUpdaterThread.addNewObjectToList(): notify invoked! listUpdated: true
[2011-05-31 15:14:51,838][TRACE] - ObjectUpdaterThread.run() threadName: MessageSender userId: t FailedTrade session objectUpdates.size: 0
9286 [MessageSender userId: t FailedTrade session] TRACE com.baxter.junit.BaxterTestCase  - ObjectUpdaterThread.run() threadName: MessageSender userId: t FailedTrade session objectUpdates.size: 0
9286 [MessageSender userId: t FailedTrade session] TRACE com.baxter.junit.BaxterTestCase  - ObjectUpdaterThread.run() threadName: MessageSender userId: t FailedTrade session objectUpdates.size: 0
9286 [MessageSender userId: t FailedTrade session] TRACE com.baxter.junit.BaxterTestCase  - ObjectUpdaterThread.run() threadName: MessageSender userId: t FailedTrade session objectUpdates.size: 0
9286 [MessageSender userId: t FailedTrade session] TRACE com.baxter.junit.BaxterTestCase  - ObjectUpdaterThread.run() threadName: MessageSender userId: t FailedTrade session objectUpdates.size: 0
[2011-05-31 15:14:51,838][TRACE] - ObjectUpdaterThread.addNewObjectToList() finished... threadName: MessageSender userId: t FailedTrade session isClearingList: false isWaiting: false processTime: 0
9286 [main] TRACE com.baxter.junit.BaxterTestCase  - ObjectUpdaterThread.addNewObjectToList() finished... threadName: MessageSender userId: t FailedTrade session isClearingList: false isWaiting: false processTime: 0
9286 [main] TRACE com.baxter.junit.BaxterTestCase  - ObjectUpdaterThread.addNewObjectToList() finished... threadName: MessageSender userId: t FailedTrade session isClearingList: false isWaiting: false processTime: 0
9286 [main] TRACE com.baxter.junit.BaxterTestCase  - ObjectUpdaterThread.addNewObjectToList() finished... threadName: MessageSender userId: t FailedTrade session isClearingList: false isWaiting: false processTime: 0
9286 [main] TRACE com.baxter.junit.BaxterTestCase  - ObjectUpdaterThread.addNewObjectToList() finished... threadName: MessageSender userId: t FailedTrade session isClearingList: false isWaiting: false processTime: 0
[2011-05-31 15:14:51,846][TRACE] - UserSession.MessageSenderObjectUpdaterThread.processObject() message sent: FailedTrades message: failedTrade:  userID: t orderID: 0 arrivedAt: 0 reutersCode:  deliveryCode:  direction:  tradablePrice: 0.0 originalQuantity: 0 referencePrice: 0.0 validity: 0 allOrNone: false marketTypeProduct: nullnullnull referenceID: null tradeID: 1234 mmID:  timeToLive: 0 filledPrice: 0.0 filledQuantity: 0 bankPriceObject: null bankPriceID:  filledAt: 0 userQuantity: 0 bank_trade_id: null bridge_mm_id: null status: 0 bank_ack: null fcmCode: null valueDate: null SeqNumber: 1  userId: t FailedTrade session
9294 [MessageSender userId: t FailedTrade session] TRACE com.baxter.junit.BaxterTestCase  - UserSession.MessageSenderObjectUpdaterThread.processObject() message sent: FailedTrades message: failedTrade:  userID: t orderID: 0 arrivedAt: 0 reutersCode:  deliveryCode:  direction:  tradablePrice: 0.0 originalQuantity: 0 referencePrice: 0.0 validity: 0 allOrNone: false marketTypeProduct: nullnullnull referenceID: null tradeID: 1234 mmID:  timeToLive: 0 filledPrice: 0.0 filledQuantity: 0 bankPriceObject: null bankPriceID:  filledAt: 0 userQuantity: 0 bank_trade_id: null bridge_mm_id: null status: 0 bank_ack: null fcmCode: null valueDate: null SeqNumber: 1  userId: t FailedTrade session
9294 [MessageSender userId: t FailedTrade session] TRACE com.baxter.junit.BaxterTestCase  - UserSession.MessageSenderObjectUpdaterThread.processObject() message sent: FailedTrades message: failedTrade:  userID: t orderID: 0 arrivedAt: 0 reutersCode:  deliveryCode:  direction:  tradablePrice: 0.0 originalQuantity: 0 referencePrice: 0.0 validity: 0 allOrNone: false marketTypeProduct: nullnullnull referenceID: null tradeID: 1234 mmID:  timeToLive: 0 filledPrice: 0.0 filledQuantity: 0 bankPriceObject: null bankPriceID:  filledAt: 0 userQuantity: 0 bank_trade_id: null bridge_mm_id: null status: 0 bank_ack: null fcmCode: null valueDate: null SeqNumber: 1  userId: t FailedTrade session
9294 [MessageSender userId: t FailedTrade session] TRACE com.baxter.junit.BaxterTestCase  - UserSession.MessageSenderObjectUpdaterThread.processObject() message sent: FailedTrades message: failedTrade:  userID: t orderID: 0 arrivedAt: 0 reutersCode:  deliveryCode:  direction:  tradablePrice: 0.0 originalQuantity: 0 referencePrice: 0.0 validity: 0 allOrNone: false marketTypeProduct: nullnullnull referenceID: null tradeID: 1234 mmID:  timeToLive: 0 filledPrice: 0.0 filledQuantity: 0 bankPriceObject: null bankPriceID:  filledAt: 0 userQuantity: 0 bank_trade_id: null bridge_mm_id: null status: 0 bank_ack: null fcmCode: null valueDate: null SeqNumber: 1  userId: t FailedTrade session
9294 [MessageSender userId: t FailedTrade session] TRACE com.baxter.junit.BaxterTestCase  - UserSession.MessageSenderObjectUpdaterThread.processObject() message sent: FailedTrades message: failedTrade:  userID: t orderID: 0 arrivedAt: 0 reutersCode:  deliveryCode:  direction:  tradablePrice: 0.0 originalQuantity: 0 referencePrice: 0.0 validity: 0 allOrNone: false marketTypeProduct: nullnullnull referenceID: null tradeID: 1234 mmID:  timeToLive: 0 filledPrice: 0.0 filledQuantity: 0 bankPriceObject: null bankPriceID:  filledAt: 0 userQuantity: 0 bank_trade_id: null bridge_mm_id: null status: 0 bank_ack: null fcmCode: null valueDate: null SeqNumber: 1  userId: t FailedTrade session
[2011-05-31 15:14:51,846][TRACE] - ObjectUpdaterThread.run() threadName: MessageSender userId: t FailedTrade session Start waiting... ListUpdated: false
9294 [MessageSender userId: t FailedTrade session] TRACE com.baxter.junit.BaxterTestCase  - ObjectUpdaterThread.run() threadName: MessageSender userId: t FailedTrade session Start waiting... ListUpdated: false
9294 [MessageSender userId: t FailedTrade session] TRACE com.baxter.junit.BaxterTestCase  - ObjectUpdaterThread.run() threadName: MessageSender userId: t FailedTrade session Start waiting... ListUpdated: false
9294 [MessageSender userId: t FailedTrade session] TRACE com.baxter.junit.BaxterTestCase  - ObjectUpdaterThread.run() threadName: MessageSender userId: t FailedTrade session Start waiting... ListUpdated: false
9294 [MessageSender userId: t FailedTrade session] TRACE com.baxter.junit.BaxterTestCase  - ObjectUpdaterThread.run() threadName: MessageSender userId: t FailedTrade session Start waiting... ListUpdated: false
[2011-05-31 15:14:53,839][DEBUG] - test end.
11287 [main] DEBUG com.baxter.junit.BaxterTestCase  - test end.
11287 [main] DEBUG com.baxter.junit.BaxterTestCase  - test end.
11287 [main] DEBUG com.baxter.junit.BaxterTestCase  - test end.
11287 [main] DEBUG com.baxter.junit.BaxterTestCase  - test end.
[2011-05-31 15:14:53,839][DEBUG] - ObjectUpdaterThread.stopService() is invoked... threadName: com.baxter.cdtradesupervisor.UserSession$MessageReceiverObjectUpdaterThread
11287 [main] DEBUG com.baxter.junit.BaxterTestCase  - ObjectUpdaterThread.stopService() is invoked... threadName: com.baxter.cdtradesupervisor.UserSession$MessageReceiverObjectUpdaterThread
11287 [main] DEBUG com.baxter.junit.BaxterTestCase  - ObjectUpdaterThread.stopService() is invoked... threadName: com.baxter.cdtradesupervisor.UserSession$MessageReceiverObjectUpdaterThread
11287 [main] DEBUG com.baxter.junit.BaxterTestCase  - ObjectUpdaterThread.stopService() is invoked... threadName: com.baxter.cdtradesupervisor.UserSession$MessageReceiverObjectUpdaterThread
11287 [main] DEBUG com.baxter.junit.BaxterTestCase  - ObjectUpdaterThread.stopService() is invoked... threadName: com.baxter.cdtradesupervisor.UserSession$MessageReceiverObjectUpdaterThread
[2011-05-31 15:14:53,840][DEBUG] - ObjectUpdaterThread.stopService() is invoked... threadName: com.baxter.cdtradesupervisor.UserSession$MessageSenderObjectUpdaterThread
11288 [main] DEBUG com.baxter.junit.BaxterTestCase  - ObjectUpdaterThread.stopService() is invoked... threadName: com.baxter.cdtradesupervisor.UserSession$MessageSenderObjectUpdaterThread
11288 [main] DEBUG com.baxter.junit.BaxterTestCase  - ObjectUpdaterThread.stopService() is invoked... threadName: com.baxter.cdtradesupervisor.UserSession$MessageSenderObjectUpdaterThread
11288 [main] DEBUG com.baxter.junit.BaxterTestCase  - ObjectUpdaterThread.stopService() is invoked... threadName: com.baxter.cdtradesupervisor.UserSession$MessageSenderObjectUpdaterThread
11288 [main] DEBUG com.baxter.junit.BaxterTestCase  - ObjectUpdaterThread.stopService() is invoked... threadName: com.baxter.cdtradesupervisor.UserSession$MessageSenderObjectUpdaterThread
</system-out>
    <system-err>Converted relativePath: /conf/jms_JUnit.ini to: /home/cddev/.qa/jenkins/workspace/currency-dealing/target/test-classes/conf/jms_JUnit.iniConverted relativePath: /conf/jms_JUnit.ini to: /home/cddev/.qa/jenkins/workspace/currency-dealing/target/test-classes/conf/jms_JUnit.iniConverted relativePath: /conf/jms_JUnit.ini to: /home/cddev/.qa/jenkins/workspace/currency-dealing/target/test-classes/conf/jms_JUnit.ini</system-err>
  </testcase>
  <testcase time="0.012" classname="com.baxter.cdtradesupervisor.TestUserSession" name="testbelongsToThisSession"/>
</testsuite>