<?xml version="1.0" encoding="UTF-8" ?>
<testsuite failures="0" time="0.965" errors="0" skipped="0" tests="7" name="com.baxter.fix.TestFIXUtils">
  <properties>
    <property name="java.runtime.name" value="Java(TM) SE Runtime Environment"/>
    <property name="sun.boot.library.path" value="/opt/jdk1.6.0_25/jre/lib/i386"/>
    <property name="java.vm.version" value="20.0-b11"/>
    <property name="java.vm.vendor" value="Sun Microsystems Inc."/>
    <property name="java.vendor.url" value="http://java.sun.com/"/>
    <property name="path.separator" value=":"/>
    <property name="java.vm.name" value="Java HotSpot(TM) Client VM"/>
    <property name="file.encoding.pkg" value="sun.io"/>
    <property name="user.country" value="US"/>
    <property name="sun.java.launcher" value="SUN_STANDARD"/>
    <property name="sun.os.patch.level" value="unknown"/>
    <property name="java.vm.specification.name" value="Java Virtual Machine Specification"/>
    <property name="user.dir" value="/home/mnyeste/workspaces/cd/cdv2"/>
    <property name="java.runtime.version" value="1.6.0_25-b06"/>
    <property name="java.awt.graphicsenv" value="sun.awt.X11GraphicsEnvironment"/>
    <property name="basedir" value="/home/mnyeste/workspaces/cd/cdv2"/>
    <property name="java.endorsed.dirs" value="/opt/jdk1.6.0_25/jre/lib/endorsed"/>
    <property name="os.arch" value="i386"/>
    <property name="java.io.tmpdir" value="/tmp"/>
    <property name="line.separator" value="
"/>
    <property name="java.vm.specification.vendor" value="Sun Microsystems Inc."/>
    <property name="os.name" value="Linux"/>
    <property name="sun.jnu.encoding" value="UTF-8"/>
    <property name="java.library.path" value="/opt/jdk1.6.0_25/jre/lib/i386/client:/opt/jdk1.6.0_25/jre/lib/i386:/opt/jdk1.6.0_25/jre/../lib/i386:/usr/java/packages/lib/i386:/lib:/usr/lib"/>
    <property name="surefire.test.class.path" value="/home/mnyeste/workspaces/cd/cdv2/target/test-classes:/home/mnyeste/workspaces/cd/cdv2/target/classes:/home/mnyeste/.m2/repository/org/apache/mina/mina-core/1.1.7/mina-core-1.1.7.jar:/home/mnyeste/.m2/repository/org/slf4j/slf4j-api/1.6.1/slf4j-api-1.6.1.jar:/home/mnyeste/.m2/repository/org/slf4j/slf4j-log4j12/1.6.1/slf4j-log4j12-1.6.1.jar:/home/mnyeste/.m2/repository/org/quickfixj/quickfixj-all/1.4.0/quickfixj-all-1.4.0.jar:/home/mnyeste/.m2/repository/com/baxter/algoEngine/1.13/algoEngine-1.13.jar:/home/mnyeste/.m2/repository/org/apache/ant/ant-jsch/1.7.1/ant-jsch-1.7.1.jar:/home/mnyeste/.m2/repository/org/apache/ant/ant/1.7.1/ant-1.7.1.jar:/home/mnyeste/.m2/repository/org/apache/ant/ant-launcher/1.7.1/ant-launcher-1.7.1.jar:/home/mnyeste/.m2/repository/com/jcraft/jsch/0.1.29/jsch-0.1.29.jar:/home/mnyeste/.m2/repository/com/baxter/toAnt/1.0/toAnt-1.0.jar:/home/mnyeste/.m2/repository/org/apache/ivy/ivy/2.1.0/ivy-2.1.0.jar:/home/mnyeste/.m2/repository/org/hibernate/hibernate-core/3.6.0.Final/hibernate-core-3.6.0.Final.jar:/home/mnyeste/.m2/repository/antlr/antlr/2.7.6/antlr-2.7.6.jar:/home/mnyeste/.m2/repository/commons-collections/commons-collections/3.1/commons-collections-3.1.jar:/home/mnyeste/.m2/repository/dom4j/dom4j/1.6.1/dom4j-1.6.1.jar:/home/mnyeste/.m2/repository/org/hibernate/hibernate-commons-annotations/3.2.0.Final/hibernate-commons-annotations-3.2.0.Final.jar:/home/mnyeste/.m2/repository/org/hibernate/javax/persistence/hibernate-jpa-2.0-api/1.0.0.Final/hibernate-jpa-2.0-api-1.0.0.Final.jar:/home/mnyeste/.m2/repository/org/hibernate/hibernate-annotations/3.5.6-Final/hibernate-annotations-3.5.6-Final.jar:/home/mnyeste/.m2/repository/org/hibernate/hibernate-validator/3.1.0.GA/hibernate-validator-3.1.0.GA.jar:/home/mnyeste/.m2/repository/org/jboss/spec/javax/servlet/jboss-servlet-api_3.0_spec/1.0.0.Final/jboss-servlet-api_3.0_spec-1.0.0.Final.jar:/home/mnyeste/.m2/repository/org/jboss/jbossas/jboss-as-server/6.0.0.Final/jboss-as-server-6.0.0.Final.jar:/home/mnyeste/.m2/repository/jboss/jboss-serialization/1.0.3.GA/jboss-serialization-1.0.3.GA.jar:/home/mnyeste/.m2/repository/org/jboss/jbossas/jboss-as-deployment/6.0.0.Final/jboss-as-deployment-6.0.0.Final.jar:/home/mnyeste/.m2/repository/org/jboss/spec/javax/enterprise/deploy/jboss-jad-api_1.2_spec/1.0.0.Final/jboss-jad-api_1.2_spec-1.0.0.Final.jar:/home/mnyeste/.m2/repository/org/picketbox/jboss-security-spi/3.0.0.CR2/jboss-security-spi-3.0.0.CR2.jar:/home/mnyeste/.m2/repository/org/jboss/bootstrap/jboss-bootstrap-spi-as/2.1.0-alpha-5/jboss-bootstrap-spi-as-2.1.0-alpha-5.jar:/home/mnyeste/.m2/repository/org/jboss/bootstrap/jboss-bootstrap-spi-mc/2.1.0-alpha-5/jboss-bootstrap-spi-mc-2.1.0-alpha-5.jar:/home/mnyeste/.m2/repository/org/jboss/bootstrap/jboss-bootstrap-spi/2.1.0-alpha-5/jboss-bootstrap-spi-2.1.0-alpha-5.jar:/home/mnyeste/.m2/repository/org/jboss/bootstrap/jboss-bootstrap-api-mc/2.1.0-alpha-5/jboss-bootstrap-api-mc-2.1.0-alpha-5.jar:/home/mnyeste/.m2/repository/org/jboss/bootstrap/jboss-bootstrap-api-as/2.1.0-alpha-5/jboss-bootstrap-api-as-2.1.0-alpha-5.jar:/home/mnyeste/.m2/repository/org/jboss/bootstrap/jboss-bootstrap-api/2.1.0-alpha-5/jboss-bootstrap-api-2.1.0-alpha-5.jar:/home/mnyeste/.m2/repository/org/jboss/ejb3/ejbref/resolver/ejbref-resolver-spi/1.0.0-alpha-4/ejbref-resolver-spi-1.0.0-alpha-4.jar:/home/mnyeste/.m2/repository/org/jboss/integration/jboss-deployment-spi/6.0.0.CR1/jboss-deployment-spi-6.0.0.CR1.jar:/home/mnyeste/.m2/repository/org/jboss/jpa/jboss-jpa-deployers/1.0.2-alpha-3/jboss-jpa-deployers-1.0.2-alpha-3.jar:/home/mnyeste/.m2/repository/org/hibernate/hibernate-entitymanager/3.4.0.GA/hibernate-entitymanager-3.4.0.GA.jar:/home/mnyeste/.m2/repository/org/jboss/deployers/jboss-deployers-vfs/2.0.5.GA/jboss-deployers-vfs-2.0.5.GA.jar:/home/mnyeste/.m2/repository/org/jboss/microcontainer/jboss-kernel/2.0.4.GA/jboss-kernel-2.0.4.GA.jar:/home/mnyeste/.m2/repository/org/jboss/microcontainer/jboss-dependency/2.0.4.GA/jboss-dependency-2.0.4.GA.jar:/home/mnyeste/.m2/repository/org/jboss/cl/jboss-classloading-vfs/2.0.3.GA/jboss-classloading-vfs-2.0.3.GA.jar:/home/mnyeste/.m2/repository/org/jboss/deployers/jboss-deployers-core/2.0.5.GA/jboss-deployers-core-2.0.5.GA.jar:/home/mnyeste/.m2/repository/org/jboss/deployers/jboss-deployers-client/2.0.5.GA/jboss-deployers-client-2.0.5.GA.jar:/home/mnyeste/.m2/repository/org/jboss/deployers/jboss-deployers-vfs-spi/2.0.5.GA/jboss-deployers-vfs-spi-2.0.5.GA.jar:/home/mnyeste/.m2/repository/org/jboss/cl/jboss-classloading/2.0.3.GA/jboss-classloading-2.0.3.GA.jar:/home/mnyeste/.m2/repository/org/jboss/cl/jboss-classloader/2.0.3.GA/jboss-classloader-2.0.3.GA.jar:/home/mnyeste/.m2/repository/org/jboss/jpa/jboss-jpa-impl/1.0.0/jboss-jpa-impl-1.0.0.jar:/home/mnyeste/.m2/repository/org/jboss/jpa/jboss-jpa-spi/1.0.0/jboss-jpa-spi-1.0.0.jar:/home/mnyeste/.m2/repository/org/jboss/microcontainer/jboss-aop-mc-int/2.0.4.GA/jboss-aop-mc-int-2.0.4.GA.jar:/home/mnyeste/.m2/repository/org/jboss/jpa/jboss-jpa-vfs3/1.0.2-alpha-2/jboss-jpa-vfs3-1.0.2-alpha-2.jar:/home/mnyeste/.m2/repository/org/jboss/jboss-vfs/3.0.0.CR1/jboss-vfs-3.0.0.CR1.jar:/home/mnyeste/.m2/repository/org/jboss/reloaded/naming/jboss-reloaded-naming-impl/0.3.0/jboss-reloaded-naming-impl-0.3.0.jar:/home/mnyeste/.m2/repository/org/jboss/reloaded/naming/jboss-reloaded-naming-spi/0.3.0/jboss-reloaded-naming-spi-0.3.0.jar:/home/mnyeste/.m2/repository/org/jboss/reloaded/naming/jboss-reloaded-naming-deployers/0.3.0/jboss-reloaded-naming-deployers-0.3.0.jar:/home/mnyeste/.m2/repository/org/jboss/deployers/jboss-deployers-spi/2.2.0.Alpha1/jboss-deployers-spi-2.2.0.Alpha1.jar:/home/mnyeste/.m2/repository/org/jboss/mcann/mcann-core/1.0.0.Alpha1/mcann-core-1.0.0.Alpha1.jar:/home/mnyeste/.m2/repository/org/jboss/kernel/jboss-kernel/2.2.0.Alpha2/jboss-kernel-2.2.0.Alpha2.jar:/home/mnyeste/.m2/repository/javax/inject/javax.inject/1/javax.inject-1.jar:/home/mnyeste/.m2/repository/org/jboss/injection/jboss-injection/0.1.0-alpha-2/jboss-injection-0.1.0-alpha-2.jar:/home/mnyeste/.m2/repository/org/jboss/deployers/jboss-deployers-structure-spi/2.2.0.Alpha3/jboss-deployers-structure-spi-2.2.0.Alpha3.jar:/home/mnyeste/.m2/repository/org/jboss/jboss-mdr/2.2.0.Alpha2/jboss-mdr-2.2.0.Alpha2.jar:/home/mnyeste/.m2/repository/org/jboss/injection/jboss-resolver-spi/0.1.0-alpha-2/jboss-resolver-spi-0.1.0-alpha-2.jar:/home/mnyeste/.m2/repository/org/jboss/injection/jboss-resolver-impl/0.1.0-alpha-2/jboss-resolver-impl-0.1.0-alpha-2.jar:/home/mnyeste/.m2/repository/org/jboss/injection/jboss-injection-switchboard-deployer/0.1.0-alpha-2/jboss-injection-switchboard-deployer-0.1.0-alpha-2.jar:/home/mnyeste/.m2/repository/org/jboss/injection/jboss-switchboard-metadata/0.1.0-alpha-2/jboss-switchboard-metadata-0.1.0-alpha-2.jar:/home/mnyeste/.m2/repository/org/jboss/injection/jboss-injection-mc-impl/1.0.0-alpha-6/jboss-injection-mc-impl-1.0.0-alpha-6.jar:/home/mnyeste/.m2/repository/org/jboss/injection/jboss-injection-manager/1.0.0-alpha-6/jboss-injection-manager-1.0.0-alpha-6.jar:/home/mnyeste/.m2/repository/org/jboss/injection/jboss-injection-injector/1.0.0-alpha-6/jboss-injection-injector-1.0.0-alpha-6.jar:/home/mnyeste/.m2/repository/org/picketbox/jbosssx/3.0.0.CR2/jbosssx-3.0.0.CR2.jar:/home/mnyeste/.m2/repository/org/jboss/jboss-common-core/2.2.17.GA/jboss-common-core-2.2.17.GA.jar:/home/mnyeste/.m2/repository/org/jboss/metadata/jboss-metadata-common/2.0.0.Alpha24/jboss-metadata-common-2.0.0.Alpha24.jar:/home/mnyeste/.m2/repository/org/jboss/logging/jboss-logging-spi/2.2.0.CR1/jboss-logging-spi-2.2.0.CR1.jar:/home/mnyeste/.m2/repository/org/hibernate/ejb3-persistence/1.0.2.GA/ejb3-persistence-1.0.2.GA.jar:/home/mnyeste/.m2/repository/org/jboss/ws/jbossws-spi/1.4.1.CR2/jbossws-spi-1.4.1.CR2.jar:/home/mnyeste/.m2/repository/sun-jaxb/jaxb-api/2.1.4/jaxb-api-2.1.4.jar:/home/mnyeste/.m2/repository/apache-xerces/xml-apis/2.9.1/xml-apis-2.9.1.jar:/home/mnyeste/.m2/repository/org/jboss/metadata/jboss-metadata-client/2.0.0.Alpha2/jboss-metadata-client-2.0.0.Alpha2.jar:/home/mnyeste/.m2/repository/org/jboss/metadata/jboss-metadata-ear/2.0.0.Alpha4/jboss-metadata-ear-2.0.0.Alpha4.jar:/home/mnyeste/.m2/repository/org/jboss/metadata/jboss-metadata-ejb/2.0.0-alpha-27/jboss-metadata-ejb-2.0.0-alpha-27.jar:/home/mnyeste/.m2/repository/org/jboss/ejb3/jboss-ejb3-ext-api/1.1.0/jboss-ejb3-ext-api-1.1.0.jar:/home/mnyeste/.m2/repository/org/jboss/metadata/jboss-metadata-rar/2.0.0.Alpha/jboss-metadata-rar-2.0.0.Alpha.jar:/home/mnyeste/.m2/repository/org/jboss/metadata/jboss-metadata-war/2.0.0.CR1/jboss-metadata-war-2.0.0.CR1.jar:/home/mnyeste/.m2/repository/org/jboss/jbossas/jboss-as-system-jmx/6.0.0.Final/jboss-as-system-jmx-6.0.0.Final.jar:/home/mnyeste/.m2/repository/org/jboss/logging/jboss-logging/3.0.0.Beta4/jboss-logging-3.0.0.Beta4.jar:/home/mnyeste/.m2/repository/org/jboss/deployers/jboss-deployers-core-spi/2.2.0.GA/jboss-deployers-core-spi-2.2.0.GA.jar:/home/mnyeste/.m2/repository/org/jboss/deployers/jboss-deployers-impl/2.2.0.GA/jboss-deployers-impl-2.2.0.GA.jar:/home/mnyeste/.m2/repository/org/jboss/mx/jboss-jmx/6.0.0.GA/jboss-jmx-6.0.0.GA.jar:/home/mnyeste/.m2/repository/org/jboss/mx/jboss-mbeans/6.0.0.GA/jboss-mbeans-6.0.0.GA.jar:/home/mnyeste/.m2/repository/org/jboss/mx/jboss-jmx-annotations/6.0.0.GA/jboss-jmx-annotations-6.0.0.GA.jar:/home/mnyeste/.m2/repository/org/jboss/kernel/jboss-dependency/2.2.0.GA/jboss-dependency-2.2.0.GA.jar:/home/mnyeste/.m2/repository/org/jboss/kernel/jboss-jmx-mc-int/2.2.0.GA/jboss-jmx-mc-int-2.2.0.GA.jar:/home/mnyeste/.m2/repository/org/jboss/mx/jboss-mbeanserver/6.0.0.GA/jboss-mbeanserver-6.0.0.GA.jar:/home/mnyeste/.m2/repository/org/jboss/deployers/jboss-deployers-jmx/2.2.0.GA/jboss-deployers-jmx-2.2.0.GA.jar:/home/mnyeste/.m2/repository/org/jboss/jbossas/jboss-as-system/6.0.0.Final/jboss-as-system-6.0.0.Final.jar:/home/mnyeste/.m2/repository/org/jboss/aop/jboss-aop/2.2.1.GA/jboss-aop-2.2.1.GA.jar:/home/mnyeste/.m2/repository/org/jboss/classpool/jboss-classpool-scoped/1.0.0.Alpha6/jboss-classpool-scoped-1.0.0.Alpha6.jar:/home/mnyeste/.m2/repository/org/jboss/classpool/jboss-classpool/1.0.0.Alpha6/jboss-classpool-1.0.0.Alpha6.jar:/home/mnyeste/.m2/repository/qdox/qdox/1.6.1/qdox-1.6.1.jar:/home/mnyeste/.m2/repository/trove/trove/1.0.2/trove-1.0.2.jar:/home/mnyeste/.m2/repository/org/jboss/aop/jboss-aop-deployers/2.2.1.GA/jboss-aop-deployers-2.2.1.GA.jar:/home/mnyeste/.m2/repository/org/jboss/aop/jboss-aop-asintegration-mc/2.2.1.GA/jboss-aop-asintegration-mc-2.2.1.GA.jar:/home/mnyeste/.m2/repository/org/jboss/classpool/jboss-classpool-jbosscl/1.0.0.Alpha6/jboss-classpool-jbosscl-1.0.0.Alpha6.jar:/home/mnyeste/.m2/repository/org/jboss/aop/pluggable-instrumentor/2.2.1.GA/pluggable-instrumentor-2.2.1.GA.jar:/home/mnyeste/.m2/repository/org/jboss/aop/jboss-aop-asintegration-core/2.2.1.GA/jboss-aop-asintegration-core-2.2.1.GA.jar:/home/mnyeste/.m2/repository/org/jboss/test/jboss-test/1.1.7.CR2/jboss-test-1.1.7.CR2.jar:/home/mnyeste/.m2/repository/org/jboss/logging/jboss-logging-log4j/2.1.0.GA/jboss-logging-log4j-2.1.0.GA.jar:/home/mnyeste/.m2/repository/jboss/profiler/jvmti/jboss-profiler-jvmti/1.0.0.CR5/jboss-profiler-jvmti-1.0.0.CR5.jar:/home/mnyeste/.m2/repository/org/jboss/jbossas/jboss-server-manager/1.0.3.GA/jboss-server-manager-1.0.3.GA.jar:/home/mnyeste/.m2/repository/org/jboss/security/jbosssx-client/2.0.4.SP2/jbosssx-client-2.0.4.SP2.jar:/home/mnyeste/.m2/repository/org/jboss/security/jboss-security-spi/2.0.4.SP2/jboss-security-spi-2.0.4.SP2.jar:/home/mnyeste/.m2/repository/org/jboss/man/jboss-managed/2.1.1.SP2/jboss-managed-2.1.1.SP2.jar:/home/mnyeste/.m2/repository/org/jboss/man/jboss-metatype/2.1.1.SP2/jboss-metatype-2.1.1.SP2.jar:/home/mnyeste/.m2/repository/org/jboss/deployers/jboss-deployers-client-spi/2.2.0.GA/jboss-deployers-client-spi-2.2.0.GA.jar:/home/mnyeste/.m2/repository/org/jboss/kernel/jboss-aop-mc-int/2.2.0.GA/jboss-aop-mc-int-2.2.0.GA.jar:/home/mnyeste/.m2/repository/org/jboss/profileservice/jboss-profileservice-core/0.2.2/jboss-profileservice-core-0.2.2.jar:/home/mnyeste/.m2/repository/org/jboss/profileservice/jboss-profileservice-domain/0.2.2/jboss-profileservice-domain-0.2.2.jar:/home/mnyeste/.m2/repository/org/jboss/profileservice/jboss-profileservice-persistence/0.2.2/jboss-profileservice-persistence-0.2.2.jar:/home/mnyeste/.m2/repository/org/jboss/profileservice/jboss-profileservice-spi/0.2.2/jboss-profileservice-spi-0.2.2.jar:/home/mnyeste/.m2/repository/org/picketbox/picketbox-bare/3.0.0.CR2/picketbox-bare-3.0.0.CR2.jar:/home/mnyeste/.m2/repository/org/picketbox/identity-spi/3.0.0.CR2/identity-spi-3.0.0.CR2.jar:/home/mnyeste/.m2/repository/org/picketbox/authorization-spi/3.0.0.CR2/authorization-spi-3.0.0.CR2.jar:/home/mnyeste/.m2/repository/org/picketbox/acl-spi/3.0.0.CR2/acl-spi-3.0.0.CR2.jar:/home/mnyeste/.m2/repository/org/picketbox/jbosssx-bare/3.0.0.CR2/jbosssx-bare-3.0.0.CR2.jar:/home/mnyeste/.m2/repository/org/picketbox/picketbox-acl-impl/3.0.0.CR2/picketbox-acl-impl-3.0.0.CR2.jar:/home/mnyeste/.m2/repository/org/picketbox/picketbox-identity-impl/3.0.0.CR2/picketbox-identity-impl-3.0.0.CR2.jar:/home/mnyeste/.m2/repository/org/picketbox/picketbox-spi-bare/3.0.0.CR2/picketbox-spi-bare-3.0.0.CR2.jar:/home/mnyeste/.m2/repository/org/jboss/spec/javax/ejb/jboss-ejb-api_3.1_spec/1.0.0.Final/jboss-ejb-api_3.1_spec-1.0.0.Final.jar:/home/mnyeste/.m2/repository/org/jboss/spec/javax/transaction/jboss-transaction-api_1.1_spec/1.0.0.Beta1/jboss-transaction-api_1.1_spec-1.0.0.Beta1.jar:/home/mnyeste/.m2/repository/javax/xml/jaxrpc-api/1.1/jaxrpc-api-1.1.jar:/home/mnyeste/.m2/repository/javax/xml/soap/saaj-api/1.3/saaj-api-1.3.jar:/home/mnyeste/.m2/repository/org/jboss/spec/javax/interceptor/jboss-interceptors-api_1.1_spec/1.0.0.Final/jboss-interceptors-api_1.1_spec-1.0.0.Final.jar:/home/mnyeste/.m2/repository/org/jboss/spec/javax/servlet/jsp/jboss-jsp-api_2.2_spec/1.0.0.Final/jboss-jsp-api_2.2_spec-1.0.0.Final.jar:/home/mnyeste/.m2/repository/org/jboss/spec/javax/el/jboss-el-api_2.2_spec/1.0.0.Final/jboss-el-api_2.2_spec-1.0.0.Final.jar:/home/mnyeste/.m2/repository/org/jboss/spec/javax/annotation/jboss-annotations-api_1.1_spec/1.0.0.Final/jboss-annotations-api_1.1_spec-1.0.0.Final.jar:/home/mnyeste/.m2/repository/org/jboss/switchboard/jboss-switchboard-spi/1.0.0-alpha-15/jboss-switchboard-spi-1.0.0-alpha-15.jar:/home/mnyeste/.m2/repository/org/jboss/switchboard/jboss-switchboard-mc-spi/1.0.0-alpha-15/jboss-switchboard-mc-spi-1.0.0-alpha-15.jar:/home/mnyeste/.m2/repository/org/jboss/switchboard/jboss-switchboard-javaee/1.0.0-alpha-15/jboss-switchboard-javaee-1.0.0-alpha-15.jar:/home/mnyeste/.m2/repository/org/jboss/switchboard/jboss-switchboard-impl/1.0.0-alpha-15/jboss-switchboard-impl-1.0.0-alpha-15.jar:/home/mnyeste/.m2/repository/org/jboss/mx/jboss-j2se/6.0.0.GA/jboss-j2se-6.0.0.GA.jar:/home/mnyeste/.m2/repository/org/jboss/integration/jboss-classloading-spi/6.0.0.CR1/jboss-classloading-spi-6.0.0.CR1.jar:/home/mnyeste/.m2/repository/org/jboss/jbossas/jboss-as-security/6.0.0.Final/jboss-as-security-6.0.0.Final.jar:/home/mnyeste/.m2/repository/javassist/javassist/3.12.1.GA/javassist-3.12.1.GA.jar:/home/mnyeste/.m2/repository/org/jboss/spec/javax/security/auth/message/jboss-jaspi-api_1.0_spec/1.0.0.Final/jboss-jaspi-api_1.0_spec-1.0.0.Final.jar:/home/mnyeste/.m2/repository/org/jboss/security/jbossxacml/2.0.5.CR1/jbossxacml-2.0.5.CR1.jar:/home/mnyeste/.m2/repository/org/apache/xmlsec/1.4.3/xmlsec-1.4.3.jar:/home/mnyeste/.m2/repository/org/jboss/integration/jboss-transaction-spi/6.0.0.CR1/jboss-transaction-spi-6.0.0.CR1.jar:/home/mnyeste/.m2/repository/org/jboss/spec/javax/security/jacc/jboss-jacc-api_1.4_spec/1.0.0.Final/jboss-jacc-api_1.4_spec-1.0.0.Final.jar:/home/mnyeste/.m2/repository/org/jboss/spec/javax/jms/jboss-jms-api_1.1_spec/1.0.0.Final/jboss-jms-api_1.1_spec-1.0.0.Final.jar:/home/mnyeste/.m2/repository/org/jboss/spec/javax/xml/soap/jboss-saaj-api_1.3_spec/1.0.0.Final/jboss-saaj-api_1.3_spec-1.0.0.Final.jar:/home/mnyeste/.m2/repository/org/jboss/spec/javax/xml/bind/jboss-jaxb-api_2.2_spec/1.0.0.Final/jboss-jaxb-api_2.2_spec-1.0.0.Final.jar:/home/mnyeste/.m2/repository/org/jboss/spec/javax/xml/ws/jboss-jaxws-api_2.2_spec/1.0.0.Final/jboss-jaxws-api_2.2_spec-1.0.0.Final.jar:/home/mnyeste/.m2/repository/org/jboss/spec/javax/xml/rpc/jboss-jaxrpc-api_1.1_spec/1.0.0.Final/jboss-jaxrpc-api_1.1_spec-1.0.0.Final.jar:/home/mnyeste/.m2/repository/org/jboss/naming/jnp-client/5.0.5.Final/jnp-client-5.0.5.Final.jar:/home/mnyeste/.m2/repository/org/jboss/spec/javax/resource/jboss-connector-api_1.5_spec/1.0.0.Final/jboss-connector-api_1.5_spec-1.0.0.Final.jar:/home/mnyeste/.m2/repository/org/picketbox/jbosssx-client/3.0.0.CR2/jbosssx-client-3.0.0.CR2.jar:/home/mnyeste/.m2/repository/bcel/bcel/5.1/bcel-5.1.jar:/home/mnyeste/.m2/repository/regexp/regexp/1.2/regexp-1.2.jar:/home/mnyeste/.m2/repository/oswego-concurrent/concurrent/1.3.4-jboss-update1/concurrent-1.3.4-jboss-update1.jar:/home/mnyeste/.m2/repository/org/jboss/remoting/jboss-remoting/2.5.3/jboss-remoting-2.5.3.jar:/home/mnyeste/.m2/repository/org/jboss/jbossxb/2.0.3.GA/jbossxb-2.0.3.GA.jar:/home/mnyeste/.m2/repository/org/jboss/jboss-reflect/2.0.2.GA/jboss-reflect-2.0.2.GA.jar:/home/mnyeste/.m2/repository/com/wutka/dtdparser/1.21/dtdparser-1.21.jar:/home/mnyeste/.m2/repository/javax/activation/activation/1.1.1/activation-1.1.1.jar:/home/mnyeste/.m2/repository/org/jboss/naming/jnpserver/5.0.5.Final/jnpserver-5.0.5.Final.jar:/home/mnyeste/.m2/repository/gnu-getopt/getopt/1.0.12-brew/getopt-1.0.12-brew.jar:/home/mnyeste/.m2/repository/org/jboss/service/binding/jboss-service-binding-core/1.2.0.Final/jboss-service-binding-core-1.2.0.Final.jar:/home/mnyeste/.m2/repository/org/jboss/service/binding/jboss-service-binding-mgmt/1.2.0.Final/jboss-service-binding-mgmt-1.2.0.Final.jar:/home/mnyeste/.m2/repository/org/jboss/scanning/scanning-plugins/1.0.0.GA/scanning-plugins-1.0.0.GA.jar:/home/mnyeste/.m2/repository/org/jboss/scanning/scanning-spi/1.0.0.GA/scanning-spi-1.0.0.GA.jar:/home/mnyeste/.m2/repository/org/jboss/scanning/scanning-impl/1.0.0.GA/scanning-impl-1.0.0.GA.jar:/home/mnyeste/.m2/repository/org/jboss/scanning/scanning-deployers/1.0.0.GA/scanning-deployers-1.0.0.GA.jar:/home/mnyeste/.m2/repository/org/jboss/netty/netty/3.2.1.Final/netty-3.2.1.Final.jar:/home/mnyeste/.m2/repository/org/hornetq/hornetq-core/2.1.2.Final/hornetq-core-2.1.2.Final.jar:/home/mnyeste/.m2/repository/org/hornetq/hornetq-jms/2.1.2.Final/hornetq-jms-2.1.2.Final.jar:/home/mnyeste/.m2/repository/log4j/log4j/1.2.16/log4j-1.2.16.jar:/home/mnyeste/.m2/repository/org/apache/xmlbeans/xmlbeans/2.5.0/xmlbeans-2.5.0.jar:/home/mnyeste/.m2/repository/postgresql/postgresql/8.4-701.jdbc4/postgresql-8.4-701.jdbc4.jar:/home/mnyeste/.m2/repository/commons-net/commons-net/2.0/commons-net-2.0.jar:/home/mnyeste/.m2/repository/junit/junit/4.8.2/junit-4.8.2.jar:/home/mnyeste/.m2/repository/com/baxter/common/2.0.8/common-2.0.8.jar:/home/mnyeste/.m2/repository/altovaEBS/altovaEBS/1.0/altovaEBS-1.0.jar:/home/mnyeste/.m2/repository/javax/mail/mail/1.4/mail-1.4.jar:/home/mnyeste/.m2/repository/ice/ice/1/ice-1.jar:/home/mnyeste/.m2/repository/ibm/decimal/1/decimal-1.jar:/home/mnyeste/.m2/repository/org/apache/ws/commons/axiom/axiom-api/1.2.5/axiom-api-1.2.5.jar:/home/mnyeste/.m2/repository/commons-logging/commons-logging/1.0.4/commons-logging-1.0.4.jar:/home/mnyeste/.m2/repository/jaxen/jaxen/1.1-beta-9/jaxen-1.1-beta-9.jar:/home/mnyeste/.m2/repository/xml-apis/xml-apis/1.3.03/xml-apis-1.3.03.jar:/home/mnyeste/.m2/repository/stax/stax-api/1.0.1/stax-api-1.0.1.jar:/home/mnyeste/.m2/repository/org/jdom/jdom/1.1/jdom-1.1.jar:/home/mnyeste/.m2/repository/genius/genius/2009.10.02/genius-2009.10.02.jar:/home/mnyeste/.m2/repository/grizzly/grizzly/1.0/grizzly-1.0.jar:/home/mnyeste/.m2/repository/javax/persistence/persistence-api/1.0/persistence-api-1.0.jar:/home/mnyeste/.m2/repository/ejb3/api/ejb-3_0-api/1/ejb-3_0-api-1.jar:/home/mnyeste/.m2/repository/hit/tplus/1/tplus-1.jar:/home/mnyeste/.m2/repository/hit/tplus-common/1/tplus-common-1.jar:/home/mnyeste/.m2/repository/hit/fxplus/1/fxplus-1.jar:/home/mnyeste/.m2/repository/hit/apiconfig/1/apiconfig-1.jar:/home/mnyeste/.m2/repository/avalon/avalon-framework/4.1.4/avalon-framework-4.1.4.jar:/home/mnyeste/.m2/repository/hit/ratesapi/2008.05.30/ratesapi-2008.05.30.jar:/home/mnyeste/.m2/repository/com/baxter/anchorage/anchorageStp/2009.03.19/anchorageStp-2009.03.19.jar:/home/mnyeste/.m2/repository/tibco/tibrvj/1/tibrvj-1.jar:/home/mnyeste/.m2/repository/openamq/openamq-jms-1.2c1/1.2c1/openamq-jms-1.2c1-1.2c1.jar:/home/mnyeste/.m2/repository/axis/axis/1.4/axis-1.4.jar:/home/mnyeste/.m2/repository/org/apache/axis/axis-jaxrpc/1.4/axis-jaxrpc-1.4.jar:/home/mnyeste/.m2/repository/org/apache/axis/axis-saaj/1.4/axis-saaj-1.4.jar:/home/mnyeste/.m2/repository/axis/axis-wsdl4j/1.5.1/axis-wsdl4j-1.5.1.jar:/home/mnyeste/.m2/repository/commons-discovery/commons-discovery/0.2/commons-discovery-0.2.jar:/home/mnyeste/.m2/repository/org/apache/axis2/axis2-adb/1.3/axis2-adb-1.3.jar:/home/mnyeste/.m2/repository/org/apache/axis2/axis2-kernel/1.3/axis2-kernel-1.3.jar:/home/mnyeste/.m2/repository/javax/servlet/servlet-api/2.3/servlet-api-2.3.jar:/home/mnyeste/.m2/repository/commons-httpclient/commons-httpclient/3.0.1/commons-httpclient-3.0.1.jar:/home/mnyeste/.m2/repository/commons-codec/commons-codec/1.2/commons-codec-1.2.jar:/home/mnyeste/.m2/repository/commons-fileupload/commons-fileupload/1.1.1/commons-fileupload-1.1.1.jar:/home/mnyeste/.m2/repository/org/apache/httpcomponents/httpcore/4.0-alpha5/httpcore-4.0-alpha5.jar:/home/mnyeste/.m2/repository/org/apache/httpcomponents/httpcore-nio/4.0-alpha5/httpcore-nio-4.0-alpha5.jar:/home/mnyeste/.m2/repository/wsdl4j/wsdl4j/1.6.2/wsdl4j-1.6.2.jar:/home/mnyeste/.m2/repository/backport-util-concurrent/backport-util-concurrent/2.2/backport-util-concurrent-2.2.jar:/home/mnyeste/.m2/repository/org/apache/ws/commons/schema/XmlSchema/1.3.2/XmlSchema-1.3.2.jar:/home/mnyeste/.m2/repository/org/apache/neethi/neethi/2.0.2/neethi-2.0.2.jar:/home/mnyeste/.m2/repository/org/apache/woden/woden/1.0-incubating-M7b/woden-1.0-incubating-M7b.jar:/home/mnyeste/.m2/repository/xerces/xmlParserAPIs/2.6.0/xmlParserAPIs-2.6.0.jar:/home/mnyeste/.m2/repository/annogen/annogen/0.1.0/annogen-0.1.0.jar:/home/mnyeste/.m2/repository/org/apache/geronimo/specs/geronimo-jms_1.1_spec/1.1/geronimo-jms_1.1_spec-1.1.jar:/home/mnyeste/.m2/repository/org/apache/httpcomponents/httpcore-niossl/4.0-alpha5/httpcore-niossl-4.0-alpha5.jar:/home/mnyeste/.m2/repository/org/apache/geronimo/specs/geronimo-activation_1.1_spec/1.0-M1/geronimo-activation_1.1_spec-1.0-M1.jar:/home/mnyeste/.m2/repository/org/apache/ws/commons/axiom/axiom-impl/1.2.5/axiom-impl-1.2.5.jar:/home/mnyeste/.m2/repository/org/apache/ws/commons/axiom/axiom-dom/1.2.5/axiom-dom-1.2.5.jar:/home/mnyeste/.m2/repository/xalan/xalan/2.7.0/xalan-2.7.0.jar:/home/mnyeste/.m2/repository/org/codehaus/woodstox/wstx-asl/3.2.1/wstx-asl-3.2.1.jar:/home/mnyeste/.m2/repository/xerces/xercesImpl/2.8.1/xercesImpl-2.8.1.jar:/home/mnyeste/.m2/repository/commons-io/commons-io/1.2/commons-io-1.2.jar:/home/mnyeste/.m2/repository/tbc/core/jpmfxapi-core-if-1.13.9/1/jpmfxapi-core-if-1.13.9-1.jar:/home/mnyeste/.m2/repository/org/apache/excalibur/excalibur-bzip2-1.0a/1/excalibur-bzip2-1.0a-1.jar:/home/mnyeste/.m2/repository/oracle/jdbc/ojdbc14/1.4/ojdbc14-1.4.jar:/home/mnyeste/.m2/repository/swiftmq/swiftmq/2/swiftmq-2.jar:/home/mnyeste/.m2/repository/com/baxter/anchorage/abos-client-stubs/1/abos-client-stubs-1.jar:/home/mnyeste/.m2/repository/dcpk/dcpk/1/dcpk-1.jar:/home/mnyeste/.m2/repository/hotspot/hotspot/1/hotspot-1.jar:/home/mnyeste/.m2/repository/hit/b2bspot/b2b_spot_classes/1/b2b_spot_classes-1.jar:/home/mnyeste/.m2/repository/phillip/phillip/1/phillip-1.jar:/home/mnyeste/.m2/repository/fxall/FXAllSTP/1/FXAllSTP-1.jar:/home/mnyeste/.m2/repository/fxall/rtm/fxallrtm_Client/1/fxallrtm_Client-1.jar:/home/mnyeste/.m2/repository/doc/fx-client/1/fx-client-1.jar:/home/mnyeste/.m2/repository/doc/client/client/1/client-1.jar:/home/mnyeste/.m2/repository/doc/core/core/1/core-1.jar:/home/mnyeste/.m2/repository/doc/model/client-model/1/client-model-1.jar:/home/mnyeste/.m2/repository/ostermiller/utils/ostermillerutils_1_07_00/1.07/ostermillerutils_1_07_00-1.07.jar:/home/mnyeste/.m2/repository/currenex/CurrenexStp/1/CurrenexStp-1.jar:/home/mnyeste/.m2/repository/com/toedter/jcalendar/1.1.4/jcalendar-1.1.4.jar:/home/mnyeste/.m2/repository/borland/jbcl/jbcl/1/jbcl-1.jar:/home/mnyeste/.m2/repository/sugar/sugarSoap/1/sugarSoap-1.jar:/home/mnyeste/.m2/repository/jfreechart/jfreechart-1.0.13/1.0.13/jfreechart-1.0.13-1.0.13.jar:/home/mnyeste/.m2/repository/ich/ClientSDK/1/ClientSDK-1.jar:/home/mnyeste/.m2/repository/argon/argonclient/1/argonclient-1.jar:/home/mnyeste/.m2/repository/traiana/traiana/1/traiana-1.jar:/home/mnyeste/.m2/repository/drools/drools-api-5.0.1/5.0.1/drools-api-5.0.1-5.0.1.jar:/home/mnyeste/.m2/repository/drools/drools-core-5.0.1/5.0.1/drools-core-5.0.1-5.0.1.jar:/home/mnyeste/.m2/repository/jfree/jcommon/1.0.15/jcommon-1.0.15.jar:/home/mnyeste/.m2/repository/com/incors/kunstoff-laf/2.0.2/kunstoff-laf-2.0.2.jar:/home/mnyeste/.m2/repository/org/hibernate/hibernate/3.1.3/hibernate-3.1.3.jar:/home/mnyeste/.m2/repository/ehcache/ehcache/1.1/ehcache-1.1.jar:/home/mnyeste/.m2/repository/cglib/cglib/2.1_3/cglib-2.1_3.jar:/home/mnyeste/.m2/repository/asm/asm/1.5.3/asm-1.5.3.jar:/home/mnyeste/.m2/repository/asm/asm-attrs/1.5.3/asm-attrs-1.5.3.jar:/home/mnyeste/.m2/repository/javax/transaction/jta/1.1/jta-1.1.jar:"/>
    <property name="java.specification.name" value="Java Platform API Specification"/>
    <property name="java.class.version" value="50.0"/>
    <property name="sun.management.compiler" value="HotSpot Client Compiler"/>
    <property name="os.version" value="2.6.35-28-generic-pae"/>
    <property name="user.home" value="/home/mnyeste"/>
    <property name="user.timezone" value="Europe/Budapest"/>
    <property name="java.awt.printerjob" value="sun.print.PSPrinterJob"/>
    <property name="file.encoding" value="UTF-8"/>
    <property name="java.specification.version" value="1.6"/>
    <property name="user.name" value="mnyeste"/>
    <property name="java.class.path" value="/home/mnyeste/workspaces/cd/cdv2/target/surefire/surefirebooter4051233066662117126.jar"/>
    <property name="java.vm.specification.version" value="1.0"/>
    <property name="sun.arch.data.model" value="32"/>
    <property name="java.home" value="/opt/jdk1.6.0_25/jre"/>
    <property name="sun.java.command" value="/home/mnyeste/workspaces/cd/cdv2/target/surefire/surefirebooter4051233066662117126.jar /home/mnyeste/workspaces/cd/cdv2/target/surefire/surefire5769273837844334023tmp /home/mnyeste/workspaces/cd/cdv2/target/surefire/surefire2400717798413989166tmp"/>
    <property name="java.specification.vendor" value="Sun Microsystems Inc."/>
    <property name="user.language" value="en"/>
    <property name="java.vm.info" value="mixed mode, sharing"/>
    <property name="java.version" value="1.6.0_25"/>
    <property name="java.ext.dirs" value="/opt/jdk1.6.0_25/jre/lib/ext:/usr/java/packages/lib/ext"/>
    <property name="sun.boot.class.path" value="/opt/jdk1.6.0_25/jre/lib/resources.jar:/opt/jdk1.6.0_25/jre/lib/rt.jar:/opt/jdk1.6.0_25/jre/lib/sunrsasign.jar:/opt/jdk1.6.0_25/jre/lib/jsse.jar:/opt/jdk1.6.0_25/jre/lib/jce.jar:/opt/jdk1.6.0_25/jre/lib/charsets.jar:/opt/jdk1.6.0_25/jre/lib/modules/jdk.boot.jar:/opt/jdk1.6.0_25/jre/classes"/>
    <property name="java.vendor" value="Sun Microsystems Inc."/>
    <property name="localRepository" value="/home/mnyeste/.m2/repository"/>
    <property name="file.separator" value="/"/>
    <property name="java.vendor.url.bug" value="http://java.sun.com/cgi-bin/bugreport.cgi"/>
    <property name="sun.cpu.endian" value="little"/>
    <property name="sun.io.unicode.encoding" value="UnicodeLittle"/>
    <property name="sun.desktop" value="gnome"/>
    <property name="sun.cpu.isalist" value=""/>
  </properties>
  <testcase time="0.015" classname="com.baxter.fix.TestFIXUtils" name="testDateConversion"/>
  <testcase time="0.001" classname="com.baxter.fix.TestFIXUtils" name="testconvertAndAddDouble"/>
  <testcase time="0" classname="com.baxter.fix.TestFIXUtils" name="testconvertDlvCodeToMMY"/>
  <testcase time="0.001" classname="com.baxter.fix.TestFIXUtils" name="testAddLogTag"/>
  <testcase time="0" classname="com.baxter.fix.TestFIXUtils" name="testAddTag"/>
  <testcase time="0" classname="com.baxter.fix.TestFIXUtils" name="testConvertRtCodeToEBSSymbol"/>
  <testcase time="0.123" classname="com.baxter.fix.TestFIXUtils" name="testConvertSymbolToRtCode"/>
</testsuite>