<?xml version="1.0" encoding="UTF-8" ?>
<testsuite failures="1" time="0.154" errors="0" skipped="0" tests="12" name="com.baxter.fix.TestMessageSender">
  <properties>
    <property name="java.runtime.name" value="Java(TM) SE Runtime Environment"/>
    <property name="sun.boot.library.path" value="/home/cddev/.qa/jdk1.6.0_24/jre/lib/amd64"/>
    <property name="java.vm.version" value="19.1-b02"/>
    <property name="java.vm.vendor" value="Sun Microsystems Inc."/>
    <property name="java.vendor.url" value="http://java.sun.com/"/>
    <property name="path.separator" value=":"/>
    <property name="java.vm.name" value="Java HotSpot(TM) 64-Bit Server VM"/>
    <property name="file.encoding.pkg" value="sun.io"/>
    <property name="user.country" value="US"/>
    <property name="sun.java.launcher" value="SUN_STANDARD"/>
    <property name="sun.os.patch.level" value="unknown"/>
    <property name="java.vm.specification.name" value="Java Virtual Machine Specification"/>
    <property name="user.dir" value="/home/cddev/.qa/jenkins/workspace/currency-dealing"/>
    <property name="java.runtime.version" value="1.6.0_24-b07"/>
    <property name="java.awt.graphicsenv" value="sun.awt.X11GraphicsEnvironment"/>
    <property name="basedir" value="/home/cddev/.qa/jenkins/workspace/currency-dealing"/>
    <property name="java.endorsed.dirs" value="/home/cddev/.qa/jdk1.6.0_24/jre/lib/endorsed"/>
    <property name="os.arch" value="amd64"/>
    <property name="java.io.tmpdir" value="/tmp"/>
    <property name="line.separator" value="
"/>
    <property name="java.vm.specification.vendor" value="Sun Microsystems Inc."/>
    <property name="os.name" value="Linux"/>
    <property name="sun.jnu.encoding" value="UTF-8"/>
    <property name="java.library.path" value="/home/cddev/.qa/jdk1.6.0_24/jre/lib/amd64/server:/home/cddev/.qa/jdk1.6.0_24/jre/lib/amd64:/home/cddev/.qa/jdk1.6.0_24/jre/../lib/amd64:/home/cddev/.qa/jenkins/jdk/jre/lib/amd64/server:/home/cddev/.qa/jenkins/jdk/jre/lib/amd64:/home/cddev/.qa/jenkins/jdk/jre/../lib/amd64:/usr/java/packages/lib/amd64:/usr/lib64:/lib64:/lib:/usr/lib"/>
    <property name="surefire.test.class.path" value="/home/cddev/.qa/jenkins/workspace/currency-dealing/target/test-classes:/home/cddev/.qa/jenkins/workspace/currency-dealing/target/classes:/home/cddev/.m2/repository/org/jgroups/jgroups/2.6.20.Final/jgroups-2.6.20.Final.jar:/home/cddev/.m2/repository/com/adobe/blazeds/blazeds-core/3.2.0.3978/blazeds-core-3.2.0.3978.jar:/home/cddev/.m2/repository/backport-util-concurrent/backport-util-concurrent/3.1/backport-util-concurrent-3.1.jar:/home/cddev/.m2/repository/com/adobe/blazeds/blazeds-common/3.2.0.3978/blazeds-common-3.2.0.3978.jar:/home/cddev/.m2/repository/com/anchorage/abos-client-proxy/2.2.8.0/abos-client-proxy-2.2.8.0.jar:/home/cddev/.m2/repository/com/anchorage/abos-client-stubs/2.2.8.0/abos-client-stubs-2.2.8.0.jar:/home/cddev/.m2/repository/com/anchorage/abos-common-stubs/2.2.8.0/abos-common-stubs-2.2.8.0.jar:/home/cddev/.m2/repository/com/anchorage/abos-model/2.2.8.0/abos-model-2.2.8.0.jar:/home/cddev/.m2/repository/com/anchorage/abos-model-stubs/2.2.8.0/abos-model-stubs-2.2.8.0.jar:/home/cddev/.m2/repository/com/anchorage/abos-notification-dto/2.2.8.0/abos-notification-dto-2.2.8.0.jar:/home/cddev/.m2/repository/com/anchorage/abos-notification-manager/2.2.8.0/abos-notification-manager-2.2.8.0.jar:/home/cddev/.m2/repository/com/anchorage/abos-notification-manager-spi/2.2.8.0/abos-notification-manager-spi-2.2.8.0.jar:/home/cddev/.m2/repository/com/anchorage/abos-portfolio-stubs/2.2.8.0/abos-portfolio-stubs-2.2.8.0.jar:/home/cddev/.m2/repository/com/anchorage/abos-rate-sanitiser/2.2.8.0/abos-rate-sanitiser-2.2.8.0.jar:/home/cddev/.m2/repository/com/anchorage/abos-utilities/2.2.8.0/abos-utilities-2.2.8.0.jar:/home/cddev/.m2/repository/org/apache/mina/mina-core/1.1.7/mina-core-1.1.7.jar:/home/cddev/.m2/repository/org/slf4j/slf4j-api/1.6.1/slf4j-api-1.6.1.jar:/home/cddev/.m2/repository/org/slf4j/slf4j-log4j12/1.6.1/slf4j-log4j12-1.6.1.jar:/home/cddev/.m2/repository/org/quickfixj/quickfixj-all/1.4.0/quickfixj-all-1.4.0.jar:/home/cddev/.m2/repository/com/baxter/algoEngine/1.13/algoEngine-1.13.jar:/home/cddev/.m2/repository/org/apache/ant/ant-jsch/1.7.1/ant-jsch-1.7.1.jar:/home/cddev/.m2/repository/org/apache/ant/ant/1.7.1/ant-1.7.1.jar:/home/cddev/.m2/repository/org/apache/ant/ant-launcher/1.7.1/ant-launcher-1.7.1.jar:/home/cddev/.m2/repository/com/jcraft/jsch/0.1.29/jsch-0.1.29.jar:/home/cddev/.m2/repository/com/baxter/toAnt/1.0/toAnt-1.0.jar:/home/cddev/.m2/repository/org/apache/ivy/ivy/2.1.0/ivy-2.1.0.jar:/home/cddev/.m2/repository/org/hibernate/hibernate-core/3.6.0.Final/hibernate-core-3.6.0.Final.jar:/home/cddev/.m2/repository/antlr/antlr/2.7.6/antlr-2.7.6.jar:/home/cddev/.m2/repository/commons-collections/commons-collections/3.1/commons-collections-3.1.jar:/home/cddev/.m2/repository/dom4j/dom4j/1.6.1/dom4j-1.6.1.jar:/home/cddev/.m2/repository/org/hibernate/hibernate-commons-annotations/3.2.0.Final/hibernate-commons-annotations-3.2.0.Final.jar:/home/cddev/.m2/repository/org/hibernate/javax/persistence/hibernate-jpa-2.0-api/1.0.0.Final/hibernate-jpa-2.0-api-1.0.0.Final.jar:/home/cddev/.m2/repository/org/hibernate/hibernate-annotations/3.5.6-Final/hibernate-annotations-3.5.6-Final.jar:/home/cddev/.m2/repository/org/hibernate/hibernate-validator/3.1.0.GA/hibernate-validator-3.1.0.GA.jar:/home/cddev/.m2/repository/org/jboss/spec/javax/servlet/jboss-servlet-api_3.0_spec/1.0.0.Final/jboss-servlet-api_3.0_spec-1.0.0.Final.jar:/home/cddev/.m2/repository/org/jboss/jbossas/jboss-as-server/6.0.0.Final/jboss-as-server-6.0.0.Final.jar:/home/cddev/.m2/repository/jboss/jboss-serialization/1.0.3.GA/jboss-serialization-1.0.3.GA.jar:/home/cddev/.m2/repository/org/jboss/jbossas/jboss-as-deployment/6.0.0.Final/jboss-as-deployment-6.0.0.Final.jar:/home/cddev/.m2/repository/org/jboss/spec/javax/enterprise/deploy/jboss-jad-api_1.2_spec/1.0.0.Final/jboss-jad-api_1.2_spec-1.0.0.Final.jar:/home/cddev/.m2/repository/org/picketbox/jboss-security-spi/3.0.0.CR2/jboss-security-spi-3.0.0.CR2.jar:/home/cddev/.m2/repository/org/jboss/bootstrap/jboss-bootstrap-spi-as/2.1.0-alpha-5/jboss-bootstrap-spi-as-2.1.0-alpha-5.jar:/home/cddev/.m2/repository/org/jboss/bootstrap/jboss-bootstrap-spi-mc/2.1.0-alpha-5/jboss-bootstrap-spi-mc-2.1.0-alpha-5.jar:/home/cddev/.m2/repository/org/jboss/bootstrap/jboss-bootstrap-spi/2.1.0-alpha-5/jboss-bootstrap-spi-2.1.0-alpha-5.jar:/home/cddev/.m2/repository/org/jboss/bootstrap/jboss-bootstrap-api-mc/2.1.0-alpha-5/jboss-bootstrap-api-mc-2.1.0-alpha-5.jar:/home/cddev/.m2/repository/org/jboss/bootstrap/jboss-bootstrap-api-as/2.1.0-alpha-5/jboss-bootstrap-api-as-2.1.0-alpha-5.jar:/home/cddev/.m2/repository/org/jboss/bootstrap/jboss-bootstrap-api/2.1.0-alpha-5/jboss-bootstrap-api-2.1.0-alpha-5.jar:/home/cddev/.m2/repository/org/jboss/ejb3/ejbref/resolver/ejbref-resolver-spi/1.0.0-alpha-4/ejbref-resolver-spi-1.0.0-alpha-4.jar:/home/cddev/.m2/repository/org/jboss/integration/jboss-deployment-spi/6.0.0.CR1/jboss-deployment-spi-6.0.0.CR1.jar:/home/cddev/.m2/repository/org/jboss/jpa/jboss-jpa-deployers/1.0.2-alpha-3/jboss-jpa-deployers-1.0.2-alpha-3.jar:/home/cddev/.m2/repository/org/hibernate/hibernate-entitymanager/3.4.0.GA/hibernate-entitymanager-3.4.0.GA.jar:/home/cddev/.m2/repository/org/jboss/deployers/jboss-deployers-vfs/2.0.5.GA/jboss-deployers-vfs-2.0.5.GA.jar:/home/cddev/.m2/repository/org/jboss/microcontainer/jboss-kernel/2.0.4.GA/jboss-kernel-2.0.4.GA.jar:/home/cddev/.m2/repository/org/jboss/microcontainer/jboss-dependency/2.0.4.GA/jboss-dependency-2.0.4.GA.jar:/home/cddev/.m2/repository/org/jboss/cl/jboss-classloading-vfs/2.0.3.GA/jboss-classloading-vfs-2.0.3.GA.jar:/home/cddev/.m2/repository/org/jboss/deployers/jboss-deployers-core/2.0.5.GA/jboss-deployers-core-2.0.5.GA.jar:/home/cddev/.m2/repository/org/jboss/deployers/jboss-deployers-client/2.0.5.GA/jboss-deployers-client-2.0.5.GA.jar:/home/cddev/.m2/repository/org/jboss/deployers/jboss-deployers-vfs-spi/2.0.5.GA/jboss-deployers-vfs-spi-2.0.5.GA.jar:/home/cddev/.m2/repository/org/jboss/cl/jboss-classloading/2.0.3.GA/jboss-classloading-2.0.3.GA.jar:/home/cddev/.m2/repository/org/jboss/cl/jboss-classloader/2.0.3.GA/jboss-classloader-2.0.3.GA.jar:/home/cddev/.m2/repository/org/jboss/jpa/jboss-jpa-impl/1.0.0/jboss-jpa-impl-1.0.0.jar:/home/cddev/.m2/repository/org/jboss/jpa/jboss-jpa-spi/1.0.0/jboss-jpa-spi-1.0.0.jar:/home/cddev/.m2/repository/org/jboss/microcontainer/jboss-aop-mc-int/2.0.4.GA/jboss-aop-mc-int-2.0.4.GA.jar:/home/cddev/.m2/repository/org/jboss/jpa/jboss-jpa-vfs3/1.0.2-alpha-2/jboss-jpa-vfs3-1.0.2-alpha-2.jar:/home/cddev/.m2/repository/org/jboss/jboss-vfs/3.0.0.CR1/jboss-vfs-3.0.0.CR1.jar:/home/cddev/.m2/repository/org/jboss/reloaded/naming/jboss-reloaded-naming-impl/0.3.0/jboss-reloaded-naming-impl-0.3.0.jar:/home/cddev/.m2/repository/org/jboss/reloaded/naming/jboss-reloaded-naming-spi/0.3.0/jboss-reloaded-naming-spi-0.3.0.jar:/home/cddev/.m2/repository/org/jboss/reloaded/naming/jboss-reloaded-naming-deployers/0.3.0/jboss-reloaded-naming-deployers-0.3.0.jar:/home/cddev/.m2/repository/org/jboss/deployers/jboss-deployers-spi/2.2.0.Alpha1/jboss-deployers-spi-2.2.0.Alpha1.jar:/home/cddev/.m2/repository/org/jboss/mcann/mcann-core/1.0.0.Alpha1/mcann-core-1.0.0.Alpha1.jar:/home/cddev/.m2/repository/org/jboss/kernel/jboss-kernel/2.2.0.Alpha2/jboss-kernel-2.2.0.Alpha2.jar:/home/cddev/.m2/repository/javax/inject/javax.inject/1/javax.inject-1.jar:/home/cddev/.m2/repository/org/jboss/injection/jboss-injection/0.1.0-alpha-2/jboss-injection-0.1.0-alpha-2.jar:/home/cddev/.m2/repository/org/jboss/deployers/jboss-deployers-structure-spi/2.2.0.Alpha3/jboss-deployers-structure-spi-2.2.0.Alpha3.jar:/home/cddev/.m2/repository/org/jboss/jboss-mdr/2.2.0.Alpha2/jboss-mdr-2.2.0.Alpha2.jar:/home/cddev/.m2/repository/org/jboss/injection/jboss-resolver-spi/0.1.0-alpha-2/jboss-resolver-spi-0.1.0-alpha-2.jar:/home/cddev/.m2/repository/org/jboss/injection/jboss-resolver-impl/0.1.0-alpha-2/jboss-resolver-impl-0.1.0-alpha-2.jar:/home/cddev/.m2/repository/org/jboss/injection/jboss-injection-switchboard-deployer/0.1.0-alpha-2/jboss-injection-switchboard-deployer-0.1.0-alpha-2.jar:/home/cddev/.m2/repository/org/jboss/injection/jboss-switchboard-metadata/0.1.0-alpha-2/jboss-switchboard-metadata-0.1.0-alpha-2.jar:/home/cddev/.m2/repository/org/jboss/injection/jboss-injection-mc-impl/1.0.0-alpha-6/jboss-injection-mc-impl-1.0.0-alpha-6.jar:/home/cddev/.m2/repository/org/jboss/injection/jboss-injection-manager/1.0.0-alpha-6/jboss-injection-manager-1.0.0-alpha-6.jar:/home/cddev/.m2/repository/org/jboss/injection/jboss-injection-injector/1.0.0-alpha-6/jboss-injection-injector-1.0.0-alpha-6.jar:/home/cddev/.m2/repository/org/picketbox/jbosssx/3.0.0.CR2/jbosssx-3.0.0.CR2.jar:/home/cddev/.m2/repository/org/jboss/jboss-common-core/2.2.17.GA/jboss-common-core-2.2.17.GA.jar:/home/cddev/.m2/repository/org/jboss/metadata/jboss-metadata-common/2.0.0.Alpha24/jboss-metadata-common-2.0.0.Alpha24.jar:/home/cddev/.m2/repository/org/jboss/logging/jboss-logging-spi/2.2.0.CR1/jboss-logging-spi-2.2.0.CR1.jar:/home/cddev/.m2/repository/org/hibernate/ejb3-persistence/1.0.2.GA/ejb3-persistence-1.0.2.GA.jar:/home/cddev/.m2/repository/org/jboss/ws/jbossws-spi/1.4.1.CR2/jbossws-spi-1.4.1.CR2.jar:/home/cddev/.m2/repository/sun-jaxb/jaxb-api/2.1.4/jaxb-api-2.1.4.jar:/home/cddev/.m2/repository/apache-xerces/xml-apis/2.9.1/xml-apis-2.9.1.jar:/home/cddev/.m2/repository/org/jboss/metadata/jboss-metadata-client/2.0.0.Alpha2/jboss-metadata-client-2.0.0.Alpha2.jar:/home/cddev/.m2/repository/org/jboss/metadata/jboss-metadata-ear/2.0.0.Alpha4/jboss-metadata-ear-2.0.0.Alpha4.jar:/home/cddev/.m2/repository/org/jboss/metadata/jboss-metadata-ejb/2.0.0-alpha-27/jboss-metadata-ejb-2.0.0-alpha-27.jar:/home/cddev/.m2/repository/org/jboss/ejb3/jboss-ejb3-ext-api/1.1.0/jboss-ejb3-ext-api-1.1.0.jar:/home/cddev/.m2/repository/org/jboss/metadata/jboss-metadata-rar/2.0.0.Alpha/jboss-metadata-rar-2.0.0.Alpha.jar:/home/cddev/.m2/repository/org/jboss/metadata/jboss-metadata-war/2.0.0.CR1/jboss-metadata-war-2.0.0.CR1.jar:/home/cddev/.m2/repository/org/jboss/jbossas/jboss-as-system-jmx/6.0.0.Final/jboss-as-system-jmx-6.0.0.Final.jar:/home/cddev/.m2/repository/org/jboss/logging/jboss-logging/3.0.0.Beta4/jboss-logging-3.0.0.Beta4.jar:/home/cddev/.m2/repository/org/jboss/deployers/jboss-deployers-core-spi/2.2.0.GA/jboss-deployers-core-spi-2.2.0.GA.jar:/home/cddev/.m2/repository/org/jboss/deployers/jboss-deployers-impl/2.2.0.GA/jboss-deployers-impl-2.2.0.GA.jar:/home/cddev/.m2/repository/org/jboss/mx/jboss-jmx/6.0.0.GA/jboss-jmx-6.0.0.GA.jar:/home/cddev/.m2/repository/org/jboss/mx/jboss-mbeans/6.0.0.GA/jboss-mbeans-6.0.0.GA.jar:/home/cddev/.m2/repository/org/jboss/mx/jboss-jmx-annotations/6.0.0.GA/jboss-jmx-annotations-6.0.0.GA.jar:/home/cddev/.m2/repository/org/jboss/kernel/jboss-dependency/2.2.0.GA/jboss-dependency-2.2.0.GA.jar:/home/cddev/.m2/repository/org/jboss/kernel/jboss-jmx-mc-int/2.2.0.GA/jboss-jmx-mc-int-2.2.0.GA.jar:/home/cddev/.m2/repository/org/jboss/mx/jboss-mbeanserver/6.0.0.GA/jboss-mbeanserver-6.0.0.GA.jar:/home/cddev/.m2/repository/org/jboss/deployers/jboss-deployers-jmx/2.2.0.GA/jboss-deployers-jmx-2.2.0.GA.jar:/home/cddev/.m2/repository/org/jboss/jbossas/jboss-as-system/6.0.0.Final/jboss-as-system-6.0.0.Final.jar:/home/cddev/.m2/repository/org/jboss/aop/jboss-aop/2.2.1.GA/jboss-aop-2.2.1.GA.jar:/home/cddev/.m2/repository/org/jboss/classpool/jboss-classpool-scoped/1.0.0.Alpha6/jboss-classpool-scoped-1.0.0.Alpha6.jar:/home/cddev/.m2/repository/org/jboss/classpool/jboss-classpool/1.0.0.Alpha6/jboss-classpool-1.0.0.Alpha6.jar:/home/cddev/.m2/repository/qdox/qdox/1.6.1/qdox-1.6.1.jar:/home/cddev/.m2/repository/trove/trove/1.0.2/trove-1.0.2.jar:/home/cddev/.m2/repository/org/jboss/aop/jboss-aop-deployers/2.2.1.GA/jboss-aop-deployers-2.2.1.GA.jar:/home/cddev/.m2/repository/org/jboss/aop/jboss-aop-asintegration-mc/2.2.1.GA/jboss-aop-asintegration-mc-2.2.1.GA.jar:/home/cddev/.m2/repository/org/jboss/classpool/jboss-classpool-jbosscl/1.0.0.Alpha6/jboss-classpool-jbosscl-1.0.0.Alpha6.jar:/home/cddev/.m2/repository/org/jboss/aop/pluggable-instrumentor/2.2.1.GA/pluggable-instrumentor-2.2.1.GA.jar:/home/cddev/.m2/repository/org/jboss/aop/jboss-aop-asintegration-core/2.2.1.GA/jboss-aop-asintegration-core-2.2.1.GA.jar:/home/cddev/.m2/repository/org/jboss/test/jboss-test/1.1.7.CR2/jboss-test-1.1.7.CR2.jar:/home/cddev/.m2/repository/org/jboss/logging/jboss-logging-log4j/2.1.0.GA/jboss-logging-log4j-2.1.0.GA.jar:/home/cddev/.m2/repository/jboss/profiler/jvmti/jboss-profiler-jvmti/1.0.0.CR5/jboss-profiler-jvmti-1.0.0.CR5.jar:/home/cddev/.m2/repository/org/jboss/jbossas/jboss-server-manager/1.0.3.GA/jboss-server-manager-1.0.3.GA.jar:/home/cddev/.m2/repository/org/jboss/security/jbosssx-client/2.0.4.SP2/jbosssx-client-2.0.4.SP2.jar:/home/cddev/.m2/repository/org/jboss/security/jboss-security-spi/2.0.4.SP2/jboss-security-spi-2.0.4.SP2.jar:/home/cddev/.m2/repository/org/jboss/man/jboss-managed/2.1.1.SP2/jboss-managed-2.1.1.SP2.jar:/home/cddev/.m2/repository/org/jboss/man/jboss-metatype/2.1.1.SP2/jboss-metatype-2.1.1.SP2.jar:/home/cddev/.m2/repository/org/jboss/deployers/jboss-deployers-client-spi/2.2.0.GA/jboss-deployers-client-spi-2.2.0.GA.jar:/home/cddev/.m2/repository/org/jboss/kernel/jboss-aop-mc-int/2.2.0.GA/jboss-aop-mc-int-2.2.0.GA.jar:/home/cddev/.m2/repository/org/jboss/profileservice/jboss-profileservice-core/0.2.2/jboss-profileservice-core-0.2.2.jar:/home/cddev/.m2/repository/org/jboss/profileservice/jboss-profileservice-domain/0.2.2/jboss-profileservice-domain-0.2.2.jar:/home/cddev/.m2/repository/org/jboss/profileservice/jboss-profileservice-persistence/0.2.2/jboss-profileservice-persistence-0.2.2.jar:/home/cddev/.m2/repository/org/jboss/profileservice/jboss-profileservice-spi/0.2.2/jboss-profileservice-spi-0.2.2.jar:/home/cddev/.m2/repository/org/picketbox/picketbox-bare/3.0.0.CR2/picketbox-bare-3.0.0.CR2.jar:/home/cddev/.m2/repository/org/picketbox/identity-spi/3.0.0.CR2/identity-spi-3.0.0.CR2.jar:/home/cddev/.m2/repository/org/picketbox/authorization-spi/3.0.0.CR2/authorization-spi-3.0.0.CR2.jar:/home/cddev/.m2/repository/org/picketbox/acl-spi/3.0.0.CR2/acl-spi-3.0.0.CR2.jar:/home/cddev/.m2/repository/org/picketbox/jbosssx-bare/3.0.0.CR2/jbosssx-bare-3.0.0.CR2.jar:/home/cddev/.m2/repository/org/picketbox/picketbox-acl-impl/3.0.0.CR2/picketbox-acl-impl-3.0.0.CR2.jar:/home/cddev/.m2/repository/org/picketbox/picketbox-identity-impl/3.0.0.CR2/picketbox-identity-impl-3.0.0.CR2.jar:/home/cddev/.m2/repository/org/picketbox/picketbox-spi-bare/3.0.0.CR2/picketbox-spi-bare-3.0.0.CR2.jar:/home/cddev/.m2/repository/org/jboss/spec/javax/ejb/jboss-ejb-api_3.1_spec/1.0.0.Final/jboss-ejb-api_3.1_spec-1.0.0.Final.jar:/home/cddev/.m2/repository/org/jboss/spec/javax/transaction/jboss-transaction-api_1.1_spec/1.0.0.Beta1/jboss-transaction-api_1.1_spec-1.0.0.Beta1.jar:/home/cddev/.m2/repository/javax/xml/jaxrpc-api/1.1/jaxrpc-api-1.1.jar:/home/cddev/.m2/repository/javax/xml/soap/saaj-api/1.3/saaj-api-1.3.jar:/home/cddev/.m2/repository/org/jboss/spec/javax/interceptor/jboss-interceptors-api_1.1_spec/1.0.0.Final/jboss-interceptors-api_1.1_spec-1.0.0.Final.jar:/home/cddev/.m2/repository/org/jboss/spec/javax/servlet/jsp/jboss-jsp-api_2.2_spec/1.0.0.Final/jboss-jsp-api_2.2_spec-1.0.0.Final.jar:/home/cddev/.m2/repository/org/jboss/spec/javax/el/jboss-el-api_2.2_spec/1.0.0.Final/jboss-el-api_2.2_spec-1.0.0.Final.jar:/home/cddev/.m2/repository/org/jboss/spec/javax/annotation/jboss-annotations-api_1.1_spec/1.0.0.Final/jboss-annotations-api_1.1_spec-1.0.0.Final.jar:/home/cddev/.m2/repository/org/jboss/switchboard/jboss-switchboard-spi/1.0.0-alpha-15/jboss-switchboard-spi-1.0.0-alpha-15.jar:/home/cddev/.m2/repository/org/jboss/switchboard/jboss-switchboard-mc-spi/1.0.0-alpha-15/jboss-switchboard-mc-spi-1.0.0-alpha-15.jar:/home/cddev/.m2/repository/org/jboss/switchboard/jboss-switchboard-javaee/1.0.0-alpha-15/jboss-switchboard-javaee-1.0.0-alpha-15.jar:/home/cddev/.m2/repository/org/jboss/switchboard/jboss-switchboard-impl/1.0.0-alpha-15/jboss-switchboard-impl-1.0.0-alpha-15.jar:/home/cddev/.m2/repository/org/jboss/mx/jboss-j2se/6.0.0.GA/jboss-j2se-6.0.0.GA.jar:/home/cddev/.m2/repository/org/jboss/integration/jboss-classloading-spi/6.0.0.CR1/jboss-classloading-spi-6.0.0.CR1.jar:/home/cddev/.m2/repository/org/jboss/jbossas/jboss-as-security/6.0.0.Final/jboss-as-security-6.0.0.Final.jar:/home/cddev/.m2/repository/javassist/javassist/3.12.1.GA/javassist-3.12.1.GA.jar:/home/cddev/.m2/repository/org/jboss/spec/javax/security/auth/message/jboss-jaspi-api_1.0_spec/1.0.0.Final/jboss-jaspi-api_1.0_spec-1.0.0.Final.jar:/home/cddev/.m2/repository/org/jboss/security/jbossxacml/2.0.5.CR1/jbossxacml-2.0.5.CR1.jar:/home/cddev/.m2/repository/org/apache/xmlsec/1.4.3/xmlsec-1.4.3.jar:/home/cddev/.m2/repository/org/jboss/integration/jboss-transaction-spi/6.0.0.CR1/jboss-transaction-spi-6.0.0.CR1.jar:/home/cddev/.m2/repository/org/jboss/spec/javax/security/jacc/jboss-jacc-api_1.4_spec/1.0.0.Final/jboss-jacc-api_1.4_spec-1.0.0.Final.jar:/home/cddev/.m2/repository/org/jboss/spec/javax/jms/jboss-jms-api_1.1_spec/1.0.0.Final/jboss-jms-api_1.1_spec-1.0.0.Final.jar:/home/cddev/.m2/repository/org/jboss/spec/javax/xml/soap/jboss-saaj-api_1.3_spec/1.0.0.Final/jboss-saaj-api_1.3_spec-1.0.0.Final.jar:/home/cddev/.m2/repository/org/jboss/spec/javax/xml/bind/jboss-jaxb-api_2.2_spec/1.0.0.Final/jboss-jaxb-api_2.2_spec-1.0.0.Final.jar:/home/cddev/.m2/repository/org/jboss/spec/javax/xml/ws/jboss-jaxws-api_2.2_spec/1.0.0.Final/jboss-jaxws-api_2.2_spec-1.0.0.Final.jar:/home/cddev/.m2/repository/org/jboss/spec/javax/xml/rpc/jboss-jaxrpc-api_1.1_spec/1.0.0.Final/jboss-jaxrpc-api_1.1_spec-1.0.0.Final.jar:/home/cddev/.m2/repository/org/jboss/naming/jnp-client/5.0.5.Final/jnp-client-5.0.5.Final.jar:/home/cddev/.m2/repository/org/jboss/spec/javax/resource/jboss-connector-api_1.5_spec/1.0.0.Final/jboss-connector-api_1.5_spec-1.0.0.Final.jar:/home/cddev/.m2/repository/org/picketbox/jbosssx-client/3.0.0.CR2/jbosssx-client-3.0.0.CR2.jar:/home/cddev/.m2/repository/bcel/bcel/5.1/bcel-5.1.jar:/home/cddev/.m2/repository/regexp/regexp/1.2/regexp-1.2.jar:/home/cddev/.m2/repository/oswego-concurrent/concurrent/1.3.4-jboss-update1/concurrent-1.3.4-jboss-update1.jar:/home/cddev/.m2/repository/org/jboss/remoting/jboss-remoting/2.5.3/jboss-remoting-2.5.3.jar:/home/cddev/.m2/repository/org/jboss/jbossxb/2.0.3.GA/jbossxb-2.0.3.GA.jar:/home/cddev/.m2/repository/org/jboss/jboss-reflect/2.0.2.GA/jboss-reflect-2.0.2.GA.jar:/home/cddev/.m2/repository/com/wutka/dtdparser/1.21/dtdparser-1.21.jar:/home/cddev/.m2/repository/javax/activation/activation/1.1.1/activation-1.1.1.jar:/home/cddev/.m2/repository/org/jboss/naming/jnpserver/5.0.5.Final/jnpserver-5.0.5.Final.jar:/home/cddev/.m2/repository/gnu-getopt/getopt/1.0.12-brew/getopt-1.0.12-brew.jar:/home/cddev/.m2/repository/org/jboss/service/binding/jboss-service-binding-core/1.2.0.Final/jboss-service-binding-core-1.2.0.Final.jar:/home/cddev/.m2/repository/org/jboss/service/binding/jboss-service-binding-mgmt/1.2.0.Final/jboss-service-binding-mgmt-1.2.0.Final.jar:/home/cddev/.m2/repository/org/jboss/scanning/scanning-plugins/1.0.0.GA/scanning-plugins-1.0.0.GA.jar:/home/cddev/.m2/repository/org/jboss/scanning/scanning-spi/1.0.0.GA/scanning-spi-1.0.0.GA.jar:/home/cddev/.m2/repository/org/jboss/scanning/scanning-impl/1.0.0.GA/scanning-impl-1.0.0.GA.jar:/home/cddev/.m2/repository/org/jboss/scanning/scanning-deployers/1.0.0.GA/scanning-deployers-1.0.0.GA.jar:/home/cddev/.m2/repository/org/jboss/netty/netty/3.2.1.Final/netty-3.2.1.Final.jar:/home/cddev/.m2/repository/org/hornetq/hornetq-core/2.1.2.Final/hornetq-core-2.1.2.Final.jar:/home/cddev/.m2/repository/org/hornetq/hornetq-jms/2.1.2.Final/hornetq-jms-2.1.2.Final.jar:/home/cddev/.m2/repository/log4j/log4j/1.2.16/log4j-1.2.16.jar:/home/cddev/.m2/repository/org/apache/xmlbeans/xmlbeans/2.5.0/xmlbeans-2.5.0.jar:/home/cddev/.m2/repository/postgresql/postgresql/8.4-701.jdbc4/postgresql-8.4-701.jdbc4.jar:/home/cddev/.m2/repository/commons-net/commons-net/2.0/commons-net-2.0.jar:/home/cddev/.m2/repository/junit/junit/4.8.2/junit-4.8.2.jar:/home/cddev/.m2/repository/com/baxter/common/2.0.8/common-2.0.8.jar:/home/cddev/.m2/repository/altovaEBS/altovaEBS/1.0/altovaEBS-1.0.jar:/home/cddev/.m2/repository/javax/mail/mail/1.4/mail-1.4.jar:/home/cddev/.m2/repository/ice/ice/1/ice-1.jar:/home/cddev/.m2/repository/ibm/decimal/1/decimal-1.jar:/home/cddev/.m2/repository/org/apache/ws/commons/axiom/axiom-api/1.2.5/axiom-api-1.2.5.jar:/home/cddev/.m2/repository/commons-logging/commons-logging/1.0.4/commons-logging-1.0.4.jar:/home/cddev/.m2/repository/jaxen/jaxen/1.1-beta-9/jaxen-1.1-beta-9.jar:/home/cddev/.m2/repository/xml-apis/xml-apis/1.3.03/xml-apis-1.3.03.jar:/home/cddev/.m2/repository/stax/stax-api/1.0.1/stax-api-1.0.1.jar:/home/cddev/.m2/repository/org/jdom/jdom/1.1/jdom-1.1.jar:/home/cddev/.m2/repository/genius/genius/2009.10.02/genius-2009.10.02.jar:/home/cddev/.m2/repository/grizzly/grizzly/1.0/grizzly-1.0.jar:/home/cddev/.m2/repository/javax/persistence/persistence-api/1.0/persistence-api-1.0.jar:/home/cddev/.m2/repository/ejb3/api/ejb-3_0-api/1/ejb-3_0-api-1.jar:/home/cddev/.m2/repository/hit/tplus/1/tplus-1.jar:/home/cddev/.m2/repository/hit/tplus-common/1/tplus-common-1.jar:/home/cddev/.m2/repository/hit/fxplus/1/fxplus-1.jar:/home/cddev/.m2/repository/hit/apiconfig/1/apiconfig-1.jar:/home/cddev/.m2/repository/avalon/avalon-framework/4.1.4/avalon-framework-4.1.4.jar:/home/cddev/.m2/repository/hit/ratesapi/2008.05.30/ratesapi-2008.05.30.jar:/home/cddev/.m2/repository/com/baxter/anchorage/anchorageStp/2009.03.19/anchorageStp-2009.03.19.jar:/home/cddev/.m2/repository/tibco/tibrvj/1/tibrvj-1.jar:/home/cddev/.m2/repository/openamq/openamq-jms-1.2c1/1.2c1/openamq-jms-1.2c1-1.2c1.jar:/home/cddev/.m2/repository/axis/axis/1.4/axis-1.4.jar:/home/cddev/.m2/repository/org/apache/axis/axis-jaxrpc/1.4/axis-jaxrpc-1.4.jar:/home/cddev/.m2/repository/org/apache/axis/axis-saaj/1.4/axis-saaj-1.4.jar:/home/cddev/.m2/repository/axis/axis-wsdl4j/1.5.1/axis-wsdl4j-1.5.1.jar:/home/cddev/.m2/repository/commons-discovery/commons-discovery/0.2/commons-discovery-0.2.jar:/home/cddev/.m2/repository/org/apache/axis2/axis2-adb/1.3/axis2-adb-1.3.jar:/home/cddev/.m2/repository/org/apache/axis2/axis2-kernel/1.3/axis2-kernel-1.3.jar:/home/cddev/.m2/repository/javax/servlet/servlet-api/2.3/servlet-api-2.3.jar:/home/cddev/.m2/repository/commons-httpclient/commons-httpclient/3.0.1/commons-httpclient-3.0.1.jar:/home/cddev/.m2/repository/commons-codec/commons-codec/1.2/commons-codec-1.2.jar:/home/cddev/.m2/repository/commons-fileupload/commons-fileupload/1.1.1/commons-fileupload-1.1.1.jar:/home/cddev/.m2/repository/org/apache/httpcomponents/httpcore/4.0-alpha5/httpcore-4.0-alpha5.jar:/home/cddev/.m2/repository/org/apache/httpcomponents/httpcore-nio/4.0-alpha5/httpcore-nio-4.0-alpha5.jar:/home/cddev/.m2/repository/wsdl4j/wsdl4j/1.6.2/wsdl4j-1.6.2.jar:/home/cddev/.m2/repository/org/apache/ws/commons/schema/XmlSchema/1.3.2/XmlSchema-1.3.2.jar:/home/cddev/.m2/repository/org/apache/neethi/neethi/2.0.2/neethi-2.0.2.jar:/home/cddev/.m2/repository/org/apache/woden/woden/1.0-incubating-M7b/woden-1.0-incubating-M7b.jar:/home/cddev/.m2/repository/xerces/xmlParserAPIs/2.6.0/xmlParserAPIs-2.6.0.jar:/home/cddev/.m2/repository/annogen/annogen/0.1.0/annogen-0.1.0.jar:/home/cddev/.m2/repository/org/apache/geronimo/specs/geronimo-jms_1.1_spec/1.1/geronimo-jms_1.1_spec-1.1.jar:/home/cddev/.m2/repository/org/apache/httpcomponents/httpcore-niossl/4.0-alpha5/httpcore-niossl-4.0-alpha5.jar:/home/cddev/.m2/repository/org/apache/geronimo/specs/geronimo-activation_1.1_spec/1.0-M1/geronimo-activation_1.1_spec-1.0-M1.jar:/home/cddev/.m2/repository/org/apache/ws/commons/axiom/axiom-impl/1.2.5/axiom-impl-1.2.5.jar:/home/cddev/.m2/repository/org/apache/ws/commons/axiom/axiom-dom/1.2.5/axiom-dom-1.2.5.jar:/home/cddev/.m2/repository/xalan/xalan/2.7.0/xalan-2.7.0.jar:/home/cddev/.m2/repository/org/codehaus/woodstox/wstx-asl/3.2.1/wstx-asl-3.2.1.jar:/home/cddev/.m2/repository/xerces/xercesImpl/2.8.1/xercesImpl-2.8.1.jar:/home/cddev/.m2/repository/commons-io/commons-io/1.2/commons-io-1.2.jar:/home/cddev/.m2/repository/tbc/core/jpmfxapi-core-if-1.13.9/1/jpmfxapi-core-if-1.13.9-1.jar:/home/cddev/.m2/repository/org/apache/excalibur/excalibur-bzip2-1.0a/1/excalibur-bzip2-1.0a-1.jar:/home/cddev/.m2/repository/oracle/jdbc/ojdbc14/1.4/ojdbc14-1.4.jar:/home/cddev/.m2/repository/swiftmq/swiftmq/2/swiftmq-2.jar:/home/cddev/.m2/repository/com/baxter/anchorage/abos-client-stubs/1/abos-client-stubs-1.jar:/home/cddev/.m2/repository/dcpk/dcpk/1/dcpk-1.jar:/home/cddev/.m2/repository/hotspot/hotspot/1/hotspot-1.jar:/home/cddev/.m2/repository/hit/b2bspot/b2b_spot_classes/1/b2b_spot_classes-1.jar:/home/cddev/.m2/repository/phillip/phillip/1/phillip-1.jar:/home/cddev/.m2/repository/fxall/FXAllSTP/1/FXAllSTP-1.jar:/home/cddev/.m2/repository/fxall/rtm/fxallrtm_Client/1/fxallrtm_Client-1.jar:/home/cddev/.m2/repository/doc/fx-client/1/fx-client-1.jar:/home/cddev/.m2/repository/doc/client/client/1/client-1.jar:/home/cddev/.m2/repository/doc/core/core/1/core-1.jar:/home/cddev/.m2/repository/doc/model/client-model/1/client-model-1.jar:/home/cddev/.m2/repository/ostermiller/utils/ostermillerutils_1_07_00/1.07/ostermillerutils_1_07_00-1.07.jar:/home/cddev/.m2/repository/currenex/CurrenexStp/1/CurrenexStp-1.jar:/home/cddev/.m2/repository/com/toedter/jcalendar/1.1.4/jcalendar-1.1.4.jar:/home/cddev/.m2/repository/borland/jbcl/jbcl/1/jbcl-1.jar:/home/cddev/.m2/repository/sugar/sugarSoap/1/sugarSoap-1.jar:/home/cddev/.m2/repository/jfreechart/jfreechart-1.0.13/1.0.13/jfreechart-1.0.13-1.0.13.jar:/home/cddev/.m2/repository/ich/ClientSDK/1/ClientSDK-1.jar:/home/cddev/.m2/repository/argon/argonclient/1/argonclient-1.jar:/home/cddev/.m2/repository/traiana/traiana/1/traiana-1.jar:/home/cddev/.m2/repository/drools/drools-api-5.0.1/5.0.1/drools-api-5.0.1-5.0.1.jar:/home/cddev/.m2/repository/drools/drools-core-5.0.1/5.0.1/drools-core-5.0.1-5.0.1.jar:/home/cddev/.m2/repository/jfree/jcommon/1.0.15/jcommon-1.0.15.jar:/home/cddev/.m2/repository/com/incors/kunstoff-laf/2.0.2/kunstoff-laf-2.0.2.jar:/home/cddev/.m2/repository/org/hibernate/hibernate/3.1.3/hibernate-3.1.3.jar:/home/cddev/.m2/repository/ehcache/ehcache/1.1/ehcache-1.1.jar:/home/cddev/.m2/repository/cglib/cglib/2.1_3/cglib-2.1_3.jar:/home/cddev/.m2/repository/asm/asm/1.5.3/asm-1.5.3.jar:/home/cddev/.m2/repository/asm/asm-attrs/1.5.3/asm-attrs-1.5.3.jar:/home/cddev/.m2/repository/javax/transaction/jta/1.1/jta-1.1.jar:"/>
    <property name="java.specification.name" value="Java Platform API Specification"/>
    <property name="java.class.version" value="50.0"/>
    <property name="sun.management.compiler" value="HotSpot 64-Bit Server Compiler"/>
    <property name="os.version" value="2.6.26-2-amd64"/>
    <property name="user.home" value="/home/cddev"/>
    <property name="user.timezone" value="Europe/Budapest"/>
    <property name="java.awt.printerjob" value="sun.print.PSPrinterJob"/>
    <property name="file.encoding" value="UTF-8"/>
    <property name="java.specification.version" value="1.6"/>
    <property name="user.name" value="cddev"/>
    <property name="java.class.path" value="/home/cddev/.qa/jenkins/workspace/currency-dealing/target/surefire/surefirebooter4093992735492476849.jar"/>
    <property name="java.vm.specification.version" value="1.0"/>
    <property name="sun.arch.data.model" value="64"/>
    <property name="java.home" value="/home/cddev/.qa/jdk1.6.0_24/jre"/>
    <property name="java.specification.vendor" value="Sun Microsystems Inc."/>
    <property name="user.language" value="en"/>
    <property name="java.vm.info" value="mixed mode"/>
    <property name="java.version" value="1.6.0_24"/>
    <property name="java.ext.dirs" value="/home/cddev/.qa/jdk1.6.0_24/jre/lib/ext:/usr/java/packages/lib/ext"/>
    <property name="sun.boot.class.path" value="/home/cddev/.qa/jdk1.6.0_24/jre/lib/resources.jar:/home/cddev/.qa/jdk1.6.0_24/jre/lib/rt.jar:/home/cddev/.qa/jdk1.6.0_24/jre/lib/sunrsasign.jar:/home/cddev/.qa/jdk1.6.0_24/jre/lib/jsse.jar:/home/cddev/.qa/jdk1.6.0_24/jre/lib/jce.jar:/home/cddev/.qa/jdk1.6.0_24/jre/lib/charsets.jar:/home/cddev/.qa/jdk1.6.0_24/jre/lib/modules/jdk.boot.jar:/home/cddev/.qa/jdk1.6.0_24/jre/classes"/>
    <property name="java.vendor" value="Sun Microsystems Inc."/>
    <property name="java.awt.headless" value="true"/>
    <property name="localRepository" value="/home/cddev/.m2/repository"/>
    <property name="file.separator" value="/"/>
    <property name="java.vendor.url.bug" value="http://java.sun.com/cgi-bin/bugreport.cgi"/>
    <property name="sun.cpu.endian" value="little"/>
    <property name="sun.io.unicode.encoding" value="UnicodeLittle"/>
    <property name="sun.cpu.isalist" value=""/>
  </properties>
  <testcase time="0" classname="com.baxter.fix.TestMessageSender" name="testSendAMessage"/>
  <testcase time="0" classname="com.baxter.fix.TestMessageSender" name="testSentMessagesStorage"/>
  <testcase time="0.001" classname="com.baxter.fix.TestMessageSender" name="testAddAppMessage"/>
  <testcase time="0" classname="com.baxter.fix.TestMessageSender" name="testNewAddAppMessage"/>
  <testcase time="0.001" classname="com.baxter.fix.TestMessageSender" name="testAddAppMessage2"/>
  <testcase time="0" classname="com.baxter.fix.TestMessageSender" name="testAddSessionMessage"/>
  <testcase time="0.145" classname="com.baxter.fix.TestMessageSender" name="testResendRequestOutOfMemoryError">
    <failure message="Memory usuage increased more than 0.05 percent!!!" type="junit.framework.AssertionFailedError">junit.framework.AssertionFailedError: Memory usuage increased more than 0.05 percent!!!
	at junit.framework.Assert.fail(Assert.java:47)
	at com.baxter.fix.TestMessageSender.testResendRequestOutOfMemoryError(TestMessageSender.java:468)
	at sun.reflect.NativeMethodAccessorImpl.invoke0(Native Method)
	at sun.reflect.NativeMethodAccessorImpl.invoke(NativeMethodAccessorImpl.java:39)
	at sun.reflect.DelegatingMethodAccessorImpl.invoke(DelegatingMethodAccessorImpl.java:25)
	at java.lang.reflect.Method.invoke(Method.java:597)
	at junit.framework.TestCase.runTest(TestCase.java:168)
	at junit.framework.TestCase.runBare(TestCase.java:134)
	at junit.framework.TestResult$1.protect(TestResult.java:110)
	at junit.framework.TestResult.runProtected(TestResult.java:128)
	at junit.framework.TestResult.run(TestResult.java:113)
	at junit.framework.TestCase.run(TestCase.java:124)
	at junit.framework.TestSuite.runTest(TestSuite.java:243)
	at junit.framework.TestSuite.run(TestSuite.java:238)
	at org.junit.internal.runners.JUnit38ClassRunner.run(JUnit38ClassRunner.java:83)
	at org.junit.runners.Suite.runChild(Suite.java:128)
	at org.junit.runners.Suite.runChild(Suite.java:24)
	at org.junit.runners.ParentRunner$3.run(ParentRunner.java:193)
	at org.junit.runners.ParentRunner$1.schedule(ParentRunner.java:52)
	at org.junit.runners.ParentRunner.runChildren(ParentRunner.java:191)
	at org.junit.runners.ParentRunner.access$000(ParentRunner.java:42)
	at org.junit.runners.ParentRunner$2.evaluate(ParentRunner.java:184)
	at org.junit.runners.ParentRunner.run(ParentRunner.java:236)
	at org.junit.runner.JUnitCore.run(JUnitCore.java:157)
	at org.junit.runner.JUnitCore.run(JUnitCore.java:136)
	at org.junit.runner.JUnitCore.run(JUnitCore.java:127)
	at org.apache.maven.surefire.junitcore.JUnitCoreWrapper.execute(JUnitCoreWrapper.java:52)
	at org.apache.maven.surefire.junitcore.JUnitCoreProvider.invoke(JUnitCoreProvider.java:109)
	at sun.reflect.NativeMethodAccessorImpl.invoke0(Native Method)
	at sun.reflect.NativeMethodAccessorImpl.invoke(NativeMethodAccessorImpl.java:39)
	at sun.reflect.DelegatingMethodAccessorImpl.invoke(DelegatingMethodAccessorImpl.java:25)
	at java.lang.reflect.Method.invoke(Method.java:597)
	at org.apache.maven.surefire.booter.ProviderFactory$ClassLoaderProxy.invoke(ProviderFactory.java:103)
	at $Proxy0.invoke(Unknown Source)
	at org.apache.maven.surefire.booter.SurefireStarter.invokeProvider(SurefireStarter.java:150)
	at org.apache.maven.surefire.booter.SurefireStarter.runSuitesInProcess(SurefireStarter.java:74)
	at org.apache.maven.surefire.booter.ForkedBooter.main(ForkedBooter.java:69)
</failure>
    <system-out>[2011-05-31 15:11:24,905][ERROR] - FIXSession(): config file: /conf/FIXOrderHandler.ini
[2011-05-31 15:11:24,906][ERROR] - FIXSession.loadConfigParams(): full config file

SENDER_BUFFERFULL_ALARM_DELAY=2000
CME_INIFILE=/CDv2Conf/conf/cme.ini
userUtilJNDI=env/ejb/user/UserUtil
storePendingOrdersIntoFile=true
useSynchronizationForInvokeBeanMethod=true
useMySQLForFixMessages=false
storingDirectoryOfPendingOrders=/CDv2Conf/conf/
useExtendedClOrderIdChecking=false
maxMessageProcessorNumberThread=10
openSessionHourSpot=22
closeSessionHourSpot=22
preOpenSessionHourSpot=0
dailyStartEndHourSpot=20
fridayStartEndHourSpot=22
openSessionHourFut=20
closeSessionHourFut=21
dailyStartEndHourFut=20
fridayStartEndHourFut=20
seqNumHistoryDirectory=/CDv2Conf/conf/
spotDayOrderValidityHour=20
futuresDayOrderValidityHour=22
senderID=BAXTER
Users_group_ID=FG
userSeqNoStore=/CDv2Conf/conf/FIXUserSeqs.txt
DB_ConnectionLimit=20
delayBetweenTestCalls=50000000
serverPort=6666
serverSSLPort=6677
DBINIFILE=/CDv2Conf/conf/db.ini
JMSINIFILE=/CDv2Conf/conf/jms.ini
LOG4JINIFILE=/CDv2Conf/conf/log4j_FIXOHTester.xml
appServerIP=192.168.9.33
userOrderManipulationJNDI=env/ejb/user/UserOrderManipulation
MAXIMUM_LENGTH_OF_MESSAGE=10000
SIZE_OF_SENT_MSG_CACHE=20
SIZE_OF_SESSION_MSG_CONTAINER=20
SIZE_OF_APP_MSG_CONTAINER=500
SENDING_TIME_MAX_DELAY=5000
TESTREQUEST_RESPONSE_TIMEOUT=1000
LOGON_REPLY_WAITING_TIMEOUT=3000
LOGOUT_REPLY_WAITING_TIMEOUT=6000
ACCEPTABLE_FIX_VERSIONS=FIX.4.2
DELAY_BEFORE_SHUTDOWN_TRADING_SESSION_CLOSE=1000

[2011-05-31 15:11:24,906][ERROR] - FIXSession.loadConfigParams(): maximumLengthOfMessage=10000
[2011-05-31 15:11:24,906][ERROR] - FIXSession.loadConfigParams(): sizeOfSentMsgCache=20
[2011-05-31 15:11:24,906][ERROR] - FIXSession.loadConfigParams(): sizeOfSessionMsgContainer=20
[2011-05-31 15:11:24,906][ERROR] - FIXSession.loadConfigParams(): sizeOfAppMsgContainer=500
[2011-05-31 15:11:24,906][ERROR] - FIXSession.loadConfigParams(): bufferFullAlarmDelay=2000
[2011-05-31 15:11:24,906][ERROR] - FIXSession.loadConfigParams(): sendingTimeMaxDelay=5000
[2011-05-31 15:11:24,907][ERROR] - FIXSession.loadConfigParams(): testRequestTimeout=1000
[2011-05-31 15:11:24,907][ERROR] - FIXSession.loadConfigParams(): logonReplyWaitingTimeOut=3000
[2011-05-31 15:11:24,907][ERROR] - FIXSession.loadConfigParams(): logoutReplyWaitingTimeOut=6000
[2011-05-31 15:11:24,907][ERROR] - FIXSession.loadConfigParams(): delayBeforeShutdownTradingSessionClose=1000
[2011-05-31 15:11:24,913][INFO] - ************************ Logging restarted ************************
Tue May 31 15:11:24 CEST 2011 com.baxter.fix.FIXSession VERSION: 2009.08.06.[2011-05-31 15:11:24,913][FATAL] - Tue May 31 15:11:24 CEST 2011 com.baxter.fix.FIXSession VERSION: 2009.08.06.
[2011-05-31 15:11:24,913][DEBUG] - setUpDB() is invoked...
[2011-05-31 15:11:24,914][DEBUG] - DBConnectionHandler.loadConnection() is invoked. Number of connections, Free (in the cache) : 0, Used : 0
[2011-05-31 15:11:24,918][DEBUG] - DBConnectionHandler.loadConnection() is invoked. Number of connections, Free (in the cache) : 1, Used : 0
[2011-05-31 15:11:24,923][DEBUG] - DBConnectionHandler.loadConnection() is invoked. Number of connections, Free (in the cache) : 2, Used : 0
[2011-05-31 15:11:24,928][DEBUG] - DBConnectionHandler.loadConnection() is invoked. Number of connections, Free (in the cache) : 3, Used : 0
[2011-05-31 15:11:24,942][DEBUG] - DBConnectionHandler.loadConnection() is invoked. Number of connections, Free (in the cache) : 4, Used : 0
[2011-05-31 15:11:24,946][DEBUG] - DBConnectionHandler.init() Number of connections, Free (in the cache) : 5, Used : 0
[2011-05-31 15:11:24,947][DEBUG] - DBConnectionHandler(jdbc:postgresql://192.168.9.221:5432/cdv2_junit_bax, cdv2, cdv2, 5, logger) is invoked.
[2011-05-31 15:11:24,956][DEBUG] - connectionIsUp(): LOGON, user session is added. Key: FIX
[2011-05-31 15:11:24,956][DEBUG] - connectionIsUp() entered into synchronized block!
[2011-05-31 15:11:24,959][FATAL] - !!! getUserOrderManipulationRemote(): userID: FIX
java.lang.NullPointerException
	at com.baxter.cdv2.standalone.fixgateway.OrderHandler2$SessionAndUOMBeanWrapper.getUserOrderManipulationRemote(OrderHandler2.java:2932)
	at com.baxter.cdv2.standalone.fixgateway.OrderHandler2$SessionAndUOMBeanWrapper.&lt;init&gt;(OrderHandler2.java:2923)
	at com.baxter.cdv2.standalone.fixgateway.OrderHandler2.connectionIsUp(OrderHandler2.java:1960)
	at com.baxter.fix.TestMessageSender.testResendRequestOutOfMemoryError(TestMessageSender.java:438)
	at sun.reflect.NativeMethodAccessorImpl.invoke0(Native Method)
	at sun.reflect.NativeMethodAccessorImpl.invoke(NativeMethodAccessorImpl.java:39)
	at sun.reflect.DelegatingMethodAccessorImpl.invoke(DelegatingMethodAccessorImpl.java:25)
	at java.lang.reflect.Method.invoke(Method.java:597)
	at junit.framework.TestCase.runTest(TestCase.java:168)
	at junit.framework.TestCase.runBare(TestCase.java:134)
	at junit.framework.TestResult$1.protect(TestResult.java:110)
	at junit.framework.TestResult.runProtected(TestResult.java:128)
	at junit.framework.TestResult.run(TestResult.java:113)
	at junit.framework.TestCase.run(TestCase.java:124)
	at junit.framework.TestSuite.runTest(TestSuite.java:243)
	at junit.framework.TestSuite.run(TestSuite.java:238)
	at org.junit.internal.runners.JUnit38ClassRunner.run(JUnit38ClassRunner.java:83)
	at org.junit.runners.Suite.runChild(Suite.java:128)
	at org.junit.runners.Suite.runChild(Suite.java:24)
	at org.junit.runners.ParentRunner$3.run(ParentRunner.java:193)
	at org.junit.runners.ParentRunner$1.schedule(ParentRunner.java:52)
	at org.junit.runners.ParentRunner.runChildren(ParentRunner.java:191)
	at org.junit.runners.ParentRunner.access$000(ParentRunner.java:42)
	at org.junit.runners.ParentRunner$2.evaluate(ParentRunner.java:184)
	at org.junit.runners.ParentRunner.run(ParentRunner.java:236)
	at org.junit.runner.JUnitCore.run(JUnitCore.java:157)
	at org.junit.runner.JUnitCore.run(JUnitCore.java:136)
	at org.junit.runner.JUnitCore.run(JUnitCore.java:127)
	at org.apache.maven.surefire.junitcore.JUnitCoreWrapper.execute(JUnitCoreWrapper.java:52)
	at org.apache.maven.surefire.junitcore.JUnitCoreProvider.invoke(JUnitCoreProvider.java:109)
	at sun.reflect.NativeMethodAccessorImpl.invoke0(Native Method)
	at sun.reflect.NativeMethodAccessorImpl.invoke(NativeMethodAccessorImpl.java:39)
	at sun.reflect.DelegatingMethodAccessorImpl.invoke(DelegatingMethodAccessorImpl.java:25)
	at java.lang.reflect.Method.invoke(Method.java:597)
	at org.apache.maven.surefire.booter.ProviderFactory$ClassLoaderProxy.invoke(ProviderFactory.java:103)
	at $Proxy0.invoke(Unknown Source)
	at org.apache.maven.surefire.booter.SurefireStarter.invokeProvider(SurefireStarter.java:150)
	at org.apache.maven.surefire.booter.SurefireStarter.runSuitesInProcess(SurefireStarter.java:74)
	at org.apache.maven.surefire.booter.ForkedBooter.main(ForkedBooter.java:69)
[2011-05-31 15:11:24,959][DEBUG] - sendNotSentReports() invoked.
[2011-05-31 15:11:24,959][DEBUG] - FIX getStoredFIXmsgs(): startingSequence: -1 endingSequence: -1
[2011-05-31 15:11:24,959][TRACE] - DBConnectionHandler.pop() Number of connections: Free: 4, Used : 1 processTime: 0
[2011-05-31 15:11:24,961][DEBUG] - FIXSeqNumHistoryUpdater.getLatestChangedDate() Invoked... configDirectory: null userId: FIX
[2011-05-31 15:11:24,961][DEBUG] - getFIXMsgs(): userId: FIX Timestamp: 0
[2011-05-31 15:11:24,995][TRACE] - DBConnectionHandler.push() Number of connections, Free (in the cache) : 5, Used : 0
[2011-05-31 15:11:24,995][DEBUG] - sendNotSentReports(): start sending not sent reports. size: 0 targetCompID: FIX
[2011-05-31 15:11:24,995][DEBUG] - connectionIsUp() finished! Session: com.baxter.fix.FIXSession@3747c1db Key: FIX
[2011-05-31 15:11:25,024][DEBUG] - MessageSenderWatchingThread.run(): started. TargetCompID: FIX
[2011-05-31 15:11:25,024][DEBUG] - MessageProcessor.processResendRequest(): begin: 1 end: 0 calculated end: 0 FIX com.baxter.fix.FIXSession@3747c1db
[2011-05-31 15:11:25,024][DEBUG] - FIX getStoredFIXmsgs(): startingSequence: 1 endingSequence: 0
[2011-05-31 15:11:25,024][TRACE] - DBConnectionHandler.pop() Number of connections: Free: 4, Used : 1 processTime: 0
[2011-05-31 15:11:25,024][DEBUG] - FIXSeqNumHistoryUpdater.getLatestChangedDate() Invoked... configDirectory: null userId: FIX
[2011-05-31 15:11:25,025][DEBUG] - getFIXMsgs(): userId: FIX Timestamp: 0
[2011-05-31 15:11:25,029][TRACE] - DBConnectionHandler.push() Number of connections, Free (in the cache) : 5, Used : 0
[2011-05-31 15:11:25,029][DEBUG] - MessageSender.shutdown() invoked! TargetCompID: FIX
&gt;&gt;&gt;&gt;&gt;&gt;&gt;&gt;&gt;&gt;&gt;&gt;&gt;&gt;&gt;&gt;&gt;&gt;&gt;&gt;: 0 - MemUsageChanged: Infinity 0 5 0 0[2011-05-31 15:11:25,030][DEBUG] - MessageSenderWatchingThread.run(): finished... TargetCompID: FIX
[2011-05-31 15:11:25,030][DEBUG] - MessageProcessor.processResendRequest(): message already processed -&gt; discard. MsgSeqNo: 2147483647 FIX com.baxter.fix.FIXSession@3747c1db
[2011-05-31 15:11:25,030][DEBUG] - MessageSenderWatchingThread.run(): started. TargetCompID: FIX
[2011-05-31 15:11:25,030][DEBUG] - MessageSender.shutdown() invoked! TargetCompID: FIX
[2011-05-31 15:11:25,030][DEBUG] - MessageSenderWatchingThread.run(): finished... TargetCompID: FIX
&gt;&gt;&gt;&gt;&gt;&gt;&gt;&gt;&gt;&gt;&gt;&gt;&gt;&gt;&gt;&gt;&gt;&gt;&gt;&gt;: 1 - MemUsageChanged: 1.0 0 0 0 0[2011-05-31 15:11:25,031][DEBUG] - MessageSenderWatchingThread.run(): started. TargetCompID: FIX
[2011-05-31 15:11:25,031][DEBUG] - MessageProcessor.processResendRequest(): message already processed -&gt; discard. MsgSeqNo: 2147483647 FIX com.baxter.fix.FIXSession@3747c1db
[2011-05-31 15:11:25,031][DEBUG] - MessageSender.shutdown() invoked! TargetCompID: FIX
&gt;&gt;&gt;&gt;&gt;&gt;&gt;&gt;&gt;&gt;&gt;&gt;&gt;&gt;&gt;&gt;&gt;&gt;&gt;&gt;: 2 - MemUsageChanged: 1.0 1 0 0 0[2011-05-31 15:11:25,031][DEBUG] - MessageSenderWatchingThread.run(): finished... TargetCompID: FIX
[2011-05-31 15:11:25,031][DEBUG] - MessageProcessor.processResendRequest(): message already processed -&gt; discard. MsgSeqNo: 2147483647 FIX com.baxter.fix.FIXSession@3747c1db
[2011-05-31 15:11:25,031][DEBUG] - MessageSenderWatchingThread.run(): started. TargetCompID: FIX
[2011-05-31 15:11:25,031][DEBUG] - MessageSender.shutdown() invoked! TargetCompID: FIX
&gt;&gt;&gt;&gt;&gt;&gt;&gt;&gt;&gt;&gt;&gt;&gt;&gt;&gt;&gt;&gt;&gt;&gt;&gt;&gt;: 3 - MemUsageChanged: 1.0 0 0 0 0[2011-05-31 15:11:25,031][DEBUG] - MessageSenderWatchingThread.run(): finished... TargetCompID: FIX
[2011-05-31 15:11:25,031][DEBUG] - MessageSenderWatchingThread.run(): started. TargetCompID: FIX
[2011-05-31 15:11:25,031][DEBUG] - MessageProcessor.processResendRequest(): message already processed -&gt; discard. MsgSeqNo: 2147483647 FIX com.baxter.fix.FIXSession@3747c1db
[2011-05-31 15:11:25,031][DEBUG] - MessageSender.shutdown() invoked! TargetCompID: FIX
&gt;&gt;&gt;&gt;&gt;&gt;&gt;&gt;&gt;&gt;&gt;&gt;&gt;&gt;&gt;&gt;&gt;&gt;&gt;&gt;: 4 - MemUsageChanged: 1.0 0 0 0 0[2011-05-31 15:11:25,031][DEBUG] - MessageSenderWatchingThread.run(): finished... TargetCompID: FIX
[2011-05-31 15:11:25,031][DEBUG] - MessageSenderWatchingThread.run(): started. TargetCompID: FIX
[2011-05-31 15:11:25,031][DEBUG] - MessageProcessor.processResendRequest(): message already processed -&gt; discard. MsgSeqNo: 2147483647 FIX com.baxter.fix.FIXSession@3747c1db
[2011-05-31 15:11:25,031][DEBUG] - MessageSender.shutdown() invoked! TargetCompID: FIX
&gt;&gt;&gt;&gt;&gt;&gt;&gt;&gt;&gt;&gt;&gt;&gt;&gt;&gt;&gt;&gt;&gt;&gt;&gt;&gt;: 5 - MemUsageChanged: 1.0 0 0 0 0[2011-05-31 15:11:25,031][DEBUG] - MessageSenderWatchingThread.run(): finished... TargetCompID: FIX
[2011-05-31 15:11:25,032][DEBUG] - MessageSenderWatchingThread.run(): started. TargetCompID: FIX
[2011-05-31 15:11:25,032][DEBUG] - MessageProcessor.processResendRequest(): message already processed -&gt; discard. MsgSeqNo: 2147483647 FIX com.baxter.fix.FIXSession@3747c1db
[2011-05-31 15:11:25,032][DEBUG] - MessageSender.shutdown() invoked! TargetCompID: FIX
&gt;&gt;&gt;&gt;&gt;&gt;&gt;&gt;&gt;&gt;&gt;&gt;&gt;&gt;&gt;&gt;&gt;&gt;&gt;&gt;: 6 - MemUsageChanged: 1.0 0 0 0 0[2011-05-31 15:11:25,032][DEBUG] - MessageSenderWatchingThread.run(): finished... TargetCompID: FIX
[2011-05-31 15:11:25,032][DEBUG] - MessageSenderWatchingThread.run(): started. TargetCompID: FIX
[2011-05-31 15:11:25,032][DEBUG] - MessageProcessor.processResendRequest(): message already processed -&gt; discard. MsgSeqNo: 2147483647 FIX com.baxter.fix.FIXSession@3747c1db
[2011-05-31 15:11:25,032][DEBUG] - MessageSender.shutdown() invoked! TargetCompID: FIX
&gt;&gt;&gt;&gt;&gt;&gt;&gt;&gt;&gt;&gt;&gt;&gt;&gt;&gt;&gt;&gt;&gt;&gt;&gt;&gt;: 7 - MemUsageChanged: 1.0 0 0 0 0[2011-05-31 15:11:25,032][DEBUG] - MessageSenderWatchingThread.run(): finished... TargetCompID: FIX
[2011-05-31 15:11:25,032][DEBUG] - MessageSenderWatchingThread.run(): started. TargetCompID: FIX
[2011-05-31 15:11:25,032][DEBUG] - MessageProcessor.processResendRequest(): message already processed -&gt; discard. MsgSeqNo: 2147483647 FIX com.baxter.fix.FIXSession@3747c1db
[2011-05-31 15:11:25,032][DEBUG] - MessageSender.shutdown() invoked! TargetCompID: FIX
&gt;&gt;&gt;&gt;&gt;&gt;&gt;&gt;&gt;&gt;&gt;&gt;&gt;&gt;&gt;&gt;&gt;&gt;&gt;&gt;: 8 - MemUsageChanged: 1.0 0 0 0 0[2011-05-31 15:11:25,032][DEBUG] - MessageSenderWatchingThread.run(): finished... TargetCompID: FIX
[2011-05-31 15:11:25,032][DEBUG] - MessageProcessor.processResendRequest(): message already processed -&gt; discard. MsgSeqNo: 2147483647 FIX com.baxter.fix.FIXSession@3747c1db
[2011-05-31 15:11:25,032][DEBUG] - MessageSenderWatchingThread.run(): started. TargetCompID: FIX
[2011-05-31 15:11:25,032][DEBUG] - MessageSender.shutdown() invoked! TargetCompID: FIX
&gt;&gt;&gt;&gt;&gt;&gt;&gt;&gt;&gt;&gt;&gt;&gt;&gt;&gt;&gt;&gt;&gt;&gt;&gt;&gt;: 9 - MemUsageChanged: 1.0 0 0 0 0[2011-05-31 15:11:25,033][DEBUG] - MessageSenderWatchingThread.run(): finished... TargetCompID: FIX
[2011-05-31 15:11:25,033][DEBUG] - MessageProcessor.processResendRequest(): message already processed -&gt; discard. MsgSeqNo: 2147483647 FIX com.baxter.fix.FIXSession@3747c1db
[2011-05-31 15:11:25,033][DEBUG] - MessageSenderWatchingThread.run(): started. TargetCompID: FIX
[2011-05-31 15:11:25,033][DEBUG] - MessageSender.shutdown() invoked! TargetCompID: FIX
&gt;&gt;&gt;&gt;&gt;&gt;&gt;&gt;&gt;&gt;&gt;&gt;&gt;&gt;&gt;&gt;&gt;&gt;&gt;&gt;: 10 - MemUsageChanged: 1.0 0 0 0 0[2011-05-31 15:11:25,033][DEBUG] - MessageSenderWatchingThread.run(): finished... TargetCompID: FIX
[2011-05-31 15:11:25,033][DEBUG] - MessageProcessor.processResendRequest(): message already processed -&gt; discard. MsgSeqNo: 2147483647 FIX com.baxter.fix.FIXSession@3747c1db
[2011-05-31 15:11:25,033][DEBUG] - MessageSender.shutdown() invoked! TargetCompID: FIX
&gt;&gt;&gt;&gt;&gt;&gt;&gt;&gt;&gt;&gt;&gt;&gt;&gt;&gt;&gt;&gt;&gt;&gt;&gt;&gt;: 11 - MemUsageChanged: 1.0 0 0 0 0[2011-05-31 15:11:25,033][DEBUG] - MessageSenderWatchingThread.run(): started. TargetCompID: FIX
[2011-05-31 15:11:25,033][DEBUG] - MessageSenderWatchingThread.run(): finished... TargetCompID: FIX
[2011-05-31 15:11:25,033][DEBUG] - MessageProcessor.processResendRequest(): message already processed -&gt; discard. MsgSeqNo: 2147483647 FIX com.baxter.fix.FIXSession@3747c1db
[2011-05-31 15:11:25,033][DEBUG] - MessageSender.shutdown() invoked! TargetCompID: FIX
&gt;&gt;&gt;&gt;&gt;&gt;&gt;&gt;&gt;&gt;&gt;&gt;&gt;&gt;&gt;&gt;&gt;&gt;&gt;&gt;: 12 - MemUsageChanged: 1.0 0 0 0 0[2011-05-31 15:11:25,033][DEBUG] - MessageSenderWatchingThread.run(): started. TargetCompID: FIX
[2011-05-31 15:11:25,033][DEBUG] - MessageSenderWatchingThread.run(): finished... TargetCompID: FIX
[2011-05-31 15:11:25,034][DEBUG] - MessageProcessor.processResendRequest(): message already processed -&gt; discard. MsgSeqNo: 2147483647 FIX com.baxter.fix.FIXSession@3747c1db
[2011-05-31 15:11:25,034][DEBUG] - MessageSender.shutdown() invoked! TargetCompID: FIX
&gt;&gt;&gt;&gt;&gt;&gt;&gt;&gt;&gt;&gt;&gt;&gt;&gt;&gt;&gt;&gt;&gt;&gt;&gt;&gt;: 13 - MemUsageChanged: 1.0 1 0 0 0[2011-05-31 15:11:25,034][DEBUG] - MessageSenderWatchingThread.run(): started. TargetCompID: FIX
[2011-05-31 15:11:25,034][DEBUG] - MessageSenderWatchingThread.run(): finished... TargetCompID: FIX
[2011-05-31 15:11:25,034][DEBUG] - MessageProcessor.processResendRequest(): message already processed -&gt; discard. MsgSeqNo: 2147483647 FIX com.baxter.fix.FIXSession@3747c1db
[2011-05-31 15:11:25,034][DEBUG] - MessageSender.shutdown() invoked! TargetCompID: FIX
&gt;&gt;&gt;&gt;&gt;&gt;&gt;&gt;&gt;&gt;&gt;&gt;&gt;&gt;&gt;&gt;&gt;&gt;&gt;&gt;: 14 - MemUsageChanged: 1.0 0 0 0 0[2011-05-31 15:11:25,034][DEBUG] - MessageSenderWatchingThread.run(): started. TargetCompID: FIX
[2011-05-31 15:11:25,034][DEBUG] - MessageSenderWatchingThread.run(): finished... TargetCompID: FIX
[2011-05-31 15:11:25,034][DEBUG] - MessageProcessor.processResendRequest(): message already processed -&gt; discard. MsgSeqNo: 2147483647 FIX com.baxter.fix.FIXSession@3747c1db
[2011-05-31 15:11:25,034][DEBUG] - MessageSender.shutdown() invoked! TargetCompID: FIX
&gt;&gt;&gt;&gt;&gt;&gt;&gt;&gt;&gt;&gt;&gt;&gt;&gt;&gt;&gt;&gt;&gt;&gt;&gt;&gt;: 15 - MemUsageChanged: 1.0 0 0 0 0[2011-05-31 15:11:25,034][DEBUG] - MessageSenderWatchingThread.run(): started. TargetCompID: FIX
[2011-05-31 15:11:25,034][DEBUG] - MessageSenderWatchingThread.run(): finished... TargetCompID: FIX
[2011-05-31 15:11:25,035][DEBUG] - MessageProcessor.processResendRequest(): message already processed -&gt; discard. MsgSeqNo: 2147483647 FIX com.baxter.fix.FIXSession@3747c1db
[2011-05-31 15:11:25,035][DEBUG] - MessageSender.shutdown() invoked! TargetCompID: FIX
&gt;&gt;&gt;&gt;&gt;&gt;&gt;&gt;&gt;&gt;&gt;&gt;&gt;&gt;&gt;&gt;&gt;&gt;&gt;&gt;: 16 - MemUsageChanged: 1.0 1 0 0 0[2011-05-31 15:11:25,035][DEBUG] - MessageSenderWatchingThread.run(): started. TargetCompID: FIX
[2011-05-31 15:11:25,035][DEBUG] - MessageSenderWatchingThread.run(): finished... TargetCompID: FIX
[2011-05-31 15:11:25,035][DEBUG] - MessageProcessor.processResendRequest(): message already processed -&gt; discard. MsgSeqNo: 2147483647 FIX com.baxter.fix.FIXSession@3747c1db
[2011-05-31 15:11:25,035][DEBUG] - MessageSender.shutdown() invoked! TargetCompID: FIX
&gt;&gt;&gt;&gt;&gt;&gt;&gt;&gt;&gt;&gt;&gt;&gt;&gt;&gt;&gt;&gt;&gt;&gt;&gt;&gt;: 17 - MemUsageChanged: 1.0 0 0 0 0[2011-05-31 15:11:25,035][DEBUG] - MessageSenderWatchingThread.run(): started. TargetCompID: FIX
[2011-05-31 15:11:25,035][DEBUG] - MessageSenderWatchingThread.run(): finished... TargetCompID: FIX
[2011-05-31 15:11:25,035][DEBUG] - MessageProcessor.processResendRequest(): message already processed -&gt; discard. MsgSeqNo: 2147483647 FIX com.baxter.fix.FIXSession@3747c1db
[2011-05-31 15:11:25,035][DEBUG] - MessageSender.shutdown() invoked! TargetCompID: FIX
&gt;&gt;&gt;&gt;&gt;&gt;&gt;&gt;&gt;&gt;&gt;&gt;&gt;&gt;&gt;&gt;&gt;&gt;&gt;&gt;: 18 - MemUsageChanged: 1.0 0 0 0 0[2011-05-31 15:11:25,036][DEBUG] - MessageSenderWatchingThread.run(): started. TargetCompID: FIX
[2011-05-31 15:11:25,036][DEBUG] - MessageSenderWatchingThread.run(): finished... TargetCompID: FIX
[2011-05-31 15:11:25,036][DEBUG] - MessageProcessor.processResendRequest(): message already processed -&gt; discard. MsgSeqNo: 2147483647 FIX com.baxter.fix.FIXSession@3747c1db
[2011-05-31 15:11:25,036][DEBUG] - MessageSender.shutdown() invoked! TargetCompID: FIX
&gt;&gt;&gt;&gt;&gt;&gt;&gt;&gt;&gt;&gt;&gt;&gt;&gt;&gt;&gt;&gt;&gt;&gt;&gt;&gt;: 19 - MemUsageChanged: 1.0 1 0 0 0[2011-05-31 15:11:25,036][DEBUG] - MessageSenderWatchingThread.run(): started. TargetCompID: FIX
[2011-05-31 15:11:25,036][DEBUG] - MessageSenderWatchingThread.run(): finished... TargetCompID: FIX
[2011-05-31 15:11:25,036][DEBUG] - MessageProcessor.processResendRequest(): message already processed -&gt; discard. MsgSeqNo: 2147483647 FIX com.baxter.fix.FIXSession@3747c1db
[2011-05-31 15:11:25,036][DEBUG] - MessageSender.shutdown() invoked! TargetCompID: FIX
&gt;&gt;&gt;&gt;&gt;&gt;&gt;&gt;&gt;&gt;&gt;&gt;&gt;&gt;&gt;&gt;&gt;&gt;&gt;&gt;: 20 - MemUsageChanged: 1.0 0 0 0 0[2011-05-31 15:11:25,036][DEBUG] - MessageProcessor.processResendRequest(): message already processed -&gt; discard. MsgSeqNo: 2147483647 FIX com.baxter.fix.FIXSession@3747c1db
[2011-05-31 15:11:25,036][DEBUG] - MessageSenderWatchingThread.run(): started. TargetCompID: FIX
[2011-05-31 15:11:25,036][DEBUG] - MessageSenderWatchingThread.run(): finished... TargetCompID: FIX
[2011-05-31 15:11:25,036][DEBUG] - MessageSender.shutdown() invoked! TargetCompID: FIX
&gt;&gt;&gt;&gt;&gt;&gt;&gt;&gt;&gt;&gt;&gt;&gt;&gt;&gt;&gt;&gt;&gt;&gt;&gt;&gt;: 21 - MemUsageChanged: 1.0 0 0 0 0[2011-05-31 15:11:25,036][DEBUG] - MessageSenderWatchingThread.run(): started. TargetCompID: FIX
[2011-05-31 15:11:25,037][DEBUG] - MessageSenderWatchingThread.run(): finished... TargetCompID: FIX
[2011-05-31 15:11:25,037][DEBUG] - MessageProcessor.processResendRequest(): message already processed -&gt; discard. MsgSeqNo: 2147483647 FIX com.baxter.fix.FIXSession@3747c1db
[2011-05-31 15:11:25,037][DEBUG] - MessageSender.shutdown() invoked! TargetCompID: FIX
&gt;&gt;&gt;&gt;&gt;&gt;&gt;&gt;&gt;&gt;&gt;&gt;&gt;&gt;&gt;&gt;&gt;&gt;&gt;&gt;: 22 - MemUsageChanged: 1.0 1 0 0 0[2011-05-31 15:11:25,037][DEBUG] - MessageSenderWatchingThread.run(): started. TargetCompID: FIX
[2011-05-31 15:11:25,037][DEBUG] - MessageSenderWatchingThread.run(): finished... TargetCompID: FIX
[2011-05-31 15:11:25,037][DEBUG] - MessageProcessor.processResendRequest(): message already processed -&gt; discard. MsgSeqNo: 2147483647 FIX com.baxter.fix.FIXSession@3747c1db
[2011-05-31 15:11:25,037][DEBUG] - MessageSender.shutdown() invoked! TargetCompID: FIX
&gt;&gt;&gt;&gt;&gt;&gt;&gt;&gt;&gt;&gt;&gt;&gt;&gt;&gt;&gt;&gt;&gt;&gt;&gt;&gt;: 23 - MemUsageChanged: 1.0 0 0 0 0[2011-05-31 15:11:25,037][DEBUG] - MessageSenderWatchingThread.run(): started. TargetCompID: FIX
[2011-05-31 15:11:25,037][DEBUG] - MessageSenderWatchingThread.run(): finished... TargetCompID: FIX
[2011-05-31 15:11:25,037][DEBUG] - MessageProcessor.processResendRequest(): message already processed -&gt; discard. MsgSeqNo: 2147483647 FIX com.baxter.fix.FIXSession@3747c1db
[2011-05-31 15:11:25,037][DEBUG] - MessageSender.shutdown() invoked! TargetCompID: FIX
&gt;&gt;&gt;&gt;&gt;&gt;&gt;&gt;&gt;&gt;&gt;&gt;&gt;&gt;&gt;&gt;&gt;&gt;&gt;&gt;: 24 - MemUsageChanged: 1.0 0 0 0 0[2011-05-31 15:11:25,037][DEBUG] - MessageSenderWatchingThread.run(): started. TargetCompID: FIX
[2011-05-31 15:11:25,038][DEBUG] - MessageSenderWatchingThread.run(): finished... TargetCompID: FIX
[2011-05-31 15:11:25,038][DEBUG] - MessageProcessor.processResendRequest(): message already processed -&gt; discard. MsgSeqNo: 2147483647 FIX com.baxter.fix.FIXSession@3747c1db
[2011-05-31 15:11:25,038][DEBUG] - MessageSender.shutdown() invoked! TargetCompID: FIX
&gt;&gt;&gt;&gt;&gt;&gt;&gt;&gt;&gt;&gt;&gt;&gt;&gt;&gt;&gt;&gt;&gt;&gt;&gt;&gt;: 25 - MemUsageChanged: 1.0 1 0 0 0[2011-05-31 15:11:25,038][DEBUG] - MessageSenderWatchingThread.run(): started. TargetCompID: FIX
[2011-05-31 15:11:25,038][DEBUG] - MessageSenderWatchingThread.run(): finished... TargetCompID: FIX
[2011-05-31 15:11:25,038][DEBUG] - MessageProcessor.processResendRequest(): message already processed -&gt; discard. MsgSeqNo: 2147483647 FIX com.baxter.fix.FIXSession@3747c1db
[2011-05-31 15:11:25,038][DEBUG] - MessageSender.shutdown() invoked! TargetCompID: FIX
&gt;&gt;&gt;&gt;&gt;&gt;&gt;&gt;&gt;&gt;&gt;&gt;&gt;&gt;&gt;&gt;&gt;&gt;&gt;&gt;: 26 - MemUsageChanged: 1.0 0 0 0 0[2011-05-31 15:11:25,038][DEBUG] - MessageSenderWatchingThread.run(): started. TargetCompID: FIX
[2011-05-31 15:11:25,038][DEBUG] - MessageSenderWatchingThread.run(): finished... TargetCompID: FIX
[2011-05-31 15:11:25,038][DEBUG] - MessageProcessor.processResendRequest(): message already processed -&gt; discard. MsgSeqNo: 2147483647 FIX com.baxter.fix.FIXSession@3747c1db
[2011-05-31 15:11:25,038][DEBUG] - MessageSender.shutdown() invoked! TargetCompID: FIX
&gt;&gt;&gt;&gt;&gt;&gt;&gt;&gt;&gt;&gt;&gt;&gt;&gt;&gt;&gt;&gt;&gt;&gt;&gt;&gt;: 27 - MemUsageChanged: 1.0 0 0 0 0[2011-05-31 15:11:25,038][DEBUG] - MessageSenderWatchingThread.run(): started. TargetCompID: FIX
[2011-05-31 15:11:25,038][DEBUG] - MessageSenderWatchingThread.run(): finished... TargetCompID: FIX
[2011-05-31 15:11:25,039][DEBUG] - MessageSenderWatchingThread.run(): started. TargetCompID: FIX
[2011-05-31 15:11:25,042][DEBUG] - MessageProcessor.processResendRequest(): message already processed -&gt; discard. MsgSeqNo: 2147483647 FIX com.baxter.fix.FIXSession@3747c1db
[2011-05-31 15:11:25,042][DEBUG] - MessageSender.shutdown() invoked! TargetCompID: FIX
&gt;&gt;&gt;&gt;&gt;&gt;&gt;&gt;&gt;&gt;&gt;&gt;&gt;&gt;&gt;&gt;&gt;&gt;&gt;&gt;: 28 - MemUsageChanged: 1.0 1 3 0 0[2011-05-31 15:11:25,043][DEBUG] - MessageSenderWatchingThread.run(): finished... TargetCompID: FIX
[2011-05-31 15:11:25,043][DEBUG] - MessageProcessor.processResendRequest(): message already processed -&gt; discard. MsgSeqNo: 2147483647 FIX com.baxter.fix.FIXSession@3747c1db
[2011-05-31 15:11:25,043][DEBUG] - MessageSenderWatchingThread.run(): started. TargetCompID: FIX
[2011-05-31 15:11:25,043][DEBUG] - MessageSender.shutdown() invoked! TargetCompID: FIX
&gt;&gt;&gt;&gt;&gt;&gt;&gt;&gt;&gt;&gt;&gt;&gt;&gt;&gt;&gt;&gt;&gt;&gt;&gt;&gt;: 29 - MemUsageChanged: 1.0 1 0 0 0[2011-05-31 15:11:25,043][DEBUG] - MessageSenderWatchingThread.run(): finished... TargetCompID: FIX
[2011-05-31 15:11:25,043][DEBUG] - MessageProcessor.processResendRequest(): message already processed -&gt; discard. MsgSeqNo: 2147483647 FIX com.baxter.fix.FIXSession@3747c1db
[2011-05-31 15:11:25,043][DEBUG] - MessageSenderWatchingThread.run(): started. TargetCompID: FIX
[2011-05-31 15:11:25,043][DEBUG] - MessageSender.shutdown() invoked! TargetCompID: FIX
&gt;&gt;&gt;&gt;&gt;&gt;&gt;&gt;&gt;&gt;&gt;&gt;&gt;&gt;&gt;&gt;&gt;&gt;&gt;&gt;: 30 - MemUsageChanged: 1.0 0 0 0 0[2011-05-31 15:11:25,043][DEBUG] - MessageSenderWatchingThread.run(): finished... TargetCompID: FIX
[2011-05-31 15:11:25,043][DEBUG] - MessageProcessor.processResendRequest(): message already processed -&gt; discard. MsgSeqNo: 2147483647 FIX com.baxter.fix.FIXSession@3747c1db
[2011-05-31 15:11:25,043][DEBUG] - MessageSenderWatchingThread.run(): started. TargetCompID: FIX
[2011-05-31 15:11:25,043][DEBUG] - MessageSender.shutdown() invoked! TargetCompID: FIX
&gt;&gt;&gt;&gt;&gt;&gt;&gt;&gt;&gt;&gt;&gt;&gt;&gt;&gt;&gt;&gt;&gt;&gt;&gt;&gt;: 31 - MemUsageChanged: 1.0 0 0 0 0[2011-05-31 15:11:25,043][DEBUG] - MessageSenderWatchingThread.run(): finished... TargetCompID: FIX
[2011-05-31 15:11:25,044][DEBUG] - MessageProcessor.processResendRequest(): message already processed -&gt; discard. MsgSeqNo: 2147483647 FIX com.baxter.fix.FIXSession@3747c1db
[2011-05-31 15:11:25,044][DEBUG] - MessageSenderWatchingThread.run(): started. TargetCompID: FIX
[2011-05-31 15:11:25,044][DEBUG] - MessageSender.shutdown() invoked! TargetCompID: FIX
&gt;&gt;&gt;&gt;&gt;&gt;&gt;&gt;&gt;&gt;&gt;&gt;&gt;&gt;&gt;&gt;&gt;&gt;&gt;&gt;: 32 - MemUsageChanged: 1.0 1 0 0 0[2011-05-31 15:11:25,044][DEBUG] - MessageSenderWatchingThread.run(): finished... TargetCompID: FIX
[2011-05-31 15:11:25,044][DEBUG] - MessageProcessor.processResendRequest(): message already processed -&gt; discard. MsgSeqNo: 2147483647 FIX com.baxter.fix.FIXSession@3747c1db
[2011-05-31 15:11:25,044][DEBUG] - MessageSenderWatchingThread.run(): started. TargetCompID: FIX
[2011-05-31 15:11:25,044][DEBUG] - MessageSender.shutdown() invoked! TargetCompID: FIX
&gt;&gt;&gt;&gt;&gt;&gt;&gt;&gt;&gt;&gt;&gt;&gt;&gt;&gt;&gt;&gt;&gt;&gt;&gt;&gt;: 33 - MemUsageChanged: 1.0 0 0 0 0[2011-05-31 15:11:25,044][DEBUG] - MessageSenderWatchingThread.run(): finished... TargetCompID: FIX
[2011-05-31 15:11:25,044][DEBUG] - MessageProcessor.processResendRequest(): message already processed -&gt; discard. MsgSeqNo: 2147483647 FIX com.baxter.fix.FIXSession@3747c1db
[2011-05-31 15:11:25,044][DEBUG] - MessageSenderWatchingThread.run(): started. TargetCompID: FIX
[2011-05-31 15:11:25,044][DEBUG] - MessageSender.shutdown() invoked! TargetCompID: FIX
&gt;&gt;&gt;&gt;&gt;&gt;&gt;&gt;&gt;&gt;&gt;&gt;&gt;&gt;&gt;&gt;&gt;&gt;&gt;&gt;: 34 - MemUsageChanged: 1.0 0 0 0 0[2011-05-31 15:11:25,044][DEBUG] - MessageSenderWatchingThread.run(): finished... TargetCompID: FIX
[2011-05-31 15:11:25,044][DEBUG] - MessageProcessor.processResendRequest(): message already processed -&gt; discard. MsgSeqNo: 2147483647 FIX com.baxter.fix.FIXSession@3747c1db
[2011-05-31 15:11:25,044][DEBUG] - MessageSender.shutdown() invoked! TargetCompID: FIX
&gt;&gt;&gt;&gt;&gt;&gt;&gt;&gt;&gt;&gt;&gt;&gt;&gt;&gt;&gt;&gt;&gt;&gt;&gt;&gt;: 35 - MemUsageChanged: 1.0 0 0 0 0[2011-05-31 15:11:25,045][DEBUG] - MessageSenderWatchingThread.run(): started. TargetCompID: FIX
[2011-05-31 15:11:25,045][DEBUG] - MessageSenderWatchingThread.run(): finished... TargetCompID: FIX
[2011-05-31 15:11:25,045][DEBUG] - MessageSenderWatchingThread.run(): started. TargetCompID: FIX
[2011-05-31 15:11:25,045][DEBUG] - MessageProcessor.processResendRequest(): message already processed -&gt; discard. MsgSeqNo: 2147483647 FIX com.baxter.fix.FIXSession@3747c1db
[2011-05-31 15:11:25,045][DEBUG] - MessageSender.shutdown() invoked! TargetCompID: FIX
&gt;&gt;&gt;&gt;&gt;&gt;&gt;&gt;&gt;&gt;&gt;&gt;&gt;&gt;&gt;&gt;&gt;&gt;&gt;&gt;: 36 - MemUsageChanged: 1.0 1 0 0 0[2011-05-31 15:11:25,045][DEBUG] - MessageSenderWatchingThread.run(): finished... TargetCompID: FIX
[2011-05-31 15:11:25,045][DEBUG] - MessageProcessor.processResendRequest(): message already processed -&gt; discard. MsgSeqNo: 2147483647 FIX com.baxter.fix.FIXSession@3747c1db
[2011-05-31 15:11:25,045][DEBUG] - MessageSender.shutdown() invoked! TargetCompID: FIX
&gt;&gt;&gt;&gt;&gt;&gt;&gt;&gt;&gt;&gt;&gt;&gt;&gt;&gt;&gt;&gt;&gt;&gt;&gt;&gt;: 37 - MemUsageChanged: 1.0 0 0 0 0[2011-05-31 15:11:25,045][DEBUG] - MessageSenderWatchingThread.run(): started. TargetCompID: FIX
[2011-05-31 15:11:25,045][DEBUG] - MessageSenderWatchingThread.run(): finished... TargetCompID: FIX
[2011-05-31 15:11:25,045][DEBUG] - MessageProcessor.processResendRequest(): message already processed -&gt; discard. MsgSeqNo: 2147483647 FIX com.baxter.fix.FIXSession@3747c1db
[2011-05-31 15:11:25,045][DEBUG] - MessageSenderWatchingThread.run(): started. TargetCompID: FIX
[2011-05-31 15:11:25,045][DEBUG] - MessageSender.shutdown() invoked! TargetCompID: FIX
&gt;&gt;&gt;&gt;&gt;&gt;&gt;&gt;&gt;&gt;&gt;&gt;&gt;&gt;&gt;&gt;&gt;&gt;&gt;&gt;: 38 - MemUsageChanged: 1.0 0 0 0 0[2011-05-31 15:11:25,045][DEBUG] - MessageSenderWatchingThread.run(): finished... TargetCompID: FIX
[2011-05-31 15:11:25,045][DEBUG] - MessageProcessor.processResendRequest(): message already processed -&gt; discard. MsgSeqNo: 2147483647 FIX com.baxter.fix.FIXSession@3747c1db
[2011-05-31 15:11:25,045][DEBUG] - MessageSender.shutdown() invoked! TargetCompID: FIX
&gt;&gt;&gt;&gt;&gt;&gt;&gt;&gt;&gt;&gt;&gt;&gt;&gt;&gt;&gt;&gt;&gt;&gt;&gt;&gt;: 39 - MemUsageChanged: 1.0 0 0 1 0[2011-05-31 15:11:25,046][DEBUG] - MessageSenderWatchingThread.run(): started. TargetCompID: FIX
[2011-05-31 15:11:25,046][DEBUG] - MessageSenderWatchingThread.run(): finished... TargetCompID: FIX
[2011-05-31 15:11:25,046][DEBUG] - MessageProcessor.processResendRequest(): message already processed -&gt; discard. MsgSeqNo: 2147483647 FIX com.baxter.fix.FIXSession@3747c1db
[2011-05-31 15:11:25,046][DEBUG] - MessageSenderWatchingThread.run(): started. TargetCompID: FIX
[2011-05-31 15:11:25,046][DEBUG] - MessageSender.shutdown() invoked! TargetCompID: FIX
&gt;&gt;&gt;&gt;&gt;&gt;&gt;&gt;&gt;&gt;&gt;&gt;&gt;&gt;&gt;&gt;&gt;&gt;&gt;&gt;: 40 - MemUsageChanged: 1.0 0 0 0 0[2011-05-31 15:11:25,046][DEBUG] - MessageSenderWatchingThread.run(): finished... TargetCompID: FIX
[2011-05-31 15:11:25,046][DEBUG] - MessageProcessor.processResendRequest(): message already processed -&gt; discard. MsgSeqNo: 2147483647 FIX com.baxter.fix.FIXSession@3747c1db
[2011-05-31 15:11:25,046][DEBUG] - MessageSender.shutdown() invoked! TargetCompID: FIX
&gt;&gt;&gt;&gt;&gt;&gt;&gt;&gt;&gt;&gt;&gt;&gt;&gt;&gt;&gt;&gt;&gt;&gt;&gt;&gt;: 41 - MemUsageChanged: 1.0 0 0 0 0[2011-05-31 15:11:25,046][DEBUG] - MessageSenderWatchingThread.run(): started. TargetCompID: FIX
[2011-05-31 15:11:25,046][DEBUG] - MessageSenderWatchingThread.run(): finished... TargetCompID: FIX
[2011-05-31 15:11:25,046][DEBUG] - MessageProcessor.processResendRequest(): message already processed -&gt; discard. MsgSeqNo: 2147483647 FIX com.baxter.fix.FIXSession@3747c1db
[2011-05-31 15:11:25,046][DEBUG] - MessageSenderWatchingThread.run(): started. TargetCompID: FIX
[2011-05-31 15:11:25,046][DEBUG] - MessageSender.shutdown() invoked! TargetCompID: FIX
&gt;&gt;&gt;&gt;&gt;&gt;&gt;&gt;&gt;&gt;&gt;&gt;&gt;&gt;&gt;&gt;&gt;&gt;&gt;&gt;: 42 - MemUsageChanged: 1.0 0 0 0 0[2011-05-31 15:11:25,046][DEBUG] - MessageSenderWatchingThread.run(): finished... TargetCompID: FIX
[2011-05-31 15:11:25,047][DEBUG] - MessageProcessor.processResendRequest(): message already processed -&gt; discard. MsgSeqNo: 2147483647 FIX com.baxter.fix.FIXSession@3747c1db
[2011-05-31 15:11:25,047][DEBUG] - MessageSender.shutdown() invoked! TargetCompID: FIX
&gt;&gt;&gt;&gt;&gt;&gt;&gt;&gt;&gt;&gt;&gt;&gt;&gt;&gt;&gt;&gt;&gt;&gt;&gt;&gt;: 43 - MemUsageChanged: 1.0 0 0 0 0[2011-05-31 15:11:25,047][DEBUG] - MessageSenderWatchingThread.run(): started. TargetCompID: FIX
[2011-05-31 15:11:25,047][DEBUG] - MessageSenderWatchingThread.run(): finished... TargetCompID: FIX
[2011-05-31 15:11:25,047][DEBUG] - MessageProcessor.processResendRequest(): message already processed -&gt; discard. MsgSeqNo: 2147483647 FIX com.baxter.fix.FIXSession@3747c1db
[2011-05-31 15:11:25,047][DEBUG] - MessageSenderWatchingThread.run(): started. TargetCompID: FIX
[2011-05-31 15:11:25,047][DEBUG] - MessageSender.shutdown() invoked! TargetCompID: FIX
&gt;&gt;&gt;&gt;&gt;&gt;&gt;&gt;&gt;&gt;&gt;&gt;&gt;&gt;&gt;&gt;&gt;&gt;&gt;&gt;: 44 - MemUsageChanged: 1.0 0 0 0 0[2011-05-31 15:11:25,047][DEBUG] - MessageSenderWatchingThread.run(): finished... TargetCompID: FIX
[2011-05-31 15:11:25,047][DEBUG] - MessageProcessor.processResendRequest(): message already processed -&gt; discard. MsgSeqNo: 2147483647 FIX com.baxter.fix.FIXSession@3747c1db
[2011-05-31 15:11:25,047][DEBUG] - MessageSender.shutdown() invoked! TargetCompID: FIX
&gt;&gt;&gt;&gt;&gt;&gt;&gt;&gt;&gt;&gt;&gt;&gt;&gt;&gt;&gt;&gt;&gt;&gt;&gt;&gt;: 45 - MemUsageChanged: 1.0 0 0 0 0[2011-05-31 15:11:25,047][DEBUG] - MessageSenderWatchingThread.run(): started. TargetCompID: FIX
[2011-05-31 15:11:25,047][DEBUG] - MessageSenderWatchingThread.run(): finished... TargetCompID: FIX
[2011-05-31 15:11:25,047][DEBUG] - MessageProcessor.processResendRequest(): message already processed -&gt; discard. MsgSeqNo: 2147483647 FIX com.baxter.fix.FIXSession@3747c1db
[2011-05-31 15:11:25,047][DEBUG] - MessageSenderWatchingThread.run(): started. TargetCompID: FIX
[2011-05-31 15:11:25,048][DEBUG] - MessageSender.shutdown() invoked! TargetCompID: FIX
&gt;&gt;&gt;&gt;&gt;&gt;&gt;&gt;&gt;&gt;&gt;&gt;&gt;&gt;&gt;&gt;&gt;&gt;&gt;&gt;: 46 - MemUsageChanged: 1.0 0 1 0 0[2011-05-31 15:11:25,048][DEBUG] - MessageSenderWatchingThread.run(): finished... TargetCompID: FIX
[2011-05-31 15:11:25,048][DEBUG] - MessageProcessor.processResendRequest(): message already processed -&gt; discard. MsgSeqNo: 2147483647 FIX com.baxter.fix.FIXSession@3747c1db
[2011-05-31 15:11:25,048][DEBUG] - MessageSender.shutdown() invoked! TargetCompID: FIX
&gt;&gt;&gt;&gt;&gt;&gt;&gt;&gt;&gt;&gt;&gt;&gt;&gt;&gt;&gt;&gt;&gt;&gt;&gt;&gt;: 47 - MemUsageChanged: 1.0 0 0 0 0[2011-05-31 15:11:25,048][DEBUG] - MessageSenderWatchingThread.run(): started. TargetCompID: FIX
[2011-05-31 15:11:25,048][DEBUG] - MessageSenderWatchingThread.run(): finished... TargetCompID: FIX
[2011-05-31 15:11:25,048][DEBUG] - MessageProcessor.processResendRequest(): message already processed -&gt; discard. MsgSeqNo: 2147483647 FIX com.baxter.fix.FIXSession@3747c1db
[2011-05-31 15:11:25,048][DEBUG] - MessageSenderWatchingThread.run(): started. TargetCompID: FIX
[2011-05-31 15:11:25,048][DEBUG] - MessageSender.shutdown() invoked! TargetCompID: FIX
&gt;&gt;&gt;&gt;&gt;&gt;&gt;&gt;&gt;&gt;&gt;&gt;&gt;&gt;&gt;&gt;&gt;&gt;&gt;&gt;: 48 - MemUsageChanged: 1.0 0 0 0 0[2011-05-31 15:11:25,048][DEBUG] - MessageSenderWatchingThread.run(): finished... TargetCompID: FIX
[2011-05-31 15:11:25,048][DEBUG] - MessageProcessor.processResendRequest(): message already processed -&gt; discard. MsgSeqNo: 2147483647 FIX com.baxter.fix.FIXSession@3747c1db
[2011-05-31 15:11:25,048][DEBUG] - MessageSender.shutdown() invoked! TargetCompID: FIX
&gt;&gt;&gt;&gt;&gt;&gt;&gt;&gt;&gt;&gt;&gt;&gt;&gt;&gt;&gt;&gt;&gt;&gt;&gt;&gt;: 49 - MemUsageChanged: 1.0 0 0 0 0[2011-05-31 15:11:25,049][DEBUG] - MessageSenderWatchingThread.run(): started. TargetCompID: FIX
[2011-05-31 15:11:25,049][DEBUG] - MessageSenderWatchingThread.run(): finished... TargetCompID: FIX
[2011-05-31 15:11:25,049][DEBUG] - MessageProcessor.processResendRequest(): message already processed -&gt; discard. MsgSeqNo: 2147483647 FIX com.baxter.fix.FIXSession@3747c1db
[2011-05-31 15:11:25,049][DEBUG] - MessageSender.shutdown() invoked! TargetCompID: FIX
&gt;&gt;&gt;&gt;&gt;&gt;&gt;&gt;&gt;&gt;&gt;&gt;&gt;&gt;&gt;&gt;&gt;&gt;&gt;&gt;: 50 - MemUsageChanged: 1.0 1 0 0 0[2011-05-31 15:11:25,049][DEBUG] - MessageSenderWatchingThread.run(): started. TargetCompID: FIX
[2011-05-31 15:11:25,049][DEBUG] - MessageSenderWatchingThread.run(): finished... TargetCompID: FIX
[2011-05-31 15:11:25,049][DEBUG] - MessageProcessor.processResendRequest(): message already processed -&gt; discard. MsgSeqNo: 2147483647 FIX com.baxter.fix.FIXSession@3747c1db
[2011-05-31 15:11:25,049][DEBUG] - MessageSender.shutdown() invoked! TargetCompID: FIX
&gt;&gt;&gt;&gt;&gt;&gt;&gt;&gt;&gt;&gt;&gt;&gt;&gt;&gt;&gt;&gt;&gt;&gt;&gt;&gt;: 51 - MemUsageChanged: 1.0 0 0 0 0[2011-05-31 15:11:25,049][DEBUG] - MessageSenderWatchingThread.run(): started. TargetCompID: FIX
[2011-05-31 15:11:25,049][DEBUG] - MessageSenderWatchingThread.run(): finished... TargetCompID: FIX
[2011-05-31 15:11:25,049][DEBUG] - MessageProcessor.processResendRequest(): message already processed -&gt; discard. MsgSeqNo: 2147483647 FIX com.baxter.fix.FIXSession@3747c1db
[2011-05-31 15:11:25,049][DEBUG] - MessageSender.shutdown() invoked! TargetCompID: FIX
&gt;&gt;&gt;&gt;&gt;&gt;&gt;&gt;&gt;&gt;&gt;&gt;&gt;&gt;&gt;&gt;&gt;&gt;&gt;&gt;: 52 - MemUsageChanged: 1.0 0 0 0 0[2011-05-31 15:11:25,050][DEBUG] - MessageSenderWatchingThread.run(): started. TargetCompID: FIX
[2011-05-31 15:11:25,050][DEBUG] - MessageSenderWatchingThread.run(): finished... TargetCompID: FIX
[2011-05-31 15:11:25,050][DEBUG] - MessageProcessor.processResendRequest(): message already processed -&gt; discard. MsgSeqNo: 2147483647 FIX com.baxter.fix.FIXSession@3747c1db
[2011-05-31 15:11:25,050][DEBUG] - MessageSender.shutdown() invoked! TargetCompID: FIX
&gt;&gt;&gt;&gt;&gt;&gt;&gt;&gt;&gt;&gt;&gt;&gt;&gt;&gt;&gt;&gt;&gt;&gt;&gt;&gt;: 53 - MemUsageChanged: 1.0 1 0 0 0[2011-05-31 15:11:25,050][DEBUG] - MessageSenderWatchingThread.run(): started. TargetCompID: FIX
[2011-05-31 15:11:25,050][DEBUG] - MessageSenderWatchingThread.run(): finished... TargetCompID: FIX
[2011-05-31 15:11:25,050][DEBUG] - MessageProcessor.processResendRequest(): message already processed -&gt; discard. MsgSeqNo: 2147483647 FIX com.baxter.fix.FIXSession@3747c1db
[2011-05-31 15:11:25,050][DEBUG] - MessageSender.shutdown() invoked! TargetCompID: FIX
&gt;&gt;&gt;&gt;&gt;&gt;&gt;&gt;&gt;&gt;&gt;&gt;&gt;&gt;&gt;&gt;&gt;&gt;&gt;&gt;: 54 - MemUsageChanged: 1.0 0 0 0 0[2011-05-31 15:11:25,050][DEBUG] - MessageSenderWatchingThread.run(): started. TargetCompID: FIX
[2011-05-31 15:11:25,050][DEBUG] - MessageSenderWatchingThread.run(): finished... TargetCompID: FIX
[2011-05-31 15:11:25,050][DEBUG] - MessageProcessor.processResendRequest(): message already processed -&gt; discard. MsgSeqNo: 2147483647 FIX com.baxter.fix.FIXSession@3747c1db
[2011-05-31 15:11:25,050][DEBUG] - MessageSender.shutdown() invoked! TargetCompID: FIX
&gt;&gt;&gt;&gt;&gt;&gt;&gt;&gt;&gt;&gt;&gt;&gt;&gt;&gt;&gt;&gt;&gt;&gt;&gt;&gt;: 55 - MemUsageChanged: 1.0 0 0 0 0[2011-05-31 15:11:25,050][DEBUG] - MessageSenderWatchingThread.run(): started. TargetCompID: FIX
[2011-05-31 15:11:25,051][DEBUG] - MessageSenderWatchingThread.run(): finished... TargetCompID: FIX
[2011-05-31 15:11:25,051][DEBUG] - MessageProcessor.processResendRequest(): message already processed -&gt; discard. MsgSeqNo: 2147483647 FIX com.baxter.fix.FIXSession@3747c1db
[2011-05-31 15:11:25,051][DEBUG] - MessageSender.shutdown() invoked! TargetCompID: FIX
&gt;&gt;&gt;&gt;&gt;&gt;&gt;&gt;&gt;&gt;&gt;&gt;&gt;&gt;&gt;&gt;&gt;&gt;&gt;&gt;: 56 - MemUsageChanged: 1.0 1 0 0 0[2011-05-31 15:11:25,051][DEBUG] - MessageSenderWatchingThread.run(): started. TargetCompID: FIX
[2011-05-31 15:11:25,051][DEBUG] - MessageSenderWatchingThread.run(): finished... TargetCompID: FIX
[2011-05-31 15:11:25,051][DEBUG] - MessageProcessor.processResendRequest(): message already processed -&gt; discard. MsgSeqNo: 2147483647 FIX com.baxter.fix.FIXSession@3747c1db
[2011-05-31 15:11:25,051][DEBUG] - MessageSender.shutdown() invoked! TargetCompID: FIX
&gt;&gt;&gt;&gt;&gt;&gt;&gt;&gt;&gt;&gt;&gt;&gt;&gt;&gt;&gt;&gt;&gt;&gt;&gt;&gt;: 57 - MemUsageChanged: 1.0 0 0 0 0[2011-05-31 15:11:25,051][DEBUG] - MessageSenderWatchingThread.run(): started. TargetCompID: FIX
[2011-05-31 15:11:25,051][DEBUG] - MessageSenderWatchingThread.run(): finished... TargetCompID: FIX
[2011-05-31 15:11:25,051][DEBUG] - MessageProcessor.processResendRequest(): message already processed -&gt; discard. MsgSeqNo: 2147483647 FIX com.baxter.fix.FIXSession@3747c1db
[2011-05-31 15:11:25,051][DEBUG] - MessageSender.shutdown() invoked! TargetCompID: FIX
&gt;&gt;&gt;&gt;&gt;&gt;&gt;&gt;&gt;&gt;&gt;&gt;&gt;&gt;&gt;&gt;&gt;&gt;&gt;&gt;: 58 - MemUsageChanged: 1.0 0 0 0 0[2011-05-31 15:11:25,051][DEBUG] - MessageSenderWatchingThread.run(): started. TargetCompID: FIX
[2011-05-31 15:11:25,051][DEBUG] - MessageSenderWatchingThread.run(): finished... TargetCompID: FIX
[2011-05-31 15:11:25,052][DEBUG] - MessageProcessor.processResendRequest(): message already processed -&gt; discard. MsgSeqNo: 2147483647 FIX com.baxter.fix.FIXSession@3747c1db
[2011-05-31 15:11:25,052][DEBUG] - MessageSender.shutdown() invoked! TargetCompID: FIX
&gt;&gt;&gt;&gt;&gt;&gt;&gt;&gt;&gt;&gt;&gt;&gt;&gt;&gt;&gt;&gt;&gt;&gt;&gt;&gt;: 59 - MemUsageChanged: 1.0 1 0 0 0[2011-05-31 15:11:25,052][DEBUG] - MessageSenderWatchingThread.run(): started. TargetCompID: FIX
[2011-05-31 15:11:25,052][DEBUG] - MessageSenderWatchingThread.run(): finished... TargetCompID: FIX
[2011-05-31 15:11:25,052][DEBUG] - MessageProcessor.processResendRequest(): message already processed -&gt; discard. MsgSeqNo: 2147483647 FIX com.baxter.fix.FIXSession@3747c1db
[2011-05-31 15:11:25,052][DEBUG] - MessageSender.shutdown() invoked! TargetCompID: FIX
&gt;&gt;&gt;&gt;&gt;&gt;&gt;&gt;&gt;&gt;&gt;&gt;&gt;&gt;&gt;&gt;&gt;&gt;&gt;&gt;: 60 - MemUsageChanged: 1.0 0 0 0 0[2011-05-31 15:11:25,052][DEBUG] - MessageSenderWatchingThread.run(): started. TargetCompID: FIX
[2011-05-31 15:11:25,052][DEBUG] - MessageSenderWatchingThread.run(): finished... TargetCompID: FIX
[2011-05-31 15:11:25,052][DEBUG] - MessageProcessor.processResendRequest(): message already processed -&gt; discard. MsgSeqNo: 2147483647 FIX com.baxter.fix.FIXSession@3747c1db
[2011-05-31 15:11:25,052][DEBUG] - MessageSender.shutdown() invoked! TargetCompID: FIX
&gt;&gt;&gt;&gt;&gt;&gt;&gt;&gt;&gt;&gt;&gt;&gt;&gt;&gt;&gt;&gt;&gt;&gt;&gt;&gt;: 61 - MemUsageChanged: 1.0 0 0 0 0[2011-05-31 15:11:25,052][DEBUG] - MessageProcessor.processResendRequest(): message already processed -&gt; discard. MsgSeqNo: 2147483647 FIX com.baxter.fix.FIXSession@3747c1db
[2011-05-31 15:11:25,052][DEBUG] - MessageSender.shutdown() invoked! TargetCompID: FIX
&gt;&gt;&gt;&gt;&gt;&gt;&gt;&gt;&gt;&gt;&gt;&gt;&gt;&gt;&gt;&gt;&gt;&gt;&gt;&gt;: 62 - MemUsageChanged: 1.0 0 0 0 0[2011-05-31 15:11:25,052][DEBUG] - MessageSenderWatchingThread.run(): started. TargetCompID: FIX
[2011-05-31 15:11:25,053][DEBUG] - MessageSenderWatchingThread.run(): finished... TargetCompID: FIX
[2011-05-31 15:11:25,053][DEBUG] - MessageSenderWatchingThread.run(): started. TargetCompID: FIX
[2011-05-31 15:11:25,053][DEBUG] - MessageSenderWatchingThread.run(): finished... TargetCompID: FIX
[2011-05-31 15:11:25,053][DEBUG] - MessageProcessor.processResendRequest(): message already processed -&gt; discard. MsgSeqNo: 2147483647 FIX com.baxter.fix.FIXSession@3747c1db
[2011-05-31 15:11:25,053][DEBUG] - MessageSender.shutdown() invoked! TargetCompID: FIX
&gt;&gt;&gt;&gt;&gt;&gt;&gt;&gt;&gt;&gt;&gt;&gt;&gt;&gt;&gt;&gt;&gt;&gt;&gt;&gt;: 63 - MemUsageChanged: 1.0 0 0 0 0[2011-05-31 15:11:25,053][DEBUG] - MessageProcessor.processResendRequest(): message already processed -&gt; discard. MsgSeqNo: 2147483647 FIX com.baxter.fix.FIXSession@3747c1db
[2011-05-31 15:11:25,053][DEBUG] - MessageSenderWatchingThread.run(): started. TargetCompID: FIX
[2011-05-31 15:11:25,053][DEBUG] - MessageSenderWatchingThread.run(): started. TargetCompID: FIX
[2011-05-31 15:11:25,053][DEBUG] - MessageSenderWatchingThread.run(): finished... TargetCompID: FIX
[2011-05-31 15:11:25,053][DEBUG] - MessageSender.shutdown() invoked! TargetCompID: FIX
&gt;&gt;&gt;&gt;&gt;&gt;&gt;&gt;&gt;&gt;&gt;&gt;&gt;&gt;&gt;&gt;&gt;&gt;&gt;&gt;: 64 - MemUsageChanged: 1.0 0 0 0 0[2011-05-31 15:11:25,053][DEBUG] - MessageSenderWatchingThread.run(): finished... TargetCompID: FIX
[2011-05-31 15:11:25,053][DEBUG] - MessageSenderWatchingThread.run(): started. TargetCompID: FIX
[2011-05-31 15:11:25,053][DEBUG] - MessageProcessor.processResendRequest(): message already processed -&gt; discard. MsgSeqNo: 2147483647 FIX com.baxter.fix.FIXSession@3747c1db
[2011-05-31 15:11:25,053][DEBUG] - MessageSender.shutdown() invoked! TargetCompID: FIX
&gt;&gt;&gt;&gt;&gt;&gt;&gt;&gt;&gt;&gt;&gt;&gt;&gt;&gt;&gt;&gt;&gt;&gt;&gt;&gt;: 65 - MemUsageChanged: 1.0 0 0 0 0[2011-05-31 15:11:25,053][DEBUG] - MessageSenderWatchingThread.run(): finished... TargetCompID: FIX
[2011-05-31 15:11:25,054][DEBUG] - MessageProcessor.processResendRequest(): message already processed -&gt; discard. MsgSeqNo: 2147483647 FIX com.baxter.fix.FIXSession@3747c1db
[2011-05-31 15:11:25,054][DEBUG] - MessageSenderWatchingThread.run(): started. TargetCompID: FIX
[2011-05-31 15:11:25,054][DEBUG] - MessageSender.shutdown() invoked! TargetCompID: FIX
&gt;&gt;&gt;&gt;&gt;&gt;&gt;&gt;&gt;&gt;&gt;&gt;&gt;&gt;&gt;&gt;&gt;&gt;&gt;&gt;: 66 - MemUsageChanged: 1.0 0 0 0 0[2011-05-31 15:11:25,054][DEBUG] - MessageSenderWatchingThread.run(): finished... TargetCompID: FIX
[2011-05-31 15:11:25,054][DEBUG] - MessageSenderWatchingThread.run(): started. TargetCompID: FIX
[2011-05-31 15:11:25,054][DEBUG] - MessageProcessor.processResendRequest(): message already processed -&gt; discard. MsgSeqNo: 2147483647 FIX com.baxter.fix.FIXSession@3747c1db
[2011-05-31 15:11:25,054][DEBUG] - MessageSender.shutdown() invoked! TargetCompID: FIX
&gt;&gt;&gt;&gt;&gt;&gt;&gt;&gt;&gt;&gt;&gt;&gt;&gt;&gt;&gt;&gt;&gt;&gt;&gt;&gt;: 67 - MemUsageChanged: 1.0 0 0 0 0[2011-05-31 15:11:25,054][DEBUG] - MessageSenderWatchingThread.run(): finished... TargetCompID: FIX
[2011-05-31 15:11:25,054][DEBUG] - MessageProcessor.processResendRequest(): message already processed -&gt; discard. MsgSeqNo: 2147483647 FIX com.baxter.fix.FIXSession@3747c1db
[2011-05-31 15:11:25,054][DEBUG] - MessageSenderWatchingThread.run(): started. TargetCompID: FIX
[2011-05-31 15:11:25,054][DEBUG] - MessageSender.shutdown() invoked! TargetCompID: FIX
&gt;&gt;&gt;&gt;&gt;&gt;&gt;&gt;&gt;&gt;&gt;&gt;&gt;&gt;&gt;&gt;&gt;&gt;&gt;&gt;: 68 - MemUsageChanged: 1.0 0 0 0 0[2011-05-31 15:11:25,054][DEBUG] - MessageSenderWatchingThread.run(): finished... TargetCompID: FIX
[2011-05-31 15:11:25,054][DEBUG] - MessageProcessor.processResendRequest(): message already processed -&gt; discard. MsgSeqNo: 2147483647 FIX com.baxter.fix.FIXSession@3747c1db
[2011-05-31 15:11:25,054][DEBUG] - MessageSenderWatchingThread.run(): started. TargetCompID: FIX
[2011-05-31 15:11:25,054][DEBUG] - MessageSender.shutdown() invoked! TargetCompID: FIX
&gt;&gt;&gt;&gt;&gt;&gt;&gt;&gt;&gt;&gt;&gt;&gt;&gt;&gt;&gt;&gt;&gt;&gt;&gt;&gt;: 69 - MemUsageChanged: 1.0 0 0 1 0[2011-05-31 15:11:25,055][DEBUG] - MessageSenderWatchingThread.run(): finished... TargetCompID: FIX
[2011-05-31 15:11:25,055][DEBUG] - MessageSenderWatchingThread.run(): started. TargetCompID: FIX
[2011-05-31 15:11:25,055][DEBUG] - MessageProcessor.processResendRequest(): message already processed -&gt; discard. MsgSeqNo: 2147483647 FIX com.baxter.fix.FIXSession@3747c1db
[2011-05-31 15:11:25,055][DEBUG] - MessageSender.shutdown() invoked! TargetCompID: FIX
&gt;&gt;&gt;&gt;&gt;&gt;&gt;&gt;&gt;&gt;&gt;&gt;&gt;&gt;&gt;&gt;&gt;&gt;&gt;&gt;: 70 - MemUsageChanged: 1.0 0 0 0 0[2011-05-31 15:11:25,055][DEBUG] - MessageSenderWatchingThread.run(): finished... TargetCompID: FIX
[2011-05-31 15:11:25,055][DEBUG] - MessageProcessor.processResendRequest(): message already processed -&gt; discard. MsgSeqNo: 2147483647 FIX com.baxter.fix.FIXSession@3747c1db
[2011-05-31 15:11:25,055][DEBUG] - MessageSenderWatchingThread.run(): started. TargetCompID: FIX
[2011-05-31 15:11:25,055][DEBUG] - MessageSender.shutdown() invoked! TargetCompID: FIX
&gt;&gt;&gt;&gt;&gt;&gt;&gt;&gt;&gt;&gt;&gt;&gt;&gt;&gt;&gt;&gt;&gt;&gt;&gt;&gt;: 71 - MemUsageChanged: 1.0 0 0 0 0[2011-05-31 15:11:25,055][DEBUG] - MessageSenderWatchingThread.run(): finished... TargetCompID: FIX
[2011-05-31 15:11:25,055][DEBUG] - MessageProcessor.processResendRequest(): message already processed -&gt; discard. MsgSeqNo: 2147483647 FIX com.baxter.fix.FIXSession@3747c1db
[2011-05-31 15:11:25,055][DEBUG] - MessageSenderWatchingThread.run(): started. TargetCompID: FIX
[2011-05-31 15:11:25,055][DEBUG] - MessageSender.shutdown() invoked! TargetCompID: FIX
&gt;&gt;&gt;&gt;&gt;&gt;&gt;&gt;&gt;&gt;&gt;&gt;&gt;&gt;&gt;&gt;&gt;&gt;&gt;&gt;: 72 - MemUsageChanged: 1.0 0 0 0 0[2011-05-31 15:11:25,055][DEBUG] - MessageSenderWatchingThread.run(): finished... TargetCompID: FIX
[2011-05-31 15:11:25,055][DEBUG] - MessageSenderWatchingThread.run(): started. TargetCompID: FIX
[2011-05-31 15:11:25,055][DEBUG] - MessageProcessor.processResendRequest(): message already processed -&gt; discard. MsgSeqNo: 2147483647 FIX com.baxter.fix.FIXSession@3747c1db
[2011-05-31 15:11:25,056][DEBUG] - MessageSender.shutdown() invoked! TargetCompID: FIX
&gt;&gt;&gt;&gt;&gt;&gt;&gt;&gt;&gt;&gt;&gt;&gt;&gt;&gt;&gt;&gt;&gt;&gt;&gt;&gt;: 73 - MemUsageChanged: 1.0 0 1 0 0[2011-05-31 15:11:25,056][DEBUG] - MessageSenderWatchingThread.run(): finished... TargetCompID: FIX
[2011-05-31 15:11:25,056][DEBUG] - MessageSenderWatchingThread.run(): started. TargetCompID: FIX
[2011-05-31 15:11:25,056][DEBUG] - MessageProcessor.processResendRequest(): message already processed -&gt; discard. MsgSeqNo: 2147483647 FIX com.baxter.fix.FIXSession@3747c1db
[2011-05-31 15:11:25,056][DEBUG] - MessageSender.shutdown() invoked! TargetCompID: FIX
&gt;&gt;&gt;&gt;&gt;&gt;&gt;&gt;&gt;&gt;&gt;&gt;&gt;&gt;&gt;&gt;&gt;&gt;&gt;&gt;: 74 - MemUsageChanged: 1.0 0 0 0 0[2011-05-31 15:11:25,056][DEBUG] - MessageSenderWatchingThread.run(): finished... TargetCompID: FIX
[2011-05-31 15:11:25,056][DEBUG] - MessageSenderWatchingThread.run(): started. TargetCompID: FIX
[2011-05-31 15:11:25,056][DEBUG] - MessageProcessor.processResendRequest(): message already processed -&gt; discard. MsgSeqNo: 2147483647 FIX com.baxter.fix.FIXSession@3747c1db
[2011-05-31 15:11:25,056][DEBUG] - MessageSender.shutdown() invoked! TargetCompID: FIX
&gt;&gt;&gt;&gt;&gt;&gt;&gt;&gt;&gt;&gt;&gt;&gt;&gt;&gt;&gt;&gt;&gt;&gt;&gt;&gt;: 75 - MemUsageChanged: 1.0 0 0 0 0[2011-05-31 15:11:25,056][DEBUG] - MessageSenderWatchingThread.run(): finished... TargetCompID: FIX
[2011-05-31 15:11:25,056][DEBUG] - MessageProcessor.processResendRequest(): message already processed -&gt; discard. MsgSeqNo: 2147483647 FIX com.baxter.fix.FIXSession@3747c1db
[2011-05-31 15:11:25,056][DEBUG] - MessageSenderWatchingThread.run(): started. TargetCompID: FIX
[2011-05-31 15:11:25,056][DEBUG] - MessageSender.shutdown() invoked! TargetCompID: FIX
&gt;&gt;&gt;&gt;&gt;&gt;&gt;&gt;&gt;&gt;&gt;&gt;&gt;&gt;&gt;&gt;&gt;&gt;&gt;&gt;: 76 - MemUsageChanged: 1.0 0 0 0 0[2011-05-31 15:11:25,056][DEBUG] - MessageSenderWatchingThread.run(): finished... TargetCompID: FIX
[2011-05-31 15:11:25,057][DEBUG] - MessageSenderWatchingThread.run(): started. TargetCompID: FIX
[2011-05-31 15:11:25,057][DEBUG] - MessageProcessor.processResendRequest(): message already processed -&gt; discard. MsgSeqNo: 2147483647 FIX com.baxter.fix.FIXSession@3747c1db
[2011-05-31 15:11:25,057][DEBUG] - MessageSender.shutdown() invoked! TargetCompID: FIX
&gt;&gt;&gt;&gt;&gt;&gt;&gt;&gt;&gt;&gt;&gt;&gt;&gt;&gt;&gt;&gt;&gt;&gt;&gt;&gt;: 77 - MemUsageChanged: 1.0 1 0 0 0[2011-05-31 15:11:25,057][DEBUG] - MessageSenderWatchingThread.run(): finished... TargetCompID: FIX
[2011-05-31 15:11:25,057][DEBUG] - MessageProcessor.processResendRequest(): message already processed -&gt; discard. MsgSeqNo: 2147483647 FIX com.baxter.fix.FIXSession@3747c1db
[2011-05-31 15:11:25,057][DEBUG] - MessageSenderWatchingThread.run(): started. TargetCompID: FIX
[2011-05-31 15:11:25,057][DEBUG] - MessageSender.shutdown() invoked! TargetCompID: FIX
&gt;&gt;&gt;&gt;&gt;&gt;&gt;&gt;&gt;&gt;&gt;&gt;&gt;&gt;&gt;&gt;&gt;&gt;&gt;&gt;: 78 - MemUsageChanged: 1.0 0 0 0 0[2011-05-31 15:11:25,057][DEBUG] - MessageSenderWatchingThread.run(): finished... TargetCompID: FIX
[2011-05-31 15:11:25,057][DEBUG] - MessageProcessor.processResendRequest(): message already processed -&gt; discard. MsgSeqNo: 2147483647 FIX com.baxter.fix.FIXSession@3747c1db
[2011-05-31 15:11:25,057][DEBUG] - MessageSenderWatchingThread.run(): started. TargetCompID: FIX
[2011-05-31 15:11:25,057][DEBUG] - MessageSender.shutdown() invoked! TargetCompID: FIX
&gt;&gt;&gt;&gt;&gt;&gt;&gt;&gt;&gt;&gt;&gt;&gt;&gt;&gt;&gt;&gt;&gt;&gt;&gt;&gt;: 79 - MemUsageChanged: 1.0 0 0 0 0[2011-05-31 15:11:25,057][DEBUG] - MessageSenderWatchingThread.run(): finished... TargetCompID: FIX
[2011-05-31 15:11:25,057][DEBUG] - MessageProcessor.processResendRequest(): message already processed -&gt; discard. MsgSeqNo: 2147483647 FIX com.baxter.fix.FIXSession@3747c1db
[2011-05-31 15:11:25,057][DEBUG] - MessageSenderWatchingThread.run(): started. TargetCompID: FIX
[2011-05-31 15:11:25,057][DEBUG] - MessageSender.shutdown() invoked! TargetCompID: FIX
&gt;&gt;&gt;&gt;&gt;&gt;&gt;&gt;&gt;&gt;&gt;&gt;&gt;&gt;&gt;&gt;&gt;&gt;&gt;&gt;: 80 - MemUsageChanged: 1.0 0 0 0 0[2011-05-31 15:11:25,057][DEBUG] - MessageSenderWatchingThread.run(): finished... TargetCompID: FIX
[2011-05-31 15:11:25,058][DEBUG] - MessageSenderWatchingThread.run(): started. TargetCompID: FIX
[2011-05-31 15:11:25,058][DEBUG] - MessageProcessor.processResendRequest(): message already processed -&gt; discard. MsgSeqNo: 2147483647 FIX com.baxter.fix.FIXSession@3747c1db
[2011-05-31 15:11:25,058][DEBUG] - MessageSender.shutdown() invoked! TargetCompID: FIX
&gt;&gt;&gt;&gt;&gt;&gt;&gt;&gt;&gt;&gt;&gt;&gt;&gt;&gt;&gt;&gt;&gt;&gt;&gt;&gt;: 81 - MemUsageChanged: 1.0 1 0 0 0[2011-05-31 15:11:25,058][DEBUG] - MessageSenderWatchingThread.run(): finished... TargetCompID: FIX
[2011-05-31 15:11:25,058][DEBUG] - MessageSenderWatchingThread.run(): started. TargetCompID: FIX
[2011-05-31 15:11:25,058][DEBUG] - MessageProcessor.processResendRequest(): message already processed -&gt; discard. MsgSeqNo: 2147483647 FIX com.baxter.fix.FIXSession@3747c1db
[2011-05-31 15:11:25,058][DEBUG] - MessageSender.shutdown() invoked! TargetCompID: FIX
&gt;&gt;&gt;&gt;&gt;&gt;&gt;&gt;&gt;&gt;&gt;&gt;&gt;&gt;&gt;&gt;&gt;&gt;&gt;&gt;: 82 - MemUsageChanged: 1.0 0 0 0 0[2011-05-31 15:11:25,058][DEBUG] - MessageSenderWatchingThread.run(): finished... TargetCompID: FIX
[2011-05-31 15:11:25,058][DEBUG] - MessageSenderWatchingThread.run(): started. TargetCompID: FIX
[2011-05-31 15:11:25,058][DEBUG] - MessageProcessor.processResendRequest(): message already processed -&gt; discard. MsgSeqNo: 2147483647 FIX com.baxter.fix.FIXSession@3747c1db
[2011-05-31 15:11:25,058][DEBUG] - MessageSender.shutdown() invoked! TargetCompID: FIX
&gt;&gt;&gt;&gt;&gt;&gt;&gt;&gt;&gt;&gt;&gt;&gt;&gt;&gt;&gt;&gt;&gt;&gt;&gt;&gt;: 83 - MemUsageChanged: 1.0 0 0 0 0[2011-05-31 15:11:25,058][DEBUG] - MessageSenderWatchingThread.run(): finished... TargetCompID: FIX
[2011-05-31 15:11:25,058][DEBUG] - MessageSenderWatchingThread.run(): started. TargetCompID: FIX
[2011-05-31 15:11:25,058][DEBUG] - MessageProcessor.processResendRequest(): message already processed -&gt; discard. MsgSeqNo: 2147483647 FIX com.baxter.fix.FIXSession@3747c1db
[2011-05-31 15:11:25,058][DEBUG] - MessageSender.shutdown() invoked! TargetCompID: FIX
&gt;&gt;&gt;&gt;&gt;&gt;&gt;&gt;&gt;&gt;&gt;&gt;&gt;&gt;&gt;&gt;&gt;&gt;&gt;&gt;: 84 - MemUsageChanged: 1.0 0 0 1 0[2011-05-31 15:11:25,059][DEBUG] - MessageSenderWatchingThread.run(): finished... TargetCompID: FIX
[2011-05-31 15:11:25,059][DEBUG] - MessageSenderWatchingThread.run(): started. TargetCompID: FIX
[2011-05-31 15:11:25,059][DEBUG] - MessageProcessor.processResendRequest(): message already processed -&gt; discard. MsgSeqNo: 2147483647 FIX com.baxter.fix.FIXSession@3747c1db
[2011-05-31 15:11:25,059][DEBUG] - MessageSender.shutdown() invoked! TargetCompID: FIX
&gt;&gt;&gt;&gt;&gt;&gt;&gt;&gt;&gt;&gt;&gt;&gt;&gt;&gt;&gt;&gt;&gt;&gt;&gt;&gt;: 85 - MemUsageChanged: 1.0 0 0 0 0[2011-05-31 15:11:25,059][DEBUG] - MessageSenderWatchingThread.run(): finished... TargetCompID: FIX
[2011-05-31 15:11:25,059][DEBUG] - MessageProcessor.processResendRequest(): message already processed -&gt; discard. MsgSeqNo: 2147483647 FIX com.baxter.fix.FIXSession@3747c1db
[2011-05-31 15:11:25,059][DEBUG] - MessageSenderWatchingThread.run(): started. TargetCompID: FIX
[2011-05-31 15:11:25,059][DEBUG] - MessageSender.shutdown() invoked! TargetCompID: FIX
&gt;&gt;&gt;&gt;&gt;&gt;&gt;&gt;&gt;&gt;&gt;&gt;&gt;&gt;&gt;&gt;&gt;&gt;&gt;&gt;: 86 - MemUsageChanged: 1.0 0 0 0 0[2011-05-31 15:11:25,059][DEBUG] - MessageSenderWatchingThread.run(): finished... TargetCompID: FIX
[2011-05-31 15:11:25,059][DEBUG] - MessageProcessor.processResendRequest(): message already processed -&gt; discard. MsgSeqNo: 2147483647 FIX com.baxter.fix.FIXSession@3747c1db
[2011-05-31 15:11:25,059][DEBUG] - MessageSenderWatchingThread.run(): started. TargetCompID: FIX
[2011-05-31 15:11:25,059][DEBUG] - MessageSender.shutdown() invoked! TargetCompID: FIX
&gt;&gt;&gt;&gt;&gt;&gt;&gt;&gt;&gt;&gt;&gt;&gt;&gt;&gt;&gt;&gt;&gt;&gt;&gt;&gt;: 87 - MemUsageChanged: 1.0 0 0 0 0[2011-05-31 15:11:25,059][DEBUG] - MessageSenderWatchingThread.run(): finished... TargetCompID: FIX
[2011-05-31 15:11:25,059][DEBUG] - MessageProcessor.processResendRequest(): message already processed -&gt; discard. MsgSeqNo: 2147483647 FIX com.baxter.fix.FIXSession@3747c1db
[2011-05-31 15:11:25,059][DEBUG] - MessageSenderWatchingThread.run(): started. TargetCompID: FIX
[2011-05-31 15:11:25,060][DEBUG] - MessageSender.shutdown() invoked! TargetCompID: FIX
&gt;&gt;&gt;&gt;&gt;&gt;&gt;&gt;&gt;&gt;&gt;&gt;&gt;&gt;&gt;&gt;&gt;&gt;&gt;&gt;: 88 - MemUsageChanged: 1.0 0 0 0 0[2011-05-31 15:11:25,060][DEBUG] - MessageSenderWatchingThread.run(): finished... TargetCompID: FIX
[2011-05-31 15:11:25,060][DEBUG] - MessageProcessor.processResendRequest(): message already processed -&gt; discard. MsgSeqNo: 2147483647 FIX com.baxter.fix.FIXSession@3747c1db
[2011-05-31 15:11:25,060][DEBUG] - MessageSenderWatchingThread.run(): started. TargetCompID: FIX
[2011-05-31 15:11:25,060][DEBUG] - MessageSender.shutdown() invoked! TargetCompID: FIX
&gt;&gt;&gt;&gt;&gt;&gt;&gt;&gt;&gt;&gt;&gt;&gt;&gt;&gt;&gt;&gt;&gt;&gt;&gt;&gt;: 89 - MemUsageChanged: 1.0 0 0 0 0[2011-05-31 15:11:25,060][DEBUG] - MessageSenderWatchingThread.run(): finished... TargetCompID: FIX
[2011-05-31 15:11:25,060][DEBUG] - MessageProcessor.processResendRequest(): message already processed -&gt; discard. MsgSeqNo: 2147483647 FIX com.baxter.fix.FIXSession@3747c1db
[2011-05-31 15:11:25,060][DEBUG] - MessageSenderWatchingThread.run(): started. TargetCompID: FIX
[2011-05-31 15:11:25,060][DEBUG] - MessageSender.shutdown() invoked! TargetCompID: FIX
[2011-05-31 15:11:25,060][DEBUG] - MessageSenderWatchingThread.run(): finished... TargetCompID: FIX
&gt;&gt;&gt;&gt;&gt;&gt;&gt;&gt;&gt;&gt;&gt;&gt;&gt;&gt;&gt;&gt;&gt;&gt;&gt;&gt;: 90 - MemUsageChanged: 1.0 0 0 0 0[2011-05-31 15:11:25,060][DEBUG] - MessageSenderWatchingThread.run(): started. TargetCompID: FIX
[2011-05-31 15:11:25,060][DEBUG] - MessageProcessor.processResendRequest(): message already processed -&gt; discard. MsgSeqNo: 2147483647 FIX com.baxter.fix.FIXSession@3747c1db
[2011-05-31 15:11:25,060][DEBUG] - MessageSender.shutdown() invoked! TargetCompID: FIX
&gt;&gt;&gt;&gt;&gt;&gt;&gt;&gt;&gt;&gt;&gt;&gt;&gt;&gt;&gt;&gt;&gt;&gt;&gt;&gt;: 91 - MemUsageChanged: 1.0 0 0 0 0[2011-05-31 15:11:25,060][DEBUG] - MessageSenderWatchingThread.run(): finished... TargetCompID: FIX
[2011-05-31 15:11:25,061][DEBUG] - MessageProcessor.processResendRequest(): message already processed -&gt; discard. MsgSeqNo: 2147483647 FIX com.baxter.fix.FIXSession@3747c1db
[2011-05-31 15:11:25,061][DEBUG] - MessageSenderWatchingThread.run(): started. TargetCompID: FIX
[2011-05-31 15:11:25,061][DEBUG] - MessageSender.shutdown() invoked! TargetCompID: FIX
&gt;&gt;&gt;&gt;&gt;&gt;&gt;&gt;&gt;&gt;&gt;&gt;&gt;&gt;&gt;&gt;&gt;&gt;&gt;&gt;: 92 - MemUsageChanged: 1.0 1 0 0 0[2011-05-31 15:11:25,061][DEBUG] - MessageSenderWatchingThread.run(): finished... TargetCompID: FIX
[2011-05-31 15:11:25,061][DEBUG] - MessageProcessor.processResendRequest(): message already processed -&gt; discard. MsgSeqNo: 2147483647 FIX com.baxter.fix.FIXSession@3747c1db
[2011-05-31 15:11:25,061][DEBUG] - MessageSenderWatchingThread.run(): started. TargetCompID: FIX
[2011-05-31 15:11:25,061][DEBUG] - MessageSender.shutdown() invoked! TargetCompID: FIX
&gt;&gt;&gt;&gt;&gt;&gt;&gt;&gt;&gt;&gt;&gt;&gt;&gt;&gt;&gt;&gt;&gt;&gt;&gt;&gt;: 93 - MemUsageChanged: 1.0 0 0 0 0[2011-05-31 15:11:25,061][DEBUG] - MessageSenderWatchingThread.run(): finished... TargetCompID: FIX
[2011-05-31 15:11:25,061][DEBUG] - MessageProcessor.processResendRequest(): message already processed -&gt; discard. MsgSeqNo: 2147483647 FIX com.baxter.fix.FIXSession@3747c1db
[2011-05-31 15:11:25,061][DEBUG] - MessageSenderWatchingThread.run(): started. TargetCompID: FIX
[2011-05-31 15:11:25,061][DEBUG] - MessageSender.shutdown() invoked! TargetCompID: FIX
&gt;&gt;&gt;&gt;&gt;&gt;&gt;&gt;&gt;&gt;&gt;&gt;&gt;&gt;&gt;&gt;&gt;&gt;&gt;&gt;: 94 - MemUsageChanged: 1.0 0 0 0 0[2011-05-31 15:11:25,061][DEBUG] - MessageSenderWatchingThread.run(): finished... TargetCompID: FIX
[2011-05-31 15:11:25,061][DEBUG] - MessageSenderWatchingThread.run(): started. TargetCompID: FIX
[2011-05-31 15:11:25,061][DEBUG] - MessageProcessor.processResendRequest(): message already processed -&gt; discard. MsgSeqNo: 2147483647 FIX com.baxter.fix.FIXSession@3747c1db
[2011-05-31 15:11:25,061][DEBUG] - MessageSender.shutdown() invoked! TargetCompID: FIX
&gt;&gt;&gt;&gt;&gt;&gt;&gt;&gt;&gt;&gt;&gt;&gt;&gt;&gt;&gt;&gt;&gt;&gt;&gt;&gt;: 95 - MemUsageChanged: 1.0 0 0 0 0[2011-05-31 15:11:25,061][DEBUG] - MessageSenderWatchingThread.run(): finished... TargetCompID: FIX
[2011-05-31 15:11:25,062][DEBUG] - MessageProcessor.processResendRequest(): message already processed -&gt; discard. MsgSeqNo: 2147483647 FIX com.baxter.fix.FIXSession@3747c1db
[2011-05-31 15:11:25,062][DEBUG] - MessageSenderWatchingThread.run(): started. TargetCompID: FIX
[2011-05-31 15:11:25,062][DEBUG] - MessageSender.shutdown() invoked! TargetCompID: FIX
&gt;&gt;&gt;&gt;&gt;&gt;&gt;&gt;&gt;&gt;&gt;&gt;&gt;&gt;&gt;&gt;&gt;&gt;&gt;&gt;: 96 - MemUsageChanged: 1.0 0 0 0 0[2011-05-31 15:11:25,062][DEBUG] - MessageSenderWatchingThread.run(): finished... TargetCompID: FIX
[2011-05-31 15:11:25,062][DEBUG] - MessageProcessor.processResendRequest(): message already processed -&gt; discard. MsgSeqNo: 2147483647 FIX com.baxter.fix.FIXSession@3747c1db
[2011-05-31 15:11:25,062][DEBUG] - MessageSenderWatchingThread.run(): started. TargetCompID: FIX
[2011-05-31 15:11:25,062][DEBUG] - MessageSender.shutdown() invoked! TargetCompID: FIX
&gt;&gt;&gt;&gt;&gt;&gt;&gt;&gt;&gt;&gt;&gt;&gt;&gt;&gt;&gt;&gt;&gt;&gt;&gt;&gt;: 97 - MemUsageChanged: 1.0 0 0 0 0[2011-05-31 15:11:25,062][DEBUG] - MessageSenderWatchingThread.run(): finished... TargetCompID: FIX
[2011-05-31 15:11:25,062][DEBUG] - MessageProcessor.processResendRequest(): message already processed -&gt; discard. MsgSeqNo: 2147483647 FIX com.baxter.fix.FIXSession@3747c1db
[2011-05-31 15:11:25,062][DEBUG] - MessageSenderWatchingThread.run(): started. TargetCompID: FIX
[2011-05-31 15:11:25,062][DEBUG] - MessageSender.shutdown() invoked! TargetCompID: FIX
&gt;&gt;&gt;&gt;&gt;&gt;&gt;&gt;&gt;&gt;&gt;&gt;&gt;&gt;&gt;&gt;&gt;&gt;&gt;&gt;: 98 - MemUsageChanged: 1.0 0 0 0 0[2011-05-31 15:11:25,062][DEBUG] - MessageSenderWatchingThread.run(): finished... TargetCompID: FIX
[2011-05-31 15:11:25,062][DEBUG] - MessageProcessor.processResendRequest(): message already processed -&gt; discard. MsgSeqNo: 2147483647 FIX com.baxter.fix.FIXSession@3747c1db
[2011-05-31 15:11:25,062][DEBUG] - MessageSenderWatchingThread.run(): started. TargetCompID: FIX
[2011-05-31 15:11:25,062][DEBUG] - MessageSender.shutdown() invoked! TargetCompID: FIX
&gt;&gt;&gt;&gt;&gt;&gt;&gt;&gt;&gt;&gt;&gt;&gt;&gt;&gt;&gt;&gt;&gt;&gt;&gt;&gt;: 99 - MemUsageChanged: 1.0 0 0 1 0[2011-05-31 15:11:25,063][DEBUG] - MessageSenderWatchingThread.run(): finished... TargetCompID: FIX
[2011-05-31 15:11:25,063][DEBUG] - MessageProcessor.processResendRequest(): message already processed -&gt; discard. MsgSeqNo: 2147483647 FIX com.baxter.fix.FIXSession@3747c1db
[2011-05-31 15:11:25,063][DEBUG] - MessageSenderWatchingThread.run(): started. TargetCompID: FIX
[2011-05-31 15:11:25,063][DEBUG] - MessageSender.shutdown() invoked! TargetCompID: FIX
&gt;&gt;&gt;&gt;&gt;&gt;&gt;&gt;&gt;&gt;&gt;&gt;&gt;&gt;&gt;&gt;&gt;&gt;&gt;&gt;: 100 - MemUsageChanged: 1.0 0 0 0 0[2011-05-31 15:11:25,063][DEBUG] - MessageSenderWatchingThread.run(): finished... TargetCompID: FIX
[2011-05-31 15:11:25,063][DEBUG] - MessageProcessor.processResendRequest(): message already processed -&gt; discard. MsgSeqNo: 2147483647 FIX com.baxter.fix.FIXSession@3747c1db
[2011-05-31 15:11:25,063][DEBUG] - MessageSenderWatchingThread.run(): started. TargetCompID: FIX
[2011-05-31 15:11:25,063][DEBUG] - MessageSender.shutdown() invoked! TargetCompID: FIX
&gt;&gt;&gt;&gt;&gt;&gt;&gt;&gt;&gt;&gt;&gt;&gt;&gt;&gt;&gt;&gt;&gt;&gt;&gt;&gt;: 101 - MemUsageChanged: 1.0 0 0 0 0[2011-05-31 15:11:25,063][DEBUG] - MessageSenderWatchingThread.run(): finished... TargetCompID: FIX
[2011-05-31 15:11:25,063][DEBUG] - MessageProcessor.processResendRequest(): message already processed -&gt; discard. MsgSeqNo: 2147483647 FIX com.baxter.fix.FIXSession@3747c1db
[2011-05-31 15:11:25,063][DEBUG] - MessageSenderWatchingThread.run(): started. TargetCompID: FIX
[2011-05-31 15:11:25,063][DEBUG] - MessageSender.shutdown() invoked! TargetCompID: FIX
&gt;&gt;&gt;&gt;&gt;&gt;&gt;&gt;&gt;&gt;&gt;&gt;&gt;&gt;&gt;&gt;&gt;&gt;&gt;&gt;: 102 - MemUsageChanged: 1.0 0 0 0 0[2011-05-31 15:11:25,063][DEBUG] - MessageSenderWatchingThread.run(): finished... TargetCompID: FIX
[2011-05-31 15:11:25,063][DEBUG] - MessageProcessor.processResendRequest(): message already processed -&gt; discard. MsgSeqNo: 2147483647 FIX com.baxter.fix.FIXSession@3747c1db
[2011-05-31 15:11:25,063][DEBUG] - MessageSenderWatchingThread.run(): started. TargetCompID: FIX
[2011-05-31 15:11:25,064][DEBUG] - MessageSender.shutdown() invoked! TargetCompID: FIX
&gt;&gt;&gt;&gt;&gt;&gt;&gt;&gt;&gt;&gt;&gt;&gt;&gt;&gt;&gt;&gt;&gt;&gt;&gt;&gt;: 103 - MemUsageChanged: 1.0 0 1 0 0[2011-05-31 15:11:25,064][DEBUG] - MessageSenderWatchingThread.run(): finished... TargetCompID: FIX
[2011-05-31 15:11:25,064][DEBUG] - MessageProcessor.processResendRequest(): message already processed -&gt; discard. MsgSeqNo: 2147483647 FIX com.baxter.fix.FIXSession@3747c1db
[2011-05-31 15:11:25,064][DEBUG] - MessageSenderWatchingThread.run(): started. TargetCompID: FIX
[2011-05-31 15:11:25,064][DEBUG] - MessageSender.shutdown() invoked! TargetCompID: FIX
&gt;&gt;&gt;&gt;&gt;&gt;&gt;&gt;&gt;&gt;&gt;&gt;&gt;&gt;&gt;&gt;&gt;&gt;&gt;&gt;: 104 - MemUsageChanged: 1.0 0 0 0 0[2011-05-31 15:11:25,064][DEBUG] - MessageSenderWatchingThread.run(): finished... TargetCompID: FIX
[2011-05-31 15:11:25,064][DEBUG] - MessageProcessor.processResendRequest(): message already processed -&gt; discard. MsgSeqNo: 2147483647 FIX com.baxter.fix.FIXSession@3747c1db
[2011-05-31 15:11:25,064][DEBUG] - MessageSenderWatchingThread.run(): started. TargetCompID: FIX
[2011-05-31 15:11:25,064][DEBUG] - MessageSender.shutdown() invoked! TargetCompID: FIX
&gt;&gt;&gt;&gt;&gt;&gt;&gt;&gt;&gt;&gt;&gt;&gt;&gt;&gt;&gt;&gt;&gt;&gt;&gt;&gt;: 105 - MemUsageChanged: 1.0 0 0 0 0[2011-05-31 15:11:25,064][DEBUG] - MessageSenderWatchingThread.run(): finished... TargetCompID: FIX
[2011-05-31 15:11:25,064][DEBUG] - MessageProcessor.processResendRequest(): message already processed -&gt; discard. MsgSeqNo: 2147483647 FIX com.baxter.fix.FIXSession@3747c1db
[2011-05-31 15:11:25,064][DEBUG] - MessageSenderWatchingThread.run(): started. TargetCompID: FIX
[2011-05-31 15:11:25,064][DEBUG] - MessageSender.shutdown() invoked! TargetCompID: FIX
&gt;&gt;&gt;&gt;&gt;&gt;&gt;&gt;&gt;&gt;&gt;&gt;&gt;&gt;&gt;&gt;&gt;&gt;&gt;&gt;: 106 - MemUsageChanged: 1.0 0 0 0 0[2011-05-31 15:11:25,064][DEBUG] - MessageSenderWatchingThread.run(): finished... TargetCompID: FIX
[2011-05-31 15:11:25,065][DEBUG] - MessageProcessor.processResendRequest(): message already processed -&gt; discard. MsgSeqNo: 2147483647 FIX com.baxter.fix.FIXSession@3747c1db
[2011-05-31 15:11:25,065][DEBUG] - MessageSenderWatchingThread.run(): started. TargetCompID: FIX
[2011-05-31 15:11:25,065][DEBUG] - MessageSender.shutdown() invoked! TargetCompID: FIX
&gt;&gt;&gt;&gt;&gt;&gt;&gt;&gt;&gt;&gt;&gt;&gt;&gt;&gt;&gt;&gt;&gt;&gt;&gt;&gt;: 107 - MemUsageChanged: 1.0 1 0 0 0[2011-05-31 15:11:25,065][DEBUG] - MessageSenderWatchingThread.run(): finished... TargetCompID: FIX
[2011-05-31 15:11:25,065][DEBUG] - MessageProcessor.processResendRequest(): message already processed -&gt; discard. MsgSeqNo: 2147483647 FIX com.baxter.fix.FIXSession@3747c1db
[2011-05-31 15:11:25,065][DEBUG] - MessageSenderWatchingThread.run(): started. TargetCompID: FIX
[2011-05-31 15:11:25,065][DEBUG] - MessageSender.shutdown() invoked! TargetCompID: FIX
&gt;&gt;&gt;&gt;&gt;&gt;&gt;&gt;&gt;&gt;&gt;&gt;&gt;&gt;&gt;&gt;&gt;&gt;&gt;&gt;: 108 - MemUsageChanged: 1.0 0 0 0 0[2011-05-31 15:11:25,065][DEBUG] - MessageSenderWatchingThread.run(): finished... TargetCompID: FIX
[2011-05-31 15:11:25,065][DEBUG] - MessageProcessor.processResendRequest(): message already processed -&gt; discard. MsgSeqNo: 2147483647 FIX com.baxter.fix.FIXSession@3747c1db
[2011-05-31 15:11:25,065][DEBUG] - MessageSenderWatchingThread.run(): started. TargetCompID: FIX
[2011-05-31 15:11:25,065][DEBUG] - MessageSender.shutdown() invoked! TargetCompID: FIX
&gt;&gt;&gt;&gt;&gt;&gt;&gt;&gt;&gt;&gt;&gt;&gt;&gt;&gt;&gt;&gt;&gt;&gt;&gt;&gt;: 109 - MemUsageChanged: 1.0 0 0 0 0[2011-05-31 15:11:25,065][DEBUG] - MessageSenderWatchingThread.run(): finished... TargetCompID: FIX
[2011-05-31 15:11:25,065][DEBUG] - MessageProcessor.processResendRequest(): message already processed -&gt; discard. MsgSeqNo: 2147483647 FIX com.baxter.fix.FIXSession@3747c1db
[2011-05-31 15:11:25,065][DEBUG] - MessageSenderWatchingThread.run(): started. TargetCompID: FIX
[2011-05-31 15:11:25,065][DEBUG] - MessageSender.shutdown() invoked! TargetCompID: FIX
&gt;&gt;&gt;&gt;&gt;&gt;&gt;&gt;&gt;&gt;&gt;&gt;&gt;&gt;&gt;&gt;&gt;&gt;&gt;&gt;: 110 - MemUsageChanged: 1.0 0 0 0 0[2011-05-31 15:11:25,065][DEBUG] - MessageSenderWatchingThread.run(): finished... TargetCompID: FIX
[2011-05-31 15:11:25,066][DEBUG] - MessageProcessor.processResendRequest(): message already processed -&gt; discard. MsgSeqNo: 2147483647 FIX com.baxter.fix.FIXSession@3747c1db
[2011-05-31 15:11:25,066][DEBUG] - MessageSenderWatchingThread.run(): started. TargetCompID: FIX
[2011-05-31 15:11:25,066][DEBUG] - MessageSender.shutdown() invoked! TargetCompID: FIX
[2011-05-31 15:11:25,066][DEBUG] - MessageSenderWatchingThread.run(): finished... TargetCompID: FIX
&gt;&gt;&gt;&gt;&gt;&gt;&gt;&gt;&gt;&gt;&gt;&gt;&gt;&gt;&gt;&gt;&gt;&gt;&gt;&gt;: 111 - MemUsageChanged: 1.0 0 0 0 0[2011-05-31 15:11:25,066][DEBUG] - MessageSenderWatchingThread.run(): started. TargetCompID: FIX
[2011-05-31 15:11:25,066][DEBUG] - MessageProcessor.processResendRequest(): message already processed -&gt; discard. MsgSeqNo: 2147483647 FIX com.baxter.fix.FIXSession@3747c1db
[2011-05-31 15:11:25,066][DEBUG] - MessageSender.shutdown() invoked! TargetCompID: FIX
&gt;&gt;&gt;&gt;&gt;&gt;&gt;&gt;&gt;&gt;&gt;&gt;&gt;&gt;&gt;&gt;&gt;&gt;&gt;&gt;: 112 - MemUsageChanged: 1.0 0 0 0 0[2011-05-31 15:11:25,066][DEBUG] - MessageSenderWatchingThread.run(): finished... TargetCompID: FIX
[2011-05-31 15:11:25,066][DEBUG] - MessageProcessor.processResendRequest(): message already processed -&gt; discard. MsgSeqNo: 2147483647 FIX com.baxter.fix.FIXSession@3747c1db
[2011-05-31 15:11:25,110][DEBUG] - MessageSenderWatchingThread.run(): started. TargetCompID: FIX
[2011-05-31 15:11:25,110][DEBUG] - MessageSender.shutdown() invoked! TargetCompID: FIX
[2011-05-31 15:11:25,110][DEBUG] - MessageSenderWatchingThread.run(): finished... TargetCompID: FIX
&gt;&gt;&gt;&gt;&gt;&gt;&gt;&gt;&gt;&gt;&gt;&gt;&gt;&gt;&gt;&gt;&gt;&gt;&gt;&gt;: 113 - MemUsageChanged: 1.0 0 44 0 0[2011-05-31 15:11:25,110][DEBUG] - MessageSenderWatchingThread.run(): started. TargetCompID: FIX
[2011-05-31 15:11:25,110][DEBUG] - MessageProcessor.processResendRequest(): message already processed -&gt; discard. MsgSeqNo: 2147483647 FIX com.baxter.fix.FIXSession@3747c1db
[2011-05-31 15:11:25,110][DEBUG] - MessageSender.shutdown() invoked! TargetCompID: FIX
[2011-05-31 15:11:25,110][DEBUG] - MessageSenderWatchingThread.run(): finished... TargetCompID: FIX
&gt;&gt;&gt;&gt;&gt;&gt;&gt;&gt;&gt;&gt;&gt;&gt;&gt;&gt;&gt;&gt;&gt;&gt;&gt;&gt;: 114 - MemUsageChanged: 1.0 0 0 0 0[2011-05-31 15:11:25,110][DEBUG] - MessageProcessor.processResendRequest(): message already processed -&gt; discard. MsgSeqNo: 2147483647 FIX com.baxter.fix.FIXSession@3747c1db
[2011-05-31 15:11:25,111][DEBUG] - MessageSender.shutdown() invoked! TargetCompID: FIX
&gt;&gt;&gt;&gt;&gt;&gt;&gt;&gt;&gt;&gt;&gt;&gt;&gt;&gt;&gt;&gt;&gt;&gt;&gt;&gt;: 115 - MemUsageChanged: 1.0 0 1 0 0[2011-05-31 15:11:25,111][DEBUG] - MessageSenderWatchingThread.run(): started. TargetCompID: FIX
[2011-05-31 15:11:25,111][DEBUG] - MessageSenderWatchingThread.run(): finished... TargetCompID: FIX
[2011-05-31 15:11:25,111][DEBUG] - MessageProcessor.processResendRequest(): message already processed -&gt; discard. MsgSeqNo: 2147483647 FIX com.baxter.fix.FIXSession@3747c1db
[2011-05-31 15:11:25,111][DEBUG] - MessageSenderWatchingThread.run(): started. TargetCompID: FIX
[2011-05-31 15:11:25,111][DEBUG] - MessageSender.shutdown() invoked! TargetCompID: FIX
&gt;&gt;&gt;&gt;&gt;&gt;&gt;&gt;&gt;&gt;&gt;&gt;&gt;&gt;&gt;&gt;&gt;&gt;&gt;&gt;: 116 - MemUsageChanged: 1.0 0 0 0 0[2011-05-31 15:11:25,111][DEBUG] - MessageSenderWatchingThread.run(): finished... TargetCompID: FIX
[2011-05-31 15:11:25,111][DEBUG] - MessageProcessor.processResendRequest(): message already processed -&gt; discard. MsgSeqNo: 2147483647 FIX com.baxter.fix.FIXSession@3747c1db
[2011-05-31 15:11:25,111][DEBUG] - MessageSender.shutdown() invoked! TargetCompID: FIX
&gt;&gt;&gt;&gt;&gt;&gt;&gt;&gt;&gt;&gt;&gt;&gt;&gt;&gt;&gt;&gt;&gt;&gt;&gt;&gt;: 117 - MemUsageChanged: 1.0 0 0 0 0[2011-05-31 15:11:25,111][DEBUG] - MessageSenderWatchingThread.run(): started. TargetCompID: FIX
[2011-05-31 15:11:25,111][DEBUG] - MessageSenderWatchingThread.run(): finished... TargetCompID: FIX
[2011-05-31 15:11:25,111][DEBUG] - MessageProcessor.processResendRequest(): message already processed -&gt; discard. MsgSeqNo: 2147483647 FIX com.baxter.fix.FIXSession@3747c1db
[2011-05-31 15:11:25,111][DEBUG] - MessageSenderWatchingThread.run(): started. TargetCompID: FIX
[2011-05-31 15:11:25,111][DEBUG] - MessageSender.shutdown() invoked! TargetCompID: FIX
&gt;&gt;&gt;&gt;&gt;&gt;&gt;&gt;&gt;&gt;&gt;&gt;&gt;&gt;&gt;&gt;&gt;&gt;&gt;&gt;: 118 - MemUsageChanged: 1.0 0 0 1 0[2011-05-31 15:11:25,112][DEBUG] - MessageSenderWatchingThread.run(): finished... TargetCompID: FIX
[2011-05-31 15:11:25,112][DEBUG] - MessageProcessor.processResendRequest(): message already processed -&gt; discard. MsgSeqNo: 2147483647 FIX com.baxter.fix.FIXSession@3747c1db
[2011-05-31 15:11:25,112][DEBUG] - MessageSender.shutdown() invoked! TargetCompID: FIX
&gt;&gt;&gt;&gt;&gt;&gt;&gt;&gt;&gt;&gt;&gt;&gt;&gt;&gt;&gt;&gt;&gt;&gt;&gt;&gt;: 119 - MemUsageChanged: 1.0 0 0 0 0[2011-05-31 15:11:25,112][DEBUG] - MessageSenderWatchingThread.run(): started. TargetCompID: FIX
[2011-05-31 15:11:25,112][DEBUG] - MessageSenderWatchingThread.run(): finished... TargetCompID: FIX
[2011-05-31 15:11:25,112][DEBUG] - MessageProcessor.processResendRequest(): message already processed -&gt; discard. MsgSeqNo: 2147483647 FIX com.baxter.fix.FIXSession@3747c1db
[2011-05-31 15:11:25,112][DEBUG] - MessageSenderWatchingThread.run(): started. TargetCompID: FIX
[2011-05-31 15:11:25,112][DEBUG] - MessageSender.shutdown() invoked! TargetCompID: FIX
&gt;&gt;&gt;&gt;&gt;&gt;&gt;&gt;&gt;&gt;&gt;&gt;&gt;&gt;&gt;&gt;&gt;&gt;&gt;&gt;: 120 - MemUsageChanged: 1.0 0 0 0 0[2011-05-31 15:11:25,112][DEBUG] - MessageSenderWatchingThread.run(): finished... TargetCompID: FIX
[2011-05-31 15:11:25,112][DEBUG] - MessageProcessor.processResendRequest(): message already processed -&gt; discard. MsgSeqNo: 2147483647 FIX com.baxter.fix.FIXSession@3747c1db
[2011-05-31 15:11:25,112][DEBUG] - MessageSender.shutdown() invoked! TargetCompID: FIX
&gt;&gt;&gt;&gt;&gt;&gt;&gt;&gt;&gt;&gt;&gt;&gt;&gt;&gt;&gt;&gt;&gt;&gt;&gt;&gt;: 121 - MemUsageChanged: 1.0 0 0 0 0[2011-05-31 15:11:25,112][DEBUG] - MessageSenderWatchingThread.run(): started. TargetCompID: FIX
[2011-05-31 15:11:25,112][DEBUG] - MessageSenderWatchingThread.run(): finished... TargetCompID: FIX
[2011-05-31 15:11:25,113][DEBUG] - MessageProcessor.processResendRequest(): message already processed -&gt; discard. MsgSeqNo: 2147483647 FIX com.baxter.fix.FIXSession@3747c1db
[2011-05-31 15:11:25,113][DEBUG] - MessageSender.shutdown() invoked! TargetCompID: FIX
&gt;&gt;&gt;&gt;&gt;&gt;&gt;&gt;&gt;&gt;&gt;&gt;&gt;&gt;&gt;&gt;&gt;&gt;&gt;&gt;: 122 - MemUsageChanged: 1.0 1 0 0 0[2011-05-31 15:11:25,113][DEBUG] - MessageSenderWatchingThread.run(): started. TargetCompID: FIX
[2011-05-31 15:11:25,113][DEBUG] - MessageSenderWatchingThread.run(): finished... TargetCompID: FIX
[2011-05-31 15:11:25,113][DEBUG] - MessageProcessor.processResendRequest(): message already processed -&gt; discard. MsgSeqNo: 2147483647 FIX com.baxter.fix.FIXSession@3747c1db
[2011-05-31 15:11:25,113][DEBUG] - MessageSenderWatchingThread.run(): started. TargetCompID: FIX
[2011-05-31 15:11:25,113][DEBUG] - MessageSender.shutdown() invoked! TargetCompID: FIX
&gt;&gt;&gt;&gt;&gt;&gt;&gt;&gt;&gt;&gt;&gt;&gt;&gt;&gt;&gt;&gt;&gt;&gt;&gt;&gt;: 123 - MemUsageChanged: 1.0 0 0 0 0[2011-05-31 15:11:25,113][DEBUG] - MessageSenderWatchingThread.run(): finished... TargetCompID: FIX
[2011-05-31 15:11:25,113][DEBUG] - MessageProcessor.processResendRequest(): message already processed -&gt; discard. MsgSeqNo: 2147483647 FIX com.baxter.fix.FIXSession@3747c1db
[2011-05-31 15:11:25,113][DEBUG] - MessageSenderWatchingThread.run(): started. TargetCompID: FIX
[2011-05-31 15:11:25,113][DEBUG] - MessageSender.shutdown() invoked! TargetCompID: FIX
&gt;&gt;&gt;&gt;&gt;&gt;&gt;&gt;&gt;&gt;&gt;&gt;&gt;&gt;&gt;&gt;&gt;&gt;&gt;&gt;: 124 - MemUsageChanged: 1.0 0 0 0 0[2011-05-31 15:11:25,113][DEBUG] - MessageSenderWatchingThread.run(): finished... TargetCompID: FIX
[2011-05-31 15:11:25,113][DEBUG] - MessageProcessor.processResendRequest(): message already processed -&gt; discard. MsgSeqNo: 2147483647 FIX com.baxter.fix.FIXSession@3747c1db
[2011-05-31 15:11:25,113][DEBUG] - MessageSenderWatchingThread.run(): started. TargetCompID: FIX
[2011-05-31 15:11:25,113][DEBUG] - MessageSender.shutdown() invoked! TargetCompID: FIX
&gt;&gt;&gt;&gt;&gt;&gt;&gt;&gt;&gt;&gt;&gt;&gt;&gt;&gt;&gt;&gt;&gt;&gt;&gt;&gt;: 125 - MemUsageChanged: 1.0 0 0 1 0[2011-05-31 15:11:25,114][DEBUG] - MessageSenderWatchingThread.run(): finished... TargetCompID: FIX
[2011-05-31 15:11:25,114][DEBUG] - MessageProcessor.processResendRequest(): message already processed -&gt; discard. MsgSeqNo: 2147483647 FIX com.baxter.fix.FIXSession@3747c1db
[2011-05-31 15:11:25,114][DEBUG] - MessageSenderWatchingThread.run(): started. TargetCompID: FIX
[2011-05-31 15:11:25,114][DEBUG] - MessageSender.shutdown() invoked! TargetCompID: FIX
&gt;&gt;&gt;&gt;&gt;&gt;&gt;&gt;&gt;&gt;&gt;&gt;&gt;&gt;&gt;&gt;&gt;&gt;&gt;&gt;: 126 - MemUsageChanged: 1.0 0 0 0 0[2011-05-31 15:11:25,114][DEBUG] - MessageSenderWatchingThread.run(): finished... TargetCompID: FIX
[2011-05-31 15:11:25,114][DEBUG] - MessageProcessor.processResendRequest(): message already processed -&gt; discard. MsgSeqNo: 2147483647 FIX com.baxter.fix.FIXSession@3747c1db
[2011-05-31 15:11:25,114][DEBUG] - MessageSenderWatchingThread.run(): started. TargetCompID: FIX
[2011-05-31 15:11:25,114][DEBUG] - MessageSender.shutdown() invoked! TargetCompID: FIX
&gt;&gt;&gt;&gt;&gt;&gt;&gt;&gt;&gt;&gt;&gt;&gt;&gt;&gt;&gt;&gt;&gt;&gt;&gt;&gt;: 127 - MemUsageChanged: 1.0 0 0 0 0[2011-05-31 15:11:25,114][DEBUG] - MessageSenderWatchingThread.run(): finished... TargetCompID: FIX
[2011-05-31 15:11:25,114][DEBUG] - MessageProcessor.processResendRequest(): message already processed -&gt; discard. MsgSeqNo: 2147483647 FIX com.baxter.fix.FIXSession@3747c1db
[2011-05-31 15:11:25,114][DEBUG] - MessageSenderWatchingThread.run(): started. TargetCompID: FIX
[2011-05-31 15:11:25,114][DEBUG] - MessageSender.shutdown() invoked! TargetCompID: FIX
&gt;&gt;&gt;&gt;&gt;&gt;&gt;&gt;&gt;&gt;&gt;&gt;&gt;&gt;&gt;&gt;&gt;&gt;&gt;&gt;: 128 - MemUsageChanged: 1.0 0 0 0 0[2011-05-31 15:11:25,114][DEBUG] - MessageSenderWatchingThread.run(): finished... TargetCompID: FIX
[2011-05-31 15:11:25,114][DEBUG] - MessageSenderWatchingThread.run(): started. TargetCompID: FIX
[2011-05-31 15:11:25,114][DEBUG] - MessageProcessor.processResendRequest(): message already processed -&gt; discard. MsgSeqNo: 2147483647 FIX com.baxter.fix.FIXSession@3747c1db
[2011-05-31 15:11:25,115][DEBUG] - MessageSender.shutdown() invoked! TargetCompID: FIX
&gt;&gt;&gt;&gt;&gt;&gt;&gt;&gt;&gt;&gt;&gt;&gt;&gt;&gt;&gt;&gt;&gt;&gt;&gt;&gt;: 129 - MemUsageChanged: 1.0 0 1 0 0[2011-05-31 15:11:25,115][DEBUG] - MessageSenderWatchingThread.run(): finished... TargetCompID: FIX
[2011-05-31 15:11:25,115][DEBUG] - MessageSenderWatchingThread.run(): started. TargetCompID: FIX
[2011-05-31 15:11:25,115][DEBUG] - MessageProcessor.processResendRequest(): message already processed -&gt; discard. MsgSeqNo: 2147483647 FIX com.baxter.fix.FIXSession@3747c1db
[2011-05-31 15:11:25,115][DEBUG] - MessageSender.shutdown() invoked! TargetCompID: FIX
&gt;&gt;&gt;&gt;&gt;&gt;&gt;&gt;&gt;&gt;&gt;&gt;&gt;&gt;&gt;&gt;&gt;&gt;&gt;&gt;: 130 - MemUsageChanged: 1.0 0 0 0 0[2011-05-31 15:11:25,115][DEBUG] - MessageSenderWatchingThread.run(): finished... TargetCompID: FIX
[2011-05-31 15:11:25,115][DEBUG] - MessageProcessor.processResendRequest(): message already processed -&gt; discard. MsgSeqNo: 2147483647 FIX com.baxter.fix.FIXSession@3747c1db
[2011-05-31 15:11:25,115][DEBUG] - MessageSenderWatchingThread.run(): started. TargetCompID: FIX
[2011-05-31 15:11:25,115][DEBUG] - MessageSender.shutdown() invoked! TargetCompID: FIX
&gt;&gt;&gt;&gt;&gt;&gt;&gt;&gt;&gt;&gt;&gt;&gt;&gt;&gt;&gt;&gt;&gt;&gt;&gt;&gt;: 131 - MemUsageChanged: 1.0 0 0 0 0[2011-05-31 15:11:25,115][DEBUG] - MessageSenderWatchingThread.run(): finished... TargetCompID: FIX
[2011-05-31 15:11:25,115][DEBUG] - MessageProcessor.processResendRequest(): message already processed -&gt; discard. MsgSeqNo: 2147483647 FIX com.baxter.fix.FIXSession@3747c1db
[2011-05-31 15:11:25,115][DEBUG] - MessageSenderWatchingThread.run(): started. TargetCompID: FIX
[2011-05-31 15:11:25,115][DEBUG] - MessageSender.shutdown() invoked! TargetCompID: FIX
&gt;&gt;&gt;&gt;&gt;&gt;&gt;&gt;&gt;&gt;&gt;&gt;&gt;&gt;&gt;&gt;&gt;&gt;&gt;&gt;: 132 - MemUsageChanged: 1.0 0 0 0 0[2011-05-31 15:11:25,115][DEBUG] - MessageSenderWatchingThread.run(): finished... TargetCompID: FIX
[2011-05-31 15:11:25,115][DEBUG] - MessageProcessor.processResendRequest(): message already processed -&gt; discard. MsgSeqNo: 2147483647 FIX com.baxter.fix.FIXSession@3747c1db
[2011-05-31 15:11:25,115][DEBUG] - MessageSenderWatchingThread.run(): started. TargetCompID: FIX
[2011-05-31 15:11:25,116][DEBUG] - MessageSender.shutdown() invoked! TargetCompID: FIX
&gt;&gt;&gt;&gt;&gt;&gt;&gt;&gt;&gt;&gt;&gt;&gt;&gt;&gt;&gt;&gt;&gt;&gt;&gt;&gt;: 133 - MemUsageChanged: 1.0 0 1 0 0[2011-05-31 15:11:25,116][DEBUG] - MessageSenderWatchingThread.run(): finished... TargetCompID: FIX
[2011-05-31 15:11:25,116][DEBUG] - MessageProcessor.processResendRequest(): message already processed -&gt; discard. MsgSeqNo: 2147483647 FIX com.baxter.fix.FIXSession@3747c1db
[2011-05-31 15:11:25,116][DEBUG] - MessageSenderWatchingThread.run(): started. TargetCompID: FIX
[2011-05-31 15:11:25,116][DEBUG] - MessageSender.shutdown() invoked! TargetCompID: FIX
&gt;&gt;&gt;&gt;&gt;&gt;&gt;&gt;&gt;&gt;&gt;&gt;&gt;&gt;&gt;&gt;&gt;&gt;&gt;&gt;: 134 - MemUsageChanged: 1.0 0 0 0 0[2011-05-31 15:11:25,116][DEBUG] - MessageSenderWatchingThread.run(): finished... TargetCompID: FIX
[2011-05-31 15:11:25,116][DEBUG] - MessageProcessor.processResendRequest(): message already processed -&gt; discard. MsgSeqNo: 2147483647 FIX com.baxter.fix.FIXSession@3747c1db
[2011-05-31 15:11:25,116][DEBUG] - MessageSenderWatchingThread.run(): started. TargetCompID: FIX
[2011-05-31 15:11:25,116][DEBUG] - MessageSender.shutdown() invoked! TargetCompID: FIX
[2011-05-31 15:11:25,116][DEBUG] - MessageSenderWatchingThread.run(): finished... TargetCompID: FIX
&gt;&gt;&gt;&gt;&gt;&gt;&gt;&gt;&gt;&gt;&gt;&gt;&gt;&gt;&gt;&gt;&gt;&gt;&gt;&gt;: 135 - MemUsageChanged: 1.0 0 0 0 0[2011-05-31 15:11:25,116][DEBUG] - MessageSenderWatchingThread.run(): started. TargetCompID: FIX
[2011-05-31 15:11:25,116][DEBUG] - MessageProcessor.processResendRequest(): message already processed -&gt; discard. MsgSeqNo: 2147483647 FIX com.baxter.fix.FIXSession@3747c1db
[2011-05-31 15:11:25,116][DEBUG] - MessageSender.shutdown() invoked! TargetCompID: FIX
&gt;&gt;&gt;&gt;&gt;&gt;&gt;&gt;&gt;&gt;&gt;&gt;&gt;&gt;&gt;&gt;&gt;&gt;&gt;&gt;: 136 - MemUsageChanged: 1.0 0 0 0 0[2011-05-31 15:11:25,116][DEBUG] - MessageSenderWatchingThread.run(): finished... TargetCompID: FIX
[2011-05-31 15:11:25,117][DEBUG] - MessageProcessor.processResendRequest(): message already processed -&gt; discard. MsgSeqNo: 2147483647 FIX com.baxter.fix.FIXSession@3747c1db
[2011-05-31 15:11:25,117][DEBUG] - MessageSenderWatchingThread.run(): started. TargetCompID: FIX
[2011-05-31 15:11:25,117][DEBUG] - MessageSender.shutdown() invoked! TargetCompID: FIX
&gt;&gt;&gt;&gt;&gt;&gt;&gt;&gt;&gt;&gt;&gt;&gt;&gt;&gt;&gt;&gt;&gt;&gt;&gt;&gt;: 137 - MemUsageChanged: 1.0 1 0 0 0[2011-05-31 15:11:25,117][DEBUG] - MessageSenderWatchingThread.run(): finished... TargetCompID: FIX
[2011-05-31 15:11:25,117][DEBUG] - MessageProcessor.processResendRequest(): message already processed -&gt; discard. MsgSeqNo: 2147483647 FIX com.baxter.fix.FIXSession@3747c1db
[2011-05-31 15:11:25,117][DEBUG] - MessageSenderWatchingThread.run(): started. TargetCompID: FIX
[2011-05-31 15:11:25,117][DEBUG] - MessageSender.shutdown() invoked! TargetCompID: FIX
&gt;&gt;&gt;&gt;&gt;&gt;&gt;&gt;&gt;&gt;&gt;&gt;&gt;&gt;&gt;&gt;&gt;&gt;&gt;&gt;: 138 - MemUsageChanged: 1.0 0 0 0 0[2011-05-31 15:11:25,117][DEBUG] - MessageSenderWatchingThread.run(): finished... TargetCompID: FIX
[2011-05-31 15:11:25,117][DEBUG] - MessageProcessor.processResendRequest(): message already processed -&gt; discard. MsgSeqNo: 2147483647 FIX com.baxter.fix.FIXSession@3747c1db
[2011-05-31 15:11:25,117][DEBUG] - MessageSenderWatchingThread.run(): started. TargetCompID: FIX
[2011-05-31 15:11:25,117][DEBUG] - MessageSender.shutdown() invoked! TargetCompID: FIX
&gt;&gt;&gt;&gt;&gt;&gt;&gt;&gt;&gt;&gt;&gt;&gt;&gt;&gt;&gt;&gt;&gt;&gt;&gt;&gt;: 139 - MemUsageChanged: 1.0 0 0 0 0[2011-05-31 15:11:25,117][DEBUG] - MessageSenderWatchingThread.run(): finished... TargetCompID: FIX
[2011-05-31 15:11:25,117][DEBUG] - MessageProcessor.processResendRequest(): message already processed -&gt; discard. MsgSeqNo: 2147483647 FIX com.baxter.fix.FIXSession@3747c1db
[2011-05-31 15:11:25,117][DEBUG] - MessageSenderWatchingThread.run(): started. TargetCompID: FIX
[2011-05-31 15:11:25,117][DEBUG] - MessageSender.shutdown() invoked! TargetCompID: FIX
&gt;&gt;&gt;&gt;&gt;&gt;&gt;&gt;&gt;&gt;&gt;&gt;&gt;&gt;&gt;&gt;&gt;&gt;&gt;&gt;: 140 - MemUsageChanged: 1.0 0 0 0 0[2011-05-31 15:11:25,117][DEBUG] - MessageSenderWatchingThread.run(): finished... TargetCompID: FIX
[2011-05-31 15:11:25,118][DEBUG] - MessageProcessor.processResendRequest(): message already processed -&gt; discard. MsgSeqNo: 2147483647 FIX com.baxter.fix.FIXSession@3747c1db
[2011-05-31 15:11:25,118][DEBUG] - MessageSenderWatchingThread.run(): started. TargetCompID: FIX
[2011-05-31 15:11:25,118][DEBUG] - MessageSender.shutdown() invoked! TargetCompID: FIX
&gt;&gt;&gt;&gt;&gt;&gt;&gt;&gt;&gt;&gt;&gt;&gt;&gt;&gt;&gt;&gt;&gt;&gt;&gt;&gt;: 141 - MemUsageChanged: 1.0 1 0 0 0[2011-05-31 15:11:25,118][DEBUG] - MessageSenderWatchingThread.run(): finished... TargetCompID: FIX
[2011-05-31 15:11:25,118][DEBUG] - MessageProcessor.processResendRequest(): message already processed -&gt; discard. MsgSeqNo: 2147483647 FIX com.baxter.fix.FIXSession@3747c1db
[2011-05-31 15:11:25,118][DEBUG] - MessageSenderWatchingThread.run(): started. TargetCompID: FIX
[2011-05-31 15:11:25,118][DEBUG] - MessageSender.shutdown() invoked! TargetCompID: FIX
&gt;&gt;&gt;&gt;&gt;&gt;&gt;&gt;&gt;&gt;&gt;&gt;&gt;&gt;&gt;&gt;&gt;&gt;&gt;&gt;: 142 - MemUsageChanged: 1.0 0 0 0 0[2011-05-31 15:11:25,118][DEBUG] - MessageSenderWatchingThread.run(): finished... TargetCompID: FIX
[2011-05-31 15:11:25,118][DEBUG] - MessageProcessor.processResendRequest(): message already processed -&gt; discard. MsgSeqNo: 2147483647 FIX com.baxter.fix.FIXSession@3747c1db
[2011-05-31 15:11:25,118][DEBUG] - MessageSenderWatchingThread.run(): started. TargetCompID: FIX
[2011-05-31 15:11:25,118][DEBUG] - MessageSender.shutdown() invoked! TargetCompID: FIX
&gt;&gt;&gt;&gt;&gt;&gt;&gt;&gt;&gt;&gt;&gt;&gt;&gt;&gt;&gt;&gt;&gt;&gt;&gt;&gt;: 143 - MemUsageChanged: 1.0 0 0 0 0[2011-05-31 15:11:25,118][DEBUG] - MessageSenderWatchingThread.run(): finished... TargetCompID: FIX
[2011-05-31 15:11:25,118][DEBUG] - MessageSenderWatchingThread.run(): started. TargetCompID: FIX
[2011-05-31 15:11:25,118][DEBUG] - MessageProcessor.processResendRequest(): message already processed -&gt; discard. MsgSeqNo: 2147483647 FIX com.baxter.fix.FIXSession@3747c1db
[2011-05-31 15:11:25,119][DEBUG] - MessageSender.shutdown() invoked! TargetCompID: FIX
&gt;&gt;&gt;&gt;&gt;&gt;&gt;&gt;&gt;&gt;&gt;&gt;&gt;&gt;&gt;&gt;&gt;&gt;&gt;&gt;: 144 - MemUsageChanged: 1.0 0 1 0 0[2011-05-31 15:11:25,119][DEBUG] - MessageSenderWatchingThread.run(): finished... TargetCompID: FIX
[2011-05-31 15:11:25,119][DEBUG] - MessageProcessor.processResendRequest(): message already processed -&gt; discard. MsgSeqNo: 2147483647 FIX com.baxter.fix.FIXSession@3747c1db
[2011-05-31 15:11:25,119][DEBUG] - MessageSenderWatchingThread.run(): started. TargetCompID: FIX
[2011-05-31 15:11:25,119][DEBUG] - MessageSender.shutdown() invoked! TargetCompID: FIX
&gt;&gt;&gt;&gt;&gt;&gt;&gt;&gt;&gt;&gt;&gt;&gt;&gt;&gt;&gt;&gt;&gt;&gt;&gt;&gt;: 145 - MemUsageChanged: 1.0 0 0 0 0[2011-05-31 15:11:25,119][DEBUG] - MessageSenderWatchingThread.run(): finished... TargetCompID: FIX
[2011-05-31 15:11:25,119][DEBUG] - MessageProcessor.processResendRequest(): message already processed -&gt; discard. MsgSeqNo: 2147483647 FIX com.baxter.fix.FIXSession@3747c1db
[2011-05-31 15:11:25,119][DEBUG] - MessageSenderWatchingThread.run(): started. TargetCompID: FIX
[2011-05-31 15:11:25,119][DEBUG] - MessageSender.shutdown() invoked! TargetCompID: FIX
&gt;&gt;&gt;&gt;&gt;&gt;&gt;&gt;&gt;&gt;&gt;&gt;&gt;&gt;&gt;&gt;&gt;&gt;&gt;&gt;: 146 - MemUsageChanged: 1.0 0 0 0 0[2011-05-31 15:11:25,119][DEBUG] - MessageSenderWatchingThread.run(): finished... TargetCompID: FIX
[2011-05-31 15:11:25,119][DEBUG] - MessageProcessor.processResendRequest(): message already processed -&gt; discard. MsgSeqNo: 2147483647 FIX com.baxter.fix.FIXSession@3747c1db
[2011-05-31 15:11:25,119][DEBUG] - MessageSenderWatchingThread.run(): started. TargetCompID: FIX
[2011-05-31 15:11:25,119][DEBUG] - MessageSender.shutdown() invoked! TargetCompID: FIX
&gt;&gt;&gt;&gt;&gt;&gt;&gt;&gt;&gt;&gt;&gt;&gt;&gt;&gt;&gt;&gt;&gt;&gt;&gt;&gt;: 147 - MemUsageChanged: 1.0 0 0 0 0[2011-05-31 15:11:25,119][DEBUG] - MessageSenderWatchingThread.run(): finished... TargetCompID: FIX
[2011-05-31 15:11:25,119][DEBUG] - MessageProcessor.processResendRequest(): message already processed -&gt; discard. MsgSeqNo: 2147483647 FIX com.baxter.fix.FIXSession@3747c1db
[2011-05-31 15:11:25,119][DEBUG] - MessageSenderWatchingThread.run(): started. TargetCompID: FIX
[2011-05-31 15:11:25,120][DEBUG] - MessageSender.shutdown() invoked! TargetCompID: FIX
&gt;&gt;&gt;&gt;&gt;&gt;&gt;&gt;&gt;&gt;&gt;&gt;&gt;&gt;&gt;&gt;&gt;&gt;&gt;&gt;: 148 - MemUsageChanged: 1.0 0 1 0 0[2011-05-31 15:11:25,120][DEBUG] - MessageSenderWatchingThread.run(): finished... TargetCompID: FIX
[2011-05-31 15:11:25,120][DEBUG] - MessageSenderWatchingThread.run(): started. TargetCompID: FIX
[2011-05-31 15:11:25,120][DEBUG] - MessageProcessor.processResendRequest(): message already processed -&gt; discard. MsgSeqNo: 2147483647 FIX com.baxter.fix.FIXSession@3747c1db
[2011-05-31 15:11:25,120][DEBUG] - MessageSender.shutdown() invoked! TargetCompID: FIX
&gt;&gt;&gt;&gt;&gt;&gt;&gt;&gt;&gt;&gt;&gt;&gt;&gt;&gt;&gt;&gt;&gt;&gt;&gt;&gt;: 149 - MemUsageChanged: 1.0 0 0 0 0[2011-05-31 15:11:25,120][DEBUG] - MessageSenderWatchingThread.run(): finished... TargetCompID: FIX
[2011-05-31 15:11:25,120][DEBUG] - MessageSenderWatchingThread.run(): started. TargetCompID: FIX
[2011-05-31 15:11:25,120][DEBUG] - MessageProcessor.processResendRequest(): message already processed -&gt; discard. MsgSeqNo: 2147483647 FIX com.baxter.fix.FIXSession@3747c1db
[2011-05-31 15:11:25,120][DEBUG] - MessageSender.shutdown() invoked! TargetCompID: FIX
[2011-05-31 15:11:25,120][DEBUG] - MessageSenderWatchingThread.run(): finished... TargetCompID: FIX
&gt;&gt;&gt;&gt;&gt;&gt;&gt;&gt;&gt;&gt;&gt;&gt;&gt;&gt;&gt;&gt;&gt;&gt;&gt;&gt;: 150 - MemUsageChanged: 1.0 0 0 0 0[2011-05-31 15:11:25,120][DEBUG] - MessageProcessor.processResendRequest(): message already processed -&gt; discard. MsgSeqNo: 2147483647 FIX com.baxter.fix.FIXSession@3747c1db
[2011-05-31 15:11:25,120][DEBUG] - MessageSenderWatchingThread.run(): started. TargetCompID: FIX
[2011-05-31 15:11:25,120][DEBUG] - MessageSender.shutdown() invoked! TargetCompID: FIX
&gt;&gt;&gt;&gt;&gt;&gt;&gt;&gt;&gt;&gt;&gt;&gt;&gt;&gt;&gt;&gt;&gt;&gt;&gt;&gt;: 151 - MemUsageChanged: 1.0 0 0 0 0[2011-05-31 15:11:25,120][DEBUG] - MessageSenderWatchingThread.run(): finished... TargetCompID: FIX
[2011-05-31 15:11:25,121][DEBUG] - MessageProcessor.processResendRequest(): message already processed -&gt; discard. MsgSeqNo: 2147483647 FIX com.baxter.fix.FIXSession@3747c1db
[2011-05-31 15:11:25,121][DEBUG] - MessageSenderWatchingThread.run(): started. TargetCompID: FIX
[2011-05-31 15:11:25,121][DEBUG] - MessageSender.shutdown() invoked! TargetCompID: FIX
&gt;&gt;&gt;&gt;&gt;&gt;&gt;&gt;&gt;&gt;&gt;&gt;&gt;&gt;&gt;&gt;&gt;&gt;&gt;&gt;: 152 - MemUsageChanged: 1.0 1 0 0 0[2011-05-31 15:11:25,121][DEBUG] - MessageSenderWatchingThread.run(): finished... TargetCompID: FIX
[2011-05-31 15:11:25,121][DEBUG] - MessageProcessor.processResendRequest(): message already processed -&gt; discard. MsgSeqNo: 2147483647 FIX com.baxter.fix.FIXSession@3747c1db
[2011-05-31 15:11:25,121][DEBUG] - MessageSenderWatchingThread.run(): started. TargetCompID: FIX
[2011-05-31 15:11:25,121][DEBUG] - MessageSender.shutdown() invoked! TargetCompID: FIX
&gt;&gt;&gt;&gt;&gt;&gt;&gt;&gt;&gt;&gt;&gt;&gt;&gt;&gt;&gt;&gt;&gt;&gt;&gt;&gt;: 153 - MemUsageChanged: 1.0 0 0 0 0[2011-05-31 15:11:25,121][DEBUG] - MessageSenderWatchingThread.run(): finished... TargetCompID: FIX
[2011-05-31 15:11:25,121][DEBUG] - MessageProcessor.processResendRequest(): message already processed -&gt; discard. MsgSeqNo: 2147483647 FIX com.baxter.fix.FIXSession@3747c1db
[2011-05-31 15:11:25,121][DEBUG] - MessageSenderWatchingThread.run(): started. TargetCompID: FIX
[2011-05-31 15:11:25,121][DEBUG] - MessageSender.shutdown() invoked! TargetCompID: FIX
&gt;&gt;&gt;&gt;&gt;&gt;&gt;&gt;&gt;&gt;&gt;&gt;&gt;&gt;&gt;&gt;&gt;&gt;&gt;&gt;: 154 - MemUsageChanged: 1.0 0 0 0 0[2011-05-31 15:11:25,121][DEBUG] - MessageSenderWatchingThread.run(): finished... TargetCompID: FIX
[2011-05-31 15:11:25,121][DEBUG] - MessageProcessor.processResendRequest(): message already processed -&gt; discard. MsgSeqNo: 2147483647 FIX com.baxter.fix.FIXSession@3747c1db
[2011-05-31 15:11:25,121][DEBUG] - MessageSenderWatchingThread.run(): started. TargetCompID: FIX
[2011-05-31 15:11:25,121][DEBUG] - MessageSender.shutdown() invoked! TargetCompID: FIX
&gt;&gt;&gt;&gt;&gt;&gt;&gt;&gt;&gt;&gt;&gt;&gt;&gt;&gt;&gt;&gt;&gt;&gt;&gt;&gt;: 155 - MemUsageChanged: 1.0 0 0 0 0[2011-05-31 15:11:25,121][DEBUG] - MessageSenderWatchingThread.run(): finished... TargetCompID: FIX
[2011-05-31 15:11:25,122][DEBUG] - MessageProcessor.processResendRequest(): message already processed -&gt; discard. MsgSeqNo: 2147483647 FIX com.baxter.fix.FIXSession@3747c1db
[2011-05-31 15:11:25,122][DEBUG] - MessageSenderWatchingThread.run(): started. TargetCompID: FIX
[2011-05-31 15:11:25,122][DEBUG] - MessageSender.shutdown() invoked! TargetCompID: FIX
&gt;&gt;&gt;&gt;&gt;&gt;&gt;&gt;&gt;&gt;&gt;&gt;&gt;&gt;&gt;&gt;&gt;&gt;&gt;&gt;: 156 - MemUsageChanged: 1.0 1 0 0 0[2011-05-31 15:11:25,122][DEBUG] - MessageSenderWatchingThread.run(): finished... TargetCompID: FIX
[2011-05-31 15:11:25,122][DEBUG] - MessageProcessor.processResendRequest(): message already processed -&gt; discard. MsgSeqNo: 2147483647 FIX com.baxter.fix.FIXSession@3747c1db
[2011-05-31 15:11:25,122][DEBUG] - MessageSenderWatchingThread.run(): started. TargetCompID: FIX
[2011-05-31 15:11:25,122][DEBUG] - MessageSender.shutdown() invoked! TargetCompID: FIX
&gt;&gt;&gt;&gt;&gt;&gt;&gt;&gt;&gt;&gt;&gt;&gt;&gt;&gt;&gt;&gt;&gt;&gt;&gt;&gt;: 157 - MemUsageChanged: 1.0 0 0 0 0[2011-05-31 15:11:25,122][DEBUG] - MessageSenderWatchingThread.run(): finished... TargetCompID: FIX
[2011-05-31 15:11:25,122][DEBUG] - MessageProcessor.processResendRequest(): message already processed -&gt; discard. MsgSeqNo: 2147483647 FIX com.baxter.fix.FIXSession@3747c1db
[2011-05-31 15:11:25,122][DEBUG] - MessageSenderWatchingThread.run(): started. TargetCompID: FIX
[2011-05-31 15:11:25,122][DEBUG] - MessageSender.shutdown() invoked! TargetCompID: FIX
&gt;&gt;&gt;&gt;&gt;&gt;&gt;&gt;&gt;&gt;&gt;&gt;&gt;&gt;&gt;&gt;&gt;&gt;&gt;&gt;: 158 - MemUsageChanged: 1.0 0 0 0 0[2011-05-31 15:11:25,122][DEBUG] - MessageSenderWatchingThread.run(): finished... TargetCompID: FIX
[2011-05-31 15:11:25,122][DEBUG] - MessageSenderWatchingThread.run(): started. TargetCompID: FIX
[2011-05-31 15:11:25,122][DEBUG] - MessageProcessor.processResendRequest(): message already processed -&gt; discard. MsgSeqNo: 2147483647 FIX com.baxter.fix.FIXSession@3747c1db
[2011-05-31 15:11:25,124][DEBUG] - MessageSender.shutdown() invoked! TargetCompID: FIX
[2011-05-31 15:11:25,124][DEBUG] - MessageSenderWatchingThread.run(): finished... TargetCompID: FIX
&gt;&gt;&gt;&gt;&gt;&gt;&gt;&gt;&gt;&gt;&gt;&gt;&gt;&gt;&gt;&gt;&gt;&gt;&gt;&gt;: 159 - MemUsageChanged: 1.0 0 2 0 0[2011-05-31 15:11:25,124][DEBUG] - MessageProcessor.processResendRequest(): message already processed -&gt; discard. MsgSeqNo: 2147483647 FIX com.baxter.fix.FIXSession@3747c1db
[2011-05-31 15:11:25,124][DEBUG] - MessageSenderWatchingThread.run(): started. TargetCompID: FIX
[2011-05-31 15:11:25,124][DEBUG] - MessageSender.shutdown() invoked! TargetCompID: FIX
&gt;&gt;&gt;&gt;&gt;&gt;&gt;&gt;&gt;&gt;&gt;&gt;&gt;&gt;&gt;&gt;&gt;&gt;&gt;&gt;: 160 - MemUsageChanged: 1.0 0 0 0 0[2011-05-31 15:11:25,124][DEBUG] - MessageSenderWatchingThread.run(): finished... TargetCompID: FIX
[2011-05-31 15:11:25,124][DEBUG] - MessageProcessor.processResendRequest(): message already processed -&gt; discard. MsgSeqNo: 2147483647 FIX com.baxter.fix.FIXSession@3747c1db
[2011-05-31 15:11:25,124][DEBUG] - MessageSenderWatchingThread.run(): started. TargetCompID: FIX
[2011-05-31 15:11:25,124][DEBUG] - MessageSender.shutdown() invoked! TargetCompID: FIX
&gt;&gt;&gt;&gt;&gt;&gt;&gt;&gt;&gt;&gt;&gt;&gt;&gt;&gt;&gt;&gt;&gt;&gt;&gt;&gt;: 161 - MemUsageChanged: 1.0 0 0 0 0[2011-05-31 15:11:25,124][DEBUG] - MessageSenderWatchingThread.run(): finished... TargetCompID: FIX
[2011-05-31 15:11:25,124][DEBUG] - MessageProcessor.processResendRequest(): message already processed -&gt; discard. MsgSeqNo: 2147483647 FIX com.baxter.fix.FIXSession@3747c1db
[2011-05-31 15:11:25,124][DEBUG] - MessageSenderWatchingThread.run(): started. TargetCompID: FIX
[2011-05-31 15:11:25,125][DEBUG] - MessageSender.shutdown() invoked! TargetCompID: FIX
&gt;&gt;&gt;&gt;&gt;&gt;&gt;&gt;&gt;&gt;&gt;&gt;&gt;&gt;&gt;&gt;&gt;&gt;&gt;&gt;: 162 - MemUsageChanged: 1.0 0 1 0 0[2011-05-31 15:11:25,125][DEBUG] - MessageSenderWatchingThread.run(): finished... TargetCompID: FIX
[2011-05-31 15:11:25,125][DEBUG] - MessageProcessor.processResendRequest(): message already processed -&gt; discard. MsgSeqNo: 2147483647 FIX com.baxter.fix.FIXSession@3747c1db
[2011-05-31 15:11:25,125][DEBUG] - MessageSender.shutdown() invoked! TargetCompID: FIX
&gt;&gt;&gt;&gt;&gt;&gt;&gt;&gt;&gt;&gt;&gt;&gt;&gt;&gt;&gt;&gt;&gt;&gt;&gt;&gt;: 163 - MemUsageChanged: 1.0 0 0 0 0[2011-05-31 15:11:25,125][DEBUG] - MessageSenderWatchingThread.run(): started. TargetCompID: FIX
[2011-05-31 15:11:25,125][DEBUG] - MessageSenderWatchingThread.run(): finished... TargetCompID: FIX
[2011-05-31 15:11:25,125][DEBUG] - MessageProcessor.processResendRequest(): message already processed -&gt; discard. MsgSeqNo: 2147483647 FIX com.baxter.fix.FIXSession@3747c1db
[2011-05-31 15:11:25,125][DEBUG] - MessageSender.shutdown() invoked! TargetCompID: FIX
&gt;&gt;&gt;&gt;&gt;&gt;&gt;&gt;&gt;&gt;&gt;&gt;&gt;&gt;&gt;&gt;&gt;&gt;&gt;&gt;: 164 - MemUsageChanged: 1.0 0 0 0 0[2011-05-31 15:11:25,125][DEBUG] - MessageSenderWatchingThread.run(): started. TargetCompID: FIX
[2011-05-31 15:11:25,125][DEBUG] - MessageSenderWatchingThread.run(): finished... TargetCompID: FIX
[2011-05-31 15:11:25,125][DEBUG] - MessageProcessor.processResendRequest(): message already processed -&gt; discard. MsgSeqNo: 2147483647 FIX com.baxter.fix.FIXSession@3747c1db
[2011-05-31 15:11:25,126][DEBUG] - MessageSender.shutdown() invoked! TargetCompID: FIX
&gt;&gt;&gt;&gt;&gt;&gt;&gt;&gt;&gt;&gt;&gt;&gt;&gt;&gt;&gt;&gt;&gt;&gt;&gt;&gt;: 165 - MemUsageChanged: 1.0 0 1 0 0[2011-05-31 15:11:25,126][DEBUG] - MessageSenderWatchingThread.run(): started. TargetCompID: FIX
[2011-05-31 15:11:25,126][DEBUG] - MessageSenderWatchingThread.run(): finished... TargetCompID: FIX
[2011-05-31 15:11:25,126][DEBUG] - MessageProcessor.processResendRequest(): message already processed -&gt; discard. MsgSeqNo: 2147483647 FIX com.baxter.fix.FIXSession@3747c1db
[2011-05-31 15:11:25,126][DEBUG] - MessageSender.shutdown() invoked! TargetCompID: FIX
&gt;&gt;&gt;&gt;&gt;&gt;&gt;&gt;&gt;&gt;&gt;&gt;&gt;&gt;&gt;&gt;&gt;&gt;&gt;&gt;: 166 - MemUsageChanged: 1.0 0 0 0 0[2011-05-31 15:11:25,126][DEBUG] - MessageSenderWatchingThread.run(): started. TargetCompID: FIX
[2011-05-31 15:11:25,126][DEBUG] - MessageSenderWatchingThread.run(): finished... TargetCompID: FIX
[2011-05-31 15:11:25,126][DEBUG] - MessageProcessor.processResendRequest(): message already processed -&gt; discard. MsgSeqNo: 2147483647 FIX com.baxter.fix.FIXSession@3747c1db
[2011-05-31 15:11:25,126][DEBUG] - MessageSender.shutdown() invoked! TargetCompID: FIX
&gt;&gt;&gt;&gt;&gt;&gt;&gt;&gt;&gt;&gt;&gt;&gt;&gt;&gt;&gt;&gt;&gt;&gt;&gt;&gt;: 167 - MemUsageChanged: 1.0 0 0 0 0[2011-05-31 15:11:25,127][DEBUG] - MessageSenderWatchingThread.run(): started. TargetCompID: FIX
[2011-05-31 15:11:25,127][DEBUG] - MessageSenderWatchingThread.run(): finished... TargetCompID: FIX
[2011-05-31 15:11:25,127][DEBUG] - MessageProcessor.processResendRequest(): message already processed -&gt; discard. MsgSeqNo: 2147483647 FIX com.baxter.fix.FIXSession@3747c1db
[2011-05-31 15:11:25,127][DEBUG] - MessageSender.shutdown() invoked! TargetCompID: FIX
&gt;&gt;&gt;&gt;&gt;&gt;&gt;&gt;&gt;&gt;&gt;&gt;&gt;&gt;&gt;&gt;&gt;&gt;&gt;&gt;: 168 - MemUsageChanged: 1.0 0 0 0 0[2011-05-31 15:11:25,127][DEBUG] - MessageSenderWatchingThread.run(): started. TargetCompID: FIX
[2011-05-31 15:11:25,127][DEBUG] - MessageSenderWatchingThread.run(): finished... TargetCompID: FIX
[2011-05-31 15:11:25,127][DEBUG] - MessageProcessor.processResendRequest(): message already processed -&gt; discard. MsgSeqNo: 2147483647 FIX com.baxter.fix.FIXSession@3747c1db
[2011-05-31 15:11:25,127][DEBUG] - MessageSender.shutdown() invoked! TargetCompID: FIX
&gt;&gt;&gt;&gt;&gt;&gt;&gt;&gt;&gt;&gt;&gt;&gt;&gt;&gt;&gt;&gt;&gt;&gt;&gt;&gt;: 169 - MemUsageChanged: 1.0 0 0 0 0[2011-05-31 15:11:25,127][DEBUG] - MessageSenderWatchingThread.run(): started. TargetCompID: FIX
[2011-05-31 15:11:25,127][DEBUG] - MessageSenderWatchingThread.run(): finished... TargetCompID: FIX
[2011-05-31 15:11:25,127][DEBUG] - MessageProcessor.processResendRequest(): message already processed -&gt; discard. MsgSeqNo: 2147483647 FIX com.baxter.fix.FIXSession@3747c1db
[2011-05-31 15:11:25,127][DEBUG] - MessageSender.shutdown() invoked! TargetCompID: FIX
&gt;&gt;&gt;&gt;&gt;&gt;&gt;&gt;&gt;&gt;&gt;&gt;&gt;&gt;&gt;&gt;&gt;&gt;&gt;&gt;: 170 - MemUsageChanged: 1.0 0 0 0 0[2011-05-31 15:11:25,128][DEBUG] - MessageSenderWatchingThread.run(): started. TargetCompID: FIX
[2011-05-31 15:11:25,128][DEBUG] - MessageSenderWatchingThread.run(): finished... TargetCompID: FIX
[2011-05-31 15:11:25,128][DEBUG] - MessageProcessor.processResendRequest(): message already processed -&gt; discard. MsgSeqNo: 2147483647 FIX com.baxter.fix.FIXSession@3747c1db
[2011-05-31 15:11:25,128][DEBUG] - MessageSender.shutdown() invoked! TargetCompID: FIX
&gt;&gt;&gt;&gt;&gt;&gt;&gt;&gt;&gt;&gt;&gt;&gt;&gt;&gt;&gt;&gt;&gt;&gt;&gt;&gt;: 171 - MemUsageChanged: 1.0 0 0 0 0[2011-05-31 15:11:25,128][DEBUG] - MessageSenderWatchingThread.run(): started. TargetCompID: FIX
[2011-05-31 15:11:25,128][DEBUG] - MessageSenderWatchingThread.run(): finished... TargetCompID: FIX
[2011-05-31 15:11:25,128][DEBUG] - MessageProcessor.processResendRequest(): message already processed -&gt; discard. MsgSeqNo: 2147483647 FIX com.baxter.fix.FIXSession@3747c1db
[2011-05-31 15:11:25,128][DEBUG] - MessageSender.shutdown() invoked! TargetCompID: FIX
&gt;&gt;&gt;&gt;&gt;&gt;&gt;&gt;&gt;&gt;&gt;&gt;&gt;&gt;&gt;&gt;&gt;&gt;&gt;&gt;: 172 - MemUsageChanged: 1.0 0 0 0 0[2011-05-31 15:11:25,128][DEBUG] - MessageSenderWatchingThread.run(): started. TargetCompID: FIX
[2011-05-31 15:11:25,128][DEBUG] - MessageSenderWatchingThread.run(): finished... TargetCompID: FIX
[2011-05-31 15:11:25,128][DEBUG] - MessageSenderWatchingThread.run(): started. TargetCompID: FIX
[2011-05-31 15:11:25,128][DEBUG] - MessageProcessor.processResendRequest(): message already processed -&gt; discard. MsgSeqNo: 2147483647 FIX com.baxter.fix.FIXSession@3747c1db
[2011-05-31 15:11:25,128][DEBUG] - MessageSender.shutdown() invoked! TargetCompID: FIX
&gt;&gt;&gt;&gt;&gt;&gt;&gt;&gt;&gt;&gt;&gt;&gt;&gt;&gt;&gt;&gt;&gt;&gt;&gt;&gt;: 173 - MemUsageChanged: 1.0 0 0 0 0[2011-05-31 15:11:25,129][DEBUG] - MessageSenderWatchingThread.run(): finished... TargetCompID: FIX
[2011-05-31 15:11:25,129][DEBUG] - MessageProcessor.processResendRequest(): message already processed -&gt; discard. MsgSeqNo: 2147483647 FIX com.baxter.fix.FIXSession@3747c1db
[2011-05-31 15:11:25,129][DEBUG] - MessageSender.shutdown() invoked! TargetCompID: FIX
&gt;&gt;&gt;&gt;&gt;&gt;&gt;&gt;&gt;&gt;&gt;&gt;&gt;&gt;&gt;&gt;&gt;&gt;&gt;&gt;: 174 - MemUsageChanged: 1.0 1 0 0 0[2011-05-31 15:11:25,129][DEBUG] - MessageSenderWatchingThread.run(): started. TargetCompID: FIX
[2011-05-31 15:11:25,129][DEBUG] - MessageSenderWatchingThread.run(): finished... TargetCompID: FIX
[2011-05-31 15:11:25,129][DEBUG] - MessageProcessor.processResendRequest(): message already processed -&gt; discard. MsgSeqNo: 2147483647 FIX com.baxter.fix.FIXSession@3747c1db
[2011-05-31 15:11:25,129][DEBUG] - MessageSender.shutdown() invoked! TargetCompID: FIX
&gt;&gt;&gt;&gt;&gt;&gt;&gt;&gt;&gt;&gt;&gt;&gt;&gt;&gt;&gt;&gt;&gt;&gt;&gt;&gt;: 175 - MemUsageChanged: 1.0 0 0 0 0[2011-05-31 15:11:25,129][DEBUG] - MessageSenderWatchingThread.run(): started. TargetCompID: FIX
[2011-05-31 15:11:25,129][DEBUG] - MessageSenderWatchingThread.run(): finished... TargetCompID: FIX
[2011-05-31 15:11:25,129][DEBUG] - MessageProcessor.processResendRequest(): message already processed -&gt; discard. MsgSeqNo: 2147483647 FIX com.baxter.fix.FIXSession@3747c1db
[2011-05-31 15:11:25,129][DEBUG] - MessageSender.shutdown() invoked! TargetCompID: FIX
&gt;&gt;&gt;&gt;&gt;&gt;&gt;&gt;&gt;&gt;&gt;&gt;&gt;&gt;&gt;&gt;&gt;&gt;&gt;&gt;: 176 - MemUsageChanged: 1.0 0 0 0 0[2011-05-31 15:11:25,129][DEBUG] - MessageSenderWatchingThread.run(): started. TargetCompID: FIX
[2011-05-31 15:11:25,130][DEBUG] - MessageSenderWatchingThread.run(): finished... TargetCompID: FIX
[2011-05-31 15:11:25,130][DEBUG] - MessageProcessor.processResendRequest(): message already processed -&gt; discard. MsgSeqNo: 2147483647 FIX com.baxter.fix.FIXSession@3747c1db
[2011-05-31 15:11:25,130][DEBUG] - MessageSender.shutdown() invoked! TargetCompID: FIX
&gt;&gt;&gt;&gt;&gt;&gt;&gt;&gt;&gt;&gt;&gt;&gt;&gt;&gt;&gt;&gt;&gt;&gt;&gt;&gt;: 177 - MemUsageChanged: 1.0 1 0 0 0[2011-05-31 15:11:25,130][DEBUG] - MessageSenderWatchingThread.run(): started. TargetCompID: FIX
[2011-05-31 15:11:25,130][DEBUG] - MessageSenderWatchingThread.run(): finished... TargetCompID: FIX
[2011-05-31 15:11:25,130][DEBUG] - MessageProcessor.processResendRequest(): message already processed -&gt; discard. MsgSeqNo: 2147483647 FIX com.baxter.fix.FIXSession@3747c1db
[2011-05-31 15:11:25,130][DEBUG] - MessageSender.shutdown() invoked! TargetCompID: FIX
&gt;&gt;&gt;&gt;&gt;&gt;&gt;&gt;&gt;&gt;&gt;&gt;&gt;&gt;&gt;&gt;&gt;&gt;&gt;&gt;: 178 - MemUsageChanged: 1.0 0 0 0 0[2011-05-31 15:11:25,130][DEBUG] - MessageSenderWatchingThread.run(): started. TargetCompID: FIX
[2011-05-31 15:11:25,130][DEBUG] - MessageSenderWatchingThread.run(): finished... TargetCompID: FIX
[2011-05-31 15:11:25,130][DEBUG] - MessageProcessor.processResendRequest(): message already processed -&gt; discard. MsgSeqNo: 2147483647 FIX com.baxter.fix.FIXSession@3747c1db
[2011-05-31 15:11:25,130][DEBUG] - MessageSender.shutdown() invoked! TargetCompID: FIX
&gt;&gt;&gt;&gt;&gt;&gt;&gt;&gt;&gt;&gt;&gt;&gt;&gt;&gt;&gt;&gt;&gt;&gt;&gt;&gt;: 179 - MemUsageChanged: 1.0 0 0 0 0[2011-05-31 15:11:25,130][DEBUG] - MessageSenderWatchingThread.run(): started. TargetCompID: FIX
[2011-05-31 15:11:25,130][DEBUG] - MessageSenderWatchingThread.run(): finished... TargetCompID: FIX
[2011-05-31 15:11:25,130][DEBUG] - MessageProcessor.processResendRequest(): message already processed -&gt; discard. MsgSeqNo: 2147483647 FIX com.baxter.fix.FIXSession@3747c1db
[2011-05-31 15:11:25,131][DEBUG] - MessageSender.shutdown() invoked! TargetCompID: FIX
&gt;&gt;&gt;&gt;&gt;&gt;&gt;&gt;&gt;&gt;&gt;&gt;&gt;&gt;&gt;&gt;&gt;&gt;&gt;&gt;: 180 - MemUsageChanged: 1.0 0 1 0 0[2011-05-31 15:11:25,131][DEBUG] - MessageSenderWatchingThread.run(): started. TargetCompID: FIX
[2011-05-31 15:11:25,131][DEBUG] - MessageSenderWatchingThread.run(): finished... TargetCompID: FIX
[2011-05-31 15:11:25,131][DEBUG] - MessageProcessor.processResendRequest(): message already processed -&gt; discard. MsgSeqNo: 2147483647 FIX com.baxter.fix.FIXSession@3747c1db
[2011-05-31 15:11:25,131][DEBUG] - MessageSender.shutdown() invoked! TargetCompID: FIX
&gt;&gt;&gt;&gt;&gt;&gt;&gt;&gt;&gt;&gt;&gt;&gt;&gt;&gt;&gt;&gt;&gt;&gt;&gt;&gt;: 181 - MemUsageChanged: 1.0 0 0 0 0[2011-05-31 15:11:25,131][DEBUG] - MessageSenderWatchingThread.run(): started. TargetCompID: FIX
[2011-05-31 15:11:25,131][DEBUG] - MessageSenderWatchingThread.run(): finished... TargetCompID: FIX
[2011-05-31 15:11:25,131][DEBUG] - MessageProcessor.processResendRequest(): message already processed -&gt; discard. MsgSeqNo: 2147483647 FIX com.baxter.fix.FIXSession@3747c1db
[2011-05-31 15:11:25,131][DEBUG] - MessageSender.shutdown() invoked! TargetCompID: FIX
&gt;&gt;&gt;&gt;&gt;&gt;&gt;&gt;&gt;&gt;&gt;&gt;&gt;&gt;&gt;&gt;&gt;&gt;&gt;&gt;: 182 - MemUsageChanged: 1.0 0 0 0 0[2011-05-31 15:11:25,131][DEBUG] - MessageSenderWatchingThread.run(): started. TargetCompID: FIX
[2011-05-31 15:11:25,131][DEBUG] - MessageSenderWatchingThread.run(): finished... TargetCompID: FIX
[2011-05-31 15:11:25,131][DEBUG] - MessageProcessor.processResendRequest(): message already processed -&gt; discard. MsgSeqNo: 2147483647 FIX com.baxter.fix.FIXSession@3747c1db
[2011-05-31 15:11:25,131][DEBUG] - MessageSender.shutdown() invoked! TargetCompID: FIX
&gt;&gt;&gt;&gt;&gt;&gt;&gt;&gt;&gt;&gt;&gt;&gt;&gt;&gt;&gt;&gt;&gt;&gt;&gt;&gt;: 183 - MemUsageChanged: 1.0 0 0 0 0[2011-05-31 15:11:25,132][DEBUG] - MessageSenderWatchingThread.run(): started. TargetCompID: FIX
[2011-05-31 15:11:25,132][DEBUG] - MessageSenderWatchingThread.run(): finished... TargetCompID: FIX
[2011-05-31 15:11:25,132][DEBUG] - MessageProcessor.processResendRequest(): message already processed -&gt; discard. MsgSeqNo: 2147483647 FIX com.baxter.fix.FIXSession@3747c1db
[2011-05-31 15:11:25,132][DEBUG] - MessageSender.shutdown() invoked! TargetCompID: FIX
&gt;&gt;&gt;&gt;&gt;&gt;&gt;&gt;&gt;&gt;&gt;&gt;&gt;&gt;&gt;&gt;&gt;&gt;&gt;&gt;: 184 - MemUsageChanged: 1.0 1 0 0 0[2011-05-31 15:11:25,132][DEBUG] - MessageSenderWatchingThread.run(): started. TargetCompID: FIX
[2011-05-31 15:11:25,132][DEBUG] - MessageSenderWatchingThread.run(): finished... TargetCompID: FIX
[2011-05-31 15:11:25,132][DEBUG] - MessageProcessor.processResendRequest(): message already processed -&gt; discard. MsgSeqNo: 2147483647 FIX com.baxter.fix.FIXSession@3747c1db
[2011-05-31 15:11:25,132][DEBUG] - MessageSender.shutdown() invoked! TargetCompID: FIX
&gt;&gt;&gt;&gt;&gt;&gt;&gt;&gt;&gt;&gt;&gt;&gt;&gt;&gt;&gt;&gt;&gt;&gt;&gt;&gt;: 185 - MemUsageChanged: 1.0 0 0 0 0[2011-05-31 15:11:25,132][DEBUG] - MessageProcessor.processResendRequest(): message already processed -&gt; discard. MsgSeqNo: 2147483647 FIX com.baxter.fix.FIXSession@3747c1db
[2011-05-31 15:11:25,132][DEBUG] - MessageSenderWatchingThread.run(): started. TargetCompID: FIX
[2011-05-31 15:11:25,132][DEBUG] - MessageSenderWatchingThread.run(): finished... TargetCompID: FIX
[2011-05-31 15:11:25,132][DEBUG] - MessageSenderWatchingThread.run(): started. TargetCompID: FIX
[2011-05-31 15:11:25,132][DEBUG] - MessageSender.shutdown() invoked! TargetCompID: FIX
&gt;&gt;&gt;&gt;&gt;&gt;&gt;&gt;&gt;&gt;&gt;&gt;&gt;&gt;&gt;&gt;&gt;&gt;&gt;&gt;: 186 - MemUsageChanged: 1.0 0 0 0 0[2011-05-31 15:11:25,133][DEBUG] - MessageSenderWatchingThread.run(): finished... TargetCompID: FIX
[2011-05-31 15:11:25,133][DEBUG] - MessageProcessor.processResendRequest(): message already processed -&gt; discard. MsgSeqNo: 2147483647 FIX com.baxter.fix.FIXSession@3747c1db
[2011-05-31 15:11:25,133][DEBUG] - MessageSender.shutdown() invoked! TargetCompID: FIX
&gt;&gt;&gt;&gt;&gt;&gt;&gt;&gt;&gt;&gt;&gt;&gt;&gt;&gt;&gt;&gt;&gt;&gt;&gt;&gt;: 187 - MemUsageChanged: 1.0 1 0 0 0[2011-05-31 15:11:25,133][DEBUG] - MessageSenderWatchingThread.run(): started. TargetCompID: FIX
[2011-05-31 15:11:25,133][DEBUG] - MessageSenderWatchingThread.run(): finished... TargetCompID: FIX
[2011-05-31 15:11:25,133][DEBUG] - MessageProcessor.processResendRequest(): message already processed -&gt; discard. MsgSeqNo: 2147483647 FIX com.baxter.fix.FIXSession@3747c1db
[2011-05-31 15:11:25,133][DEBUG] - MessageSenderWatchingThread.run(): started. TargetCompID: FIX
[2011-05-31 15:11:25,133][DEBUG] - MessageSender.shutdown() invoked! TargetCompID: FIX
&gt;&gt;&gt;&gt;&gt;&gt;&gt;&gt;&gt;&gt;&gt;&gt;&gt;&gt;&gt;&gt;&gt;&gt;&gt;&gt;: 188 - MemUsageChanged: 1.0 0 0 0 0[2011-05-31 15:11:25,133][DEBUG] - MessageSenderWatchingThread.run(): finished... TargetCompID: FIX
[2011-05-31 15:11:25,133][DEBUG] - MessageProcessor.processResendRequest(): message already processed -&gt; discard. MsgSeqNo: 2147483647 FIX com.baxter.fix.FIXSession@3747c1db
[2011-05-31 15:11:25,133][DEBUG] - MessageSenderWatchingThread.run(): started. TargetCompID: FIX
[2011-05-31 15:11:25,133][DEBUG] - MessageSender.shutdown() invoked! TargetCompID: FIX
&gt;&gt;&gt;&gt;&gt;&gt;&gt;&gt;&gt;&gt;&gt;&gt;&gt;&gt;&gt;&gt;&gt;&gt;&gt;&gt;: 189 - MemUsageChanged: 1.0 0 0 0 0[2011-05-31 15:11:25,133][DEBUG] - MessageSenderWatchingThread.run(): finished... TargetCompID: FIX
[2011-05-31 15:11:25,133][DEBUG] - MessageProcessor.processResendRequest(): message already processed -&gt; discard. MsgSeqNo: 2147483647 FIX com.baxter.fix.FIXSession@3747c1db
[2011-05-31 15:11:25,133][DEBUG] - MessageSenderWatchingThread.run(): started. TargetCompID: FIX
[2011-05-31 15:11:25,134][DEBUG] - MessageSender.shutdown() invoked! TargetCompID: FIX
&gt;&gt;&gt;&gt;&gt;&gt;&gt;&gt;&gt;&gt;&gt;&gt;&gt;&gt;&gt;&gt;&gt;&gt;&gt;&gt;: 190 - MemUsageChanged: 1.0 0 1 0 0[2011-05-31 15:11:25,134][DEBUG] - MessageSenderWatchingThread.run(): finished... TargetCompID: FIX
[2011-05-31 15:11:25,134][DEBUG] - MessageProcessor.processResendRequest(): message already processed -&gt; discard. MsgSeqNo: 2147483647 FIX com.baxter.fix.FIXSession@3747c1db
[2011-05-31 15:11:25,134][DEBUG] - MessageSenderWatchingThread.run(): started. TargetCompID: FIX
[2011-05-31 15:11:25,134][DEBUG] - MessageSender.shutdown() invoked! TargetCompID: FIX
&gt;&gt;&gt;&gt;&gt;&gt;&gt;&gt;&gt;&gt;&gt;&gt;&gt;&gt;&gt;&gt;&gt;&gt;&gt;&gt;: 191 - MemUsageChanged: 1.0 0 0 0 0[2011-05-31 15:11:25,134][DEBUG] - MessageSenderWatchingThread.run(): finished... TargetCompID: FIX
[2011-05-31 15:11:25,134][DEBUG] - MessageProcessor.processResendRequest(): message already processed -&gt; discard. MsgSeqNo: 2147483647 FIX com.baxter.fix.FIXSession@3747c1db
[2011-05-31 15:11:25,134][DEBUG] - MessageSenderWatchingThread.run(): started. TargetCompID: FIX
[2011-05-31 15:11:25,134][DEBUG] - MessageSender.shutdown() invoked! TargetCompID: FIX
&gt;&gt;&gt;&gt;&gt;&gt;&gt;&gt;&gt;&gt;&gt;&gt;&gt;&gt;&gt;&gt;&gt;&gt;&gt;&gt;: 192 - MemUsageChanged: 1.0 0 0 0 0[2011-05-31 15:11:25,134][DEBUG] - MessageSenderWatchingThread.run(): finished... TargetCompID: FIX
[2011-05-31 15:11:25,134][DEBUG] - MessageProcessor.processResendRequest(): message already processed -&gt; discard. MsgSeqNo: 2147483647 FIX com.baxter.fix.FIXSession@3747c1db
[2011-05-31 15:11:25,134][DEBUG] - MessageSenderWatchingThread.run(): started. TargetCompID: FIX
[2011-05-31 15:11:25,134][DEBUG] - MessageSender.shutdown() invoked! TargetCompID: FIX
&gt;&gt;&gt;&gt;&gt;&gt;&gt;&gt;&gt;&gt;&gt;&gt;&gt;&gt;&gt;&gt;&gt;&gt;&gt;&gt;: 193 - MemUsageChanged: 1.0 0 0 0 0[2011-05-31 15:11:25,134][DEBUG] - MessageSenderWatchingThread.run(): finished... TargetCompID: FIX
[2011-05-31 15:11:25,134][DEBUG] - MessageProcessor.processResendRequest(): message already processed -&gt; discard. MsgSeqNo: 2147483647 FIX com.baxter.fix.FIXSession@3747c1db
[2011-05-31 15:11:25,134][DEBUG] - MessageSenderWatchingThread.run(): started. TargetCompID: FIX
[2011-05-31 15:11:25,135][DEBUG] - MessageSender.shutdown() invoked! TargetCompID: FIX
&gt;&gt;&gt;&gt;&gt;&gt;&gt;&gt;&gt;&gt;&gt;&gt;&gt;&gt;&gt;&gt;&gt;&gt;&gt;&gt;: 194 - MemUsageChanged: 1.0 0 1 0 0[2011-05-31 15:11:25,135][DEBUG] - MessageSenderWatchingThread.run(): finished... TargetCompID: FIX
[2011-05-31 15:11:25,135][DEBUG] - MessageProcessor.processResendRequest(): message already processed -&gt; discard. MsgSeqNo: 2147483647 FIX com.baxter.fix.FIXSession@3747c1db
[2011-05-31 15:11:25,135][DEBUG] - MessageSenderWatchingThread.run(): started. TargetCompID: FIX
[2011-05-31 15:11:25,135][DEBUG] - MessageSender.shutdown() invoked! TargetCompID: FIX
&gt;&gt;&gt;&gt;&gt;&gt;&gt;&gt;&gt;&gt;&gt;&gt;&gt;&gt;&gt;&gt;&gt;&gt;&gt;&gt;: 195 - MemUsageChanged: 1.0 0 0 0 0[2011-05-31 15:11:25,135][DEBUG] - MessageSenderWatchingThread.run(): finished... TargetCompID: FIX
[2011-05-31 15:11:25,135][DEBUG] - MessageProcessor.processResendRequest(): message already processed -&gt; discard. MsgSeqNo: 2147483647 FIX com.baxter.fix.FIXSession@3747c1db
[2011-05-31 15:11:25,135][DEBUG] - MessageSenderWatchingThread.run(): started. TargetCompID: FIX
[2011-05-31 15:11:25,135][DEBUG] - MessageSender.shutdown() invoked! TargetCompID: FIX
&gt;&gt;&gt;&gt;&gt;&gt;&gt;&gt;&gt;&gt;&gt;&gt;&gt;&gt;&gt;&gt;&gt;&gt;&gt;&gt;: 196 - MemUsageChanged: 1.0 0 0 0 0[2011-05-31 15:11:25,135][DEBUG] - MessageSenderWatchingThread.run(): finished... TargetCompID: FIX
[2011-05-31 15:11:25,135][DEBUG] - MessageProcessor.processResendRequest(): message already processed -&gt; discard. MsgSeqNo: 2147483647 FIX com.baxter.fix.FIXSession@3747c1db
[2011-05-31 15:11:25,135][DEBUG] - MessageSenderWatchingThread.run(): started. TargetCompID: FIX
[2011-05-31 15:11:25,135][DEBUG] - MessageSender.shutdown() invoked! TargetCompID: FIX
&gt;&gt;&gt;&gt;&gt;&gt;&gt;&gt;&gt;&gt;&gt;&gt;&gt;&gt;&gt;&gt;&gt;&gt;&gt;&gt;: 197 - MemUsageChanged: 1.0 0 0 0 0[2011-05-31 15:11:25,135][DEBUG] - MessageSenderWatchingThread.run(): finished... TargetCompID: FIX
[2011-05-31 15:11:25,135][DEBUG] - MessageProcessor.processResendRequest(): message already processed -&gt; discard. MsgSeqNo: 2147483647 FIX com.baxter.fix.FIXSession@3747c1db
[2011-05-31 15:11:25,135][DEBUG] - MessageSenderWatchingThread.run(): started. TargetCompID: FIX
[2011-05-31 15:11:25,136][DEBUG] - MessageSender.shutdown() invoked! TargetCompID: FIX
&gt;&gt;&gt;&gt;&gt;&gt;&gt;&gt;&gt;&gt;&gt;&gt;&gt;&gt;&gt;&gt;&gt;&gt;&gt;&gt;: 198 - MemUsageChanged: 1.0 0 1 0 0[2011-05-31 15:11:25,136][DEBUG] - MessageSenderWatchingThread.run(): finished... TargetCompID: FIX
[2011-05-31 15:11:25,136][DEBUG] - MessageProcessor.processResendRequest(): message already processed -&gt; discard. MsgSeqNo: 2147483647 FIX com.baxter.fix.FIXSession@3747c1db
[2011-05-31 15:11:25,136][DEBUG] - MessageSenderWatchingThread.run(): started. TargetCompID: FIX
[2011-05-31 15:11:25,136][DEBUG] - MessageSender.shutdown() invoked! TargetCompID: FIX
&gt;&gt;&gt;&gt;&gt;&gt;&gt;&gt;&gt;&gt;&gt;&gt;&gt;&gt;&gt;&gt;&gt;&gt;&gt;&gt;: 199 - MemUsageChanged: 1.0 0 0 0 0[2011-05-31 15:11:25,136][DEBUG] - MessageSenderWatchingThread.run(): finished... TargetCompID: FIX
[2011-05-31 15:11:25,136][DEBUG] - MessageProcessor.processResendRequest(): message already processed -&gt; discard. MsgSeqNo: 2147483647 FIX com.baxter.fix.FIXSession@3747c1db
[2011-05-31 15:11:25,136][DEBUG] - MessageSenderWatchingThread.run(): started. TargetCompID: FIX
[2011-05-31 15:11:25,136][DEBUG] - MessageSender.shutdown() invoked! TargetCompID: FIX
&gt;&gt;&gt;&gt;&gt;&gt;&gt;&gt;&gt;&gt;&gt;&gt;&gt;&gt;&gt;&gt;&gt;&gt;&gt;&gt;: 200 - MemUsageChanged: 1.0 0 0 0 0[2011-05-31 15:11:25,136][DEBUG] - MessageSenderWatchingThread.run(): finished... TargetCompID: FIX
[2011-05-31 15:11:25,136][DEBUG] - MessageProcessor.processResendRequest(): message already processed -&gt; discard. MsgSeqNo: 2147483647 FIX com.baxter.fix.FIXSession@3747c1db
[2011-05-31 15:11:25,136][DEBUG] - MessageSender.shutdown() invoked! TargetCompID: FIX
&gt;&gt;&gt;&gt;&gt;&gt;&gt;&gt;&gt;&gt;&gt;&gt;&gt;&gt;&gt;&gt;&gt;&gt;&gt;&gt;: 201 - MemUsageChanged: 1.0 0 0 0 0[2011-05-31 15:11:25,136][DEBUG] - MessageProcessor.processResendRequest(): message already processed -&gt; discard. MsgSeqNo: 2147483647 FIX com.baxter.fix.FIXSession@3747c1db
[2011-05-31 15:11:25,137][DEBUG] - MessageSender.shutdown() invoked! TargetCompID: FIX
&gt;&gt;&gt;&gt;&gt;&gt;&gt;&gt;&gt;&gt;&gt;&gt;&gt;&gt;&gt;&gt;&gt;&gt;&gt;&gt;: 202 - MemUsageChanged: 1.0 0 1 0 0[2011-05-31 15:11:25,137][DEBUG] - MessageSenderWatchingThread.run(): started. TargetCompID: FIX
[2011-05-31 15:11:25,137][DEBUG] - MessageSenderWatchingThread.run(): finished... TargetCompID: FIX
[2011-05-31 15:11:25,137][DEBUG] - MessageProcessor.processResendRequest(): message already processed -&gt; discard. MsgSeqNo: 2147483647 FIX com.baxter.fix.FIXSession@3747c1db
[2011-05-31 15:11:25,137][DEBUG] - MessageSender.shutdown() invoked! TargetCompID: FIX
&gt;&gt;&gt;&gt;&gt;&gt;&gt;&gt;&gt;&gt;&gt;&gt;&gt;&gt;&gt;&gt;&gt;&gt;&gt;&gt;: 203 - MemUsageChanged: 1.0 0 0 0 0[2011-05-31 15:11:25,137][DEBUG] - MessageSenderWatchingThread.run(): started. TargetCompID: FIX
[2011-05-31 15:11:25,137][DEBUG] - MessageSenderWatchingThread.run(): finished... TargetCompID: FIX
[2011-05-31 15:11:25,137][DEBUG] - MessageProcessor.processResendRequest(): message already processed -&gt; discard. MsgSeqNo: 2147483647 FIX com.baxter.fix.FIXSession@3747c1db
[2011-05-31 15:11:25,137][DEBUG] - MessageSender.shutdown() invoked! TargetCompID: FIX
&gt;&gt;&gt;&gt;&gt;&gt;&gt;&gt;&gt;&gt;&gt;&gt;&gt;&gt;&gt;&gt;&gt;&gt;&gt;&gt;: 204 - MemUsageChanged: 1.0 0 0 0 0[2011-05-31 15:11:25,137][DEBUG] - MessageSenderWatchingThread.run(): started. TargetCompID: FIX
[2011-05-31 15:11:25,137][DEBUG] - MessageSenderWatchingThread.run(): finished... TargetCompID: FIX
[2011-05-31 15:11:25,138][DEBUG] - MessageProcessor.processResendRequest(): message already processed -&gt; discard. MsgSeqNo: 2147483647 FIX com.baxter.fix.FIXSession@3747c1db
[2011-05-31 15:11:25,138][DEBUG] - MessageSender.shutdown() invoked! TargetCompID: FIX
&gt;&gt;&gt;&gt;&gt;&gt;&gt;&gt;&gt;&gt;&gt;&gt;&gt;&gt;&gt;&gt;&gt;&gt;&gt;&gt;: 205 - MemUsageChanged: 1.0 0 1 0 0[2011-05-31 15:11:25,138][DEBUG] - MessageSenderWatchingThread.run(): started. TargetCompID: FIX
[2011-05-31 15:11:25,138][DEBUG] - MessageSenderWatchingThread.run(): finished... TargetCompID: FIX
[2011-05-31 15:11:25,138][DEBUG] - MessageProcessor.processResendRequest(): message already processed -&gt; discard. MsgSeqNo: 2147483647 FIX com.baxter.fix.FIXSession@3747c1db
[2011-05-31 15:11:25,138][DEBUG] - MessageSender.shutdown() invoked! TargetCompID: FIX
[2011-05-31 15:11:25,136][DEBUG] - MessageSenderWatchingThread.run(): started. TargetCompID: FIX
&gt;&gt;&gt;&gt;&gt;&gt;&gt;&gt;&gt;&gt;&gt;&gt;&gt;&gt;&gt;&gt;&gt;&gt;&gt;&gt;: 206 - MemUsageChanged: 1.0 0 0 0 0[2011-05-31 15:11:25,138][DEBUG] - MessageSenderWatchingThread.run(): finished... TargetCompID: FIX
[2011-05-31 15:11:25,138][DEBUG] - MessageSenderWatchingThread.run(): started. TargetCompID: FIX
[2011-05-31 15:11:25,138][DEBUG] - MessageSenderWatchingThread.run(): finished... TargetCompID: FIX
[2011-05-31 15:11:25,138][DEBUG] - MessageProcessor.processResendRequest(): message already processed -&gt; discard. MsgSeqNo: 2147483647 FIX com.baxter.fix.FIXSession@3747c1db
[2011-05-31 15:11:25,139][DEBUG] - MessageSender.shutdown() invoked! TargetCompID: FIX
&gt;&gt;&gt;&gt;&gt;&gt;&gt;&gt;&gt;&gt;&gt;&gt;&gt;&gt;&gt;&gt;&gt;&gt;&gt;&gt;: 207 - MemUsageChanged: 1.0 0 1 0 0[2011-05-31 15:11:25,139][DEBUG] - MessageSenderWatchingThread.run(): started. TargetCompID: FIX
[2011-05-31 15:11:25,139][DEBUG] - MessageSenderWatchingThread.run(): finished... TargetCompID: FIX
[2011-05-31 15:11:25,139][DEBUG] - MessageProcessor.processResendRequest(): message already processed -&gt; discard. MsgSeqNo: 2147483647 FIX com.baxter.fix.FIXSession@3747c1db
[2011-05-31 15:11:25,139][DEBUG] - MessageSender.shutdown() invoked! TargetCompID: FIX
&gt;&gt;&gt;&gt;&gt;&gt;&gt;&gt;&gt;&gt;&gt;&gt;&gt;&gt;&gt;&gt;&gt;&gt;&gt;&gt;: 208 - MemUsageChanged: 1.0 0 0 0 0[2011-05-31 15:11:25,139][DEBUG] - MessageSenderWatchingThread.run(): started. TargetCompID: FIX
[2011-05-31 15:11:25,139][DEBUG] - MessageSenderWatchingThread.run(): finished... TargetCompID: FIX
[2011-05-31 15:11:25,139][DEBUG] - MessageProcessor.processResendRequest(): message already processed -&gt; discard. MsgSeqNo: 2147483647 FIX com.baxter.fix.FIXSession@3747c1db
[2011-05-31 15:11:25,139][DEBUG] - MessageSender.shutdown() invoked! TargetCompID: FIX
&gt;&gt;&gt;&gt;&gt;&gt;&gt;&gt;&gt;&gt;&gt;&gt;&gt;&gt;&gt;&gt;&gt;&gt;&gt;&gt;: 209 - MemUsageChanged: 1.0 0 0 0 0[2011-05-31 15:11:25,139][DEBUG] - MessageSenderWatchingThread.run(): started. TargetCompID: FIX
[2011-05-31 15:11:25,139][DEBUG] - MessageSenderWatchingThread.run(): finished... TargetCompID: FIX
[2011-05-31 15:11:25,139][DEBUG] - MessageProcessor.processResendRequest(): message already processed -&gt; discard. MsgSeqNo: 2147483647 FIX com.baxter.fix.FIXSession@3747c1db
[2011-05-31 15:11:25,139][DEBUG] - MessageSender.shutdown() invoked! TargetCompID: FIX
&gt;&gt;&gt;&gt;&gt;&gt;&gt;&gt;&gt;&gt;&gt;&gt;&gt;&gt;&gt;&gt;&gt;&gt;&gt;&gt;: 210 - MemUsageChanged: 1.0 0 0 0 0[2011-05-31 15:11:25,140][DEBUG] - MessageSenderWatchingThread.run(): started. TargetCompID: FIX
[2011-05-31 15:11:25,140][DEBUG] - MessageSenderWatchingThread.run(): finished... TargetCompID: FIX
[2011-05-31 15:11:25,140][DEBUG] - MessageProcessor.processResendRequest(): message already processed -&gt; discard. MsgSeqNo: 2147483647 FIX com.baxter.fix.FIXSession@3747c1db
[2011-05-31 15:11:25,140][DEBUG] - MessageSender.shutdown() invoked! TargetCompID: FIX
&gt;&gt;&gt;&gt;&gt;&gt;&gt;&gt;&gt;&gt;&gt;&gt;&gt;&gt;&gt;&gt;&gt;&gt;&gt;&gt;: 211 - MemUsageChanged: 1.0 0 0 0 0[2011-05-31 15:11:25,140][DEBUG] - MessageSenderWatchingThread.run(): started. TargetCompID: FIX
[2011-05-31 15:11:25,140][DEBUG] - MessageSenderWatchingThread.run(): finished... TargetCompID: FIX
[2011-05-31 15:11:25,140][DEBUG] - MessageProcessor.processResendRequest(): message already processed -&gt; discard. MsgSeqNo: 2147483647 FIX com.baxter.fix.FIXSession@3747c1db
[2011-05-31 15:11:25,140][DEBUG] - MessageSender.shutdown() invoked! TargetCompID: FIX
&gt;&gt;&gt;&gt;&gt;&gt;&gt;&gt;&gt;&gt;&gt;&gt;&gt;&gt;&gt;&gt;&gt;&gt;&gt;&gt;: 212 - MemUsageChanged: 1.0 0 0 0 0[2011-05-31 15:11:25,140][DEBUG] - MessageSenderWatchingThread.run(): started. TargetCompID: FIX
[2011-05-31 15:11:25,140][DEBUG] - MessageSenderWatchingThread.run(): finished... TargetCompID: FIX
[2011-05-31 15:11:25,140][DEBUG] - MessageProcessor.processResendRequest(): message already processed -&gt; discard. MsgSeqNo: 2147483647 FIX com.baxter.fix.FIXSession@3747c1db
[2011-05-31 15:11:25,140][DEBUG] - MessageSenderWatchingThread.run(): started. TargetCompID: FIX
[2011-05-31 15:11:25,140][DEBUG] - MessageSender.shutdown() invoked! TargetCompID: FIX
&gt;&gt;&gt;&gt;&gt;&gt;&gt;&gt;&gt;&gt;&gt;&gt;&gt;&gt;&gt;&gt;&gt;&gt;&gt;&gt;: 213 - MemUsageChanged: 1.0 0 0 0 0[2011-05-31 15:11:25,140][DEBUG] - MessageSenderWatchingThread.run(): finished... TargetCompID: FIX
[2011-05-31 15:11:25,141][DEBUG] - MessageProcessor.processResendRequest(): message already processed -&gt; discard. MsgSeqNo: 2147483647 FIX com.baxter.fix.FIXSession@3747c1db
[2011-05-31 15:11:25,141][DEBUG] - MessageSender.shutdown() invoked! TargetCompID: FIX
&gt;&gt;&gt;&gt;&gt;&gt;&gt;&gt;&gt;&gt;&gt;&gt;&gt;&gt;&gt;&gt;&gt;&gt;&gt;&gt;: 214 - MemUsageChanged: 1.0 1 0 0 0[2011-05-31 15:11:25,141][DEBUG] - MessageSenderWatchingThread.run(): started. TargetCompID: FIX
[2011-05-31 15:11:25,141][DEBUG] - MessageSenderWatchingThread.run(): started. TargetCompID: FIX
[2011-05-31 15:11:25,141][DEBUG] - MessageProcessor.processResendRequest(): message already processed -&gt; discard. MsgSeqNo: 2147483647 FIX com.baxter.fix.FIXSession@3747c1db
[2011-05-31 15:11:25,141][DEBUG] - MessageSenderWatchingThread.run(): finished... TargetCompID: FIX
[2011-05-31 15:11:25,141][DEBUG] - MessageSender.shutdown() invoked! TargetCompID: FIX
&gt;&gt;&gt;&gt;&gt;&gt;&gt;&gt;&gt;&gt;&gt;&gt;&gt;&gt;&gt;&gt;&gt;&gt;&gt;&gt;: 215 - MemUsageChanged: 1.0 0 0 0 0[2011-05-31 15:11:25,141][DEBUG] - MessageSenderWatchingThread.run(): finished... TargetCompID: FIX
[2011-05-31 15:11:25,141][DEBUG] - MessageProcessor.processResendRequest(): message already processed -&gt; discard. MsgSeqNo: 2147483647 FIX com.baxter.fix.FIXSession@3747c1db
[2011-05-31 15:11:25,141][DEBUG] - MessageSender.shutdown() invoked! TargetCompID: FIX
&gt;&gt;&gt;&gt;&gt;&gt;&gt;&gt;&gt;&gt;&gt;&gt;&gt;&gt;&gt;&gt;&gt;&gt;&gt;&gt;: 216 - MemUsageChanged: 1.0 0 0 0 0[2011-05-31 15:11:25,141][DEBUG] - MessageSenderWatchingThread.run(): started. TargetCompID: FIX
[2011-05-31 15:11:25,141][DEBUG] - MessageSenderWatchingThread.run(): finished... TargetCompID: FIX
[2011-05-31 15:11:25,141][DEBUG] - MessageProcessor.processResendRequest(): message already processed -&gt; discard. MsgSeqNo: 2147483647 FIX com.baxter.fix.FIXSession@3747c1db
[2011-05-31 15:11:25,142][DEBUG] - MessageSender.shutdown() invoked! TargetCompID: FIX
&gt;&gt;&gt;&gt;&gt;&gt;&gt;&gt;&gt;&gt;&gt;&gt;&gt;&gt;&gt;&gt;&gt;&gt;&gt;&gt;: 217 - MemUsageChanged: 1.0 0 1 0 0[2011-05-31 15:11:25,142][DEBUG] - MessageSenderWatchingThread.run(): started. TargetCompID: FIX
[2011-05-31 15:11:25,142][DEBUG] - MessageSenderWatchingThread.run(): finished... TargetCompID: FIX
[2011-05-31 15:11:25,142][DEBUG] - MessageProcessor.processResendRequest(): message already processed -&gt; discard. MsgSeqNo: 2147483647 FIX com.baxter.fix.FIXSession@3747c1db
[2011-05-31 15:11:25,142][DEBUG] - MessageSender.shutdown() invoked! TargetCompID: FIX
&gt;&gt;&gt;&gt;&gt;&gt;&gt;&gt;&gt;&gt;&gt;&gt;&gt;&gt;&gt;&gt;&gt;&gt;&gt;&gt;: 218 - MemUsageChanged: 1.0 0 0 0 0[2011-05-31 15:11:25,142][DEBUG] - MessageSenderWatchingThread.run(): started. TargetCompID: FIX
[2011-05-31 15:11:25,142][DEBUG] - MessageSenderWatchingThread.run(): finished... TargetCompID: FIX
[2011-05-31 15:11:25,142][DEBUG] - MessageProcessor.processResendRequest(): message already processed -&gt; discard. MsgSeqNo: 2147483647 FIX com.baxter.fix.FIXSession@3747c1db
[2011-05-31 15:11:25,142][DEBUG] - MessageSender.shutdown() invoked! TargetCompID: FIX
&gt;&gt;&gt;&gt;&gt;&gt;&gt;&gt;&gt;&gt;&gt;&gt;&gt;&gt;&gt;&gt;&gt;&gt;&gt;&gt;: 219 - MemUsageChanged: 1.0 0 0 0 0[2011-05-31 15:11:25,142][DEBUG] - MessageSenderWatchingThread.run(): started. TargetCompID: FIX
[2011-05-31 15:11:25,142][DEBUG] - MessageSenderWatchingThread.run(): finished... TargetCompID: FIX
[2011-05-31 15:11:25,142][DEBUG] - MessageProcessor.processResendRequest(): message already processed -&gt; discard. MsgSeqNo: 2147483647 FIX com.baxter.fix.FIXSession@3747c1db
[2011-05-31 15:11:25,142][DEBUG] - MessageSender.shutdown() invoked! TargetCompID: FIX
&gt;&gt;&gt;&gt;&gt;&gt;&gt;&gt;&gt;&gt;&gt;&gt;&gt;&gt;&gt;&gt;&gt;&gt;&gt;&gt;: 220 - MemUsageChanged: 1.0 0 0 0 0[2011-05-31 15:11:25,143][DEBUG] - MessageSenderWatchingThread.run(): started. TargetCompID: FIX
[2011-05-31 15:11:25,143][DEBUG] - MessageSenderWatchingThread.run(): finished... TargetCompID: FIX
[2011-05-31 15:11:25,156][DEBUG] - MessageProcessor.processResendRequest(): message already processed -&gt; discard. MsgSeqNo: 2147483647 FIX com.baxter.fix.FIXSession@3747c1db
[2011-05-31 15:11:25,156][DEBUG] - MessageSenderWatchingThread.run(): started. TargetCompID: FIX
[2011-05-31 15:11:25,157][DEBUG] - MessageSender.shutdown() invoked! TargetCompID: FIX
[2011-05-31 15:11:25,157][DEBUG] - MessageSenderWatchingThread.run(): finished... TargetCompID: FIX
&gt;&gt;&gt;&gt;&gt;&gt;&gt;&gt;&gt;&gt;&gt;&gt;&gt;&gt;&gt;&gt;&gt;&gt;&gt;&gt;: 221 - MemUsageChanged: 1.0 13 1 0 0[2011-05-31 15:11:25,157][DEBUG] - MessageProcessor.processResendRequest(): message already processed -&gt; discard. MsgSeqNo: 2147483647 FIX com.baxter.fix.FIXSession@3747c1db
[2011-05-31 15:11:25,157][DEBUG] - MessageSenderWatchingThread.run(): started. TargetCompID: FIX
[2011-05-31 15:11:25,157][DEBUG] - MessageSender.shutdown() invoked! TargetCompID: FIX
&gt;&gt;&gt;&gt;&gt;&gt;&gt;&gt;&gt;&gt;&gt;&gt;&gt;&gt;&gt;&gt;&gt;&gt;&gt;&gt;: 222 - MemUsageChanged: 1.0 0 0 0 0[2011-05-31 15:11:25,157][DEBUG] - MessageSenderWatchingThread.run(): finished... TargetCompID: FIX
[2011-05-31 15:11:25,157][DEBUG] - MessageSenderWatchingThread.run(): started. TargetCompID: FIX
[2011-05-31 15:11:25,157][DEBUG] - MessageProcessor.processResendRequest(): message already processed -&gt; discard. MsgSeqNo: 2147483647 FIX com.baxter.fix.FIXSession@3747c1db
[2011-05-31 15:11:25,157][DEBUG] - MessageSender.shutdown() invoked! TargetCompID: FIX
&gt;&gt;&gt;&gt;&gt;&gt;&gt;&gt;&gt;&gt;&gt;&gt;&gt;&gt;&gt;&gt;&gt;&gt;&gt;&gt;: 223 - MemUsageChanged: 1.0 0 0 0 0[2011-05-31 15:11:25,157][DEBUG] - MessageSenderWatchingThread.run(): finished... TargetCompID: FIX
[2011-05-31 15:11:25,157][DEBUG] - MessageProcessor.processResendRequest(): message already processed -&gt; discard. MsgSeqNo: 2147483647 FIX com.baxter.fix.FIXSession@3747c1db
[2011-05-31 15:11:25,157][DEBUG] - MessageSenderWatchingThread.run(): started. TargetCompID: FIX
[2011-05-31 15:11:25,157][DEBUG] - MessageSender.shutdown() invoked! TargetCompID: FIX
&gt;&gt;&gt;&gt;&gt;&gt;&gt;&gt;&gt;&gt;&gt;&gt;&gt;&gt;&gt;&gt;&gt;&gt;&gt;&gt;: 224 - MemUsageChanged: 1.0 0 0 0 0[2011-05-31 15:11:25,157][DEBUG] - MessageSenderWatchingThread.run(): finished... TargetCompID: FIX
[2011-05-31 15:11:25,158][DEBUG] - MessageProcessor.processResendRequest(): message already processed -&gt; discard. MsgSeqNo: 2147483647 FIX com.baxter.fix.FIXSession@3747c1db
[2011-05-31 15:11:25,158][DEBUG] - MessageSenderWatchingThread.run(): started. TargetCompID: FIX
[2011-05-31 15:11:25,158][DEBUG] - MessageSender.shutdown() invoked! TargetCompID: FIX
&gt;&gt;&gt;&gt;&gt;&gt;&gt;&gt;&gt;&gt;&gt;&gt;&gt;&gt;&gt;&gt;&gt;&gt;&gt;&gt;: 225 - MemUsageChanged: 1.0 1 0 0 0[2011-05-31 15:11:25,158][DEBUG] - MessageSenderWatchingThread.run(): finished... TargetCompID: FIX
[2011-05-31 15:11:25,158][DEBUG] - MessageProcessor.processResendRequest(): message already processed -&gt; discard. MsgSeqNo: 2147483647 FIX com.baxter.fix.FIXSession@3747c1db
[2011-05-31 15:11:25,158][DEBUG] - MessageSenderWatchingThread.run(): started. TargetCompID: FIX
[2011-05-31 15:11:25,158][DEBUG] - MessageSender.shutdown() invoked! TargetCompID: FIX
&gt;&gt;&gt;&gt;&gt;&gt;&gt;&gt;&gt;&gt;&gt;&gt;&gt;&gt;&gt;&gt;&gt;&gt;&gt;&gt;: 226 - MemUsageChanged: 1.0 0 0 0 0[2011-05-31 15:11:25,158][DEBUG] - MessageSenderWatchingThread.run(): finished... TargetCompID: FIX
[2011-05-31 15:11:25,158][DEBUG] - MessageProcessor.processResendRequest(): message already processed -&gt; discard. MsgSeqNo: 2147483647 FIX com.baxter.fix.FIXSession@3747c1db
[2011-05-31 15:11:25,158][DEBUG] - MessageSenderWatchingThread.run(): started. TargetCompID: FIX
[2011-05-31 15:11:25,158][DEBUG] - MessageSender.shutdown() invoked! TargetCompID: FIX
&gt;&gt;&gt;&gt;&gt;&gt;&gt;&gt;&gt;&gt;&gt;&gt;&gt;&gt;&gt;&gt;&gt;&gt;&gt;&gt;: 227 - MemUsageChanged: 1.0 0 0 0 0[2011-05-31 15:11:25,158][DEBUG] - MessageSenderWatchingThread.run(): finished... TargetCompID: FIX
[2011-05-31 15:11:25,158][DEBUG] - MessageProcessor.processResendRequest(): message already processed -&gt; discard. MsgSeqNo: 2147483647 FIX com.baxter.fix.FIXSession@3747c1db
[2011-05-31 15:11:25,158][DEBUG] - MessageSenderWatchingThread.run(): started. TargetCompID: FIX
[2011-05-31 15:11:25,158][DEBUG] - MessageSender.shutdown() invoked! TargetCompID: FIX
&gt;&gt;&gt;&gt;&gt;&gt;&gt;&gt;&gt;&gt;&gt;&gt;&gt;&gt;&gt;&gt;&gt;&gt;&gt;&gt;: 228 - MemUsageChanged: 1.0 0 0 0 0[2011-05-31 15:11:25,158][DEBUG] - MessageSenderWatchingThread.run(): finished... TargetCompID: FIX
[2011-05-31 15:11:25,159][DEBUG] - MessageProcessor.processResendRequest(): message already processed -&gt; discard. MsgSeqNo: 2147483647 FIX com.baxter.fix.FIXSession@3747c1db
[2011-05-31 15:11:25,159][DEBUG] - MessageSender.shutdown() invoked! TargetCompID: FIX
&gt;&gt;&gt;&gt;&gt;&gt;&gt;&gt;&gt;&gt;&gt;&gt;&gt;&gt;&gt;&gt;&gt;&gt;&gt;&gt;: 229 - MemUsageChanged: 1.0 1 0 0 0[2011-05-31 15:11:25,159][DEBUG] - MessageSenderWatchingThread.run(): started. TargetCompID: FIX
[2011-05-31 15:11:25,159][DEBUG] - MessageSenderWatchingThread.run(): finished... TargetCompID: FIX
[2011-05-31 15:11:25,159][DEBUG] - MessageProcessor.processResendRequest(): message already processed -&gt; discard. MsgSeqNo: 2147483647 FIX com.baxter.fix.FIXSession@3747c1db
[2011-05-31 15:11:25,159][DEBUG] - MessageSenderWatchingThread.run(): started. TargetCompID: FIX
[2011-05-31 15:11:25,159][DEBUG] - MessageSender.shutdown() invoked! TargetCompID: FIX
&gt;&gt;&gt;&gt;&gt;&gt;&gt;&gt;&gt;&gt;&gt;&gt;&gt;&gt;&gt;&gt;&gt;&gt;&gt;&gt;: 230 - MemUsageChanged: 1.0 0 0 0 0[2011-05-31 15:11:25,159][DEBUG] - MessageSenderWatchingThread.run(): finished... TargetCompID: FIX
[2011-05-31 15:11:25,159][DEBUG] - MessageProcessor.processResendRequest(): message already processed -&gt; discard. MsgSeqNo: 2147483647 FIX com.baxter.fix.FIXSession@3747c1db
[2011-05-31 15:11:25,159][DEBUG] - MessageSenderWatchingThread.run(): started. TargetCompID: FIX
[2011-05-31 15:11:25,159][DEBUG] - MessageSender.shutdown() invoked! TargetCompID: FIX
&gt;&gt;&gt;&gt;&gt;&gt;&gt;&gt;&gt;&gt;&gt;&gt;&gt;&gt;&gt;&gt;&gt;&gt;&gt;&gt;: 231 - MemUsageChanged: 1.0 0 0 0 0[2011-05-31 15:11:25,159][DEBUG] - MessageSenderWatchingThread.run(): finished... TargetCompID: FIX
[2011-05-31 15:11:25,159][DEBUG] - MessageProcessor.processResendRequest(): message already processed -&gt; discard. MsgSeqNo: 2147483647 FIX com.baxter.fix.FIXSession@3747c1db
[2011-05-31 15:11:25,159][DEBUG] - MessageSenderWatchingThread.run(): started. TargetCompID: FIX
[2011-05-31 15:11:25,159][DEBUG] - MessageSender.shutdown() invoked! TargetCompID: FIX
&gt;&gt;&gt;&gt;&gt;&gt;&gt;&gt;&gt;&gt;&gt;&gt;&gt;&gt;&gt;&gt;&gt;&gt;&gt;&gt;: 232 - MemUsageChanged: 1.0 0 0 0 0[2011-05-31 15:11:25,159][DEBUG] - MessageSenderWatchingThread.run(): finished... TargetCompID: FIX
[2011-05-31 15:11:25,160][DEBUG] - MessageProcessor.processResendRequest(): message already processed -&gt; discard. MsgSeqNo: 2147483647 FIX com.baxter.fix.FIXSession@3747c1db
[2011-05-31 15:11:25,160][DEBUG] - MessageSenderWatchingThread.run(): started. TargetCompID: FIX
[2011-05-31 15:11:25,160][DEBUG] - MessageSender.shutdown() invoked! TargetCompID: FIX
&gt;&gt;&gt;&gt;&gt;&gt;&gt;&gt;&gt;&gt;&gt;&gt;&gt;&gt;&gt;&gt;&gt;&gt;&gt;&gt;: 233 - MemUsageChanged: 1.0 1 0 0 0[2011-05-31 15:11:25,160][DEBUG] - MessageSenderWatchingThread.run(): finished... TargetCompID: FIX
[2011-05-31 15:11:25,160][DEBUG] - MessageProcessor.processResendRequest(): message already processed -&gt; discard. MsgSeqNo: 2147483647 FIX com.baxter.fix.FIXSession@3747c1db
[2011-05-31 15:11:25,160][DEBUG] - MessageSenderWatchingThread.run(): started. TargetCompID: FIX
[2011-05-31 15:11:25,160][DEBUG] - MessageSender.shutdown() invoked! TargetCompID: FIX
&gt;&gt;&gt;&gt;&gt;&gt;&gt;&gt;&gt;&gt;&gt;&gt;&gt;&gt;&gt;&gt;&gt;&gt;&gt;&gt;: 234 - MemUsageChanged: 1.0 0 0 0 0[2011-05-31 15:11:25,160][DEBUG] - MessageSenderWatchingThread.run(): finished... TargetCompID: FIX
[2011-05-31 15:11:25,160][DEBUG] - MessageProcessor.processResendRequest(): message already processed -&gt; discard. MsgSeqNo: 2147483647 FIX com.baxter.fix.FIXSession@3747c1db
[2011-05-31 15:11:25,160][DEBUG] - MessageSenderWatchingThread.run(): started. TargetCompID: FIX
[2011-05-31 15:11:25,160][DEBUG] - MessageSender.shutdown() invoked! TargetCompID: FIX
&gt;&gt;&gt;&gt;&gt;&gt;&gt;&gt;&gt;&gt;&gt;&gt;&gt;&gt;&gt;&gt;&gt;&gt;&gt;&gt;: 235 - MemUsageChanged: 1.0 0 0 0 0[2011-05-31 15:11:25,160][DEBUG] - MessageSenderWatchingThread.run(): finished... TargetCompID: FIX
[2011-05-31 15:11:25,160][DEBUG] - MessageProcessor.processResendRequest(): message already processed -&gt; discard. MsgSeqNo: 2147483647 FIX com.baxter.fix.FIXSession@3747c1db
[2011-05-31 15:11:25,160][DEBUG] - MessageSender.shutdown() invoked! TargetCompID: FIX
&gt;&gt;&gt;&gt;&gt;&gt;&gt;&gt;&gt;&gt;&gt;&gt;&gt;&gt;&gt;&gt;&gt;&gt;&gt;&gt;: 236 - MemUsageChanged: 1.0 0 0 0 0[2011-05-31 15:11:25,161][DEBUG] - MessageSenderWatchingThread.run(): started. TargetCompID: FIX
[2011-05-31 15:11:25,161][DEBUG] - MessageSenderWatchingThread.run(): finished... TargetCompID: FIX
[2011-05-31 15:11:25,161][DEBUG] - MessageProcessor.processResendRequest(): message already processed -&gt; discard. MsgSeqNo: 2147483647 FIX com.baxter.fix.FIXSession@3747c1db
[2011-05-31 15:11:25,161][DEBUG] - MessageSender.shutdown() invoked! TargetCompID: FIX
&gt;&gt;&gt;&gt;&gt;&gt;&gt;&gt;&gt;&gt;&gt;&gt;&gt;&gt;&gt;&gt;&gt;&gt;&gt;&gt;: 237 - MemUsageChanged: 1.0 1 0 0 0[2011-05-31 15:11:25,161][DEBUG] - MessageSenderWatchingThread.run(): started. TargetCompID: FIX
[2011-05-31 15:11:25,161][DEBUG] - MessageSenderWatchingThread.run(): finished... TargetCompID: FIX
[2011-05-31 15:11:25,161][DEBUG] - MessageProcessor.processResendRequest(): message already processed -&gt; discard. MsgSeqNo: 2147483647 FIX com.baxter.fix.FIXSession@3747c1db
[2011-05-31 15:11:25,161][DEBUG] - MessageSenderWatchingThread.run(): started. TargetCompID: FIX
[2011-05-31 15:11:25,161][DEBUG] - MessageSender.shutdown() invoked! TargetCompID: FIX
&gt;&gt;&gt;&gt;&gt;&gt;&gt;&gt;&gt;&gt;&gt;&gt;&gt;&gt;&gt;&gt;&gt;&gt;&gt;&gt;: 238 - MemUsageChanged: 1.0 0 0 0 0[2011-05-31 15:11:25,161][DEBUG] - MessageSenderWatchingThread.run(): finished... TargetCompID: FIX
[2011-05-31 15:11:25,161][DEBUG] - MessageProcessor.processResendRequest(): message already processed -&gt; discard. MsgSeqNo: 2147483647 FIX com.baxter.fix.FIXSession@3747c1db
[2011-05-31 15:11:25,161][DEBUG] - MessageSender.shutdown() invoked! TargetCompID: FIX
&gt;&gt;&gt;&gt;&gt;&gt;&gt;&gt;&gt;&gt;&gt;&gt;&gt;&gt;&gt;&gt;&gt;&gt;&gt;&gt;: 239 - MemUsageChanged: 1.0 0 0 0 0[2011-05-31 15:11:25,161][DEBUG] - MessageSenderWatchingThread.run(): started. TargetCompID: FIX
[2011-05-31 15:11:25,161][DEBUG] - MessageSenderWatchingThread.run(): finished... TargetCompID: FIX
[2011-05-31 15:11:25,162][DEBUG] - MessageProcessor.processResendRequest(): message already processed -&gt; discard. MsgSeqNo: 2147483647 FIX com.baxter.fix.FIXSession@3747c1db
[2011-05-31 15:11:25,162][DEBUG] - MessageSenderWatchingThread.run(): started. TargetCompID: FIX
[2011-05-31 15:11:25,162][DEBUG] - MessageSender.shutdown() invoked! TargetCompID: FIX
&gt;&gt;&gt;&gt;&gt;&gt;&gt;&gt;&gt;&gt;&gt;&gt;&gt;&gt;&gt;&gt;&gt;&gt;&gt;&gt;: 240 - MemUsageChanged: 1.0 1 0 0 0[2011-05-31 15:11:25,162][DEBUG] - MessageSenderWatchingThread.run(): finished... TargetCompID: FIX
[2011-05-31 15:11:25,162][DEBUG] - MessageProcessor.processResendRequest(): message already processed -&gt; discard. MsgSeqNo: 2147483647 FIX com.baxter.fix.FIXSession@3747c1db
[2011-05-31 15:11:25,162][DEBUG] - MessageSender.shutdown() invoked! TargetCompID: FIX
&gt;&gt;&gt;&gt;&gt;&gt;&gt;&gt;&gt;&gt;&gt;&gt;&gt;&gt;&gt;&gt;&gt;&gt;&gt;&gt;: 241 - MemUsageChanged: 1.0 0 0 0 0[2011-05-31 15:11:25,162][DEBUG] - MessageSenderWatchingThread.run(): started. TargetCompID: FIX
[2011-05-31 15:11:25,162][DEBUG] - MessageSenderWatchingThread.run(): finished... TargetCompID: FIX
[2011-05-31 15:11:25,162][DEBUG] - MessageProcessor.processResendRequest(): message already processed -&gt; discard. MsgSeqNo: 2147483647 FIX com.baxter.fix.FIXSession@3747c1db
[2011-05-31 15:11:25,162][DEBUG] - MessageSenderWatchingThread.run(): started. TargetCompID: FIX
[2011-05-31 15:11:25,162][DEBUG] - MessageSender.shutdown() invoked! TargetCompID: FIX
&gt;&gt;&gt;&gt;&gt;&gt;&gt;&gt;&gt;&gt;&gt;&gt;&gt;&gt;&gt;&gt;&gt;&gt;&gt;&gt;: 242 - MemUsageChanged: 1.0 0 0 0 0[2011-05-31 15:11:25,162][DEBUG] - MessageSenderWatchingThread.run(): finished... TargetCompID: FIX
[2011-05-31 15:11:25,162][DEBUG] - MessageProcessor.processResendRequest(): message already processed -&gt; discard. MsgSeqNo: 2147483647 FIX com.baxter.fix.FIXSession@3747c1db
[2011-05-31 15:11:25,162][DEBUG] - MessageSender.shutdown() invoked! TargetCompID: FIX
&gt;&gt;&gt;&gt;&gt;&gt;&gt;&gt;&gt;&gt;&gt;&gt;&gt;&gt;&gt;&gt;&gt;&gt;&gt;&gt;: 243 - MemUsageChanged: 1.0 0 0 0 0[2011-05-31 15:11:25,163][DEBUG] - MessageSenderWatchingThread.run(): started. TargetCompID: FIX
[2011-05-31 15:11:25,163][DEBUG] - MessageSenderWatchingThread.run(): finished... TargetCompID: FIX
[2011-05-31 15:11:25,163][DEBUG] - MessageProcessor.processResendRequest(): message already processed -&gt; discard. MsgSeqNo: 2147483647 FIX com.baxter.fix.FIXSession@3747c1db
[2011-05-31 15:11:25,163][DEBUG] - MessageSenderWatchingThread.run(): started. TargetCompID: FIX
[2011-05-31 15:11:25,163][DEBUG] - MessageSender.shutdown() invoked! TargetCompID: FIX
&gt;&gt;&gt;&gt;&gt;&gt;&gt;&gt;&gt;&gt;&gt;&gt;&gt;&gt;&gt;&gt;&gt;&gt;&gt;&gt;: 244 - MemUsageChanged: 1.0 1 0 0 0[2011-05-31 15:11:25,163][DEBUG] - MessageSenderWatchingThread.run(): finished... TargetCompID: FIX
[2011-05-31 15:11:25,163][DEBUG] - MessageProcessor.processResendRequest(): message already processed -&gt; discard. MsgSeqNo: 2147483647 FIX com.baxter.fix.FIXSession@3747c1db
[2011-05-31 15:11:25,163][DEBUG] - MessageSenderWatchingThread.run(): started. TargetCompID: FIX
[2011-05-31 15:11:25,163][DEBUG] - MessageSender.shutdown() invoked! TargetCompID: FIX
&gt;&gt;&gt;&gt;&gt;&gt;&gt;&gt;&gt;&gt;&gt;&gt;&gt;&gt;&gt;&gt;&gt;&gt;&gt;&gt;: 245 - MemUsageChanged: 1.0 0 0 0 0[2011-05-31 15:11:25,163][DEBUG] - MessageSenderWatchingThread.run(): finished... TargetCompID: FIX
[2011-05-31 15:11:25,163][DEBUG] - MessageProcessor.processResendRequest(): message already processed -&gt; discard. MsgSeqNo: 2147483647 FIX com.baxter.fix.FIXSession@3747c1db
[2011-05-31 15:11:25,163][DEBUG] - MessageSender.shutdown() invoked! TargetCompID: FIX
&gt;&gt;&gt;&gt;&gt;&gt;&gt;&gt;&gt;&gt;&gt;&gt;&gt;&gt;&gt;&gt;&gt;&gt;&gt;&gt;: 246 - MemUsageChanged: 1.0 0 0 0 0[2011-05-31 15:11:25,163][DEBUG] - MessageSenderWatchingThread.run(): started. TargetCompID: FIX
[2011-05-31 15:11:25,163][DEBUG] - MessageSenderWatchingThread.run(): finished... TargetCompID: FIX
[2011-05-31 15:11:25,163][DEBUG] - MessageProcessor.processResendRequest(): message already processed -&gt; discard. MsgSeqNo: 2147483647 FIX com.baxter.fix.FIXSession@3747c1db
[2011-05-31 15:11:25,163][DEBUG] - MessageSenderWatchingThread.run(): started. TargetCompID: FIX
[2011-05-31 15:11:25,163][DEBUG] - MessageSender.shutdown() invoked! TargetCompID: FIX
&gt;&gt;&gt;&gt;&gt;&gt;&gt;&gt;&gt;&gt;&gt;&gt;&gt;&gt;&gt;&gt;&gt;&gt;&gt;&gt;: 247 - MemUsageChanged: 1.0 0 0 1 0[2011-05-31 15:11:25,164][DEBUG] - MessageSenderWatchingThread.run(): finished... TargetCompID: FIX
[2011-05-31 15:11:25,164][DEBUG] - MessageProcessor.processResendRequest(): message already processed -&gt; discard. MsgSeqNo: 2147483647 FIX com.baxter.fix.FIXSession@3747c1db
[2011-05-31 15:11:25,164][DEBUG] - MessageSender.shutdown() invoked! TargetCompID: FIX
&gt;&gt;&gt;&gt;&gt;&gt;&gt;&gt;&gt;&gt;&gt;&gt;&gt;&gt;&gt;&gt;&gt;&gt;&gt;&gt;: 248 - MemUsageChanged: 1.0 0 0 0 0[2011-05-31 15:11:25,164][DEBUG] - MessageSenderWatchingThread.run(): started. TargetCompID: FIX
[2011-05-31 15:11:25,164][DEBUG] - MessageSenderWatchingThread.run(): finished... TargetCompID: FIX
[2011-05-31 15:11:25,164][DEBUG] - MessageProcessor.processResendRequest(): message already processed -&gt; discard. MsgSeqNo: 2147483647 FIX com.baxter.fix.FIXSession@3747c1db
[2011-05-31 15:11:25,164][DEBUG] - MessageSenderWatchingThread.run(): started. TargetCompID: FIX
[2011-05-31 15:11:25,164][DEBUG] - MessageSender.shutdown() invoked! TargetCompID: FIX
&gt;&gt;&gt;&gt;&gt;&gt;&gt;&gt;&gt;&gt;&gt;&gt;&gt;&gt;&gt;&gt;&gt;&gt;&gt;&gt;: 249 - MemUsageChanged: 1.0 0 0 0 0[2011-05-31 15:11:25,164][DEBUG] - MessageSenderWatchingThread.run(): finished... TargetCompID: FIX
[2011-05-31 15:11:25,164][DEBUG] - MessageProcessor.processResendRequest(): message already processed -&gt; discard. MsgSeqNo: 2147483647 FIX com.baxter.fix.FIXSession@3747c1db
[2011-05-31 15:11:25,164][DEBUG] - MessageSender.shutdown() invoked! TargetCompID: FIX
&gt;&gt;&gt;&gt;&gt;&gt;&gt;&gt;&gt;&gt;&gt;&gt;&gt;&gt;&gt;&gt;&gt;&gt;&gt;&gt;: 250 - MemUsageChanged: 1.0 0 0 0 0[2011-05-31 15:11:25,164][DEBUG] - MessageSenderWatchingThread.run(): started. TargetCompID: FIX
[2011-05-31 15:11:25,165][DEBUG] - MessageSenderWatchingThread.run(): finished... TargetCompID: FIX
[2011-05-31 15:11:25,165][DEBUG] - MessageProcessor.processResendRequest(): message already processed -&gt; discard. MsgSeqNo: 2147483647 FIX com.baxter.fix.FIXSession@3747c1db
[2011-05-31 15:11:25,166][DEBUG] - MessageSenderWatchingThread.run(): started. TargetCompID: FIX
[2011-05-31 15:11:25,166][DEBUG] - MessageSender.shutdown() invoked! TargetCompID: FIX
[2011-05-31 15:11:25,166][DEBUG] - MessageSenderWatchingThread.run(): finished... TargetCompID: FIX
&gt;&gt;&gt;&gt;&gt;&gt;&gt;&gt;&gt;&gt;&gt;&gt;&gt;&gt;&gt;&gt;&gt;&gt;&gt;&gt;: 251 - MemUsageChanged: 1.0 1 1 0 0[2011-05-31 15:11:25,166][DEBUG] - MessageProcessor.processResendRequest(): message already processed -&gt; discard. MsgSeqNo: 2147483647 FIX com.baxter.fix.FIXSession@3747c1db
[2011-05-31 15:11:25,166][DEBUG] - MessageSender.shutdown() invoked! TargetCompID: FIX
&gt;&gt;&gt;&gt;&gt;&gt;&gt;&gt;&gt;&gt;&gt;&gt;&gt;&gt;&gt;&gt;&gt;&gt;&gt;&gt;: 252 - MemUsageChanged: 1.0 0 0 0 0[2011-05-31 15:11:25,166][DEBUG] - MessageSenderWatchingThread.run(): started. TargetCompID: FIX
[2011-05-31 15:11:25,166][DEBUG] - MessageSenderWatchingThread.run(): finished... TargetCompID: FIX
[2011-05-31 15:11:25,166][DEBUG] - MessageProcessor.processResendRequest(): message already processed -&gt; discard. MsgSeqNo: 2147483647 FIX com.baxter.fix.FIXSession@3747c1db
[2011-05-31 15:11:25,167][DEBUG] - MessageSender.shutdown() invoked! TargetCompID: FIX
&gt;&gt;&gt;&gt;&gt;&gt;&gt;&gt;&gt;&gt;&gt;&gt;&gt;&gt;&gt;&gt;&gt;&gt;&gt;&gt;: 253 - MemUsageChanged: 1.0 0 1 0 0[2011-05-31 15:11:25,167][DEBUG] - MessageSenderWatchingThread.run(): started. TargetCompID: FIX
[2011-05-31 15:11:25,167][DEBUG] - MessageSenderWatchingThread.run(): finished... TargetCompID: FIX
[2011-05-31 15:11:25,167][DEBUG] - MessageProcessor.processResendRequest(): message already processed -&gt; discard. MsgSeqNo: 2147483647 FIX com.baxter.fix.FIXSession@3747c1db
[2011-05-31 15:11:25,167][DEBUG] - MessageSender.shutdown() invoked! TargetCompID: FIX
&gt;&gt;&gt;&gt;&gt;&gt;&gt;&gt;&gt;&gt;&gt;&gt;&gt;&gt;&gt;&gt;&gt;&gt;&gt;&gt;: 254 - MemUsageChanged: 1.0 0 0 0 0[2011-05-31 15:11:25,167][DEBUG] - MessageSenderWatchingThread.run(): started. TargetCompID: FIX
[2011-05-31 15:11:25,167][DEBUG] - MessageSenderWatchingThread.run(): finished... TargetCompID: FIX
[2011-05-31 15:11:25,167][DEBUG] - MessageProcessor.processResendRequest(): message already processed -&gt; discard. MsgSeqNo: 2147483647 FIX com.baxter.fix.FIXSession@3747c1db
[2011-05-31 15:11:25,167][DEBUG] - MessageSender.shutdown() invoked! TargetCompID: FIX
&gt;&gt;&gt;&gt;&gt;&gt;&gt;&gt;&gt;&gt;&gt;&gt;&gt;&gt;&gt;&gt;&gt;&gt;&gt;&gt;: 255 - MemUsageChanged: 1.0 0 0 0 0[2011-05-31 15:11:25,167][DEBUG] - MessageSenderWatchingThread.run(): started. TargetCompID: FIX
[2011-05-31 15:11:25,167][DEBUG] - MessageSenderWatchingThread.run(): finished... TargetCompID: FIX
[2011-05-31 15:11:25,167][DEBUG] - MessageProcessor.processResendRequest(): message already processed -&gt; discard. MsgSeqNo: 2147483647 FIX com.baxter.fix.FIXSession@3747c1db
[2011-05-31 15:11:25,167][DEBUG] - MessageSender.shutdown() invoked! TargetCompID: FIX
&gt;&gt;&gt;&gt;&gt;&gt;&gt;&gt;&gt;&gt;&gt;&gt;&gt;&gt;&gt;&gt;&gt;&gt;&gt;&gt;: 256 - MemUsageChanged: 1.0 0 0 0 0[2011-05-31 15:11:25,168][DEBUG] - MessageSenderWatchingThread.run(): started. TargetCompID: FIX
[2011-05-31 15:11:25,168][DEBUG] - MessageSenderWatchingThread.run(): finished... TargetCompID: FIX
[2011-05-31 15:11:25,168][DEBUG] - MessageProcessor.processResendRequest(): message already processed -&gt; discard. MsgSeqNo: 2147483647 FIX com.baxter.fix.FIXSession@3747c1db
[2011-05-31 15:11:25,168][DEBUG] - MessageSender.shutdown() invoked! TargetCompID: FIX
&gt;&gt;&gt;&gt;&gt;&gt;&gt;&gt;&gt;&gt;&gt;&gt;&gt;&gt;&gt;&gt;&gt;&gt;&gt;&gt;: 257 - MemUsageChanged: 1.0 1 0 0 0[2011-05-31 15:11:25,168][DEBUG] - MessageSenderWatchingThread.run(): started. TargetCompID: FIX
[2011-05-31 15:11:25,168][DEBUG] - MessageSenderWatchingThread.run(): finished... TargetCompID: FIX
[2011-05-31 15:11:25,168][DEBUG] - MessageProcessor.processResendRequest(): message already processed -&gt; discard. MsgSeqNo: 2147483647 FIX com.baxter.fix.FIXSession@3747c1db
[2011-05-31 15:11:25,168][DEBUG] - MessageSender.shutdown() invoked! TargetCompID: FIX
&gt;&gt;&gt;&gt;&gt;&gt;&gt;&gt;&gt;&gt;&gt;&gt;&gt;&gt;&gt;&gt;&gt;&gt;&gt;&gt;: 258 - MemUsageChanged: 1.0 0 0 0 0[2011-05-31 15:11:25,168][DEBUG] - MessageSenderWatchingThread.run(): started. TargetCompID: FIX
[2011-05-31 15:11:25,168][DEBUG] - MessageSenderWatchingThread.run(): finished... TargetCompID: FIX
[2011-05-31 15:11:25,168][DEBUG] - MessageProcessor.processResendRequest(): message already processed -&gt; discard. MsgSeqNo: 2147483647 FIX com.baxter.fix.FIXSession@3747c1db
[2011-05-31 15:11:25,168][DEBUG] - MessageSenderWatchingThread.run(): started. TargetCompID: FIX
[2011-05-31 15:11:25,168][DEBUG] - MessageSender.shutdown() invoked! TargetCompID: FIX
&gt;&gt;&gt;&gt;&gt;&gt;&gt;&gt;&gt;&gt;&gt;&gt;&gt;&gt;&gt;&gt;&gt;&gt;&gt;&gt;: 259 - MemUsageChanged: 1.0 0 0 0 0[2011-05-31 15:11:25,168][DEBUG] - MessageSenderWatchingThread.run(): finished... TargetCompID: FIX
[2011-05-31 15:11:25,169][DEBUG] - MessageProcessor.processResendRequest(): message already processed -&gt; discard. MsgSeqNo: 2147483647 FIX com.baxter.fix.FIXSession@3747c1db
[2011-05-31 15:11:25,169][DEBUG] - MessageSender.shutdown() invoked! TargetCompID: FIX
&gt;&gt;&gt;&gt;&gt;&gt;&gt;&gt;&gt;&gt;&gt;&gt;&gt;&gt;&gt;&gt;&gt;&gt;&gt;&gt;: 260 - MemUsageChanged: 1.0 1 0 0 0[2011-05-31 15:11:25,169][DEBUG] - MessageSenderWatchingThread.run(): started. TargetCompID: FIX
[2011-05-31 15:11:25,169][DEBUG] - MessageSenderWatchingThread.run(): started. TargetCompID: FIX
[2011-05-31 15:11:25,169][DEBUG] - MessageProcessor.processResendRequest(): message already processed -&gt; discard. MsgSeqNo: 2147483647 FIX com.baxter.fix.FIXSession@3747c1db
[2011-05-31 15:11:25,169][DEBUG] - MessageSenderWatchingThread.run(): finished... TargetCompID: FIX
[2011-05-31 15:11:25,169][DEBUG] - MessageSender.shutdown() invoked! TargetCompID: FIX
&gt;&gt;&gt;&gt;&gt;&gt;&gt;&gt;&gt;&gt;&gt;&gt;&gt;&gt;&gt;&gt;&gt;&gt;&gt;&gt;: 261 - MemUsageChanged: 1.0 0 0 0 0[2011-05-31 15:11:25,169][DEBUG] - MessageSenderWatchingThread.run(): finished... TargetCompID: FIX
[2011-05-31 15:11:25,169][DEBUG] - MessageProcessor.processResendRequest(): message already processed -&gt; discard. MsgSeqNo: 2147483647 FIX com.baxter.fix.FIXSession@3747c1db
[2011-05-31 15:11:25,169][DEBUG] - MessageSender.shutdown() invoked! TargetCompID: FIX
&gt;&gt;&gt;&gt;&gt;&gt;&gt;&gt;&gt;&gt;&gt;&gt;&gt;&gt;&gt;&gt;&gt;&gt;&gt;&gt;: 262 - MemUsageChanged: 1.0 0 0 0 0[2011-05-31 15:11:25,169][DEBUG] - MessageSenderWatchingThread.run(): started. TargetCompID: FIX
[2011-05-31 15:11:25,169][DEBUG] - MessageSenderWatchingThread.run(): finished... TargetCompID: FIX
[2011-05-31 15:11:25,169][DEBUG] - MessageProcessor.processResendRequest(): message already processed -&gt; discard. MsgSeqNo: 2147483647 FIX com.baxter.fix.FIXSession@3747c1db
[2011-05-31 15:11:25,169][DEBUG] - MessageSender.shutdown() invoked! TargetCompID: FIX
&gt;&gt;&gt;&gt;&gt;&gt;&gt;&gt;&gt;&gt;&gt;&gt;&gt;&gt;&gt;&gt;&gt;&gt;&gt;&gt;: 263 - MemUsageChanged: 1.0 0 0 1 0[2011-05-31 15:11:25,170][DEBUG] - MessageSenderWatchingThread.run(): started. TargetCompID: FIX
[2011-05-31 15:11:25,170][DEBUG] - MessageSenderWatchingThread.run(): finished... TargetCompID: FIX
[2011-05-31 15:11:25,170][DEBUG] - MessageProcessor.processResendRequest(): message already processed -&gt; discard. MsgSeqNo: 2147483647 FIX com.baxter.fix.FIXSession@3747c1db
[2011-05-31 15:11:25,170][DEBUG] - MessageSender.shutdown() invoked! TargetCompID: FIX
&gt;&gt;&gt;&gt;&gt;&gt;&gt;&gt;&gt;&gt;&gt;&gt;&gt;&gt;&gt;&gt;&gt;&gt;&gt;&gt;: 264 - MemUsageChanged: 1.0 0 0 0 0[2011-05-31 15:11:25,170][DEBUG] - MessageSenderWatchingThread.run(): started. TargetCompID: FIX
[2011-05-31 15:11:25,170][DEBUG] - MessageSenderWatchingThread.run(): finished... TargetCompID: FIX
[2011-05-31 15:11:25,170][DEBUG] - MessageProcessor.processResendRequest(): message already processed -&gt; discard. MsgSeqNo: 2147483647 FIX com.baxter.fix.FIXSession@3747c1db
[2011-05-31 15:11:25,170][DEBUG] - MessageSender.shutdown() invoked! TargetCompID: FIX
&gt;&gt;&gt;&gt;&gt;&gt;&gt;&gt;&gt;&gt;&gt;&gt;&gt;&gt;&gt;&gt;&gt;&gt;&gt;&gt;: 265 - MemUsageChanged: 1.0 0 0 0 0[2011-05-31 15:11:25,170][DEBUG] - MessageSenderWatchingThread.run(): started. TargetCompID: FIX
[2011-05-31 15:11:25,170][DEBUG] - MessageSenderWatchingThread.run(): finished... TargetCompID: FIX
[2011-05-31 15:11:25,170][DEBUG] - MessageProcessor.processResendRequest(): message already processed -&gt; discard. MsgSeqNo: 2147483647 FIX com.baxter.fix.FIXSession@3747c1db
[2011-05-31 15:11:25,170][DEBUG] - MessageSender.shutdown() invoked! TargetCompID: FIX
&gt;&gt;&gt;&gt;&gt;&gt;&gt;&gt;&gt;&gt;&gt;&gt;&gt;&gt;&gt;&gt;&gt;&gt;&gt;&gt;: 266 - MemUsageChanged: 1.0 0 0 0 0[2011-05-31 15:11:25,171][DEBUG] - MessageSenderWatchingThread.run(): started. TargetCompID: FIX
[2011-05-31 15:11:25,171][DEBUG] - MessageSenderWatchingThread.run(): finished... TargetCompID: FIX
[2011-05-31 15:11:25,171][DEBUG] - MessageProcessor.processResendRequest(): message already processed -&gt; discard. MsgSeqNo: 2147483647 FIX com.baxter.fix.FIXSession@3747c1db
[2011-05-31 15:11:25,171][DEBUG] - MessageSender.shutdown() invoked! TargetCompID: FIX
&gt;&gt;&gt;&gt;&gt;&gt;&gt;&gt;&gt;&gt;&gt;&gt;&gt;&gt;&gt;&gt;&gt;&gt;&gt;&gt;: 267 - MemUsageChanged: 1.0 1 0 0 0[2011-05-31 15:11:25,171][DEBUG] - MessageSenderWatchingThread.run(): started. TargetCompID: FIX
[2011-05-31 15:11:25,171][DEBUG] - MessageSenderWatchingThread.run(): finished... TargetCompID: FIX
[2011-05-31 15:11:25,171][DEBUG] - MessageProcessor.processResendRequest(): message already processed -&gt; discard. MsgSeqNo: 2147483647 FIX com.baxter.fix.FIXSession@3747c1db
[2011-05-31 15:11:25,171][DEBUG] - MessageSender.shutdown() invoked! TargetCompID: FIX
&gt;&gt;&gt;&gt;&gt;&gt;&gt;&gt;&gt;&gt;&gt;&gt;&gt;&gt;&gt;&gt;&gt;&gt;&gt;&gt;: 268 - MemUsageChanged: 1.0 0 0 0 0[2011-05-31 15:11:25,172][DEBUG] - MessageSenderWatchingThread.run(): started. TargetCompID: FIX
[2011-05-31 15:11:25,172][DEBUG] - MessageSenderWatchingThread.run(): finished... TargetCompID: FIX
[2011-05-31 15:11:25,172][DEBUG] - MessageProcessor.processResendRequest(): message already processed -&gt; discard. MsgSeqNo: 2147483647 FIX com.baxter.fix.FIXSession@3747c1db
[2011-05-31 15:11:25,172][DEBUG] - MessageSender.shutdown() invoked! TargetCompID: FIX
&gt;&gt;&gt;&gt;&gt;&gt;&gt;&gt;&gt;&gt;&gt;&gt;&gt;&gt;&gt;&gt;&gt;&gt;&gt;&gt;: 269 - MemUsageChanged: 1.0 0 0 0 0[2011-05-31 15:11:25,172][DEBUG] - MessageSenderWatchingThread.run(): started. TargetCompID: FIX
[2011-05-31 15:11:25,172][DEBUG] - MessageSenderWatchingThread.run(): finished... TargetCompID: FIX
[2011-05-31 15:11:25,172][DEBUG] - MessageProcessor.processResendRequest(): message already processed -&gt; discard. MsgSeqNo: 2147483647 FIX com.baxter.fix.FIXSession@3747c1db
[2011-05-31 15:11:25,172][DEBUG] - MessageSender.shutdown() invoked! TargetCompID: FIX
&gt;&gt;&gt;&gt;&gt;&gt;&gt;&gt;&gt;&gt;&gt;&gt;&gt;&gt;&gt;&gt;&gt;&gt;&gt;&gt;: 270 - MemUsageChanged: 1.0 0 0 0 0[2011-05-31 15:11:25,172][DEBUG] - MessageSenderWatchingThread.run(): started. TargetCompID: FIX
[2011-05-31 15:11:25,172][DEBUG] - MessageSenderWatchingThread.run(): finished... TargetCompID: FIX
[2011-05-31 15:11:25,172][DEBUG] - MessageProcessor.processResendRequest(): message already processed -&gt; discard. MsgSeqNo: 2147483647 FIX com.baxter.fix.FIXSession@3747c1db
[2011-05-31 15:11:25,172][DEBUG] - MessageSender.shutdown() invoked! TargetCompID: FIX
&gt;&gt;&gt;&gt;&gt;&gt;&gt;&gt;&gt;&gt;&gt;&gt;&gt;&gt;&gt;&gt;&gt;&gt;&gt;&gt;: 271 - MemUsageChanged: 1.0 0 0 0 0[2011-05-31 15:11:25,173][DEBUG] - MessageSenderWatchingThread.run(): started. TargetCompID: FIX
[2011-05-31 15:11:25,173][DEBUG] - MessageSenderWatchingThread.run(): finished... TargetCompID: FIX
[2011-05-31 15:11:25,173][DEBUG] - MessageProcessor.processResendRequest(): message already processed -&gt; discard. MsgSeqNo: 2147483647 FIX com.baxter.fix.FIXSession@3747c1db
[2011-05-31 15:11:25,173][DEBUG] - MessageSender.shutdown() invoked! TargetCompID: FIX
&gt;&gt;&gt;&gt;&gt;&gt;&gt;&gt;&gt;&gt;&gt;&gt;&gt;&gt;&gt;&gt;&gt;&gt;&gt;&gt;: 272 - MemUsageChanged: 1.0 1 0 0 0[2011-05-31 15:11:25,173][DEBUG] - MessageSenderWatchingThread.run(): started. TargetCompID: FIX
[2011-05-31 15:11:25,173][DEBUG] - MessageSenderWatchingThread.run(): started. TargetCompID: FIX
[2011-05-31 15:11:25,173][DEBUG] - MessageProcessor.processResendRequest(): message already processed -&gt; discard. MsgSeqNo: 2147483647 FIX com.baxter.fix.FIXSession@3747c1db
[2011-05-31 15:11:25,173][DEBUG] - MessageSender.shutdown() invoked! TargetCompID: FIX
&gt;&gt;&gt;&gt;&gt;&gt;&gt;&gt;&gt;&gt;&gt;&gt;&gt;&gt;&gt;&gt;&gt;&gt;&gt;&gt;: 273 - MemUsageChanged: 1.0 0 0 0 0[2011-05-31 15:11:25,173][DEBUG] - MessageSenderWatchingThread.run(): finished... TargetCompID: FIX
[2011-05-31 15:11:25,173][DEBUG] - MessageSenderWatchingThread.run(): finished... TargetCompID: FIX
[2011-05-31 15:11:25,173][DEBUG] - MessageProcessor.processResendRequest(): message already processed -&gt; discard. MsgSeqNo: 2147483647 FIX com.baxter.fix.FIXSession@3747c1db
[2011-05-31 15:11:25,173][DEBUG] - MessageSender.shutdown() invoked! TargetCompID: FIX
&gt;&gt;&gt;&gt;&gt;&gt;&gt;&gt;&gt;&gt;&gt;&gt;&gt;&gt;&gt;&gt;&gt;&gt;&gt;&gt;: 274 - MemUsageChanged: 1.0 0 0 0 0[2011-05-31 15:11:25,173][DEBUG] - MessageSenderWatchingThread.run(): started. TargetCompID: FIX
[2011-05-31 15:11:25,173][DEBUG] - MessageSenderWatchingThread.run(): finished... TargetCompID: FIX
[2011-05-31 15:11:25,174][DEBUG] - MessageProcessor.processResendRequest(): message already processed -&gt; discard. MsgSeqNo: 2147483647 FIX com.baxter.fix.FIXSession@3747c1db
[2011-05-31 15:11:25,174][DEBUG] - MessageSenderWatchingThread.run(): started. TargetCompID: FIX
[2011-05-31 15:11:25,174][DEBUG] - MessageSender.shutdown() invoked! TargetCompID: FIX
[2011-05-31 15:11:25,174][DEBUG] - MessageSenderWatchingThread.run(): finished... TargetCompID: FIX
&gt;&gt;&gt;&gt;&gt;&gt;&gt;&gt;&gt;&gt;&gt;&gt;&gt;&gt;&gt;&gt;&gt;&gt;&gt;&gt;: 275 - MemUsageChanged: 1.0 1 0 0 0[2011-05-31 15:11:25,174][DEBUG] - MessageProcessor.processResendRequest(): message already processed -&gt; discard. MsgSeqNo: 2147483647 FIX com.baxter.fix.FIXSession@3747c1db
[2011-05-31 15:11:25,174][DEBUG] - MessageSender.shutdown() invoked! TargetCompID: FIX
&gt;&gt;&gt;&gt;&gt;&gt;&gt;&gt;&gt;&gt;&gt;&gt;&gt;&gt;&gt;&gt;&gt;&gt;&gt;&gt;: 276 - MemUsageChanged: 1.0 0 0 0 0[2011-05-31 15:11:25,174][DEBUG] - MessageSenderWatchingThread.run(): started. TargetCompID: FIX
[2011-05-31 15:11:25,174][DEBUG] - MessageSenderWatchingThread.run(): finished... TargetCompID: FIX
[2011-05-31 15:11:25,174][DEBUG] - MessageProcessor.processResendRequest(): message already processed -&gt; discard. MsgSeqNo: 2147483647 FIX com.baxter.fix.FIXSession@3747c1db
[2011-05-31 15:11:25,174][DEBUG] - MessageSender.shutdown() invoked! TargetCompID: FIX
&gt;&gt;&gt;&gt;&gt;&gt;&gt;&gt;&gt;&gt;&gt;&gt;&gt;&gt;&gt;&gt;&gt;&gt;&gt;&gt;: 277 - MemUsageChanged: 1.0 0 0 0 0[2011-05-31 15:11:25,174][DEBUG] - MessageSenderWatchingThread.run(): started. TargetCompID: FIX
[2011-05-31 15:11:25,174][DEBUG] - MessageSenderWatchingThread.run(): finished... TargetCompID: FIX
[2011-05-31 15:11:25,175][DEBUG] - MessageProcessor.processResendRequest(): message already processed -&gt; discard. MsgSeqNo: 2147483647 FIX com.baxter.fix.FIXSession@3747c1db
[2011-05-31 15:11:25,175][DEBUG] - MessageSender.shutdown() invoked! TargetCompID: FIX
&gt;&gt;&gt;&gt;&gt;&gt;&gt;&gt;&gt;&gt;&gt;&gt;&gt;&gt;&gt;&gt;&gt;&gt;&gt;&gt;: 278 - MemUsageChanged: 1.0 1 0 0 0[2011-05-31 15:11:25,175][DEBUG] - MessageSenderWatchingThread.run(): started. TargetCompID: FIX
[2011-05-31 15:11:25,175][DEBUG] - MessageSenderWatchingThread.run(): finished... TargetCompID: FIX
[2011-05-31 15:11:25,175][DEBUG] - MessageProcessor.processResendRequest(): message already processed -&gt; discard. MsgSeqNo: 2147483647 FIX com.baxter.fix.FIXSession@3747c1db
[2011-05-31 15:11:25,175][DEBUG] - MessageSender.shutdown() invoked! TargetCompID: FIX
&gt;&gt;&gt;&gt;&gt;&gt;&gt;&gt;&gt;&gt;&gt;&gt;&gt;&gt;&gt;&gt;&gt;&gt;&gt;&gt;: 279 - MemUsageChanged: 1.0 0 0 0 0[2011-05-31 15:11:25,175][DEBUG] - MessageSenderWatchingThread.run(): started. TargetCompID: FIX
[2011-05-31 15:11:25,175][DEBUG] - MessageSenderWatchingThread.run(): finished... TargetCompID: FIX
[2011-05-31 15:11:25,175][DEBUG] - MessageProcessor.processResendRequest(): message already processed -&gt; discard. MsgSeqNo: 2147483647 FIX com.baxter.fix.FIXSession@3747c1db
[2011-05-31 15:11:25,175][DEBUG] - MessageSender.shutdown() invoked! TargetCompID: FIX
&gt;&gt;&gt;&gt;&gt;&gt;&gt;&gt;&gt;&gt;&gt;&gt;&gt;&gt;&gt;&gt;&gt;&gt;&gt;&gt;: 280 - MemUsageChanged: 1.0 0 0 0 0[2011-05-31 15:11:25,175][DEBUG] - MessageSenderWatchingThread.run(): started. TargetCompID: FIX
[2011-05-31 15:11:25,175][DEBUG] - MessageSenderWatchingThread.run(): finished... TargetCompID: FIX
[2011-05-31 15:11:25,175][DEBUG] - MessageProcessor.processResendRequest(): message already processed -&gt; discard. MsgSeqNo: 2147483647 FIX com.baxter.fix.FIXSession@3747c1db
[2011-05-31 15:11:25,175][DEBUG] - MessageSender.shutdown() invoked! TargetCompID: FIX
&gt;&gt;&gt;&gt;&gt;&gt;&gt;&gt;&gt;&gt;&gt;&gt;&gt;&gt;&gt;&gt;&gt;&gt;&gt;&gt;: 281 - MemUsageChanged: 1.0 0 0 1 0[2011-05-31 15:11:25,176][DEBUG] - MessageSenderWatchingThread.run(): started. TargetCompID: FIX
[2011-05-31 15:11:25,176][DEBUG] - MessageSenderWatchingThread.run(): finished... TargetCompID: FIX
[2011-05-31 15:11:25,176][DEBUG] - MessageProcessor.processResendRequest(): message already processed -&gt; discard. MsgSeqNo: 2147483647 FIX com.baxter.fix.FIXSession@3747c1db
[2011-05-31 15:11:25,176][DEBUG] - MessageSender.shutdown() invoked! TargetCompID: FIX
&gt;&gt;&gt;&gt;&gt;&gt;&gt;&gt;&gt;&gt;&gt;&gt;&gt;&gt;&gt;&gt;&gt;&gt;&gt;&gt;: 282 - MemUsageChanged: 1.0 0 0 0 0[2011-05-31 15:11:25,176][DEBUG] - MessageSenderWatchingThread.run(): started. TargetCompID: FIX
[2011-05-31 15:11:25,176][DEBUG] - MessageSenderWatchingThread.run(): finished... TargetCompID: FIX
[2011-05-31 15:11:25,176][DEBUG] - MessageProcessor.processResendRequest(): message already processed -&gt; discard. MsgSeqNo: 2147483647 FIX com.baxter.fix.FIXSession@3747c1db
[2011-05-31 15:11:25,176][DEBUG] - MessageSender.shutdown() invoked! TargetCompID: FIX
&gt;&gt;&gt;&gt;&gt;&gt;&gt;&gt;&gt;&gt;&gt;&gt;&gt;&gt;&gt;&gt;&gt;&gt;&gt;&gt;: 283 - MemUsageChanged: 1.0 0 0 0 0[2011-05-31 15:11:25,176][DEBUG] - MessageSenderWatchingThread.run(): started. TargetCompID: FIX
[2011-05-31 15:11:25,176][DEBUG] - MessageSenderWatchingThread.run(): finished... TargetCompID: FIX
[2011-05-31 15:11:25,176][DEBUG] - MessageProcessor.processResendRequest(): message already processed -&gt; discard. MsgSeqNo: 2147483647 FIX com.baxter.fix.FIXSession@3747c1db
[2011-05-31 15:11:25,176][DEBUG] - MessageSenderWatchingThread.run(): started. TargetCompID: FIX
[2011-05-31 15:11:25,176][DEBUG] - MessageSender.shutdown() invoked! TargetCompID: FIX
&gt;&gt;&gt;&gt;&gt;&gt;&gt;&gt;&gt;&gt;&gt;&gt;&gt;&gt;&gt;&gt;&gt;&gt;&gt;&gt;: 284 - MemUsageChanged: 1.0 0 0 0 0[2011-05-31 15:11:25,176][DEBUG] - MessageSenderWatchingThread.run(): finished... TargetCompID: FIX
[2011-05-31 15:11:25,177][DEBUG] - MessageProcessor.processResendRequest(): message already processed -&gt; discard. MsgSeqNo: 2147483647 FIX com.baxter.fix.FIXSession@3747c1db
[2011-05-31 15:11:25,177][DEBUG] - MessageSenderWatchingThread.run(): started. TargetCompID: FIX
[2011-05-31 15:11:25,177][DEBUG] - MessageSender.shutdown() invoked! TargetCompID: FIX
&gt;&gt;&gt;&gt;&gt;&gt;&gt;&gt;&gt;&gt;&gt;&gt;&gt;&gt;&gt;&gt;&gt;&gt;&gt;&gt;: 285 - MemUsageChanged: 1.0 0 0 0 0[2011-05-31 15:11:25,177][DEBUG] - MessageSenderWatchingThread.run(): finished... TargetCompID: FIX
[2011-05-31 15:11:25,177][DEBUG] - MessageProcessor.processResendRequest(): message already processed -&gt; discard. MsgSeqNo: 2147483647 FIX com.baxter.fix.FIXSession@3747c1db
[2011-05-31 15:11:25,177][DEBUG] - MessageSender.shutdown() invoked! TargetCompID: FIX
&gt;&gt;&gt;&gt;&gt;&gt;&gt;&gt;&gt;&gt;&gt;&gt;&gt;&gt;&gt;&gt;&gt;&gt;&gt;&gt;: 286 - MemUsageChanged: 1.0 0 0 0 0[2011-05-31 15:11:25,177][DEBUG] - MessageSenderWatchingThread.run(): started. TargetCompID: FIX
[2011-05-31 15:11:25,177][DEBUG] - MessageSenderWatchingThread.run(): finished... TargetCompID: FIX
[2011-05-31 15:11:25,177][DEBUG] - MessageProcessor.processResendRequest(): message already processed -&gt; discard. MsgSeqNo: 2147483647 FIX com.baxter.fix.FIXSession@3747c1db
[2011-05-31 15:11:25,177][DEBUG] - MessageSender.shutdown() invoked! TargetCompID: FIX
&gt;&gt;&gt;&gt;&gt;&gt;&gt;&gt;&gt;&gt;&gt;&gt;&gt;&gt;&gt;&gt;&gt;&gt;&gt;&gt;: 287 - MemUsageChanged: 1.0 0 0 0 0[2011-05-31 15:11:25,177][DEBUG] - MessageSenderWatchingThread.run(): started. TargetCompID: FIX
[2011-05-31 15:11:25,178][DEBUG] - MessageSenderWatchingThread.run(): finished... TargetCompID: FIX
[2011-05-31 15:11:25,178][DEBUG] - MessageProcessor.processResendRequest(): message already processed -&gt; discard. MsgSeqNo: 2147483647 FIX com.baxter.fix.FIXSession@3747c1db
[2011-05-31 15:11:25,178][DEBUG] - MessageSender.shutdown() invoked! TargetCompID: FIX
&gt;&gt;&gt;&gt;&gt;&gt;&gt;&gt;&gt;&gt;&gt;&gt;&gt;&gt;&gt;&gt;&gt;&gt;&gt;&gt;: 288 - MemUsageChanged: 1.0 1 0 0 0[2011-05-31 15:11:25,178][DEBUG] - MessageSenderWatchingThread.run(): started. TargetCompID: FIX
[2011-05-31 15:11:25,178][DEBUG] - MessageSenderWatchingThread.run(): finished... TargetCompID: FIX
[2011-05-31 15:11:25,178][DEBUG] - MessageProcessor.processResendRequest(): message already processed -&gt; discard. MsgSeqNo: 2147483647 FIX com.baxter.fix.FIXSession@3747c1db
[2011-05-31 15:11:25,178][DEBUG] - MessageSender.shutdown() invoked! TargetCompID: FIX
&gt;&gt;&gt;&gt;&gt;&gt;&gt;&gt;&gt;&gt;&gt;&gt;&gt;&gt;&gt;&gt;&gt;&gt;&gt;&gt;: 289 - MemUsageChanged: 1.0 0 0 0 0[2011-05-31 15:11:25,178][DEBUG] - MessageSenderWatchingThread.run(): started. TargetCompID: FIX
[2011-05-31 15:11:25,178][DEBUG] - MessageSenderWatchingThread.run(): finished... TargetCompID: FIX
[2011-05-31 15:11:25,178][DEBUG] - MessageProcessor.processResendRequest(): message already processed -&gt; discard. MsgSeqNo: 2147483647 FIX com.baxter.fix.FIXSession@3747c1db
[2011-05-31 15:11:25,178][DEBUG] - MessageSender.shutdown() invoked! TargetCompID: FIX
&gt;&gt;&gt;&gt;&gt;&gt;&gt;&gt;&gt;&gt;&gt;&gt;&gt;&gt;&gt;&gt;&gt;&gt;&gt;&gt;: 290 - MemUsageChanged: 1.0 0 0 0 0[2011-05-31 15:11:25,178][DEBUG] - MessageSenderWatchingThread.run(): started. TargetCompID: FIX
[2011-05-31 15:11:25,179][DEBUG] - MessageSenderWatchingThread.run(): finished... TargetCompID: FIX
[2011-05-31 15:11:25,179][DEBUG] - MessageProcessor.processResendRequest(): message already processed -&gt; discard. MsgSeqNo: 2147483647 FIX com.baxter.fix.FIXSession@3747c1db
[2011-05-31 15:11:25,179][DEBUG] - MessageSender.shutdown() invoked! TargetCompID: FIX
&gt;&gt;&gt;&gt;&gt;&gt;&gt;&gt;&gt;&gt;&gt;&gt;&gt;&gt;&gt;&gt;&gt;&gt;&gt;&gt;: 291 - MemUsageChanged: 1.0 1 0 0 0[2011-05-31 15:11:25,179][DEBUG] - MessageSenderWatchingThread.run(): started. TargetCompID: FIX
[2011-05-31 15:11:25,179][DEBUG] - MessageSenderWatchingThread.run(): finished... TargetCompID: FIX
[2011-05-31 15:11:25,179][DEBUG] - MessageProcessor.processResendRequest(): message already processed -&gt; discard. MsgSeqNo: 2147483647 FIX com.baxter.fix.FIXSession@3747c1db
[2011-05-31 15:11:25,179][DEBUG] - MessageSender.shutdown() invoked! TargetCompID: FIX
&gt;&gt;&gt;&gt;&gt;&gt;&gt;&gt;&gt;&gt;&gt;&gt;&gt;&gt;&gt;&gt;&gt;&gt;&gt;&gt;: 292 - MemUsageChanged: 1.0 0 0 0 0[2011-05-31 15:11:25,179][DEBUG] - MessageSenderWatchingThread.run(): started. TargetCompID: FIX
[2011-05-31 15:11:25,179][DEBUG] - MessageSenderWatchingThread.run(): finished... TargetCompID: FIX
[2011-05-31 15:11:25,179][DEBUG] - MessageProcessor.processResendRequest(): message already processed -&gt; discard. MsgSeqNo: 2147483647 FIX com.baxter.fix.FIXSession@3747c1db
[2011-05-31 15:11:25,182][DEBUG] - MessageSender.shutdown() invoked! TargetCompID: FIX
&gt;&gt;&gt;&gt;&gt;&gt;&gt;&gt;&gt;&gt;&gt;&gt;&gt;&gt;&gt;&gt;&gt;&gt;&gt;&gt;: 293 - MemUsageChanged: 1.0 0 3 0 0[2011-05-31 15:11:25,180][DEBUG] - MessageSenderWatchingThread.run(): started. TargetCompID: FIX
[2011-05-31 15:11:25,183][DEBUG] - MessageSenderWatchingThread.run(): finished... TargetCompID: FIX
[2011-05-31 15:11:25,185][DEBUG] - MessageProcessor.processResendRequest(): message already processed -&gt; discard. MsgSeqNo: 2147483647 FIX com.baxter.fix.FIXSession@3747c1db
[2011-05-31 15:11:25,185][DEBUG] - MessageSenderWatchingThread.run(): started. TargetCompID: FIX
[2011-05-31 15:11:25,185][DEBUG] - MessageSender.shutdown() invoked! TargetCompID: FIX
&gt;&gt;&gt;&gt;&gt;&gt;&gt;&gt;&gt;&gt;&gt;&gt;&gt;&gt;&gt;&gt;&gt;&gt;&gt;&gt;: 294 - MemUsageChanged: 1.0 3 0 0 0[2011-05-31 15:11:25,185][DEBUG] - MessageSenderWatchingThread.run(): finished... TargetCompID: FIX
[2011-05-31 15:11:25,185][DEBUG] - MessageSenderWatchingThread.run(): started. TargetCompID: FIX
[2011-05-31 15:11:25,185][DEBUG] - MessageProcessor.processResendRequest(): message already processed -&gt; discard. MsgSeqNo: 2147483647 FIX com.baxter.fix.FIXSession@3747c1db
[2011-05-31 15:11:25,198][DEBUG] - MessageSender.shutdown() invoked! TargetCompID: FIX
&gt;&gt;&gt;&gt;&gt;&gt;&gt;&gt;&gt;&gt;&gt;&gt;&gt;&gt;&gt;&gt;&gt;&gt;&gt;&gt;: 295 - MemUsageChanged: 1.0 0 13 0 0[2011-05-31 15:11:25,198][DEBUG] - MessageSenderWatchingThread.run(): finished... TargetCompID: FIX
[2011-05-31 15:11:25,198][DEBUG] - MessageProcessor.processResendRequest(): message already processed -&gt; discard. MsgSeqNo: 2147483647 FIX com.baxter.fix.FIXSession@3747c1db
[2011-05-31 15:11:25,198][DEBUG] - MessageSender.shutdown() invoked! TargetCompID: FIX
&gt;&gt;&gt;&gt;&gt;&gt;&gt;&gt;&gt;&gt;&gt;&gt;&gt;&gt;&gt;&gt;&gt;&gt;&gt;&gt;: 296 - MemUsageChanged: 1.0 0 0 0 0[2011-05-31 15:11:25,198][DEBUG] - MessageSenderWatchingThread.run(): started. TargetCompID: FIX
[2011-05-31 15:11:25,198][DEBUG] - MessageSenderWatchingThread.run(): finished... TargetCompID: FIX
[2011-05-31 15:11:25,199][DEBUG] - MessageProcessor.processResendRequest(): message already processed -&gt; discard. MsgSeqNo: 2147483647 FIX com.baxter.fix.FIXSession@3747c1db
[2011-05-31 15:11:25,199][DEBUG] - MessageSender.shutdown() invoked! TargetCompID: FIX
&gt;&gt;&gt;&gt;&gt;&gt;&gt;&gt;&gt;&gt;&gt;&gt;&gt;&gt;&gt;&gt;&gt;&gt;&gt;&gt;: 297 - MemUsageChanged: 1.0 1 0 0 0[2011-05-31 15:11:25,199][DEBUG] - MessageSenderWatchingThread.run(): started. TargetCompID: FIX
[2011-05-31 15:11:25,199][DEBUG] - MessageSenderWatchingThread.run(): finished... TargetCompID: FIX
[2011-05-31 15:11:25,199][DEBUG] - MessageSenderWatchingThread.run(): started. TargetCompID: FIX
[2011-05-31 15:11:25,199][DEBUG] - MessageProcessor.processResendRequest(): message already processed -&gt; discard. MsgSeqNo: 2147483647 FIX com.baxter.fix.FIXSession@3747c1db
[2011-05-31 15:11:25,199][DEBUG] - MessageSender.shutdown() invoked! TargetCompID: FIX
[2011-05-31 15:11:25,199][DEBUG] - MessageSenderWatchingThread.run(): finished... TargetCompID: FIX
&gt;&gt;&gt;&gt;&gt;&gt;&gt;&gt;&gt;&gt;&gt;&gt;&gt;&gt;&gt;&gt;&gt;&gt;&gt;&gt;: 298 - MemUsageChanged: 1.0 0 0 0 0[2011-05-31 15:11:25,199][DEBUG] - MessageProcessor.processResendRequest(): message already processed -&gt; discard. MsgSeqNo: 2147483647 FIX com.baxter.fix.FIXSession@3747c1db
[2011-05-31 15:11:25,199][DEBUG] - MessageSender.shutdown() invoked! TargetCompID: FIX
&gt;&gt;&gt;&gt;&gt;&gt;&gt;&gt;&gt;&gt;&gt;&gt;&gt;&gt;&gt;&gt;&gt;&gt;&gt;&gt;: 299 - MemUsageChanged: 1.0 0 0 0 0[2011-05-31 15:11:25,199][DEBUG] - MessageSenderWatchingThread.run(): started. TargetCompID: FIX
[2011-05-31 15:11:25,199][DEBUG] - MessageSenderWatchingThread.run(): finished... TargetCompID: FIX
[2011-05-31 15:11:25,200][DEBUG] - MessageProcessor.processResendRequest(): message already processed -&gt; discard. MsgSeqNo: 2147483647 FIX com.baxter.fix.FIXSession@3747c1db
[2011-05-31 15:11:25,200][DEBUG] - MessageSender.shutdown() invoked! TargetCompID: FIX
&gt;&gt;&gt;&gt;&gt;&gt;&gt;&gt;&gt;&gt;&gt;&gt;&gt;&gt;&gt;&gt;&gt;&gt;&gt;&gt;: 300 - MemUsageChanged: 1.0 1 0 0 0[2011-05-31 15:11:25,200][DEBUG] - MessageSenderWatchingThread.run(): started. TargetCompID: FIX
[2011-05-31 15:11:25,200][DEBUG] - MessageSenderWatchingThread.run(): finished... TargetCompID: FIX
[2011-05-31 15:11:25,200][DEBUG] - MessageProcessor.processResendRequest(): message already processed -&gt; discard. MsgSeqNo: 2147483647 FIX com.baxter.fix.FIXSession@3747c1db
[2011-05-31 15:11:25,200][DEBUG] - MessageSender.shutdown() invoked! TargetCompID: FIX
&gt;&gt;&gt;&gt;&gt;&gt;&gt;&gt;&gt;&gt;&gt;&gt;&gt;&gt;&gt;&gt;&gt;&gt;&gt;&gt;: 301 - MemUsageChanged: 1.0 0 0 0 0[2011-05-31 15:11:25,200][DEBUG] - MessageSenderWatchingThread.run(): started. TargetCompID: FIX
[2011-05-31 15:11:25,200][DEBUG] - MessageSenderWatchingThread.run(): finished... TargetCompID: FIX
[2011-05-31 15:11:25,200][DEBUG] - MessageProcessor.processResendRequest(): message already processed -&gt; discard. MsgSeqNo: 2147483647 FIX com.baxter.fix.FIXSession@3747c1db
[2011-05-31 15:11:25,200][DEBUG] - MessageSender.shutdown() invoked! TargetCompID: FIX
&gt;&gt;&gt;&gt;&gt;&gt;&gt;&gt;&gt;&gt;&gt;&gt;&gt;&gt;&gt;&gt;&gt;&gt;&gt;&gt;: 302 - MemUsageChanged: 1.0 0 0 0 0[2011-05-31 15:11:25,200][DEBUG] - MessageSenderWatchingThread.run(): started. TargetCompID: FIX
[2011-05-31 15:11:25,200][DEBUG] - MessageSenderWatchingThread.run(): finished... TargetCompID: FIX
[2011-05-31 15:11:25,200][DEBUG] - MessageProcessor.processResendRequest(): message already processed -&gt; discard. MsgSeqNo: 2147483647 FIX com.baxter.fix.FIXSession@3747c1db
[2011-05-31 15:11:25,200][DEBUG] - MessageSenderWatchingThread.run(): started. TargetCompID: FIX
[2011-05-31 15:11:25,200][DEBUG] - MessageSender.shutdown() invoked! TargetCompID: FIX
&gt;&gt;&gt;&gt;&gt;&gt;&gt;&gt;&gt;&gt;&gt;&gt;&gt;&gt;&gt;&gt;&gt;&gt;&gt;&gt;: 303 - MemUsageChanged: 1.0 0 0 1 0[2011-05-31 15:11:25,201][DEBUG] - MessageSenderWatchingThread.run(): finished... TargetCompID: FIX
[2011-05-31 15:11:25,201][DEBUG] - MessageProcessor.processResendRequest(): message already processed -&gt; discard. MsgSeqNo: 2147483647 FIX com.baxter.fix.FIXSession@3747c1db
[2011-05-31 15:11:25,201][DEBUG] - MessageSenderWatchingThread.run(): started. TargetCompID: FIX
[2011-05-31 15:11:25,201][DEBUG] - MessageSender.shutdown() invoked! TargetCompID: FIX
&gt;&gt;&gt;&gt;&gt;&gt;&gt;&gt;&gt;&gt;&gt;&gt;&gt;&gt;&gt;&gt;&gt;&gt;&gt;&gt;: 304 - MemUsageChanged: 1.0 0 0 0 0[2011-05-31 15:11:25,201][DEBUG] - MessageSenderWatchingThread.run(): finished... TargetCompID: FIX
[2011-05-31 15:11:25,201][DEBUG] - MessageProcessor.processResendRequest(): message already processed -&gt; discard. MsgSeqNo: 2147483647 FIX com.baxter.fix.FIXSession@3747c1db
[2011-05-31 15:11:25,201][DEBUG] - MessageSenderWatchingThread.run(): started. TargetCompID: FIX
[2011-05-31 15:11:25,201][DEBUG] - MessageSender.shutdown() invoked! TargetCompID: FIX
&gt;&gt;&gt;&gt;&gt;&gt;&gt;&gt;&gt;&gt;&gt;&gt;&gt;&gt;&gt;&gt;&gt;&gt;&gt;&gt;: 305 - MemUsageChanged: 1.0 0 0 0 0[2011-05-31 15:11:25,201][DEBUG] - MessageSenderWatchingThread.run(): finished... TargetCompID: FIX
[2011-05-31 15:11:25,201][DEBUG] - MessageProcessor.processResendRequest(): message already processed -&gt; discard. MsgSeqNo: 2147483647 FIX com.baxter.fix.FIXSession@3747c1db
[2011-05-31 15:11:25,201][DEBUG] - MessageSenderWatchingThread.run(): started. TargetCompID: FIX
[2011-05-31 15:11:25,201][DEBUG] - MessageSender.shutdown() invoked! TargetCompID: FIX
&gt;&gt;&gt;&gt;&gt;&gt;&gt;&gt;&gt;&gt;&gt;&gt;&gt;&gt;&gt;&gt;&gt;&gt;&gt;&gt;: 306 - MemUsageChanged: 1.0 0 0 0 0[2011-05-31 15:11:25,201][DEBUG] - MessageSenderWatchingThread.run(): finished... TargetCompID: FIX
[2011-05-31 15:11:25,201][DEBUG] - MessageProcessor.processResendRequest(): message already processed -&gt; discard. MsgSeqNo: 2147483647 FIX com.baxter.fix.FIXSession@3747c1db
[2011-05-31 15:11:25,201][DEBUG] - MessageSenderWatchingThread.run(): started. TargetCompID: FIX
[2011-05-31 15:11:25,201][DEBUG] - MessageSender.shutdown() invoked! TargetCompID: FIX
&gt;&gt;&gt;&gt;&gt;&gt;&gt;&gt;&gt;&gt;&gt;&gt;&gt;&gt;&gt;&gt;&gt;&gt;&gt;&gt;: 307 - MemUsageChanged: 1.0 0 0 1 0[2011-05-31 15:11:25,202][DEBUG] - MessageSenderWatchingThread.run(): finished... TargetCompID: FIX
[2011-05-31 15:11:25,202][DEBUG] - MessageProcessor.processResendRequest(): message already processed -&gt; discard. MsgSeqNo: 2147483647 FIX com.baxter.fix.FIXSession@3747c1db
[2011-05-31 15:11:25,202][DEBUG] - MessageSenderWatchingThread.run(): started. TargetCompID: FIX
[2011-05-31 15:11:25,202][DEBUG] - MessageSender.shutdown() invoked! TargetCompID: FIX
&gt;&gt;&gt;&gt;&gt;&gt;&gt;&gt;&gt;&gt;&gt;&gt;&gt;&gt;&gt;&gt;&gt;&gt;&gt;&gt;: 308 - MemUsageChanged: 1.0 0 0 0 0[2011-05-31 15:11:25,202][DEBUG] - MessageSenderWatchingThread.run(): finished... TargetCompID: FIX
[2011-05-31 15:11:25,202][DEBUG] - MessageProcessor.processResendRequest(): message already processed -&gt; discard. MsgSeqNo: 2147483647 FIX com.baxter.fix.FIXSession@3747c1db
[2011-05-31 15:11:25,202][DEBUG] - MessageSenderWatchingThread.run(): started. TargetCompID: FIX
[2011-05-31 15:11:25,202][DEBUG] - MessageSender.shutdown() invoked! TargetCompID: FIX
&gt;&gt;&gt;&gt;&gt;&gt;&gt;&gt;&gt;&gt;&gt;&gt;&gt;&gt;&gt;&gt;&gt;&gt;&gt;&gt;: 309 - MemUsageChanged: 1.0 0 0 0 0[2011-05-31 15:11:25,202][DEBUG] - MessageSenderWatchingThread.run(): finished... TargetCompID: FIX
[2011-05-31 15:11:25,202][DEBUG] - MessageProcessor.processResendRequest(): message already processed -&gt; discard. MsgSeqNo: 2147483647 FIX com.baxter.fix.FIXSession@3747c1db
[2011-05-31 15:11:25,202][DEBUG] - MessageSenderWatchingThread.run(): started. TargetCompID: FIX
[2011-05-31 15:11:25,202][DEBUG] - MessageSender.shutdown() invoked! TargetCompID: FIX
&gt;&gt;&gt;&gt;&gt;&gt;&gt;&gt;&gt;&gt;&gt;&gt;&gt;&gt;&gt;&gt;&gt;&gt;&gt;&gt;: 310 - MemUsageChanged: 1.0 0 0 0 0[2011-05-31 15:11:25,202][DEBUG] - MessageSenderWatchingThread.run(): finished... TargetCompID: FIX
[2011-05-31 15:11:25,202][DEBUG] - MessageProcessor.processResendRequest(): message already processed -&gt; discard. MsgSeqNo: 2147483647 FIX com.baxter.fix.FIXSession@3747c1db
[2011-05-31 15:11:25,202][DEBUG] - MessageSenderWatchingThread.run(): started. TargetCompID: FIX
[2011-05-31 15:11:25,202][DEBUG] - MessageSender.shutdown() invoked! TargetCompID: FIX
&gt;&gt;&gt;&gt;&gt;&gt;&gt;&gt;&gt;&gt;&gt;&gt;&gt;&gt;&gt;&gt;&gt;&gt;&gt;&gt;: 311 - MemUsageChanged: 1.0 0 0 0 0[2011-05-31 15:11:25,202][DEBUG] - MessageSenderWatchingThread.run(): finished... TargetCompID: FIX
[2011-05-31 15:11:25,203][DEBUG] - MessageProcessor.processResendRequest(): message already processed -&gt; discard. MsgSeqNo: 2147483647 FIX com.baxter.fix.FIXSession@3747c1db
[2011-05-31 15:11:25,203][DEBUG] - MessageSenderWatchingThread.run(): started. TargetCompID: FIX
[2011-05-31 15:11:25,203][DEBUG] - MessageSender.shutdown() invoked! TargetCompID: FIX
&gt;&gt;&gt;&gt;&gt;&gt;&gt;&gt;&gt;&gt;&gt;&gt;&gt;&gt;&gt;&gt;&gt;&gt;&gt;&gt;: 312 - MemUsageChanged: 1.0 1 0 0 0[2011-05-31 15:11:25,203][DEBUG] - MessageSenderWatchingThread.run(): finished... TargetCompID: FIX
[2011-05-31 15:11:25,203][DEBUG] - MessageProcessor.processResendRequest(): message already processed -&gt; discard. MsgSeqNo: 2147483647 FIX com.baxter.fix.FIXSession@3747c1db
[2011-05-31 15:11:25,203][DEBUG] - MessageSenderWatchingThread.run(): started. TargetCompID: FIX
[2011-05-31 15:11:25,203][DEBUG] - MessageSender.shutdown() invoked! TargetCompID: FIX
&gt;&gt;&gt;&gt;&gt;&gt;&gt;&gt;&gt;&gt;&gt;&gt;&gt;&gt;&gt;&gt;&gt;&gt;&gt;&gt;: 313 - MemUsageChanged: 1.0 0 0 0 0[2011-05-31 15:11:25,203][DEBUG] - MessageSenderWatchingThread.run(): finished... TargetCompID: FIX
[2011-05-31 15:11:25,203][DEBUG] - MessageProcessor.processResendRequest(): message already processed -&gt; discard. MsgSeqNo: 2147483647 FIX com.baxter.fix.FIXSession@3747c1db
[2011-05-31 15:11:25,203][DEBUG] - MessageSenderWatchingThread.run(): started. TargetCompID: FIX
[2011-05-31 15:11:25,203][DEBUG] - MessageSender.shutdown() invoked! TargetCompID: FIX
&gt;&gt;&gt;&gt;&gt;&gt;&gt;&gt;&gt;&gt;&gt;&gt;&gt;&gt;&gt;&gt;&gt;&gt;&gt;&gt;: 314 - MemUsageChanged: 1.0 0 0 0 0[2011-05-31 15:11:25,203][DEBUG] - MessageSenderWatchingThread.run(): finished... TargetCompID: FIX
[2011-05-31 15:11:25,203][DEBUG] - MessageProcessor.processResendRequest(): message already processed -&gt; discard. MsgSeqNo: 2147483647 FIX com.baxter.fix.FIXSession@3747c1db
[2011-05-31 15:11:25,203][DEBUG] - MessageSenderWatchingThread.run(): started. TargetCompID: FIX
[2011-05-31 15:11:25,203][DEBUG] - MessageSender.shutdown() invoked! TargetCompID: FIX
&gt;&gt;&gt;&gt;&gt;&gt;&gt;&gt;&gt;&gt;&gt;&gt;&gt;&gt;&gt;&gt;&gt;&gt;&gt;&gt;: 315 - MemUsageChanged: 1.0 0 0 0 0[2011-05-31 15:11:25,203][DEBUG] - MessageSenderWatchingThread.run(): finished... TargetCompID: FIX
[2011-05-31 15:11:25,203][DEBUG] - MessageProcessor.processResendRequest(): message already processed -&gt; discard. MsgSeqNo: 2147483647 FIX com.baxter.fix.FIXSession@3747c1db
[2011-05-31 15:11:25,203][DEBUG] - MessageSenderWatchingThread.run(): started. TargetCompID: FIX
[2011-05-31 15:11:25,204][DEBUG] - MessageSender.shutdown() invoked! TargetCompID: FIX
&gt;&gt;&gt;&gt;&gt;&gt;&gt;&gt;&gt;&gt;&gt;&gt;&gt;&gt;&gt;&gt;&gt;&gt;&gt;&gt;: 316 - MemUsageChanged: 1.0 0 1 0 0[2011-05-31 15:11:25,204][DEBUG] - MessageSenderWatchingThread.run(): finished... TargetCompID: FIX
[2011-05-31 15:11:25,204][DEBUG] - MessageProcessor.processResendRequest(): message already processed -&gt; discard. MsgSeqNo: 2147483647 FIX com.baxter.fix.FIXSession@3747c1db
[2011-05-31 15:11:25,204][DEBUG] - MessageSenderWatchingThread.run(): started. TargetCompID: FIX
[2011-05-31 15:11:25,204][DEBUG] - MessageSender.shutdown() invoked! TargetCompID: FIX
&gt;&gt;&gt;&gt;&gt;&gt;&gt;&gt;&gt;&gt;&gt;&gt;&gt;&gt;&gt;&gt;&gt;&gt;&gt;&gt;: 317 - MemUsageChanged: 1.0 0 0 0 0[2011-05-31 15:11:25,204][DEBUG] - MessageSenderWatchingThread.run(): finished... TargetCompID: FIX
[2011-05-31 15:11:25,204][DEBUG] - MessageProcessor.processResendRequest(): message already processed -&gt; discard. MsgSeqNo: 2147483647 FIX com.baxter.fix.FIXSession@3747c1db
[2011-05-31 15:11:25,204][DEBUG] - MessageSenderWatchingThread.run(): started. TargetCompID: FIX
[2011-05-31 15:11:25,204][DEBUG] - MessageSender.shutdown() invoked! TargetCompID: FIX
&gt;&gt;&gt;&gt;&gt;&gt;&gt;&gt;&gt;&gt;&gt;&gt;&gt;&gt;&gt;&gt;&gt;&gt;&gt;&gt;: 318 - MemUsageChanged: 1.0 0 0 0 0[2011-05-31 15:11:25,204][DEBUG] - MessageSenderWatchingThread.run(): finished... TargetCompID: FIX
[2011-05-31 15:11:25,204][DEBUG] - MessageProcessor.processResendRequest(): message already processed -&gt; discard. MsgSeqNo: 2147483647 FIX com.baxter.fix.FIXSession@3747c1db
[2011-05-31 15:11:25,204][DEBUG] - MessageSenderWatchingThread.run(): started. TargetCompID: FIX
[2011-05-31 15:11:25,204][DEBUG] - MessageSender.shutdown() invoked! TargetCompID: FIX
&gt;&gt;&gt;&gt;&gt;&gt;&gt;&gt;&gt;&gt;&gt;&gt;&gt;&gt;&gt;&gt;&gt;&gt;&gt;&gt;: 319 - MemUsageChanged: 1.0 0 0 0 0[2011-05-31 15:11:25,204][DEBUG] - MessageSenderWatchingThread.run(): finished... TargetCompID: FIX
[2011-05-31 15:11:25,205][DEBUG] - MessageProcessor.processResendRequest(): message already processed -&gt; discard. MsgSeqNo: 2147483647 FIX com.baxter.fix.FIXSession@3747c1db
[2011-05-31 15:11:25,205][DEBUG] - MessageSenderWatchingThread.run(): started. TargetCompID: FIX
[2011-05-31 15:11:25,205][DEBUG] - MessageSender.shutdown() invoked! TargetCompID: FIX
&gt;&gt;&gt;&gt;&gt;&gt;&gt;&gt;&gt;&gt;&gt;&gt;&gt;&gt;&gt;&gt;&gt;&gt;&gt;&gt;: 320 - MemUsageChanged: 1.0 1 0 0 0[2011-05-31 15:11:25,205][DEBUG] - MessageSenderWatchingThread.run(): finished... TargetCompID: FIX
[2011-05-31 15:11:25,205][DEBUG] - MessageSenderWatchingThread.run(): started. TargetCompID: FIX
[2011-05-31 15:11:25,205][DEBUG] - MessageProcessor.processResendRequest(): message already processed -&gt; discard. MsgSeqNo: 2147483647 FIX com.baxter.fix.FIXSession@3747c1db
[2011-05-31 15:11:25,205][DEBUG] - MessageSender.shutdown() invoked! TargetCompID: FIX
[2011-05-31 15:11:25,205][DEBUG] - MessageSenderWatchingThread.run(): finished... TargetCompID: FIX
&gt;&gt;&gt;&gt;&gt;&gt;&gt;&gt;&gt;&gt;&gt;&gt;&gt;&gt;&gt;&gt;&gt;&gt;&gt;&gt;: 321 - MemUsageChanged: 1.0 0 0 0 0[2011-05-31 15:11:25,205][DEBUG] - MessageProcessor.processResendRequest(): message already processed -&gt; discard. MsgSeqNo: 2147483647 FIX com.baxter.fix.FIXSession@3747c1db
[2011-05-31 15:11:25,205][DEBUG] - MessageSender.shutdown() invoked! TargetCompID: FIX
&gt;&gt;&gt;&gt;&gt;&gt;&gt;&gt;&gt;&gt;&gt;&gt;&gt;&gt;&gt;&gt;&gt;&gt;&gt;&gt;: 322 - MemUsageChanged: 1.0 0 0 0 0[2011-05-31 15:11:25,205][DEBUG] - MessageSenderWatchingThread.run(): started. TargetCompID: FIX
[2011-05-31 15:11:25,205][DEBUG] - MessageSenderWatchingThread.run(): finished... TargetCompID: FIX
[2011-05-31 15:11:25,205][DEBUG] - MessageProcessor.processResendRequest(): message already processed -&gt; discard. MsgSeqNo: 2147483647 FIX com.baxter.fix.FIXSession@3747c1db
[2011-05-31 15:11:25,205][DEBUG] - MessageSender.shutdown() invoked! TargetCompID: FIX
&gt;&gt;&gt;&gt;&gt;&gt;&gt;&gt;&gt;&gt;&gt;&gt;&gt;&gt;&gt;&gt;&gt;&gt;&gt;&gt;: 323 - MemUsageChanged: 1.0 0 0 0 0[2011-05-31 15:11:25,206][DEBUG] - MessageSenderWatchingThread.run(): started. TargetCompID: FIX
[2011-05-31 15:11:25,206][DEBUG] - MessageSenderWatchingThread.run(): finished... TargetCompID: FIX
[2011-05-31 15:11:25,206][DEBUG] - MessageProcessor.processResendRequest(): message already processed -&gt; discard. MsgSeqNo: 2147483647 FIX com.baxter.fix.FIXSession@3747c1db
[2011-05-31 15:11:25,206][DEBUG] - MessageSender.shutdown() invoked! TargetCompID: FIX
&gt;&gt;&gt;&gt;&gt;&gt;&gt;&gt;&gt;&gt;&gt;&gt;&gt;&gt;&gt;&gt;&gt;&gt;&gt;&gt;: 324 - MemUsageChanged: 1.0 0 0 0 0[2011-05-31 15:11:25,206][DEBUG] - MessageSenderWatchingThread.run(): started. TargetCompID: FIX
[2011-05-31 15:11:25,206][DEBUG] - MessageSenderWatchingThread.run(): finished... TargetCompID: FIX
[2011-05-31 15:11:25,206][DEBUG] - MessageProcessor.processResendRequest(): message already processed -&gt; discard. MsgSeqNo: 2147483647 FIX com.baxter.fix.FIXSession@3747c1db
[2011-05-31 15:11:25,206][DEBUG] - MessageSender.shutdown() invoked! TargetCompID: FIX
&gt;&gt;&gt;&gt;&gt;&gt;&gt;&gt;&gt;&gt;&gt;&gt;&gt;&gt;&gt;&gt;&gt;&gt;&gt;&gt;: 325 - MemUsageChanged: 1.0 0 0 0 0[2011-05-31 15:11:25,206][DEBUG] - MessageSenderWatchingThread.run(): started. TargetCompID: FIX
[2011-05-31 15:11:25,206][DEBUG] - MessageSenderWatchingThread.run(): finished... TargetCompID: FIX
[2011-05-31 15:11:25,206][DEBUG] - MessageProcessor.processResendRequest(): message already processed -&gt; discard. MsgSeqNo: 2147483647 FIX com.baxter.fix.FIXSession@3747c1db
[2011-05-31 15:11:25,206][DEBUG] - MessageSender.shutdown() invoked! TargetCompID: FIX
&gt;&gt;&gt;&gt;&gt;&gt;&gt;&gt;&gt;&gt;&gt;&gt;&gt;&gt;&gt;&gt;&gt;&gt;&gt;&gt;: 326 - MemUsageChanged: 1.0 0 0 0 0[2011-05-31 15:11:25,207][DEBUG] - MessageSenderWatchingThread.run(): started. TargetCompID: FIX
[2011-05-31 15:11:25,207][DEBUG] - MessageSenderWatchingThread.run(): finished... TargetCompID: FIX
[2011-05-31 15:11:25,207][DEBUG] - MessageProcessor.processResendRequest(): message already processed -&gt; discard. MsgSeqNo: 2147483647 FIX com.baxter.fix.FIXSession@3747c1db
[2011-05-31 15:11:25,207][DEBUG] - MessageSender.shutdown() invoked! TargetCompID: FIX
&gt;&gt;&gt;&gt;&gt;&gt;&gt;&gt;&gt;&gt;&gt;&gt;&gt;&gt;&gt;&gt;&gt;&gt;&gt;&gt;: 327 - MemUsageChanged: 1.0 1 0 0 0[2011-05-31 15:11:25,207][DEBUG] - MessageSenderWatchingThread.run(): started. TargetCompID: FIX
[2011-05-31 15:11:25,207][DEBUG] - MessageSenderWatchingThread.run(): finished... TargetCompID: FIX
[2011-05-31 15:11:25,207][DEBUG] - MessageProcessor.processResendRequest(): message already processed -&gt; discard. MsgSeqNo: 2147483647 FIX com.baxter.fix.FIXSession@3747c1db
[2011-05-31 15:11:25,207][DEBUG] - MessageSender.shutdown() invoked! TargetCompID: FIX
&gt;&gt;&gt;&gt;&gt;&gt;&gt;&gt;&gt;&gt;&gt;&gt;&gt;&gt;&gt;&gt;&gt;&gt;&gt;&gt;: 328 - MemUsageChanged: 1.0 0 0 0 0[2011-05-31 15:11:25,207][DEBUG] - MessageSenderWatchingThread.run(): started. TargetCompID: FIX
[2011-05-31 15:11:25,207][DEBUG] - MessageSenderWatchingThread.run(): finished... TargetCompID: FIX
[2011-05-31 15:11:25,207][DEBUG] - MessageProcessor.processResendRequest(): message already processed -&gt; discard. MsgSeqNo: 2147483647 FIX com.baxter.fix.FIXSession@3747c1db
[2011-05-31 15:11:25,207][DEBUG] - MessageSender.shutdown() invoked! TargetCompID: FIX
&gt;&gt;&gt;&gt;&gt;&gt;&gt;&gt;&gt;&gt;&gt;&gt;&gt;&gt;&gt;&gt;&gt;&gt;&gt;&gt;: 329 - MemUsageChanged: 1.0 0 0 0 0[2011-05-31 15:11:25,208][DEBUG] - MessageSenderWatchingThread.run(): started. TargetCompID: FIX
[2011-05-31 15:11:25,208][DEBUG] - MessageSenderWatchingThread.run(): finished... TargetCompID: FIX
[2011-05-31 15:11:25,208][DEBUG] - MessageProcessor.processResendRequest(): message already processed -&gt; discard. MsgSeqNo: 2147483647 FIX com.baxter.fix.FIXSession@3747c1db
[2011-05-31 15:11:25,208][DEBUG] - MessageSender.shutdown() invoked! TargetCompID: FIX
&gt;&gt;&gt;&gt;&gt;&gt;&gt;&gt;&gt;&gt;&gt;&gt;&gt;&gt;&gt;&gt;&gt;&gt;&gt;&gt;: 330 - MemUsageChanged: 1.0 1 0 0 0[2011-05-31 15:11:25,208][DEBUG] - MessageSenderWatchingThread.run(): started. TargetCompID: FIX
[2011-05-31 15:11:25,208][DEBUG] - MessageSenderWatchingThread.run(): finished... TargetCompID: FIX
[2011-05-31 15:11:25,208][DEBUG] - MessageProcessor.processResendRequest(): message already processed -&gt; discard. MsgSeqNo: 2147483647 FIX com.baxter.fix.FIXSession@3747c1db
[2011-05-31 15:11:25,208][DEBUG] - MessageSender.shutdown() invoked! TargetCompID: FIX
&gt;&gt;&gt;&gt;&gt;&gt;&gt;&gt;&gt;&gt;&gt;&gt;&gt;&gt;&gt;&gt;&gt;&gt;&gt;&gt;: 331 - MemUsageChanged: 1.0 0 0 0 0[2011-05-31 15:11:25,208][DEBUG] - MessageSenderWatchingThread.run(): started. TargetCompID: FIX
[2011-05-31 15:11:25,208][DEBUG] - MessageSenderWatchingThread.run(): finished... TargetCompID: FIX
[2011-05-31 15:11:25,208][DEBUG] - MessageProcessor.processResendRequest(): message already processed -&gt; discard. MsgSeqNo: 2147483647 FIX com.baxter.fix.FIXSession@3747c1db
[2011-05-31 15:11:25,208][DEBUG] - MessageSender.shutdown() invoked! TargetCompID: FIX
&gt;&gt;&gt;&gt;&gt;&gt;&gt;&gt;&gt;&gt;&gt;&gt;&gt;&gt;&gt;&gt;&gt;&gt;&gt;&gt;: 332 - MemUsageChanged: 1.0 0 0 0 0[2011-05-31 15:11:25,208][DEBUG] - MessageSenderWatchingThread.run(): started. TargetCompID: FIX
[2011-05-31 15:11:25,209][DEBUG] - MessageSenderWatchingThread.run(): finished... TargetCompID: FIX
[2011-05-31 15:11:25,217][DEBUG] - MessageProcessor.processResendRequest(): message already processed -&gt; discard. MsgSeqNo: 2147483647 FIX com.baxter.fix.FIXSession@3747c1db
[2011-05-31 15:11:25,217][DEBUG] - MessageSenderWatchingThread.run(): started. TargetCompID: FIX
[2011-05-31 15:11:25,217][DEBUG] - MessageSender.shutdown() invoked! TargetCompID: FIX
[2011-05-31 15:11:25,217][DEBUG] - MessageSenderWatchingThread.run(): finished... TargetCompID: FIX
&gt;&gt;&gt;&gt;&gt;&gt;&gt;&gt;&gt;&gt;&gt;&gt;&gt;&gt;&gt;&gt;&gt;&gt;&gt;&gt;: 333 - MemUsageChanged: 1.0 9 0 0 0[2011-05-31 15:11:25,217][DEBUG] - MessageProcessor.processResendRequest(): message already processed -&gt; discard. MsgSeqNo: 2147483647 FIX com.baxter.fix.FIXSession@3747c1db
[2011-05-31 15:11:25,217][DEBUG] - MessageSender.shutdown() invoked! TargetCompID: FIX
&gt;&gt;&gt;&gt;&gt;&gt;&gt;&gt;&gt;&gt;&gt;&gt;&gt;&gt;&gt;&gt;&gt;&gt;&gt;&gt;: 334 - MemUsageChanged: 1.0 0 0 0 0[2011-05-31 15:11:25,217][DEBUG] - MessageSenderWatchingThread.run(): started. TargetCompID: FIX
[2011-05-31 15:11:25,217][DEBUG] - MessageSenderWatchingThread.run(): finished... TargetCompID: FIX
[2011-05-31 15:11:25,217][DEBUG] - MessageProcessor.processResendRequest(): message already processed -&gt; discard. MsgSeqNo: 2147483647 FIX com.baxter.fix.FIXSession@3747c1db
[2011-05-31 15:11:25,218][DEBUG] - MessageSender.shutdown() invoked! TargetCompID: FIX
&gt;&gt;&gt;&gt;&gt;&gt;&gt;&gt;&gt;&gt;&gt;&gt;&gt;&gt;&gt;&gt;&gt;&gt;&gt;&gt;: 335 - MemUsageChanged: 1.0 0 1 0 0[2011-05-31 15:11:25,218][DEBUG] - MessageSenderWatchingThread.run(): started. TargetCompID: FIX
[2011-05-31 15:11:25,218][DEBUG] - MessageSenderWatchingThread.run(): finished... TargetCompID: FIX
[2011-05-31 15:11:25,218][DEBUG] - MessageProcessor.processResendRequest(): message already processed -&gt; discard. MsgSeqNo: 2147483647 FIX com.baxter.fix.FIXSession@3747c1db
[2011-05-31 15:11:25,218][DEBUG] - MessageSender.shutdown() invoked! TargetCompID: FIX
&gt;&gt;&gt;&gt;&gt;&gt;&gt;&gt;&gt;&gt;&gt;&gt;&gt;&gt;&gt;&gt;&gt;&gt;&gt;&gt;: 336 - MemUsageChanged: 1.0 0 0 0 0[2011-05-31 15:11:25,218][DEBUG] - MessageSenderWatchingThread.run(): started. TargetCompID: FIX
[2011-05-31 15:11:25,218][DEBUG] - MessageSenderWatchingThread.run(): finished... TargetCompID: FIX
[2011-05-31 15:11:25,218][DEBUG] - MessageProcessor.processResendRequest(): message already processed -&gt; discard. MsgSeqNo: 2147483647 FIX com.baxter.fix.FIXSession@3747c1db
[2011-05-31 15:11:25,218][DEBUG] - MessageSender.shutdown() invoked! TargetCompID: FIX
&gt;&gt;&gt;&gt;&gt;&gt;&gt;&gt;&gt;&gt;&gt;&gt;&gt;&gt;&gt;&gt;&gt;&gt;&gt;&gt;: 337 - MemUsageChanged: 1.0 0 0 0 0[2011-05-31 15:11:25,218][DEBUG] - MessageSenderWatchingThread.run(): started. TargetCompID: FIX
[2011-05-31 15:11:25,218][DEBUG] - MessageSenderWatchingThread.run(): finished... TargetCompID: FIX
[2011-05-31 15:11:25,218][DEBUG] - MessageProcessor.processResendRequest(): message already processed -&gt; discard. MsgSeqNo: 2147483647 FIX com.baxter.fix.FIXSession@3747c1db
[2011-05-31 15:11:25,218][DEBUG] - MessageSender.shutdown() invoked! TargetCompID: FIX
&gt;&gt;&gt;&gt;&gt;&gt;&gt;&gt;&gt;&gt;&gt;&gt;&gt;&gt;&gt;&gt;&gt;&gt;&gt;&gt;: 338 - MemUsageChanged: 1.0 0 0 0 0[2011-05-31 15:11:25,219][DEBUG] - MessageSenderWatchingThread.run(): started. TargetCompID: FIX
[2011-05-31 15:11:25,219][DEBUG] - MessageSenderWatchingThread.run(): finished... TargetCompID: FIX
[2011-05-31 15:11:25,219][DEBUG] - MessageProcessor.processResendRequest(): message already processed -&gt; discard. MsgSeqNo: 2147483647 FIX com.baxter.fix.FIXSession@3747c1db
[2011-05-31 15:11:25,219][DEBUG] - MessageSender.shutdown() invoked! TargetCompID: FIX
&gt;&gt;&gt;&gt;&gt;&gt;&gt;&gt;&gt;&gt;&gt;&gt;&gt;&gt;&gt;&gt;&gt;&gt;&gt;&gt;: 339 - MemUsageChanged: 1.0 1 0 0 0[2011-05-31 15:11:25,219][DEBUG] - MessageSenderWatchingThread.run(): started. TargetCompID: FIX
[2011-05-31 15:11:25,219][DEBUG] - MessageSenderWatchingThread.run(): finished... TargetCompID: FIX
[2011-05-31 15:11:25,219][DEBUG] - MessageSenderWatchingThread.run(): started. TargetCompID: FIX
[2011-05-31 15:11:25,219][DEBUG] - MessageProcessor.processResendRequest(): message already processed -&gt; discard. MsgSeqNo: 2147483647 FIX com.baxter.fix.FIXSession@3747c1db
[2011-05-31 15:11:25,219][DEBUG] - MessageSender.shutdown() invoked! TargetCompID: FIX
[2011-05-31 15:11:25,219][DEBUG] - MessageSenderWatchingThread.run(): finished... TargetCompID: FIX
&gt;&gt;&gt;&gt;&gt;&gt;&gt;&gt;&gt;&gt;&gt;&gt;&gt;&gt;&gt;&gt;&gt;&gt;&gt;&gt;: 340 - MemUsageChanged: 1.0 0 0 0 0[2011-05-31 15:11:25,220][DEBUG] - MessageProcessor.processResendRequest(): message already processed -&gt; discard. MsgSeqNo: 2147483647 FIX com.baxter.fix.FIXSession@3747c1db
[2011-05-31 15:11:25,220][DEBUG] - MessageSender.shutdown() invoked! TargetCompID: FIX
&gt;&gt;&gt;&gt;&gt;&gt;&gt;&gt;&gt;&gt;&gt;&gt;&gt;&gt;&gt;&gt;&gt;&gt;&gt;&gt;: 341 - MemUsageChanged: 1.0 1 0 0 0[2011-05-31 15:11:25,220][DEBUG] - MessageSenderWatchingThread.run(): started. TargetCompID: FIX
[2011-05-31 15:11:25,220][DEBUG] - MessageSenderWatchingThread.run(): finished... TargetCompID: FIX
[2011-05-31 15:11:25,220][DEBUG] - MessageProcessor.processResendRequest(): message already processed -&gt; discard. MsgSeqNo: 2147483647 FIX com.baxter.fix.FIXSession@3747c1db
[2011-05-31 15:11:25,220][DEBUG] - MessageSender.shutdown() invoked! TargetCompID: FIX
&gt;&gt;&gt;&gt;&gt;&gt;&gt;&gt;&gt;&gt;&gt;&gt;&gt;&gt;&gt;&gt;&gt;&gt;&gt;&gt;: 342 - MemUsageChanged: 1.0 0 0 0 0[2011-05-31 15:11:25,220][DEBUG] - MessageSenderWatchingThread.run(): started. TargetCompID: FIX
[2011-05-31 15:11:25,220][DEBUG] - MessageSenderWatchingThread.run(): finished... TargetCompID: FIX
[2011-05-31 15:11:25,220][DEBUG] - MessageProcessor.processResendRequest(): message already processed -&gt; discard. MsgSeqNo: 2147483647 FIX com.baxter.fix.FIXSession@3747c1db
[2011-05-31 15:11:25,220][DEBUG] - MessageSender.shutdown() invoked! TargetCompID: FIX
&gt;&gt;&gt;&gt;&gt;&gt;&gt;&gt;&gt;&gt;&gt;&gt;&gt;&gt;&gt;&gt;&gt;&gt;&gt;&gt;: 343 - MemUsageChanged: 1.0 0 0 0 0[2011-05-31 15:11:25,220][DEBUG] - MessageSenderWatchingThread.run(): started. TargetCompID: FIX
[2011-05-31 15:11:25,220][DEBUG] - MessageSenderWatchingThread.run(): finished... TargetCompID: FIX
[2011-05-31 15:11:25,220][DEBUG] - MessageProcessor.processResendRequest(): message already processed -&gt; discard. MsgSeqNo: 2147483647 FIX com.baxter.fix.FIXSession@3747c1db
[2011-05-31 15:11:25,220][DEBUG] - MessageSender.shutdown() invoked! TargetCompID: FIX
&gt;&gt;&gt;&gt;&gt;&gt;&gt;&gt;&gt;&gt;&gt;&gt;&gt;&gt;&gt;&gt;&gt;&gt;&gt;&gt;: 344 - MemUsageChanged: 1.0 0 0 0 0[2011-05-31 15:11:25,221][DEBUG] - MessageSenderWatchingThread.run(): started. TargetCompID: FIX
[2011-05-31 15:11:25,221][DEBUG] - MessageSenderWatchingThread.run(): finished... TargetCompID: FIX
[2011-05-31 15:11:25,221][DEBUG] - MessageProcessor.processResendRequest(): message already processed -&gt; discard. MsgSeqNo: 2147483647 FIX com.baxter.fix.FIXSession@3747c1db
[2011-05-31 15:11:25,221][DEBUG] - MessageSender.shutdown() invoked! TargetCompID: FIX
&gt;&gt;&gt;&gt;&gt;&gt;&gt;&gt;&gt;&gt;&gt;&gt;&gt;&gt;&gt;&gt;&gt;&gt;&gt;&gt;: 345 - MemUsageChanged: 1.0 0 0 0 0[2011-05-31 15:11:25,221][DEBUG] - MessageSenderWatchingThread.run(): started. TargetCompID: FIX
[2011-05-31 15:11:25,221][DEBUG] - MessageProcessor.processResendRequest(): message already processed -&gt; discard. MsgSeqNo: 2147483647 FIX com.baxter.fix.FIXSession@3747c1db
[2011-05-31 15:11:25,221][DEBUG] - MessageSenderWatchingThread.run(): finished... TargetCompID: FIX
[2011-05-31 15:11:25,221][DEBUG] - MessageSender.shutdown() invoked! TargetCompID: FIX
&gt;&gt;&gt;&gt;&gt;&gt;&gt;&gt;&gt;&gt;&gt;&gt;&gt;&gt;&gt;&gt;&gt;&gt;&gt;&gt;: 346 - MemUsageChanged: 1.0 0 0 0 0[2011-05-31 15:11:25,222][DEBUG] - MessageSenderWatchingThread.run(): started. TargetCompID: FIX
[2011-05-31 15:11:25,223][DEBUG] - MessageProcessor.processResendRequest(): message already processed -&gt; discard. MsgSeqNo: 2147483647 FIX com.baxter.fix.FIXSession@3747c1db
[2011-05-31 15:11:25,223][DEBUG] - MessageSender.shutdown() invoked! TargetCompID: FIX
&gt;&gt;&gt;&gt;&gt;&gt;&gt;&gt;&gt;&gt;&gt;&gt;&gt;&gt;&gt;&gt;&gt;&gt;&gt;&gt;: 347 - MemUsageChanged: 1.0 0 0 0 0[2011-05-31 15:11:25,223][DEBUG] - MessageSenderWatchingThread.run(): started. TargetCompID: FIX
[2011-05-31 15:11:25,223][DEBUG] - MessageSenderWatchingThread.run(): finished... TargetCompID: FIX
[2011-05-31 15:11:25,223][DEBUG] - MessageSenderWatchingThread.run(): finished... TargetCompID: FIX
[2011-05-31 15:11:25,223][DEBUG] - MessageProcessor.processResendRequest(): message already processed -&gt; discard. MsgSeqNo: 2147483647 FIX com.baxter.fix.FIXSession@3747c1db
[2011-05-31 15:11:25,223][DEBUG] - MessageSender.shutdown() invoked! TargetCompID: FIX
&gt;&gt;&gt;&gt;&gt;&gt;&gt;&gt;&gt;&gt;&gt;&gt;&gt;&gt;&gt;&gt;&gt;&gt;&gt;&gt;: 348 - MemUsageChanged: 1.0 0 0 0 0[2011-05-31 15:11:25,223][DEBUG] - MessageSenderWatchingThread.run(): started. TargetCompID: FIX
[2011-05-31 15:11:25,223][DEBUG] - MessageSenderWatchingThread.run(): finished... TargetCompID: FIX
[2011-05-31 15:11:25,223][DEBUG] - MessageProcessor.processResendRequest(): message already processed -&gt; discard. MsgSeqNo: 2147483647 FIX com.baxter.fix.FIXSession@3747c1db
[2011-05-31 15:11:25,223][DEBUG] - MessageSender.shutdown() invoked! TargetCompID: FIX
&gt;&gt;&gt;&gt;&gt;&gt;&gt;&gt;&gt;&gt;&gt;&gt;&gt;&gt;&gt;&gt;&gt;&gt;&gt;&gt;: 349 - MemUsageChanged: 1.0 0 0 0 0[2011-05-31 15:11:25,223][DEBUG] - MessageSenderWatchingThread.run(): started. TargetCompID: FIX
[2011-05-31 15:11:25,223][DEBUG] - MessageSenderWatchingThread.run(): finished... TargetCompID: FIX
[2011-05-31 15:11:25,224][DEBUG] - MessageProcessor.processResendRequest(): message already processed -&gt; discard. MsgSeqNo: 2147483647 FIX com.baxter.fix.FIXSession@3747c1db
[2011-05-31 15:11:25,224][DEBUG] - MessageSender.shutdown() invoked! TargetCompID: FIX
&gt;&gt;&gt;&gt;&gt;&gt;&gt;&gt;&gt;&gt;&gt;&gt;&gt;&gt;&gt;&gt;&gt;&gt;&gt;&gt;: 350 - MemUsageChanged: 1.0 1 0 0 0[2011-05-31 15:11:25,224][DEBUG] - MessageSenderWatchingThread.run(): started. TargetCompID: FIX
[2011-05-31 15:11:25,224][DEBUG] - MessageSenderWatchingThread.run(): finished... TargetCompID: FIX
[2011-05-31 15:11:25,224][DEBUG] - MessageProcessor.processResendRequest(): message already processed -&gt; discard. MsgSeqNo: 2147483647 FIX com.baxter.fix.FIXSession@3747c1db
[2011-05-31 15:11:25,224][DEBUG] - MessageSender.shutdown() invoked! TargetCompID: FIX
&gt;&gt;&gt;&gt;&gt;&gt;&gt;&gt;&gt;&gt;&gt;&gt;&gt;&gt;&gt;&gt;&gt;&gt;&gt;&gt;: 351 - MemUsageChanged: 1.0 0 0 0 0[2011-05-31 15:11:25,224][DEBUG] - MessageSenderWatchingThread.run(): started. TargetCompID: FIX
[2011-05-31 15:11:25,224][DEBUG] - MessageSenderWatchingThread.run(): finished... TargetCompID: FIX
[2011-05-31 15:11:25,224][DEBUG] - MessageProcessor.processResendRequest(): message already processed -&gt; discard. MsgSeqNo: 2147483647 FIX com.baxter.fix.FIXSession@3747c1db
[2011-05-31 15:11:25,224][DEBUG] - MessageSenderWatchingThread.run(): started. TargetCompID: FIX
[2011-05-31 15:11:25,224][DEBUG] - MessageSender.shutdown() invoked! TargetCompID: FIX
&gt;&gt;&gt;&gt;&gt;&gt;&gt;&gt;&gt;&gt;&gt;&gt;&gt;&gt;&gt;&gt;&gt;&gt;&gt;&gt;: 352 - MemUsageChanged: 1.0 0 0 0 0[2011-05-31 15:11:25,224][DEBUG] - MessageSenderWatchingThread.run(): finished... TargetCompID: FIX
[2011-05-31 15:11:25,225][DEBUG] - MessageProcessor.processResendRequest(): message already processed -&gt; discard. MsgSeqNo: 2147483647 FIX com.baxter.fix.FIXSession@3747c1db
[2011-05-31 15:11:25,225][DEBUG] - MessageSenderWatchingThread.run(): started. TargetCompID: FIX
[2011-05-31 15:11:25,225][DEBUG] - MessageSender.shutdown() invoked! TargetCompID: FIX
&gt;&gt;&gt;&gt;&gt;&gt;&gt;&gt;&gt;&gt;&gt;&gt;&gt;&gt;&gt;&gt;&gt;&gt;&gt;&gt;: 353 - MemUsageChanged: 1.0 1 0 0 0[2011-05-31 15:11:25,225][DEBUG] - MessageSenderWatchingThread.run(): finished... TargetCompID: FIX
[2011-05-31 15:11:25,225][DEBUG] - MessageProcessor.processResendRequest(): message already processed -&gt; discard. MsgSeqNo: 2147483647 FIX com.baxter.fix.FIXSession@3747c1db
[2011-05-31 15:11:25,225][DEBUG] - MessageSenderWatchingThread.run(): started. TargetCompID: FIX
[2011-05-31 15:11:25,225][DEBUG] - MessageSender.shutdown() invoked! TargetCompID: FIX
&gt;&gt;&gt;&gt;&gt;&gt;&gt;&gt;&gt;&gt;&gt;&gt;&gt;&gt;&gt;&gt;&gt;&gt;&gt;&gt;: 354 - MemUsageChanged: 1.0 0 0 0 0[2011-05-31 15:11:25,225][DEBUG] - MessageSenderWatchingThread.run(): finished... TargetCompID: FIX
[2011-05-31 15:11:25,225][DEBUG] - MessageProcessor.processResendRequest(): message already processed -&gt; discard. MsgSeqNo: 2147483647 FIX com.baxter.fix.FIXSession@3747c1db
[2011-05-31 15:11:25,225][DEBUG] - MessageSenderWatchingThread.run(): started. TargetCompID: FIX
[2011-05-31 15:11:25,225][DEBUG] - MessageSender.shutdown() invoked! TargetCompID: FIX
&gt;&gt;&gt;&gt;&gt;&gt;&gt;&gt;&gt;&gt;&gt;&gt;&gt;&gt;&gt;&gt;&gt;&gt;&gt;&gt;: 355 - MemUsageChanged: 1.0 0 0 0 0[2011-05-31 15:11:25,225][DEBUG] - MessageSenderWatchingThread.run(): finished... TargetCompID: FIX
[2011-05-31 15:11:25,225][DEBUG] - MessageProcessor.processResendRequest(): message already processed -&gt; discard. MsgSeqNo: 2147483647 FIX com.baxter.fix.FIXSession@3747c1db
[2011-05-31 15:11:25,225][DEBUG] - MessageSenderWatchingThread.run(): started. TargetCompID: FIX
[2011-05-31 15:11:25,225][DEBUG] - MessageSender.shutdown() invoked! TargetCompID: FIX
&gt;&gt;&gt;&gt;&gt;&gt;&gt;&gt;&gt;&gt;&gt;&gt;&gt;&gt;&gt;&gt;&gt;&gt;&gt;&gt;: 356 - MemUsageChanged: 1.0 0 0 0 0[2011-05-31 15:11:25,225][DEBUG] - MessageSenderWatchingThread.run(): finished... TargetCompID: FIX
[2011-05-31 15:11:25,226][DEBUG] - MessageProcessor.processResendRequest(): message already processed -&gt; discard. MsgSeqNo: 2147483647 FIX com.baxter.fix.FIXSession@3747c1db
[2011-05-31 15:11:25,226][DEBUG] - MessageSenderWatchingThread.run(): started. TargetCompID: FIX
[2011-05-31 15:11:25,226][DEBUG] - MessageSender.shutdown() invoked! TargetCompID: FIX
&gt;&gt;&gt;&gt;&gt;&gt;&gt;&gt;&gt;&gt;&gt;&gt;&gt;&gt;&gt;&gt;&gt;&gt;&gt;&gt;: 357 - MemUsageChanged: 1.0 0 1 0 0[2011-05-31 15:11:25,226][DEBUG] - MessageSenderWatchingThread.run(): finished... TargetCompID: FIX
[2011-05-31 15:11:25,226][DEBUG] - MessageProcessor.processResendRequest(): message already processed -&gt; discard. MsgSeqNo: 2147483647 FIX com.baxter.fix.FIXSession@3747c1db
[2011-05-31 15:11:25,226][DEBUG] - MessageSenderWatchingThread.run(): started. TargetCompID: FIX
[2011-05-31 15:11:25,226][DEBUG] - MessageSender.shutdown() invoked! TargetCompID: FIX
&gt;&gt;&gt;&gt;&gt;&gt;&gt;&gt;&gt;&gt;&gt;&gt;&gt;&gt;&gt;&gt;&gt;&gt;&gt;&gt;: 358 - MemUsageChanged: 1.0 0 0 0 0[2011-05-31 15:11:25,226][DEBUG] - MessageSenderWatchingThread.run(): finished... TargetCompID: FIX
[2011-05-31 15:11:25,226][DEBUG] - MessageProcessor.processResendRequest(): message already processed -&gt; discard. MsgSeqNo: 2147483647 FIX com.baxter.fix.FIXSession@3747c1db
[2011-05-31 15:11:25,226][DEBUG] - MessageSenderWatchingThread.run(): started. TargetCompID: FIX
[2011-05-31 15:11:25,226][DEBUG] - MessageSender.shutdown() invoked! TargetCompID: FIX
&gt;&gt;&gt;&gt;&gt;&gt;&gt;&gt;&gt;&gt;&gt;&gt;&gt;&gt;&gt;&gt;&gt;&gt;&gt;&gt;: 359 - MemUsageChanged: 1.0 0 0 0 0[2011-05-31 15:11:25,226][DEBUG] - MessageSenderWatchingThread.run(): finished... TargetCompID: FIX
[2011-05-31 15:11:25,226][DEBUG] - MessageProcessor.processResendRequest(): message already processed -&gt; discard. MsgSeqNo: 2147483647 FIX com.baxter.fix.FIXSession@3747c1db
[2011-05-31 15:11:25,226][DEBUG] - MessageSenderWatchingThread.run(): started. TargetCompID: FIX
[2011-05-31 15:11:25,226][DEBUG] - MessageSender.shutdown() invoked! TargetCompID: FIX
&gt;&gt;&gt;&gt;&gt;&gt;&gt;&gt;&gt;&gt;&gt;&gt;&gt;&gt;&gt;&gt;&gt;&gt;&gt;&gt;: 360 - MemUsageChanged: 1.0 0 0 0 0[2011-05-31 15:11:25,226][DEBUG] - MessageSenderWatchingThread.run(): finished... TargetCompID: FIX
[2011-05-31 15:11:25,226][DEBUG] - MessageProcessor.processResendRequest(): message already processed -&gt; discard. MsgSeqNo: 2147483647 FIX com.baxter.fix.FIXSession@3747c1db
[2011-05-31 15:11:25,226][DEBUG] - MessageSenderWatchingThread.run(): started. TargetCompID: FIX
[2011-05-31 15:11:25,226][DEBUG] - MessageSender.shutdown() invoked! TargetCompID: FIX
&gt;&gt;&gt;&gt;&gt;&gt;&gt;&gt;&gt;&gt;&gt;&gt;&gt;&gt;&gt;&gt;&gt;&gt;&gt;&gt;: 361 - MemUsageChanged: 1.0 0 0 1 0[2011-05-31 15:11:25,227][DEBUG] - MessageSenderWatchingThread.run(): finished... TargetCompID: FIX
[2011-05-31 15:11:25,227][DEBUG] - MessageProcessor.processResendRequest(): message already processed -&gt; discard. MsgSeqNo: 2147483647 FIX com.baxter.fix.FIXSession@3747c1db
[2011-05-31 15:11:25,227][DEBUG] - MessageSenderWatchingThread.run(): started. TargetCompID: FIX
[2011-05-31 15:11:25,227][DEBUG] - MessageSender.shutdown() invoked! TargetCompID: FIX
&gt;&gt;&gt;&gt;&gt;&gt;&gt;&gt;&gt;&gt;&gt;&gt;&gt;&gt;&gt;&gt;&gt;&gt;&gt;&gt;: 362 - MemUsageChanged: 1.0 0 0 0 0[2011-05-31 15:11:25,227][DEBUG] - MessageSenderWatchingThread.run(): finished... TargetCompID: FIX
[2011-05-31 15:11:25,227][DEBUG] - MessageProcessor.processResendRequest(): message already processed -&gt; discard. MsgSeqNo: 2147483647 FIX com.baxter.fix.FIXSession@3747c1db
[2011-05-31 15:11:25,227][DEBUG] - MessageSenderWatchingThread.run(): started. TargetCompID: FIX
[2011-05-31 15:11:25,227][DEBUG] - MessageSender.shutdown() invoked! TargetCompID: FIX
&gt;&gt;&gt;&gt;&gt;&gt;&gt;&gt;&gt;&gt;&gt;&gt;&gt;&gt;&gt;&gt;&gt;&gt;&gt;&gt;: 363 - MemUsageChanged: 1.0 0 0 0 0[2011-05-31 15:11:25,227][DEBUG] - MessageSenderWatchingThread.run(): finished... TargetCompID: FIX
[2011-05-31 15:11:25,227][DEBUG] - MessageProcessor.processResendRequest(): message already processed -&gt; discard. MsgSeqNo: 2147483647 FIX com.baxter.fix.FIXSession@3747c1db
[2011-05-31 15:11:25,227][DEBUG] - MessageSenderWatchingThread.run(): started. TargetCompID: FIX
[2011-05-31 15:11:25,227][DEBUG] - MessageSender.shutdown() invoked! TargetCompID: FIX
&gt;&gt;&gt;&gt;&gt;&gt;&gt;&gt;&gt;&gt;&gt;&gt;&gt;&gt;&gt;&gt;&gt;&gt;&gt;&gt;: 364 - MemUsageChanged: 1.0 0 0 0 0[2011-05-31 15:11:25,227][DEBUG] - MessageSenderWatchingThread.run(): finished... TargetCompID: FIX
[2011-05-31 15:11:25,227][DEBUG] - MessageProcessor.processResendRequest(): message already processed -&gt; discard. MsgSeqNo: 2147483647 FIX com.baxter.fix.FIXSession@3747c1db
[2011-05-31 15:11:25,227][DEBUG] - MessageSenderWatchingThread.run(): started. TargetCompID: FIX
[2011-05-31 15:11:25,227][DEBUG] - MessageSender.shutdown() invoked! TargetCompID: FIX
&gt;&gt;&gt;&gt;&gt;&gt;&gt;&gt;&gt;&gt;&gt;&gt;&gt;&gt;&gt;&gt;&gt;&gt;&gt;&gt;: 365 - MemUsageChanged: 1.0 0 0 0 0[2011-05-31 15:11:25,227][DEBUG] - MessageSenderWatchingThread.run(): finished... TargetCompID: FIX
[2011-05-31 15:11:25,228][DEBUG] - MessageProcessor.processResendRequest(): message already processed -&gt; discard. MsgSeqNo: 2147483647 FIX com.baxter.fix.FIXSession@3747c1db
[2011-05-31 15:11:25,228][DEBUG] - MessageSenderWatchingThread.run(): started. TargetCompID: FIX
[2011-05-31 15:11:25,228][DEBUG] - MessageSender.shutdown() invoked! TargetCompID: FIX
&gt;&gt;&gt;&gt;&gt;&gt;&gt;&gt;&gt;&gt;&gt;&gt;&gt;&gt;&gt;&gt;&gt;&gt;&gt;&gt;: 366 - MemUsageChanged: 1.0 0 0 0 0[2011-05-31 15:11:25,228][DEBUG] - MessageSenderWatchingThread.run(): finished... TargetCompID: FIX
[2011-05-31 15:11:25,228][DEBUG] - MessageProcessor.processResendRequest(): message already processed -&gt; discard. MsgSeqNo: 2147483647 FIX com.baxter.fix.FIXSession@3747c1db
[2011-05-31 15:11:25,228][DEBUG] - MessageSenderWatchingThread.run(): started. TargetCompID: FIX
[2011-05-31 15:11:25,228][DEBUG] - MessageSender.shutdown() invoked! TargetCompID: FIX
&gt;&gt;&gt;&gt;&gt;&gt;&gt;&gt;&gt;&gt;&gt;&gt;&gt;&gt;&gt;&gt;&gt;&gt;&gt;&gt;: 367 - MemUsageChanged: 1.0 0 0 0 0[2011-05-31 15:11:25,228][DEBUG] - MessageSenderWatchingThread.run(): finished... TargetCompID: FIX
[2011-05-31 15:11:25,228][DEBUG] - MessageProcessor.processResendRequest(): message already processed -&gt; discard. MsgSeqNo: 2147483647 FIX com.baxter.fix.FIXSession@3747c1db
[2011-05-31 15:11:25,228][DEBUG] - MessageSenderWatchingThread.run(): started. TargetCompID: FIX
[2011-05-31 15:11:25,228][DEBUG] - MessageSender.shutdown() invoked! TargetCompID: FIX
&gt;&gt;&gt;&gt;&gt;&gt;&gt;&gt;&gt;&gt;&gt;&gt;&gt;&gt;&gt;&gt;&gt;&gt;&gt;&gt;: 368 - MemUsageChanged: 1.0 0 0 0 0[2011-05-31 15:11:25,228][DEBUG] - MessageSenderWatchingThread.run(): finished... TargetCompID: FIX
[2011-05-31 15:11:25,228][DEBUG] - MessageProcessor.processResendRequest(): message already processed -&gt; discard. MsgSeqNo: 2147483647 FIX com.baxter.fix.FIXSession@3747c1db
[2011-05-31 15:11:25,228][DEBUG] - MessageSenderWatchingThread.run(): started. TargetCompID: FIX
[2011-05-31 15:11:25,228][DEBUG] - MessageSender.shutdown() invoked! TargetCompID: FIX
&gt;&gt;&gt;&gt;&gt;&gt;&gt;&gt;&gt;&gt;&gt;&gt;&gt;&gt;&gt;&gt;&gt;&gt;&gt;&gt;: 369 - MemUsageChanged: 1.0 0 0 0 0[2011-05-31 15:11:25,228][DEBUG] - MessageSenderWatchingThread.run(): finished... TargetCompID: FIX
[2011-05-31 15:11:25,228][DEBUG] - MessageProcessor.processResendRequest(): message already processed -&gt; discard. MsgSeqNo: 2147483647 FIX com.baxter.fix.FIXSession@3747c1db
[2011-05-31 15:11:25,228][DEBUG] - MessageSenderWatchingThread.run(): started. TargetCompID: FIX
[2011-05-31 15:11:25,229][DEBUG] - MessageSender.shutdown() invoked! TargetCompID: FIX
&gt;&gt;&gt;&gt;&gt;&gt;&gt;&gt;&gt;&gt;&gt;&gt;&gt;&gt;&gt;&gt;&gt;&gt;&gt;&gt;: 370 - MemUsageChanged: 1.0 0 1 0 0[2011-05-31 15:11:25,229][DEBUG] - MessageSenderWatchingThread.run(): finished... TargetCompID: FIX
[2011-05-31 15:11:25,229][DEBUG] - MessageProcessor.processResendRequest(): message already processed -&gt; discard. MsgSeqNo: 2147483647 FIX com.baxter.fix.FIXSession@3747c1db
[2011-05-31 15:11:25,229][DEBUG] - MessageSenderWatchingThread.run(): started. TargetCompID: FIX
[2011-05-31 15:11:25,229][DEBUG] - MessageSender.shutdown() invoked! TargetCompID: FIX
&gt;&gt;&gt;&gt;&gt;&gt;&gt;&gt;&gt;&gt;&gt;&gt;&gt;&gt;&gt;&gt;&gt;&gt;&gt;&gt;: 371 - MemUsageChanged: 1.0 0 0 0 0[2011-05-31 15:11:25,229][DEBUG] - MessageSenderWatchingThread.run(): finished... TargetCompID: FIX
[2011-05-31 15:11:25,229][DEBUG] - MessageProcessor.processResendRequest(): message already processed -&gt; discard. MsgSeqNo: 2147483647 FIX com.baxter.fix.FIXSession@3747c1db
[2011-05-31 15:11:25,229][DEBUG] - MessageSender.shutdown() invoked! TargetCompID: FIX
&gt;&gt;&gt;&gt;&gt;&gt;&gt;&gt;&gt;&gt;&gt;&gt;&gt;&gt;&gt;&gt;&gt;&gt;&gt;&gt;: 372 - MemUsageChanged: 1.0 0 0 0 0[2011-05-31 15:11:25,229][DEBUG] - MessageSenderWatchingThread.run(): started. TargetCompID: FIX
[2011-05-31 15:11:25,229][DEBUG] - MessageSenderWatchingThread.run(): finished... TargetCompID: FIX
[2011-05-31 15:11:25,229][DEBUG] - MessageProcessor.processResendRequest(): message already processed -&gt; discard. MsgSeqNo: 2147483647 FIX com.baxter.fix.FIXSession@3747c1db
[2011-05-31 15:11:25,229][DEBUG] - MessageSenderWatchingThread.run(): started. TargetCompID: FIX
[2011-05-31 15:11:25,229][DEBUG] - MessageSender.shutdown() invoked! TargetCompID: FIX
&gt;&gt;&gt;&gt;&gt;&gt;&gt;&gt;&gt;&gt;&gt;&gt;&gt;&gt;&gt;&gt;&gt;&gt;&gt;&gt;: 373 - MemUsageChanged: 1.0 0 0 0 0[2011-05-31 15:11:25,229][DEBUG] - MessageSenderWatchingThread.run(): finished... TargetCompID: FIX
[2011-05-31 15:11:25,229][DEBUG] - MessageProcessor.processResendRequest(): message already processed -&gt; discard. MsgSeqNo: 2147483647 FIX com.baxter.fix.FIXSession@3747c1db
[2011-05-31 15:11:25,229][DEBUG] - MessageSenderWatchingThread.run(): started. TargetCompID: FIX
[2011-05-31 15:11:25,230][DEBUG] - MessageSender.shutdown() invoked! TargetCompID: FIX
&gt;&gt;&gt;&gt;&gt;&gt;&gt;&gt;&gt;&gt;&gt;&gt;&gt;&gt;&gt;&gt;&gt;&gt;&gt;&gt;: 374 - MemUsageChanged: 1.0 0 1 0 0[2011-05-31 15:11:25,230][DEBUG] - MessageSenderWatchingThread.run(): finished... TargetCompID: FIX
[2011-05-31 15:11:25,230][DEBUG] - MessageProcessor.processResendRequest(): message already processed -&gt; discard. MsgSeqNo: 2147483647 FIX com.baxter.fix.FIXSession@3747c1db
[2011-05-31 15:11:25,230][DEBUG] - MessageSenderWatchingThread.run(): started. TargetCompID: FIX
[2011-05-31 15:11:25,230][DEBUG] - MessageSender.shutdown() invoked! TargetCompID: FIX
&gt;&gt;&gt;&gt;&gt;&gt;&gt;&gt;&gt;&gt;&gt;&gt;&gt;&gt;&gt;&gt;&gt;&gt;&gt;&gt;: 375 - MemUsageChanged: 1.0 0 0 0 0[2011-05-31 15:11:25,230][DEBUG] - MessageSenderWatchingThread.run(): finished... TargetCompID: FIX
[2011-05-31 15:11:25,230][DEBUG] - MessageProcessor.processResendRequest(): message already processed -&gt; discard. MsgSeqNo: 2147483647 FIX com.baxter.fix.FIXSession@3747c1db
[2011-05-31 15:11:25,230][DEBUG] - MessageSenderWatchingThread.run(): started. TargetCompID: FIX
[2011-05-31 15:11:25,230][DEBUG] - MessageSender.shutdown() invoked! TargetCompID: FIX
&gt;&gt;&gt;&gt;&gt;&gt;&gt;&gt;&gt;&gt;&gt;&gt;&gt;&gt;&gt;&gt;&gt;&gt;&gt;&gt;: 376 - MemUsageChanged: 1.0 0 0 0 0[2011-05-31 15:11:25,230][DEBUG] - MessageSenderWatchingThread.run(): finished... TargetCompID: FIX
[2011-05-31 15:11:25,230][DEBUG] - MessageProcessor.processResendRequest(): message already processed -&gt; discard. MsgSeqNo: 2147483647 FIX com.baxter.fix.FIXSession@3747c1db
[2011-05-31 15:11:25,230][DEBUG] - MessageSenderWatchingThread.run(): started. TargetCompID: FIX
[2011-05-31 15:11:25,230][DEBUG] - MessageSender.shutdown() invoked! TargetCompID: FIX
&gt;&gt;&gt;&gt;&gt;&gt;&gt;&gt;&gt;&gt;&gt;&gt;&gt;&gt;&gt;&gt;&gt;&gt;&gt;&gt;: 377 - MemUsageChanged: 1.0 0 0 0 0[2011-05-31 15:11:25,230][DEBUG] - MessageSenderWatchingThread.run(): finished... TargetCompID: FIX
[2011-05-31 15:11:25,230][DEBUG] - MessageProcessor.processResendRequest(): message already processed -&gt; discard. MsgSeqNo: 2147483647 FIX com.baxter.fix.FIXSession@3747c1db
[2011-05-31 15:11:25,230][DEBUG] - MessageSenderWatchingThread.run(): started. TargetCompID: FIX
[2011-05-31 15:11:25,230][DEBUG] - MessageSender.shutdown() invoked! TargetCompID: FIX
&gt;&gt;&gt;&gt;&gt;&gt;&gt;&gt;&gt;&gt;&gt;&gt;&gt;&gt;&gt;&gt;&gt;&gt;&gt;&gt;: 378 - MemUsageChanged: 1.0 0 0 0 0[2011-05-31 15:11:25,230][DEBUG] - MessageSenderWatchingThread.run(): finished... TargetCompID: FIX
[2011-05-31 15:11:25,231][DEBUG] - MessageProcessor.processResendRequest(): message already processed -&gt; discard. MsgSeqNo: 2147483647 FIX com.baxter.fix.FIXSession@3747c1db
[2011-05-31 15:11:25,231][DEBUG] - MessageSenderWatchingThread.run(): started. TargetCompID: FIX
[2011-05-31 15:11:25,231][DEBUG] - MessageSender.shutdown() invoked! TargetCompID: FIX
&gt;&gt;&gt;&gt;&gt;&gt;&gt;&gt;&gt;&gt;&gt;&gt;&gt;&gt;&gt;&gt;&gt;&gt;&gt;&gt;: 379 - MemUsageChanged: 1.0 0 0 0 0[2011-05-31 15:11:25,231][DEBUG] - MessageSenderWatchingThread.run(): finished... TargetCompID: FIX
[2011-05-31 15:11:25,231][DEBUG] - MessageProcessor.processResendRequest(): message already processed -&gt; discard. MsgSeqNo: 2147483647 FIX com.baxter.fix.FIXSession@3747c1db
[2011-05-31 15:11:25,231][DEBUG] - MessageSenderWatchingThread.run(): started. TargetCompID: FIX
[2011-05-31 15:11:25,231][DEBUG] - MessageSender.shutdown() invoked! TargetCompID: FIX
&gt;&gt;&gt;&gt;&gt;&gt;&gt;&gt;&gt;&gt;&gt;&gt;&gt;&gt;&gt;&gt;&gt;&gt;&gt;&gt;: 380 - MemUsageChanged: 1.0 0 0 0 0[2011-05-31 15:11:25,231][DEBUG] - MessageSenderWatchingThread.run(): finished... TargetCompID: FIX
[2011-05-31 15:11:25,231][DEBUG] - MessageProcessor.processResendRequest(): message already processed -&gt; discard. MsgSeqNo: 2147483647 FIX com.baxter.fix.FIXSession@3747c1db
[2011-05-31 15:11:25,231][DEBUG] - MessageSenderWatchingThread.run(): started. TargetCompID: FIX
[2011-05-31 15:11:25,231][DEBUG] - MessageSender.shutdown() invoked! TargetCompID: FIX
&gt;&gt;&gt;&gt;&gt;&gt;&gt;&gt;&gt;&gt;&gt;&gt;&gt;&gt;&gt;&gt;&gt;&gt;&gt;&gt;: 381 - MemUsageChanged: 1.0 0 0 0 0[2011-05-31 15:11:25,231][DEBUG] - MessageSenderWatchingThread.run(): finished... TargetCompID: FIX
[2011-05-31 15:11:25,231][DEBUG] - MessageSenderWatchingThread.run(): started. TargetCompID: FIX
[2011-05-31 15:11:25,231][DEBUG] - MessageProcessor.processResendRequest(): message already processed -&gt; discard. MsgSeqNo: 2147483647 FIX com.baxter.fix.FIXSession@3747c1db
[2011-05-31 15:11:25,231][DEBUG] - MessageSender.shutdown() invoked! TargetCompID: FIX
&gt;&gt;&gt;&gt;&gt;&gt;&gt;&gt;&gt;&gt;&gt;&gt;&gt;&gt;&gt;&gt;&gt;&gt;&gt;&gt;: 382 - MemUsageChanged: 1.0 0 0 0 0[2011-05-31 15:11:25,231][DEBUG] - MessageSenderWatchingThread.run(): finished... TargetCompID: FIX
[2011-05-31 15:11:25,232][DEBUG] - MessageProcessor.processResendRequest(): message already processed -&gt; discard. MsgSeqNo: 2147483647 FIX com.baxter.fix.FIXSession@3747c1db
[2011-05-31 15:11:25,232][DEBUG] - MessageSenderWatchingThread.run(): started. TargetCompID: FIX
[2011-05-31 15:11:25,232][DEBUG] - MessageSender.shutdown() invoked! TargetCompID: FIX
&gt;&gt;&gt;&gt;&gt;&gt;&gt;&gt;&gt;&gt;&gt;&gt;&gt;&gt;&gt;&gt;&gt;&gt;&gt;&gt;: 383 - MemUsageChanged: 1.0 1 0 0 0[2011-05-31 15:11:25,232][DEBUG] - MessageSenderWatchingThread.run(): finished... TargetCompID: FIX
[2011-05-31 15:11:25,232][DEBUG] - MessageProcessor.processResendRequest(): message already processed -&gt; discard. MsgSeqNo: 2147483647 FIX com.baxter.fix.FIXSession@3747c1db
[2011-05-31 15:11:25,232][DEBUG] - MessageSenderWatchingThread.run(): started. TargetCompID: FIX
[2011-05-31 15:11:25,232][DEBUG] - MessageSender.shutdown() invoked! TargetCompID: FIX
&gt;&gt;&gt;&gt;&gt;&gt;&gt;&gt;&gt;&gt;&gt;&gt;&gt;&gt;&gt;&gt;&gt;&gt;&gt;&gt;: 384 - MemUsageChanged: 1.0 0 0 0 0[2011-05-31 15:11:25,232][DEBUG] - MessageSenderWatchingThread.run(): finished... TargetCompID: FIX
[2011-05-31 15:11:25,232][DEBUG] - MessageProcessor.processResendRequest(): message already processed -&gt; discard. MsgSeqNo: 2147483647 FIX com.baxter.fix.FIXSession@3747c1db
[2011-05-31 15:11:25,232][DEBUG] - MessageSenderWatchingThread.run(): started. TargetCompID: FIX
[2011-05-31 15:11:25,232][DEBUG] - MessageSender.shutdown() invoked! TargetCompID: FIX
&gt;&gt;&gt;&gt;&gt;&gt;&gt;&gt;&gt;&gt;&gt;&gt;&gt;&gt;&gt;&gt;&gt;&gt;&gt;&gt;: 385 - MemUsageChanged: 1.0 0 0 0 0[2011-05-31 15:11:25,232][DEBUG] - MessageSenderWatchingThread.run(): finished... TargetCompID: FIX
[2011-05-31 15:11:25,232][DEBUG] - MessageProcessor.processResendRequest(): message already processed -&gt; discard. MsgSeqNo: 2147483647 FIX com.baxter.fix.FIXSession@3747c1db
[2011-05-31 15:11:25,232][DEBUG] - MessageSender.shutdown() invoked! TargetCompID: FIX
&gt;&gt;&gt;&gt;&gt;&gt;&gt;&gt;&gt;&gt;&gt;&gt;&gt;&gt;&gt;&gt;&gt;&gt;&gt;&gt;: 386 - MemUsageChanged: 1.0 0 0 0 0[2011-05-31 15:11:25,232][DEBUG] - MessageSenderWatchingThread.run(): started. TargetCompID: FIX
[2011-05-31 15:11:25,232][DEBUG] - MessageSenderWatchingThread.run(): finished... TargetCompID: FIX
[2011-05-31 15:11:25,233][DEBUG] - MessageProcessor.processResendRequest(): message already processed -&gt; discard. MsgSeqNo: 2147483647 FIX com.baxter.fix.FIXSession@3747c1db
[2011-05-31 15:11:25,233][DEBUG] - MessageSender.shutdown() invoked! TargetCompID: FIX
&gt;&gt;&gt;&gt;&gt;&gt;&gt;&gt;&gt;&gt;&gt;&gt;&gt;&gt;&gt;&gt;&gt;&gt;&gt;&gt;: 387 - MemUsageChanged: 1.0 1 0 0 0[2011-05-31 15:11:25,233][DEBUG] - MessageSenderWatchingThread.run(): started. TargetCompID: FIX
[2011-05-31 15:11:25,233][DEBUG] - MessageSenderWatchingThread.run(): finished... TargetCompID: FIX
[2011-05-31 15:11:25,233][DEBUG] - MessageProcessor.processResendRequest(): message already processed -&gt; discard. MsgSeqNo: 2147483647 FIX com.baxter.fix.FIXSession@3747c1db
[2011-05-31 15:11:25,233][DEBUG] - MessageSenderWatchingThread.run(): started. TargetCompID: FIX
[2011-05-31 15:11:25,233][DEBUG] - MessageSender.shutdown() invoked! TargetCompID: FIX
&gt;&gt;&gt;&gt;&gt;&gt;&gt;&gt;&gt;&gt;&gt;&gt;&gt;&gt;&gt;&gt;&gt;&gt;&gt;&gt;: 388 - MemUsageChanged: 1.0 0 0 0 0[2011-05-31 15:11:25,233][DEBUG] - MessageSenderWatchingThread.run(): finished... TargetCompID: FIX
[2011-05-31 15:11:25,233][DEBUG] - MessageProcessor.processResendRequest(): message already processed -&gt; discard. MsgSeqNo: 2147483647 FIX com.baxter.fix.FIXSession@3747c1db
[2011-05-31 15:11:25,233][DEBUG] - MessageSenderWatchingThread.run(): started. TargetCompID: FIX
[2011-05-31 15:11:25,233][DEBUG] - MessageSender.shutdown() invoked! TargetCompID: FIX
&gt;&gt;&gt;&gt;&gt;&gt;&gt;&gt;&gt;&gt;&gt;&gt;&gt;&gt;&gt;&gt;&gt;&gt;&gt;&gt;: 389 - MemUsageChanged: 1.0 0 0 0 0[2011-05-31 15:11:25,233][DEBUG] - MessageSenderWatchingThread.run(): finished... TargetCompID: FIX
[2011-05-31 15:11:25,233][DEBUG] - MessageProcessor.processResendRequest(): message already processed -&gt; discard. MsgSeqNo: 2147483647 FIX com.baxter.fix.FIXSession@3747c1db
[2011-05-31 15:11:25,233][DEBUG] - MessageSender.shutdown() invoked! TargetCompID: FIX
&gt;&gt;&gt;&gt;&gt;&gt;&gt;&gt;&gt;&gt;&gt;&gt;&gt;&gt;&gt;&gt;&gt;&gt;&gt;&gt;: 390 - MemUsageChanged: 1.0 0 0 0 0[2011-05-31 15:11:25,233][DEBUG] - MessageSenderWatchingThread.run(): started. TargetCompID: FIX
[2011-05-31 15:11:25,233][DEBUG] - MessageSenderWatchingThread.run(): finished... TargetCompID: FIX
[2011-05-31 15:11:25,234][DEBUG] - MessageProcessor.processResendRequest(): message already processed -&gt; discard. MsgSeqNo: 2147483647 FIX com.baxter.fix.FIXSession@3747c1db
[2011-05-31 15:11:25,234][DEBUG] - MessageSenderWatchingThread.run(): started. TargetCompID: FIX
[2011-05-31 15:11:25,234][DEBUG] - MessageSender.shutdown() invoked! TargetCompID: FIX
&gt;&gt;&gt;&gt;&gt;&gt;&gt;&gt;&gt;&gt;&gt;&gt;&gt;&gt;&gt;&gt;&gt;&gt;&gt;&gt;: 391 - MemUsageChanged: 1.0 1 0 0 0[2011-05-31 15:11:25,234][DEBUG] - MessageSenderWatchingThread.run(): finished... TargetCompID: FIX
[2011-05-31 15:11:25,234][DEBUG] - MessageProcessor.processResendRequest(): message already processed -&gt; discard. MsgSeqNo: 2147483647 FIX com.baxter.fix.FIXSession@3747c1db
[2011-05-31 15:11:25,234][DEBUG] - MessageSender.shutdown() invoked! TargetCompID: FIX
&gt;&gt;&gt;&gt;&gt;&gt;&gt;&gt;&gt;&gt;&gt;&gt;&gt;&gt;&gt;&gt;&gt;&gt;&gt;&gt;: 392 - MemUsageChanged: 1.0 0 0 0 0[2011-05-31 15:11:25,234][DEBUG] - MessageSenderWatchingThread.run(): started. TargetCompID: FIX
[2011-05-31 15:11:25,234][DEBUG] - MessageSenderWatchingThread.run(): finished... TargetCompID: FIX
[2011-05-31 15:11:25,234][DEBUG] - MessageProcessor.processResendRequest(): message already processed -&gt; discard. MsgSeqNo: 2147483647 FIX com.baxter.fix.FIXSession@3747c1db
[2011-05-31 15:11:25,234][DEBUG] - MessageSenderWatchingThread.run(): started. TargetCompID: FIX
[2011-05-31 15:11:25,234][DEBUG] - MessageSender.shutdown() invoked! TargetCompID: FIX
&gt;&gt;&gt;&gt;&gt;&gt;&gt;&gt;&gt;&gt;&gt;&gt;&gt;&gt;&gt;&gt;&gt;&gt;&gt;&gt;: 393 - MemUsageChanged: 1.0 0 0 0 0[2011-05-31 15:11:25,234][DEBUG] - MessageSenderWatchingThread.run(): finished... TargetCompID: FIX
[2011-05-31 15:11:25,234][DEBUG] - MessageProcessor.processResendRequest(): message already processed -&gt; discard. MsgSeqNo: 2147483647 FIX com.baxter.fix.FIXSession@3747c1db
[2011-05-31 15:11:25,234][DEBUG] - MessageSender.shutdown() invoked! TargetCompID: FIX
&gt;&gt;&gt;&gt;&gt;&gt;&gt;&gt;&gt;&gt;&gt;&gt;&gt;&gt;&gt;&gt;&gt;&gt;&gt;&gt;: 394 - MemUsageChanged: 1.0 0 0 0 0[2011-05-31 15:11:25,234][DEBUG] - MessageSenderWatchingThread.run(): started. TargetCompID: FIX
[2011-05-31 15:11:25,235][DEBUG] - MessageSenderWatchingThread.run(): finished... TargetCompID: FIX
[2011-05-31 15:11:25,235][DEBUG] - MessageProcessor.processResendRequest(): message already processed -&gt; discard. MsgSeqNo: 2147483647 FIX com.baxter.fix.FIXSession@3747c1db
[2011-05-31 15:11:25,235][DEBUG] - MessageSenderWatchingThread.run(): started. TargetCompID: FIX
[2011-05-31 15:11:25,235][DEBUG] - MessageSender.shutdown() invoked! TargetCompID: FIX
&gt;&gt;&gt;&gt;&gt;&gt;&gt;&gt;&gt;&gt;&gt;&gt;&gt;&gt;&gt;&gt;&gt;&gt;&gt;&gt;: 395 - MemUsageChanged: 1.0 1 0 0 0[2011-05-31 15:11:25,235][DEBUG] - MessageSenderWatchingThread.run(): finished... TargetCompID: FIX
[2011-05-31 15:11:25,235][DEBUG] - MessageProcessor.processResendRequest(): message already processed -&gt; discard. MsgSeqNo: 2147483647 FIX com.baxter.fix.FIXSession@3747c1db
[2011-05-31 15:11:25,235][DEBUG] - MessageSender.shutdown() invoked! TargetCompID: FIX
&gt;&gt;&gt;&gt;&gt;&gt;&gt;&gt;&gt;&gt;&gt;&gt;&gt;&gt;&gt;&gt;&gt;&gt;&gt;&gt;: 396 - MemUsageChanged: 1.0 0 0 0 0[2011-05-31 15:11:25,235][DEBUG] - MessageSenderWatchingThread.run(): started. TargetCompID: FIX
[2011-05-31 15:11:25,235][DEBUG] - MessageSenderWatchingThread.run(): finished... TargetCompID: FIX
[2011-05-31 15:11:25,235][DEBUG] - MessageProcessor.processResendRequest(): message already processed -&gt; discard. MsgSeqNo: 2147483647 FIX com.baxter.fix.FIXSession@3747c1db
[2011-05-31 15:11:25,235][DEBUG] - MessageSenderWatchingThread.run(): started. TargetCompID: FIX
[2011-05-31 15:11:25,235][DEBUG] - MessageSender.shutdown() invoked! TargetCompID: FIX
&gt;&gt;&gt;&gt;&gt;&gt;&gt;&gt;&gt;&gt;&gt;&gt;&gt;&gt;&gt;&gt;&gt;&gt;&gt;&gt;: 397 - MemUsageChanged: 1.0 0 0 0 0[2011-05-31 15:11:25,235][DEBUG] - MessageSenderWatchingThread.run(): finished... TargetCompID: FIX
[2011-05-31 15:11:25,235][DEBUG] - MessageProcessor.processResendRequest(): message already processed -&gt; discard. MsgSeqNo: 2147483647 FIX com.baxter.fix.FIXSession@3747c1db
[2011-05-31 15:11:25,235][DEBUG] - MessageSender.shutdown() invoked! TargetCompID: FIX
&gt;&gt;&gt;&gt;&gt;&gt;&gt;&gt;&gt;&gt;&gt;&gt;&gt;&gt;&gt;&gt;&gt;&gt;&gt;&gt;: 398 - MemUsageChanged: 1.0 0 0 0 0[2011-05-31 15:11:25,236][DEBUG] - MessageSenderWatchingThread.run(): started. TargetCompID: FIX
[2011-05-31 15:11:25,236][DEBUG] - MessageSenderWatchingThread.run(): finished... TargetCompID: FIX
[2011-05-31 15:11:25,236][DEBUG] - MessageProcessor.processResendRequest(): message already processed -&gt; discard. MsgSeqNo: 2147483647 FIX com.baxter.fix.FIXSession@3747c1db
[2011-05-31 15:11:25,236][DEBUG] - MessageSenderWatchingThread.run(): started. TargetCompID: FIX
[2011-05-31 15:11:25,236][DEBUG] - MessageSender.shutdown() invoked! TargetCompID: FIX
&gt;&gt;&gt;&gt;&gt;&gt;&gt;&gt;&gt;&gt;&gt;&gt;&gt;&gt;&gt;&gt;&gt;&gt;&gt;&gt;: 399 - MemUsageChanged: 1.0 1 0 0 0[2011-05-31 15:11:25,236][DEBUG] - MessageSenderWatchingThread.run(): finished... TargetCompID: FIX
[2011-05-31 15:11:25,236][DEBUG] - MessageProcessor.processResendRequest(): message already processed -&gt; discard. MsgSeqNo: 2147483647 FIX com.baxter.fix.FIXSession@3747c1db
[2011-05-31 15:11:25,236][DEBUG] - MessageSender.shutdown() invoked! TargetCompID: FIX
&gt;&gt;&gt;&gt;&gt;&gt;&gt;&gt;&gt;&gt;&gt;&gt;&gt;&gt;&gt;&gt;&gt;&gt;&gt;&gt;: 400 - MemUsageChanged: 1.0 0 0 0 0[2011-05-31 15:11:25,236][DEBUG] - MessageSenderWatchingThread.run(): started. TargetCompID: FIX
[2011-05-31 15:11:25,236][DEBUG] - MessageSenderWatchingThread.run(): finished... TargetCompID: FIX
[2011-05-31 15:11:25,236][DEBUG] - MessageProcessor.processResendRequest(): message already processed -&gt; discard. MsgSeqNo: 2147483647 FIX com.baxter.fix.FIXSession@3747c1db
[2011-05-31 15:11:25,236][DEBUG] - MessageSenderWatchingThread.run(): started. TargetCompID: FIX
[2011-05-31 15:11:25,236][DEBUG] - MessageSender.shutdown() invoked! TargetCompID: FIX
&gt;&gt;&gt;&gt;&gt;&gt;&gt;&gt;&gt;&gt;&gt;&gt;&gt;&gt;&gt;&gt;&gt;&gt;&gt;&gt;: 401 - MemUsageChanged: 1.0 0 0 0 0[2011-05-31 15:11:25,236][DEBUG] - MessageSenderWatchingThread.run(): finished... TargetCompID: FIX
[2011-05-31 15:11:25,236][DEBUG] - MessageProcessor.processResendRequest(): message already processed -&gt; discard. MsgSeqNo: 2147483647 FIX com.baxter.fix.FIXSession@3747c1db
[2011-05-31 15:11:25,236][DEBUG] - MessageSenderWatchingThread.run(): started. TargetCompID: FIX
[2011-05-31 15:11:25,236][DEBUG] - MessageSender.shutdown() invoked! TargetCompID: FIX
&gt;&gt;&gt;&gt;&gt;&gt;&gt;&gt;&gt;&gt;&gt;&gt;&gt;&gt;&gt;&gt;&gt;&gt;&gt;&gt;: 402 - MemUsageChanged: 1.0 0 0 0 0[2011-05-31 15:11:25,236][DEBUG] - MessageSenderWatchingThread.run(): finished... TargetCompID: FIX
[2011-05-31 15:11:25,237][DEBUG] - MessageProcessor.processResendRequest(): message already processed -&gt; discard. MsgSeqNo: 2147483647 FIX com.baxter.fix.FIXSession@3747c1db
[2011-05-31 15:11:25,237][DEBUG] - MessageSender.shutdown() invoked! TargetCompID: FIX
&gt;&gt;&gt;&gt;&gt;&gt;&gt;&gt;&gt;&gt;&gt;&gt;&gt;&gt;&gt;&gt;&gt;&gt;&gt;&gt;: 403 - MemUsageChanged: 1.0 0 0 0 0[2011-05-31 15:11:25,237][DEBUG] - MessageSenderWatchingThread.run(): started. TargetCompID: FIX
[2011-05-31 15:11:25,237][DEBUG] - MessageSenderWatchingThread.run(): finished... TargetCompID: FIX
[2011-05-31 15:11:25,237][DEBUG] - MessageProcessor.processResendRequest(): message already processed -&gt; discard. MsgSeqNo: 2147483647 FIX com.baxter.fix.FIXSession@3747c1db
[2011-05-31 15:11:25,237][DEBUG] - MessageSenderWatchingThread.run(): started. TargetCompID: FIX
[2011-05-31 15:11:25,237][DEBUG] - MessageSender.shutdown() invoked! TargetCompID: FIX
&gt;&gt;&gt;&gt;&gt;&gt;&gt;&gt;&gt;&gt;&gt;&gt;&gt;&gt;&gt;&gt;&gt;&gt;&gt;&gt;: 404 - MemUsageChanged: 1.0 0 0 0 0[2011-05-31 15:11:25,237][DEBUG] - MessageSenderWatchingThread.run(): finished... TargetCompID: FIX
[2011-05-31 15:11:25,237][DEBUG] - MessageProcessor.processResendRequest(): message already processed -&gt; discard. MsgSeqNo: 2147483647 FIX com.baxter.fix.FIXSession@3747c1db
[2011-05-31 15:11:25,237][DEBUG] - MessageSenderWatchingThread.run(): started. TargetCompID: FIX
[2011-05-31 15:11:25,237][DEBUG] - MessageSender.shutdown() invoked! TargetCompID: FIX
&gt;&gt;&gt;&gt;&gt;&gt;&gt;&gt;&gt;&gt;&gt;&gt;&gt;&gt;&gt;&gt;&gt;&gt;&gt;&gt;: 405 - MemUsageChanged: 1.0 0 0 0 0[2011-05-31 15:11:25,237][DEBUG] - MessageSenderWatchingThread.run(): finished... TargetCompID: FIX
[2011-05-31 15:11:25,237][DEBUG] - MessageProcessor.processResendRequest(): message already processed -&gt; discard. MsgSeqNo: 2147483647 FIX com.baxter.fix.FIXSession@3747c1db
[2011-05-31 15:11:25,237][DEBUG] - MessageSender.shutdown() invoked! TargetCompID: FIX
&gt;&gt;&gt;&gt;&gt;&gt;&gt;&gt;&gt;&gt;&gt;&gt;&gt;&gt;&gt;&gt;&gt;&gt;&gt;&gt;: 406 - MemUsageChanged: 1.0 0 0 0 0[2011-05-31 15:11:25,238][DEBUG] - MessageSenderWatchingThread.run(): started. TargetCompID: FIX
[2011-05-31 15:11:25,238][DEBUG] - MessageSenderWatchingThread.run(): finished... TargetCompID: FIX
[2011-05-31 15:11:25,238][DEBUG] - MessageProcessor.processResendRequest(): message already processed -&gt; discard. MsgSeqNo: 2147483647 FIX com.baxter.fix.FIXSession@3747c1db
[2011-05-31 15:11:25,238][DEBUG] - MessageSenderWatchingThread.run(): started. TargetCompID: FIX
[2011-05-31 15:11:25,238][DEBUG] - MessageSender.shutdown() invoked! TargetCompID: FIX
&gt;&gt;&gt;&gt;&gt;&gt;&gt;&gt;&gt;&gt;&gt;&gt;&gt;&gt;&gt;&gt;&gt;&gt;&gt;&gt;: 407 - MemUsageChanged: 1.0 1 0 0 0[2011-05-31 15:11:25,238][DEBUG] - MessageSenderWatchingThread.run(): finished... TargetCompID: FIX
[2011-05-31 15:11:25,238][DEBUG] - MessageProcessor.processResendRequest(): message already processed -&gt; discard. MsgSeqNo: 2147483647 FIX com.baxter.fix.FIXSession@3747c1db
[2011-05-31 15:11:25,238][DEBUG] - MessageSender.shutdown() invoked! TargetCompID: FIX
&gt;&gt;&gt;&gt;&gt;&gt;&gt;&gt;&gt;&gt;&gt;&gt;&gt;&gt;&gt;&gt;&gt;&gt;&gt;&gt;: 408 - MemUsageChanged: 1.0 0 0 0 0[2011-05-31 15:11:25,238][DEBUG] - MessageSenderWatchingThread.run(): started. TargetCompID: FIX
[2011-05-31 15:11:25,238][DEBUG] - MessageSenderWatchingThread.run(): finished... TargetCompID: FIX
[2011-05-31 15:11:25,238][DEBUG] - MessageProcessor.processResendRequest(): message already processed -&gt; discard. MsgSeqNo: 2147483647 FIX com.baxter.fix.FIXSession@3747c1db
[2011-05-31 15:11:25,238][DEBUG] - MessageSenderWatchingThread.run(): started. TargetCompID: FIX
[2011-05-31 15:11:25,238][DEBUG] - MessageSender.shutdown() invoked! TargetCompID: FIX
&gt;&gt;&gt;&gt;&gt;&gt;&gt;&gt;&gt;&gt;&gt;&gt;&gt;&gt;&gt;&gt;&gt;&gt;&gt;&gt;: 409 - MemUsageChanged: 1.0 0 0 0 0[2011-05-31 15:11:25,238][DEBUG] - MessageSenderWatchingThread.run(): finished... TargetCompID: FIX
[2011-05-31 15:11:25,238][DEBUG] - MessageProcessor.processResendRequest(): message already processed -&gt; discard. MsgSeqNo: 2147483647 FIX com.baxter.fix.FIXSession@3747c1db
[2011-05-31 15:11:25,238][DEBUG] - MessageSenderWatchingThread.run(): started. TargetCompID: FIX
[2011-05-31 15:11:25,238][DEBUG] - MessageSender.shutdown() invoked! TargetCompID: FIX
&gt;&gt;&gt;&gt;&gt;&gt;&gt;&gt;&gt;&gt;&gt;&gt;&gt;&gt;&gt;&gt;&gt;&gt;&gt;&gt;: 410 - MemUsageChanged: 1.0 0 0 0 0[2011-05-31 15:11:25,239][DEBUG] - MessageSenderWatchingThread.run(): finished... TargetCompID: FIX
[2011-05-31 15:11:25,239][DEBUG] - MessageProcessor.processResendRequest(): message already processed -&gt; discard. MsgSeqNo: 2147483647 FIX com.baxter.fix.FIXSession@3747c1db
[2011-05-31 15:11:25,239][DEBUG] - MessageSender.shutdown() invoked! TargetCompID: FIX
&gt;&gt;&gt;&gt;&gt;&gt;&gt;&gt;&gt;&gt;&gt;&gt;&gt;&gt;&gt;&gt;&gt;&gt;&gt;&gt;: 411 - MemUsageChanged: 1.0 0 0 0 0[2011-05-31 15:11:25,239][DEBUG] - MessageSenderWatchingThread.run(): started. TargetCompID: FIX
[2011-05-31 15:11:25,239][DEBUG] - MessageSenderWatchingThread.run(): finished... TargetCompID: FIX
[2011-05-31 15:11:25,239][DEBUG] - MessageProcessor.processResendRequest(): message already processed -&gt; discard. MsgSeqNo: 2147483647 FIX com.baxter.fix.FIXSession@3747c1db
[2011-05-31 15:11:25,239][DEBUG] - MessageSender.shutdown() invoked! TargetCompID: FIX
[2011-05-31 15:11:25,239][DEBUG] - MessageSenderWatchingThread.run(): started. TargetCompID: FIX
&gt;&gt;&gt;&gt;&gt;&gt;&gt;&gt;&gt;&gt;&gt;&gt;&gt;&gt;&gt;&gt;&gt;&gt;&gt;&gt;: 412 - MemUsageChanged: 1.0 0 0 0 0[2011-05-31 15:11:25,239][DEBUG] - MessageSenderWatchingThread.run(): finished... TargetCompID: FIX
[2011-05-31 15:11:25,239][DEBUG] - MessageProcessor.processResendRequest(): message already processed -&gt; discard. MsgSeqNo: 2147483647 FIX com.baxter.fix.FIXSession@3747c1db
[2011-05-31 15:11:25,239][DEBUG] - MessageSenderWatchingThread.run(): started. TargetCompID: FIX
[2011-05-31 15:11:25,239][DEBUG] - MessageSender.shutdown() invoked! TargetCompID: FIX
&gt;&gt;&gt;&gt;&gt;&gt;&gt;&gt;&gt;&gt;&gt;&gt;&gt;&gt;&gt;&gt;&gt;&gt;&gt;&gt;: 413 - MemUsageChanged: 1.0 0 0 0 0[2011-05-31 15:11:25,239][DEBUG] - MessageSenderWatchingThread.run(): finished... TargetCompID: FIX
[2011-05-31 15:11:25,239][DEBUG] - MessageProcessor.processResendRequest(): message already processed -&gt; discard. MsgSeqNo: 2147483647 FIX com.baxter.fix.FIXSession@3747c1db
[2011-05-31 15:11:25,239][DEBUG] - MessageSender.shutdown() invoked! TargetCompID: FIX
&gt;&gt;&gt;&gt;&gt;&gt;&gt;&gt;&gt;&gt;&gt;&gt;&gt;&gt;&gt;&gt;&gt;&gt;&gt;&gt;: 414 - MemUsageChanged: 1.0 0 0 0 0[2011-05-31 15:11:25,239][DEBUG] - MessageSenderWatchingThread.run(): started. TargetCompID: FIX
[2011-05-31 15:11:25,240][DEBUG] - MessageSenderWatchingThread.run(): finished... TargetCompID: FIX
[2011-05-31 15:11:25,240][DEBUG] - MessageProcessor.processResendRequest(): message already processed -&gt; discard. MsgSeqNo: 2147483647 FIX com.baxter.fix.FIXSession@3747c1db
[2011-05-31 15:11:25,240][DEBUG] - MessageSenderWatchingThread.run(): started. TargetCompID: FIX
[2011-05-31 15:11:25,240][DEBUG] - MessageSender.shutdown() invoked! TargetCompID: FIX
&gt;&gt;&gt;&gt;&gt;&gt;&gt;&gt;&gt;&gt;&gt;&gt;&gt;&gt;&gt;&gt;&gt;&gt;&gt;&gt;: 415 - MemUsageChanged: 1.0 1 0 0 0[2011-05-31 15:11:25,240][DEBUG] - MessageSenderWatchingThread.run(): finished... TargetCompID: FIX
[2011-05-31 15:11:25,240][DEBUG] - MessageProcessor.processResendRequest(): message already processed -&gt; discard. MsgSeqNo: 2147483647 FIX com.baxter.fix.FIXSession@3747c1db
[2011-05-31 15:11:25,240][DEBUG] - MessageSender.shutdown() invoked! TargetCompID: FIX
&gt;&gt;&gt;&gt;&gt;&gt;&gt;&gt;&gt;&gt;&gt;&gt;&gt;&gt;&gt;&gt;&gt;&gt;&gt;&gt;: 416 - MemUsageChanged: 1.0 0 0 0 0[2011-05-31 15:11:25,240][DEBUG] - MessageSenderWatchingThread.run(): started. TargetCompID: FIX
[2011-05-31 15:11:25,240][DEBUG] - MessageSenderWatchingThread.run(): finished... TargetCompID: FIX
[2011-05-31 15:11:25,240][DEBUG] - MessageProcessor.processResendRequest(): message already processed -&gt; discard. MsgSeqNo: 2147483647 FIX com.baxter.fix.FIXSession@3747c1db
[2011-05-31 15:11:25,240][DEBUG] - MessageSender.shutdown() invoked! TargetCompID: FIX
[2011-05-31 15:11:25,240][DEBUG] - MessageSenderWatchingThread.run(): started. TargetCompID: FIX
&gt;&gt;&gt;&gt;&gt;&gt;&gt;&gt;&gt;&gt;&gt;&gt;&gt;&gt;&gt;&gt;&gt;&gt;&gt;&gt;: 417 - MemUsageChanged: 1.0 0 0 0 0[2011-05-31 15:11:25,240][DEBUG] - MessageSenderWatchingThread.run(): finished... TargetCompID: FIX
[2011-05-31 15:11:25,240][DEBUG] - MessageProcessor.processResendRequest(): message already processed -&gt; discard. MsgSeqNo: 2147483647 FIX com.baxter.fix.FIXSession@3747c1db
[2011-05-31 15:11:25,240][DEBUG] - MessageSenderWatchingThread.run(): started. TargetCompID: FIX
[2011-05-31 15:11:25,240][DEBUG] - MessageSender.shutdown() invoked! TargetCompID: FIX
&gt;&gt;&gt;&gt;&gt;&gt;&gt;&gt;&gt;&gt;&gt;&gt;&gt;&gt;&gt;&gt;&gt;&gt;&gt;&gt;: 418 - MemUsageChanged: 1.0 0 0 0 0[2011-05-31 15:11:25,240][DEBUG] - MessageSenderWatchingThread.run(): finished... TargetCompID: FIX
[2011-05-31 15:11:25,241][DEBUG] - MessageProcessor.processResendRequest(): message already processed -&gt; discard. MsgSeqNo: 2147483647 FIX com.baxter.fix.FIXSession@3747c1db
[2011-05-31 15:11:25,241][DEBUG] - MessageSender.shutdown() invoked! TargetCompID: FIX
&gt;&gt;&gt;&gt;&gt;&gt;&gt;&gt;&gt;&gt;&gt;&gt;&gt;&gt;&gt;&gt;&gt;&gt;&gt;&gt;: 419 - MemUsageChanged: 1.0 1 0 0 0[2011-05-31 15:11:25,241][DEBUG] - MessageSenderWatchingThread.run(): started. TargetCompID: FIX
[2011-05-31 15:11:25,241][DEBUG] - MessageSenderWatchingThread.run(): finished... TargetCompID: FIX
[2011-05-31 15:11:25,241][DEBUG] - MessageProcessor.processResendRequest(): message already processed -&gt; discard. MsgSeqNo: 2147483647 FIX com.baxter.fix.FIXSession@3747c1db
[2011-05-31 15:11:25,241][DEBUG] - MessageSenderWatchingThread.run(): started. TargetCompID: FIX
[2011-05-31 15:11:25,241][DEBUG] - MessageSender.shutdown() invoked! TargetCompID: FIX
[2011-05-31 15:11:25,241][DEBUG] - MessageSenderWatchingThread.run(): finished... TargetCompID: FIX
&gt;&gt;&gt;&gt;&gt;&gt;&gt;&gt;&gt;&gt;&gt;&gt;&gt;&gt;&gt;&gt;&gt;&gt;&gt;&gt;: 420 - MemUsageChanged: 1.0 0 0 0 0[2011-05-31 15:11:25,241][DEBUG] - MessageProcessor.processResendRequest(): message already processed -&gt; discard. MsgSeqNo: 2147483647 FIX com.baxter.fix.FIXSession@3747c1db
[2011-05-31 15:11:25,241][DEBUG] - MessageSender.shutdown() invoked! TargetCompID: FIX
&gt;&gt;&gt;&gt;&gt;&gt;&gt;&gt;&gt;&gt;&gt;&gt;&gt;&gt;&gt;&gt;&gt;&gt;&gt;&gt;: 421 - MemUsageChanged: 1.0 0 0 0 0[2011-05-31 15:11:25,241][DEBUG] - MessageSenderWatchingThread.run(): started. TargetCompID: FIX
[2011-05-31 15:11:25,241][DEBUG] - MessageSenderWatchingThread.run(): finished... TargetCompID: FIX
[2011-05-31 15:11:25,241][DEBUG] - MessageProcessor.processResendRequest(): message already processed -&gt; discard. MsgSeqNo: 2147483647 FIX com.baxter.fix.FIXSession@3747c1db
[2011-05-31 15:11:25,241][DEBUG] - MessageSenderWatchingThread.run(): started. TargetCompID: FIX
[2011-05-31 15:11:25,241][DEBUG] - MessageSender.shutdown() invoked! TargetCompID: FIX
&gt;&gt;&gt;&gt;&gt;&gt;&gt;&gt;&gt;&gt;&gt;&gt;&gt;&gt;&gt;&gt;&gt;&gt;&gt;&gt;: 422 - MemUsageChanged: 1.0 0 0 0 0[2011-05-31 15:11:25,241][DEBUG] - MessageSenderWatchingThread.run(): finished... TargetCompID: FIX
[2011-05-31 15:11:25,242][DEBUG] - MessageProcessor.processResendRequest(): message already processed -&gt; discard. MsgSeqNo: 2147483647 FIX com.baxter.fix.FIXSession@3747c1db
[2011-05-31 15:11:25,242][DEBUG] - MessageSender.shutdown() invoked! TargetCompID: FIX
&gt;&gt;&gt;&gt;&gt;&gt;&gt;&gt;&gt;&gt;&gt;&gt;&gt;&gt;&gt;&gt;&gt;&gt;&gt;&gt;: 423 - MemUsageChanged: 1.0 0 0 0 0[2011-05-31 15:11:25,242][DEBUG] - MessageSenderWatchingThread.run(): started. TargetCompID: FIX
[2011-05-31 15:11:25,242][DEBUG] - MessageSenderWatchingThread.run(): finished... TargetCompID: FIX
[2011-05-31 15:11:25,242][DEBUG] - MessageProcessor.processResendRequest(): message already processed -&gt; discard. MsgSeqNo: 2147483647 FIX com.baxter.fix.FIXSession@3747c1db
[2011-05-31 15:11:25,242][DEBUG] - MessageSenderWatchingThread.run(): started. TargetCompID: FIX
[2011-05-31 15:11:25,242][DEBUG] - MessageSender.shutdown() invoked! TargetCompID: FIX
&gt;&gt;&gt;&gt;&gt;&gt;&gt;&gt;&gt;&gt;&gt;&gt;&gt;&gt;&gt;&gt;&gt;&gt;&gt;&gt;: 424 - MemUsageChanged: 1.0 0 0 0 0[2011-05-31 15:11:25,242][DEBUG] - MessageSenderWatchingThread.run(): finished... TargetCompID: FIX
[2011-05-31 15:11:25,242][DEBUG] - MessageProcessor.processResendRequest(): message already processed -&gt; discard. MsgSeqNo: 2147483647 FIX com.baxter.fix.FIXSession@3747c1db
[2011-05-31 15:11:25,242][DEBUG] - MessageSender.shutdown() invoked! TargetCompID: FIX
&gt;&gt;&gt;&gt;&gt;&gt;&gt;&gt;&gt;&gt;&gt;&gt;&gt;&gt;&gt;&gt;&gt;&gt;&gt;&gt;: 425 - MemUsageChanged: 1.0 0 0 0 0[2011-05-31 15:11:25,242][DEBUG] - MessageSenderWatchingThread.run(): started. TargetCompID: FIX
[2011-05-31 15:11:25,242][DEBUG] - MessageSenderWatchingThread.run(): finished... TargetCompID: FIX
[2011-05-31 15:11:25,242][DEBUG] - MessageProcessor.processResendRequest(): message already processed -&gt; discard. MsgSeqNo: 2147483647 FIX com.baxter.fix.FIXSession@3747c1db
[2011-05-31 15:11:25,242][DEBUG] - MessageSenderWatchingThread.run(): started. TargetCompID: FIX
[2011-05-31 15:11:25,242][DEBUG] - MessageSender.shutdown() invoked! TargetCompID: FIX
[2011-05-31 15:11:25,243][DEBUG] - MessageSenderWatchingThread.run(): finished... TargetCompID: FIX
&gt;&gt;&gt;&gt;&gt;&gt;&gt;&gt;&gt;&gt;&gt;&gt;&gt;&gt;&gt;&gt;&gt;&gt;&gt;&gt;: 426 - MemUsageChanged: 1.0 0 0 1 0[2011-05-31 15:11:25,243][DEBUG] - MessageProcessor.processResendRequest(): message already processed -&gt; discard. MsgSeqNo: 2147483647 FIX com.baxter.fix.FIXSession@3747c1db
[2011-05-31 15:11:25,243][DEBUG] - MessageSender.shutdown() invoked! TargetCompID: FIX
&gt;&gt;&gt;&gt;&gt;&gt;&gt;&gt;&gt;&gt;&gt;&gt;&gt;&gt;&gt;&gt;&gt;&gt;&gt;&gt;: 427 - MemUsageChanged: 1.0 0 0 0 0[2011-05-31 15:11:25,243][DEBUG] - MessageSenderWatchingThread.run(): started. TargetCompID: FIX
[2011-05-31 15:11:25,243][DEBUG] - MessageSenderWatchingThread.run(): finished... TargetCompID: FIX
[2011-05-31 15:11:25,243][DEBUG] - MessageProcessor.processResendRequest(): message already processed -&gt; discard. MsgSeqNo: 2147483647 FIX com.baxter.fix.FIXSession@3747c1db
[2011-05-31 15:11:25,243][DEBUG] - MessageSenderWatchingThread.run(): started. TargetCompID: FIX
[2011-05-31 15:11:25,243][DEBUG] - MessageSender.shutdown() invoked! TargetCompID: FIX
&gt;&gt;&gt;&gt;&gt;&gt;&gt;&gt;&gt;&gt;&gt;&gt;&gt;&gt;&gt;&gt;&gt;&gt;&gt;&gt;: 428 - MemUsageChanged: 1.0 0 0 0 0[2011-05-31 15:11:25,243][DEBUG] - MessageSenderWatchingThread.run(): finished... TargetCompID: FIX
[2011-05-31 15:11:25,243][DEBUG] - MessageProcessor.processResendRequest(): message already processed -&gt; discard. MsgSeqNo: 2147483647 FIX com.baxter.fix.FIXSession@3747c1db
[2011-05-31 15:11:25,243][DEBUG] - MessageSender.shutdown() invoked! TargetCompID: FIX
&gt;&gt;&gt;&gt;&gt;&gt;&gt;&gt;&gt;&gt;&gt;&gt;&gt;&gt;&gt;&gt;&gt;&gt;&gt;&gt;: 429 - MemUsageChanged: 1.0 0 0 0 0[2011-05-31 15:11:25,243][DEBUG] - MessageSenderWatchingThread.run(): started. TargetCompID: FIX
[2011-05-31 15:11:25,243][DEBUG] - MessageSenderWatchingThread.run(): finished... TargetCompID: FIX
[2011-05-31 15:11:25,243][DEBUG] - MessageProcessor.processResendRequest(): message already processed -&gt; discard. MsgSeqNo: 2147483647 FIX com.baxter.fix.FIXSession@3747c1db
[2011-05-31 15:11:25,243][DEBUG] - MessageSenderWatchingThread.run(): started. TargetCompID: FIX
[2011-05-31 15:11:25,243][DEBUG] - MessageSender.shutdown() invoked! TargetCompID: FIX
&gt;&gt;&gt;&gt;&gt;&gt;&gt;&gt;&gt;&gt;&gt;&gt;&gt;&gt;&gt;&gt;&gt;&gt;&gt;&gt;: 430 - MemUsageChanged: 1.0 0 0 1 0[2011-05-31 15:11:25,244][DEBUG] - MessageSenderWatchingThread.run(): finished... TargetCompID: FIX
[2011-05-31 15:11:25,244][DEBUG] - MessageProcessor.processResendRequest(): message already processed -&gt; discard. MsgSeqNo: 2147483647 FIX com.baxter.fix.FIXSession@3747c1db
[2011-05-31 15:11:25,244][DEBUG] - MessageSender.shutdown() invoked! TargetCompID: FIX
&gt;&gt;&gt;&gt;&gt;&gt;&gt;&gt;&gt;&gt;&gt;&gt;&gt;&gt;&gt;&gt;&gt;&gt;&gt;&gt;: 431 - MemUsageChanged: 1.0 0 0 0 0[2011-05-31 15:11:25,244][DEBUG] - MessageSenderWatchingThread.run(): started. TargetCompID: FIX
[2011-05-31 15:11:25,244][DEBUG] - MessageSenderWatchingThread.run(): finished... TargetCompID: FIX
[2011-05-31 15:11:25,244][DEBUG] - MessageProcessor.processResendRequest(): message already processed -&gt; discard. MsgSeqNo: 2147483647 FIX com.baxter.fix.FIXSession@3747c1db
[2011-05-31 15:11:25,244][DEBUG] - MessageSenderWatchingThread.run(): started. TargetCompID: FIX
[2011-05-31 15:11:25,244][DEBUG] - MessageSender.shutdown() invoked! TargetCompID: FIX
&gt;&gt;&gt;&gt;&gt;&gt;&gt;&gt;&gt;&gt;&gt;&gt;&gt;&gt;&gt;&gt;&gt;&gt;&gt;&gt;: 432 - MemUsageChanged: 1.0 0 0 0 0[2011-05-31 15:11:25,244][DEBUG] - MessageSenderWatchingThread.run(): finished... TargetCompID: FIX
[2011-05-31 15:11:25,244][DEBUG] - MessageProcessor.processResendRequest(): message already processed -&gt; discard. MsgSeqNo: 2147483647 FIX com.baxter.fix.FIXSession@3747c1db
[2011-05-31 15:11:25,244][DEBUG] - MessageSender.shutdown() invoked! TargetCompID: FIX
&gt;&gt;&gt;&gt;&gt;&gt;&gt;&gt;&gt;&gt;&gt;&gt;&gt;&gt;&gt;&gt;&gt;&gt;&gt;&gt;: 433 - MemUsageChanged: 1.0 0 0 0 0[2011-05-31 15:11:25,244][DEBUG] - MessageSenderWatchingThread.run(): started. TargetCompID: FIX
[2011-05-31 15:11:25,244][DEBUG] - MessageSenderWatchingThread.run(): finished... TargetCompID: FIX
[2011-05-31 15:11:25,244][DEBUG] - MessageProcessor.processResendRequest(): message already processed -&gt; discard. MsgSeqNo: 2147483647 FIX com.baxter.fix.FIXSession@3747c1db
[2011-05-31 15:11:25,244][DEBUG] - MessageSenderWatchingThread.run(): started. TargetCompID: FIX
[2011-05-31 15:11:25,245][DEBUG] - MessageSender.shutdown() invoked! TargetCompID: FIX
&gt;&gt;&gt;&gt;&gt;&gt;&gt;&gt;&gt;&gt;&gt;&gt;&gt;&gt;&gt;&gt;&gt;&gt;&gt;&gt;: 434 - MemUsageChanged: 1.0 0 1 0 0[2011-05-31 15:11:25,245][DEBUG] - MessageSenderWatchingThread.run(): finished... TargetCompID: FIX
[2011-05-31 15:11:25,245][DEBUG] - MessageProcessor.processResendRequest(): message already processed -&gt; discard. MsgSeqNo: 2147483647 FIX com.baxter.fix.FIXSession@3747c1db
[2011-05-31 15:11:25,245][DEBUG] - MessageSender.shutdown() invoked! TargetCompID: FIX
&gt;&gt;&gt;&gt;&gt;&gt;&gt;&gt;&gt;&gt;&gt;&gt;&gt;&gt;&gt;&gt;&gt;&gt;&gt;&gt;: 435 - MemUsageChanged: 1.0 0 0 0 0[2011-05-31 15:11:25,245][DEBUG] - MessageSenderWatchingThread.run(): started. TargetCompID: FIX
[2011-05-31 15:11:25,245][DEBUG] - MessageSenderWatchingThread.run(): finished... TargetCompID: FIX
[2011-05-31 15:11:25,245][DEBUG] - MessageProcessor.processResendRequest(): message already processed -&gt; discard. MsgSeqNo: 2147483647 FIX com.baxter.fix.FIXSession@3747c1db
[2011-05-31 15:11:25,245][DEBUG] - MessageSender.shutdown() invoked! TargetCompID: FIX
&gt;&gt;&gt;&gt;&gt;&gt;&gt;&gt;&gt;&gt;&gt;&gt;&gt;&gt;&gt;&gt;&gt;&gt;&gt;&gt;: 436 - MemUsageChanged: 1.0 0 0 0 0[2011-05-31 15:11:25,245][DEBUG] - MessageSenderWatchingThread.run(): started. TargetCompID: FIX
[2011-05-31 15:11:25,245][DEBUG] - MessageSenderWatchingThread.run(): finished... TargetCompID: FIX
[2011-05-31 15:11:25,245][DEBUG] - MessageProcessor.processResendRequest(): message already processed -&gt; discard. MsgSeqNo: 2147483647 FIX com.baxter.fix.FIXSession@3747c1db
[2011-05-31 15:11:25,245][DEBUG] - MessageSender.shutdown() invoked! TargetCompID: FIX
&gt;&gt;&gt;&gt;&gt;&gt;&gt;&gt;&gt;&gt;&gt;&gt;&gt;&gt;&gt;&gt;&gt;&gt;&gt;&gt;: 437 - MemUsageChanged: 1.0 0 0 0 0[2011-05-31 15:11:25,245][DEBUG] - MessageSenderWatchingThread.run(): started. TargetCompID: FIX
[2011-05-31 15:11:25,246][DEBUG] - MessageSenderWatchingThread.run(): finished... TargetCompID: FIX
[2011-05-31 15:11:25,246][DEBUG] - MessageProcessor.processResendRequest(): message already processed -&gt; discard. MsgSeqNo: 2147483647 FIX com.baxter.fix.FIXSession@3747c1db
[2011-05-31 15:11:25,246][DEBUG] - MessageSender.shutdown() invoked! TargetCompID: FIX
&gt;&gt;&gt;&gt;&gt;&gt;&gt;&gt;&gt;&gt;&gt;&gt;&gt;&gt;&gt;&gt;&gt;&gt;&gt;&gt;: 438 - MemUsageChanged: 1.0 1 0 0 0[2011-05-31 15:11:25,246][DEBUG] - MessageSenderWatchingThread.run(): started. TargetCompID: FIX
[2011-05-31 15:11:25,246][DEBUG] - MessageSenderWatchingThread.run(): finished... TargetCompID: FIX
[2011-05-31 15:11:25,246][DEBUG] - MessageProcessor.processResendRequest(): message already processed -&gt; discard. MsgSeqNo: 2147483647 FIX com.baxter.fix.FIXSession@3747c1db
[2011-05-31 15:11:25,246][DEBUG] - MessageSender.shutdown() invoked! TargetCompID: FIX
&gt;&gt;&gt;&gt;&gt;&gt;&gt;&gt;&gt;&gt;&gt;&gt;&gt;&gt;&gt;&gt;&gt;&gt;&gt;&gt;: 439 - MemUsageChanged: 1.0 0 0 0 0[2011-05-31 15:11:25,246][DEBUG] - MessageSenderWatchingThread.run(): started. TargetCompID: FIX
[2011-05-31 15:11:25,246][DEBUG] - MessageSenderWatchingThread.run(): finished... TargetCompID: FIX
[2011-05-31 15:11:25,246][DEBUG] - MessageProcessor.processResendRequest(): message already processed -&gt; discard. MsgSeqNo: 2147483647 FIX com.baxter.fix.FIXSession@3747c1db
[2011-05-31 15:11:25,246][DEBUG] - MessageSender.shutdown() invoked! TargetCompID: FIX
&gt;&gt;&gt;&gt;&gt;&gt;&gt;&gt;&gt;&gt;&gt;&gt;&gt;&gt;&gt;&gt;&gt;&gt;&gt;&gt;: 440 - MemUsageChanged: 1.0 0 0 0 0[2011-05-31 15:11:25,246][DEBUG] - MessageSenderWatchingThread.run(): started. TargetCompID: FIX
[2011-05-31 15:11:25,246][DEBUG] - MessageSenderWatchingThread.run(): finished... TargetCompID: FIX
[2011-05-31 15:11:25,246][DEBUG] - MessageProcessor.processResendRequest(): message already processed -&gt; discard. MsgSeqNo: 2147483647 FIX com.baxter.fix.FIXSession@3747c1db
[2011-05-31 15:11:25,246][DEBUG] - MessageSender.shutdown() invoked! TargetCompID: FIX
&gt;&gt;&gt;&gt;&gt;&gt;&gt;&gt;&gt;&gt;&gt;&gt;&gt;&gt;&gt;&gt;&gt;&gt;&gt;&gt;: 441 - MemUsageChanged: 1.0 0 0 1 0[2011-05-31 15:11:25,248][DEBUG] - MessageSenderWatchingThread.run(): started. TargetCompID: FIX
[2011-05-31 15:11:25,248][DEBUG] - MessageProcessor.processResendRequest(): message already processed -&gt; discard. MsgSeqNo: 2147483647 FIX com.baxter.fix.FIXSession@3747c1db
[2011-05-31 15:11:25,248][DEBUG] - MessageSenderWatchingThread.run(): finished... TargetCompID: FIX
[2011-05-31 15:11:25,248][DEBUG] - MessageSender.shutdown() invoked! TargetCompID: FIX
[2011-05-31 15:11:25,248][DEBUG] - MessageSenderWatchingThread.run(): started. TargetCompID: FIX
[2011-05-31 15:11:25,253][DEBUG] - MessageSenderWatchingThread.run(): finished... TargetCompID: FIX
</system-out>
    <system-err>Converted relativePath: /conf/FIXOrderHandler.ini to: /home/cddev/.qa/jenkins/workspace/currency-dealing/target/test-classes/conf/FIXOrderHandler.iniConverted relativePath: /conf/dbJunit.ini to: /home/cddev/.qa/jenkins/workspace/currency-dealing/target/test-classes/conf/dbJunit.ini</system-err>
  </testcase>
  <testcase time="0" classname="com.baxter.fix.TestMessageSender" name="testMessageSending_Resend"/>
  <testcase time="0.001" classname="com.baxter.fix.TestMessageSender" name="testMessageSending_Session"/>
  <testcase time="0" classname="com.baxter.fix.TestMessageSender" name="testMessageSending_Application"/>
  <testcase time="0" classname="com.baxter.fix.TestMessageSender" name="testCheckAndSetSeqNoAndSendingTime"/>
  <testcase time="0" classname="com.baxter.fix.TestMessageSender" name="testUpdateCompIDs"/>
</testsuite>