<?xml version="1.0" encoding="UTF-8" ?>
<testsuite failures="3" time="13.005" errors="0" skipped="0" tests="8" name="com.baxter.cdtradesupervisor.TestUserSession">
  <properties>
    <property name="java.runtime.name" value="Java(TM) SE Runtime Environment"/>
    <property name="sun.boot.library.path" value="/opt/jdk1.6.0_25/jre/lib/i386"/>
    <property name="java.vm.version" value="20.0-b11"/>
    <property name="java.vm.vendor" value="Sun Microsystems Inc."/>
    <property name="java.vendor.url" value="http://java.sun.com/"/>
    <property name="path.separator" value=":"/>
    <property name="java.vm.name" value="Java HotSpot(TM) Client VM"/>
    <property name="file.encoding.pkg" value="sun.io"/>
    <property name="user.country" value="US"/>
    <property name="sun.java.launcher" value="SUN_STANDARD"/>
    <property name="sun.os.patch.level" value="unknown"/>
    <property name="java.vm.specification.name" value="Java Virtual Machine Specification"/>
    <property name="user.dir" value="/home/mnyeste/workspaces/cd/cdv2"/>
    <property name="java.runtime.version" value="1.6.0_25-b06"/>
    <property name="java.awt.graphicsenv" value="sun.awt.X11GraphicsEnvironment"/>
    <property name="basedir" value="/home/mnyeste/workspaces/cd/cdv2"/>
    <property name="java.endorsed.dirs" value="/opt/jdk1.6.0_25/jre/lib/endorsed"/>
    <property name="os.arch" value="i386"/>
    <property name="java.io.tmpdir" value="/tmp"/>
    <property name="line.separator" value="
"/>
    <property name="java.vm.specification.vendor" value="Sun Microsystems Inc."/>
    <property name="os.name" value="Linux"/>
    <property name="sun.jnu.encoding" value="UTF-8"/>
    <property name="java.library.path" value="/opt/jdk1.6.0_25/jre/lib/i386/client:/opt/jdk1.6.0_25/jre/lib/i386:/opt/jdk1.6.0_25/jre/../lib/i386:/usr/java/packages/lib/i386:/lib:/usr/lib"/>
    <property name="surefire.test.class.path" value="/home/mnyeste/workspaces/cd/cdv2/target/test-classes:/home/mnyeste/workspaces/cd/cdv2/target/classes:/home/mnyeste/.m2/repository/org/apache/mina/mina-core/1.1.7/mina-core-1.1.7.jar:/home/mnyeste/.m2/repository/org/slf4j/slf4j-api/1.6.1/slf4j-api-1.6.1.jar:/home/mnyeste/.m2/repository/org/slf4j/slf4j-log4j12/1.6.1/slf4j-log4j12-1.6.1.jar:/home/mnyeste/.m2/repository/org/quickfixj/quickfixj-all/1.4.0/quickfixj-all-1.4.0.jar:/home/mnyeste/.m2/repository/com/baxter/algoEngine/1.13/algoEngine-1.13.jar:/home/mnyeste/.m2/repository/org/apache/ant/ant-jsch/1.7.1/ant-jsch-1.7.1.jar:/home/mnyeste/.m2/repository/org/apache/ant/ant/1.7.1/ant-1.7.1.jar:/home/mnyeste/.m2/repository/org/apache/ant/ant-launcher/1.7.1/ant-launcher-1.7.1.jar:/home/mnyeste/.m2/repository/com/jcraft/jsch/0.1.29/jsch-0.1.29.jar:/home/mnyeste/.m2/repository/com/baxter/toAnt/1.0/toAnt-1.0.jar:/home/mnyeste/.m2/repository/org/apache/ivy/ivy/2.1.0/ivy-2.1.0.jar:/home/mnyeste/.m2/repository/org/hibernate/hibernate-core/3.6.0.Final/hibernate-core-3.6.0.Final.jar:/home/mnyeste/.m2/repository/antlr/antlr/2.7.6/antlr-2.7.6.jar:/home/mnyeste/.m2/repository/commons-collections/commons-collections/3.1/commons-collections-3.1.jar:/home/mnyeste/.m2/repository/dom4j/dom4j/1.6.1/dom4j-1.6.1.jar:/home/mnyeste/.m2/repository/org/hibernate/hibernate-commons-annotations/3.2.0.Final/hibernate-commons-annotations-3.2.0.Final.jar:/home/mnyeste/.m2/repository/org/hibernate/javax/persistence/hibernate-jpa-2.0-api/1.0.0.Final/hibernate-jpa-2.0-api-1.0.0.Final.jar:/home/mnyeste/.m2/repository/org/hibernate/hibernate-annotations/3.5.6-Final/hibernate-annotations-3.5.6-Final.jar:/home/mnyeste/.m2/repository/org/hibernate/hibernate-validator/3.1.0.GA/hibernate-validator-3.1.0.GA.jar:/home/mnyeste/.m2/repository/org/jboss/spec/javax/servlet/jboss-servlet-api_3.0_spec/1.0.0.Final/jboss-servlet-api_3.0_spec-1.0.0.Final.jar:/home/mnyeste/.m2/repository/org/jboss/jbossas/jboss-as-server/6.0.0.Final/jboss-as-server-6.0.0.Final.jar:/home/mnyeste/.m2/repository/jboss/jboss-serialization/1.0.3.GA/jboss-serialization-1.0.3.GA.jar:/home/mnyeste/.m2/repository/org/jboss/jbossas/jboss-as-deployment/6.0.0.Final/jboss-as-deployment-6.0.0.Final.jar:/home/mnyeste/.m2/repository/org/jboss/spec/javax/enterprise/deploy/jboss-jad-api_1.2_spec/1.0.0.Final/jboss-jad-api_1.2_spec-1.0.0.Final.jar:/home/mnyeste/.m2/repository/org/picketbox/jboss-security-spi/3.0.0.CR2/jboss-security-spi-3.0.0.CR2.jar:/home/mnyeste/.m2/repository/org/jboss/bootstrap/jboss-bootstrap-spi-as/2.1.0-alpha-5/jboss-bootstrap-spi-as-2.1.0-alpha-5.jar:/home/mnyeste/.m2/repository/org/jboss/bootstrap/jboss-bootstrap-spi-mc/2.1.0-alpha-5/jboss-bootstrap-spi-mc-2.1.0-alpha-5.jar:/home/mnyeste/.m2/repository/org/jboss/bootstrap/jboss-bootstrap-spi/2.1.0-alpha-5/jboss-bootstrap-spi-2.1.0-alpha-5.jar:/home/mnyeste/.m2/repository/org/jboss/bootstrap/jboss-bootstrap-api-mc/2.1.0-alpha-5/jboss-bootstrap-api-mc-2.1.0-alpha-5.jar:/home/mnyeste/.m2/repository/org/jboss/bootstrap/jboss-bootstrap-api-as/2.1.0-alpha-5/jboss-bootstrap-api-as-2.1.0-alpha-5.jar:/home/mnyeste/.m2/repository/org/jboss/bootstrap/jboss-bootstrap-api/2.1.0-alpha-5/jboss-bootstrap-api-2.1.0-alpha-5.jar:/home/mnyeste/.m2/repository/org/jboss/ejb3/ejbref/resolver/ejbref-resolver-spi/1.0.0-alpha-4/ejbref-resolver-spi-1.0.0-alpha-4.jar:/home/mnyeste/.m2/repository/org/jboss/integration/jboss-deployment-spi/6.0.0.CR1/jboss-deployment-spi-6.0.0.CR1.jar:/home/mnyeste/.m2/repository/org/jboss/jpa/jboss-jpa-deployers/1.0.2-alpha-3/jboss-jpa-deployers-1.0.2-alpha-3.jar:/home/mnyeste/.m2/repository/org/hibernate/hibernate-entitymanager/3.4.0.GA/hibernate-entitymanager-3.4.0.GA.jar:/home/mnyeste/.m2/repository/org/jboss/deployers/jboss-deployers-vfs/2.0.5.GA/jboss-deployers-vfs-2.0.5.GA.jar:/home/mnyeste/.m2/repository/org/jboss/microcontainer/jboss-kernel/2.0.4.GA/jboss-kernel-2.0.4.GA.jar:/home/mnyeste/.m2/repository/org/jboss/microcontainer/jboss-dependency/2.0.4.GA/jboss-dependency-2.0.4.GA.jar:/home/mnyeste/.m2/repository/org/jboss/cl/jboss-classloading-vfs/2.0.3.GA/jboss-classloading-vfs-2.0.3.GA.jar:/home/mnyeste/.m2/repository/org/jboss/deployers/jboss-deployers-core/2.0.5.GA/jboss-deployers-core-2.0.5.GA.jar:/home/mnyeste/.m2/repository/org/jboss/deployers/jboss-deployers-client/2.0.5.GA/jboss-deployers-client-2.0.5.GA.jar:/home/mnyeste/.m2/repository/org/jboss/deployers/jboss-deployers-vfs-spi/2.0.5.GA/jboss-deployers-vfs-spi-2.0.5.GA.jar:/home/mnyeste/.m2/repository/org/jboss/cl/jboss-classloading/2.0.3.GA/jboss-classloading-2.0.3.GA.jar:/home/mnyeste/.m2/repository/org/jboss/cl/jboss-classloader/2.0.3.GA/jboss-classloader-2.0.3.GA.jar:/home/mnyeste/.m2/repository/org/jboss/jpa/jboss-jpa-impl/1.0.0/jboss-jpa-impl-1.0.0.jar:/home/mnyeste/.m2/repository/org/jboss/jpa/jboss-jpa-spi/1.0.0/jboss-jpa-spi-1.0.0.jar:/home/mnyeste/.m2/repository/org/jboss/microcontainer/jboss-aop-mc-int/2.0.4.GA/jboss-aop-mc-int-2.0.4.GA.jar:/home/mnyeste/.m2/repository/org/jboss/jpa/jboss-jpa-vfs3/1.0.2-alpha-2/jboss-jpa-vfs3-1.0.2-alpha-2.jar:/home/mnyeste/.m2/repository/org/jboss/jboss-vfs/3.0.0.CR1/jboss-vfs-3.0.0.CR1.jar:/home/mnyeste/.m2/repository/org/jboss/reloaded/naming/jboss-reloaded-naming-impl/0.3.0/jboss-reloaded-naming-impl-0.3.0.jar:/home/mnyeste/.m2/repository/org/jboss/reloaded/naming/jboss-reloaded-naming-spi/0.3.0/jboss-reloaded-naming-spi-0.3.0.jar:/home/mnyeste/.m2/repository/org/jboss/reloaded/naming/jboss-reloaded-naming-deployers/0.3.0/jboss-reloaded-naming-deployers-0.3.0.jar:/home/mnyeste/.m2/repository/org/jboss/deployers/jboss-deployers-spi/2.2.0.Alpha1/jboss-deployers-spi-2.2.0.Alpha1.jar:/home/mnyeste/.m2/repository/org/jboss/mcann/mcann-core/1.0.0.Alpha1/mcann-core-1.0.0.Alpha1.jar:/home/mnyeste/.m2/repository/org/jboss/kernel/jboss-kernel/2.2.0.Alpha2/jboss-kernel-2.2.0.Alpha2.jar:/home/mnyeste/.m2/repository/javax/inject/javax.inject/1/javax.inject-1.jar:/home/mnyeste/.m2/repository/org/jboss/injection/jboss-injection/0.1.0-alpha-2/jboss-injection-0.1.0-alpha-2.jar:/home/mnyeste/.m2/repository/org/jboss/deployers/jboss-deployers-structure-spi/2.2.0.Alpha3/jboss-deployers-structure-spi-2.2.0.Alpha3.jar:/home/mnyeste/.m2/repository/org/jboss/jboss-mdr/2.2.0.Alpha2/jboss-mdr-2.2.0.Alpha2.jar:/home/mnyeste/.m2/repository/org/jboss/injection/jboss-resolver-spi/0.1.0-alpha-2/jboss-resolver-spi-0.1.0-alpha-2.jar:/home/mnyeste/.m2/repository/org/jboss/injection/jboss-resolver-impl/0.1.0-alpha-2/jboss-resolver-impl-0.1.0-alpha-2.jar:/home/mnyeste/.m2/repository/org/jboss/injection/jboss-injection-switchboard-deployer/0.1.0-alpha-2/jboss-injection-switchboard-deployer-0.1.0-alpha-2.jar:/home/mnyeste/.m2/repository/org/jboss/injection/jboss-switchboard-metadata/0.1.0-alpha-2/jboss-switchboard-metadata-0.1.0-alpha-2.jar:/home/mnyeste/.m2/repository/org/jboss/injection/jboss-injection-mc-impl/1.0.0-alpha-6/jboss-injection-mc-impl-1.0.0-alpha-6.jar:/home/mnyeste/.m2/repository/org/jboss/injection/jboss-injection-manager/1.0.0-alpha-6/jboss-injection-manager-1.0.0-alpha-6.jar:/home/mnyeste/.m2/repository/org/jboss/injection/jboss-injection-injector/1.0.0-alpha-6/jboss-injection-injector-1.0.0-alpha-6.jar:/home/mnyeste/.m2/repository/org/picketbox/jbosssx/3.0.0.CR2/jbosssx-3.0.0.CR2.jar:/home/mnyeste/.m2/repository/org/jboss/jboss-common-core/2.2.17.GA/jboss-common-core-2.2.17.GA.jar:/home/mnyeste/.m2/repository/org/jboss/metadata/jboss-metadata-common/2.0.0.Alpha24/jboss-metadata-common-2.0.0.Alpha24.jar:/home/mnyeste/.m2/repository/org/jboss/logging/jboss-logging-spi/2.2.0.CR1/jboss-logging-spi-2.2.0.CR1.jar:/home/mnyeste/.m2/repository/org/hibernate/ejb3-persistence/1.0.2.GA/ejb3-persistence-1.0.2.GA.jar:/home/mnyeste/.m2/repository/org/jboss/ws/jbossws-spi/1.4.1.CR2/jbossws-spi-1.4.1.CR2.jar:/home/mnyeste/.m2/repository/sun-jaxb/jaxb-api/2.1.4/jaxb-api-2.1.4.jar:/home/mnyeste/.m2/repository/apache-xerces/xml-apis/2.9.1/xml-apis-2.9.1.jar:/home/mnyeste/.m2/repository/org/jboss/metadata/jboss-metadata-client/2.0.0.Alpha2/jboss-metadata-client-2.0.0.Alpha2.jar:/home/mnyeste/.m2/repository/org/jboss/metadata/jboss-metadata-ear/2.0.0.Alpha4/jboss-metadata-ear-2.0.0.Alpha4.jar:/home/mnyeste/.m2/repository/org/jboss/metadata/jboss-metadata-ejb/2.0.0-alpha-27/jboss-metadata-ejb-2.0.0-alpha-27.jar:/home/mnyeste/.m2/repository/org/jboss/ejb3/jboss-ejb3-ext-api/1.1.0/jboss-ejb3-ext-api-1.1.0.jar:/home/mnyeste/.m2/repository/org/jboss/metadata/jboss-metadata-rar/2.0.0.Alpha/jboss-metadata-rar-2.0.0.Alpha.jar:/home/mnyeste/.m2/repository/org/jboss/metadata/jboss-metadata-war/2.0.0.CR1/jboss-metadata-war-2.0.0.CR1.jar:/home/mnyeste/.m2/repository/org/jboss/jbossas/jboss-as-system-jmx/6.0.0.Final/jboss-as-system-jmx-6.0.0.Final.jar:/home/mnyeste/.m2/repository/org/jboss/logging/jboss-logging/3.0.0.Beta4/jboss-logging-3.0.0.Beta4.jar:/home/mnyeste/.m2/repository/org/jboss/deployers/jboss-deployers-core-spi/2.2.0.GA/jboss-deployers-core-spi-2.2.0.GA.jar:/home/mnyeste/.m2/repository/org/jboss/deployers/jboss-deployers-impl/2.2.0.GA/jboss-deployers-impl-2.2.0.GA.jar:/home/mnyeste/.m2/repository/org/jboss/mx/jboss-jmx/6.0.0.GA/jboss-jmx-6.0.0.GA.jar:/home/mnyeste/.m2/repository/org/jboss/mx/jboss-mbeans/6.0.0.GA/jboss-mbeans-6.0.0.GA.jar:/home/mnyeste/.m2/repository/org/jboss/mx/jboss-jmx-annotations/6.0.0.GA/jboss-jmx-annotations-6.0.0.GA.jar:/home/mnyeste/.m2/repository/org/jboss/kernel/jboss-dependency/2.2.0.GA/jboss-dependency-2.2.0.GA.jar:/home/mnyeste/.m2/repository/org/jboss/kernel/jboss-jmx-mc-int/2.2.0.GA/jboss-jmx-mc-int-2.2.0.GA.jar:/home/mnyeste/.m2/repository/org/jboss/mx/jboss-mbeanserver/6.0.0.GA/jboss-mbeanserver-6.0.0.GA.jar:/home/mnyeste/.m2/repository/org/jboss/deployers/jboss-deployers-jmx/2.2.0.GA/jboss-deployers-jmx-2.2.0.GA.jar:/home/mnyeste/.m2/repository/org/jboss/jbossas/jboss-as-system/6.0.0.Final/jboss-as-system-6.0.0.Final.jar:/home/mnyeste/.m2/repository/org/jboss/aop/jboss-aop/2.2.1.GA/jboss-aop-2.2.1.GA.jar:/home/mnyeste/.m2/repository/org/jboss/classpool/jboss-classpool-scoped/1.0.0.Alpha6/jboss-classpool-scoped-1.0.0.Alpha6.jar:/home/mnyeste/.m2/repository/org/jboss/classpool/jboss-classpool/1.0.0.Alpha6/jboss-classpool-1.0.0.Alpha6.jar:/home/mnyeste/.m2/repository/qdox/qdox/1.6.1/qdox-1.6.1.jar:/home/mnyeste/.m2/repository/trove/trove/1.0.2/trove-1.0.2.jar:/home/mnyeste/.m2/repository/org/jboss/aop/jboss-aop-deployers/2.2.1.GA/jboss-aop-deployers-2.2.1.GA.jar:/home/mnyeste/.m2/repository/org/jboss/aop/jboss-aop-asintegration-mc/2.2.1.GA/jboss-aop-asintegration-mc-2.2.1.GA.jar:/home/mnyeste/.m2/repository/org/jboss/classpool/jboss-classpool-jbosscl/1.0.0.Alpha6/jboss-classpool-jbosscl-1.0.0.Alpha6.jar:/home/mnyeste/.m2/repository/org/jboss/aop/pluggable-instrumentor/2.2.1.GA/pluggable-instrumentor-2.2.1.GA.jar:/home/mnyeste/.m2/repository/org/jboss/aop/jboss-aop-asintegration-core/2.2.1.GA/jboss-aop-asintegration-core-2.2.1.GA.jar:/home/mnyeste/.m2/repository/org/jboss/test/jboss-test/1.1.7.CR2/jboss-test-1.1.7.CR2.jar:/home/mnyeste/.m2/repository/org/jboss/logging/jboss-logging-log4j/2.1.0.GA/jboss-logging-log4j-2.1.0.GA.jar:/home/mnyeste/.m2/repository/jboss/profiler/jvmti/jboss-profiler-jvmti/1.0.0.CR5/jboss-profiler-jvmti-1.0.0.CR5.jar:/home/mnyeste/.m2/repository/org/jboss/jbossas/jboss-server-manager/1.0.3.GA/jboss-server-manager-1.0.3.GA.jar:/home/mnyeste/.m2/repository/org/jboss/security/jbosssx-client/2.0.4.SP2/jbosssx-client-2.0.4.SP2.jar:/home/mnyeste/.m2/repository/org/jboss/security/jboss-security-spi/2.0.4.SP2/jboss-security-spi-2.0.4.SP2.jar:/home/mnyeste/.m2/repository/org/jboss/man/jboss-managed/2.1.1.SP2/jboss-managed-2.1.1.SP2.jar:/home/mnyeste/.m2/repository/org/jboss/man/jboss-metatype/2.1.1.SP2/jboss-metatype-2.1.1.SP2.jar:/home/mnyeste/.m2/repository/org/jboss/deployers/jboss-deployers-client-spi/2.2.0.GA/jboss-deployers-client-spi-2.2.0.GA.jar:/home/mnyeste/.m2/repository/org/jboss/kernel/jboss-aop-mc-int/2.2.0.GA/jboss-aop-mc-int-2.2.0.GA.jar:/home/mnyeste/.m2/repository/org/jboss/profileservice/jboss-profileservice-core/0.2.2/jboss-profileservice-core-0.2.2.jar:/home/mnyeste/.m2/repository/org/jboss/profileservice/jboss-profileservice-domain/0.2.2/jboss-profileservice-domain-0.2.2.jar:/home/mnyeste/.m2/repository/org/jboss/profileservice/jboss-profileservice-persistence/0.2.2/jboss-profileservice-persistence-0.2.2.jar:/home/mnyeste/.m2/repository/org/jboss/profileservice/jboss-profileservice-spi/0.2.2/jboss-profileservice-spi-0.2.2.jar:/home/mnyeste/.m2/repository/org/picketbox/picketbox-bare/3.0.0.CR2/picketbox-bare-3.0.0.CR2.jar:/home/mnyeste/.m2/repository/org/picketbox/identity-spi/3.0.0.CR2/identity-spi-3.0.0.CR2.jar:/home/mnyeste/.m2/repository/org/picketbox/authorization-spi/3.0.0.CR2/authorization-spi-3.0.0.CR2.jar:/home/mnyeste/.m2/repository/org/picketbox/acl-spi/3.0.0.CR2/acl-spi-3.0.0.CR2.jar:/home/mnyeste/.m2/repository/org/picketbox/jbosssx-bare/3.0.0.CR2/jbosssx-bare-3.0.0.CR2.jar:/home/mnyeste/.m2/repository/org/picketbox/picketbox-acl-impl/3.0.0.CR2/picketbox-acl-impl-3.0.0.CR2.jar:/home/mnyeste/.m2/repository/org/picketbox/picketbox-identity-impl/3.0.0.CR2/picketbox-identity-impl-3.0.0.CR2.jar:/home/mnyeste/.m2/repository/org/picketbox/picketbox-spi-bare/3.0.0.CR2/picketbox-spi-bare-3.0.0.CR2.jar:/home/mnyeste/.m2/repository/org/jboss/spec/javax/ejb/jboss-ejb-api_3.1_spec/1.0.0.Final/jboss-ejb-api_3.1_spec-1.0.0.Final.jar:/home/mnyeste/.m2/repository/org/jboss/spec/javax/transaction/jboss-transaction-api_1.1_spec/1.0.0.Beta1/jboss-transaction-api_1.1_spec-1.0.0.Beta1.jar:/home/mnyeste/.m2/repository/javax/xml/jaxrpc-api/1.1/jaxrpc-api-1.1.jar:/home/mnyeste/.m2/repository/javax/xml/soap/saaj-api/1.3/saaj-api-1.3.jar:/home/mnyeste/.m2/repository/org/jboss/spec/javax/interceptor/jboss-interceptors-api_1.1_spec/1.0.0.Final/jboss-interceptors-api_1.1_spec-1.0.0.Final.jar:/home/mnyeste/.m2/repository/org/jboss/spec/javax/servlet/jsp/jboss-jsp-api_2.2_spec/1.0.0.Final/jboss-jsp-api_2.2_spec-1.0.0.Final.jar:/home/mnyeste/.m2/repository/org/jboss/spec/javax/el/jboss-el-api_2.2_spec/1.0.0.Final/jboss-el-api_2.2_spec-1.0.0.Final.jar:/home/mnyeste/.m2/repository/org/jboss/spec/javax/annotation/jboss-annotations-api_1.1_spec/1.0.0.Final/jboss-annotations-api_1.1_spec-1.0.0.Final.jar:/home/mnyeste/.m2/repository/org/jboss/switchboard/jboss-switchboard-spi/1.0.0-alpha-15/jboss-switchboard-spi-1.0.0-alpha-15.jar:/home/mnyeste/.m2/repository/org/jboss/switchboard/jboss-switchboard-mc-spi/1.0.0-alpha-15/jboss-switchboard-mc-spi-1.0.0-alpha-15.jar:/home/mnyeste/.m2/repository/org/jboss/switchboard/jboss-switchboard-javaee/1.0.0-alpha-15/jboss-switchboard-javaee-1.0.0-alpha-15.jar:/home/mnyeste/.m2/repository/org/jboss/switchboard/jboss-switchboard-impl/1.0.0-alpha-15/jboss-switchboard-impl-1.0.0-alpha-15.jar:/home/mnyeste/.m2/repository/org/jboss/mx/jboss-j2se/6.0.0.GA/jboss-j2se-6.0.0.GA.jar:/home/mnyeste/.m2/repository/org/jboss/integration/jboss-classloading-spi/6.0.0.CR1/jboss-classloading-spi-6.0.0.CR1.jar:/home/mnyeste/.m2/repository/org/jboss/jbossas/jboss-as-security/6.0.0.Final/jboss-as-security-6.0.0.Final.jar:/home/mnyeste/.m2/repository/javassist/javassist/3.12.1.GA/javassist-3.12.1.GA.jar:/home/mnyeste/.m2/repository/org/jboss/spec/javax/security/auth/message/jboss-jaspi-api_1.0_spec/1.0.0.Final/jboss-jaspi-api_1.0_spec-1.0.0.Final.jar:/home/mnyeste/.m2/repository/org/jboss/security/jbossxacml/2.0.5.CR1/jbossxacml-2.0.5.CR1.jar:/home/mnyeste/.m2/repository/org/apache/xmlsec/1.4.3/xmlsec-1.4.3.jar:/home/mnyeste/.m2/repository/org/jboss/integration/jboss-transaction-spi/6.0.0.CR1/jboss-transaction-spi-6.0.0.CR1.jar:/home/mnyeste/.m2/repository/org/jboss/spec/javax/security/jacc/jboss-jacc-api_1.4_spec/1.0.0.Final/jboss-jacc-api_1.4_spec-1.0.0.Final.jar:/home/mnyeste/.m2/repository/org/jboss/spec/javax/jms/jboss-jms-api_1.1_spec/1.0.0.Final/jboss-jms-api_1.1_spec-1.0.0.Final.jar:/home/mnyeste/.m2/repository/org/jboss/spec/javax/xml/soap/jboss-saaj-api_1.3_spec/1.0.0.Final/jboss-saaj-api_1.3_spec-1.0.0.Final.jar:/home/mnyeste/.m2/repository/org/jboss/spec/javax/xml/bind/jboss-jaxb-api_2.2_spec/1.0.0.Final/jboss-jaxb-api_2.2_spec-1.0.0.Final.jar:/home/mnyeste/.m2/repository/org/jboss/spec/javax/xml/ws/jboss-jaxws-api_2.2_spec/1.0.0.Final/jboss-jaxws-api_2.2_spec-1.0.0.Final.jar:/home/mnyeste/.m2/repository/org/jboss/spec/javax/xml/rpc/jboss-jaxrpc-api_1.1_spec/1.0.0.Final/jboss-jaxrpc-api_1.1_spec-1.0.0.Final.jar:/home/mnyeste/.m2/repository/org/jboss/naming/jnp-client/5.0.5.Final/jnp-client-5.0.5.Final.jar:/home/mnyeste/.m2/repository/org/jboss/spec/javax/resource/jboss-connector-api_1.5_spec/1.0.0.Final/jboss-connector-api_1.5_spec-1.0.0.Final.jar:/home/mnyeste/.m2/repository/org/picketbox/jbosssx-client/3.0.0.CR2/jbosssx-client-3.0.0.CR2.jar:/home/mnyeste/.m2/repository/bcel/bcel/5.1/bcel-5.1.jar:/home/mnyeste/.m2/repository/regexp/regexp/1.2/regexp-1.2.jar:/home/mnyeste/.m2/repository/oswego-concurrent/concurrent/1.3.4-jboss-update1/concurrent-1.3.4-jboss-update1.jar:/home/mnyeste/.m2/repository/org/jboss/remoting/jboss-remoting/2.5.3/jboss-remoting-2.5.3.jar:/home/mnyeste/.m2/repository/org/jboss/jbossxb/2.0.3.GA/jbossxb-2.0.3.GA.jar:/home/mnyeste/.m2/repository/org/jboss/jboss-reflect/2.0.2.GA/jboss-reflect-2.0.2.GA.jar:/home/mnyeste/.m2/repository/com/wutka/dtdparser/1.21/dtdparser-1.21.jar:/home/mnyeste/.m2/repository/javax/activation/activation/1.1.1/activation-1.1.1.jar:/home/mnyeste/.m2/repository/org/jboss/naming/jnpserver/5.0.5.Final/jnpserver-5.0.5.Final.jar:/home/mnyeste/.m2/repository/gnu-getopt/getopt/1.0.12-brew/getopt-1.0.12-brew.jar:/home/mnyeste/.m2/repository/org/jboss/service/binding/jboss-service-binding-core/1.2.0.Final/jboss-service-binding-core-1.2.0.Final.jar:/home/mnyeste/.m2/repository/org/jboss/service/binding/jboss-service-binding-mgmt/1.2.0.Final/jboss-service-binding-mgmt-1.2.0.Final.jar:/home/mnyeste/.m2/repository/org/jboss/scanning/scanning-plugins/1.0.0.GA/scanning-plugins-1.0.0.GA.jar:/home/mnyeste/.m2/repository/org/jboss/scanning/scanning-spi/1.0.0.GA/scanning-spi-1.0.0.GA.jar:/home/mnyeste/.m2/repository/org/jboss/scanning/scanning-impl/1.0.0.GA/scanning-impl-1.0.0.GA.jar:/home/mnyeste/.m2/repository/org/jboss/scanning/scanning-deployers/1.0.0.GA/scanning-deployers-1.0.0.GA.jar:/home/mnyeste/.m2/repository/org/jboss/netty/netty/3.2.1.Final/netty-3.2.1.Final.jar:/home/mnyeste/.m2/repository/org/hornetq/hornetq-core/2.1.2.Final/hornetq-core-2.1.2.Final.jar:/home/mnyeste/.m2/repository/org/hornetq/hornetq-jms/2.1.2.Final/hornetq-jms-2.1.2.Final.jar:/home/mnyeste/.m2/repository/log4j/log4j/1.2.16/log4j-1.2.16.jar:/home/mnyeste/.m2/repository/org/apache/xmlbeans/xmlbeans/2.5.0/xmlbeans-2.5.0.jar:/home/mnyeste/.m2/repository/postgresql/postgresql/8.4-701.jdbc4/postgresql-8.4-701.jdbc4.jar:/home/mnyeste/.m2/repository/commons-net/commons-net/2.0/commons-net-2.0.jar:/home/mnyeste/.m2/repository/junit/junit/4.8.2/junit-4.8.2.jar:/home/mnyeste/.m2/repository/com/baxter/common/2.0.8/common-2.0.8.jar:/home/mnyeste/.m2/repository/altovaEBS/altovaEBS/1.0/altovaEBS-1.0.jar:/home/mnyeste/.m2/repository/javax/mail/mail/1.4/mail-1.4.jar:/home/mnyeste/.m2/repository/ice/ice/1/ice-1.jar:/home/mnyeste/.m2/repository/ibm/decimal/1/decimal-1.jar:/home/mnyeste/.m2/repository/org/apache/ws/commons/axiom/axiom-api/1.2.5/axiom-api-1.2.5.jar:/home/mnyeste/.m2/repository/commons-logging/commons-logging/1.0.4/commons-logging-1.0.4.jar:/home/mnyeste/.m2/repository/jaxen/jaxen/1.1-beta-9/jaxen-1.1-beta-9.jar:/home/mnyeste/.m2/repository/xml-apis/xml-apis/1.3.03/xml-apis-1.3.03.jar:/home/mnyeste/.m2/repository/stax/stax-api/1.0.1/stax-api-1.0.1.jar:/home/mnyeste/.m2/repository/org/jdom/jdom/1.1/jdom-1.1.jar:/home/mnyeste/.m2/repository/genius/genius/2009.10.02/genius-2009.10.02.jar:/home/mnyeste/.m2/repository/grizzly/grizzly/1.0/grizzly-1.0.jar:/home/mnyeste/.m2/repository/javax/persistence/persistence-api/1.0/persistence-api-1.0.jar:/home/mnyeste/.m2/repository/ejb3/api/ejb-3_0-api/1/ejb-3_0-api-1.jar:/home/mnyeste/.m2/repository/hit/tplus/1/tplus-1.jar:/home/mnyeste/.m2/repository/hit/tplus-common/1/tplus-common-1.jar:/home/mnyeste/.m2/repository/hit/fxplus/1/fxplus-1.jar:/home/mnyeste/.m2/repository/hit/apiconfig/1/apiconfig-1.jar:/home/mnyeste/.m2/repository/avalon/avalon-framework/4.1.4/avalon-framework-4.1.4.jar:/home/mnyeste/.m2/repository/hit/ratesapi/2008.05.30/ratesapi-2008.05.30.jar:/home/mnyeste/.m2/repository/com/baxter/anchorage/anchorageStp/2009.03.19/anchorageStp-2009.03.19.jar:/home/mnyeste/.m2/repository/tibco/tibrvj/1/tibrvj-1.jar:/home/mnyeste/.m2/repository/openamq/openamq-jms-1.2c1/1.2c1/openamq-jms-1.2c1-1.2c1.jar:/home/mnyeste/.m2/repository/axis/axis/1.4/axis-1.4.jar:/home/mnyeste/.m2/repository/org/apache/axis/axis-jaxrpc/1.4/axis-jaxrpc-1.4.jar:/home/mnyeste/.m2/repository/org/apache/axis/axis-saaj/1.4/axis-saaj-1.4.jar:/home/mnyeste/.m2/repository/axis/axis-wsdl4j/1.5.1/axis-wsdl4j-1.5.1.jar:/home/mnyeste/.m2/repository/commons-discovery/commons-discovery/0.2/commons-discovery-0.2.jar:/home/mnyeste/.m2/repository/org/apache/axis2/axis2-adb/1.3/axis2-adb-1.3.jar:/home/mnyeste/.m2/repository/org/apache/axis2/axis2-kernel/1.3/axis2-kernel-1.3.jar:/home/mnyeste/.m2/repository/javax/servlet/servlet-api/2.3/servlet-api-2.3.jar:/home/mnyeste/.m2/repository/commons-httpclient/commons-httpclient/3.0.1/commons-httpclient-3.0.1.jar:/home/mnyeste/.m2/repository/commons-codec/commons-codec/1.2/commons-codec-1.2.jar:/home/mnyeste/.m2/repository/commons-fileupload/commons-fileupload/1.1.1/commons-fileupload-1.1.1.jar:/home/mnyeste/.m2/repository/org/apache/httpcomponents/httpcore/4.0-alpha5/httpcore-4.0-alpha5.jar:/home/mnyeste/.m2/repository/org/apache/httpcomponents/httpcore-nio/4.0-alpha5/httpcore-nio-4.0-alpha5.jar:/home/mnyeste/.m2/repository/wsdl4j/wsdl4j/1.6.2/wsdl4j-1.6.2.jar:/home/mnyeste/.m2/repository/backport-util-concurrent/backport-util-concurrent/2.2/backport-util-concurrent-2.2.jar:/home/mnyeste/.m2/repository/org/apache/ws/commons/schema/XmlSchema/1.3.2/XmlSchema-1.3.2.jar:/home/mnyeste/.m2/repository/org/apache/neethi/neethi/2.0.2/neethi-2.0.2.jar:/home/mnyeste/.m2/repository/org/apache/woden/woden/1.0-incubating-M7b/woden-1.0-incubating-M7b.jar:/home/mnyeste/.m2/repository/xerces/xmlParserAPIs/2.6.0/xmlParserAPIs-2.6.0.jar:/home/mnyeste/.m2/repository/annogen/annogen/0.1.0/annogen-0.1.0.jar:/home/mnyeste/.m2/repository/org/apache/geronimo/specs/geronimo-jms_1.1_spec/1.1/geronimo-jms_1.1_spec-1.1.jar:/home/mnyeste/.m2/repository/org/apache/httpcomponents/httpcore-niossl/4.0-alpha5/httpcore-niossl-4.0-alpha5.jar:/home/mnyeste/.m2/repository/org/apache/geronimo/specs/geronimo-activation_1.1_spec/1.0-M1/geronimo-activation_1.1_spec-1.0-M1.jar:/home/mnyeste/.m2/repository/org/apache/ws/commons/axiom/axiom-impl/1.2.5/axiom-impl-1.2.5.jar:/home/mnyeste/.m2/repository/org/apache/ws/commons/axiom/axiom-dom/1.2.5/axiom-dom-1.2.5.jar:/home/mnyeste/.m2/repository/xalan/xalan/2.7.0/xalan-2.7.0.jar:/home/mnyeste/.m2/repository/org/codehaus/woodstox/wstx-asl/3.2.1/wstx-asl-3.2.1.jar:/home/mnyeste/.m2/repository/xerces/xercesImpl/2.8.1/xercesImpl-2.8.1.jar:/home/mnyeste/.m2/repository/commons-io/commons-io/1.2/commons-io-1.2.jar:/home/mnyeste/.m2/repository/tbc/core/jpmfxapi-core-if-1.13.9/1/jpmfxapi-core-if-1.13.9-1.jar:/home/mnyeste/.m2/repository/org/apache/excalibur/excalibur-bzip2-1.0a/1/excalibur-bzip2-1.0a-1.jar:/home/mnyeste/.m2/repository/oracle/jdbc/ojdbc14/1.4/ojdbc14-1.4.jar:/home/mnyeste/.m2/repository/swiftmq/swiftmq/2/swiftmq-2.jar:/home/mnyeste/.m2/repository/com/baxter/anchorage/abos-client-stubs/1/abos-client-stubs-1.jar:/home/mnyeste/.m2/repository/dcpk/dcpk/1/dcpk-1.jar:/home/mnyeste/.m2/repository/hotspot/hotspot/1/hotspot-1.jar:/home/mnyeste/.m2/repository/hit/b2bspot/b2b_spot_classes/1/b2b_spot_classes-1.jar:/home/mnyeste/.m2/repository/phillip/phillip/1/phillip-1.jar:/home/mnyeste/.m2/repository/fxall/FXAllSTP/1/FXAllSTP-1.jar:/home/mnyeste/.m2/repository/fxall/rtm/fxallrtm_Client/1/fxallrtm_Client-1.jar:/home/mnyeste/.m2/repository/doc/fx-client/1/fx-client-1.jar:/home/mnyeste/.m2/repository/doc/client/client/1/client-1.jar:/home/mnyeste/.m2/repository/doc/core/core/1/core-1.jar:/home/mnyeste/.m2/repository/doc/model/client-model/1/client-model-1.jar:/home/mnyeste/.m2/repository/ostermiller/utils/ostermillerutils_1_07_00/1.07/ostermillerutils_1_07_00-1.07.jar:/home/mnyeste/.m2/repository/currenex/CurrenexStp/1/CurrenexStp-1.jar:/home/mnyeste/.m2/repository/com/toedter/jcalendar/1.1.4/jcalendar-1.1.4.jar:/home/mnyeste/.m2/repository/borland/jbcl/jbcl/1/jbcl-1.jar:/home/mnyeste/.m2/repository/sugar/sugarSoap/1/sugarSoap-1.jar:/home/mnyeste/.m2/repository/jfreechart/jfreechart-1.0.13/1.0.13/jfreechart-1.0.13-1.0.13.jar:/home/mnyeste/.m2/repository/ich/ClientSDK/1/ClientSDK-1.jar:/home/mnyeste/.m2/repository/argon/argonclient/1/argonclient-1.jar:/home/mnyeste/.m2/repository/traiana/traiana/1/traiana-1.jar:/home/mnyeste/.m2/repository/drools/drools-api-5.0.1/5.0.1/drools-api-5.0.1-5.0.1.jar:/home/mnyeste/.m2/repository/drools/drools-core-5.0.1/5.0.1/drools-core-5.0.1-5.0.1.jar:/home/mnyeste/.m2/repository/jfree/jcommon/1.0.15/jcommon-1.0.15.jar:/home/mnyeste/.m2/repository/com/incors/kunstoff-laf/2.0.2/kunstoff-laf-2.0.2.jar:/home/mnyeste/.m2/repository/org/hibernate/hibernate/3.1.3/hibernate-3.1.3.jar:/home/mnyeste/.m2/repository/ehcache/ehcache/1.1/ehcache-1.1.jar:/home/mnyeste/.m2/repository/cglib/cglib/2.1_3/cglib-2.1_3.jar:/home/mnyeste/.m2/repository/asm/asm/1.5.3/asm-1.5.3.jar:/home/mnyeste/.m2/repository/asm/asm-attrs/1.5.3/asm-attrs-1.5.3.jar:/home/mnyeste/.m2/repository/javax/transaction/jta/1.1/jta-1.1.jar:"/>
    <property name="java.specification.name" value="Java Platform API Specification"/>
    <property name="java.class.version" value="50.0"/>
    <property name="sun.management.compiler" value="HotSpot Client Compiler"/>
    <property name="os.version" value="2.6.35-28-generic-pae"/>
    <property name="user.home" value="/home/mnyeste"/>
    <property name="user.timezone" value="Europe/Budapest"/>
    <property name="java.awt.printerjob" value="sun.print.PSPrinterJob"/>
    <property name="file.encoding" value="UTF-8"/>
    <property name="java.specification.version" value="1.6"/>
    <property name="user.name" value="mnyeste"/>
    <property name="java.class.path" value="/home/mnyeste/workspaces/cd/cdv2/target/surefire/surefirebooter4799593996914897497.jar"/>
    <property name="java.vm.specification.version" value="1.0"/>
    <property name="sun.arch.data.model" value="32"/>
    <property name="java.home" value="/opt/jdk1.6.0_25/jre"/>
    <property name="sun.java.command" value="/home/mnyeste/workspaces/cd/cdv2/target/surefire/surefirebooter4799593996914897497.jar /home/mnyeste/workspaces/cd/cdv2/target/surefire/surefire2588039613855691772tmp /home/mnyeste/workspaces/cd/cdv2/target/surefire/surefire5142095360384077110tmp"/>
    <property name="java.specification.vendor" value="Sun Microsystems Inc."/>
    <property name="user.language" value="en"/>
    <property name="java.vm.info" value="mixed mode, sharing"/>
    <property name="java.version" value="1.6.0_25"/>
    <property name="java.ext.dirs" value="/opt/jdk1.6.0_25/jre/lib/ext:/usr/java/packages/lib/ext"/>
    <property name="sun.boot.class.path" value="/opt/jdk1.6.0_25/jre/lib/resources.jar:/opt/jdk1.6.0_25/jre/lib/rt.jar:/opt/jdk1.6.0_25/jre/lib/sunrsasign.jar:/opt/jdk1.6.0_25/jre/lib/jsse.jar:/opt/jdk1.6.0_25/jre/lib/jce.jar:/opt/jdk1.6.0_25/jre/lib/charsets.jar:/opt/jdk1.6.0_25/jre/lib/modules/jdk.boot.jar:/opt/jdk1.6.0_25/jre/classes"/>
    <property name="java.vendor" value="Sun Microsystems Inc."/>
    <property name="localRepository" value="/home/mnyeste/.m2/repository"/>
    <property name="file.separator" value="/"/>
    <property name="java.vendor.url.bug" value="http://java.sun.com/cgi-bin/bugreport.cgi"/>
    <property name="sun.cpu.endian" value="little"/>
    <property name="sun.io.unicode.encoding" value="UnicodeLittle"/>
    <property name="sun.desktop" value="gnome"/>
    <property name="sun.cpu.isalist" value=""/>
  </properties>
  <testcase time="0.031" classname="com.baxter.cdtradesupervisor.TestUserSession" name="testprocessReceiveGapFill"/>
  <testcase time="2.002" classname="com.baxter.cdtradesupervisor.TestUserSession" name="testprocessReceivedGapFillResponse"/>
  <testcase time="0.002" classname="com.baxter.cdtradesupervisor.TestUserSession" name="testcheckAndSetSeqNumber"/>
  <testcase time="0.462" classname="com.baxter.cdtradesupervisor.TestUserSession" name="testCheckStatus4Client"/>
  <testcase time="3.126" classname="com.baxter.cdtradesupervisor.TestUserSession" name="testClientServerSession">
    <failure message="null" type="junit.framework.AssertionFailedError">junit.framework.AssertionFailedError: null
	at junit.framework.Assert.fail(Assert.java:47)
	at junit.framework.Assert.assertTrue(Assert.java:20)
	at junit.framework.Assert.assertNotNull(Assert.java:214)
	at junit.framework.Assert.assertNotNull(Assert.java:207)
	at com.baxter.cdtradesupervisor.TestUserSession.testClientServerSession(TestUserSession.java:453)
	at sun.reflect.NativeMethodAccessorImpl.invoke0(Native Method)
	at sun.reflect.NativeMethodAccessorImpl.invoke(NativeMethodAccessorImpl.java:39)
	at sun.reflect.DelegatingMethodAccessorImpl.invoke(DelegatingMethodAccessorImpl.java:25)
	at java.lang.reflect.Method.invoke(Method.java:597)
	at junit.framework.TestCase.runTest(TestCase.java:168)
	at junit.framework.TestCase.runBare(TestCase.java:134)
	at junit.framework.TestResult$1.protect(TestResult.java:110)
	at junit.framework.TestResult.runProtected(TestResult.java:128)
	at junit.framework.TestResult.run(TestResult.java:113)
	at junit.framework.TestCase.run(TestCase.java:124)
	at junit.framework.TestSuite.runTest(TestSuite.java:243)
	at junit.framework.TestSuite.run(TestSuite.java:238)
	at org.junit.internal.runners.JUnit38ClassRunner.run(JUnit38ClassRunner.java:83)
	at org.apache.maven.surefire.junit4.JUnit4TestSet.execute(JUnit4TestSet.java:35)
	at org.apache.maven.surefire.junit4.JUnit4Provider.executeTestSet(JUnit4Provider.java:115)
	at org.apache.maven.surefire.junit4.JUnit4Provider.invoke(JUnit4Provider.java:97)
	at sun.reflect.NativeMethodAccessorImpl.invoke0(Native Method)
	at sun.reflect.NativeMethodAccessorImpl.invoke(NativeMethodAccessorImpl.java:39)
	at sun.reflect.DelegatingMethodAccessorImpl.invoke(DelegatingMethodAccessorImpl.java:25)
	at java.lang.reflect.Method.invoke(Method.java:597)
	at org.apache.maven.surefire.booter.ProviderFactory$ClassLoaderProxy.invoke(ProviderFactory.java:103)
	at $Proxy0.invoke(Unknown Source)
	at org.apache.maven.surefire.booter.SurefireStarter.invokeProvider(SurefireStarter.java:150)
	at org.apache.maven.surefire.booter.SurefireStarter.runSuitesInProcess(SurefireStarter.java:74)
	at org.apache.maven.surefire.booter.ForkedBooter.main(ForkedBooter.java:69)
</failure>
    <system-out>UserSession.UserSession() - hbSender: Thread[HeartBeatSender,5,main]
MyUserSession: UserSession: userId:t
hbSender: Thread[HeartBeatSender,5,main]
[2011-05-31 10:17:55,578][DEBUG] - UserSession(): session is creating. userId: t General session
2688 [main] DEBUG com.baxter.junit.BaxterTestCase  - UserSession(): session is creating. userId: t General session
2688 [main] DEBUG com.baxter.junit.BaxterTestCase  - UserSession(): session is creating. userId: t General session
[2011-05-31 10:17:55,580][TRACE] - UserSession.UserSession(): MAX_ENTRIES_OF_MESSAGEHISTORY=100 JMS_HEARTBEAT_DELAY=5000 MAX_JMS_SESSION_STARTUP_DELAY=500 MAX_HEARTBEAT_TOLERANCE=5000 MAX_SIZE_OF_HOLD_UP_LIST=100 userId: t General session
2690 [main] TRACE com.baxter.junit.BaxterTestCase  - UserSession.UserSession(): MAX_ENTRIES_OF_MESSAGEHISTORY=100 JMS_HEARTBEAT_DELAY=5000 MAX_JMS_SESSION_STARTUP_DELAY=500 MAX_HEARTBEAT_TOLERANCE=5000 MAX_SIZE_OF_HOLD_UP_LIST=100 userId: t General session
2690 [main] TRACE com.baxter.junit.BaxterTestCase  - UserSession.UserSession(): MAX_ENTRIES_OF_MESSAGEHISTORY=100 JMS_HEARTBEAT_DELAY=5000 MAX_JMS_SESSION_STARTUP_DELAY=500 MAX_HEARTBEAT_TOLERANCE=5000 MAX_SIZE_OF_HOLD_UP_LIST=100 userId: t General session
[2011-05-31 10:17:55,580][TRACE] - UserSession.UserSession(): userListForSelector=[t] userId: t General session
2690 [main] TRACE com.baxter.junit.BaxterTestCase  - UserSession.UserSession(): userListForSelector=[t] userId: t General session
2690 [main] TRACE com.baxter.junit.BaxterTestCase  - UserSession.UserSession(): userListForSelector=[t] userId: t General session
[2011-05-31 10:17:55,581][DEBUG] - GeneralClientUserSession.setupJMS() is invoked. userId: t General session
2691 [main] DEBUG com.baxter.junit.BaxterTestCase  - GeneralClientUserSession.setupJMS() is invoked. userId: t General session
2691 [main] DEBUG com.baxter.junit.BaxterTestCase  - GeneralClientUserSession.setupJMS() is invoked. userId: t General session
[2011-05-31 10:17:55,583][DEBUG] - GeneralClientUserSession.setupJMS() providerURL: jnp://192.168.9.33:1099
		contextFactory: org.jnp.interfaces.NamingContextFactory
		queueFactoryName: /ConnectionFactory
		JMS_ServerToClientQueue: t_JMS_ServerToClientQueue@router1
		JMS_ClientToServerQueue: t_JMS_ClientToServerQueue@router1
		timeToLive: 30000
		queueAliasForSending: t_client_JMS_QueueAliasCTS
		qqueueAliasForReceiving: t_client_JMS_QueueAliasSTC userId: t General session
2693 [main] DEBUG com.baxter.junit.BaxterTestCase  - GeneralClientUserSession.setupJMS() providerURL: jnp://192.168.9.33:1099
		contextFactory: org.jnp.interfaces.NamingContextFactory
		queueFactoryName: /ConnectionFactory
		JMS_ServerToClientQueue: t_JMS_ServerToClientQueue@router1
		JMS_ClientToServerQueue: t_JMS_ClientToServerQueue@router1
		timeToLive: 30000
		queueAliasForSending: t_client_JMS_QueueAliasCTS
		qqueueAliasForReceiving: t_client_JMS_QueueAliasSTC userId: t General session
2693 [main] DEBUG com.baxter.junit.BaxterTestCase  - GeneralClientUserSession.setupJMS() providerURL: jnp://192.168.9.33:1099
		contextFactory: org.jnp.interfaces.NamingContextFactory
		queueFactoryName: /ConnectionFactory
		JMS_ServerToClientQueue: t_JMS_ServerToClientQueue@router1
		JMS_ClientToServerQueue: t_JMS_ClientToServerQueue@router1
		timeToLive: 30000
		queueAliasForSending: t_client_JMS_QueueAliasCTS
		qqueueAliasForReceiving: t_client_JMS_QueueAliasSTC userId: t General session
[2011-05-31 10:17:55,590][DEBUG] - JMSManager VERSION: 2010.04.28.
2700 [main] DEBUG com.baxter.junit.BaxterTestCase  - JMSManager VERSION: 2010.04.28.
2700 [main] DEBUG com.baxter.junit.BaxterTestCase  - JMSManager VERSION: 2010.04.28.
[2011-05-31 10:17:55,620][TRACE] - getInitialContext(): providerURL: jnp://192.168.9.33:1099 INITIAL_CONTEXT_FACTORY: org.jnp.interfaces.NamingContextFactory
2730 [main] TRACE com.baxter.junit.BaxterTestCase  - getInitialContext(): providerURL: jnp://192.168.9.33:1099 INITIAL_CONTEXT_FACTORY: org.jnp.interfaces.NamingContextFactory
2730 [main] TRACE com.baxter.junit.BaxterTestCase  - getInitialContext(): providerURL: jnp://192.168.9.33:1099 INITIAL_CONTEXT_FACTORY: org.jnp.interfaces.NamingContextFactory
[2011-05-31 10:17:55,679][TRACE] - ContextWatchThread.run(): initialContext OK...
2789 [Thread-22] TRACE com.baxter.junit.BaxterTestCase  - ContextWatchThread.run(): initialContext OK...
2789 [Thread-22] TRACE com.baxter.junit.BaxterTestCase  - ContextWatchThread.run(): initialContext OK...
[2011-05-31 10:17:55,679][TRACE] - connectToJMS(): channelName: t_JMS_ServerToClientQueue@router1, lookup QUEUE_CONNECTION_FACTORY: /ConnectionFactory
2789 [main] TRACE com.baxter.junit.BaxterTestCase  - connectToJMS(): channelName: t_JMS_ServerToClientQueue@router1, lookup QUEUE_CONNECTION_FACTORY: /ConnectionFactory
2789 [main] TRACE com.baxter.junit.BaxterTestCase  - connectToJMS(): channelName: t_JMS_ServerToClientQueue@router1, lookup QUEUE_CONNECTION_FACTORY: /ConnectionFactory
[2011-05-31 10:17:55,876][TRACE] - connectToJMS(): channelName: t_JMS_ServerToClientQueue@router1, createQueueConnection()
2986 [main] TRACE com.baxter.junit.BaxterTestCase  - connectToJMS(): channelName: t_JMS_ServerToClientQueue@router1, createQueueConnection()
2986 [main] TRACE com.baxter.junit.BaxterTestCase  - connectToJMS(): channelName: t_JMS_ServerToClientQueue@router1, createQueueConnection()
[2011-05-31 10:17:55,876][TRACE] - connectToJMS(): channelName: t_JMS_ServerToClientQueue@router1, createTopicConnection()
2986 [main] TRACE com.baxter.junit.BaxterTestCase  - connectToJMS(): channelName: t_JMS_ServerToClientQueue@router1, createTopicConnection()
2986 [main] TRACE com.baxter.junit.BaxterTestCase  - connectToJMS(): channelName: t_JMS_ServerToClientQueue@router1, createTopicConnection()
[2011-05-31 10:17:56,214][TRACE] - connectToJMS(): channelName: t_JMS_ServerToClientQueue@router1, setExceptionListener()
3324 [main] TRACE com.baxter.junit.BaxterTestCase  - connectToJMS(): channelName: t_JMS_ServerToClientQueue@router1, setExceptionListener()
3324 [main] TRACE com.baxter.junit.BaxterTestCase  - connectToJMS(): channelName: t_JMS_ServerToClientQueue@router1, setExceptionListener()
[2011-05-31 10:17:56,216][TRACE] - connectToJMS(): channelName: t_JMS_ServerToClientQueue@router1, createQueueSession()
3326 [main] TRACE com.baxter.junit.BaxterTestCase  - connectToJMS(): channelName: t_JMS_ServerToClientQueue@router1, createQueueSession()
3326 [main] TRACE com.baxter.junit.BaxterTestCase  - connectToJMS(): channelName: t_JMS_ServerToClientQueue@router1, createQueueSession()
[2011-05-31 10:17:56,253][TRACE] - connectToJMS(): channelName: t_JMS_ServerToClientQueue@router1, lookup channelName: t_JMS_ServerToClientQueue@router1
3363 [main] TRACE com.baxter.junit.BaxterTestCase  - connectToJMS(): channelName: t_JMS_ServerToClientQueue@router1, lookup channelName: t_JMS_ServerToClientQueue@router1
3363 [main] TRACE com.baxter.junit.BaxterTestCase  - connectToJMS(): channelName: t_JMS_ServerToClientQueue@router1, lookup channelName: t_JMS_ServerToClientQueue@router1
[2011-05-31 10:17:56,271][TRACE] - connectToJMS(): channelName: t_JMS_ServerToClientQueue@router1, initialContext.close()
3381 [main] TRACE com.baxter.junit.BaxterTestCase  - connectToJMS(): channelName: t_JMS_ServerToClientQueue@router1, initialContext.close()
3381 [main] TRACE com.baxter.junit.BaxterTestCase  - connectToJMS(): channelName: t_JMS_ServerToClientQueue@router1, initialContext.close()
[2011-05-31 10:17:56,272][TRACE] - connectToJMS(): channelName: t_JMS_ServerToClientQueue@router1, createReceiver()
3382 [main] TRACE com.baxter.junit.BaxterTestCase  - connectToJMS(): channelName: t_JMS_ServerToClientQueue@router1, createReceiver()
3382 [main] TRACE com.baxter.junit.BaxterTestCase  - connectToJMS(): channelName: t_JMS_ServerToClientQueue@router1, createReceiver()
[2011-05-31 10:17:56,311][TRACE] - connectToJMS(): successfully connected...  alias: t_client_JMS_QueueAliasSTC providerURL: jnp://192.168.9.33:1099 channelName: t_JMS_ServerToClientQueue@router1 ackMode: 1 messageTimeToLive: 30000 deliveryMode: 1 isSender: false messageListener: null userName: null password: null
3421 [main] TRACE com.baxter.junit.BaxterTestCase  - connectToJMS(): successfully connected...  alias: t_client_JMS_QueueAliasSTC providerURL: jnp://192.168.9.33:1099 channelName: t_JMS_ServerToClientQueue@router1 ackMode: 1 messageTimeToLive: 30000 deliveryMode: 1 isSender: false messageListener: null userName: null password: null
3421 [main] TRACE com.baxter.junit.BaxterTestCase  - connectToJMS(): successfully connected...  alias: t_client_JMS_QueueAliasSTC providerURL: jnp://192.168.9.33:1099 channelName: t_JMS_ServerToClientQueue@router1 ackMode: 1 messageTimeToLive: 30000 deliveryMode: 1 isSender: false messageListener: null userName: null password: null
[2011-05-31 10:17:56,312][TRACE] - getInitialContext(): providerURL: jnp://192.168.9.33:1099 INITIAL_CONTEXT_FACTORY: org.jnp.interfaces.NamingContextFactory
3422 [main] TRACE com.baxter.junit.BaxterTestCase  - getInitialContext(): providerURL: jnp://192.168.9.33:1099 INITIAL_CONTEXT_FACTORY: org.jnp.interfaces.NamingContextFactory
3422 [main] TRACE com.baxter.junit.BaxterTestCase  - getInitialContext(): providerURL: jnp://192.168.9.33:1099 INITIAL_CONTEXT_FACTORY: org.jnp.interfaces.NamingContextFactory
[2011-05-31 10:17:56,313][TRACE] - connectToJMS(): channelName: t_JMS_ClientToServerQueue@router1, lookup QUEUE_CONNECTION_FACTORY: /ConnectionFactory
3423 [main] TRACE com.baxter.junit.BaxterTestCase  - connectToJMS(): channelName: t_JMS_ClientToServerQueue@router1, lookup QUEUE_CONNECTION_FACTORY: /ConnectionFactory
3423 [main] TRACE com.baxter.junit.BaxterTestCase  - connectToJMS(): channelName: t_JMS_ClientToServerQueue@router1, lookup QUEUE_CONNECTION_FACTORY: /ConnectionFactory
[2011-05-31 10:17:56,321][TRACE] - connectToJMS(): channelName: t_JMS_ClientToServerQueue@router1, createQueueConnection()
3431 [main] TRACE com.baxter.junit.BaxterTestCase  - connectToJMS(): channelName: t_JMS_ClientToServerQueue@router1, createQueueConnection()
3431 [main] TRACE com.baxter.junit.BaxterTestCase  - connectToJMS(): channelName: t_JMS_ClientToServerQueue@router1, createQueueConnection()
[2011-05-31 10:17:56,324][TRACE] - connectToJMS(): channelName: t_JMS_ClientToServerQueue@router1, createTopicConnection()
3434 [main] TRACE com.baxter.junit.BaxterTestCase  - connectToJMS(): channelName: t_JMS_ClientToServerQueue@router1, createTopicConnection()
3434 [main] TRACE com.baxter.junit.BaxterTestCase  - connectToJMS(): channelName: t_JMS_ClientToServerQueue@router1, createTopicConnection()
[2011-05-31 10:17:56,343][TRACE] - connectToJMS(): channelName: t_JMS_ClientToServerQueue@router1, setExceptionListener()
3453 [main] TRACE com.baxter.junit.BaxterTestCase  - connectToJMS(): channelName: t_JMS_ClientToServerQueue@router1, setExceptionListener()
3453 [main] TRACE com.baxter.junit.BaxterTestCase  - connectToJMS(): channelName: t_JMS_ClientToServerQueue@router1, setExceptionListener()
[2011-05-31 10:17:56,343][TRACE] - connectToJMS(): channelName: t_JMS_ClientToServerQueue@router1, createQueueSession()
3453 [main] TRACE com.baxter.junit.BaxterTestCase  - connectToJMS(): channelName: t_JMS_ClientToServerQueue@router1, createQueueSession()
3453 [main] TRACE com.baxter.junit.BaxterTestCase  - connectToJMS(): channelName: t_JMS_ClientToServerQueue@router1, createQueueSession()
[2011-05-31 10:17:56,345][TRACE] - connectToJMS(): channelName: t_JMS_ClientToServerQueue@router1, lookup channelName: t_JMS_ClientToServerQueue@router1
3455 [main] TRACE com.baxter.junit.BaxterTestCase  - connectToJMS(): channelName: t_JMS_ClientToServerQueue@router1, lookup channelName: t_JMS_ClientToServerQueue@router1
3455 [main] TRACE com.baxter.junit.BaxterTestCase  - connectToJMS(): channelName: t_JMS_ClientToServerQueue@router1, lookup channelName: t_JMS_ClientToServerQueue@router1
[2011-05-31 10:17:56,351][TRACE] - connectToJMS(): channelName: t_JMS_ClientToServerQueue@router1, initialContext.close()
3461 [main] TRACE com.baxter.junit.BaxterTestCase  - connectToJMS(): channelName: t_JMS_ClientToServerQueue@router1, initialContext.close()
3461 [main] TRACE com.baxter.junit.BaxterTestCase  - connectToJMS(): channelName: t_JMS_ClientToServerQueue@router1, initialContext.close()
[2011-05-31 10:17:56,353][TRACE] - connectToJMS(): channelName: t_JMS_ClientToServerQueue@router1, createSender()
3463 [main] TRACE com.baxter.junit.BaxterTestCase  - connectToJMS(): channelName: t_JMS_ClientToServerQueue@router1, createSender()
3463 [main] TRACE com.baxter.junit.BaxterTestCase  - connectToJMS(): channelName: t_JMS_ClientToServerQueue@router1, createSender()
[2011-05-31 10:17:56,441][TRACE] - connectToJMS(): successfully connected...  alias: t_client_JMS_QueueAliasCTS providerURL: jnp://192.168.9.33:1099 channelName: t_JMS_ClientToServerQueue@router1 ackMode: 1 messageTimeToLive: 30000 deliveryMode: 1 isSender: true messageListener: null userName: null password: null
3551 [main] TRACE com.baxter.junit.BaxterTestCase  - connectToJMS(): successfully connected...  alias: t_client_JMS_QueueAliasCTS providerURL: jnp://192.168.9.33:1099 channelName: t_JMS_ClientToServerQueue@router1 ackMode: 1 messageTimeToLive: 30000 deliveryMode: 1 isSender: true messageListener: null userName: null password: null
3551 [main] TRACE com.baxter.junit.BaxterTestCase  - connectToJMS(): successfully connected...  alias: t_client_JMS_QueueAliasCTS providerURL: jnp://192.168.9.33:1099 channelName: t_JMS_ClientToServerQueue@router1 ackMode: 1 messageTimeToLive: 30000 deliveryMode: 1 isSender: true messageListener: null userName: null password: null
[2011-05-31 10:17:56,478][TRACE] - UserSession.UserSession(String, String, Logger, boolean):
messageSender: com.baxter.cdtradesupervisor.UserSession$MessageSenderObjectUpdaterThread@facf0b userId: t General session
3588 [main] TRACE com.baxter.junit.BaxterTestCase  - UserSession.UserSession(String, String, Logger, boolean):
messageSender: com.baxter.cdtradesupervisor.UserSession$MessageSenderObjectUpdaterThread@facf0b userId: t General session
3588 [main] TRACE com.baxter.junit.BaxterTestCase  - UserSession.UserSession(String, String, Logger, boolean):
messageSender: com.baxter.cdtradesupervisor.UserSession$MessageSenderObjectUpdaterThread@facf0b userId: t General session
[2011-05-31 10:17:56,478][TRACE] - ObjectUpdaterThread.run() threadName: MessageSender Start waiting... ListUpdated: false
3588 [MessageSender] TRACE com.baxter.junit.BaxterTestCase  - ObjectUpdaterThread.run() threadName: MessageSender Start waiting... ListUpdated: false
3588 [MessageSender] TRACE com.baxter.junit.BaxterTestCase  - ObjectUpdaterThread.run() threadName: MessageSender Start waiting... ListUpdated: false
[2011-05-31 10:17:56,480][TRACE] - parameter read from /home/mnyeste/workspaces/cd/cdv2/target/test-classes/conf/JUnit.ini: HEARTBEAT_MISSEDTHRESHOLD_RED_MSG: Network connection is unstable.
3590 [main] TRACE com.baxter.junit.BaxterTestCase  - parameter read from /home/mnyeste/workspaces/cd/cdv2/target/test-classes/conf/JUnit.ini: HEARTBEAT_MISSEDTHRESHOLD_RED_MSG: Network connection is unstable.
3590 [main] TRACE com.baxter.junit.BaxterTestCase  - parameter read from /home/mnyeste/workspaces/cd/cdv2/target/test-classes/conf/JUnit.ini: HEARTBEAT_MISSEDTHRESHOLD_RED_MSG: Network connection is unstable.
[2011-05-31 10:17:56,480][TRACE] - ObjectUpdaterThread.run() threadName: MessageReceiver Start waiting... ListUpdated: false
3590 [MessageReceiver] TRACE com.baxter.junit.BaxterTestCase  - ObjectUpdaterThread.run() threadName: MessageReceiver Start waiting... ListUpdated: false
3590 [MessageReceiver] TRACE com.baxter.junit.BaxterTestCase  - ObjectUpdaterThread.run() threadName: MessageReceiver Start waiting... ListUpdated: false
[2011-05-31 10:17:56,480][DEBUG] - setupUDPMessageHandler()  UDP_BUFFER_LENGTH: 4096 UDP_PRICE_RECEIVER_MAX_LIST_SIZE: 100 IS_LOGGING_UDP_MESSAGES: false userId: t General session
3590 [main] DEBUG com.baxter.junit.BaxterTestCase  - setupUDPMessageHandler()  UDP_BUFFER_LENGTH: 4096 UDP_PRICE_RECEIVER_MAX_LIST_SIZE: 100 IS_LOGGING_UDP_MESSAGES: false userId: t General session
3590 [main] DEBUG com.baxter.junit.BaxterTestCase  - setupUDPMessageHandler()  UDP_BUFFER_LENGTH: 4096 UDP_PRICE_RECEIVER_MAX_LIST_SIZE: 100 IS_LOGGING_UDP_MESSAGES: false userId: t General session
[2011-05-31 10:17:56,482][TRACE] - ObjectUpdaterThread.run() threadName: UDPMessageReceiverObjectUpdaterThread Start waiting... ListUpdated: false
3592 [UDPMessageReceiverObjectUpdaterThread] TRACE com.baxter.junit.BaxterTestCase  - ObjectUpdaterThread.run() threadName: UDPMessageReceiverObjectUpdaterThread Start waiting... ListUpdated: false
3592 [UDPMessageReceiverObjectUpdaterThread] TRACE com.baxter.junit.BaxterTestCase  - ObjectUpdaterThread.run() threadName: UDPMessageReceiverObjectUpdaterThread Start waiting... ListUpdated: false
[2011-05-31 10:17:56,484][DEBUG] - UserSession(): session is creating. userId: t General session
3594 [main] DEBUG com.baxter.junit.BaxterTestCase  - UserSession(): session is creating. userId: t General session
3594 [main] DEBUG com.baxter.junit.BaxterTestCase  - UserSession(): session is creating. userId: t General session
[2011-05-31 10:17:56,485][TRACE] - UserSession.UserSession(): MAX_ENTRIES_OF_MESSAGEHISTORY=100 JMS_HEARTBEAT_DELAY=5000 MAX_JMS_SESSION_STARTUP_DELAY=500 MAX_HEARTBEAT_TOLERANCE=5000 MAX_SIZE_OF_HOLD_UP_LIST=100 userId: t General session
3595 [main] TRACE com.baxter.junit.BaxterTestCase  - UserSession.UserSession(): MAX_ENTRIES_OF_MESSAGEHISTORY=100 JMS_HEARTBEAT_DELAY=5000 MAX_JMS_SESSION_STARTUP_DELAY=500 MAX_HEARTBEAT_TOLERANCE=5000 MAX_SIZE_OF_HOLD_UP_LIST=100 userId: t General session
3595 [main] TRACE com.baxter.junit.BaxterTestCase  - UserSession.UserSession(): MAX_ENTRIES_OF_MESSAGEHISTORY=100 JMS_HEARTBEAT_DELAY=5000 MAX_JMS_SESSION_STARTUP_DELAY=500 MAX_HEARTBEAT_TOLERANCE=5000 MAX_SIZE_OF_HOLD_UP_LIST=100 userId: t General session
[2011-05-31 10:17:56,485][TRACE] - UserSession.UserSession(): userListForSelector=[t, t1] userId: t General session
3595 [main] TRACE com.baxter.junit.BaxterTestCase  - UserSession.UserSession(): userListForSelector=[t, t1] userId: t General session
3595 [main] TRACE com.baxter.junit.BaxterTestCase  - UserSession.UserSession(): userListForSelector=[t, t1] userId: t General session
[2011-05-31 10:17:56,485][TRACE] - GeneralServerUserSession.setupJMS() is invoked. userId: t General session
3595 [main] TRACE com.baxter.junit.BaxterTestCase  - GeneralServerUserSession.setupJMS() is invoked. userId: t General session
3595 [main] TRACE com.baxter.junit.BaxterTestCase  - GeneralServerUserSession.setupJMS() is invoked. userId: t General session
[2011-05-31 10:17:56,487][TRACE] - GeneralServerUserSession.setupJMS() providerURL: jnp://192.168.9.33:1099
		contextFactory: org.jnp.interfaces.NamingContextFactory
		queueFactoryName: /ConnectionFactory
		JMS_ServerToClientQueue: t_JMS_ServerToClientQueue@router1
		JMS_ClientToServerQueue: t_JMS_ClientToServerQueue@router1
		timeToLive: 30000
		queueAliasForSending: t_JMS_QueueAliasSTC
		qqueueAliasForReceiving: t_JMS_QueueAliasCTS userId: t General session
3597 [main] TRACE com.baxter.junit.BaxterTestCase  - GeneralServerUserSession.setupJMS() providerURL: jnp://192.168.9.33:1099
		contextFactory: org.jnp.interfaces.NamingContextFactory
		queueFactoryName: /ConnectionFactory
		JMS_ServerToClientQueue: t_JMS_ServerToClientQueue@router1
		JMS_ClientToServerQueue: t_JMS_ClientToServerQueue@router1
		timeToLive: 30000
		queueAliasForSending: t_JMS_QueueAliasSTC
		qqueueAliasForReceiving: t_JMS_QueueAliasCTS userId: t General session
3597 [main] TRACE com.baxter.junit.BaxterTestCase  - GeneralServerUserSession.setupJMS() providerURL: jnp://192.168.9.33:1099
		contextFactory: org.jnp.interfaces.NamingContextFactory
		queueFactoryName: /ConnectionFactory
		JMS_ServerToClientQueue: t_JMS_ServerToClientQueue@router1
		JMS_ClientToServerQueue: t_JMS_ClientToServerQueue@router1
		timeToLive: 30000
		queueAliasForSending: t_JMS_QueueAliasSTC
		qqueueAliasForReceiving: t_JMS_QueueAliasCTS userId: t General session
[2011-05-31 10:17:56,488][TRACE] - getInitialContext(): providerURL: jnp://192.168.9.33:1099 INITIAL_CONTEXT_FACTORY: org.jnp.interfaces.NamingContextFactory
3598 [main] TRACE com.baxter.junit.BaxterTestCase  - getInitialContext(): providerURL: jnp://192.168.9.33:1099 INITIAL_CONTEXT_FACTORY: org.jnp.interfaces.NamingContextFactory
3598 [main] TRACE com.baxter.junit.BaxterTestCase  - getInitialContext(): providerURL: jnp://192.168.9.33:1099 INITIAL_CONTEXT_FACTORY: org.jnp.interfaces.NamingContextFactory
[2011-05-31 10:17:56,489][TRACE] - connectToJMS(): channelName: t_JMS_ServerToClientQueue@router1, lookup QUEUE_CONNECTION_FACTORY: /ConnectionFactory
3599 [main] TRACE com.baxter.junit.BaxterTestCase  - connectToJMS(): channelName: t_JMS_ServerToClientQueue@router1, lookup QUEUE_CONNECTION_FACTORY: /ConnectionFactory
3599 [main] TRACE com.baxter.junit.BaxterTestCase  - connectToJMS(): channelName: t_JMS_ServerToClientQueue@router1, lookup QUEUE_CONNECTION_FACTORY: /ConnectionFactory
[2011-05-31 10:17:56,489][TRACE] - ContextWatchThread.run(): initialContext OK...
3599 [Thread-29] TRACE com.baxter.junit.BaxterTestCase  - ContextWatchThread.run(): initialContext OK...
3599 [Thread-29] TRACE com.baxter.junit.BaxterTestCase  - ContextWatchThread.run(): initialContext OK...
[2011-05-31 10:17:56,496][TRACE] - connectToJMS(): channelName: t_JMS_ServerToClientQueue@router1, createQueueConnection()
3606 [main] TRACE com.baxter.junit.BaxterTestCase  - connectToJMS(): channelName: t_JMS_ServerToClientQueue@router1, createQueueConnection()
3606 [main] TRACE com.baxter.junit.BaxterTestCase  - connectToJMS(): channelName: t_JMS_ServerToClientQueue@router1, createQueueConnection()
[2011-05-31 10:17:56,496][TRACE] - connectToJMS(): channelName: t_JMS_ServerToClientQueue@router1, createTopicConnection()
3606 [main] TRACE com.baxter.junit.BaxterTestCase  - connectToJMS(): channelName: t_JMS_ServerToClientQueue@router1, createTopicConnection()
3606 [main] TRACE com.baxter.junit.BaxterTestCase  - connectToJMS(): channelName: t_JMS_ServerToClientQueue@router1, createTopicConnection()
[2011-05-31 10:17:56,502][TRACE] - connectToJMS(): channelName: t_JMS_ServerToClientQueue@router1, setExceptionListener()
3612 [main] TRACE com.baxter.junit.BaxterTestCase  - connectToJMS(): channelName: t_JMS_ServerToClientQueue@router1, setExceptionListener()
3612 [main] TRACE com.baxter.junit.BaxterTestCase  - connectToJMS(): channelName: t_JMS_ServerToClientQueue@router1, setExceptionListener()
[2011-05-31 10:17:56,502][TRACE] - connectToJMS(): channelName: t_JMS_ServerToClientQueue@router1, createQueueSession()
3612 [main] TRACE com.baxter.junit.BaxterTestCase  - connectToJMS(): channelName: t_JMS_ServerToClientQueue@router1, createQueueSession()
3612 [main] TRACE com.baxter.junit.BaxterTestCase  - connectToJMS(): channelName: t_JMS_ServerToClientQueue@router1, createQueueSession()
[2011-05-31 10:17:56,504][TRACE] - connectToJMS(): channelName: t_JMS_ServerToClientQueue@router1, lookup channelName: t_JMS_ServerToClientQueue@router1
3614 [main] TRACE com.baxter.junit.BaxterTestCase  - connectToJMS(): channelName: t_JMS_ServerToClientQueue@router1, lookup channelName: t_JMS_ServerToClientQueue@router1
3614 [main] TRACE com.baxter.junit.BaxterTestCase  - connectToJMS(): channelName: t_JMS_ServerToClientQueue@router1, lookup channelName: t_JMS_ServerToClientQueue@router1
[2011-05-31 10:17:56,519][TRACE] - connectToJMS(): channelName: t_JMS_ServerToClientQueue@router1, initialContext.close()
3629 [main] TRACE com.baxter.junit.BaxterTestCase  - connectToJMS(): channelName: t_JMS_ServerToClientQueue@router1, initialContext.close()
3629 [main] TRACE com.baxter.junit.BaxterTestCase  - connectToJMS(): channelName: t_JMS_ServerToClientQueue@router1, initialContext.close()
[2011-05-31 10:17:56,521][TRACE] - connectToJMS(): channelName: t_JMS_ServerToClientQueue@router1, createSender()
3631 [main] TRACE com.baxter.junit.BaxterTestCase  - connectToJMS(): channelName: t_JMS_ServerToClientQueue@router1, createSender()
3631 [main] TRACE com.baxter.junit.BaxterTestCase  - connectToJMS(): channelName: t_JMS_ServerToClientQueue@router1, createSender()
[2011-05-31 10:17:56,524][TRACE] - connectToJMS(): successfully connected...  alias: t_JMS_QueueAliasSTC providerURL: jnp://192.168.9.33:1099 channelName: t_JMS_ServerToClientQueue@router1 ackMode: 1 messageTimeToLive: 30000 deliveryMode: 1 isSender: true messageListener: null userName: null password: null
3634 [main] TRACE com.baxter.junit.BaxterTestCase  - connectToJMS(): successfully connected...  alias: t_JMS_QueueAliasSTC providerURL: jnp://192.168.9.33:1099 channelName: t_JMS_ServerToClientQueue@router1 ackMode: 1 messageTimeToLive: 30000 deliveryMode: 1 isSender: true messageListener: null userName: null password: null
3634 [main] TRACE com.baxter.junit.BaxterTestCase  - connectToJMS(): successfully connected...  alias: t_JMS_QueueAliasSTC providerURL: jnp://192.168.9.33:1099 channelName: t_JMS_ServerToClientQueue@router1 ackMode: 1 messageTimeToLive: 30000 deliveryMode: 1 isSender: true messageListener: null userName: null password: null
[2011-05-31 10:17:56,524][TRACE] - getInitialContext(): providerURL: jnp://192.168.9.33:1099 INITIAL_CONTEXT_FACTORY: org.jnp.interfaces.NamingContextFactory
3634 [main] TRACE com.baxter.junit.BaxterTestCase  - getInitialContext(): providerURL: jnp://192.168.9.33:1099 INITIAL_CONTEXT_FACTORY: org.jnp.interfaces.NamingContextFactory
3634 [main] TRACE com.baxter.junit.BaxterTestCase  - getInitialContext(): providerURL: jnp://192.168.9.33:1099 INITIAL_CONTEXT_FACTORY: org.jnp.interfaces.NamingContextFactory
[2011-05-31 10:17:56,525][TRACE] - connectToJMS(): channelName: t_JMS_ClientToServerQueue@router1, lookup QUEUE_CONNECTION_FACTORY: /ConnectionFactory
3635 [main] TRACE com.baxter.junit.BaxterTestCase  - connectToJMS(): channelName: t_JMS_ClientToServerQueue@router1, lookup QUEUE_CONNECTION_FACTORY: /ConnectionFactory
3635 [main] TRACE com.baxter.junit.BaxterTestCase  - connectToJMS(): channelName: t_JMS_ClientToServerQueue@router1, lookup QUEUE_CONNECTION_FACTORY: /ConnectionFactory
[2011-05-31 10:17:56,533][TRACE] - connectToJMS(): channelName: t_JMS_ClientToServerQueue@router1, createQueueConnection()
3643 [main] TRACE com.baxter.junit.BaxterTestCase  - connectToJMS(): channelName: t_JMS_ClientToServerQueue@router1, createQueueConnection()
3643 [main] TRACE com.baxter.junit.BaxterTestCase  - connectToJMS(): channelName: t_JMS_ClientToServerQueue@router1, createQueueConnection()
[2011-05-31 10:17:56,533][TRACE] - connectToJMS(): channelName: t_JMS_ClientToServerQueue@router1, createTopicConnection()
3643 [main] TRACE com.baxter.junit.BaxterTestCase  - connectToJMS(): channelName: t_JMS_ClientToServerQueue@router1, createTopicConnection()
3643 [main] TRACE com.baxter.junit.BaxterTestCase  - connectToJMS(): channelName: t_JMS_ClientToServerQueue@router1, createTopicConnection()
[2011-05-31 10:17:56,545][TRACE] - connectToJMS(): channelName: t_JMS_ClientToServerQueue@router1, setExceptionListener()
3655 [main] TRACE com.baxter.junit.BaxterTestCase  - connectToJMS(): channelName: t_JMS_ClientToServerQueue@router1, setExceptionListener()
3655 [main] TRACE com.baxter.junit.BaxterTestCase  - connectToJMS(): channelName: t_JMS_ClientToServerQueue@router1, setExceptionListener()
[2011-05-31 10:17:56,545][TRACE] - connectToJMS(): channelName: t_JMS_ClientToServerQueue@router1, createQueueSession()
3655 [main] TRACE com.baxter.junit.BaxterTestCase  - connectToJMS(): channelName: t_JMS_ClientToServerQueue@router1, createQueueSession()
3655 [main] TRACE com.baxter.junit.BaxterTestCase  - connectToJMS(): channelName: t_JMS_ClientToServerQueue@router1, createQueueSession()
[2011-05-31 10:17:56,547][TRACE] - connectToJMS(): channelName: t_JMS_ClientToServerQueue@router1, lookup channelName: t_JMS_ClientToServerQueue@router1
3657 [main] TRACE com.baxter.junit.BaxterTestCase  - connectToJMS(): channelName: t_JMS_ClientToServerQueue@router1, lookup channelName: t_JMS_ClientToServerQueue@router1
3657 [main] TRACE com.baxter.junit.BaxterTestCase  - connectToJMS(): channelName: t_JMS_ClientToServerQueue@router1, lookup channelName: t_JMS_ClientToServerQueue@router1
[2011-05-31 10:17:56,552][TRACE] - connectToJMS(): channelName: t_JMS_ClientToServerQueue@router1, initialContext.close()
3662 [main] TRACE com.baxter.junit.BaxterTestCase  - connectToJMS(): channelName: t_JMS_ClientToServerQueue@router1, initialContext.close()
3662 [main] TRACE com.baxter.junit.BaxterTestCase  - connectToJMS(): channelName: t_JMS_ClientToServerQueue@router1, initialContext.close()
[2011-05-31 10:17:56,553][TRACE] - connectToJMS(): channelName: t_JMS_ClientToServerQueue@router1, createReceiver()
3663 [main] TRACE com.baxter.junit.BaxterTestCase  - connectToJMS(): channelName: t_JMS_ClientToServerQueue@router1, createReceiver()
3663 [main] TRACE com.baxter.junit.BaxterTestCase  - connectToJMS(): channelName: t_JMS_ClientToServerQueue@router1, createReceiver()
[2011-05-31 10:17:56,558][TRACE] - connectToJMS(): successfully connected...  alias: t_JMS_QueueAliasCTS providerURL: jnp://192.168.9.33:1099 channelName: t_JMS_ClientToServerQueue@router1 ackMode: 1 messageTimeToLive: 30000 deliveryMode: 1 isSender: false messageListener: null userName: null password: null
3668 [main] TRACE com.baxter.junit.BaxterTestCase  - connectToJMS(): successfully connected...  alias: t_JMS_QueueAliasCTS providerURL: jnp://192.168.9.33:1099 channelName: t_JMS_ClientToServerQueue@router1 ackMode: 1 messageTimeToLive: 30000 deliveryMode: 1 isSender: false messageListener: null userName: null password: null
3668 [main] TRACE com.baxter.junit.BaxterTestCase  - connectToJMS(): successfully connected...  alias: t_JMS_QueueAliasCTS providerURL: jnp://192.168.9.33:1099 channelName: t_JMS_ClientToServerQueue@router1 ackMode: 1 messageTimeToLive: 30000 deliveryMode: 1 isSender: false messageListener: null userName: null password: null
[2011-05-31 10:17:56,589][TRACE] - UserSession.UserSession(String, String, Logger, boolean):
messageSender: com.baxter.cdtradesupervisor.UserSession$MessageSenderObjectUpdaterThread@1fd5e2 userId: t General session
3699 [main] TRACE com.baxter.junit.BaxterTestCase  - UserSession.UserSession(String, String, Logger, boolean):
messageSender: com.baxter.cdtradesupervisor.UserSession$MessageSenderObjectUpdaterThread@1fd5e2 userId: t General session
3699 [main] TRACE com.baxter.junit.BaxterTestCase  - UserSession.UserSession(String, String, Logger, boolean):
messageSender: com.baxter.cdtradesupervisor.UserSession$MessageSenderObjectUpdaterThread@1fd5e2 userId: t General session
[2011-05-31 10:17:56,590][TRACE] - ObjectUpdaterThread.run() threadName: MessageSender Start waiting... ListUpdated: false
3700 [MessageSender] TRACE com.baxter.junit.BaxterTestCase  - ObjectUpdaterThread.run() threadName: MessageSender Start waiting... ListUpdated: false
3700 [MessageSender] TRACE com.baxter.junit.BaxterTestCase  - ObjectUpdaterThread.run() threadName: MessageSender Start waiting... ListUpdated: false
[2011-05-31 10:17:56,590][TRACE] - ObjectUpdaterThread.run() threadName: MessageReceiver Start waiting... ListUpdated: false
3700 [MessageReceiver userId: t General session] TRACE com.baxter.junit.BaxterTestCase  - ObjectUpdaterThread.run() threadName: MessageReceiver Start waiting... ListUpdated: false
3700 [MessageReceiver userId: t General session] TRACE com.baxter.junit.BaxterTestCase  - ObjectUpdaterThread.run() threadName: MessageReceiver Start waiting... ListUpdated: false
[2011-05-31 10:17:56,595][DEBUG] - UserSession.sendMessage(): messageSender: com.baxter.cdtradesupervisor.UserSession$MessageSenderObjectUpdaterThread@1fd5e2 userId: t General session
3705 [main] DEBUG com.baxter.junit.BaxterTestCase  - UserSession.sendMessage(): messageSender: com.baxter.cdtradesupervisor.UserSession$MessageSenderObjectUpdaterThread@1fd5e2 userId: t General session
3705 [main] DEBUG com.baxter.junit.BaxterTestCase  - UserSession.sendMessage(): messageSender: com.baxter.cdtradesupervisor.UserSession$MessageSenderObjectUpdaterThread@1fd5e2 userId: t General session
[2011-05-31 10:17:56,597][TRACE] - ObjectUpdaterThread.addNewObjectToList() is invoked... threadName: MessageSender userId: t General session isClearingList: false isWaiting: true
3707 [main] TRACE com.baxter.junit.BaxterTestCase  - ObjectUpdaterThread.addNewObjectToList() is invoked... threadName: MessageSender userId: t General session isClearingList: false isWaiting: true
3707 [main] TRACE com.baxter.junit.BaxterTestCase  - ObjectUpdaterThread.addNewObjectToList() is invoked... threadName: MessageSender userId: t General session isClearingList: false isWaiting: true
[2011-05-31 10:17:56,597][TRACE] - ObjectUpdaterThread.addNewObjectToList(): notify invoked! listUpdated: true
3707 [main] TRACE com.baxter.junit.BaxterTestCase  - ObjectUpdaterThread.addNewObjectToList(): notify invoked! listUpdated: true
3707 [main] TRACE com.baxter.junit.BaxterTestCase  - ObjectUpdaterThread.addNewObjectToList(): notify invoked! listUpdated: true
[2011-05-31 10:17:56,598][TRACE] - ObjectUpdaterThread.addNewObjectToList() finished... threadName: MessageSender userId: t General session isClearingList: false isWaiting: false processTime: 1
3708 [main] TRACE com.baxter.junit.BaxterTestCase  - ObjectUpdaterThread.addNewObjectToList() finished... threadName: MessageSender userId: t General session isClearingList: false isWaiting: false processTime: 1
3708 [main] TRACE com.baxter.junit.BaxterTestCase  - ObjectUpdaterThread.addNewObjectToList() finished... threadName: MessageSender userId: t General session isClearingList: false isWaiting: false processTime: 1
[2011-05-31 10:17:56,599][TRACE] - ObjectUpdaterThread.run() threadName: MessageSender userId: t General session objectUpdates.size: 0
3709 [MessageSender userId: t General session] TRACE com.baxter.junit.BaxterTestCase  - ObjectUpdaterThread.run() threadName: MessageSender userId: t General session objectUpdates.size: 0
3709 [MessageSender userId: t General session] TRACE com.baxter.junit.BaxterTestCase  - ObjectUpdaterThread.run() threadName: MessageSender userId: t General session objectUpdates.size: 0
[2011-05-31 10:17:56,625][TRACE] - UserSession.MessageSenderObjectUpdaterThread.processObject() message sent: Heartbeat message: TimeStamp: 1306829876595 SeqNumber: 1  userId: t General session
3735 [MessageSender userId: t General session] TRACE com.baxter.junit.BaxterTestCase  - UserSession.MessageSenderObjectUpdaterThread.processObject() message sent: Heartbeat message: TimeStamp: 1306829876595 SeqNumber: 1  userId: t General session
3735 [MessageSender userId: t General session] TRACE com.baxter.junit.BaxterTestCase  - UserSession.MessageSenderObjectUpdaterThread.processObject() message sent: Heartbeat message: TimeStamp: 1306829876595 SeqNumber: 1  userId: t General session
[2011-05-31 10:17:56,625][TRACE] - ObjectUpdaterThread.run() threadName: MessageSender userId: t General session Start waiting... ListUpdated: false
3735 [MessageSender userId: t General session] TRACE com.baxter.junit.BaxterTestCase  - ObjectUpdaterThread.run() threadName: MessageSender userId: t General session Start waiting... ListUpdated: false
3735 [MessageSender userId: t General session] TRACE com.baxter.junit.BaxterTestCase  - ObjectUpdaterThread.run() threadName: MessageSender userId: t General session Start waiting... ListUpdated: false
[2011-05-31 10:17:58,599][DEBUG] - UserSession.shutdown(): shutdown invoked. userId: t General session
5709 [main] DEBUG com.baxter.junit.BaxterTestCase  - UserSession.shutdown(): shutdown invoked. userId: t General session
5709 [main] DEBUG com.baxter.junit.BaxterTestCase  - UserSession.shutdown(): shutdown invoked. userId: t General session
[2011-05-31 10:17:58,599][DEBUG] - ObjectUpdaterThread.stopService() is invoked... threadName: MessageReceiver userId: t General session
5709 [main] DEBUG com.baxter.junit.BaxterTestCase  - ObjectUpdaterThread.stopService() is invoked... threadName: MessageReceiver userId: t General session
5709 [main] DEBUG com.baxter.junit.BaxterTestCase  - ObjectUpdaterThread.stopService() is invoked... threadName: MessageReceiver userId: t General session
[2011-05-31 10:17:58,600][DEBUG] - ObjectUpdaterThread.stopService() is invoked... threadName: MessageSender userId: t General session
5710 [main] DEBUG com.baxter.junit.BaxterTestCase  - ObjectUpdaterThread.stopService() is invoked... threadName: MessageSender userId: t General session
5710 [main] DEBUG com.baxter.junit.BaxterTestCase  - ObjectUpdaterThread.stopService() is invoked... threadName: MessageSender userId: t General session
[2011-05-31 10:17:58,600][INFO] - ObjectUpdaterThread.run(): threadName: MessageReceiver userId: t General session method run ended...
5710 [MessageReceiver userId: t General session] INFO com.baxter.junit.BaxterTestCase  - ObjectUpdaterThread.run(): threadName: MessageReceiver userId: t General session method run ended...
5710 [MessageReceiver userId: t General session] INFO com.baxter.junit.BaxterTestCase  - ObjectUpdaterThread.run(): threadName: MessageReceiver userId: t General session method run ended...
[2011-05-31 10:17:58,600][INFO] - ObjectUpdaterThread.run(): threadName: MessageSender userId: t General session method run ended...
5710 [MessageSender userId: t General session] INFO com.baxter.junit.BaxterTestCase  - ObjectUpdaterThread.run(): threadName: MessageSender userId: t General session method run ended...
5710 [MessageSender userId: t General session] INFO com.baxter.junit.BaxterTestCase  - ObjectUpdaterThread.run(): threadName: MessageSender userId: t General session method run ended...
[2011-05-31 10:17:58,600][TRACE] - removeChannel(): alias: t_client_JMS_QueueAliasSTC
5710 [main] TRACE com.baxter.junit.BaxterTestCase  - removeChannel(): alias: t_client_JMS_QueueAliasSTC
5710 [main] TRACE com.baxter.junit.BaxterTestCase  - removeChannel(): alias: t_client_JMS_QueueAliasSTC
[2011-05-31 10:17:58,607][DEBUG] - disconnectFromJMS(): receiver closed. alias: t_client_JMS_QueueAliasSTC
5717 [main] DEBUG com.baxter.junit.BaxterTestCase  - disconnectFromJMS(): receiver closed. alias: t_client_JMS_QueueAliasSTC
5717 [main] DEBUG com.baxter.junit.BaxterTestCase  - disconnectFromJMS(): receiver closed. alias: t_client_JMS_QueueAliasSTC
[2011-05-31 10:17:58,610][DEBUG] - disconnectFromJMS(): session closed. alias: t_client_JMS_QueueAliasSTC
5720 [main] DEBUG com.baxter.junit.BaxterTestCase  - disconnectFromJMS(): session closed. alias: t_client_JMS_QueueAliasSTC
5720 [main] DEBUG com.baxter.junit.BaxterTestCase  - disconnectFromJMS(): session closed. alias: t_client_JMS_QueueAliasSTC
[2011-05-31 10:17:58,634][DEBUG] - disconnectFromJMS(): connection closed. alias: t_client_JMS_QueueAliasSTC
5744 [main] DEBUG com.baxter.junit.BaxterTestCase  - disconnectFromJMS(): connection closed. alias: t_client_JMS_QueueAliasSTC
5744 [main] DEBUG com.baxter.junit.BaxterTestCase  - disconnectFromJMS(): connection closed. alias: t_client_JMS_QueueAliasSTC
[2011-05-31 10:17:58,640][TRACE] - removeChannel(): alias: t_client_JMS_QueueAliasCTS
5750 [main] TRACE com.baxter.junit.BaxterTestCase  - removeChannel(): alias: t_client_JMS_QueueAliasCTS
5750 [main] TRACE com.baxter.junit.BaxterTestCase  - removeChannel(): alias: t_client_JMS_QueueAliasCTS
[2011-05-31 10:17:58,642][DEBUG] - disconnectFromJMS(): session closed. alias: t_client_JMS_QueueAliasCTS
5752 [main] DEBUG com.baxter.junit.BaxterTestCase  - disconnectFromJMS(): session closed. alias: t_client_JMS_QueueAliasCTS
5752 [main] DEBUG com.baxter.junit.BaxterTestCase  - disconnectFromJMS(): session closed. alias: t_client_JMS_QueueAliasCTS
[2011-05-31 10:17:58,649][DEBUG] - disconnectFromJMS(): connection closed. alias: t_client_JMS_QueueAliasCTS
5759 [main] DEBUG com.baxter.junit.BaxterTestCase  - disconnectFromJMS(): connection closed. alias: t_client_JMS_QueueAliasCTS
5759 [main] DEBUG com.baxter.junit.BaxterTestCase  - disconnectFromJMS(): connection closed. alias: t_client_JMS_QueueAliasCTS
[2011-05-31 10:17:58,649][DEBUG] - GeneralServerUserSession.shutdown() udpMessageSender is shutting down. userId: t General session
5759 [main] DEBUG com.baxter.junit.BaxterTestCase  - GeneralServerUserSession.shutdown() udpMessageSender is shutting down. userId: t General session
5759 [main] DEBUG com.baxter.junit.BaxterTestCase  - GeneralServerUserSession.shutdown() udpMessageSender is shutting down. userId: t General session
[2011-05-31 10:17:58,650][DEBUG] - UserSession.shutdown(): shutdown invoked. userId: t General session
5760 [main] DEBUG com.baxter.junit.BaxterTestCase  - UserSession.shutdown(): shutdown invoked. userId: t General session
5760 [main] DEBUG com.baxter.junit.BaxterTestCase  - UserSession.shutdown(): shutdown invoked. userId: t General session
[2011-05-31 10:17:58,650][DEBUG] - ObjectUpdaterThread.stopService() is invoked... threadName: MessageReceiver userId: t General session
5760 [main] DEBUG com.baxter.junit.BaxterTestCase  - ObjectUpdaterThread.stopService() is invoked... threadName: MessageReceiver userId: t General session
5760 [main] DEBUG com.baxter.junit.BaxterTestCase  - ObjectUpdaterThread.stopService() is invoked... threadName: MessageReceiver userId: t General session
[2011-05-31 10:17:58,651][INFO] - ObjectUpdaterThread.run(): threadName: MessageReceiver userId: t General session method run ended...
5761 [MessageReceiver userId: t General session] INFO com.baxter.junit.BaxterTestCase  - ObjectUpdaterThread.run(): threadName: MessageReceiver userId: t General session method run ended...
5761 [MessageReceiver userId: t General session] INFO com.baxter.junit.BaxterTestCase  - ObjectUpdaterThread.run(): threadName: MessageReceiver userId: t General session method run ended...
[2011-05-31 10:17:58,652][DEBUG] - ObjectUpdaterThread.stopService() is invoked... threadName: MessageSender userId: t General session
5762 [main] DEBUG com.baxter.junit.BaxterTestCase  - ObjectUpdaterThread.stopService() is invoked... threadName: MessageSender userId: t General session
5762 [main] DEBUG com.baxter.junit.BaxterTestCase  - ObjectUpdaterThread.stopService() is invoked... threadName: MessageSender userId: t General session
[2011-05-31 10:17:58,652][INFO] - ObjectUpdaterThread.run(): threadName: MessageSender userId: t General session method run ended...
5762 [MessageSender userId: t General session] INFO com.baxter.junit.BaxterTestCase  - ObjectUpdaterThread.run(): threadName: MessageSender userId: t General session method run ended...
5762 [MessageSender userId: t General session] INFO com.baxter.junit.BaxterTestCase  - ObjectUpdaterThread.run(): threadName: MessageSender userId: t General session method run ended...
[2011-05-31 10:17:58,653][TRACE] - removeChannel(): alias: t_JMS_QueueAliasCTS
5763 [main] TRACE com.baxter.junit.BaxterTestCase  - removeChannel(): alias: t_JMS_QueueAliasCTS
5763 [main] TRACE com.baxter.junit.BaxterTestCase  - removeChannel(): alias: t_JMS_QueueAliasCTS
[2011-05-31 10:17:58,655][DEBUG] - disconnectFromJMS(): receiver closed. alias: t_JMS_QueueAliasCTS
5765 [main] DEBUG com.baxter.junit.BaxterTestCase  - disconnectFromJMS(): receiver closed. alias: t_JMS_QueueAliasCTS
5765 [main] DEBUG com.baxter.junit.BaxterTestCase  - disconnectFromJMS(): receiver closed. alias: t_JMS_QueueAliasCTS
[2011-05-31 10:17:58,657][DEBUG] - disconnectFromJMS(): session closed. alias: t_JMS_QueueAliasCTS
5767 [main] DEBUG com.baxter.junit.BaxterTestCase  - disconnectFromJMS(): session closed. alias: t_JMS_QueueAliasCTS
5767 [main] DEBUG com.baxter.junit.BaxterTestCase  - disconnectFromJMS(): session closed. alias: t_JMS_QueueAliasCTS
[2011-05-31 10:17:58,661][DEBUG] - disconnectFromJMS(): connection closed. alias: t_JMS_QueueAliasCTS
5771 [main] DEBUG com.baxter.junit.BaxterTestCase  - disconnectFromJMS(): connection closed. alias: t_JMS_QueueAliasCTS
5771 [main] DEBUG com.baxter.junit.BaxterTestCase  - disconnectFromJMS(): connection closed. alias: t_JMS_QueueAliasCTS
[2011-05-31 10:17:58,661][TRACE] - removeChannel(): alias: t_JMS_QueueAliasSTC
5771 [main] TRACE com.baxter.junit.BaxterTestCase  - removeChannel(): alias: t_JMS_QueueAliasSTC
5771 [main] TRACE com.baxter.junit.BaxterTestCase  - removeChannel(): alias: t_JMS_QueueAliasSTC
[2011-05-31 10:17:58,662][DEBUG] - disconnectFromJMS(): session closed. alias: t_JMS_QueueAliasSTC
5772 [main] DEBUG com.baxter.junit.BaxterTestCase  - disconnectFromJMS(): session closed. alias: t_JMS_QueueAliasSTC
5772 [main] DEBUG com.baxter.junit.BaxterTestCase  - disconnectFromJMS(): session closed. alias: t_JMS_QueueAliasSTC
[2011-05-31 10:17:58,665][DEBUG] - disconnectFromJMS(): connection closed. alias: t_JMS_QueueAliasSTC
5775 [main] DEBUG com.baxter.junit.BaxterTestCase  - disconnectFromJMS(): connection closed. alias: t_JMS_QueueAliasSTC
5775 [main] DEBUG com.baxter.junit.BaxterTestCase  - disconnectFromJMS(): connection closed. alias: t_JMS_QueueAliasSTC
[2011-05-31 10:17:58,666][DEBUG] - ObjectUpdaterThread.stopService() is invoked... threadName: com.baxter.cdtradesupervisor.UserSession$MessageReceiverObjectUpdaterThread
5776 [main] DEBUG com.baxter.junit.BaxterTestCase  - ObjectUpdaterThread.stopService() is invoked... threadName: com.baxter.cdtradesupervisor.UserSession$MessageReceiverObjectUpdaterThread
5776 [main] DEBUG com.baxter.junit.BaxterTestCase  - ObjectUpdaterThread.stopService() is invoked... threadName: com.baxter.cdtradesupervisor.UserSession$MessageReceiverObjectUpdaterThread
[2011-05-31 10:17:58,666][DEBUG] - ObjectUpdaterThread.stopService() is invoked... threadName: com.baxter.cdtradesupervisor.UserSession$MessageSenderObjectUpdaterThread
5776 [main] DEBUG com.baxter.junit.BaxterTestCase  - ObjectUpdaterThread.stopService() is invoked... threadName: com.baxter.cdtradesupervisor.UserSession$MessageSenderObjectUpdaterThread
5776 [main] DEBUG com.baxter.junit.BaxterTestCase  - ObjectUpdaterThread.stopService() is invoked... threadName: com.baxter.cdtradesupervisor.UserSession$MessageSenderObjectUpdaterThread
</system-out>
    <system-err>Converted relativePath: /conf/jms_JUnit.ini to: /home/mnyeste/workspaces/cd/cdv2/target/test-classes/conf/jms_JUnit.ini
Converted relativePath: /conf/jms_JUnit.ini to: /home/mnyeste/workspaces/cd/cdv2/target/test-classes/conf/jms_JUnit.ini
Failed to initalize plugin: org.jboss.logging.log4j.Log4jLoggerPlugin@1faba46, cause: java.lang.AbstractMethodError: org.jboss.logging.log4j.Log4jLoggerPlugin.getInstance(Ljava/lang/String;Ljava/lang/String;)Lorg/jboss/logging/LoggerPluginInstance;
Failed to initalize plugin: org.jboss.logging.log4j.Log4jLoggerPlugin@3570b0, cause: java.lang.AbstractMethodError: org.jboss.logging.log4j.Log4jLoggerPlugin.getInstance(Ljava/lang/String;Ljava/lang/String;)Lorg/jboss/logging/LoggerPluginInstance;
Converted relativePath: /conf/jms_JUnit.ini to: /home/mnyeste/workspaces/cd/cdv2/target/test-classes/conf/jms_JUnit.ini
</system-err>
  </testcase>
  <testcase time="4.198" classname="com.baxter.cdtradesupervisor.TestUserSession" name="testClientServerSessionGapFill">
    <failure message="expected:&lt;5&gt; but was:&lt;0&gt;" type="junit.framework.AssertionFailedError">junit.framework.AssertionFailedError: expected:&lt;5&gt; but was:&lt;0&gt;
	at junit.framework.Assert.fail(Assert.java:47)
	at junit.framework.Assert.failNotEquals(Assert.java:283)
	at junit.framework.Assert.assertEquals(Assert.java:64)
	at junit.framework.Assert.assertEquals(Assert.java:130)
	at junit.framework.Assert.assertEquals(Assert.java:136)
	at com.baxter.cdtradesupervisor.TestUserSession.testClientServerSessionGapFill(TestUserSession.java:584)
	at sun.reflect.NativeMethodAccessorImpl.invoke0(Native Method)
	at sun.reflect.NativeMethodAccessorImpl.invoke(NativeMethodAccessorImpl.java:39)
	at sun.reflect.DelegatingMethodAccessorImpl.invoke(DelegatingMethodAccessorImpl.java:25)
	at java.lang.reflect.Method.invoke(Method.java:597)
	at junit.framework.TestCase.runTest(TestCase.java:168)
	at junit.framework.TestCase.runBare(TestCase.java:134)
	at junit.framework.TestResult$1.protect(TestResult.java:110)
	at junit.framework.TestResult.runProtected(TestResult.java:128)
	at junit.framework.TestResult.run(TestResult.java:113)
	at junit.framework.TestCase.run(TestCase.java:124)
	at junit.framework.TestSuite.runTest(TestSuite.java:243)
	at junit.framework.TestSuite.run(TestSuite.java:238)
	at org.junit.internal.runners.JUnit38ClassRunner.run(JUnit38ClassRunner.java:83)
	at org.apache.maven.surefire.junit4.JUnit4TestSet.execute(JUnit4TestSet.java:35)
	at org.apache.maven.surefire.junit4.JUnit4Provider.executeTestSet(JUnit4Provider.java:115)
	at org.apache.maven.surefire.junit4.JUnit4Provider.invoke(JUnit4Provider.java:97)
	at sun.reflect.NativeMethodAccessorImpl.invoke0(Native Method)
	at sun.reflect.NativeMethodAccessorImpl.invoke(NativeMethodAccessorImpl.java:39)
	at sun.reflect.DelegatingMethodAccessorImpl.invoke(DelegatingMethodAccessorImpl.java:25)
	at java.lang.reflect.Method.invoke(Method.java:597)
	at org.apache.maven.surefire.booter.ProviderFactory$ClassLoaderProxy.invoke(ProviderFactory.java:103)
	at $Proxy0.invoke(Unknown Source)
	at org.apache.maven.surefire.booter.SurefireStarter.invokeProvider(SurefireStarter.java:150)
	at org.apache.maven.surefire.booter.SurefireStarter.runSuitesInProcess(SurefireStarter.java:74)
	at org.apache.maven.surefire.booter.ForkedBooter.main(ForkedBooter.java:69)
</failure>
    <system-out>UserSession.UserSession() - hbSender: Thread[HeartBeatSender,5,main]
MyUserSession: UserSession: userId:t
hbSender: Thread[HeartBeatSender,5,main]
[2011-05-31 10:17:58,700][DEBUG] - UserSession(): session is creating. userId: t General session
5810 [main] DEBUG com.baxter.junit.BaxterTestCase  - UserSession(): session is creating. userId: t General session
5810 [main] DEBUG com.baxter.junit.BaxterTestCase  - UserSession(): session is creating. userId: t General session
5810 [main] DEBUG com.baxter.junit.BaxterTestCase  - UserSession(): session is creating. userId: t General session
[2011-05-31 10:17:58,702][TRACE] - UserSession.UserSession(): MAX_ENTRIES_OF_MESSAGEHISTORY=100 JMS_HEARTBEAT_DELAY=5000 MAX_JMS_SESSION_STARTUP_DELAY=500 MAX_HEARTBEAT_TOLERANCE=5000 MAX_SIZE_OF_HOLD_UP_LIST=100 userId: t General session
5812 [main] TRACE com.baxter.junit.BaxterTestCase  - UserSession.UserSession(): MAX_ENTRIES_OF_MESSAGEHISTORY=100 JMS_HEARTBEAT_DELAY=5000 MAX_JMS_SESSION_STARTUP_DELAY=500 MAX_HEARTBEAT_TOLERANCE=5000 MAX_SIZE_OF_HOLD_UP_LIST=100 userId: t General session
5812 [main] TRACE com.baxter.junit.BaxterTestCase  - UserSession.UserSession(): MAX_ENTRIES_OF_MESSAGEHISTORY=100 JMS_HEARTBEAT_DELAY=5000 MAX_JMS_SESSION_STARTUP_DELAY=500 MAX_HEARTBEAT_TOLERANCE=5000 MAX_SIZE_OF_HOLD_UP_LIST=100 userId: t General session
5812 [main] TRACE com.baxter.junit.BaxterTestCase  - UserSession.UserSession(): MAX_ENTRIES_OF_MESSAGEHISTORY=100 JMS_HEARTBEAT_DELAY=5000 MAX_JMS_SESSION_STARTUP_DELAY=500 MAX_HEARTBEAT_TOLERANCE=5000 MAX_SIZE_OF_HOLD_UP_LIST=100 userId: t General session
[2011-05-31 10:17:58,703][TRACE] - UserSession.UserSession(): userListForSelector=[t] userId: t General session
5813 [main] TRACE com.baxter.junit.BaxterTestCase  - UserSession.UserSession(): userListForSelector=[t] userId: t General session
5813 [main] TRACE com.baxter.junit.BaxterTestCase  - UserSession.UserSession(): userListForSelector=[t] userId: t General session
5813 [main] TRACE com.baxter.junit.BaxterTestCase  - UserSession.UserSession(): userListForSelector=[t] userId: t General session
[2011-05-31 10:17:58,704][DEBUG] - GeneralClientUserSession.setupJMS() is invoked. userId: t General session
5814 [main] DEBUG com.baxter.junit.BaxterTestCase  - GeneralClientUserSession.setupJMS() is invoked. userId: t General session
5814 [main] DEBUG com.baxter.junit.BaxterTestCase  - GeneralClientUserSession.setupJMS() is invoked. userId: t General session
5814 [main] DEBUG com.baxter.junit.BaxterTestCase  - GeneralClientUserSession.setupJMS() is invoked. userId: t General session
[2011-05-31 10:17:58,708][DEBUG] - GeneralClientUserSession.setupJMS() providerURL: jnp://192.168.9.33:1099
		contextFactory: org.jnp.interfaces.NamingContextFactory
		queueFactoryName: /ConnectionFactory
		JMS_ServerToClientQueue: t_JMS_ServerToClientQueue@router1
		JMS_ClientToServerQueue: t_JMS_ClientToServerQueue@router1
		timeToLive: 30000
		queueAliasForSending: t_client_JMS_QueueAliasCTS
		qqueueAliasForReceiving: t_client_JMS_QueueAliasSTC userId: t General session
5818 [main] DEBUG com.baxter.junit.BaxterTestCase  - GeneralClientUserSession.setupJMS() providerURL: jnp://192.168.9.33:1099
		contextFactory: org.jnp.interfaces.NamingContextFactory
		queueFactoryName: /ConnectionFactory
		JMS_ServerToClientQueue: t_JMS_ServerToClientQueue@router1
		JMS_ClientToServerQueue: t_JMS_ClientToServerQueue@router1
		timeToLive: 30000
		queueAliasForSending: t_client_JMS_QueueAliasCTS
		qqueueAliasForReceiving: t_client_JMS_QueueAliasSTC userId: t General session
5818 [main] DEBUG com.baxter.junit.BaxterTestCase  - GeneralClientUserSession.setupJMS() providerURL: jnp://192.168.9.33:1099
		contextFactory: org.jnp.interfaces.NamingContextFactory
		queueFactoryName: /ConnectionFactory
		JMS_ServerToClientQueue: t_JMS_ServerToClientQueue@router1
		JMS_ClientToServerQueue: t_JMS_ClientToServerQueue@router1
		timeToLive: 30000
		queueAliasForSending: t_client_JMS_QueueAliasCTS
		qqueueAliasForReceiving: t_client_JMS_QueueAliasSTC userId: t General session
5818 [main] DEBUG com.baxter.junit.BaxterTestCase  - GeneralClientUserSession.setupJMS() providerURL: jnp://192.168.9.33:1099
		contextFactory: org.jnp.interfaces.NamingContextFactory
		queueFactoryName: /ConnectionFactory
		JMS_ServerToClientQueue: t_JMS_ServerToClientQueue@router1
		JMS_ClientToServerQueue: t_JMS_ClientToServerQueue@router1
		timeToLive: 30000
		queueAliasForSending: t_client_JMS_QueueAliasCTS
		qqueueAliasForReceiving: t_client_JMS_QueueAliasSTC userId: t General session
[2011-05-31 10:17:58,710][TRACE] - getInitialContext(): providerURL: jnp://192.168.9.33:1099 INITIAL_CONTEXT_FACTORY: org.jnp.interfaces.NamingContextFactory
5820 [main] TRACE com.baxter.junit.BaxterTestCase  - getInitialContext(): providerURL: jnp://192.168.9.33:1099 INITIAL_CONTEXT_FACTORY: org.jnp.interfaces.NamingContextFactory
5820 [main] TRACE com.baxter.junit.BaxterTestCase  - getInitialContext(): providerURL: jnp://192.168.9.33:1099 INITIAL_CONTEXT_FACTORY: org.jnp.interfaces.NamingContextFactory
5820 [main] TRACE com.baxter.junit.BaxterTestCase  - getInitialContext(): providerURL: jnp://192.168.9.33:1099 INITIAL_CONTEXT_FACTORY: org.jnp.interfaces.NamingContextFactory
[2011-05-31 10:17:58,712][TRACE] - connectToJMS(): channelName: t_JMS_ServerToClientQueue@router1, lookup QUEUE_CONNECTION_FACTORY: /ConnectionFactory
5822 [main] TRACE com.baxter.junit.BaxterTestCase  - connectToJMS(): channelName: t_JMS_ServerToClientQueue@router1, lookup QUEUE_CONNECTION_FACTORY: /ConnectionFactory
5822 [main] TRACE com.baxter.junit.BaxterTestCase  - connectToJMS(): channelName: t_JMS_ServerToClientQueue@router1, lookup QUEUE_CONNECTION_FACTORY: /ConnectionFactory
5822 [main] TRACE com.baxter.junit.BaxterTestCase  - connectToJMS(): channelName: t_JMS_ServerToClientQueue@router1, lookup QUEUE_CONNECTION_FACTORY: /ConnectionFactory
[2011-05-31 10:17:58,721][TRACE] - connectToJMS(): channelName: t_JMS_ServerToClientQueue@router1, createQueueConnection()
5831 [main] TRACE com.baxter.junit.BaxterTestCase  - connectToJMS(): channelName: t_JMS_ServerToClientQueue@router1, createQueueConnection()
5831 [main] TRACE com.baxter.junit.BaxterTestCase  - connectToJMS(): channelName: t_JMS_ServerToClientQueue@router1, createQueueConnection()
5831 [main] TRACE com.baxter.junit.BaxterTestCase  - connectToJMS(): channelName: t_JMS_ServerToClientQueue@router1, createQueueConnection()
[2011-05-31 10:17:58,722][TRACE] - connectToJMS(): channelName: t_JMS_ServerToClientQueue@router1, createTopicConnection()
5832 [main] TRACE com.baxter.junit.BaxterTestCase  - connectToJMS(): channelName: t_JMS_ServerToClientQueue@router1, createTopicConnection()
5832 [main] TRACE com.baxter.junit.BaxterTestCase  - connectToJMS(): channelName: t_JMS_ServerToClientQueue@router1, createTopicConnection()
5832 [main] TRACE com.baxter.junit.BaxterTestCase  - connectToJMS(): channelName: t_JMS_ServerToClientQueue@router1, createTopicConnection()
[2011-05-31 10:17:58,734][TRACE] - connectToJMS(): channelName: t_JMS_ServerToClientQueue@router1, setExceptionListener()
5844 [main] TRACE com.baxter.junit.BaxterTestCase  - connectToJMS(): channelName: t_JMS_ServerToClientQueue@router1, setExceptionListener()
5844 [main] TRACE com.baxter.junit.BaxterTestCase  - connectToJMS(): channelName: t_JMS_ServerToClientQueue@router1, setExceptionListener()
5844 [main] TRACE com.baxter.junit.BaxterTestCase  - connectToJMS(): channelName: t_JMS_ServerToClientQueue@router1, setExceptionListener()
[2011-05-31 10:17:58,734][TRACE] - connectToJMS(): channelName: t_JMS_ServerToClientQueue@router1, createQueueSession()
5844 [main] TRACE com.baxter.junit.BaxterTestCase  - connectToJMS(): channelName: t_JMS_ServerToClientQueue@router1, createQueueSession()
5844 [main] TRACE com.baxter.junit.BaxterTestCase  - connectToJMS(): channelName: t_JMS_ServerToClientQueue@router1, createQueueSession()
5844 [main] TRACE com.baxter.junit.BaxterTestCase  - connectToJMS(): channelName: t_JMS_ServerToClientQueue@router1, createQueueSession()
[2011-05-31 10:17:58,739][TRACE] - connectToJMS(): channelName: t_JMS_ServerToClientQueue@router1, lookup channelName: t_JMS_ServerToClientQueue@router1
5849 [main] TRACE com.baxter.junit.BaxterTestCase  - connectToJMS(): channelName: t_JMS_ServerToClientQueue@router1, lookup channelName: t_JMS_ServerToClientQueue@router1
5849 [main] TRACE com.baxter.junit.BaxterTestCase  - connectToJMS(): channelName: t_JMS_ServerToClientQueue@router1, lookup channelName: t_JMS_ServerToClientQueue@router1
5849 [main] TRACE com.baxter.junit.BaxterTestCase  - connectToJMS(): channelName: t_JMS_ServerToClientQueue@router1, lookup channelName: t_JMS_ServerToClientQueue@router1
[2011-05-31 10:17:58,744][TRACE] - connectToJMS(): channelName: t_JMS_ServerToClientQueue@router1, initialContext.close()
5854 [main] TRACE com.baxter.junit.BaxterTestCase  - connectToJMS(): channelName: t_JMS_ServerToClientQueue@router1, initialContext.close()
5854 [main] TRACE com.baxter.junit.BaxterTestCase  - connectToJMS(): channelName: t_JMS_ServerToClientQueue@router1, initialContext.close()
5854 [main] TRACE com.baxter.junit.BaxterTestCase  - connectToJMS(): channelName: t_JMS_ServerToClientQueue@router1, initialContext.close()
[2011-05-31 10:17:58,745][TRACE] - connectToJMS(): channelName: t_JMS_ServerToClientQueue@router1, createReceiver()
5855 [main] TRACE com.baxter.junit.BaxterTestCase  - connectToJMS(): channelName: t_JMS_ServerToClientQueue@router1, createReceiver()
5855 [main] TRACE com.baxter.junit.BaxterTestCase  - connectToJMS(): channelName: t_JMS_ServerToClientQueue@router1, createReceiver()
5855 [main] TRACE com.baxter.junit.BaxterTestCase  - connectToJMS(): channelName: t_JMS_ServerToClientQueue@router1, createReceiver()
[2011-05-31 10:17:58,748][TRACE] - connectToJMS(): successfully connected...  alias: t_client_JMS_QueueAliasSTC providerURL: jnp://192.168.9.33:1099 channelName: t_JMS_ServerToClientQueue@router1 ackMode: 1 messageTimeToLive: 30000 deliveryMode: 1 isSender: false messageListener: null userName: null password: null
5858 [main] TRACE com.baxter.junit.BaxterTestCase  - connectToJMS(): successfully connected...  alias: t_client_JMS_QueueAliasSTC providerURL: jnp://192.168.9.33:1099 channelName: t_JMS_ServerToClientQueue@router1 ackMode: 1 messageTimeToLive: 30000 deliveryMode: 1 isSender: false messageListener: null userName: null password: null
5858 [main] TRACE com.baxter.junit.BaxterTestCase  - connectToJMS(): successfully connected...  alias: t_client_JMS_QueueAliasSTC providerURL: jnp://192.168.9.33:1099 channelName: t_JMS_ServerToClientQueue@router1 ackMode: 1 messageTimeToLive: 30000 deliveryMode: 1 isSender: false messageListener: null userName: null password: null
5858 [main] TRACE com.baxter.junit.BaxterTestCase  - connectToJMS(): successfully connected...  alias: t_client_JMS_QueueAliasSTC providerURL: jnp://192.168.9.33:1099 channelName: t_JMS_ServerToClientQueue@router1 ackMode: 1 messageTimeToLive: 30000 deliveryMode: 1 isSender: false messageListener: null userName: null password: null
[2011-05-31 10:17:58,749][TRACE] - getInitialContext(): providerURL: jnp://192.168.9.33:1099 INITIAL_CONTEXT_FACTORY: org.jnp.interfaces.NamingContextFactory
5859 [main] TRACE com.baxter.junit.BaxterTestCase  - getInitialContext(): providerURL: jnp://192.168.9.33:1099 INITIAL_CONTEXT_FACTORY: org.jnp.interfaces.NamingContextFactory
5859 [main] TRACE com.baxter.junit.BaxterTestCase  - getInitialContext(): providerURL: jnp://192.168.9.33:1099 INITIAL_CONTEXT_FACTORY: org.jnp.interfaces.NamingContextFactory
5859 [main] TRACE com.baxter.junit.BaxterTestCase  - getInitialContext(): providerURL: jnp://192.168.9.33:1099 INITIAL_CONTEXT_FACTORY: org.jnp.interfaces.NamingContextFactory
[2011-05-31 10:17:58,750][TRACE] - connectToJMS(): channelName: t_JMS_ClientToServerQueue@router1, lookup QUEUE_CONNECTION_FACTORY: /ConnectionFactory
5860 [main] TRACE com.baxter.junit.BaxterTestCase  - connectToJMS(): channelName: t_JMS_ClientToServerQueue@router1, lookup QUEUE_CONNECTION_FACTORY: /ConnectionFactory
5860 [main] TRACE com.baxter.junit.BaxterTestCase  - connectToJMS(): channelName: t_JMS_ClientToServerQueue@router1, lookup QUEUE_CONNECTION_FACTORY: /ConnectionFactory
5860 [main] TRACE com.baxter.junit.BaxterTestCase  - connectToJMS(): channelName: t_JMS_ClientToServerQueue@router1, lookup QUEUE_CONNECTION_FACTORY: /ConnectionFactory
[2011-05-31 10:17:58,758][TRACE] - connectToJMS(): channelName: t_JMS_ClientToServerQueue@router1, createQueueConnection()
5868 [main] TRACE com.baxter.junit.BaxterTestCase  - connectToJMS(): channelName: t_JMS_ClientToServerQueue@router1, createQueueConnection()
5868 [main] TRACE com.baxter.junit.BaxterTestCase  - connectToJMS(): channelName: t_JMS_ClientToServerQueue@router1, createQueueConnection()
5868 [main] TRACE com.baxter.junit.BaxterTestCase  - connectToJMS(): channelName: t_JMS_ClientToServerQueue@router1, createQueueConnection()
[2011-05-31 10:17:58,759][TRACE] - connectToJMS(): channelName: t_JMS_ClientToServerQueue@router1, createTopicConnection()
5869 [main] TRACE com.baxter.junit.BaxterTestCase  - connectToJMS(): channelName: t_JMS_ClientToServerQueue@router1, createTopicConnection()
5869 [main] TRACE com.baxter.junit.BaxterTestCase  - connectToJMS(): channelName: t_JMS_ClientToServerQueue@router1, createTopicConnection()
5869 [main] TRACE com.baxter.junit.BaxterTestCase  - connectToJMS(): channelName: t_JMS_ClientToServerQueue@router1, createTopicConnection()
[2011-05-31 10:17:58,767][TRACE] - connectToJMS(): channelName: t_JMS_ClientToServerQueue@router1, setExceptionListener()
5877 [main] TRACE com.baxter.junit.BaxterTestCase  - connectToJMS(): channelName: t_JMS_ClientToServerQueue@router1, setExceptionListener()
5877 [main] TRACE com.baxter.junit.BaxterTestCase  - connectToJMS(): channelName: t_JMS_ClientToServerQueue@router1, setExceptionListener()
5877 [main] TRACE com.baxter.junit.BaxterTestCase  - connectToJMS(): channelName: t_JMS_ClientToServerQueue@router1, setExceptionListener()
[2011-05-31 10:17:58,767][TRACE] - connectToJMS(): channelName: t_JMS_ClientToServerQueue@router1, createQueueSession()
5877 [main] TRACE com.baxter.junit.BaxterTestCase  - connectToJMS(): channelName: t_JMS_ClientToServerQueue@router1, createQueueSession()
5877 [main] TRACE com.baxter.junit.BaxterTestCase  - connectToJMS(): channelName: t_JMS_ClientToServerQueue@router1, createQueueSession()
5877 [main] TRACE com.baxter.junit.BaxterTestCase  - connectToJMS(): channelName: t_JMS_ClientToServerQueue@router1, createQueueSession()
[2011-05-31 10:17:58,769][TRACE] - connectToJMS(): channelName: t_JMS_ClientToServerQueue@router1, lookup channelName: t_JMS_ClientToServerQueue@router1
5879 [main] TRACE com.baxter.junit.BaxterTestCase  - connectToJMS(): channelName: t_JMS_ClientToServerQueue@router1, lookup channelName: t_JMS_ClientToServerQueue@router1
5879 [main] TRACE com.baxter.junit.BaxterTestCase  - connectToJMS(): channelName: t_JMS_ClientToServerQueue@router1, lookup channelName: t_JMS_ClientToServerQueue@router1
5879 [main] TRACE com.baxter.junit.BaxterTestCase  - connectToJMS(): channelName: t_JMS_ClientToServerQueue@router1, lookup channelName: t_JMS_ClientToServerQueue@router1
[2011-05-31 10:17:58,774][TRACE] - connectToJMS(): channelName: t_JMS_ClientToServerQueue@router1, initialContext.close()
5884 [main] TRACE com.baxter.junit.BaxterTestCase  - connectToJMS(): channelName: t_JMS_ClientToServerQueue@router1, initialContext.close()
5884 [main] TRACE com.baxter.junit.BaxterTestCase  - connectToJMS(): channelName: t_JMS_ClientToServerQueue@router1, initialContext.close()
5884 [main] TRACE com.baxter.junit.BaxterTestCase  - connectToJMS(): channelName: t_JMS_ClientToServerQueue@router1, initialContext.close()
[2011-05-31 10:17:58,774][TRACE] - connectToJMS(): channelName: t_JMS_ClientToServerQueue@router1, createSender()
5884 [main] TRACE com.baxter.junit.BaxterTestCase  - connectToJMS(): channelName: t_JMS_ClientToServerQueue@router1, createSender()
5884 [main] TRACE com.baxter.junit.BaxterTestCase  - connectToJMS(): channelName: t_JMS_ClientToServerQueue@router1, createSender()
5884 [main] TRACE com.baxter.junit.BaxterTestCase  - connectToJMS(): channelName: t_JMS_ClientToServerQueue@router1, createSender()
[2011-05-31 10:17:58,775][TRACE] - connectToJMS(): successfully connected...  alias: t_client_JMS_QueueAliasCTS providerURL: jnp://192.168.9.33:1099 channelName: t_JMS_ClientToServerQueue@router1 ackMode: 1 messageTimeToLive: 30000 deliveryMode: 1 isSender: true messageListener: null userName: null password: null
5885 [main] TRACE com.baxter.junit.BaxterTestCase  - connectToJMS(): successfully connected...  alias: t_client_JMS_QueueAliasCTS providerURL: jnp://192.168.9.33:1099 channelName: t_JMS_ClientToServerQueue@router1 ackMode: 1 messageTimeToLive: 30000 deliveryMode: 1 isSender: true messageListener: null userName: null password: null
5885 [main] TRACE com.baxter.junit.BaxterTestCase  - connectToJMS(): successfully connected...  alias: t_client_JMS_QueueAliasCTS providerURL: jnp://192.168.9.33:1099 channelName: t_JMS_ClientToServerQueue@router1 ackMode: 1 messageTimeToLive: 30000 deliveryMode: 1 isSender: true messageListener: null userName: null password: null
5885 [main] TRACE com.baxter.junit.BaxterTestCase  - connectToJMS(): successfully connected...  alias: t_client_JMS_QueueAliasCTS providerURL: jnp://192.168.9.33:1099 channelName: t_JMS_ClientToServerQueue@router1 ackMode: 1 messageTimeToLive: 30000 deliveryMode: 1 isSender: true messageListener: null userName: null password: null
[2011-05-31 10:17:58,779][TRACE] - UserSession.UserSession(String, String, Logger, boolean):
messageSender: com.baxter.cdtradesupervisor.UserSession$MessageSenderObjectUpdaterThread@1b62aab userId: t General session
5889 [main] TRACE com.baxter.junit.BaxterTestCase  - UserSession.UserSession(String, String, Logger, boolean):
messageSender: com.baxter.cdtradesupervisor.UserSession$MessageSenderObjectUpdaterThread@1b62aab userId: t General session
5889 [main] TRACE com.baxter.junit.BaxterTestCase  - UserSession.UserSession(String, String, Logger, boolean):
messageSender: com.baxter.cdtradesupervisor.UserSession$MessageSenderObjectUpdaterThread@1b62aab userId: t General session
5889 [main] TRACE com.baxter.junit.BaxterTestCase  - UserSession.UserSession(String, String, Logger, boolean):
messageSender: com.baxter.cdtradesupervisor.UserSession$MessageSenderObjectUpdaterThread@1b62aab userId: t General session
[2011-05-31 10:17:58,779][TRACE] - ObjectUpdaterThread.run() threadName: MessageSender Start waiting... ListUpdated: false
5889 [MessageSender] TRACE com.baxter.junit.BaxterTestCase  - ObjectUpdaterThread.run() threadName: MessageSender Start waiting... ListUpdated: false
5889 [MessageSender] TRACE com.baxter.junit.BaxterTestCase  - ObjectUpdaterThread.run() threadName: MessageSender Start waiting... ListUpdated: false
5889 [MessageSender] TRACE com.baxter.junit.BaxterTestCase  - ObjectUpdaterThread.run() threadName: MessageSender Start waiting... ListUpdated: false
[2011-05-31 10:17:58,781][TRACE] - parameter read from /home/mnyeste/workspaces/cd/cdv2/target/test-classes/conf/JUnit.ini: HEARTBEAT_MISSEDTHRESHOLD_RED_MSG: Network connection is unstable.
5891 [main] TRACE com.baxter.junit.BaxterTestCase  - parameter read from /home/mnyeste/workspaces/cd/cdv2/target/test-classes/conf/JUnit.ini: HEARTBEAT_MISSEDTHRESHOLD_RED_MSG: Network connection is unstable.
5891 [main] TRACE com.baxter.junit.BaxterTestCase  - parameter read from /home/mnyeste/workspaces/cd/cdv2/target/test-classes/conf/JUnit.ini: HEARTBEAT_MISSEDTHRESHOLD_RED_MSG: Network connection is unstable.
5891 [main] TRACE com.baxter.junit.BaxterTestCase  - parameter read from /home/mnyeste/workspaces/cd/cdv2/target/test-classes/conf/JUnit.ini: HEARTBEAT_MISSEDTHRESHOLD_RED_MSG: Network connection is unstable.
[2011-05-31 10:17:58,782][DEBUG] - setupUDPMessageHandler()  UDP_BUFFER_LENGTH: 4096 UDP_PRICE_RECEIVER_MAX_LIST_SIZE: 100 IS_LOGGING_UDP_MESSAGES: false userId: t General session
5892 [main] DEBUG com.baxter.junit.BaxterTestCase  - setupUDPMessageHandler()  UDP_BUFFER_LENGTH: 4096 UDP_PRICE_RECEIVER_MAX_LIST_SIZE: 100 IS_LOGGING_UDP_MESSAGES: false userId: t General session
5892 [main] DEBUG com.baxter.junit.BaxterTestCase  - setupUDPMessageHandler()  UDP_BUFFER_LENGTH: 4096 UDP_PRICE_RECEIVER_MAX_LIST_SIZE: 100 IS_LOGGING_UDP_MESSAGES: false userId: t General session
5892 [main] DEBUG com.baxter.junit.BaxterTestCase  - setupUDPMessageHandler()  UDP_BUFFER_LENGTH: 4096 UDP_PRICE_RECEIVER_MAX_LIST_SIZE: 100 IS_LOGGING_UDP_MESSAGES: false userId: t General session
[2011-05-31 10:17:58,780][TRACE] - ObjectUpdaterThread.run() threadName: MessageReceiver Start waiting... ListUpdated: false
5890 [MessageReceiver] TRACE com.baxter.junit.BaxterTestCase  - ObjectUpdaterThread.run() threadName: MessageReceiver Start waiting... ListUpdated: false
5890 [MessageReceiver] TRACE com.baxter.junit.BaxterTestCase  - ObjectUpdaterThread.run() threadName: MessageReceiver Start waiting... ListUpdated: false
5890 [MessageReceiver] TRACE com.baxter.junit.BaxterTestCase  - ObjectUpdaterThread.run() threadName: MessageReceiver Start waiting... ListUpdated: false
[2011-05-31 10:17:58,795][DEBUG] - UserSession(): session is creating. userId: t General session
5905 [main] DEBUG com.baxter.junit.BaxterTestCase  - UserSession(): session is creating. userId: t General session
5905 [main] DEBUG com.baxter.junit.BaxterTestCase  - UserSession(): session is creating. userId: t General session
5905 [main] DEBUG com.baxter.junit.BaxterTestCase  - UserSession(): session is creating. userId: t General session
[2011-05-31 10:17:58,783][TRACE] - ObjectUpdaterThread.run() threadName: UDPMessageReceiverObjectUpdaterThread Start waiting... ListUpdated: false
5893 [UDPMessageReceiverObjectUpdaterThread] TRACE com.baxter.junit.BaxterTestCase  - ObjectUpdaterThread.run() threadName: UDPMessageReceiverObjectUpdaterThread Start waiting... ListUpdated: false
5893 [UDPMessageReceiverObjectUpdaterThread] TRACE com.baxter.junit.BaxterTestCase  - ObjectUpdaterThread.run() threadName: UDPMessageReceiverObjectUpdaterThread Start waiting... ListUpdated: false
5893 [UDPMessageReceiverObjectUpdaterThread] TRACE com.baxter.junit.BaxterTestCase  - ObjectUpdaterThread.run() threadName: UDPMessageReceiverObjectUpdaterThread Start waiting... ListUpdated: false
[2011-05-31 10:17:58,796][TRACE] - UserSession.UserSession(): MAX_ENTRIES_OF_MESSAGEHISTORY=100 JMS_HEARTBEAT_DELAY=5000 MAX_JMS_SESSION_STARTUP_DELAY=500 MAX_HEARTBEAT_TOLERANCE=5000 MAX_SIZE_OF_HOLD_UP_LIST=100 userId: t General session
5906 [main] TRACE com.baxter.junit.BaxterTestCase  - UserSession.UserSession(): MAX_ENTRIES_OF_MESSAGEHISTORY=100 JMS_HEARTBEAT_DELAY=5000 MAX_JMS_SESSION_STARTUP_DELAY=500 MAX_HEARTBEAT_TOLERANCE=5000 MAX_SIZE_OF_HOLD_UP_LIST=100 userId: t General session
5906 [main] TRACE com.baxter.junit.BaxterTestCase  - UserSession.UserSession(): MAX_ENTRIES_OF_MESSAGEHISTORY=100 JMS_HEARTBEAT_DELAY=5000 MAX_JMS_SESSION_STARTUP_DELAY=500 MAX_HEARTBEAT_TOLERANCE=5000 MAX_SIZE_OF_HOLD_UP_LIST=100 userId: t General session
5906 [main] TRACE com.baxter.junit.BaxterTestCase  - UserSession.UserSession(): MAX_ENTRIES_OF_MESSAGEHISTORY=100 JMS_HEARTBEAT_DELAY=5000 MAX_JMS_SESSION_STARTUP_DELAY=500 MAX_HEARTBEAT_TOLERANCE=5000 MAX_SIZE_OF_HOLD_UP_LIST=100 userId: t General session
[2011-05-31 10:17:58,797][TRACE] - UserSession.UserSession(): userListForSelector=[t, t1] userId: t General session
5907 [main] TRACE com.baxter.junit.BaxterTestCase  - UserSession.UserSession(): userListForSelector=[t, t1] userId: t General session
5907 [main] TRACE com.baxter.junit.BaxterTestCase  - UserSession.UserSession(): userListForSelector=[t, t1] userId: t General session
5907 [main] TRACE com.baxter.junit.BaxterTestCase  - UserSession.UserSession(): userListForSelector=[t, t1] userId: t General session
[2011-05-31 10:17:58,798][TRACE] - GeneralServerUserSession.setupJMS() is invoked. userId: t General session
5908 [main] TRACE com.baxter.junit.BaxterTestCase  - GeneralServerUserSession.setupJMS() is invoked. userId: t General session
5908 [main] TRACE com.baxter.junit.BaxterTestCase  - GeneralServerUserSession.setupJMS() is invoked. userId: t General session
5908 [main] TRACE com.baxter.junit.BaxterTestCase  - GeneralServerUserSession.setupJMS() is invoked. userId: t General session
[2011-05-31 10:17:58,799][TRACE] - GeneralServerUserSession.setupJMS() providerURL: jnp://192.168.9.33:1099
		contextFactory: org.jnp.interfaces.NamingContextFactory
		queueFactoryName: /ConnectionFactory
		JMS_ServerToClientQueue: t_JMS_ServerToClientQueue@router1
		JMS_ClientToServerQueue: t_JMS_ClientToServerQueue@router1
		timeToLive: 30000
		queueAliasForSending: t_JMS_QueueAliasSTC
		qqueueAliasForReceiving: t_JMS_QueueAliasCTS userId: t General session
5909 [main] TRACE com.baxter.junit.BaxterTestCase  - GeneralServerUserSession.setupJMS() providerURL: jnp://192.168.9.33:1099
		contextFactory: org.jnp.interfaces.NamingContextFactory
		queueFactoryName: /ConnectionFactory
		JMS_ServerToClientQueue: t_JMS_ServerToClientQueue@router1
		JMS_ClientToServerQueue: t_JMS_ClientToServerQueue@router1
		timeToLive: 30000
		queueAliasForSending: t_JMS_QueueAliasSTC
		qqueueAliasForReceiving: t_JMS_QueueAliasCTS userId: t General session
5909 [main] TRACE com.baxter.junit.BaxterTestCase  - GeneralServerUserSession.setupJMS() providerURL: jnp://192.168.9.33:1099
		contextFactory: org.jnp.interfaces.NamingContextFactory
		queueFactoryName: /ConnectionFactory
		JMS_ServerToClientQueue: t_JMS_ServerToClientQueue@router1
		JMS_ClientToServerQueue: t_JMS_ClientToServerQueue@router1
		timeToLive: 30000
		queueAliasForSending: t_JMS_QueueAliasSTC
		qqueueAliasForReceiving: t_JMS_QueueAliasCTS userId: t General session
5909 [main] TRACE com.baxter.junit.BaxterTestCase  - GeneralServerUserSession.setupJMS() providerURL: jnp://192.168.9.33:1099
		contextFactory: org.jnp.interfaces.NamingContextFactory
		queueFactoryName: /ConnectionFactory
		JMS_ServerToClientQueue: t_JMS_ServerToClientQueue@router1
		JMS_ClientToServerQueue: t_JMS_ClientToServerQueue@router1
		timeToLive: 30000
		queueAliasForSending: t_JMS_QueueAliasSTC
		qqueueAliasForReceiving: t_JMS_QueueAliasCTS userId: t General session
[2011-05-31 10:17:58,799][TRACE] - getInitialContext(): providerURL: jnp://192.168.9.33:1099 INITIAL_CONTEXT_FACTORY: org.jnp.interfaces.NamingContextFactory
5909 [main] TRACE com.baxter.junit.BaxterTestCase  - getInitialContext(): providerURL: jnp://192.168.9.33:1099 INITIAL_CONTEXT_FACTORY: org.jnp.interfaces.NamingContextFactory
5909 [main] TRACE com.baxter.junit.BaxterTestCase  - getInitialContext(): providerURL: jnp://192.168.9.33:1099 INITIAL_CONTEXT_FACTORY: org.jnp.interfaces.NamingContextFactory
5909 [main] TRACE com.baxter.junit.BaxterTestCase  - getInitialContext(): providerURL: jnp://192.168.9.33:1099 INITIAL_CONTEXT_FACTORY: org.jnp.interfaces.NamingContextFactory
[2011-05-31 10:17:58,801][TRACE] - connectToJMS(): channelName: t_JMS_ServerToClientQueue@router1, lookup QUEUE_CONNECTION_FACTORY: /ConnectionFactory
5911 [main] TRACE com.baxter.junit.BaxterTestCase  - connectToJMS(): channelName: t_JMS_ServerToClientQueue@router1, lookup QUEUE_CONNECTION_FACTORY: /ConnectionFactory
5911 [main] TRACE com.baxter.junit.BaxterTestCase  - connectToJMS(): channelName: t_JMS_ServerToClientQueue@router1, lookup QUEUE_CONNECTION_FACTORY: /ConnectionFactory
5911 [main] TRACE com.baxter.junit.BaxterTestCase  - connectToJMS(): channelName: t_JMS_ServerToClientQueue@router1, lookup QUEUE_CONNECTION_FACTORY: /ConnectionFactory
[2011-05-31 10:17:58,807][TRACE] - connectToJMS(): channelName: t_JMS_ServerToClientQueue@router1, createQueueConnection()
5917 [main] TRACE com.baxter.junit.BaxterTestCase  - connectToJMS(): channelName: t_JMS_ServerToClientQueue@router1, createQueueConnection()
5917 [main] TRACE com.baxter.junit.BaxterTestCase  - connectToJMS(): channelName: t_JMS_ServerToClientQueue@router1, createQueueConnection()
5917 [main] TRACE com.baxter.junit.BaxterTestCase  - connectToJMS(): channelName: t_JMS_ServerToClientQueue@router1, createQueueConnection()
[2011-05-31 10:17:58,807][TRACE] - connectToJMS(): channelName: t_JMS_ServerToClientQueue@router1, createTopicConnection()
5917 [main] TRACE com.baxter.junit.BaxterTestCase  - connectToJMS(): channelName: t_JMS_ServerToClientQueue@router1, createTopicConnection()
5917 [main] TRACE com.baxter.junit.BaxterTestCase  - connectToJMS(): channelName: t_JMS_ServerToClientQueue@router1, createTopicConnection()
5917 [main] TRACE com.baxter.junit.BaxterTestCase  - connectToJMS(): channelName: t_JMS_ServerToClientQueue@router1, createTopicConnection()
[2011-05-31 10:17:58,813][TRACE] - connectToJMS(): channelName: t_JMS_ServerToClientQueue@router1, setExceptionListener()
5923 [main] TRACE com.baxter.junit.BaxterTestCase  - connectToJMS(): channelName: t_JMS_ServerToClientQueue@router1, setExceptionListener()
5923 [main] TRACE com.baxter.junit.BaxterTestCase  - connectToJMS(): channelName: t_JMS_ServerToClientQueue@router1, setExceptionListener()
5923 [main] TRACE com.baxter.junit.BaxterTestCase  - connectToJMS(): channelName: t_JMS_ServerToClientQueue@router1, setExceptionListener()
[2011-05-31 10:17:58,814][TRACE] - connectToJMS(): channelName: t_JMS_ServerToClientQueue@router1, createQueueSession()
5924 [main] TRACE com.baxter.junit.BaxterTestCase  - connectToJMS(): channelName: t_JMS_ServerToClientQueue@router1, createQueueSession()
5924 [main] TRACE com.baxter.junit.BaxterTestCase  - connectToJMS(): channelName: t_JMS_ServerToClientQueue@router1, createQueueSession()
5924 [main] TRACE com.baxter.junit.BaxterTestCase  - connectToJMS(): channelName: t_JMS_ServerToClientQueue@router1, createQueueSession()
[2011-05-31 10:17:58,815][TRACE] - connectToJMS(): channelName: t_JMS_ServerToClientQueue@router1, lookup channelName: t_JMS_ServerToClientQueue@router1
5925 [main] TRACE com.baxter.junit.BaxterTestCase  - connectToJMS(): channelName: t_JMS_ServerToClientQueue@router1, lookup channelName: t_JMS_ServerToClientQueue@router1
5925 [main] TRACE com.baxter.junit.BaxterTestCase  - connectToJMS(): channelName: t_JMS_ServerToClientQueue@router1, lookup channelName: t_JMS_ServerToClientQueue@router1
5925 [main] TRACE com.baxter.junit.BaxterTestCase  - connectToJMS(): channelName: t_JMS_ServerToClientQueue@router1, lookup channelName: t_JMS_ServerToClientQueue@router1
[2011-05-31 10:17:58,820][TRACE] - connectToJMS(): channelName: t_JMS_ServerToClientQueue@router1, initialContext.close()
5930 [main] TRACE com.baxter.junit.BaxterTestCase  - connectToJMS(): channelName: t_JMS_ServerToClientQueue@router1, initialContext.close()
5930 [main] TRACE com.baxter.junit.BaxterTestCase  - connectToJMS(): channelName: t_JMS_ServerToClientQueue@router1, initialContext.close()
5930 [main] TRACE com.baxter.junit.BaxterTestCase  - connectToJMS(): channelName: t_JMS_ServerToClientQueue@router1, initialContext.close()
[2011-05-31 10:17:58,821][TRACE] - connectToJMS(): channelName: t_JMS_ServerToClientQueue@router1, createSender()
5931 [main] TRACE com.baxter.junit.BaxterTestCase  - connectToJMS(): channelName: t_JMS_ServerToClientQueue@router1, createSender()
5931 [main] TRACE com.baxter.junit.BaxterTestCase  - connectToJMS(): channelName: t_JMS_ServerToClientQueue@router1, createSender()
5931 [main] TRACE com.baxter.junit.BaxterTestCase  - connectToJMS(): channelName: t_JMS_ServerToClientQueue@router1, createSender()
[2011-05-31 10:17:58,826][TRACE] - connectToJMS(): successfully connected...  alias: t_JMS_QueueAliasSTC providerURL: jnp://192.168.9.33:1099 channelName: t_JMS_ServerToClientQueue@router1 ackMode: 1 messageTimeToLive: 30000 deliveryMode: 1 isSender: true messageListener: null userName: null password: null
5936 [main] TRACE com.baxter.junit.BaxterTestCase  - connectToJMS(): successfully connected...  alias: t_JMS_QueueAliasSTC providerURL: jnp://192.168.9.33:1099 channelName: t_JMS_ServerToClientQueue@router1 ackMode: 1 messageTimeToLive: 30000 deliveryMode: 1 isSender: true messageListener: null userName: null password: null
5936 [main] TRACE com.baxter.junit.BaxterTestCase  - connectToJMS(): successfully connected...  alias: t_JMS_QueueAliasSTC providerURL: jnp://192.168.9.33:1099 channelName: t_JMS_ServerToClientQueue@router1 ackMode: 1 messageTimeToLive: 30000 deliveryMode: 1 isSender: true messageListener: null userName: null password: null
5936 [main] TRACE com.baxter.junit.BaxterTestCase  - connectToJMS(): successfully connected...  alias: t_JMS_QueueAliasSTC providerURL: jnp://192.168.9.33:1099 channelName: t_JMS_ServerToClientQueue@router1 ackMode: 1 messageTimeToLive: 30000 deliveryMode: 1 isSender: true messageListener: null userName: null password: null
[2011-05-31 10:17:58,831][TRACE] - getInitialContext(): providerURL: jnp://192.168.9.33:1099 INITIAL_CONTEXT_FACTORY: org.jnp.interfaces.NamingContextFactory
5941 [main] TRACE com.baxter.junit.BaxterTestCase  - getInitialContext(): providerURL: jnp://192.168.9.33:1099 INITIAL_CONTEXT_FACTORY: org.jnp.interfaces.NamingContextFactory
5941 [main] TRACE com.baxter.junit.BaxterTestCase  - getInitialContext(): providerURL: jnp://192.168.9.33:1099 INITIAL_CONTEXT_FACTORY: org.jnp.interfaces.NamingContextFactory
5941 [main] TRACE com.baxter.junit.BaxterTestCase  - getInitialContext(): providerURL: jnp://192.168.9.33:1099 INITIAL_CONTEXT_FACTORY: org.jnp.interfaces.NamingContextFactory
[2011-05-31 10:17:58,832][TRACE] - connectToJMS(): channelName: t_JMS_ClientToServerQueue@router1, lookup QUEUE_CONNECTION_FACTORY: /ConnectionFactory
5942 [main] TRACE com.baxter.junit.BaxterTestCase  - connectToJMS(): channelName: t_JMS_ClientToServerQueue@router1, lookup QUEUE_CONNECTION_FACTORY: /ConnectionFactory
5942 [main] TRACE com.baxter.junit.BaxterTestCase  - connectToJMS(): channelName: t_JMS_ClientToServerQueue@router1, lookup QUEUE_CONNECTION_FACTORY: /ConnectionFactory
5942 [main] TRACE com.baxter.junit.BaxterTestCase  - connectToJMS(): channelName: t_JMS_ClientToServerQueue@router1, lookup QUEUE_CONNECTION_FACTORY: /ConnectionFactory
[2011-05-31 10:17:58,832][TRACE] - ContextWatchThread.run(): initialContext OK...
5942 [Thread-45] TRACE com.baxter.junit.BaxterTestCase  - ContextWatchThread.run(): initialContext OK...
5942 [Thread-45] TRACE com.baxter.junit.BaxterTestCase  - ContextWatchThread.run(): initialContext OK...
5942 [Thread-45] TRACE com.baxter.junit.BaxterTestCase  - ContextWatchThread.run(): initialContext OK...
[2011-05-31 10:17:58,839][TRACE] - connectToJMS(): channelName: t_JMS_ClientToServerQueue@router1, createQueueConnection()
5949 [main] TRACE com.baxter.junit.BaxterTestCase  - connectToJMS(): channelName: t_JMS_ClientToServerQueue@router1, createQueueConnection()
5949 [main] TRACE com.baxter.junit.BaxterTestCase  - connectToJMS(): channelName: t_JMS_ClientToServerQueue@router1, createQueueConnection()
5949 [main] TRACE com.baxter.junit.BaxterTestCase  - connectToJMS(): channelName: t_JMS_ClientToServerQueue@router1, createQueueConnection()
[2011-05-31 10:17:58,840][TRACE] - connectToJMS(): channelName: t_JMS_ClientToServerQueue@router1, createTopicConnection()
5950 [main] TRACE com.baxter.junit.BaxterTestCase  - connectToJMS(): channelName: t_JMS_ClientToServerQueue@router1, createTopicConnection()
5950 [main] TRACE com.baxter.junit.BaxterTestCase  - connectToJMS(): channelName: t_JMS_ClientToServerQueue@router1, createTopicConnection()
5950 [main] TRACE com.baxter.junit.BaxterTestCase  - connectToJMS(): channelName: t_JMS_ClientToServerQueue@router1, createTopicConnection()
[2011-05-31 10:17:58,848][TRACE] - connectToJMS(): channelName: t_JMS_ClientToServerQueue@router1, setExceptionListener()
5958 [main] TRACE com.baxter.junit.BaxterTestCase  - connectToJMS(): channelName: t_JMS_ClientToServerQueue@router1, setExceptionListener()
5958 [main] TRACE com.baxter.junit.BaxterTestCase  - connectToJMS(): channelName: t_JMS_ClientToServerQueue@router1, setExceptionListener()
5958 [main] TRACE com.baxter.junit.BaxterTestCase  - connectToJMS(): channelName: t_JMS_ClientToServerQueue@router1, setExceptionListener()
[2011-05-31 10:17:58,848][TRACE] - connectToJMS(): channelName: t_JMS_ClientToServerQueue@router1, createQueueSession()
5958 [main] TRACE com.baxter.junit.BaxterTestCase  - connectToJMS(): channelName: t_JMS_ClientToServerQueue@router1, createQueueSession()
5958 [main] TRACE com.baxter.junit.BaxterTestCase  - connectToJMS(): channelName: t_JMS_ClientToServerQueue@router1, createQueueSession()
5958 [main] TRACE com.baxter.junit.BaxterTestCase  - connectToJMS(): channelName: t_JMS_ClientToServerQueue@router1, createQueueSession()
[2011-05-31 10:17:58,850][TRACE] - connectToJMS(): channelName: t_JMS_ClientToServerQueue@router1, lookup channelName: t_JMS_ClientToServerQueue@router1
5960 [main] TRACE com.baxter.junit.BaxterTestCase  - connectToJMS(): channelName: t_JMS_ClientToServerQueue@router1, lookup channelName: t_JMS_ClientToServerQueue@router1
5960 [main] TRACE com.baxter.junit.BaxterTestCase  - connectToJMS(): channelName: t_JMS_ClientToServerQueue@router1, lookup channelName: t_JMS_ClientToServerQueue@router1
5960 [main] TRACE com.baxter.junit.BaxterTestCase  - connectToJMS(): channelName: t_JMS_ClientToServerQueue@router1, lookup channelName: t_JMS_ClientToServerQueue@router1
[2011-05-31 10:17:58,855][TRACE] - connectToJMS(): channelName: t_JMS_ClientToServerQueue@router1, initialContext.close()
5965 [main] TRACE com.baxter.junit.BaxterTestCase  - connectToJMS(): channelName: t_JMS_ClientToServerQueue@router1, initialContext.close()
5965 [main] TRACE com.baxter.junit.BaxterTestCase  - connectToJMS(): channelName: t_JMS_ClientToServerQueue@router1, initialContext.close()
5965 [main] TRACE com.baxter.junit.BaxterTestCase  - connectToJMS(): channelName: t_JMS_ClientToServerQueue@router1, initialContext.close()
[2011-05-31 10:17:58,855][TRACE] - connectToJMS(): channelName: t_JMS_ClientToServerQueue@router1, createReceiver()
5965 [main] TRACE com.baxter.junit.BaxterTestCase  - connectToJMS(): channelName: t_JMS_ClientToServerQueue@router1, createReceiver()
5965 [main] TRACE com.baxter.junit.BaxterTestCase  - connectToJMS(): channelName: t_JMS_ClientToServerQueue@router1, createReceiver()
5965 [main] TRACE com.baxter.junit.BaxterTestCase  - connectToJMS(): channelName: t_JMS_ClientToServerQueue@router1, createReceiver()
[2011-05-31 10:17:58,858][TRACE] - connectToJMS(): successfully connected...  alias: t_JMS_QueueAliasCTS providerURL: jnp://192.168.9.33:1099 channelName: t_JMS_ClientToServerQueue@router1 ackMode: 1 messageTimeToLive: 30000 deliveryMode: 1 isSender: false messageListener: null userName: null password: null
5968 [main] TRACE com.baxter.junit.BaxterTestCase  - connectToJMS(): successfully connected...  alias: t_JMS_QueueAliasCTS providerURL: jnp://192.168.9.33:1099 channelName: t_JMS_ClientToServerQueue@router1 ackMode: 1 messageTimeToLive: 30000 deliveryMode: 1 isSender: false messageListener: null userName: null password: null
5968 [main] TRACE com.baxter.junit.BaxterTestCase  - connectToJMS(): successfully connected...  alias: t_JMS_QueueAliasCTS providerURL: jnp://192.168.9.33:1099 channelName: t_JMS_ClientToServerQueue@router1 ackMode: 1 messageTimeToLive: 30000 deliveryMode: 1 isSender: false messageListener: null userName: null password: null
5968 [main] TRACE com.baxter.junit.BaxterTestCase  - connectToJMS(): successfully connected...  alias: t_JMS_QueueAliasCTS providerURL: jnp://192.168.9.33:1099 channelName: t_JMS_ClientToServerQueue@router1 ackMode: 1 messageTimeToLive: 30000 deliveryMode: 1 isSender: false messageListener: null userName: null password: null
[2011-05-31 10:17:58,866][TRACE] - UserSession.UserSession(String, String, Logger, boolean):
messageSender: com.baxter.cdtradesupervisor.UserSession$MessageSenderObjectUpdaterThread@193f6e2 userId: t General session
5976 [main] TRACE com.baxter.junit.BaxterTestCase  - UserSession.UserSession(String, String, Logger, boolean):
messageSender: com.baxter.cdtradesupervisor.UserSession$MessageSenderObjectUpdaterThread@193f6e2 userId: t General session
5976 [main] TRACE com.baxter.junit.BaxterTestCase  - UserSession.UserSession(String, String, Logger, boolean):
messageSender: com.baxter.cdtradesupervisor.UserSession$MessageSenderObjectUpdaterThread@193f6e2 userId: t General session
5976 [main] TRACE com.baxter.junit.BaxterTestCase  - UserSession.UserSession(String, String, Logger, boolean):
messageSender: com.baxter.cdtradesupervisor.UserSession$MessageSenderObjectUpdaterThread@193f6e2 userId: t General session
[2011-05-31 10:17:58,866][TRACE] - ObjectUpdaterThread.run() threadName: MessageSender Start waiting... ListUpdated: false
5976 [MessageSender] TRACE com.baxter.junit.BaxterTestCase  - ObjectUpdaterThread.run() threadName: MessageSender Start waiting... ListUpdated: false
5976 [MessageSender] TRACE com.baxter.junit.BaxterTestCase  - ObjectUpdaterThread.run() threadName: MessageSender Start waiting... ListUpdated: false
5976 [MessageSender] TRACE com.baxter.junit.BaxterTestCase  - ObjectUpdaterThread.run() threadName: MessageSender Start waiting... ListUpdated: false
[2011-05-31 10:17:58,876][TRACE] - ObjectUpdaterThread.run() threadName: MessageReceiver Start waiting... ListUpdated: false
5986 [MessageReceiver userId: t General session] TRACE com.baxter.junit.BaxterTestCase  - ObjectUpdaterThread.run() threadName: MessageReceiver Start waiting... ListUpdated: false
5986 [MessageReceiver userId: t General session] TRACE com.baxter.junit.BaxterTestCase  - ObjectUpdaterThread.run() threadName: MessageReceiver Start waiting... ListUpdated: false
5986 [MessageReceiver userId: t General session] TRACE com.baxter.junit.BaxterTestCase  - ObjectUpdaterThread.run() threadName: MessageReceiver Start waiting... ListUpdated: false
[2011-05-31 10:17:58,876][DEBUG] - UserSession.sendMessage(): messageSender: com.baxter.cdtradesupervisor.UserSession$MessageSenderObjectUpdaterThread@193f6e2 userId: t General session
5986 [main] DEBUG com.baxter.junit.BaxterTestCase  - UserSession.sendMessage(): messageSender: com.baxter.cdtradesupervisor.UserSession$MessageSenderObjectUpdaterThread@193f6e2 userId: t General session
5986 [main] DEBUG com.baxter.junit.BaxterTestCase  - UserSession.sendMessage(): messageSender: com.baxter.cdtradesupervisor.UserSession$MessageSenderObjectUpdaterThread@193f6e2 userId: t General session
5986 [main] DEBUG com.baxter.junit.BaxterTestCase  - UserSession.sendMessage(): messageSender: com.baxter.cdtradesupervisor.UserSession$MessageSenderObjectUpdaterThread@193f6e2 userId: t General session
[2011-05-31 10:17:58,877][TRACE] - ObjectUpdaterThread.addNewObjectToList() is invoked... threadName: MessageSender userId: t General session isClearingList: false isWaiting: true
5987 [main] TRACE com.baxter.junit.BaxterTestCase  - ObjectUpdaterThread.addNewObjectToList() is invoked... threadName: MessageSender userId: t General session isClearingList: false isWaiting: true
5987 [main] TRACE com.baxter.junit.BaxterTestCase  - ObjectUpdaterThread.addNewObjectToList() is invoked... threadName: MessageSender userId: t General session isClearingList: false isWaiting: true
5987 [main] TRACE com.baxter.junit.BaxterTestCase  - ObjectUpdaterThread.addNewObjectToList() is invoked... threadName: MessageSender userId: t General session isClearingList: false isWaiting: true
[2011-05-31 10:17:58,877][TRACE] - ObjectUpdaterThread.addNewObjectToList(): notify invoked! listUpdated: true
5987 [main] TRACE com.baxter.junit.BaxterTestCase  - ObjectUpdaterThread.addNewObjectToList(): notify invoked! listUpdated: true
5987 [main] TRACE com.baxter.junit.BaxterTestCase  - ObjectUpdaterThread.addNewObjectToList(): notify invoked! listUpdated: true
5987 [main] TRACE com.baxter.junit.BaxterTestCase  - ObjectUpdaterThread.addNewObjectToList(): notify invoked! listUpdated: true
[2011-05-31 10:17:58,877][TRACE] - ObjectUpdaterThread.addNewObjectToList() finished... threadName: MessageSender userId: t General session isClearingList: false isWaiting: false processTime: 0
5987 [main] TRACE com.baxter.junit.BaxterTestCase  - ObjectUpdaterThread.addNewObjectToList() finished... threadName: MessageSender userId: t General session isClearingList: false isWaiting: false processTime: 0
5987 [main] TRACE com.baxter.junit.BaxterTestCase  - ObjectUpdaterThread.addNewObjectToList() finished... threadName: MessageSender userId: t General session isClearingList: false isWaiting: false processTime: 0
5987 [main] TRACE com.baxter.junit.BaxterTestCase  - ObjectUpdaterThread.addNewObjectToList() finished... threadName: MessageSender userId: t General session isClearingList: false isWaiting: false processTime: 0
[2011-05-31 10:17:58,877][TRACE] - ObjectUpdaterThread.run() threadName: MessageSender userId: t General session objectUpdates.size: 0
5987 [MessageSender userId: t General session] TRACE com.baxter.junit.BaxterTestCase  - ObjectUpdaterThread.run() threadName: MessageSender userId: t General session objectUpdates.size: 0
5987 [MessageSender userId: t General session] TRACE com.baxter.junit.BaxterTestCase  - ObjectUpdaterThread.run() threadName: MessageSender userId: t General session objectUpdates.size: 0
5987 [MessageSender userId: t General session] TRACE com.baxter.junit.BaxterTestCase  - ObjectUpdaterThread.run() threadName: MessageSender userId: t General session objectUpdates.size: 0
[2011-05-31 10:17:58,880][TRACE] - UserSession.MessageSenderObjectUpdaterThread.processObject() message sent: Heartbeat message: TimeStamp: 1306829878876 SeqNumber: 1  userId: t General session
5990 [MessageSender userId: t General session] TRACE com.baxter.junit.BaxterTestCase  - UserSession.MessageSenderObjectUpdaterThread.processObject() message sent: Heartbeat message: TimeStamp: 1306829878876 SeqNumber: 1  userId: t General session
5990 [MessageSender userId: t General session] TRACE com.baxter.junit.BaxterTestCase  - UserSession.MessageSenderObjectUpdaterThread.processObject() message sent: Heartbeat message: TimeStamp: 1306829878876 SeqNumber: 1  userId: t General session
5990 [MessageSender userId: t General session] TRACE com.baxter.junit.BaxterTestCase  - UserSession.MessageSenderObjectUpdaterThread.processObject() message sent: Heartbeat message: TimeStamp: 1306829878876 SeqNumber: 1  userId: t General session
[2011-05-31 10:17:58,880][TRACE] - ObjectUpdaterThread.run() threadName: MessageSender userId: t General session Start waiting... ListUpdated: false
5990 [MessageSender userId: t General session] TRACE com.baxter.junit.BaxterTestCase  - ObjectUpdaterThread.run() threadName: MessageSender userId: t General session Start waiting... ListUpdated: false
5990 [MessageSender userId: t General session] TRACE com.baxter.junit.BaxterTestCase  - ObjectUpdaterThread.run() threadName: MessageSender userId: t General session Start waiting... ListUpdated: false
5990 [MessageSender userId: t General session] TRACE com.baxter.junit.BaxterTestCase  - ObjectUpdaterThread.run() threadName: MessageSender userId: t General session Start waiting... ListUpdated: false
[2011-05-31 10:18:00,878][DEBUG] - UserSession.sendMessage(): messageSender: com.baxter.cdtradesupervisor.UserSession$MessageSenderObjectUpdaterThread@193f6e2 userId: t General session
7988 [main] DEBUG com.baxter.junit.BaxterTestCase  - UserSession.sendMessage(): messageSender: com.baxter.cdtradesupervisor.UserSession$MessageSenderObjectUpdaterThread@193f6e2 userId: t General session
7988 [main] DEBUG com.baxter.junit.BaxterTestCase  - UserSession.sendMessage(): messageSender: com.baxter.cdtradesupervisor.UserSession$MessageSenderObjectUpdaterThread@193f6e2 userId: t General session
7988 [main] DEBUG com.baxter.junit.BaxterTestCase  - UserSession.sendMessage(): messageSender: com.baxter.cdtradesupervisor.UserSession$MessageSenderObjectUpdaterThread@193f6e2 userId: t General session
[2011-05-31 10:18:00,878][TRACE] - ObjectUpdaterThread.addNewObjectToList() is invoked... threadName: MessageSender userId: t General session isClearingList: false isWaiting: true
7988 [main] TRACE com.baxter.junit.BaxterTestCase  - ObjectUpdaterThread.addNewObjectToList() is invoked... threadName: MessageSender userId: t General session isClearingList: false isWaiting: true
7988 [main] TRACE com.baxter.junit.BaxterTestCase  - ObjectUpdaterThread.addNewObjectToList() is invoked... threadName: MessageSender userId: t General session isClearingList: false isWaiting: true
7988 [main] TRACE com.baxter.junit.BaxterTestCase  - ObjectUpdaterThread.addNewObjectToList() is invoked... threadName: MessageSender userId: t General session isClearingList: false isWaiting: true
[2011-05-31 10:18:00,878][TRACE] - ObjectUpdaterThread.addNewObjectToList(): notify invoked! listUpdated: true
7988 [main] TRACE com.baxter.junit.BaxterTestCase  - ObjectUpdaterThread.addNewObjectToList(): notify invoked! listUpdated: true
7988 [main] TRACE com.baxter.junit.BaxterTestCase  - ObjectUpdaterThread.addNewObjectToList(): notify invoked! listUpdated: true
7988 [main] TRACE com.baxter.junit.BaxterTestCase  - ObjectUpdaterThread.addNewObjectToList(): notify invoked! listUpdated: true
[2011-05-31 10:18:00,878][TRACE] - ObjectUpdaterThread.run() threadName: MessageSender userId: t General session objectUpdates.size: 0
7988 [MessageSender userId: t General session] TRACE com.baxter.junit.BaxterTestCase  - ObjectUpdaterThread.run() threadName: MessageSender userId: t General session objectUpdates.size: 0
7988 [MessageSender userId: t General session] TRACE com.baxter.junit.BaxterTestCase  - ObjectUpdaterThread.run() threadName: MessageSender userId: t General session objectUpdates.size: 0
7988 [MessageSender userId: t General session] TRACE com.baxter.junit.BaxterTestCase  - ObjectUpdaterThread.run() threadName: MessageSender userId: t General session objectUpdates.size: 0
[2011-05-31 10:18:00,879][TRACE] - UserSession.MessageSenderObjectUpdaterThread.processObject() message sent: Heartbeat message: TimeStamp: 1306829878876 SeqNumber: 4  userId: t General session
7989 [MessageSender userId: t General session] TRACE com.baxter.junit.BaxterTestCase  - UserSession.MessageSenderObjectUpdaterThread.processObject() message sent: Heartbeat message: TimeStamp: 1306829878876 SeqNumber: 4  userId: t General session
7989 [MessageSender userId: t General session] TRACE com.baxter.junit.BaxterTestCase  - UserSession.MessageSenderObjectUpdaterThread.processObject() message sent: Heartbeat message: TimeStamp: 1306829878876 SeqNumber: 4  userId: t General session
7989 [MessageSender userId: t General session] TRACE com.baxter.junit.BaxterTestCase  - UserSession.MessageSenderObjectUpdaterThread.processObject() message sent: Heartbeat message: TimeStamp: 1306829878876 SeqNumber: 4  userId: t General session
[2011-05-31 10:18:00,879][TRACE] - ObjectUpdaterThread.run() threadName: MessageSender userId: t General session Start waiting... ListUpdated: false
7989 [MessageSender userId: t General session] TRACE com.baxter.junit.BaxterTestCase  - ObjectUpdaterThread.run() threadName: MessageSender userId: t General session Start waiting... ListUpdated: false
7989 [MessageSender userId: t General session] TRACE com.baxter.junit.BaxterTestCase  - ObjectUpdaterThread.run() threadName: MessageSender userId: t General session Start waiting... ListUpdated: false
7989 [MessageSender userId: t General session] TRACE com.baxter.junit.BaxterTestCase  - ObjectUpdaterThread.run() threadName: MessageSender userId: t General session Start waiting... ListUpdated: false
[2011-05-31 10:18:00,878][TRACE] - ObjectUpdaterThread.addNewObjectToList() finished... threadName: MessageSender userId: t General session isClearingList: false isWaiting: false processTime: 0
7988 [main] TRACE com.baxter.junit.BaxterTestCase  - ObjectUpdaterThread.addNewObjectToList() finished... threadName: MessageSender userId: t General session isClearingList: false isWaiting: false processTime: 0
7988 [main] TRACE com.baxter.junit.BaxterTestCase  - ObjectUpdaterThread.addNewObjectToList() finished... threadName: MessageSender userId: t General session isClearingList: false isWaiting: false processTime: 0
7988 [main] TRACE com.baxter.junit.BaxterTestCase  - ObjectUpdaterThread.addNewObjectToList() finished... threadName: MessageSender userId: t General session isClearingList: false isWaiting: false processTime: 0
[2011-05-31 10:18:02,880][DEBUG] - ObjectUpdaterThread.stopService() is invoked... threadName: com.baxter.cdtradesupervisor.UserSession$MessageReceiverObjectUpdaterThread
9990 [main] DEBUG com.baxter.junit.BaxterTestCase  - ObjectUpdaterThread.stopService() is invoked... threadName: com.baxter.cdtradesupervisor.UserSession$MessageReceiverObjectUpdaterThread
9990 [main] DEBUG com.baxter.junit.BaxterTestCase  - ObjectUpdaterThread.stopService() is invoked... threadName: com.baxter.cdtradesupervisor.UserSession$MessageReceiverObjectUpdaterThread
9990 [main] DEBUG com.baxter.junit.BaxterTestCase  - ObjectUpdaterThread.stopService() is invoked... threadName: com.baxter.cdtradesupervisor.UserSession$MessageReceiverObjectUpdaterThread
[2011-05-31 10:18:02,880][DEBUG] - ObjectUpdaterThread.stopService() is invoked... threadName: com.baxter.cdtradesupervisor.UserSession$MessageSenderObjectUpdaterThread
9990 [main] DEBUG com.baxter.junit.BaxterTestCase  - ObjectUpdaterThread.stopService() is invoked... threadName: com.baxter.cdtradesupervisor.UserSession$MessageSenderObjectUpdaterThread
9990 [main] DEBUG com.baxter.junit.BaxterTestCase  - ObjectUpdaterThread.stopService() is invoked... threadName: com.baxter.cdtradesupervisor.UserSession$MessageSenderObjectUpdaterThread
9990 [main] DEBUG com.baxter.junit.BaxterTestCase  - ObjectUpdaterThread.stopService() is invoked... threadName: com.baxter.cdtradesupervisor.UserSession$MessageSenderObjectUpdaterThread
</system-out>
    <system-err>Converted relativePath: /conf/jms_JUnit.ini to: /home/mnyeste/workspaces/cd/cdv2/target/test-classes/conf/jms_JUnit.ini
Converted relativePath: /conf/jms_JUnit.ini to: /home/mnyeste/workspaces/cd/cdv2/target/test-classes/conf/jms_JUnit.ini
Converted relativePath: /conf/jms_JUnit.ini to: /home/mnyeste/workspaces/cd/cdv2/target/test-classes/conf/jms_JUnit.ini
</system-err>
  </testcase>
  <testcase time="2.202" classname="com.baxter.cdtradesupervisor.TestUserSession" name="testClientServerFailedTradesSession">
    <failure message="null" type="junit.framework.AssertionFailedError">junit.framework.AssertionFailedError: null
	at junit.framework.Assert.fail(Assert.java:47)
	at junit.framework.Assert.assertTrue(Assert.java:20)
	at junit.framework.Assert.assertNotNull(Assert.java:214)
	at junit.framework.Assert.assertNotNull(Assert.java:207)
	at com.baxter.cdtradesupervisor.TestUserSession.testClientServerFailedTradesSession(TestUserSession.java:645)
	at sun.reflect.NativeMethodAccessorImpl.invoke0(Native Method)
	at sun.reflect.NativeMethodAccessorImpl.invoke(NativeMethodAccessorImpl.java:39)
	at sun.reflect.DelegatingMethodAccessorImpl.invoke(DelegatingMethodAccessorImpl.java:25)
	at java.lang.reflect.Method.invoke(Method.java:597)
	at junit.framework.TestCase.runTest(TestCase.java:168)
	at junit.framework.TestCase.runBare(TestCase.java:134)
	at junit.framework.TestResult$1.protect(TestResult.java:110)
	at junit.framework.TestResult.runProtected(TestResult.java:128)
	at junit.framework.TestResult.run(TestResult.java:113)
	at junit.framework.TestCase.run(TestCase.java:124)
	at junit.framework.TestSuite.runTest(TestSuite.java:243)
	at junit.framework.TestSuite.run(TestSuite.java:238)
	at org.junit.internal.runners.JUnit38ClassRunner.run(JUnit38ClassRunner.java:83)
	at org.apache.maven.surefire.junit4.JUnit4TestSet.execute(JUnit4TestSet.java:35)
	at org.apache.maven.surefire.junit4.JUnit4Provider.executeTestSet(JUnit4Provider.java:115)
	at org.apache.maven.surefire.junit4.JUnit4Provider.invoke(JUnit4Provider.java:97)
	at sun.reflect.NativeMethodAccessorImpl.invoke0(Native Method)
	at sun.reflect.NativeMethodAccessorImpl.invoke(NativeMethodAccessorImpl.java:39)
	at sun.reflect.DelegatingMethodAccessorImpl.invoke(DelegatingMethodAccessorImpl.java:25)
	at java.lang.reflect.Method.invoke(Method.java:597)
	at org.apache.maven.surefire.booter.ProviderFactory$ClassLoaderProxy.invoke(ProviderFactory.java:103)
	at $Proxy0.invoke(Unknown Source)
	at org.apache.maven.surefire.booter.SurefireStarter.invokeProvider(SurefireStarter.java:150)
	at org.apache.maven.surefire.booter.SurefireStarter.runSuitesInProcess(SurefireStarter.java:74)
	at org.apache.maven.surefire.booter.ForkedBooter.main(ForkedBooter.java:69)
</failure>
    <system-out>UserSession.UserSession() - hbSender: Thread[HeartBeatSender,5,main]
MyUserSession: UserSession: userId:t
hbSender: Thread[HeartBeatSender,5,main]
[2011-05-31 10:18:02,893][DEBUG] - UserSession(): session is creating. userId: t FailedTrade session
10003 [main] DEBUG com.baxter.junit.BaxterTestCase  - UserSession(): session is creating. userId: t FailedTrade session
10003 [main] DEBUG com.baxter.junit.BaxterTestCase  - UserSession(): session is creating. userId: t FailedTrade session
10003 [main] DEBUG com.baxter.junit.BaxterTestCase  - UserSession(): session is creating. userId: t FailedTrade session
10003 [main] DEBUG com.baxter.junit.BaxterTestCase  - UserSession(): session is creating. userId: t FailedTrade session
[2011-05-31 10:18:02,900][TRACE] - UserSession.UserSession(): MAX_ENTRIES_OF_MESSAGEHISTORY=100 JMS_HEARTBEAT_DELAY=5000 MAX_JMS_SESSION_STARTUP_DELAY=500 MAX_HEARTBEAT_TOLERANCE=5000 MAX_SIZE_OF_HOLD_UP_LIST=100 userId: t FailedTrade session
10010 [main] TRACE com.baxter.junit.BaxterTestCase  - UserSession.UserSession(): MAX_ENTRIES_OF_MESSAGEHISTORY=100 JMS_HEARTBEAT_DELAY=5000 MAX_JMS_SESSION_STARTUP_DELAY=500 MAX_HEARTBEAT_TOLERANCE=5000 MAX_SIZE_OF_HOLD_UP_LIST=100 userId: t FailedTrade session
10010 [main] TRACE com.baxter.junit.BaxterTestCase  - UserSession.UserSession(): MAX_ENTRIES_OF_MESSAGEHISTORY=100 JMS_HEARTBEAT_DELAY=5000 MAX_JMS_SESSION_STARTUP_DELAY=500 MAX_HEARTBEAT_TOLERANCE=5000 MAX_SIZE_OF_HOLD_UP_LIST=100 userId: t FailedTrade session
10010 [main] TRACE com.baxter.junit.BaxterTestCase  - UserSession.UserSession(): MAX_ENTRIES_OF_MESSAGEHISTORY=100 JMS_HEARTBEAT_DELAY=5000 MAX_JMS_SESSION_STARTUP_DELAY=500 MAX_HEARTBEAT_TOLERANCE=5000 MAX_SIZE_OF_HOLD_UP_LIST=100 userId: t FailedTrade session
10010 [main] TRACE com.baxter.junit.BaxterTestCase  - UserSession.UserSession(): MAX_ENTRIES_OF_MESSAGEHISTORY=100 JMS_HEARTBEAT_DELAY=5000 MAX_JMS_SESSION_STARTUP_DELAY=500 MAX_HEARTBEAT_TOLERANCE=5000 MAX_SIZE_OF_HOLD_UP_LIST=100 userId: t FailedTrade session
[2011-05-31 10:18:02,900][TRACE] - UserSession.UserSession(): userListForSelector=[t] userId: t FailedTrade session
10010 [main] TRACE com.baxter.junit.BaxterTestCase  - UserSession.UserSession(): userListForSelector=[t] userId: t FailedTrade session
10010 [main] TRACE com.baxter.junit.BaxterTestCase  - UserSession.UserSession(): userListForSelector=[t] userId: t FailedTrade session
10010 [main] TRACE com.baxter.junit.BaxterTestCase  - UserSession.UserSession(): userListForSelector=[t] userId: t FailedTrade session
10010 [main] TRACE com.baxter.junit.BaxterTestCase  - UserSession.UserSession(): userListForSelector=[t] userId: t FailedTrade session
[2011-05-31 10:18:02,901][DEBUG] - FailedTradeClientUserSession.setupJMS() is invoked. userId: t FailedTrade session
10011 [main] DEBUG com.baxter.junit.BaxterTestCase  - FailedTradeClientUserSession.setupJMS() is invoked. userId: t FailedTrade session
10011 [main] DEBUG com.baxter.junit.BaxterTestCase  - FailedTradeClientUserSession.setupJMS() is invoked. userId: t FailedTrade session
10011 [main] DEBUG com.baxter.junit.BaxterTestCase  - FailedTradeClientUserSession.setupJMS() is invoked. userId: t FailedTrade session
10011 [main] DEBUG com.baxter.junit.BaxterTestCase  - FailedTradeClientUserSession.setupJMS() is invoked. userId: t FailedTrade session
[2011-05-31 10:18:02,902][DEBUG] - FailedTradeClientUserSession.setupJMS() providerURL: jnp://192.168.9.33:1099
		contextFactory: org.jnp.interfaces.NamingContextFactory
		queueFactoryName: /ConnectionFactory
		JMS_ServerToClientQueue: t_JMS_ServerToClientQueueForFailedTrades@router1
		JMS_ClientToServerQueue: t_JMS_ClientToServerQueueForFailedTrades@router1
		timeToLive: 30000 userId: t FailedTrade session
10012 [main] DEBUG com.baxter.junit.BaxterTestCase  - FailedTradeClientUserSession.setupJMS() providerURL: jnp://192.168.9.33:1099
		contextFactory: org.jnp.interfaces.NamingContextFactory
		queueFactoryName: /ConnectionFactory
		JMS_ServerToClientQueue: t_JMS_ServerToClientQueueForFailedTrades@router1
		JMS_ClientToServerQueue: t_JMS_ClientToServerQueueForFailedTrades@router1
		timeToLive: 30000 userId: t FailedTrade session
10012 [main] DEBUG com.baxter.junit.BaxterTestCase  - FailedTradeClientUserSession.setupJMS() providerURL: jnp://192.168.9.33:1099
		contextFactory: org.jnp.interfaces.NamingContextFactory
		queueFactoryName: /ConnectionFactory
		JMS_ServerToClientQueue: t_JMS_ServerToClientQueueForFailedTrades@router1
		JMS_ClientToServerQueue: t_JMS_ClientToServerQueueForFailedTrades@router1
		timeToLive: 30000 userId: t FailedTrade session
10012 [main] DEBUG com.baxter.junit.BaxterTestCase  - FailedTradeClientUserSession.setupJMS() providerURL: jnp://192.168.9.33:1099
		contextFactory: org.jnp.interfaces.NamingContextFactory
		queueFactoryName: /ConnectionFactory
		JMS_ServerToClientQueue: t_JMS_ServerToClientQueueForFailedTrades@router1
		JMS_ClientToServerQueue: t_JMS_ClientToServerQueueForFailedTrades@router1
		timeToLive: 30000 userId: t FailedTrade session
10012 [main] DEBUG com.baxter.junit.BaxterTestCase  - FailedTradeClientUserSession.setupJMS() providerURL: jnp://192.168.9.33:1099
		contextFactory: org.jnp.interfaces.NamingContextFactory
		queueFactoryName: /ConnectionFactory
		JMS_ServerToClientQueue: t_JMS_ServerToClientQueueForFailedTrades@router1
		JMS_ClientToServerQueue: t_JMS_ClientToServerQueueForFailedTrades@router1
		timeToLive: 30000 userId: t FailedTrade session
[2011-05-31 10:18:02,903][TRACE] - getInitialContext(): providerURL: jnp://192.168.9.33:1099 INITIAL_CONTEXT_FACTORY: org.jnp.interfaces.NamingContextFactory
10013 [main] TRACE com.baxter.junit.BaxterTestCase  - getInitialContext(): providerURL: jnp://192.168.9.33:1099 INITIAL_CONTEXT_FACTORY: org.jnp.interfaces.NamingContextFactory
10013 [main] TRACE com.baxter.junit.BaxterTestCase  - getInitialContext(): providerURL: jnp://192.168.9.33:1099 INITIAL_CONTEXT_FACTORY: org.jnp.interfaces.NamingContextFactory
10013 [main] TRACE com.baxter.junit.BaxterTestCase  - getInitialContext(): providerURL: jnp://192.168.9.33:1099 INITIAL_CONTEXT_FACTORY: org.jnp.interfaces.NamingContextFactory
10013 [main] TRACE com.baxter.junit.BaxterTestCase  - getInitialContext(): providerURL: jnp://192.168.9.33:1099 INITIAL_CONTEXT_FACTORY: org.jnp.interfaces.NamingContextFactory
[2011-05-31 10:18:02,904][TRACE] - connectToJMS(): channelName: t_JMS_ServerToClientQueueForFailedTrades@router1, lookup QUEUE_CONNECTION_FACTORY: /ConnectionFactory
10014 [main] TRACE com.baxter.junit.BaxterTestCase  - connectToJMS(): channelName: t_JMS_ServerToClientQueueForFailedTrades@router1, lookup QUEUE_CONNECTION_FACTORY: /ConnectionFactory
10014 [main] TRACE com.baxter.junit.BaxterTestCase  - connectToJMS(): channelName: t_JMS_ServerToClientQueueForFailedTrades@router1, lookup QUEUE_CONNECTION_FACTORY: /ConnectionFactory
10014 [main] TRACE com.baxter.junit.BaxterTestCase  - connectToJMS(): channelName: t_JMS_ServerToClientQueueForFailedTrades@router1, lookup QUEUE_CONNECTION_FACTORY: /ConnectionFactory
10014 [main] TRACE com.baxter.junit.BaxterTestCase  - connectToJMS(): channelName: t_JMS_ServerToClientQueueForFailedTrades@router1, lookup QUEUE_CONNECTION_FACTORY: /ConnectionFactory
[2011-05-31 10:18:02,904][TRACE] - ContextWatchThread.run(): initialContext OK...
10014 [Thread-52] TRACE com.baxter.junit.BaxterTestCase  - ContextWatchThread.run(): initialContext OK...
10014 [Thread-52] TRACE com.baxter.junit.BaxterTestCase  - ContextWatchThread.run(): initialContext OK...
10014 [Thread-52] TRACE com.baxter.junit.BaxterTestCase  - ContextWatchThread.run(): initialContext OK...
10014 [Thread-52] TRACE com.baxter.junit.BaxterTestCase  - ContextWatchThread.run(): initialContext OK...
[2011-05-31 10:18:02,911][TRACE] - connectToJMS(): channelName: t_JMS_ServerToClientQueueForFailedTrades@router1, createQueueConnection()
10021 [main] TRACE com.baxter.junit.BaxterTestCase  - connectToJMS(): channelName: t_JMS_ServerToClientQueueForFailedTrades@router1, createQueueConnection()
10021 [main] TRACE com.baxter.junit.BaxterTestCase  - connectToJMS(): channelName: t_JMS_ServerToClientQueueForFailedTrades@router1, createQueueConnection()
10021 [main] TRACE com.baxter.junit.BaxterTestCase  - connectToJMS(): channelName: t_JMS_ServerToClientQueueForFailedTrades@router1, createQueueConnection()
10021 [main] TRACE com.baxter.junit.BaxterTestCase  - connectToJMS(): channelName: t_JMS_ServerToClientQueueForFailedTrades@router1, createQueueConnection()
[2011-05-31 10:18:02,912][TRACE] - connectToJMS(): channelName: t_JMS_ServerToClientQueueForFailedTrades@router1, createTopicConnection()
10022 [main] TRACE com.baxter.junit.BaxterTestCase  - connectToJMS(): channelName: t_JMS_ServerToClientQueueForFailedTrades@router1, createTopicConnection()
10022 [main] TRACE com.baxter.junit.BaxterTestCase  - connectToJMS(): channelName: t_JMS_ServerToClientQueueForFailedTrades@router1, createTopicConnection()
10022 [main] TRACE com.baxter.junit.BaxterTestCase  - connectToJMS(): channelName: t_JMS_ServerToClientQueueForFailedTrades@router1, createTopicConnection()
10022 [main] TRACE com.baxter.junit.BaxterTestCase  - connectToJMS(): channelName: t_JMS_ServerToClientQueueForFailedTrades@router1, createTopicConnection()
[2011-05-31 10:18:02,926][TRACE] - connectToJMS(): channelName: t_JMS_ServerToClientQueueForFailedTrades@router1, setExceptionListener()
10036 [main] TRACE com.baxter.junit.BaxterTestCase  - connectToJMS(): channelName: t_JMS_ServerToClientQueueForFailedTrades@router1, setExceptionListener()
10036 [main] TRACE com.baxter.junit.BaxterTestCase  - connectToJMS(): channelName: t_JMS_ServerToClientQueueForFailedTrades@router1, setExceptionListener()
10036 [main] TRACE com.baxter.junit.BaxterTestCase  - connectToJMS(): channelName: t_JMS_ServerToClientQueueForFailedTrades@router1, setExceptionListener()
10036 [main] TRACE com.baxter.junit.BaxterTestCase  - connectToJMS(): channelName: t_JMS_ServerToClientQueueForFailedTrades@router1, setExceptionListener()
[2011-05-31 10:18:02,927][TRACE] - connectToJMS(): channelName: t_JMS_ServerToClientQueueForFailedTrades@router1, createQueueSession()
10037 [main] TRACE com.baxter.junit.BaxterTestCase  - connectToJMS(): channelName: t_JMS_ServerToClientQueueForFailedTrades@router1, createQueueSession()
10037 [main] TRACE com.baxter.junit.BaxterTestCase  - connectToJMS(): channelName: t_JMS_ServerToClientQueueForFailedTrades@router1, createQueueSession()
10037 [main] TRACE com.baxter.junit.BaxterTestCase  - connectToJMS(): channelName: t_JMS_ServerToClientQueueForFailedTrades@router1, createQueueSession()
10037 [main] TRACE com.baxter.junit.BaxterTestCase  - connectToJMS(): channelName: t_JMS_ServerToClientQueueForFailedTrades@router1, createQueueSession()
[2011-05-31 10:18:02,930][TRACE] - connectToJMS(): channelName: t_JMS_ServerToClientQueueForFailedTrades@router1, lookup channelName: t_JMS_ServerToClientQueueForFailedTrades@router1
10040 [main] TRACE com.baxter.junit.BaxterTestCase  - connectToJMS(): channelName: t_JMS_ServerToClientQueueForFailedTrades@router1, lookup channelName: t_JMS_ServerToClientQueueForFailedTrades@router1
10040 [main] TRACE com.baxter.junit.BaxterTestCase  - connectToJMS(): channelName: t_JMS_ServerToClientQueueForFailedTrades@router1, lookup channelName: t_JMS_ServerToClientQueueForFailedTrades@router1
10040 [main] TRACE com.baxter.junit.BaxterTestCase  - connectToJMS(): channelName: t_JMS_ServerToClientQueueForFailedTrades@router1, lookup channelName: t_JMS_ServerToClientQueueForFailedTrades@router1
10040 [main] TRACE com.baxter.junit.BaxterTestCase  - connectToJMS(): channelName: t_JMS_ServerToClientQueueForFailedTrades@router1, lookup channelName: t_JMS_ServerToClientQueueForFailedTrades@router1
[2011-05-31 10:18:02,938][TRACE] - connectToJMS(): channelName: t_JMS_ServerToClientQueueForFailedTrades@router1, initialContext.close()
10048 [main] TRACE com.baxter.junit.BaxterTestCase  - connectToJMS(): channelName: t_JMS_ServerToClientQueueForFailedTrades@router1, initialContext.close()
10048 [main] TRACE com.baxter.junit.BaxterTestCase  - connectToJMS(): channelName: t_JMS_ServerToClientQueueForFailedTrades@router1, initialContext.close()
10048 [main] TRACE com.baxter.junit.BaxterTestCase  - connectToJMS(): channelName: t_JMS_ServerToClientQueueForFailedTrades@router1, initialContext.close()
10048 [main] TRACE com.baxter.junit.BaxterTestCase  - connectToJMS(): channelName: t_JMS_ServerToClientQueueForFailedTrades@router1, initialContext.close()
[2011-05-31 10:18:02,938][TRACE] - connectToJMS(): channelName: t_JMS_ServerToClientQueueForFailedTrades@router1, createReceiver()
10048 [main] TRACE com.baxter.junit.BaxterTestCase  - connectToJMS(): channelName: t_JMS_ServerToClientQueueForFailedTrades@router1, createReceiver()
10048 [main] TRACE com.baxter.junit.BaxterTestCase  - connectToJMS(): channelName: t_JMS_ServerToClientQueueForFailedTrades@router1, createReceiver()
10048 [main] TRACE com.baxter.junit.BaxterTestCase  - connectToJMS(): channelName: t_JMS_ServerToClientQueueForFailedTrades@router1, createReceiver()
10048 [main] TRACE com.baxter.junit.BaxterTestCase  - connectToJMS(): channelName: t_JMS_ServerToClientQueueForFailedTrades@router1, createReceiver()
[2011-05-31 10:18:02,944][TRACE] - connectToJMS(): successfully connected...  alias: t_client_JMS_QueueAliasSTCForFailedTrades providerURL: jnp://192.168.9.33:1099 channelName: t_JMS_ServerToClientQueueForFailedTrades@router1 ackMode: 1 messageTimeToLive: 30000 deliveryMode: 1 isSender: false messageListener: null userName: null password: null
10054 [main] TRACE com.baxter.junit.BaxterTestCase  - connectToJMS(): successfully connected...  alias: t_client_JMS_QueueAliasSTCForFailedTrades providerURL: jnp://192.168.9.33:1099 channelName: t_JMS_ServerToClientQueueForFailedTrades@router1 ackMode: 1 messageTimeToLive: 30000 deliveryMode: 1 isSender: false messageListener: null userName: null password: null
10054 [main] TRACE com.baxter.junit.BaxterTestCase  - connectToJMS(): successfully connected...  alias: t_client_JMS_QueueAliasSTCForFailedTrades providerURL: jnp://192.168.9.33:1099 channelName: t_JMS_ServerToClientQueueForFailedTrades@router1 ackMode: 1 messageTimeToLive: 30000 deliveryMode: 1 isSender: false messageListener: null userName: null password: null
10054 [main] TRACE com.baxter.junit.BaxterTestCase  - connectToJMS(): successfully connected...  alias: t_client_JMS_QueueAliasSTCForFailedTrades providerURL: jnp://192.168.9.33:1099 channelName: t_JMS_ServerToClientQueueForFailedTrades@router1 ackMode: 1 messageTimeToLive: 30000 deliveryMode: 1 isSender: false messageListener: null userName: null password: null
10054 [main] TRACE com.baxter.junit.BaxterTestCase  - connectToJMS(): successfully connected...  alias: t_client_JMS_QueueAliasSTCForFailedTrades providerURL: jnp://192.168.9.33:1099 channelName: t_JMS_ServerToClientQueueForFailedTrades@router1 ackMode: 1 messageTimeToLive: 30000 deliveryMode: 1 isSender: false messageListener: null userName: null password: null
[2011-05-31 10:18:02,944][TRACE] - getInitialContext(): providerURL: jnp://192.168.9.33:1099 INITIAL_CONTEXT_FACTORY: org.jnp.interfaces.NamingContextFactory
10054 [main] TRACE com.baxter.junit.BaxterTestCase  - getInitialContext(): providerURL: jnp://192.168.9.33:1099 INITIAL_CONTEXT_FACTORY: org.jnp.interfaces.NamingContextFactory
10054 [main] TRACE com.baxter.junit.BaxterTestCase  - getInitialContext(): providerURL: jnp://192.168.9.33:1099 INITIAL_CONTEXT_FACTORY: org.jnp.interfaces.NamingContextFactory
10054 [main] TRACE com.baxter.junit.BaxterTestCase  - getInitialContext(): providerURL: jnp://192.168.9.33:1099 INITIAL_CONTEXT_FACTORY: org.jnp.interfaces.NamingContextFactory
10054 [main] TRACE com.baxter.junit.BaxterTestCase  - getInitialContext(): providerURL: jnp://192.168.9.33:1099 INITIAL_CONTEXT_FACTORY: org.jnp.interfaces.NamingContextFactory
[2011-05-31 10:18:02,945][TRACE] - connectToJMS(): channelName: t_JMS_ClientToServerQueueForFailedTrades@router1, lookup QUEUE_CONNECTION_FACTORY: /ConnectionFactory
10055 [main] TRACE com.baxter.junit.BaxterTestCase  - connectToJMS(): channelName: t_JMS_ClientToServerQueueForFailedTrades@router1, lookup QUEUE_CONNECTION_FACTORY: /ConnectionFactory
10055 [main] TRACE com.baxter.junit.BaxterTestCase  - connectToJMS(): channelName: t_JMS_ClientToServerQueueForFailedTrades@router1, lookup QUEUE_CONNECTION_FACTORY: /ConnectionFactory
10055 [main] TRACE com.baxter.junit.BaxterTestCase  - connectToJMS(): channelName: t_JMS_ClientToServerQueueForFailedTrades@router1, lookup QUEUE_CONNECTION_FACTORY: /ConnectionFactory
10055 [main] TRACE com.baxter.junit.BaxterTestCase  - connectToJMS(): channelName: t_JMS_ClientToServerQueueForFailedTrades@router1, lookup QUEUE_CONNECTION_FACTORY: /ConnectionFactory
[2011-05-31 10:18:02,945][TRACE] - ContextWatchThread.run(): initialContext OK...
10055 [Thread-53] TRACE com.baxter.junit.BaxterTestCase  - ContextWatchThread.run(): initialContext OK...
10055 [Thread-53] TRACE com.baxter.junit.BaxterTestCase  - ContextWatchThread.run(): initialContext OK...
10055 [Thread-53] TRACE com.baxter.junit.BaxterTestCase  - ContextWatchThread.run(): initialContext OK...
10055 [Thread-53] TRACE com.baxter.junit.BaxterTestCase  - ContextWatchThread.run(): initialContext OK...
[2011-05-31 10:18:02,951][TRACE] - connectToJMS(): channelName: t_JMS_ClientToServerQueueForFailedTrades@router1, createQueueConnection()
10061 [main] TRACE com.baxter.junit.BaxterTestCase  - connectToJMS(): channelName: t_JMS_ClientToServerQueueForFailedTrades@router1, createQueueConnection()
10061 [main] TRACE com.baxter.junit.BaxterTestCase  - connectToJMS(): channelName: t_JMS_ClientToServerQueueForFailedTrades@router1, createQueueConnection()
10061 [main] TRACE com.baxter.junit.BaxterTestCase  - connectToJMS(): channelName: t_JMS_ClientToServerQueueForFailedTrades@router1, createQueueConnection()
10061 [main] TRACE com.baxter.junit.BaxterTestCase  - connectToJMS(): channelName: t_JMS_ClientToServerQueueForFailedTrades@router1, createQueueConnection()
[2011-05-31 10:18:02,952][TRACE] - connectToJMS(): channelName: t_JMS_ClientToServerQueueForFailedTrades@router1, createTopicConnection()
10062 [main] TRACE com.baxter.junit.BaxterTestCase  - connectToJMS(): channelName: t_JMS_ClientToServerQueueForFailedTrades@router1, createTopicConnection()
10062 [main] TRACE com.baxter.junit.BaxterTestCase  - connectToJMS(): channelName: t_JMS_ClientToServerQueueForFailedTrades@router1, createTopicConnection()
10062 [main] TRACE com.baxter.junit.BaxterTestCase  - connectToJMS(): channelName: t_JMS_ClientToServerQueueForFailedTrades@router1, createTopicConnection()
10062 [main] TRACE com.baxter.junit.BaxterTestCase  - connectToJMS(): channelName: t_JMS_ClientToServerQueueForFailedTrades@router1, createTopicConnection()
[2011-05-31 10:18:02,956][TRACE] - connectToJMS(): channelName: t_JMS_ClientToServerQueueForFailedTrades@router1, setExceptionListener()
10066 [main] TRACE com.baxter.junit.BaxterTestCase  - connectToJMS(): channelName: t_JMS_ClientToServerQueueForFailedTrades@router1, setExceptionListener()
10066 [main] TRACE com.baxter.junit.BaxterTestCase  - connectToJMS(): channelName: t_JMS_ClientToServerQueueForFailedTrades@router1, setExceptionListener()
10066 [main] TRACE com.baxter.junit.BaxterTestCase  - connectToJMS(): channelName: t_JMS_ClientToServerQueueForFailedTrades@router1, setExceptionListener()
10066 [main] TRACE com.baxter.junit.BaxterTestCase  - connectToJMS(): channelName: t_JMS_ClientToServerQueueForFailedTrades@router1, setExceptionListener()
[2011-05-31 10:18:02,956][TRACE] - connectToJMS(): channelName: t_JMS_ClientToServerQueueForFailedTrades@router1, createQueueSession()
10066 [main] TRACE com.baxter.junit.BaxterTestCase  - connectToJMS(): channelName: t_JMS_ClientToServerQueueForFailedTrades@router1, createQueueSession()
10066 [main] TRACE com.baxter.junit.BaxterTestCase  - connectToJMS(): channelName: t_JMS_ClientToServerQueueForFailedTrades@router1, createQueueSession()
10066 [main] TRACE com.baxter.junit.BaxterTestCase  - connectToJMS(): channelName: t_JMS_ClientToServerQueueForFailedTrades@router1, createQueueSession()
10066 [main] TRACE com.baxter.junit.BaxterTestCase  - connectToJMS(): channelName: t_JMS_ClientToServerQueueForFailedTrades@router1, createQueueSession()
[2011-05-31 10:18:02,958][TRACE] - connectToJMS(): channelName: t_JMS_ClientToServerQueueForFailedTrades@router1, lookup channelName: t_JMS_ClientToServerQueueForFailedTrades@router1
10068 [main] TRACE com.baxter.junit.BaxterTestCase  - connectToJMS(): channelName: t_JMS_ClientToServerQueueForFailedTrades@router1, lookup channelName: t_JMS_ClientToServerQueueForFailedTrades@router1
10068 [main] TRACE com.baxter.junit.BaxterTestCase  - connectToJMS(): channelName: t_JMS_ClientToServerQueueForFailedTrades@router1, lookup channelName: t_JMS_ClientToServerQueueForFailedTrades@router1
10068 [main] TRACE com.baxter.junit.BaxterTestCase  - connectToJMS(): channelName: t_JMS_ClientToServerQueueForFailedTrades@router1, lookup channelName: t_JMS_ClientToServerQueueForFailedTrades@router1
10068 [main] TRACE com.baxter.junit.BaxterTestCase  - connectToJMS(): channelName: t_JMS_ClientToServerQueueForFailedTrades@router1, lookup channelName: t_JMS_ClientToServerQueueForFailedTrades@router1
[2011-05-31 10:18:02,963][TRACE] - connectToJMS(): channelName: t_JMS_ClientToServerQueueForFailedTrades@router1, initialContext.close()
10073 [main] TRACE com.baxter.junit.BaxterTestCase  - connectToJMS(): channelName: t_JMS_ClientToServerQueueForFailedTrades@router1, initialContext.close()
10073 [main] TRACE com.baxter.junit.BaxterTestCase  - connectToJMS(): channelName: t_JMS_ClientToServerQueueForFailedTrades@router1, initialContext.close()
10073 [main] TRACE com.baxter.junit.BaxterTestCase  - connectToJMS(): channelName: t_JMS_ClientToServerQueueForFailedTrades@router1, initialContext.close()
10073 [main] TRACE com.baxter.junit.BaxterTestCase  - connectToJMS(): channelName: t_JMS_ClientToServerQueueForFailedTrades@router1, initialContext.close()
[2011-05-31 10:18:02,965][TRACE] - connectToJMS(): channelName: t_JMS_ClientToServerQueueForFailedTrades@router1, createSender()
10075 [main] TRACE com.baxter.junit.BaxterTestCase  - connectToJMS(): channelName: t_JMS_ClientToServerQueueForFailedTrades@router1, createSender()
10075 [main] TRACE com.baxter.junit.BaxterTestCase  - connectToJMS(): channelName: t_JMS_ClientToServerQueueForFailedTrades@router1, createSender()
10075 [main] TRACE com.baxter.junit.BaxterTestCase  - connectToJMS(): channelName: t_JMS_ClientToServerQueueForFailedTrades@router1, createSender()
10075 [main] TRACE com.baxter.junit.BaxterTestCase  - connectToJMS(): channelName: t_JMS_ClientToServerQueueForFailedTrades@router1, createSender()
[2011-05-31 10:18:02,968][TRACE] - connectToJMS(): successfully connected...  alias: t_client_JMS_QueueAliasCTSForFailedTrades providerURL: jnp://192.168.9.33:1099 channelName: t_JMS_ClientToServerQueueForFailedTrades@router1 ackMode: 1 messageTimeToLive: 30000 deliveryMode: 1 isSender: true messageListener: null userName: null password: null
10078 [main] TRACE com.baxter.junit.BaxterTestCase  - connectToJMS(): successfully connected...  alias: t_client_JMS_QueueAliasCTSForFailedTrades providerURL: jnp://192.168.9.33:1099 channelName: t_JMS_ClientToServerQueueForFailedTrades@router1 ackMode: 1 messageTimeToLive: 30000 deliveryMode: 1 isSender: true messageListener: null userName: null password: null
10078 [main] TRACE com.baxter.junit.BaxterTestCase  - connectToJMS(): successfully connected...  alias: t_client_JMS_QueueAliasCTSForFailedTrades providerURL: jnp://192.168.9.33:1099 channelName: t_JMS_ClientToServerQueueForFailedTrades@router1 ackMode: 1 messageTimeToLive: 30000 deliveryMode: 1 isSender: true messageListener: null userName: null password: null
10078 [main] TRACE com.baxter.junit.BaxterTestCase  - connectToJMS(): successfully connected...  alias: t_client_JMS_QueueAliasCTSForFailedTrades providerURL: jnp://192.168.9.33:1099 channelName: t_JMS_ClientToServerQueueForFailedTrades@router1 ackMode: 1 messageTimeToLive: 30000 deliveryMode: 1 isSender: true messageListener: null userName: null password: null
10078 [main] TRACE com.baxter.junit.BaxterTestCase  - connectToJMS(): successfully connected...  alias: t_client_JMS_QueueAliasCTSForFailedTrades providerURL: jnp://192.168.9.33:1099 channelName: t_JMS_ClientToServerQueueForFailedTrades@router1 ackMode: 1 messageTimeToLive: 30000 deliveryMode: 1 isSender: true messageListener: null userName: null password: null
[2011-05-31 10:18:02,971][TRACE] - UserSession.UserSession(String, String, Logger, boolean):
messageSender: com.baxter.cdtradesupervisor.UserSession$MessageSenderObjectUpdaterThread@13e0aba userId: t FailedTrade session
10081 [main] TRACE com.baxter.junit.BaxterTestCase  - UserSession.UserSession(String, String, Logger, boolean):
messageSender: com.baxter.cdtradesupervisor.UserSession$MessageSenderObjectUpdaterThread@13e0aba userId: t FailedTrade session
10081 [main] TRACE com.baxter.junit.BaxterTestCase  - UserSession.UserSession(String, String, Logger, boolean):
messageSender: com.baxter.cdtradesupervisor.UserSession$MessageSenderObjectUpdaterThread@13e0aba userId: t FailedTrade session
10081 [main] TRACE com.baxter.junit.BaxterTestCase  - UserSession.UserSession(String, String, Logger, boolean):
messageSender: com.baxter.cdtradesupervisor.UserSession$MessageSenderObjectUpdaterThread@13e0aba userId: t FailedTrade session
10081 [main] TRACE com.baxter.junit.BaxterTestCase  - UserSession.UserSession(String, String, Logger, boolean):
messageSender: com.baxter.cdtradesupervisor.UserSession$MessageSenderObjectUpdaterThread@13e0aba userId: t FailedTrade session
[2011-05-31 10:18:02,972][TRACE] - ObjectUpdaterThread.run() threadName: MessageSender Start waiting... ListUpdated: false
10082 [MessageSender] TRACE com.baxter.junit.BaxterTestCase  - ObjectUpdaterThread.run() threadName: MessageSender Start waiting... ListUpdated: false
10082 [MessageSender] TRACE com.baxter.junit.BaxterTestCase  - ObjectUpdaterThread.run() threadName: MessageSender Start waiting... ListUpdated: false
10082 [MessageSender] TRACE com.baxter.junit.BaxterTestCase  - ObjectUpdaterThread.run() threadName: MessageSender Start waiting... ListUpdated: false
10082 [MessageSender] TRACE com.baxter.junit.BaxterTestCase  - ObjectUpdaterThread.run() threadName: MessageSender Start waiting... ListUpdated: false
[2011-05-31 10:18:02,972][TRACE] - parameter read from /home/mnyeste/workspaces/cd/cdv2/target/test-classes/conf/JUnit.ini: HEARTBEAT_MISSEDTHRESHOLD_RED_MSG: Network connection is unstable.
10082 [main] TRACE com.baxter.junit.BaxterTestCase  - parameter read from /home/mnyeste/workspaces/cd/cdv2/target/test-classes/conf/JUnit.ini: HEARTBEAT_MISSEDTHRESHOLD_RED_MSG: Network connection is unstable.
10082 [main] TRACE com.baxter.junit.BaxterTestCase  - parameter read from /home/mnyeste/workspaces/cd/cdv2/target/test-classes/conf/JUnit.ini: HEARTBEAT_MISSEDTHRESHOLD_RED_MSG: Network connection is unstable.
10082 [main] TRACE com.baxter.junit.BaxterTestCase  - parameter read from /home/mnyeste/workspaces/cd/cdv2/target/test-classes/conf/JUnit.ini: HEARTBEAT_MISSEDTHRESHOLD_RED_MSG: Network connection is unstable.
10082 [main] TRACE com.baxter.junit.BaxterTestCase  - parameter read from /home/mnyeste/workspaces/cd/cdv2/target/test-classes/conf/JUnit.ini: HEARTBEAT_MISSEDTHRESHOLD_RED_MSG: Network connection is unstable.
[2011-05-31 10:18:02,981][DEBUG] - UserSession(): session is creating. userId: t FailedTrade session
10091 [main] DEBUG com.baxter.junit.BaxterTestCase  - UserSession(): session is creating. userId: t FailedTrade session
10091 [main] DEBUG com.baxter.junit.BaxterTestCase  - UserSession(): session is creating. userId: t FailedTrade session
10091 [main] DEBUG com.baxter.junit.BaxterTestCase  - UserSession(): session is creating. userId: t FailedTrade session
10091 [main] DEBUG com.baxter.junit.BaxterTestCase  - UserSession(): session is creating. userId: t FailedTrade session
[2011-05-31 10:18:02,981][TRACE] - UserSession.UserSession(): MAX_ENTRIES_OF_MESSAGEHISTORY=100 JMS_HEARTBEAT_DELAY=5000 MAX_JMS_SESSION_STARTUP_DELAY=500 MAX_HEARTBEAT_TOLERANCE=5000 MAX_SIZE_OF_HOLD_UP_LIST=100 userId: t FailedTrade session
10091 [main] TRACE com.baxter.junit.BaxterTestCase  - UserSession.UserSession(): MAX_ENTRIES_OF_MESSAGEHISTORY=100 JMS_HEARTBEAT_DELAY=5000 MAX_JMS_SESSION_STARTUP_DELAY=500 MAX_HEARTBEAT_TOLERANCE=5000 MAX_SIZE_OF_HOLD_UP_LIST=100 userId: t FailedTrade session
10091 [main] TRACE com.baxter.junit.BaxterTestCase  - UserSession.UserSession(): MAX_ENTRIES_OF_MESSAGEHISTORY=100 JMS_HEARTBEAT_DELAY=5000 MAX_JMS_SESSION_STARTUP_DELAY=500 MAX_HEARTBEAT_TOLERANCE=5000 MAX_SIZE_OF_HOLD_UP_LIST=100 userId: t FailedTrade session
10091 [main] TRACE com.baxter.junit.BaxterTestCase  - UserSession.UserSession(): MAX_ENTRIES_OF_MESSAGEHISTORY=100 JMS_HEARTBEAT_DELAY=5000 MAX_JMS_SESSION_STARTUP_DELAY=500 MAX_HEARTBEAT_TOLERANCE=5000 MAX_SIZE_OF_HOLD_UP_LIST=100 userId: t FailedTrade session
10091 [main] TRACE com.baxter.junit.BaxterTestCase  - UserSession.UserSession(): MAX_ENTRIES_OF_MESSAGEHISTORY=100 JMS_HEARTBEAT_DELAY=5000 MAX_JMS_SESSION_STARTUP_DELAY=500 MAX_HEARTBEAT_TOLERANCE=5000 MAX_SIZE_OF_HOLD_UP_LIST=100 userId: t FailedTrade session
[2011-05-31 10:18:02,982][TRACE] - UserSession.UserSession(): userListForSelector=[t, t1] userId: t FailedTrade session
10092 [main] TRACE com.baxter.junit.BaxterTestCase  - UserSession.UserSession(): userListForSelector=[t, t1] userId: t FailedTrade session
10092 [main] TRACE com.baxter.junit.BaxterTestCase  - UserSession.UserSession(): userListForSelector=[t, t1] userId: t FailedTrade session
10092 [main] TRACE com.baxter.junit.BaxterTestCase  - UserSession.UserSession(): userListForSelector=[t, t1] userId: t FailedTrade session
10092 [main] TRACE com.baxter.junit.BaxterTestCase  - UserSession.UserSession(): userListForSelector=[t, t1] userId: t FailedTrade session
[2011-05-31 10:18:02,982][DEBUG] - FailedTradeServerUserSession.setupJMS() is invoked. userId: t FailedTrade session
10092 [main] DEBUG com.baxter.junit.BaxterTestCase  - FailedTradeServerUserSession.setupJMS() is invoked. userId: t FailedTrade session
10092 [main] DEBUG com.baxter.junit.BaxterTestCase  - FailedTradeServerUserSession.setupJMS() is invoked. userId: t FailedTrade session
10092 [main] DEBUG com.baxter.junit.BaxterTestCase  - FailedTradeServerUserSession.setupJMS() is invoked. userId: t FailedTrade session
10092 [main] DEBUG com.baxter.junit.BaxterTestCase  - FailedTradeServerUserSession.setupJMS() is invoked. userId: t FailedTrade session
[2011-05-31 10:18:02,983][DEBUG] - FailedTradeServerUserSession.setupJMS() providerURL: jnp://192.168.9.33:1099
		contextFactory: org.jnp.interfaces.NamingContextFactory
		queueFactoryName: /ConnectionFactory
		JMS_ServerToClientQueue: t_JMS_ServerToClientQueueForFailedTrades@router1
		JMS_ClientToServerQueue: t_JMS_ClientToServerQueueForFailedTrades@router1
		timeToLive: 30000 userId: t FailedTrade session
10093 [main] DEBUG com.baxter.junit.BaxterTestCase  - FailedTradeServerUserSession.setupJMS() providerURL: jnp://192.168.9.33:1099
		contextFactory: org.jnp.interfaces.NamingContextFactory
		queueFactoryName: /ConnectionFactory
		JMS_ServerToClientQueue: t_JMS_ServerToClientQueueForFailedTrades@router1
		JMS_ClientToServerQueue: t_JMS_ClientToServerQueueForFailedTrades@router1
		timeToLive: 30000 userId: t FailedTrade session
10093 [main] DEBUG com.baxter.junit.BaxterTestCase  - FailedTradeServerUserSession.setupJMS() providerURL: jnp://192.168.9.33:1099
		contextFactory: org.jnp.interfaces.NamingContextFactory
		queueFactoryName: /ConnectionFactory
		JMS_ServerToClientQueue: t_JMS_ServerToClientQueueForFailedTrades@router1
		JMS_ClientToServerQueue: t_JMS_ClientToServerQueueForFailedTrades@router1
		timeToLive: 30000 userId: t FailedTrade session
10093 [main] DEBUG com.baxter.junit.BaxterTestCase  - FailedTradeServerUserSession.setupJMS() providerURL: jnp://192.168.9.33:1099
		contextFactory: org.jnp.interfaces.NamingContextFactory
		queueFactoryName: /ConnectionFactory
		JMS_ServerToClientQueue: t_JMS_ServerToClientQueueForFailedTrades@router1
		JMS_ClientToServerQueue: t_JMS_ClientToServerQueueForFailedTrades@router1
		timeToLive: 30000 userId: t FailedTrade session
10093 [main] DEBUG com.baxter.junit.BaxterTestCase  - FailedTradeServerUserSession.setupJMS() providerURL: jnp://192.168.9.33:1099
		contextFactory: org.jnp.interfaces.NamingContextFactory
		queueFactoryName: /ConnectionFactory
		JMS_ServerToClientQueue: t_JMS_ServerToClientQueueForFailedTrades@router1
		JMS_ClientToServerQueue: t_JMS_ClientToServerQueueForFailedTrades@router1
		timeToLive: 30000 userId: t FailedTrade session
[2011-05-31 10:18:02,983][TRACE] - getInitialContext(): providerURL: jnp://192.168.9.33:1099 INITIAL_CONTEXT_FACTORY: org.jnp.interfaces.NamingContextFactory
10093 [main] TRACE com.baxter.junit.BaxterTestCase  - getInitialContext(): providerURL: jnp://192.168.9.33:1099 INITIAL_CONTEXT_FACTORY: org.jnp.interfaces.NamingContextFactory
10093 [main] TRACE com.baxter.junit.BaxterTestCase  - getInitialContext(): providerURL: jnp://192.168.9.33:1099 INITIAL_CONTEXT_FACTORY: org.jnp.interfaces.NamingContextFactory
10093 [main] TRACE com.baxter.junit.BaxterTestCase  - getInitialContext(): providerURL: jnp://192.168.9.33:1099 INITIAL_CONTEXT_FACTORY: org.jnp.interfaces.NamingContextFactory
10093 [main] TRACE com.baxter.junit.BaxterTestCase  - getInitialContext(): providerURL: jnp://192.168.9.33:1099 INITIAL_CONTEXT_FACTORY: org.jnp.interfaces.NamingContextFactory
[2011-05-31 10:18:02,972][TRACE] - ObjectUpdaterThread.run() threadName: MessageReceiver Start waiting... ListUpdated: false
10082 [MessageReceiver userId: t FailedTrade session] TRACE com.baxter.junit.BaxterTestCase  - ObjectUpdaterThread.run() threadName: MessageReceiver Start waiting... ListUpdated: false
10082 [MessageReceiver userId: t FailedTrade session] TRACE com.baxter.junit.BaxterTestCase  - ObjectUpdaterThread.run() threadName: MessageReceiver Start waiting... ListUpdated: false
10082 [MessageReceiver userId: t FailedTrade session] TRACE com.baxter.junit.BaxterTestCase  - ObjectUpdaterThread.run() threadName: MessageReceiver Start waiting... ListUpdated: false
10082 [MessageReceiver userId: t FailedTrade session] TRACE com.baxter.junit.BaxterTestCase  - ObjectUpdaterThread.run() threadName: MessageReceiver Start waiting... ListUpdated: false
[2011-05-31 10:18:02,985][TRACE] - connectToJMS(): channelName: t_JMS_ServerToClientQueueForFailedTrades@router1, lookup QUEUE_CONNECTION_FACTORY: /ConnectionFactory
10095 [main] TRACE com.baxter.junit.BaxterTestCase  - connectToJMS(): channelName: t_JMS_ServerToClientQueueForFailedTrades@router1, lookup QUEUE_CONNECTION_FACTORY: /ConnectionFactory
10095 [main] TRACE com.baxter.junit.BaxterTestCase  - connectToJMS(): channelName: t_JMS_ServerToClientQueueForFailedTrades@router1, lookup QUEUE_CONNECTION_FACTORY: /ConnectionFactory
10095 [main] TRACE com.baxter.junit.BaxterTestCase  - connectToJMS(): channelName: t_JMS_ServerToClientQueueForFailedTrades@router1, lookup QUEUE_CONNECTION_FACTORY: /ConnectionFactory
10095 [main] TRACE com.baxter.junit.BaxterTestCase  - connectToJMS(): channelName: t_JMS_ServerToClientQueueForFailedTrades@router1, lookup QUEUE_CONNECTION_FACTORY: /ConnectionFactory
[2011-05-31 10:18:02,997][TRACE] - connectToJMS(): channelName: t_JMS_ServerToClientQueueForFailedTrades@router1, createQueueConnection()
10107 [main] TRACE com.baxter.junit.BaxterTestCase  - connectToJMS(): channelName: t_JMS_ServerToClientQueueForFailedTrades@router1, createQueueConnection()
10107 [main] TRACE com.baxter.junit.BaxterTestCase  - connectToJMS(): channelName: t_JMS_ServerToClientQueueForFailedTrades@router1, createQueueConnection()
10107 [main] TRACE com.baxter.junit.BaxterTestCase  - connectToJMS(): channelName: t_JMS_ServerToClientQueueForFailedTrades@router1, createQueueConnection()
10107 [main] TRACE com.baxter.junit.BaxterTestCase  - connectToJMS(): channelName: t_JMS_ServerToClientQueueForFailedTrades@router1, createQueueConnection()
[2011-05-31 10:18:02,998][TRACE] - connectToJMS(): channelName: t_JMS_ServerToClientQueueForFailedTrades@router1, createTopicConnection()
10108 [main] TRACE com.baxter.junit.BaxterTestCase  - connectToJMS(): channelName: t_JMS_ServerToClientQueueForFailedTrades@router1, createTopicConnection()
10108 [main] TRACE com.baxter.junit.BaxterTestCase  - connectToJMS(): channelName: t_JMS_ServerToClientQueueForFailedTrades@router1, createTopicConnection()
10108 [main] TRACE com.baxter.junit.BaxterTestCase  - connectToJMS(): channelName: t_JMS_ServerToClientQueueForFailedTrades@router1, createTopicConnection()
10108 [main] TRACE com.baxter.junit.BaxterTestCase  - connectToJMS(): channelName: t_JMS_ServerToClientQueueForFailedTrades@router1, createTopicConnection()
[2011-05-31 10:18:03,016][TRACE] - connectToJMS(): channelName: t_JMS_ServerToClientQueueForFailedTrades@router1, setExceptionListener()
10126 [main] TRACE com.baxter.junit.BaxterTestCase  - connectToJMS(): channelName: t_JMS_ServerToClientQueueForFailedTrades@router1, setExceptionListener()
10126 [main] TRACE com.baxter.junit.BaxterTestCase  - connectToJMS(): channelName: t_JMS_ServerToClientQueueForFailedTrades@router1, setExceptionListener()
10126 [main] TRACE com.baxter.junit.BaxterTestCase  - connectToJMS(): channelName: t_JMS_ServerToClientQueueForFailedTrades@router1, setExceptionListener()
10126 [main] TRACE com.baxter.junit.BaxterTestCase  - connectToJMS(): channelName: t_JMS_ServerToClientQueueForFailedTrades@router1, setExceptionListener()
[2011-05-31 10:18:03,017][TRACE] - connectToJMS(): channelName: t_JMS_ServerToClientQueueForFailedTrades@router1, createQueueSession()
10127 [main] TRACE com.baxter.junit.BaxterTestCase  - connectToJMS(): channelName: t_JMS_ServerToClientQueueForFailedTrades@router1, createQueueSession()
10127 [main] TRACE com.baxter.junit.BaxterTestCase  - connectToJMS(): channelName: t_JMS_ServerToClientQueueForFailedTrades@router1, createQueueSession()
10127 [main] TRACE com.baxter.junit.BaxterTestCase  - connectToJMS(): channelName: t_JMS_ServerToClientQueueForFailedTrades@router1, createQueueSession()
10127 [main] TRACE com.baxter.junit.BaxterTestCase  - connectToJMS(): channelName: t_JMS_ServerToClientQueueForFailedTrades@router1, createQueueSession()
[2011-05-31 10:18:03,019][TRACE] - connectToJMS(): channelName: t_JMS_ServerToClientQueueForFailedTrades@router1, lookup channelName: t_JMS_ServerToClientQueueForFailedTrades@router1
10129 [main] TRACE com.baxter.junit.BaxterTestCase  - connectToJMS(): channelName: t_JMS_ServerToClientQueueForFailedTrades@router1, lookup channelName: t_JMS_ServerToClientQueueForFailedTrades@router1
10129 [main] TRACE com.baxter.junit.BaxterTestCase  - connectToJMS(): channelName: t_JMS_ServerToClientQueueForFailedTrades@router1, lookup channelName: t_JMS_ServerToClientQueueForFailedTrades@router1
10129 [main] TRACE com.baxter.junit.BaxterTestCase  - connectToJMS(): channelName: t_JMS_ServerToClientQueueForFailedTrades@router1, lookup channelName: t_JMS_ServerToClientQueueForFailedTrades@router1
10129 [main] TRACE com.baxter.junit.BaxterTestCase  - connectToJMS(): channelName: t_JMS_ServerToClientQueueForFailedTrades@router1, lookup channelName: t_JMS_ServerToClientQueueForFailedTrades@router1
[2011-05-31 10:18:03,031][TRACE] - connectToJMS(): channelName: t_JMS_ServerToClientQueueForFailedTrades@router1, initialContext.close()
10141 [main] TRACE com.baxter.junit.BaxterTestCase  - connectToJMS(): channelName: t_JMS_ServerToClientQueueForFailedTrades@router1, initialContext.close()
10141 [main] TRACE com.baxter.junit.BaxterTestCase  - connectToJMS(): channelName: t_JMS_ServerToClientQueueForFailedTrades@router1, initialContext.close()
10141 [main] TRACE com.baxter.junit.BaxterTestCase  - connectToJMS(): channelName: t_JMS_ServerToClientQueueForFailedTrades@router1, initialContext.close()
10141 [main] TRACE com.baxter.junit.BaxterTestCase  - connectToJMS(): channelName: t_JMS_ServerToClientQueueForFailedTrades@router1, initialContext.close()
[2011-05-31 10:18:03,031][TRACE] - connectToJMS(): channelName: t_JMS_ServerToClientQueueForFailedTrades@router1, createSender()
10141 [main] TRACE com.baxter.junit.BaxterTestCase  - connectToJMS(): channelName: t_JMS_ServerToClientQueueForFailedTrades@router1, createSender()
10141 [main] TRACE com.baxter.junit.BaxterTestCase  - connectToJMS(): channelName: t_JMS_ServerToClientQueueForFailedTrades@router1, createSender()
10141 [main] TRACE com.baxter.junit.BaxterTestCase  - connectToJMS(): channelName: t_JMS_ServerToClientQueueForFailedTrades@router1, createSender()
10141 [main] TRACE com.baxter.junit.BaxterTestCase  - connectToJMS(): channelName: t_JMS_ServerToClientQueueForFailedTrades@router1, createSender()
[2011-05-31 10:18:03,033][TRACE] - connectToJMS(): successfully connected...  alias: t_JMS_QueueAliasSTCForFailedTrades providerURL: jnp://192.168.9.33:1099 channelName: t_JMS_ServerToClientQueueForFailedTrades@router1 ackMode: 1 messageTimeToLive: 30000 deliveryMode: 1 isSender: true messageListener: null userName: null password: null
10143 [main] TRACE com.baxter.junit.BaxterTestCase  - connectToJMS(): successfully connected...  alias: t_JMS_QueueAliasSTCForFailedTrades providerURL: jnp://192.168.9.33:1099 channelName: t_JMS_ServerToClientQueueForFailedTrades@router1 ackMode: 1 messageTimeToLive: 30000 deliveryMode: 1 isSender: true messageListener: null userName: null password: null
10143 [main] TRACE com.baxter.junit.BaxterTestCase  - connectToJMS(): successfully connected...  alias: t_JMS_QueueAliasSTCForFailedTrades providerURL: jnp://192.168.9.33:1099 channelName: t_JMS_ServerToClientQueueForFailedTrades@router1 ackMode: 1 messageTimeToLive: 30000 deliveryMode: 1 isSender: true messageListener: null userName: null password: null
10143 [main] TRACE com.baxter.junit.BaxterTestCase  - connectToJMS(): successfully connected...  alias: t_JMS_QueueAliasSTCForFailedTrades providerURL: jnp://192.168.9.33:1099 channelName: t_JMS_ServerToClientQueueForFailedTrades@router1 ackMode: 1 messageTimeToLive: 30000 deliveryMode: 1 isSender: true messageListener: null userName: null password: null
10143 [main] TRACE com.baxter.junit.BaxterTestCase  - connectToJMS(): successfully connected...  alias: t_JMS_QueueAliasSTCForFailedTrades providerURL: jnp://192.168.9.33:1099 channelName: t_JMS_ServerToClientQueueForFailedTrades@router1 ackMode: 1 messageTimeToLive: 30000 deliveryMode: 1 isSender: true messageListener: null userName: null password: null
[2011-05-31 10:18:03,033][TRACE] - getInitialContext(): providerURL: jnp://192.168.9.33:1099 INITIAL_CONTEXT_FACTORY: org.jnp.interfaces.NamingContextFactory
10143 [main] TRACE com.baxter.junit.BaxterTestCase  - getInitialContext(): providerURL: jnp://192.168.9.33:1099 INITIAL_CONTEXT_FACTORY: org.jnp.interfaces.NamingContextFactory
10143 [main] TRACE com.baxter.junit.BaxterTestCase  - getInitialContext(): providerURL: jnp://192.168.9.33:1099 INITIAL_CONTEXT_FACTORY: org.jnp.interfaces.NamingContextFactory
10143 [main] TRACE com.baxter.junit.BaxterTestCase  - getInitialContext(): providerURL: jnp://192.168.9.33:1099 INITIAL_CONTEXT_FACTORY: org.jnp.interfaces.NamingContextFactory
10143 [main] TRACE com.baxter.junit.BaxterTestCase  - getInitialContext(): providerURL: jnp://192.168.9.33:1099 INITIAL_CONTEXT_FACTORY: org.jnp.interfaces.NamingContextFactory
[2011-05-31 10:18:03,038][TRACE] - connectToJMS(): channelName: t_JMS_ClientToServerQueueForFailedTrades@router1, lookup QUEUE_CONNECTION_FACTORY: /ConnectionFactory
10148 [main] TRACE com.baxter.junit.BaxterTestCase  - connectToJMS(): channelName: t_JMS_ClientToServerQueueForFailedTrades@router1, lookup QUEUE_CONNECTION_FACTORY: /ConnectionFactory
10148 [main] TRACE com.baxter.junit.BaxterTestCase  - connectToJMS(): channelName: t_JMS_ClientToServerQueueForFailedTrades@router1, lookup QUEUE_CONNECTION_FACTORY: /ConnectionFactory
10148 [main] TRACE com.baxter.junit.BaxterTestCase  - connectToJMS(): channelName: t_JMS_ClientToServerQueueForFailedTrades@router1, lookup QUEUE_CONNECTION_FACTORY: /ConnectionFactory
10148 [main] TRACE com.baxter.junit.BaxterTestCase  - connectToJMS(): channelName: t_JMS_ClientToServerQueueForFailedTrades@router1, lookup QUEUE_CONNECTION_FACTORY: /ConnectionFactory
[2011-05-31 10:18:03,044][TRACE] - connectToJMS(): channelName: t_JMS_ClientToServerQueueForFailedTrades@router1, createQueueConnection()
10154 [main] TRACE com.baxter.junit.BaxterTestCase  - connectToJMS(): channelName: t_JMS_ClientToServerQueueForFailedTrades@router1, createQueueConnection()
10154 [main] TRACE com.baxter.junit.BaxterTestCase  - connectToJMS(): channelName: t_JMS_ClientToServerQueueForFailedTrades@router1, createQueueConnection()
10154 [main] TRACE com.baxter.junit.BaxterTestCase  - connectToJMS(): channelName: t_JMS_ClientToServerQueueForFailedTrades@router1, createQueueConnection()
10154 [main] TRACE com.baxter.junit.BaxterTestCase  - connectToJMS(): channelName: t_JMS_ClientToServerQueueForFailedTrades@router1, createQueueConnection()
[2011-05-31 10:18:03,045][TRACE] - connectToJMS(): channelName: t_JMS_ClientToServerQueueForFailedTrades@router1, createTopicConnection()
10155 [main] TRACE com.baxter.junit.BaxterTestCase  - connectToJMS(): channelName: t_JMS_ClientToServerQueueForFailedTrades@router1, createTopicConnection()
10155 [main] TRACE com.baxter.junit.BaxterTestCase  - connectToJMS(): channelName: t_JMS_ClientToServerQueueForFailedTrades@router1, createTopicConnection()
10155 [main] TRACE com.baxter.junit.BaxterTestCase  - connectToJMS(): channelName: t_JMS_ClientToServerQueueForFailedTrades@router1, createTopicConnection()
10155 [main] TRACE com.baxter.junit.BaxterTestCase  - connectToJMS(): channelName: t_JMS_ClientToServerQueueForFailedTrades@router1, createTopicConnection()
[2011-05-31 10:18:03,057][TRACE] - connectToJMS(): channelName: t_JMS_ClientToServerQueueForFailedTrades@router1, setExceptionListener()
10167 [main] TRACE com.baxter.junit.BaxterTestCase  - connectToJMS(): channelName: t_JMS_ClientToServerQueueForFailedTrades@router1, setExceptionListener()
10167 [main] TRACE com.baxter.junit.BaxterTestCase  - connectToJMS(): channelName: t_JMS_ClientToServerQueueForFailedTrades@router1, setExceptionListener()
10167 [main] TRACE com.baxter.junit.BaxterTestCase  - connectToJMS(): channelName: t_JMS_ClientToServerQueueForFailedTrades@router1, setExceptionListener()
10167 [main] TRACE com.baxter.junit.BaxterTestCase  - connectToJMS(): channelName: t_JMS_ClientToServerQueueForFailedTrades@router1, setExceptionListener()
[2011-05-31 10:18:03,058][TRACE] - connectToJMS(): channelName: t_JMS_ClientToServerQueueForFailedTrades@router1, createQueueSession()
10168 [main] TRACE com.baxter.junit.BaxterTestCase  - connectToJMS(): channelName: t_JMS_ClientToServerQueueForFailedTrades@router1, createQueueSession()
10168 [main] TRACE com.baxter.junit.BaxterTestCase  - connectToJMS(): channelName: t_JMS_ClientToServerQueueForFailedTrades@router1, createQueueSession()
10168 [main] TRACE com.baxter.junit.BaxterTestCase  - connectToJMS(): channelName: t_JMS_ClientToServerQueueForFailedTrades@router1, createQueueSession()
10168 [main] TRACE com.baxter.junit.BaxterTestCase  - connectToJMS(): channelName: t_JMS_ClientToServerQueueForFailedTrades@router1, createQueueSession()
[2011-05-31 10:18:03,059][TRACE] - connectToJMS(): channelName: t_JMS_ClientToServerQueueForFailedTrades@router1, lookup channelName: t_JMS_ClientToServerQueueForFailedTrades@router1
10169 [main] TRACE com.baxter.junit.BaxterTestCase  - connectToJMS(): channelName: t_JMS_ClientToServerQueueForFailedTrades@router1, lookup channelName: t_JMS_ClientToServerQueueForFailedTrades@router1
10169 [main] TRACE com.baxter.junit.BaxterTestCase  - connectToJMS(): channelName: t_JMS_ClientToServerQueueForFailedTrades@router1, lookup channelName: t_JMS_ClientToServerQueueForFailedTrades@router1
10169 [main] TRACE com.baxter.junit.BaxterTestCase  - connectToJMS(): channelName: t_JMS_ClientToServerQueueForFailedTrades@router1, lookup channelName: t_JMS_ClientToServerQueueForFailedTrades@router1
10169 [main] TRACE com.baxter.junit.BaxterTestCase  - connectToJMS(): channelName: t_JMS_ClientToServerQueueForFailedTrades@router1, lookup channelName: t_JMS_ClientToServerQueueForFailedTrades@router1
[2011-05-31 10:18:03,064][TRACE] - connectToJMS(): channelName: t_JMS_ClientToServerQueueForFailedTrades@router1, initialContext.close()
10174 [main] TRACE com.baxter.junit.BaxterTestCase  - connectToJMS(): channelName: t_JMS_ClientToServerQueueForFailedTrades@router1, initialContext.close()
10174 [main] TRACE com.baxter.junit.BaxterTestCase  - connectToJMS(): channelName: t_JMS_ClientToServerQueueForFailedTrades@router1, initialContext.close()
10174 [main] TRACE com.baxter.junit.BaxterTestCase  - connectToJMS(): channelName: t_JMS_ClientToServerQueueForFailedTrades@router1, initialContext.close()
10174 [main] TRACE com.baxter.junit.BaxterTestCase  - connectToJMS(): channelName: t_JMS_ClientToServerQueueForFailedTrades@router1, initialContext.close()
[2011-05-31 10:18:03,064][TRACE] - connectToJMS(): channelName: t_JMS_ClientToServerQueueForFailedTrades@router1, createReceiver()
10174 [main] TRACE com.baxter.junit.BaxterTestCase  - connectToJMS(): channelName: t_JMS_ClientToServerQueueForFailedTrades@router1, createReceiver()
10174 [main] TRACE com.baxter.junit.BaxterTestCase  - connectToJMS(): channelName: t_JMS_ClientToServerQueueForFailedTrades@router1, createReceiver()
10174 [main] TRACE com.baxter.junit.BaxterTestCase  - connectToJMS(): channelName: t_JMS_ClientToServerQueueForFailedTrades@router1, createReceiver()
10174 [main] TRACE com.baxter.junit.BaxterTestCase  - connectToJMS(): channelName: t_JMS_ClientToServerQueueForFailedTrades@router1, createReceiver()
[2011-05-31 10:18:03,067][TRACE] - connectToJMS(): successfully connected...  alias: t_JMS_QueueAliasCTSForFailedTrades providerURL: jnp://192.168.9.33:1099 channelName: t_JMS_ClientToServerQueueForFailedTrades@router1 ackMode: 1 messageTimeToLive: 30000 deliveryMode: 1 isSender: false messageListener: null userName: null password: null
10177 [main] TRACE com.baxter.junit.BaxterTestCase  - connectToJMS(): successfully connected...  alias: t_JMS_QueueAliasCTSForFailedTrades providerURL: jnp://192.168.9.33:1099 channelName: t_JMS_ClientToServerQueueForFailedTrades@router1 ackMode: 1 messageTimeToLive: 30000 deliveryMode: 1 isSender: false messageListener: null userName: null password: null
10177 [main] TRACE com.baxter.junit.BaxterTestCase  - connectToJMS(): successfully connected...  alias: t_JMS_QueueAliasCTSForFailedTrades providerURL: jnp://192.168.9.33:1099 channelName: t_JMS_ClientToServerQueueForFailedTrades@router1 ackMode: 1 messageTimeToLive: 30000 deliveryMode: 1 isSender: false messageListener: null userName: null password: null
10177 [main] TRACE com.baxter.junit.BaxterTestCase  - connectToJMS(): successfully connected...  alias: t_JMS_QueueAliasCTSForFailedTrades providerURL: jnp://192.168.9.33:1099 channelName: t_JMS_ClientToServerQueueForFailedTrades@router1 ackMode: 1 messageTimeToLive: 30000 deliveryMode: 1 isSender: false messageListener: null userName: null password: null
10177 [main] TRACE com.baxter.junit.BaxterTestCase  - connectToJMS(): successfully connected...  alias: t_JMS_QueueAliasCTSForFailedTrades providerURL: jnp://192.168.9.33:1099 channelName: t_JMS_ClientToServerQueueForFailedTrades@router1 ackMode: 1 messageTimeToLive: 30000 deliveryMode: 1 isSender: false messageListener: null userName: null password: null
[2011-05-31 10:18:03,070][TRACE] - UserSession.UserSession(String, String, Logger, boolean):
messageSender: com.baxter.cdtradesupervisor.UserSession$MessageSenderObjectUpdaterThread@ebcdbb userId: t FailedTrade session
10180 [main] TRACE com.baxter.junit.BaxterTestCase  - UserSession.UserSession(String, String, Logger, boolean):
messageSender: com.baxter.cdtradesupervisor.UserSession$MessageSenderObjectUpdaterThread@ebcdbb userId: t FailedTrade session
10180 [main] TRACE com.baxter.junit.BaxterTestCase  - UserSession.UserSession(String, String, Logger, boolean):
messageSender: com.baxter.cdtradesupervisor.UserSession$MessageSenderObjectUpdaterThread@ebcdbb userId: t FailedTrade session
10180 [main] TRACE com.baxter.junit.BaxterTestCase  - UserSession.UserSession(String, String, Logger, boolean):
messageSender: com.baxter.cdtradesupervisor.UserSession$MessageSenderObjectUpdaterThread@ebcdbb userId: t FailedTrade session
10180 [main] TRACE com.baxter.junit.BaxterTestCase  - UserSession.UserSession(String, String, Logger, boolean):
messageSender: com.baxter.cdtradesupervisor.UserSession$MessageSenderObjectUpdaterThread@ebcdbb userId: t FailedTrade session
[2011-05-31 10:18:03,070][TRACE] - ObjectUpdaterThread.run() threadName: MessageSender Start waiting... ListUpdated: false
10180 [MessageSender] TRACE com.baxter.junit.BaxterTestCase  - ObjectUpdaterThread.run() threadName: MessageSender Start waiting... ListUpdated: false
10180 [MessageSender] TRACE com.baxter.junit.BaxterTestCase  - ObjectUpdaterThread.run() threadName: MessageSender Start waiting... ListUpdated: false
10180 [MessageSender] TRACE com.baxter.junit.BaxterTestCase  - ObjectUpdaterThread.run() threadName: MessageSender Start waiting... ListUpdated: false
10180 [MessageSender] TRACE com.baxter.junit.BaxterTestCase  - ObjectUpdaterThread.run() threadName: MessageSender Start waiting... ListUpdated: false
[2011-05-31 10:18:03,071][TRACE] - ObjectUpdaterThread.run() threadName: MessageReceiver Start waiting... ListUpdated: false
10181 [MessageReceiver userId: t FailedTrade session] TRACE com.baxter.junit.BaxterTestCase  - ObjectUpdaterThread.run() threadName: MessageReceiver Start waiting... ListUpdated: false
10181 [MessageReceiver userId: t FailedTrade session] TRACE com.baxter.junit.BaxterTestCase  - ObjectUpdaterThread.run() threadName: MessageReceiver Start waiting... ListUpdated: false
10181 [MessageReceiver userId: t FailedTrade session] TRACE com.baxter.junit.BaxterTestCase  - ObjectUpdaterThread.run() threadName: MessageReceiver Start waiting... ListUpdated: false
10181 [MessageReceiver userId: t FailedTrade session] TRACE com.baxter.junit.BaxterTestCase  - ObjectUpdaterThread.run() threadName: MessageReceiver Start waiting... ListUpdated: false
[2011-05-31 10:18:03,075][DEBUG] - UserSession.sendMessage(): messageSender: com.baxter.cdtradesupervisor.UserSession$MessageSenderObjectUpdaterThread@ebcdbb userId: t FailedTrade session
10185 [main] DEBUG com.baxter.junit.BaxterTestCase  - UserSession.sendMessage(): messageSender: com.baxter.cdtradesupervisor.UserSession$MessageSenderObjectUpdaterThread@ebcdbb userId: t FailedTrade session
10185 [main] DEBUG com.baxter.junit.BaxterTestCase  - UserSession.sendMessage(): messageSender: com.baxter.cdtradesupervisor.UserSession$MessageSenderObjectUpdaterThread@ebcdbb userId: t FailedTrade session
10185 [main] DEBUG com.baxter.junit.BaxterTestCase  - UserSession.sendMessage(): messageSender: com.baxter.cdtradesupervisor.UserSession$MessageSenderObjectUpdaterThread@ebcdbb userId: t FailedTrade session
10185 [main] DEBUG com.baxter.junit.BaxterTestCase  - UserSession.sendMessage(): messageSender: com.baxter.cdtradesupervisor.UserSession$MessageSenderObjectUpdaterThread@ebcdbb userId: t FailedTrade session
[2011-05-31 10:18:03,079][TRACE] - ObjectUpdaterThread.addNewObjectToList() is invoked... threadName: MessageSender userId: t FailedTrade session isClearingList: false isWaiting: true
10189 [main] TRACE com.baxter.junit.BaxterTestCase  - ObjectUpdaterThread.addNewObjectToList() is invoked... threadName: MessageSender userId: t FailedTrade session isClearingList: false isWaiting: true
10189 [main] TRACE com.baxter.junit.BaxterTestCase  - ObjectUpdaterThread.addNewObjectToList() is invoked... threadName: MessageSender userId: t FailedTrade session isClearingList: false isWaiting: true
10189 [main] TRACE com.baxter.junit.BaxterTestCase  - ObjectUpdaterThread.addNewObjectToList() is invoked... threadName: MessageSender userId: t FailedTrade session isClearingList: false isWaiting: true
10189 [main] TRACE com.baxter.junit.BaxterTestCase  - ObjectUpdaterThread.addNewObjectToList() is invoked... threadName: MessageSender userId: t FailedTrade session isClearingList: false isWaiting: true
[2011-05-31 10:18:03,080][TRACE] - ObjectUpdaterThread.addNewObjectToList(): notify invoked! listUpdated: true
10190 [main] TRACE com.baxter.junit.BaxterTestCase  - ObjectUpdaterThread.addNewObjectToList(): notify invoked! listUpdated: true
10190 [main] TRACE com.baxter.junit.BaxterTestCase  - ObjectUpdaterThread.addNewObjectToList(): notify invoked! listUpdated: true
10190 [main] TRACE com.baxter.junit.BaxterTestCase  - ObjectUpdaterThread.addNewObjectToList(): notify invoked! listUpdated: true
10190 [main] TRACE com.baxter.junit.BaxterTestCase  - ObjectUpdaterThread.addNewObjectToList(): notify invoked! listUpdated: true
[2011-05-31 10:18:03,081][TRACE] - ObjectUpdaterThread.addNewObjectToList() finished... threadName: MessageSender userId: t FailedTrade session isClearingList: false isWaiting: false processTime: 2
10191 [main] TRACE com.baxter.junit.BaxterTestCase  - ObjectUpdaterThread.addNewObjectToList() finished... threadName: MessageSender userId: t FailedTrade session isClearingList: false isWaiting: false processTime: 2
10191 [main] TRACE com.baxter.junit.BaxterTestCase  - ObjectUpdaterThread.addNewObjectToList() finished... threadName: MessageSender userId: t FailedTrade session isClearingList: false isWaiting: false processTime: 2
10191 [main] TRACE com.baxter.junit.BaxterTestCase  - ObjectUpdaterThread.addNewObjectToList() finished... threadName: MessageSender userId: t FailedTrade session isClearingList: false isWaiting: false processTime: 2
10191 [main] TRACE com.baxter.junit.BaxterTestCase  - ObjectUpdaterThread.addNewObjectToList() finished... threadName: MessageSender userId: t FailedTrade session isClearingList: false isWaiting: false processTime: 2
[2011-05-31 10:18:03,082][TRACE] - ObjectUpdaterThread.run() threadName: MessageSender userId: t FailedTrade session objectUpdates.size: 0
10192 [MessageSender userId: t FailedTrade session] TRACE com.baxter.junit.BaxterTestCase  - ObjectUpdaterThread.run() threadName: MessageSender userId: t FailedTrade session objectUpdates.size: 0
10192 [MessageSender userId: t FailedTrade session] TRACE com.baxter.junit.BaxterTestCase  - ObjectUpdaterThread.run() threadName: MessageSender userId: t FailedTrade session objectUpdates.size: 0
10192 [MessageSender userId: t FailedTrade session] TRACE com.baxter.junit.BaxterTestCase  - ObjectUpdaterThread.run() threadName: MessageSender userId: t FailedTrade session objectUpdates.size: 0
10192 [MessageSender userId: t FailedTrade session] TRACE com.baxter.junit.BaxterTestCase  - ObjectUpdaterThread.run() threadName: MessageSender userId: t FailedTrade session objectUpdates.size: 0
[2011-05-31 10:18:03,098][TRACE] - UserSession.MessageSenderObjectUpdaterThread.processObject() message sent: FailedTrades message: failedTrade:  userID: t orderID: 0 arrivedAt: 0 reutersCode:  deliveryCode:  direction:  tradablePrice: 0.0 originalQuantity: 0 referencePrice: 0.0 validity: 0 allOrNone: false marketTypeProduct: nullnullnull referenceID: null tradeID: 1234 mmID:  timeToLive: 0 filledPrice: 0.0 filledQuantity: 0 bankPriceObject: null bankPriceID:  filledAt: 0 userQuantity: 0 bank_trade_id: null bridge_mm_id: null status: 0 bank_ack: null fcmCode: null valueDate: null SeqNumber: 1  userId: t FailedTrade session
10208 [MessageSender userId: t FailedTrade session] TRACE com.baxter.junit.BaxterTestCase  - UserSession.MessageSenderObjectUpdaterThread.processObject() message sent: FailedTrades message: failedTrade:  userID: t orderID: 0 arrivedAt: 0 reutersCode:  deliveryCode:  direction:  tradablePrice: 0.0 originalQuantity: 0 referencePrice: 0.0 validity: 0 allOrNone: false marketTypeProduct: nullnullnull referenceID: null tradeID: 1234 mmID:  timeToLive: 0 filledPrice: 0.0 filledQuantity: 0 bankPriceObject: null bankPriceID:  filledAt: 0 userQuantity: 0 bank_trade_id: null bridge_mm_id: null status: 0 bank_ack: null fcmCode: null valueDate: null SeqNumber: 1  userId: t FailedTrade session
10208 [MessageSender userId: t FailedTrade session] TRACE com.baxter.junit.BaxterTestCase  - UserSession.MessageSenderObjectUpdaterThread.processObject() message sent: FailedTrades message: failedTrade:  userID: t orderID: 0 arrivedAt: 0 reutersCode:  deliveryCode:  direction:  tradablePrice: 0.0 originalQuantity: 0 referencePrice: 0.0 validity: 0 allOrNone: false marketTypeProduct: nullnullnull referenceID: null tradeID: 1234 mmID:  timeToLive: 0 filledPrice: 0.0 filledQuantity: 0 bankPriceObject: null bankPriceID:  filledAt: 0 userQuantity: 0 bank_trade_id: null bridge_mm_id: null status: 0 bank_ack: null fcmCode: null valueDate: null SeqNumber: 1  userId: t FailedTrade session
10208 [MessageSender userId: t FailedTrade session] TRACE com.baxter.junit.BaxterTestCase  - UserSession.MessageSenderObjectUpdaterThread.processObject() message sent: FailedTrades message: failedTrade:  userID: t orderID: 0 arrivedAt: 0 reutersCode:  deliveryCode:  direction:  tradablePrice: 0.0 originalQuantity: 0 referencePrice: 0.0 validity: 0 allOrNone: false marketTypeProduct: nullnullnull referenceID: null tradeID: 1234 mmID:  timeToLive: 0 filledPrice: 0.0 filledQuantity: 0 bankPriceObject: null bankPriceID:  filledAt: 0 userQuantity: 0 bank_trade_id: null bridge_mm_id: null status: 0 bank_ack: null fcmCode: null valueDate: null SeqNumber: 1  userId: t FailedTrade session
10208 [MessageSender userId: t FailedTrade session] TRACE com.baxter.junit.BaxterTestCase  - UserSession.MessageSenderObjectUpdaterThread.processObject() message sent: FailedTrades message: failedTrade:  userID: t orderID: 0 arrivedAt: 0 reutersCode:  deliveryCode:  direction:  tradablePrice: 0.0 originalQuantity: 0 referencePrice: 0.0 validity: 0 allOrNone: false marketTypeProduct: nullnullnull referenceID: null tradeID: 1234 mmID:  timeToLive: 0 filledPrice: 0.0 filledQuantity: 0 bankPriceObject: null bankPriceID:  filledAt: 0 userQuantity: 0 bank_trade_id: null bridge_mm_id: null status: 0 bank_ack: null fcmCode: null valueDate: null SeqNumber: 1  userId: t FailedTrade session
[2011-05-31 10:18:03,099][TRACE] - ObjectUpdaterThread.run() threadName: MessageSender userId: t FailedTrade session Start waiting... ListUpdated: false
10209 [MessageSender userId: t FailedTrade session] TRACE com.baxter.junit.BaxterTestCase  - ObjectUpdaterThread.run() threadName: MessageSender userId: t FailedTrade session Start waiting... ListUpdated: false
10209 [MessageSender userId: t FailedTrade session] TRACE com.baxter.junit.BaxterTestCase  - ObjectUpdaterThread.run() threadName: MessageSender userId: t FailedTrade session Start waiting... ListUpdated: false
10209 [MessageSender userId: t FailedTrade session] TRACE com.baxter.junit.BaxterTestCase  - ObjectUpdaterThread.run() threadName: MessageSender userId: t FailedTrade session Start waiting... ListUpdated: false
10209 [MessageSender userId: t FailedTrade session] TRACE com.baxter.junit.BaxterTestCase  - ObjectUpdaterThread.run() threadName: MessageSender userId: t FailedTrade session Start waiting... ListUpdated: false
[2011-05-31 10:18:03,781][DEBUG] - UserSession.sendMessage(): messageSender: com.baxter.cdtradesupervisor.UserSession$MessageSenderObjectUpdaterThread@1b62aab userId: t General session
10891 [HeartBeatSender] DEBUG com.baxter.junit.BaxterTestCase  - UserSession.sendMessage(): messageSender: com.baxter.cdtradesupervisor.UserSession$MessageSenderObjectUpdaterThread@1b62aab userId: t General session
10891 [HeartBeatSender] DEBUG com.baxter.junit.BaxterTestCase  - UserSession.sendMessage(): messageSender: com.baxter.cdtradesupervisor.UserSession$MessageSenderObjectUpdaterThread@1b62aab userId: t General session
10891 [HeartBeatSender] DEBUG com.baxter.junit.BaxterTestCase  - UserSession.sendMessage(): messageSender: com.baxter.cdtradesupervisor.UserSession$MessageSenderObjectUpdaterThread@1b62aab userId: t General session
10891 [HeartBeatSender] DEBUG com.baxter.junit.BaxterTestCase  - UserSession.sendMessage(): messageSender: com.baxter.cdtradesupervisor.UserSession$MessageSenderObjectUpdaterThread@1b62aab userId: t General session
[2011-05-31 10:18:03,783][TRACE] - ObjectUpdaterThread.addNewObjectToList() is invoked... threadName: MessageSender userId: t General session isClearingList: false isWaiting: true
10893 [HeartBeatSender] TRACE com.baxter.junit.BaxterTestCase  - ObjectUpdaterThread.addNewObjectToList() is invoked... threadName: MessageSender userId: t General session isClearingList: false isWaiting: true
10893 [HeartBeatSender] TRACE com.baxter.junit.BaxterTestCase  - ObjectUpdaterThread.addNewObjectToList() is invoked... threadName: MessageSender userId: t General session isClearingList: false isWaiting: true
10893 [HeartBeatSender] TRACE com.baxter.junit.BaxterTestCase  - ObjectUpdaterThread.addNewObjectToList() is invoked... threadName: MessageSender userId: t General session isClearingList: false isWaiting: true
10893 [HeartBeatSender] TRACE com.baxter.junit.BaxterTestCase  - ObjectUpdaterThread.addNewObjectToList() is invoked... threadName: MessageSender userId: t General session isClearingList: false isWaiting: true
[2011-05-31 10:18:03,783][TRACE] - ObjectUpdaterThread.addNewObjectToList(): notify invoked! listUpdated: true
10893 [HeartBeatSender] TRACE com.baxter.junit.BaxterTestCase  - ObjectUpdaterThread.addNewObjectToList(): notify invoked! listUpdated: true
10893 [HeartBeatSender] TRACE com.baxter.junit.BaxterTestCase  - ObjectUpdaterThread.addNewObjectToList(): notify invoked! listUpdated: true
10893 [HeartBeatSender] TRACE com.baxter.junit.BaxterTestCase  - ObjectUpdaterThread.addNewObjectToList(): notify invoked! listUpdated: true
10893 [HeartBeatSender] TRACE com.baxter.junit.BaxterTestCase  - ObjectUpdaterThread.addNewObjectToList(): notify invoked! listUpdated: true
[2011-05-31 10:18:03,783][TRACE] - ObjectUpdaterThread.run() threadName: MessageSender userId: t General session objectUpdates.size: 0
10893 [MessageSender userId: t General session] TRACE com.baxter.junit.BaxterTestCase  - ObjectUpdaterThread.run() threadName: MessageSender userId: t General session objectUpdates.size: 0
10893 [MessageSender userId: t General session] TRACE com.baxter.junit.BaxterTestCase  - ObjectUpdaterThread.run() threadName: MessageSender userId: t General session objectUpdates.size: 0
10893 [MessageSender userId: t General session] TRACE com.baxter.junit.BaxterTestCase  - ObjectUpdaterThread.run() threadName: MessageSender userId: t General session objectUpdates.size: 0
10893 [MessageSender userId: t General session] TRACE com.baxter.junit.BaxterTestCase  - ObjectUpdaterThread.run() threadName: MessageSender userId: t General session objectUpdates.size: 0
[2011-05-31 10:18:03,783][TRACE] - ObjectUpdaterThread.addNewObjectToList() finished... threadName: MessageSender userId: t General session isClearingList: false isWaiting: false processTime: 0
10893 [HeartBeatSender] TRACE com.baxter.junit.BaxterTestCase  - ObjectUpdaterThread.addNewObjectToList() finished... threadName: MessageSender userId: t General session isClearingList: false isWaiting: false processTime: 0
10893 [HeartBeatSender] TRACE com.baxter.junit.BaxterTestCase  - ObjectUpdaterThread.addNewObjectToList() finished... threadName: MessageSender userId: t General session isClearingList: false isWaiting: false processTime: 0
10893 [HeartBeatSender] TRACE com.baxter.junit.BaxterTestCase  - ObjectUpdaterThread.addNewObjectToList() finished... threadName: MessageSender userId: t General session isClearingList: false isWaiting: false processTime: 0
10893 [HeartBeatSender] TRACE com.baxter.junit.BaxterTestCase  - ObjectUpdaterThread.addNewObjectToList() finished... threadName: MessageSender userId: t General session isClearingList: false isWaiting: false processTime: 0
[2011-05-31 10:18:03,784][TRACE] - UserSession.MessageSenderObjectUpdaterThread.processObject() message sent: Heartbeat message: TimeStamp: 1306829883781 SeqNumber: 1  userId: t General session
10894 [MessageSender userId: t General session] TRACE com.baxter.junit.BaxterTestCase  - UserSession.MessageSenderObjectUpdaterThread.processObject() message sent: Heartbeat message: TimeStamp: 1306829883781 SeqNumber: 1  userId: t General session
10894 [MessageSender userId: t General session] TRACE com.baxter.junit.BaxterTestCase  - UserSession.MessageSenderObjectUpdaterThread.processObject() message sent: Heartbeat message: TimeStamp: 1306829883781 SeqNumber: 1  userId: t General session
10894 [MessageSender userId: t General session] TRACE com.baxter.junit.BaxterTestCase  - UserSession.MessageSenderObjectUpdaterThread.processObject() message sent: Heartbeat message: TimeStamp: 1306829883781 SeqNumber: 1  userId: t General session
10894 [MessageSender userId: t General session] TRACE com.baxter.junit.BaxterTestCase  - UserSession.MessageSenderObjectUpdaterThread.processObject() message sent: Heartbeat message: TimeStamp: 1306829883781 SeqNumber: 1  userId: t General session
[2011-05-31 10:18:03,784][TRACE] - ObjectUpdaterThread.run() threadName: MessageSender userId: t General session Start waiting... ListUpdated: false
10894 [MessageSender userId: t General session] TRACE com.baxter.junit.BaxterTestCase  - ObjectUpdaterThread.run() threadName: MessageSender userId: t General session Start waiting... ListUpdated: false
10894 [MessageSender userId: t General session] TRACE com.baxter.junit.BaxterTestCase  - ObjectUpdaterThread.run() threadName: MessageSender userId: t General session Start waiting... ListUpdated: false
10894 [MessageSender userId: t General session] TRACE com.baxter.junit.BaxterTestCase  - ObjectUpdaterThread.run() threadName: MessageSender userId: t General session Start waiting... ListUpdated: false
10894 [MessageSender userId: t General session] TRACE com.baxter.junit.BaxterTestCase  - ObjectUpdaterThread.run() threadName: MessageSender userId: t General session Start waiting... ListUpdated: false
[2011-05-31 10:18:03,876][DEBUG] - UserSession.sendMessage(): messageSender: com.baxter.cdtradesupervisor.UserSession$MessageSenderObjectUpdaterThread@193f6e2 userId: t General session
10986 [HeartBeatSender] DEBUG com.baxter.junit.BaxterTestCase  - UserSession.sendMessage(): messageSender: com.baxter.cdtradesupervisor.UserSession$MessageSenderObjectUpdaterThread@193f6e2 userId: t General session
10986 [HeartBeatSender] DEBUG com.baxter.junit.BaxterTestCase  - UserSession.sendMessage(): messageSender: com.baxter.cdtradesupervisor.UserSession$MessageSenderObjectUpdaterThread@193f6e2 userId: t General session
10986 [HeartBeatSender] DEBUG com.baxter.junit.BaxterTestCase  - UserSession.sendMessage(): messageSender: com.baxter.cdtradesupervisor.UserSession$MessageSenderObjectUpdaterThread@193f6e2 userId: t General session
10986 [HeartBeatSender] DEBUG com.baxter.junit.BaxterTestCase  - UserSession.sendMessage(): messageSender: com.baxter.cdtradesupervisor.UserSession$MessageSenderObjectUpdaterThread@193f6e2 userId: t General session
[2011-05-31 10:18:03,877][TRACE] - ObjectUpdaterThread.addNewObjectToList() is invoked... threadName: MessageSender userId: t General session isClearingList: false isWaiting: true
10987 [HeartBeatSender] TRACE com.baxter.junit.BaxterTestCase  - ObjectUpdaterThread.addNewObjectToList() is invoked... threadName: MessageSender userId: t General session isClearingList: false isWaiting: true
10987 [HeartBeatSender] TRACE com.baxter.junit.BaxterTestCase  - ObjectUpdaterThread.addNewObjectToList() is invoked... threadName: MessageSender userId: t General session isClearingList: false isWaiting: true
10987 [HeartBeatSender] TRACE com.baxter.junit.BaxterTestCase  - ObjectUpdaterThread.addNewObjectToList() is invoked... threadName: MessageSender userId: t General session isClearingList: false isWaiting: true
10987 [HeartBeatSender] TRACE com.baxter.junit.BaxterTestCase  - ObjectUpdaterThread.addNewObjectToList() is invoked... threadName: MessageSender userId: t General session isClearingList: false isWaiting: true
[2011-05-31 10:18:03,877][TRACE] - ObjectUpdaterThread.addNewObjectToList(): notify invoked! listUpdated: true
10987 [HeartBeatSender] TRACE com.baxter.junit.BaxterTestCase  - ObjectUpdaterThread.addNewObjectToList(): notify invoked! listUpdated: true
10987 [HeartBeatSender] TRACE com.baxter.junit.BaxterTestCase  - ObjectUpdaterThread.addNewObjectToList(): notify invoked! listUpdated: true
10987 [HeartBeatSender] TRACE com.baxter.junit.BaxterTestCase  - ObjectUpdaterThread.addNewObjectToList(): notify invoked! listUpdated: true
10987 [HeartBeatSender] TRACE com.baxter.junit.BaxterTestCase  - ObjectUpdaterThread.addNewObjectToList(): notify invoked! listUpdated: true
[2011-05-31 10:18:03,877][TRACE] - ObjectUpdaterThread.addNewObjectToList() finished... threadName: MessageSender userId: t General session isClearingList: false isWaiting: false processTime: 0
10987 [HeartBeatSender] TRACE com.baxter.junit.BaxterTestCase  - ObjectUpdaterThread.addNewObjectToList() finished... threadName: MessageSender userId: t General session isClearingList: false isWaiting: false processTime: 0
10987 [HeartBeatSender] TRACE com.baxter.junit.BaxterTestCase  - ObjectUpdaterThread.addNewObjectToList() finished... threadName: MessageSender userId: t General session isClearingList: false isWaiting: false processTime: 0
10987 [HeartBeatSender] TRACE com.baxter.junit.BaxterTestCase  - ObjectUpdaterThread.addNewObjectToList() finished... threadName: MessageSender userId: t General session isClearingList: false isWaiting: false processTime: 0
10987 [HeartBeatSender] TRACE com.baxter.junit.BaxterTestCase  - ObjectUpdaterThread.addNewObjectToList() finished... threadName: MessageSender userId: t General session isClearingList: false isWaiting: false processTime: 0
[2011-05-31 10:18:03,877][TRACE] - ObjectUpdaterThread.run() threadName: MessageSender userId: t General session objectUpdates.size: 0
10987 [MessageSender userId: t General session] TRACE com.baxter.junit.BaxterTestCase  - ObjectUpdaterThread.run() threadName: MessageSender userId: t General session objectUpdates.size: 0
10987 [MessageSender userId: t General session] TRACE com.baxter.junit.BaxterTestCase  - ObjectUpdaterThread.run() threadName: MessageSender userId: t General session objectUpdates.size: 0
10987 [MessageSender userId: t General session] TRACE com.baxter.junit.BaxterTestCase  - ObjectUpdaterThread.run() threadName: MessageSender userId: t General session objectUpdates.size: 0
10987 [MessageSender userId: t General session] TRACE com.baxter.junit.BaxterTestCase  - ObjectUpdaterThread.run() threadName: MessageSender userId: t General session objectUpdates.size: 0
[2011-05-31 10:18:03,878][TRACE] - UserSession.MessageSenderObjectUpdaterThread.processObject() message sent: Heartbeat message: TimeStamp: 1306829883876 SeqNumber: 5  userId: t General session
10988 [MessageSender userId: t General session] TRACE com.baxter.junit.BaxterTestCase  - UserSession.MessageSenderObjectUpdaterThread.processObject() message sent: Heartbeat message: TimeStamp: 1306829883876 SeqNumber: 5  userId: t General session
10988 [MessageSender userId: t General session] TRACE com.baxter.junit.BaxterTestCase  - UserSession.MessageSenderObjectUpdaterThread.processObject() message sent: Heartbeat message: TimeStamp: 1306829883876 SeqNumber: 5  userId: t General session
10988 [MessageSender userId: t General session] TRACE com.baxter.junit.BaxterTestCase  - UserSession.MessageSenderObjectUpdaterThread.processObject() message sent: Heartbeat message: TimeStamp: 1306829883876 SeqNumber: 5  userId: t General session
10988 [MessageSender userId: t General session] TRACE com.baxter.junit.BaxterTestCase  - UserSession.MessageSenderObjectUpdaterThread.processObject() message sent: Heartbeat message: TimeStamp: 1306829883876 SeqNumber: 5  userId: t General session
[2011-05-31 10:18:03,878][TRACE] - ObjectUpdaterThread.run() threadName: MessageSender userId: t General session Start waiting... ListUpdated: false
10988 [MessageSender userId: t General session] TRACE com.baxter.junit.BaxterTestCase  - ObjectUpdaterThread.run() threadName: MessageSender userId: t General session Start waiting... ListUpdated: false
10988 [MessageSender userId: t General session] TRACE com.baxter.junit.BaxterTestCase  - ObjectUpdaterThread.run() threadName: MessageSender userId: t General session Start waiting... ListUpdated: false
10988 [MessageSender userId: t General session] TRACE com.baxter.junit.BaxterTestCase  - ObjectUpdaterThread.run() threadName: MessageSender userId: t General session Start waiting... ListUpdated: false
10988 [MessageSender userId: t General session] TRACE com.baxter.junit.BaxterTestCase  - ObjectUpdaterThread.run() threadName: MessageSender userId: t General session Start waiting... ListUpdated: false
[2011-05-31 10:18:05,082][DEBUG] - test end.
12192 [main] DEBUG com.baxter.junit.BaxterTestCase  - test end.
12192 [main] DEBUG com.baxter.junit.BaxterTestCase  - test end.
12192 [main] DEBUG com.baxter.junit.BaxterTestCase  - test end.
12192 [main] DEBUG com.baxter.junit.BaxterTestCase  - test end.
[2011-05-31 10:18:05,082][DEBUG] - ObjectUpdaterThread.stopService() is invoked... threadName: com.baxter.cdtradesupervisor.UserSession$MessageReceiverObjectUpdaterThread
12192 [main] DEBUG com.baxter.junit.BaxterTestCase  - ObjectUpdaterThread.stopService() is invoked... threadName: com.baxter.cdtradesupervisor.UserSession$MessageReceiverObjectUpdaterThread
12192 [main] DEBUG com.baxter.junit.BaxterTestCase  - ObjectUpdaterThread.stopService() is invoked... threadName: com.baxter.cdtradesupervisor.UserSession$MessageReceiverObjectUpdaterThread
12192 [main] DEBUG com.baxter.junit.BaxterTestCase  - ObjectUpdaterThread.stopService() is invoked... threadName: com.baxter.cdtradesupervisor.UserSession$MessageReceiverObjectUpdaterThread
12192 [main] DEBUG com.baxter.junit.BaxterTestCase  - ObjectUpdaterThread.stopService() is invoked... threadName: com.baxter.cdtradesupervisor.UserSession$MessageReceiverObjectUpdaterThread
[2011-05-31 10:18:05,082][DEBUG] - ObjectUpdaterThread.stopService() is invoked... threadName: com.baxter.cdtradesupervisor.UserSession$MessageSenderObjectUpdaterThread
12192 [main] DEBUG com.baxter.junit.BaxterTestCase  - ObjectUpdaterThread.stopService() is invoked... threadName: com.baxter.cdtradesupervisor.UserSession$MessageSenderObjectUpdaterThread
12192 [main] DEBUG com.baxter.junit.BaxterTestCase  - ObjectUpdaterThread.stopService() is invoked... threadName: com.baxter.cdtradesupervisor.UserSession$MessageSenderObjectUpdaterThread
12192 [main] DEBUG com.baxter.junit.BaxterTestCase  - ObjectUpdaterThread.stopService() is invoked... threadName: com.baxter.cdtradesupervisor.UserSession$MessageSenderObjectUpdaterThread
12192 [main] DEBUG com.baxter.junit.BaxterTestCase  - ObjectUpdaterThread.stopService() is invoked... threadName: com.baxter.cdtradesupervisor.UserSession$MessageSenderObjectUpdaterThread
</system-out>
    <system-err>Converted relativePath: /conf/jms_JUnit.ini to: /home/mnyeste/workspaces/cd/cdv2/target/test-classes/conf/jms_JUnit.ini
Converted relativePath: /conf/jms_JUnit.ini to: /home/mnyeste/workspaces/cd/cdv2/target/test-classes/conf/jms_JUnit.ini
Converted relativePath: /conf/jms_JUnit.ini to: /home/mnyeste/workspaces/cd/cdv2/target/test-classes/conf/jms_JUnit.ini
</system-err>
  </testcase>
  <testcase time="0.063" classname="com.baxter.cdtradesupervisor.TestUserSession" name="testbelongsToThisSession"/>
</testsuite>